<?xml version="1.0" encoding="UTF-8"?>
<testsuite name="com.dmdev.spring.integration.database.repository.CompanyRepositoryTest" tests="1" skipped="0" failures="1" errors="0" timestamp="2023-12-26T19:04:12" hostname="DESKTOP-I2KIHUG" time="0.166">
  <properties/>
  <testcase name="initializationError" classname="com.dmdev.spring.integration.database.repository.CompanyRepositoryTest" time="0.166">
    <failure message="org.testcontainers.containers.ContainerLaunchException: Container startup failed for image postgres:16.1" type="org.testcontainers.containers.ContainerLaunchException">org.testcontainers.containers.ContainerLaunchException: Container startup failed for image postgres:16.1
	at app//org.testcontainers.containers.GenericContainer.doStart(GenericContainer.java:349)
	at app//org.testcontainers.containers.GenericContainer.start(GenericContainer.java:322)
	at app//com.dmdev.spring.integration.IntegrationTestBase.runContainer(IntegrationTestBase.java:18)
	at java.base@17/jdk.internal.reflect.NativeMethodAccessorImpl.invoke0(Native Method)
	at java.base@17/jdk.internal.reflect.NativeMethodAccessorImpl.invoke(NativeMethodAccessorImpl.java:77)
	at java.base@17/jdk.internal.reflect.DelegatingMethodAccessorImpl.invoke(DelegatingMethodAccessorImpl.java:43)
	at java.base@17/java.lang.reflect.Method.invoke(Method.java:568)
	at app//org.junit.platform.commons.util.ReflectionUtils.invokeMethod(ReflectionUtils.java:725)
	at app//org.junit.jupiter.engine.execution.MethodInvocation.proceed(MethodInvocation.java:60)
	at app//org.junit.jupiter.engine.execution.InvocationInterceptorChain$ValidatingInvocation.proceed(InvocationInterceptorChain.java:131)
	at app//org.junit.jupiter.engine.extension.TimeoutExtension.intercept(TimeoutExtension.java:149)
	at app//org.junit.jupiter.engine.extension.TimeoutExtension.interceptLifecycleMethod(TimeoutExtension.java:126)
	at app//org.junit.jupiter.engine.extension.TimeoutExtension.interceptBeforeAllMethod(TimeoutExtension.java:68)
	at app//org.junit.jupiter.engine.execution.ExecutableInvoker$ReflectiveInterceptorCall.lambda$ofVoidMethod$0(ExecutableInvoker.java:115)
	at app//org.junit.jupiter.engine.execution.ExecutableInvoker.lambda$invoke$0(ExecutableInvoker.java:105)
	at app//org.junit.jupiter.engine.execution.InvocationInterceptorChain$InterceptedInvocation.proceed(InvocationInterceptorChain.java:106)
	at app//org.junit.jupiter.engine.execution.InvocationInterceptorChain.proceed(InvocationInterceptorChain.java:64)
	at app//org.junit.jupiter.engine.execution.InvocationInterceptorChain.chainAndInvoke(InvocationInterceptorChain.java:45)
	at app//org.junit.jupiter.engine.execution.InvocationInterceptorChain.invoke(InvocationInterceptorChain.java:37)
	at app//org.junit.jupiter.engine.execution.ExecutableInvoker.invoke(ExecutableInvoker.java:104)
	at app//org.junit.jupiter.engine.execution.ExecutableInvoker.invoke(ExecutableInvoker.java:98)
	at app//org.junit.jupiter.engine.descriptor.ClassBasedTestDescriptor.lambda$invokeBeforeAllMethods$11(ClassBasedTestDescriptor.java:397)
	at app//org.junit.platform.engine.support.hierarchical.ThrowableCollector.execute(ThrowableCollector.java:73)
	at app//org.junit.jupiter.engine.descriptor.ClassBasedTestDescriptor.invokeBeforeAllMethods(ClassBasedTestDescriptor.java:395)
	at app//org.junit.jupiter.engine.descriptor.ClassBasedTestDescriptor.before(ClassBasedTestDescriptor.java:209)
	at app//org.junit.jupiter.engine.descriptor.ClassBasedTestDescriptor.before(ClassBasedTestDescriptor.java:80)
	at app//org.junit.platform.engine.support.hierarchical.NodeTestTask.lambda$executeRecursively$6(NodeTestTask.java:148)
	at app//org.junit.platform.engine.support.hierarchical.ThrowableCollector.execute(ThrowableCollector.java:73)
	at app//org.junit.platform.engine.support.hierarchical.NodeTestTask.lambda$executeRecursively$8(NodeTestTask.java:141)
	at app//org.junit.platform.engine.support.hierarchical.Node.around(Node.java:137)
	at app//org.junit.platform.engine.support.hierarchical.NodeTestTask.lambda$executeRecursively$9(NodeTestTask.java:139)
	at app//org.junit.platform.engine.support.hierarchical.ThrowableCollector.execute(ThrowableCollector.java:73)
	at app//org.junit.platform.engine.support.hierarchical.NodeTestTask.executeRecursively(NodeTestTask.java:138)
	at app//org.junit.platform.engine.support.hierarchical.NodeTestTask.execute(NodeTestTask.java:95)
	at java.base@17/java.util.ArrayList.forEach(ArrayList.java:1511)
	at app//org.junit.platform.engine.support.hierarchical.SameThreadHierarchicalTestExecutorService.invokeAll(SameThreadHierarchicalTestExecutorService.java:41)
	at app//org.junit.platform.engine.support.hierarchical.NodeTestTask.lambda$executeRecursively$6(NodeTestTask.java:155)
	at app//org.junit.platform.engine.support.hierarchical.ThrowableCollector.execute(ThrowableCollector.java:73)
	at app//org.junit.platform.engine.support.hierarchical.NodeTestTask.lambda$executeRecursively$8(NodeTestTask.java:141)
	at app//org.junit.platform.engine.support.hierarchical.Node.around(Node.java:137)
	at app//org.junit.platform.engine.support.hierarchical.NodeTestTask.lambda$executeRecursively$9(NodeTestTask.java:139)
	at app//org.junit.platform.engine.support.hierarchical.ThrowableCollector.execute(ThrowableCollector.java:73)
	at app//org.junit.platform.engine.support.hierarchical.NodeTestTask.executeRecursively(NodeTestTask.java:138)
	at app//org.junit.platform.engine.support.hierarchical.NodeTestTask.execute(NodeTestTask.java:95)
	at app//org.junit.platform.engine.support.hierarchical.SameThreadHierarchicalTestExecutorService.submit(SameThreadHierarchicalTestExecutorService.java:35)
	at app//org.junit.platform.engine.support.hierarchical.HierarchicalTestExecutor.execute(HierarchicalTestExecutor.java:57)
	at app//org.junit.platform.engine.support.hierarchical.HierarchicalTestEngine.execute(HierarchicalTestEngine.java:54)
	at org.junit.platform.launcher.core.EngineExecutionOrchestrator.execute(EngineExecutionOrchestrator.java:108)
	at org.junit.platform.launcher.core.EngineExecutionOrchestrator.execute(EngineExecutionOrchestrator.java:88)
	at org.junit.platform.launcher.core.EngineExecutionOrchestrator.lambda$execute$0(EngineExecutionOrchestrator.java:54)
	at org.junit.platform.launcher.core.EngineExecutionOrchestrator.withInterceptedStreams(EngineExecutionOrchestrator.java:67)
	at org.junit.platform.launcher.core.EngineExecutionOrchestrator.execute(EngineExecutionOrchestrator.java:52)
	at org.junit.platform.launcher.core.DefaultLauncher.execute(DefaultLauncher.java:96)
	at org.junit.platform.launcher.core.DefaultLauncher.execute(DefaultLauncher.java:75)
	at org.gradle.api.internal.tasks.testing.junitplatform.JUnitPlatformTestClassProcessor$CollectAllTestClassesExecutor.processAllTestClasses(JUnitPlatformTestClassProcessor.java:99)
	at org.gradle.api.internal.tasks.testing.junitplatform.JUnitPlatformTestClassProcessor$CollectAllTestClassesExecutor.access$000(JUnitPlatformTestClassProcessor.java:79)
	at org.gradle.api.internal.tasks.testing.junitplatform.JUnitPlatformTestClassProcessor.stop(JUnitPlatformTestClassProcessor.java:75)
	at org.gradle.api.internal.tasks.testing.SuiteTestClassProcessor.stop(SuiteTestClassProcessor.java:61)
	at java.base@17/jdk.internal.reflect.NativeMethodAccessorImpl.invoke0(Native Method)
	at java.base@17/jdk.internal.reflect.NativeMethodAccessorImpl.invoke(NativeMethodAccessorImpl.java:77)
	at java.base@17/jdk.internal.reflect.DelegatingMethodAccessorImpl.invoke(DelegatingMethodAccessorImpl.java:43)
	at java.base@17/java.lang.reflect.Method.invoke(Method.java:568)
	at org.gradle.internal.dispatch.ReflectionDispatch.dispatch(ReflectionDispatch.java:36)
	at org.gradle.internal.dispatch.ReflectionDispatch.dispatch(ReflectionDispatch.java:24)
	at org.gradle.internal.dispatch.ContextClassLoaderDispatch.dispatch(ContextClassLoaderDispatch.java:33)
	at org.gradle.internal.dispatch.ProxyDispatchAdapter$DispatchingInvocationHandler.invoke(ProxyDispatchAdapter.java:94)
	at jdk.proxy1/jdk.proxy1.$Proxy2.stop(Unknown Source)
	at org.gradle.api.internal.tasks.testing.worker.TestWorker$3.run(TestWorker.java:193)
	at org.gradle.api.internal.tasks.testing.worker.TestWorker.executeAndMaintainThreadName(TestWorker.java:129)
	at org.gradle.api.internal.tasks.testing.worker.TestWorker.execute(TestWorker.java:100)
	at org.gradle.api.internal.tasks.testing.worker.TestWorker.execute(TestWorker.java:60)
	at org.gradle.process.internal.worker.child.ActionExecutionWorker.execute(ActionExecutionWorker.java:56)
	at org.gradle.process.internal.worker.child.SystemApplicationClassLoaderWorker.call(SystemApplicationClassLoaderWorker.java:133)
	at org.gradle.process.internal.worker.child.SystemApplicationClassLoaderWorker.call(SystemApplicationClassLoaderWorker.java:71)
	at app//worker.org.gradle.process.internal.worker.GradleWorkerMain.run(GradleWorkerMain.java:69)
	at app//worker.org.gradle.process.internal.worker.GradleWorkerMain.main(GradleWorkerMain.java:74)
Caused by: org.testcontainers.containers.ContainerFetchException: Can't get Docker image: RemoteDockerImage(imageName=postgres:16.1, imagePullPolicy=DefaultPullPolicy(), imageNameSubstitutor=org.testcontainers.utility.ImageNameSubstitutor$LogWrappedImageNameSubstitutor@63c12e52)
	at app//org.testcontainers.containers.GenericContainer.getDockerImageName(GenericContainer.java:1408)
	at app//org.testcontainers.containers.GenericContainer.logger(GenericContainer.java:662)
	at app//org.testcontainers.containers.GenericContainer.doStart(GenericContainer.java:331)
	... 75 more
Caused by: org.testcontainers.containers.ContainerFetchException: Failed to pull image: postgres:16.1
	at app//org.testcontainers.images.RemoteDockerImage.resolve(RemoteDockerImage.java:119)
	at app//org.testcontainers.images.RemoteDockerImage.resolve(RemoteDockerImage.java:28)
	at app//org.testcontainers.utility.LazyFuture.getResolvedValue(LazyFuture.java:19)
	at app//org.testcontainers.utility.LazyFuture.get(LazyFuture.java:41)
	at app//org.testcontainers.containers.GenericContainer.getDockerImageName(GenericContainer.java:1406)
	... 77 more
Caused by: java.lang.InterruptedException
	at java.base/java.util.concurrent.locks.AbstractQueuedSynchronizer.acquireSharedInterruptibly(AbstractQueuedSynchronizer.java:1048)
	at java.base/java.util.concurrent.CountDownLatch.await(CountDownLatch.java:230)
	at com.github.dockerjava.api.async.ResultCallbackTemplate.awaitCompletion(ResultCallbackTemplate.java:91)
	at org.testcontainers.images.TimeLimitedLoggedPullImageResultCallback.awaitCompletion(TimeLimitedLoggedPullImageResultCallback.java:58)
	at org.testcontainers.images.RemoteDockerImage.resolve(RemoteDockerImage.java:90)
	... 81 more
</failure>
  </testcase>
  <system-out><![CDATA[21:21:23.589 [Test worker] DEBUG org.springframework.test.context.BootstrapUtils - Instantiating CacheAwareContextLoaderDelegate from class [org.springframework.test.context.cache.DefaultCacheAwareContextLoaderDelegate]
21:21:23.674 [Test worker] DEBUG org.springframework.test.context.BootstrapUtils - Instantiating BootstrapContext using constructor [public org.springframework.test.context.support.DefaultBootstrapContext(java.lang.Class,org.springframework.test.context.CacheAwareContextLoaderDelegate)]
21:21:23.877 [Test worker] DEBUG org.springframework.test.context.BootstrapUtils - Instantiating TestContextBootstrapper for test class [com.dmdev.spring.integration.database.repository.CompanyRepositoryTest] from class [org.springframework.boot.test.context.SpringBootTestContextBootstrapper]
21:21:24.065 [Test worker] INFO org.springframework.boot.test.context.SpringBootTestContextBootstrapper - Neither @ContextConfiguration nor @ContextHierarchy found for test class [com.dmdev.spring.integration.database.repository.CompanyRepositoryTest], using SpringBootContextLoader
21:21:24.087 [Test worker] DEBUG org.springframework.test.context.support.AbstractContextLoader - Did not detect default resource location for test class [com.dmdev.spring.integration.database.repository.CompanyRepositoryTest]: class path resource [com/dmdev/spring/integration/database/repository/CompanyRepositoryTest-context.xml] does not exist
21:21:24.088 [Test worker] DEBUG org.springframework.test.context.support.AbstractContextLoader - Did not detect default resource location for test class [com.dmdev.spring.integration.database.repository.CompanyRepositoryTest]: class path resource [com/dmdev/spring/integration/database/repository/CompanyRepositoryTestContext.groovy] does not exist
21:21:24.089 [Test worker] INFO org.springframework.test.context.support.AbstractContextLoader - Could not detect default resource locations for test class [com.dmdev.spring.integration.database.repository.CompanyRepositoryTest]: no resource found for suffixes {-context.xml, Context.groovy}.
21:21:24.701 [Test worker] DEBUG org.springframework.context.annotation.ClassPathScanningCandidateComponentProvider - Identified candidate component class: file [E:\IdeaProjects\spring-starter2\build\classes\java\main\com\dmdev\spring\ApplicationRunner.class]
21:21:24.703 [Test worker] INFO org.springframework.boot.test.context.SpringBootTestContextBootstrapper - Found @SpringBootConfiguration com.dmdev.spring.ApplicationRunner for test class com.dmdev.spring.integration.database.repository.CompanyRepositoryTest
21:21:25.421 [Test worker] DEBUG org.springframework.boot.test.context.SpringBootTestContextBootstrapper - @TestExecutionListeners is not present for class [com.dmdev.spring.integration.database.repository.CompanyRepositoryTest]: using defaults.
21:21:25.422 [Test worker] INFO org.springframework.boot.test.context.SpringBootTestContextBootstrapper - Loaded default TestExecutionListener class names from location [META-INF/spring.factories]: [org.springframework.boot.test.autoconfigure.restdocs.RestDocsTestExecutionListener, org.springframework.boot.test.autoconfigure.web.client.MockRestServiceServerResetTestExecutionListener, org.springframework.boot.test.autoconfigure.web.servlet.MockMvcPrintOnlyOnFailureTestExecutionListener, org.springframework.boot.test.autoconfigure.web.servlet.WebDriverTestExecutionListener, org.springframework.boot.test.autoconfigure.webservices.client.MockWebServiceServerTestExecutionListener, org.springframework.boot.test.mock.mockito.MockitoTestExecutionListener, org.springframework.boot.test.mock.mockito.ResetMocksTestExecutionListener, org.springframework.test.context.web.ServletTestExecutionListener, org.springframework.test.context.support.DirtiesContextBeforeModesTestExecutionListener, org.springframework.test.context.event.ApplicationEventsTestExecutionListener, org.springframework.test.context.support.DependencyInjectionTestExecutionListener, org.springframework.test.context.support.DirtiesContextTestExecutionListener, org.springframework.test.context.transaction.TransactionalTestExecutionListener, org.springframework.test.context.jdbc.SqlScriptsTestExecutionListener, org.springframework.test.context.event.EventPublishingTestExecutionListener]
21:21:25.441 [Test worker] DEBUG org.springframework.boot.test.context.SpringBootTestContextBootstrapper - Skipping candidate TestExecutionListener [org.springframework.test.context.web.ServletTestExecutionListener] due to a missing dependency. Specify custom listener classes or make the default listener classes and their required dependencies available. Offending class: [javax/servlet/ServletContext]
21:21:25.480 [Test worker] INFO org.springframework.boot.test.context.SpringBootTestContextBootstrapper - Using TestExecutionListeners: [org.springframework.test.context.support.DirtiesContextBeforeModesTestExecutionListener@46c670a6, org.springframework.test.context.event.ApplicationEventsTestExecutionListener@59fc684e, org.springframework.boot.test.mock.mockito.MockitoTestExecutionListener@5ae81e1, org.springframework.boot.test.autoconfigure.SpringBootDependencyInjectionTestExecutionListener@2fd1731c, org.springframework.test.context.support.DirtiesContextTestExecutionListener@5ae76500, org.springframework.test.context.transaction.TransactionalTestExecutionListener@6063d80a, org.springframework.test.context.jdbc.SqlScriptsTestExecutionListener@1133ec6e, org.springframework.test.context.event.EventPublishingTestExecutionListener@355e34c7, org.springframework.boot.test.autoconfigure.restdocs.RestDocsTestExecutionListener@54709809, org.springframework.boot.test.autoconfigure.web.client.MockRestServiceServerResetTestExecutionListener@2a2da905, org.springframework.boot.test.autoconfigure.web.servlet.MockMvcPrintOnlyOnFailureTestExecutionListener@24f360b2, org.springframework.boot.test.autoconfigure.web.servlet.WebDriverTestExecutionListener@60cf80e7, org.springframework.boot.test.autoconfigure.webservices.client.MockWebServiceServerTestExecutionListener@302fec27, org.springframework.boot.test.mock.mockito.ResetMocksTestExecutionListener@770d0ea6]
21:21:25.490 [Test worker] DEBUG org.springframework.test.context.support.AbstractDirtiesContextTestExecutionListener - Before test class: context [DefaultTestContext@7a138fc5 testClass = CompanyRepositoryTest, testInstance = [null], testMethod = [null], testException = [null], mergedContextConfiguration = [MergedContextConfiguration@379ab47b testClass = CompanyRepositoryTest, locations = '{}', classes = '{class com.dmdev.spring.ApplicationRunner, class com.dmdev.spring.integration.TestApplicationRunner}', contextInitializerClasses = '[]', activeProfiles = '{test}', propertySourceLocations = '{}', propertySourceProperties = '{org.springframework.boot.test.context.SpringBootTestContextBootstrapper=true}', contextCustomizers = set[org.springframework.boot.test.autoconfigure.actuate.metrics.MetricsExportContextCustomizerFactory$DisableMetricExportContextCustomizer@687ef2e0, org.springframework.boot.test.autoconfigure.properties.PropertyMappingContextCustomizer@0, org.springframework.boot.test.autoconfigure.web.servlet.WebDriverContextCustomizerFactory$Customizer@6179e425, org.springframework.boot.test.context.filter.ExcludeFilterContextCustomizer@6fe1b4fb, org.springframework.boot.test.json.DuplicateJsonObjectContextCustomizerFactory$DuplicateJsonObjectContextCustomizer@6399551e, org.springframework.boot.test.mock.mockito.MockitoContextCustomizer@0, org.springframework.boot.test.web.client.TestRestTemplateContextCustomizer@66fdec9, org.springframework.test.context.support.DynamicPropertiesContextCustomizer@156a8867, org.springframework.boot.test.context.SpringBootTestArgs@1, org.springframework.boot.test.context.SpringBootTestWebEnvironment@f5acb9d], contextLoader = 'org.springframework.boot.test.context.SpringBootContextLoader', parent = [null]], attributes = map[[empty]]], class annotated with @DirtiesContext [false] with mode [null].
21:21:25.715 [Test worker] DEBUG org.testcontainers.utility.TestcontainersConfiguration - Testcontainers configuration overrides will be loaded from file:/C:/Users/Bato0n4ik/.testcontainers.properties
21:21:25.734 [Test worker] INFO org.testcontainers.utility.ImageNameSubstitutor - Image name substitution will be performed by: DefaultImageNameSubstitutor (composite of 'ConfigurationFileImageNameSubstitutor' and 'PrefixingImageNameSubstitutor')
21:21:27.384 [Test worker] INFO org.testcontainers.dockerclient.DockerClientProviderStrategy - Loaded org.testcontainers.dockerclient.NpipeSocketClientProviderStrategy from ~/.testcontainers.properties, will try it first
21:21:27.388 [Test worker] DEBUG org.testcontainers.dockerclient.DockerClientProviderStrategy - Trying out strategy: NpipeSocketClientProviderStrategy
21:21:28.637 [Test worker] DEBUG org.testcontainers.shaded.com.github.dockerjava.core.command.AbstrDockerCmd - Cmd: 
21:21:28.903 [Test worker] DEBUG com.github.dockerjava.zerodep.shaded.org.apache.hc.client5.http.impl.classic.InternalHttpClient - ex-00000001: preparing request execution
21:21:28.914 [Test worker] DEBUG com.github.dockerjava.zerodep.shaded.org.apache.hc.client5.http.protocol.RequestAddCookies - Cookie spec selected: strict
21:21:28.924 [Test worker] DEBUG com.github.dockerjava.zerodep.shaded.org.apache.hc.client5.http.protocol.RequestAuthCache - Auth cache not set in the context
21:21:28.925 [Test worker] DEBUG com.github.dockerjava.zerodep.shaded.org.apache.hc.client5.http.impl.classic.ProtocolExec - ex-00000001: target auth state: UNCHALLENGED
21:21:28.926 [Test worker] DEBUG com.github.dockerjava.zerodep.shaded.org.apache.hc.client5.http.impl.classic.ProtocolExec - ex-00000001: proxy auth state: UNCHALLENGED
21:21:28.926 [Test worker] DEBUG com.github.dockerjava.zerodep.shaded.org.apache.hc.client5.http.impl.classic.ConnectExec - ex-00000001: acquiring connection with route {}->npipe://localhost:2375
21:21:28.927 [Test worker] DEBUG com.github.dockerjava.zerodep.shaded.org.apache.hc.client5.http.impl.classic.InternalHttpClient - ex-00000001: acquiring endpoint (3 MINUTES)
21:21:28.930 [Test worker] DEBUG com.github.dockerjava.zerodep.shaded.org.apache.hc.client5.http.impl.io.PoolingHttpClientConnectionManager - ex-00000001: endpoint lease request (3 MINUTES) [route: {}->npipe://localhost:2375][total available: 0; route allocated: 0 of 2147483647; total allocated: 0 of 2147483647]
21:21:28.939 [Test worker] DEBUG com.github.dockerjava.zerodep.shaded.org.apache.hc.client5.http.impl.io.PoolingHttpClientConnectionManager - ex-00000001: endpoint leased [route: {}->npipe://localhost:2375][total available: 0; route allocated: 1 of 2147483647; total allocated: 1 of 2147483647]
21:21:28.957 [Test worker] DEBUG com.github.dockerjava.zerodep.shaded.org.apache.hc.client5.http.impl.io.PoolingHttpClientConnectionManager - ex-00000001: acquired ep-00000000
21:21:28.958 [Test worker] DEBUG com.github.dockerjava.zerodep.shaded.org.apache.hc.client5.http.impl.classic.InternalHttpClient - ex-00000001: acquired endpoint ep-00000000
21:21:28.958 [Test worker] DEBUG com.github.dockerjava.zerodep.shaded.org.apache.hc.client5.http.impl.classic.ConnectExec - ex-00000001: opening connection {}->npipe://localhost:2375
21:21:28.959 [Test worker] DEBUG com.github.dockerjava.zerodep.shaded.org.apache.hc.client5.http.impl.classic.InternalHttpClient - ep-00000000: connecting endpoint (3 MINUTES)
21:21:28.960 [Test worker] DEBUG com.github.dockerjava.zerodep.shaded.org.apache.hc.client5.http.impl.io.PoolingHttpClientConnectionManager - ep-00000000: connecting endpoint to npipe://localhost:2375 (3 MINUTES)
21:21:28.994 [Test worker] DEBUG com.github.dockerjava.zerodep.shaded.org.apache.hc.client5.http.impl.io.DefaultHttpClientConnectionOperator - http-outgoing-0: connecting to localhost/127.0.0.1:2375
21:21:28.996 [Test worker] DEBUG com.github.dockerjava.zerodep.shaded.org.apache.hc.client5.http.impl.io.DefaultHttpClientConnectionOperator - http-outgoing-0: connection established 
21:21:28.996 [Test worker] DEBUG com.github.dockerjava.zerodep.shaded.org.apache.hc.client5.http.impl.io.PoolingHttpClientConnectionManager - ep-00000000: connected http-outgoing-0
21:21:28.996 [Test worker] DEBUG com.github.dockerjava.zerodep.shaded.org.apache.hc.client5.http.impl.classic.InternalHttpClient - ep-00000000: endpoint connected
21:21:28.997 [Test worker] DEBUG com.github.dockerjava.zerodep.shaded.org.apache.hc.client5.http.impl.classic.MainClientExec - ex-00000001: executing GET /v1.32/info HTTP/1.1
21:21:28.998 [Test worker] DEBUG com.github.dockerjava.zerodep.shaded.org.apache.hc.client5.http.impl.classic.InternalHttpClient - ep-00000000: start execution ex-00000001
21:21:29.001 [Test worker] DEBUG com.github.dockerjava.zerodep.shaded.org.apache.hc.client5.http.impl.io.PoolingHttpClientConnectionManager - ep-00000000: executing exchange ex-00000001 over http-outgoing-0
21:21:29.026 [Test worker] DEBUG com.github.dockerjava.zerodep.shaded.org.apache.hc.client5.http.headers - http-outgoing-0 >> GET /v1.32/info HTTP/1.1
21:21:29.027 [Test worker] DEBUG com.github.dockerjava.zerodep.shaded.org.apache.hc.client5.http.headers - http-outgoing-0 >> x-tc-sid: 029223a2-cbcc-4152-a4af-44e10b2f5a25
21:21:29.027 [Test worker] DEBUG com.github.dockerjava.zerodep.shaded.org.apache.hc.client5.http.headers - http-outgoing-0 >> Accept-Encoding: gzip, x-gzip, deflate
21:21:29.027 [Test worker] DEBUG com.github.dockerjava.zerodep.shaded.org.apache.hc.client5.http.headers - http-outgoing-0 >> Host: localhost:2375
21:21:29.027 [Test worker] DEBUG com.github.dockerjava.zerodep.shaded.org.apache.hc.client5.http.headers - http-outgoing-0 >> Connection: keep-alive
21:21:29.029 [Test worker] DEBUG com.github.dockerjava.zerodep.shaded.org.apache.hc.client5.http.headers - http-outgoing-0 >> User-Agent: Apache-HttpClient/5.0.3 (Java/17)
21:21:29.030 [Test worker] DEBUG com.github.dockerjava.zerodep.shaded.org.apache.hc.client5.http.wire - http-outgoing-0 >> "GET /v1.32/info HTTP/1.1[\r][\n]"
21:21:29.030 [Test worker] DEBUG com.github.dockerjava.zerodep.shaded.org.apache.hc.client5.http.wire - http-outgoing-0 >> "x-tc-sid: 029223a2-cbcc-4152-a4af-44e10b2f5a25[\r][\n]"
21:21:29.031 [Test worker] DEBUG com.github.dockerjava.zerodep.shaded.org.apache.hc.client5.http.wire - http-outgoing-0 >> "Accept-Encoding: gzip, x-gzip, deflate[\r][\n]"
21:21:29.031 [Test worker] DEBUG com.github.dockerjava.zerodep.shaded.org.apache.hc.client5.http.wire - http-outgoing-0 >> "Host: localhost:2375[\r][\n]"
21:21:29.031 [Test worker] DEBUG com.github.dockerjava.zerodep.shaded.org.apache.hc.client5.http.wire - http-outgoing-0 >> "Connection: keep-alive[\r][\n]"
21:21:29.032 [Test worker] DEBUG com.github.dockerjava.zerodep.shaded.org.apache.hc.client5.http.wire - http-outgoing-0 >> "User-Agent: Apache-HttpClient/5.0.3 (Java/17)[\r][\n]"
21:21:29.032 [Test worker] DEBUG com.github.dockerjava.zerodep.shaded.org.apache.hc.client5.http.wire - http-outgoing-0 >> "[\r][\n]"
21:21:44.653 [Test worker] DEBUG com.github.dockerjava.zerodep.shaded.org.apache.hc.client5.http.wire - http-outgoing-0 << "HTTP/1.1 200 OK[\r][\n]"
21:21:44.654 [Test worker] DEBUG com.github.dockerjava.zerodep.shaded.org.apache.hc.client5.http.wire - http-outgoing-0 << "Api-Version: 1.43[\r][\n]"
21:21:44.654 [Test worker] DEBUG com.github.dockerjava.zerodep.shaded.org.apache.hc.client5.http.wire - http-outgoing-0 << "Content-Type: application/json[\r][\n]"
21:21:44.654 [Test worker] DEBUG com.github.dockerjava.zerodep.shaded.org.apache.hc.client5.http.wire - http-outgoing-0 << "Date: Tue, 26 Dec 2023 18:21:44 GMT[\r][\n]"
21:21:44.655 [Test worker] DEBUG com.github.dockerjava.zerodep.shaded.org.apache.hc.client5.http.wire - http-outgoing-0 << "Docker-Experimental: false[\r][\n]"
21:21:44.655 [Test worker] DEBUG com.github.dockerjava.zerodep.shaded.org.apache.hc.client5.http.wire - http-outgoing-0 << "Ostype: linux[\r][\n]"
21:21:44.655 [Test worker] DEBUG com.github.dockerjava.zerodep.shaded.org.apache.hc.client5.http.wire - http-outgoing-0 << "Server: Docker/24.0.6 (linux)[\r][\n]"
21:21:44.655 [Test worker] DEBUG com.github.dockerjava.zerodep.shaded.org.apache.hc.client5.http.wire - http-outgoing-0 << "Transfer-Encoding: chunked[\r][\n]"
21:21:44.655 [Test worker] DEBUG com.github.dockerjava.zerodep.shaded.org.apache.hc.client5.http.wire - http-outgoing-0 << "[\r][\n]"
21:21:44.663 [Test worker] DEBUG com.github.dockerjava.zerodep.shaded.org.apache.hc.client5.http.headers - http-outgoing-0 << HTTP/1.1 200 OK
21:21:44.664 [Test worker] DEBUG com.github.dockerjava.zerodep.shaded.org.apache.hc.client5.http.headers - http-outgoing-0 << Api-Version: 1.43
21:21:44.664 [Test worker] DEBUG com.github.dockerjava.zerodep.shaded.org.apache.hc.client5.http.headers - http-outgoing-0 << Content-Type: application/json
21:21:44.664 [Test worker] DEBUG com.github.dockerjava.zerodep.shaded.org.apache.hc.client5.http.headers - http-outgoing-0 << Date: Tue, 26 Dec 2023 18:21:44 GMT
21:21:44.664 [Test worker] DEBUG com.github.dockerjava.zerodep.shaded.org.apache.hc.client5.http.headers - http-outgoing-0 << Docker-Experimental: false
21:21:44.664 [Test worker] DEBUG com.github.dockerjava.zerodep.shaded.org.apache.hc.client5.http.headers - http-outgoing-0 << Ostype: linux
21:21:44.664 [Test worker] DEBUG com.github.dockerjava.zerodep.shaded.org.apache.hc.client5.http.headers - http-outgoing-0 << Server: Docker/24.0.6 (linux)
21:21:44.665 [Test worker] DEBUG com.github.dockerjava.zerodep.shaded.org.apache.hc.client5.http.headers - http-outgoing-0 << Transfer-Encoding: chunked
21:21:44.727 [Test worker] DEBUG com.github.dockerjava.zerodep.shaded.org.apache.hc.client5.http.impl.classic.MainClientExec - ex-00000001: connection can be kept alive for 3 MINUTES
21:21:44.733 [Test worker] DEBUG com.github.dockerjava.zerodep.shaded.org.apache.hc.client5.http.wire - http-outgoing-0 << "a9e[\r][\n]"
21:21:44.733 [Test worker] DEBUG com.github.dockerjava.zerodep.shaded.org.apache.hc.client5.http.wire - http-outgoing-0 << "{"ID":"45ee416f-723e-4f3a-a88e-7f4cf84ec227","Containers":0,"ContainersRunning":0,"ContainersPaused":0,"ContainersStopped":0,"Images":0,"Driver":"overlay2","DriverStatus":[["Backing Filesystem","extfs"],["Supports d_type","true"],["Using metacopy","false"],["Native Overlay Diff","true"],["userxattr","false"]],"Plugins":{"Volume":["local"],"Network":["bridge","host","ipvlan","macvlan","null","overlay"],"Authorization":null,"Log":["awslogs","fluentd","gcplogs","gelf","journald","json-file","local","logentries","splunk","syslog"]},"MemoryLimit":true,"SwapLimit":true,"KernelMemory":true,"KernelMemoryTCP":true,"CpuCfsPeriod":true,"CpuCfsQuota":true,"CPUShares":true,"CPUSet":true,"PidsLimit":true,"IPv4Forwarding":true,"BridgeNfIptables":true,"BridgeNfIp6tables":true,"Debug":false,"NFd":53,"OomKillDisable":true,"NGoroutines":84,"SystemTime":"2023-12-26T18:21:30.642313134Z","LoggingDriver":"json-file","CgroupDriver":"cgroupfs","CgroupVersion":"1","NEventsListener":19,"KernelVersion":"5.15.133.1-microsoft-standard-WSL2","OperatingSystem":"Docker Desktop","OSVersion":"","OSType":"linux","Architecture":"x86_64","IndexServerAddress":"https://index.docker.io/v1/","RegistryConfig":{"AllowNondistributableArtifactsCIDRs":null,"AllowNondistributableArtifactsHostnames":null,"InsecureRegistryCIDRs":["127.0.0.0/8"],"IndexConfigs":{"docker.io":{"Name":"docker.io","Mirrors":[],"Secure":true,"Official":true},"hubproxy.docker.internal:5555":{"Name":"hubproxy.docker.internal:5555","Mirrors":[],"Secure":false,"Official":false}},"Mirrors":null},"NCPU":4,"MemTotal":2009657344,"GenericResources":null,"DockerRootDir":"/var/lib/docker","HttpProxy":"http.docker.internal:3128","HttpsProxy":"http.docker.internal:3128","NoProxy":"hubproxy.docker.internal","Name":"DESKTOP-I2KIHUG","Labels":[],"ExperimentalBuild":false,"ServerVersion":"24.0.6","Runtimes":{"io.containerd.runc.v2":{"path":"runc"},"runc":{"path":"runc"}},"DefaultRuntime":"runc","Swarm":{"NodeID":"","NodeAddr":"","LocalNodeState":"inactive","ControlAvailable":false,"Error":"","RemoteManagers":null},"LiveRestoreEnabled":false,"Isolation":"","InitBinary":"docker-init","ContainerdCommit":{"ID":"8165feabfdfe38c65b599c4993d227328c231fca","Expected":"8165feabfdfe38c65b599c4993d227328c231fca"},"RuncCommit":{"ID":"v1.1.8-0-g82f18fe","Expected":"v1.1.8-0-g82f18fe"},"InitCommit":{"ID":"de40ad0","Expected":"de40ad0"},"SecurityOptions":["name=seccomp,profile=unconfined"],"Warnings":["WARNING: No blkio throttle.read_bps_device support","WARNING: No blkio throttle.write_bps_device support","WARNING: No blkio throttle.read_iops_device support","WARNING: No blkio throttle.write_iops_device support","WARNING: daemon is not using the default seccomp profile"]}[\n]"
21:21:44.733 [Test worker] DEBUG com.github.dockerjava.zerodep.shaded.org.apache.hc.client5.http.wire - http-outgoing-0 << "[\r][\n]"
21:21:45.148 [Test worker] DEBUG com.github.dockerjava.zerodep.shaded.org.apache.hc.client5.http.wire - http-outgoing-0 << "0[\r][\n]"
21:21:45.149 [Test worker] DEBUG com.github.dockerjava.zerodep.shaded.org.apache.hc.client5.http.wire - http-outgoing-0 << "[\r][\n]"
21:21:45.149 [Test worker] DEBUG com.github.dockerjava.zerodep.shaded.org.apache.hc.client5.http.impl.classic.InternalHttpClient - ep-00000000: releasing valid endpoint
21:21:45.150 [Test worker] DEBUG com.github.dockerjava.zerodep.shaded.org.apache.hc.client5.http.impl.io.PoolingHttpClientConnectionManager - ep-00000000: releasing endpoint
21:21:45.150 [Test worker] DEBUG com.github.dockerjava.zerodep.shaded.org.apache.hc.client5.http.impl.io.PoolingHttpClientConnectionManager - ep-00000000: connection http-outgoing-0 can be kept alive for 3 MINUTES
21:21:45.151 [Test worker] DEBUG com.github.dockerjava.zerodep.shaded.org.apache.hc.client5.http.impl.io.PoolingHttpClientConnectionManager - ep-00000000: connection released [route: {}->npipe://localhost:2375][total available: 1; route allocated: 1 of 2147483647; total allocated: 1 of 2147483647]
21:21:45.152 [Test worker] INFO org.testcontainers.dockerclient.DockerClientProviderStrategy - Found Docker environment with local Npipe socket (npipe:////./pipe/docker_engine)
21:21:45.153 [Test worker] DEBUG org.testcontainers.dockerclient.DockerClientProviderStrategy - Transport type: 'httpclient5', Docker host: 'npipe:////./pipe/docker_engine'
21:21:45.153 [Test worker] DEBUG org.testcontainers.dockerclient.DockerClientProviderStrategy - Checking Docker OS type for local Npipe socket (npipe:////./pipe/docker_engine)
21:21:45.156 [Test worker] INFO org.testcontainers.DockerClientFactory - Docker host IP address is localhost
21:21:45.157 [Test worker] DEBUG org.testcontainers.DockerClientFactory - Docker info: {NGoroutines=84, Name=DESKTOP-I2KIHUG, Swarm={NodeID=, NodeAddr=, LocalNodeState=inactive, ControlAvailable=false, Error=, RemoteManagers=null}, RuncCommit={ID=v1.1.8-0-g82f18fe, Expected=v1.1.8-0-g82f18fe}, OSVersion=, Runtimes={io.containerd.runc.v2={path=runc}, runc={path=runc}}, ID=45ee416f-723e-4f3a-a88e-7f4cf84ec227, DriverStatus=[[Backing Filesystem, extfs], [Supports d_type, true], [Using metacopy, false], [Native Overlay Diff, true], [userxattr, false]], BridgeNfIptables=true, LiveRestoreEnabled=false, SystemTime=2023-12-26T18:21:30.642313134Z, NoProxy=hubproxy.docker.internal, Architecture=x86_64, NEventsListener=19, HttpsProxy=http.docker.internal:3128, Images=0, ContainersRunning=0, Labels=[], InitCommit={ID=de40ad0, Expected=de40ad0}, NFd=53, KernelVersion=5.15.133.1-microsoft-standard-WSL2, LoggingDriver=json-file, OSType=linux, SecurityOptions=[name=seccomp,profile=unconfined], ContainerdCommit={ID=8165feabfdfe38c65b599c4993d227328c231fca, Expected=8165feabfdfe38c65b599c4993d227328c231fca}, GenericResources=null, KernelMemory=true, OperatingSystem=Docker Desktop, RegistryConfig={AllowNondistributableArtifactsCIDRs=null, AllowNondistributableArtifactsHostnames=null, InsecureRegistryCIDRs=[127.0.0.0/8], IndexConfigs={docker.io={Name=docker.io, Mirrors=[], Secure=true, Official=true}, hubproxy.docker.internal:5555={Name=hubproxy.docker.internal:5555, Mirrors=[], Secure=false, Official=false}}, Mirrors=null}, ServerVersion=24.0.6, OomKillDisable=true, CpuCfsQuota=true, Containers=0, Driver=overlay2, KernelMemoryTCP=true, IPv4Forwarding=true, ExperimentalBuild=false, DockerRootDir=/var/lib/docker, CPUSet=true, CpuCfsPeriod=true, DefaultRuntime=runc, CPUShares=true, Debug=false, NCPU=4, Plugins={Volume=[local], Network=[bridge, host, ipvlan, macvlan, null, overlay], Authorization=null, Log=[awslogs, fluentd, gcplogs, gelf, journald, json-file, local, logentries, splunk, syslog]}, SwapLimit=true, CgroupDriver=cgroupfs, ContainersPaused=0, MemTotal=2009657344, IndexServerAddress=https://index.docker.io/v1/, MemoryLimit=true, HttpProxy=http.docker.internal:3128, InitBinary=docker-init, CgroupVersion=1, PidsLimit=true, Isolation=, BridgeNfIp6tables=true, Warnings=[WARNING: No blkio throttle.read_bps_device support, WARNING: No blkio throttle.write_bps_device support, WARNING: No blkio throttle.read_iops_device support, WARNING: No blkio throttle.write_iops_device support, WARNING: daemon is not using the default seccomp profile], ContainersStopped=0}
21:21:45.198 [Test worker] DEBUG org.testcontainers.shaded.com.github.dockerjava.core.command.AbstrDockerCmd - Cmd: 
21:21:45.201 [Test worker] DEBUG com.github.dockerjava.zerodep.shaded.org.apache.hc.client5.http.impl.classic.InternalHttpClient - ex-00000002: preparing request execution
21:21:45.201 [Test worker] DEBUG com.github.dockerjava.zerodep.shaded.org.apache.hc.client5.http.protocol.RequestAddCookies - Cookie spec selected: strict
21:21:45.201 [Test worker] DEBUG com.github.dockerjava.zerodep.shaded.org.apache.hc.client5.http.protocol.RequestAuthCache - Auth cache not set in the context
21:21:45.201 [Test worker] DEBUG com.github.dockerjava.zerodep.shaded.org.apache.hc.client5.http.impl.classic.ProtocolExec - ex-00000002: target auth state: UNCHALLENGED
21:21:45.202 [Test worker] DEBUG com.github.dockerjava.zerodep.shaded.org.apache.hc.client5.http.impl.classic.ProtocolExec - ex-00000002: proxy auth state: UNCHALLENGED
21:21:45.202 [Test worker] DEBUG com.github.dockerjava.zerodep.shaded.org.apache.hc.client5.http.impl.classic.ConnectExec - ex-00000002: acquiring connection with route {}->npipe://localhost:2375
21:21:45.202 [Test worker] DEBUG com.github.dockerjava.zerodep.shaded.org.apache.hc.client5.http.impl.classic.InternalHttpClient - ex-00000002: acquiring endpoint (3 MINUTES)
21:21:45.202 [Test worker] DEBUG com.github.dockerjava.zerodep.shaded.org.apache.hc.client5.http.impl.io.PoolingHttpClientConnectionManager - ex-00000002: endpoint lease request (3 MINUTES) [route: {}->npipe://localhost:2375][total available: 1; route allocated: 1 of 2147483647; total allocated: 1 of 2147483647]
21:21:45.203 [Test worker] DEBUG com.github.dockerjava.zerodep.shaded.org.apache.hc.client5.http.impl.io.PoolingHttpClientConnectionManager - ex-00000002: endpoint leased [route: {}->npipe://localhost:2375][total available: 0; route allocated: 1 of 2147483647; total allocated: 1 of 2147483647]
21:21:45.203 [Test worker] DEBUG com.github.dockerjava.zerodep.shaded.org.apache.hc.client5.http.impl.io.PoolingHttpClientConnectionManager - ex-00000002: acquired ep-00000001
21:21:45.204 [Test worker] DEBUG com.github.dockerjava.zerodep.shaded.org.apache.hc.client5.http.impl.classic.InternalHttpClient - ex-00000002: acquired endpoint ep-00000001
21:21:45.204 [Test worker] DEBUG com.github.dockerjava.zerodep.shaded.org.apache.hc.client5.http.impl.classic.MainClientExec - ex-00000002: executing GET /v1.32/version HTTP/1.1
21:21:45.204 [Test worker] DEBUG com.github.dockerjava.zerodep.shaded.org.apache.hc.client5.http.impl.classic.InternalHttpClient - ep-00000001: start execution ex-00000002
21:21:45.204 [Test worker] DEBUG com.github.dockerjava.zerodep.shaded.org.apache.hc.client5.http.impl.io.PoolingHttpClientConnectionManager - ep-00000001: executing exchange ex-00000002 over http-outgoing-0
21:21:45.204 [Test worker] DEBUG com.github.dockerjava.zerodep.shaded.org.apache.hc.client5.http.headers - http-outgoing-0 >> GET /v1.32/version HTTP/1.1
21:21:45.204 [Test worker] DEBUG com.github.dockerjava.zerodep.shaded.org.apache.hc.client5.http.headers - http-outgoing-0 >> accept: application/json
21:21:45.204 [Test worker] DEBUG com.github.dockerjava.zerodep.shaded.org.apache.hc.client5.http.headers - http-outgoing-0 >> x-tc-sid: 029223a2-cbcc-4152-a4af-44e10b2f5a25
21:21:45.205 [Test worker] DEBUG com.github.dockerjava.zerodep.shaded.org.apache.hc.client5.http.headers - http-outgoing-0 >> Accept-Encoding: gzip, x-gzip, deflate
21:21:45.205 [Test worker] DEBUG com.github.dockerjava.zerodep.shaded.org.apache.hc.client5.http.headers - http-outgoing-0 >> Host: localhost:2375
21:21:45.205 [Test worker] DEBUG com.github.dockerjava.zerodep.shaded.org.apache.hc.client5.http.headers - http-outgoing-0 >> Connection: keep-alive
21:21:45.205 [Test worker] DEBUG com.github.dockerjava.zerodep.shaded.org.apache.hc.client5.http.headers - http-outgoing-0 >> User-Agent: Apache-HttpClient/5.0.3 (Java/17)
21:21:45.205 [Test worker] DEBUG com.github.dockerjava.zerodep.shaded.org.apache.hc.client5.http.wire - http-outgoing-0 >> "GET /v1.32/version HTTP/1.1[\r][\n]"
21:21:45.205 [Test worker] DEBUG com.github.dockerjava.zerodep.shaded.org.apache.hc.client5.http.wire - http-outgoing-0 >> "accept: application/json[\r][\n]"
21:21:45.205 [Test worker] DEBUG com.github.dockerjava.zerodep.shaded.org.apache.hc.client5.http.wire - http-outgoing-0 >> "x-tc-sid: 029223a2-cbcc-4152-a4af-44e10b2f5a25[\r][\n]"
21:21:45.206 [Test worker] DEBUG com.github.dockerjava.zerodep.shaded.org.apache.hc.client5.http.wire - http-outgoing-0 >> "Accept-Encoding: gzip, x-gzip, deflate[\r][\n]"
21:21:45.206 [Test worker] DEBUG com.github.dockerjava.zerodep.shaded.org.apache.hc.client5.http.wire - http-outgoing-0 >> "Host: localhost:2375[\r][\n]"
21:21:45.206 [Test worker] DEBUG com.github.dockerjava.zerodep.shaded.org.apache.hc.client5.http.wire - http-outgoing-0 >> "Connection: keep-alive[\r][\n]"
21:21:45.206 [Test worker] DEBUG com.github.dockerjava.zerodep.shaded.org.apache.hc.client5.http.wire - http-outgoing-0 >> "User-Agent: Apache-HttpClient/5.0.3 (Java/17)[\r][\n]"
21:21:45.206 [Test worker] DEBUG com.github.dockerjava.zerodep.shaded.org.apache.hc.client5.http.wire - http-outgoing-0 >> "[\r][\n]"
21:21:46.796 [Test worker] DEBUG com.github.dockerjava.zerodep.shaded.org.apache.hc.client5.http.wire - http-outgoing-0 << "HTTP/1.1 200 OK[\r][\n]"
21:21:46.798 [Test worker] DEBUG com.github.dockerjava.zerodep.shaded.org.apache.hc.client5.http.wire - http-outgoing-0 << "Api-Version: 1.43[\r][\n]"
21:21:46.798 [Test worker] DEBUG com.github.dockerjava.zerodep.shaded.org.apache.hc.client5.http.wire - http-outgoing-0 << "Content-Type: application/json[\r][\n]"
21:21:46.799 [Test worker] DEBUG com.github.dockerjava.zerodep.shaded.org.apache.hc.client5.http.wire - http-outgoing-0 << "Date: Tue, 26 Dec 2023 18:21:46 GMT[\r][\n]"
21:21:46.799 [Test worker] DEBUG com.github.dockerjava.zerodep.shaded.org.apache.hc.client5.http.wire - http-outgoing-0 << "Docker-Experimental: false[\r][\n]"
21:21:46.800 [Test worker] DEBUG com.github.dockerjava.zerodep.shaded.org.apache.hc.client5.http.wire - http-outgoing-0 << "Ostype: linux[\r][\n]"
21:21:46.800 [Test worker] DEBUG com.github.dockerjava.zerodep.shaded.org.apache.hc.client5.http.wire - http-outgoing-0 << "Server: Docker/24.0.6 (linux)[\r][\n]"
21:21:46.801 [Test worker] DEBUG com.github.dockerjava.zerodep.shaded.org.apache.hc.client5.http.wire - http-outgoing-0 << "Transfer-Encoding: chunked[\r][\n]"
21:21:46.801 [Test worker] DEBUG com.github.dockerjava.zerodep.shaded.org.apache.hc.client5.http.wire - http-outgoing-0 << "[\r][\n]"
21:21:46.803 [Test worker] DEBUG com.github.dockerjava.zerodep.shaded.org.apache.hc.client5.http.headers - http-outgoing-0 << HTTP/1.1 200 OK
21:21:46.803 [Test worker] DEBUG com.github.dockerjava.zerodep.shaded.org.apache.hc.client5.http.headers - http-outgoing-0 << Api-Version: 1.43
21:21:46.803 [Test worker] DEBUG com.github.dockerjava.zerodep.shaded.org.apache.hc.client5.http.headers - http-outgoing-0 << Content-Type: application/json
21:21:46.804 [Test worker] DEBUG com.github.dockerjava.zerodep.shaded.org.apache.hc.client5.http.headers - http-outgoing-0 << Date: Tue, 26 Dec 2023 18:21:46 GMT
21:21:46.804 [Test worker] DEBUG com.github.dockerjava.zerodep.shaded.org.apache.hc.client5.http.headers - http-outgoing-0 << Docker-Experimental: false
21:21:46.805 [Test worker] DEBUG com.github.dockerjava.zerodep.shaded.org.apache.hc.client5.http.headers - http-outgoing-0 << Ostype: linux
21:21:46.805 [Test worker] DEBUG com.github.dockerjava.zerodep.shaded.org.apache.hc.client5.http.headers - http-outgoing-0 << Server: Docker/24.0.6 (linux)
21:21:46.806 [Test worker] DEBUG com.github.dockerjava.zerodep.shaded.org.apache.hc.client5.http.headers - http-outgoing-0 << Transfer-Encoding: chunked
21:21:46.808 [Test worker] DEBUG com.github.dockerjava.zerodep.shaded.org.apache.hc.client5.http.impl.classic.MainClientExec - ex-00000002: connection can be kept alive for 3 MINUTES
21:21:47.003 [Test worker] DEBUG com.github.dockerjava.zerodep.shaded.org.apache.hc.client5.http.wire - http-outgoing-0 << "35d[\r][\n]"
21:21:47.005 [Test worker] DEBUG com.github.dockerjava.zerodep.shaded.org.apache.hc.client5.http.wire - http-outgoing-0 << "{"Platform":{"Name":"Docker Desktop 4.25.2 (129061)"},"Components":[{"Name":"Engine","Version":"24.0.6","Details":{"ApiVersion":"1.43","Arch":"amd64","BuildTime":"2023-09-04T12:32:16.000000000+00:00","Experimental":"false","GitCommit":"1a79695","GoVersion":"go1.20.7","KernelVersion":"5.15.133.1-microsoft-standard-WSL2","MinAPIVersion":"1.12","Os":"linux"}},{"Name":"containerd","Version":"1.6.22","Details":{"GitCommit":"8165feabfdfe38c65b599c4993d227328c231fca"}},{"Name":"runc","Version":"1.1.8","Details":{"GitCommit":"v1.1.8-0-g82f18fe"}},{"Name":"docker-init","Version":"0.19.0","Details":{"GitCommit":"de40ad0"}}],"Version":"24.0.6","ApiVersion":"1.43","MinAPIVersion":"1.12","GitCommit":"1a79695","GoVersion":"go1.20.7","Os":"linux","Arch":"amd64","KernelVersion":"5.15.133.1-microsoft-standard-WSL2","BuildTime":"2023-09-04T12:32:16.000000000+00:00"}[\n]"
21:21:47.008 [Test worker] DEBUG com.github.dockerjava.zerodep.shaded.org.apache.hc.client5.http.wire - http-outgoing-0 << "[\r][\n]"
21:21:47.053 [Test worker] DEBUG com.github.dockerjava.zerodep.shaded.org.apache.hc.client5.http.wire - http-outgoing-0 << "0[\r][\n]"
21:21:47.054 [Test worker] DEBUG com.github.dockerjava.zerodep.shaded.org.apache.hc.client5.http.wire - http-outgoing-0 << "[\r][\n]"
21:21:47.054 [Test worker] DEBUG com.github.dockerjava.zerodep.shaded.org.apache.hc.client5.http.impl.classic.InternalHttpClient - ep-00000001: releasing valid endpoint
21:21:47.054 [Test worker] DEBUG com.github.dockerjava.zerodep.shaded.org.apache.hc.client5.http.impl.io.PoolingHttpClientConnectionManager - ep-00000001: releasing endpoint
21:21:47.054 [Test worker] DEBUG com.github.dockerjava.zerodep.shaded.org.apache.hc.client5.http.impl.io.PoolingHttpClientConnectionManager - ep-00000001: connection http-outgoing-0 can be kept alive for 3 MINUTES
21:21:47.055 [Test worker] DEBUG com.github.dockerjava.zerodep.shaded.org.apache.hc.client5.http.impl.io.PoolingHttpClientConnectionManager - ep-00000001: connection released [route: {}->npipe://localhost:2375][total available: 1; route allocated: 1 of 2147483647; total allocated: 1 of 2147483647]
21:21:47.055 [Test worker] DEBUG org.testcontainers.DockerClientFactory - Docker version: {Components=[{Name=Engine, Version=24.0.6, Details={ApiVersion=1.43, Arch=amd64, BuildTime=2023-09-04T12:32:16.000000000+00:00, Experimental=false, GitCommit=1a79695, GoVersion=go1.20.7, KernelVersion=5.15.133.1-microsoft-standard-WSL2, MinAPIVersion=1.12, Os=linux}}, {Name=containerd, Version=1.6.22, Details={GitCommit=8165feabfdfe38c65b599c4993d227328c231fca}}, {Name=runc, Version=1.1.8, Details={GitCommit=v1.1.8-0-g82f18fe}}, {Name=docker-init, Version=0.19.0, Details={GitCommit=de40ad0}}], KernelVersion=5.15.133.1-microsoft-standard-WSL2, ApiVersion=1.43, Platform={Name=Docker Desktop 4.25.2 (129061)}, GitCommit=1a79695, Os=linux, Version=24.0.6, MinAPIVersion=1.12, Arch=amd64, GoVersion=go1.20.7, BuildTime=2023-09-04T12:32:16.000000000+00:00}
21:21:47.055 [Test worker] INFO org.testcontainers.DockerClientFactory - Connected to docker: 
  Server Version: 24.0.6
  API Version: 1.43
  Operating System: Docker Desktop
  Total Memory: 1916 MB
21:21:47.171 [Test worker] DEBUG org.testcontainers.utility.RyukResourceReaper - Ryuk is enabled
21:21:47.183 [Test worker] DEBUG org.testcontainers.utility.PrefixingImageNameSubstitutor - No prefix is configured
21:21:47.183 [Test worker] DEBUG org.testcontainers.utility.ImageNameSubstitutor - Did not find a substitute image for testcontainers/ryuk:0.5.1 (using image substitutor: DefaultImageNameSubstitutor (composite of 'ConfigurationFileImageNameSubstitutor' and 'PrefixingImageNameSubstitutor'))
21:21:47.209 [Test worker] DEBUG org.testcontainers.shaded.com.github.dockerjava.core.command.AbstrDockerCmd - Cmd: ListImagesCmdImpl[filters=org.testcontainers.shaded.com.github.dockerjava.core.util.FiltersBuilder@0,imageNameFilter=<null>,showAll=false]
21:21:47.271 [Test worker] DEBUG com.github.dockerjava.zerodep.shaded.org.apache.hc.client5.http.impl.classic.InternalHttpClient - ex-00000003: preparing request execution
21:21:47.272 [Test worker] DEBUG com.github.dockerjava.zerodep.shaded.org.apache.hc.client5.http.protocol.RequestAddCookies - Cookie spec selected: strict
21:21:47.273 [Test worker] DEBUG com.github.dockerjava.zerodep.shaded.org.apache.hc.client5.http.protocol.RequestAuthCache - Auth cache not set in the context
21:21:47.273 [Test worker] DEBUG com.github.dockerjava.zerodep.shaded.org.apache.hc.client5.http.impl.classic.ProtocolExec - ex-00000003: target auth state: UNCHALLENGED
21:21:47.274 [Test worker] DEBUG com.github.dockerjava.zerodep.shaded.org.apache.hc.client5.http.impl.classic.ProtocolExec - ex-00000003: proxy auth state: UNCHALLENGED
21:21:47.274 [Test worker] DEBUG com.github.dockerjava.zerodep.shaded.org.apache.hc.client5.http.impl.classic.ConnectExec - ex-00000003: acquiring connection with route {}->npipe://localhost:2375
21:21:47.275 [Test worker] DEBUG com.github.dockerjava.zerodep.shaded.org.apache.hc.client5.http.impl.classic.InternalHttpClient - ex-00000003: acquiring endpoint (3 MINUTES)
21:21:47.275 [Test worker] DEBUG com.github.dockerjava.zerodep.shaded.org.apache.hc.client5.http.impl.io.PoolingHttpClientConnectionManager - ex-00000003: endpoint lease request (3 MINUTES) [route: {}->npipe://localhost:2375][total available: 1; route allocated: 1 of 2147483647; total allocated: 1 of 2147483647]
21:21:47.276 [Test worker] DEBUG com.github.dockerjava.zerodep.shaded.org.apache.hc.client5.http.impl.io.PoolingHttpClientConnectionManager - ex-00000003: endpoint leased [route: {}->npipe://localhost:2375][total available: 0; route allocated: 1 of 2147483647; total allocated: 1 of 2147483647]
21:21:47.276 [Test worker] DEBUG com.github.dockerjava.zerodep.shaded.org.apache.hc.client5.http.impl.io.PoolingHttpClientConnectionManager - ex-00000003: acquired ep-00000002
21:21:47.276 [Test worker] DEBUG com.github.dockerjava.zerodep.shaded.org.apache.hc.client5.http.impl.classic.InternalHttpClient - ex-00000003: acquired endpoint ep-00000002
21:21:47.277 [Test worker] DEBUG com.github.dockerjava.zerodep.shaded.org.apache.hc.client5.http.impl.classic.MainClientExec - ex-00000003: executing GET /v1.32/images/json HTTP/1.1
21:21:47.277 [Test worker] DEBUG com.github.dockerjava.zerodep.shaded.org.apache.hc.client5.http.impl.classic.InternalHttpClient - ep-00000002: start execution ex-00000003
21:21:47.277 [Test worker] DEBUG com.github.dockerjava.zerodep.shaded.org.apache.hc.client5.http.impl.io.PoolingHttpClientConnectionManager - ep-00000002: executing exchange ex-00000003 over http-outgoing-0
21:21:47.277 [Test worker] DEBUG com.github.dockerjava.zerodep.shaded.org.apache.hc.client5.http.headers - http-outgoing-0 >> GET /v1.32/images/json HTTP/1.1
21:21:47.278 [Test worker] DEBUG com.github.dockerjava.zerodep.shaded.org.apache.hc.client5.http.headers - http-outgoing-0 >> accept: application/json
21:21:47.278 [Test worker] DEBUG com.github.dockerjava.zerodep.shaded.org.apache.hc.client5.http.headers - http-outgoing-0 >> x-tc-sid: 029223a2-cbcc-4152-a4af-44e10b2f5a25
21:21:47.278 [Test worker] DEBUG com.github.dockerjava.zerodep.shaded.org.apache.hc.client5.http.headers - http-outgoing-0 >> Accept-Encoding: gzip, x-gzip, deflate
21:21:47.278 [Test worker] DEBUG com.github.dockerjava.zerodep.shaded.org.apache.hc.client5.http.headers - http-outgoing-0 >> Host: localhost:2375
21:21:47.278 [Test worker] DEBUG com.github.dockerjava.zerodep.shaded.org.apache.hc.client5.http.headers - http-outgoing-0 >> Connection: keep-alive
21:21:47.278 [Test worker] DEBUG com.github.dockerjava.zerodep.shaded.org.apache.hc.client5.http.headers - http-outgoing-0 >> User-Agent: Apache-HttpClient/5.0.3 (Java/17)
21:21:47.278 [Test worker] DEBUG com.github.dockerjava.zerodep.shaded.org.apache.hc.client5.http.wire - http-outgoing-0 >> "GET /v1.32/images/json HTTP/1.1[\r][\n]"
21:21:47.279 [Test worker] DEBUG com.github.dockerjava.zerodep.shaded.org.apache.hc.client5.http.wire - http-outgoing-0 >> "accept: application/json[\r][\n]"
21:21:47.279 [Test worker] DEBUG com.github.dockerjava.zerodep.shaded.org.apache.hc.client5.http.wire - http-outgoing-0 >> "x-tc-sid: 029223a2-cbcc-4152-a4af-44e10b2f5a25[\r][\n]"
21:21:47.279 [Test worker] DEBUG com.github.dockerjava.zerodep.shaded.org.apache.hc.client5.http.wire - http-outgoing-0 >> "Accept-Encoding: gzip, x-gzip, deflate[\r][\n]"
21:21:47.279 [Test worker] DEBUG com.github.dockerjava.zerodep.shaded.org.apache.hc.client5.http.wire - http-outgoing-0 >> "Host: localhost:2375[\r][\n]"
21:21:47.279 [Test worker] DEBUG com.github.dockerjava.zerodep.shaded.org.apache.hc.client5.http.wire - http-outgoing-0 >> "Connection: keep-alive[\r][\n]"
21:21:47.280 [Test worker] DEBUG com.github.dockerjava.zerodep.shaded.org.apache.hc.client5.http.wire - http-outgoing-0 >> "User-Agent: Apache-HttpClient/5.0.3 (Java/17)[\r][\n]"
21:21:47.280 [Test worker] DEBUG com.github.dockerjava.zerodep.shaded.org.apache.hc.client5.http.wire - http-outgoing-0 >> "[\r][\n]"
21:21:47.477 [Test worker] DEBUG com.github.dockerjava.zerodep.shaded.org.apache.hc.client5.http.wire - http-outgoing-0 << "HTTP/1.1 200 OK[\r][\n]"
21:21:47.477 [Test worker] DEBUG com.github.dockerjava.zerodep.shaded.org.apache.hc.client5.http.wire - http-outgoing-0 << "Api-Version: 1.43[\r][\n]"
21:21:47.477 [Test worker] DEBUG com.github.dockerjava.zerodep.shaded.org.apache.hc.client5.http.wire - http-outgoing-0 << "Content-Type: application/json[\r][\n]"
21:21:47.478 [Test worker] DEBUG com.github.dockerjava.zerodep.shaded.org.apache.hc.client5.http.wire - http-outgoing-0 << "Date: Tue, 26 Dec 2023 18:21:47 GMT[\r][\n]"
21:21:47.478 [Test worker] DEBUG com.github.dockerjava.zerodep.shaded.org.apache.hc.client5.http.wire - http-outgoing-0 << "Docker-Experimental: false[\r][\n]"
21:21:47.478 [Test worker] DEBUG com.github.dockerjava.zerodep.shaded.org.apache.hc.client5.http.wire - http-outgoing-0 << "Ostype: linux[\r][\n]"
21:21:47.478 [Test worker] DEBUG com.github.dockerjava.zerodep.shaded.org.apache.hc.client5.http.wire - http-outgoing-0 << "Server: Docker/24.0.6 (linux)[\r][\n]"
21:21:47.478 [Test worker] DEBUG com.github.dockerjava.zerodep.shaded.org.apache.hc.client5.http.wire - http-outgoing-0 << "Transfer-Encoding: chunked[\r][\n]"
21:21:47.478 [Test worker] DEBUG com.github.dockerjava.zerodep.shaded.org.apache.hc.client5.http.wire - http-outgoing-0 << "[\r][\n]"
21:21:47.479 [Test worker] DEBUG com.github.dockerjava.zerodep.shaded.org.apache.hc.client5.http.headers - http-outgoing-0 << HTTP/1.1 200 OK
21:21:47.479 [Test worker] DEBUG com.github.dockerjava.zerodep.shaded.org.apache.hc.client5.http.headers - http-outgoing-0 << Api-Version: 1.43
21:21:47.479 [Test worker] DEBUG com.github.dockerjava.zerodep.shaded.org.apache.hc.client5.http.headers - http-outgoing-0 << Content-Type: application/json
21:21:47.479 [Test worker] DEBUG com.github.dockerjava.zerodep.shaded.org.apache.hc.client5.http.headers - http-outgoing-0 << Date: Tue, 26 Dec 2023 18:21:47 GMT
21:21:47.479 [Test worker] DEBUG com.github.dockerjava.zerodep.shaded.org.apache.hc.client5.http.headers - http-outgoing-0 << Docker-Experimental: false
21:21:47.479 [Test worker] DEBUG com.github.dockerjava.zerodep.shaded.org.apache.hc.client5.http.headers - http-outgoing-0 << Ostype: linux
21:21:47.479 [Test worker] DEBUG com.github.dockerjava.zerodep.shaded.org.apache.hc.client5.http.headers - http-outgoing-0 << Server: Docker/24.0.6 (linux)
21:21:47.479 [Test worker] DEBUG com.github.dockerjava.zerodep.shaded.org.apache.hc.client5.http.headers - http-outgoing-0 << Transfer-Encoding: chunked
21:21:47.480 [Test worker] DEBUG com.github.dockerjava.zerodep.shaded.org.apache.hc.client5.http.impl.classic.MainClientExec - ex-00000003: connection can be kept alive for 3 MINUTES
21:21:47.480 [Test worker] DEBUG com.github.dockerjava.zerodep.shaded.org.apache.hc.client5.http.wire - http-outgoing-0 << "3[\r][\n]"
21:21:47.481 [Test worker] DEBUG com.github.dockerjava.zerodep.shaded.org.apache.hc.client5.http.wire - http-outgoing-0 << "[][\n]"
21:21:47.482 [Test worker] DEBUG com.github.dockerjava.zerodep.shaded.org.apache.hc.client5.http.wire - http-outgoing-0 << "[\r][\n]"
21:21:47.495 [Test worker] DEBUG com.github.dockerjava.zerodep.shaded.org.apache.hc.client5.http.wire - http-outgoing-0 << "0[\r][\n]"
21:21:47.496 [Test worker] DEBUG com.github.dockerjava.zerodep.shaded.org.apache.hc.client5.http.wire - http-outgoing-0 << "[\r][\n]"
21:21:47.496 [Test worker] DEBUG com.github.dockerjava.zerodep.shaded.org.apache.hc.client5.http.impl.classic.InternalHttpClient - ep-00000002: releasing valid endpoint
21:21:47.496 [Test worker] DEBUG com.github.dockerjava.zerodep.shaded.org.apache.hc.client5.http.impl.io.PoolingHttpClientConnectionManager - ep-00000002: releasing endpoint
21:21:47.497 [Test worker] DEBUG com.github.dockerjava.zerodep.shaded.org.apache.hc.client5.http.impl.io.PoolingHttpClientConnectionManager - ep-00000002: connection http-outgoing-0 can be kept alive for 3 MINUTES
21:21:47.497 [Test worker] DEBUG com.github.dockerjava.zerodep.shaded.org.apache.hc.client5.http.impl.io.PoolingHttpClientConnectionManager - ep-00000002: connection released [route: {}->npipe://localhost:2375][total available: 1; route allocated: 1 of 2147483647; total allocated: 1 of 2147483647]
21:21:47.502 [Test worker] DEBUG tc.testcontainers/ryuk:0.5.1 - testcontainers/ryuk:0.5.1 is not in image name cache, updating...
21:21:47.551 [Test worker] DEBUG org.testcontainers.shaded.com.github.dockerjava.core.command.AbstrDockerCmd - Cmd: testcontainers/ryuk:0.5.1
21:21:47.583 [Test worker] DEBUG com.github.dockerjava.zerodep.shaded.org.apache.hc.client5.http.impl.classic.InternalHttpClient - ex-00000004: preparing request execution
21:21:47.584 [Test worker] DEBUG com.github.dockerjava.zerodep.shaded.org.apache.hc.client5.http.protocol.RequestAddCookies - Cookie spec selected: strict
21:21:47.584 [Test worker] DEBUG com.github.dockerjava.zerodep.shaded.org.apache.hc.client5.http.protocol.RequestAuthCache - Auth cache not set in the context
21:21:47.584 [Test worker] DEBUG com.github.dockerjava.zerodep.shaded.org.apache.hc.client5.http.impl.classic.ProtocolExec - ex-00000004: target auth state: UNCHALLENGED
21:21:47.584 [Test worker] DEBUG com.github.dockerjava.zerodep.shaded.org.apache.hc.client5.http.impl.classic.ProtocolExec - ex-00000004: proxy auth state: UNCHALLENGED
21:21:47.584 [Test worker] DEBUG com.github.dockerjava.zerodep.shaded.org.apache.hc.client5.http.impl.classic.ConnectExec - ex-00000004: acquiring connection with route {}->npipe://localhost:2375
21:21:47.584 [Test worker] DEBUG com.github.dockerjava.zerodep.shaded.org.apache.hc.client5.http.impl.classic.InternalHttpClient - ex-00000004: acquiring endpoint (3 MINUTES)
21:21:47.584 [Test worker] DEBUG com.github.dockerjava.zerodep.shaded.org.apache.hc.client5.http.impl.io.PoolingHttpClientConnectionManager - ex-00000004: endpoint lease request (3 MINUTES) [route: {}->npipe://localhost:2375][total available: 1; route allocated: 1 of 2147483647; total allocated: 1 of 2147483647]
21:21:47.585 [Test worker] DEBUG com.github.dockerjava.zerodep.shaded.org.apache.hc.client5.http.impl.io.PoolingHttpClientConnectionManager - ex-00000004: endpoint leased [route: {}->npipe://localhost:2375][total available: 0; route allocated: 1 of 2147483647; total allocated: 1 of 2147483647]
21:21:47.585 [Test worker] DEBUG com.github.dockerjava.zerodep.shaded.org.apache.hc.client5.http.impl.io.PoolingHttpClientConnectionManager - ex-00000004: acquired ep-00000003
21:21:47.586 [Test worker] DEBUG com.github.dockerjava.zerodep.shaded.org.apache.hc.client5.http.impl.classic.InternalHttpClient - ex-00000004: acquired endpoint ep-00000003
21:21:47.586 [Test worker] DEBUG com.github.dockerjava.zerodep.shaded.org.apache.hc.client5.http.impl.classic.MainClientExec - ex-00000004: executing GET /v1.32/images/testcontainers%2Fryuk:0.5.1/json HTTP/1.1
21:21:47.587 [Test worker] DEBUG com.github.dockerjava.zerodep.shaded.org.apache.hc.client5.http.impl.classic.InternalHttpClient - ep-00000003: start execution ex-00000004
21:21:47.587 [Test worker] DEBUG com.github.dockerjava.zerodep.shaded.org.apache.hc.client5.http.impl.io.PoolingHttpClientConnectionManager - ep-00000003: executing exchange ex-00000004 over http-outgoing-0
21:21:47.587 [Test worker] DEBUG com.github.dockerjava.zerodep.shaded.org.apache.hc.client5.http.headers - http-outgoing-0 >> GET /v1.32/images/testcontainers%2Fryuk:0.5.1/json HTTP/1.1
21:21:47.588 [Test worker] DEBUG com.github.dockerjava.zerodep.shaded.org.apache.hc.client5.http.headers - http-outgoing-0 >> accept: application/json
21:21:47.588 [Test worker] DEBUG com.github.dockerjava.zerodep.shaded.org.apache.hc.client5.http.headers - http-outgoing-0 >> x-tc-sid: 029223a2-cbcc-4152-a4af-44e10b2f5a25
21:21:47.588 [Test worker] DEBUG com.github.dockerjava.zerodep.shaded.org.apache.hc.client5.http.headers - http-outgoing-0 >> Accept-Encoding: gzip, x-gzip, deflate
21:21:47.588 [Test worker] DEBUG com.github.dockerjava.zerodep.shaded.org.apache.hc.client5.http.headers - http-outgoing-0 >> Host: localhost:2375
21:21:47.588 [Test worker] DEBUG com.github.dockerjava.zerodep.shaded.org.apache.hc.client5.http.headers - http-outgoing-0 >> Connection: keep-alive
21:21:47.588 [Test worker] DEBUG com.github.dockerjava.zerodep.shaded.org.apache.hc.client5.http.headers - http-outgoing-0 >> User-Agent: Apache-HttpClient/5.0.3 (Java/17)
21:21:47.589 [Test worker] DEBUG com.github.dockerjava.zerodep.shaded.org.apache.hc.client5.http.wire - http-outgoing-0 >> "GET /v1.32/images/testcontainers%2Fryuk:0.5.1/json HTTP/1.1[\r][\n]"
21:21:47.589 [Test worker] DEBUG com.github.dockerjava.zerodep.shaded.org.apache.hc.client5.http.wire - http-outgoing-0 >> "accept: application/json[\r][\n]"
21:21:47.589 [Test worker] DEBUG com.github.dockerjava.zerodep.shaded.org.apache.hc.client5.http.wire - http-outgoing-0 >> "x-tc-sid: 029223a2-cbcc-4152-a4af-44e10b2f5a25[\r][\n]"
21:21:47.589 [Test worker] DEBUG com.github.dockerjava.zerodep.shaded.org.apache.hc.client5.http.wire - http-outgoing-0 >> "Accept-Encoding: gzip, x-gzip, deflate[\r][\n]"
21:21:47.589 [Test worker] DEBUG com.github.dockerjava.zerodep.shaded.org.apache.hc.client5.http.wire - http-outgoing-0 >> "Host: localhost:2375[\r][\n]"
21:21:47.589 [Test worker] DEBUG com.github.dockerjava.zerodep.shaded.org.apache.hc.client5.http.wire - http-outgoing-0 >> "Connection: keep-alive[\r][\n]"
21:21:47.589 [Test worker] DEBUG com.github.dockerjava.zerodep.shaded.org.apache.hc.client5.http.wire - http-outgoing-0 >> "User-Agent: Apache-HttpClient/5.0.3 (Java/17)[\r][\n]"
21:21:47.589 [Test worker] DEBUG com.github.dockerjava.zerodep.shaded.org.apache.hc.client5.http.wire - http-outgoing-0 >> "[\r][\n]"
21:21:49.840 [Test worker] DEBUG com.github.dockerjava.zerodep.shaded.org.apache.hc.client5.http.wire - http-outgoing-0 << "HTTP/1.1 404 Not Found[\r][\n]"
21:21:49.841 [Test worker] DEBUG com.github.dockerjava.zerodep.shaded.org.apache.hc.client5.http.wire - http-outgoing-0 << "Api-Version: 1.43[\r][\n]"
21:21:49.842 [Test worker] DEBUG com.github.dockerjava.zerodep.shaded.org.apache.hc.client5.http.wire - http-outgoing-0 << "Content-Type: application/json[\r][\n]"
21:21:49.843 [Test worker] DEBUG com.github.dockerjava.zerodep.shaded.org.apache.hc.client5.http.wire - http-outgoing-0 << "Date: Tue, 26 Dec 2023 18:21:49 GMT[\r][\n]"
21:21:49.845 [Test worker] DEBUG com.github.dockerjava.zerodep.shaded.org.apache.hc.client5.http.wire - http-outgoing-0 << "Docker-Experimental: false[\r][\n]"
21:21:49.848 [Test worker] DEBUG com.github.dockerjava.zerodep.shaded.org.apache.hc.client5.http.wire - http-outgoing-0 << "Ostype: linux[\r][\n]"
21:21:49.849 [Test worker] DEBUG com.github.dockerjava.zerodep.shaded.org.apache.hc.client5.http.wire - http-outgoing-0 << "Server: Docker/24.0.6 (linux)[\r][\n]"
21:21:49.849 [Test worker] DEBUG com.github.dockerjava.zerodep.shaded.org.apache.hc.client5.http.wire - http-outgoing-0 << "Transfer-Encoding: chunked[\r][\n]"
21:21:49.849 [Test worker] DEBUG com.github.dockerjava.zerodep.shaded.org.apache.hc.client5.http.wire - http-outgoing-0 << "[\r][\n]"
21:21:49.850 [Test worker] DEBUG com.github.dockerjava.zerodep.shaded.org.apache.hc.client5.http.headers - http-outgoing-0 << HTTP/1.1 404 Not Found
21:21:49.851 [Test worker] DEBUG com.github.dockerjava.zerodep.shaded.org.apache.hc.client5.http.headers - http-outgoing-0 << Api-Version: 1.43
21:21:49.851 [Test worker] DEBUG com.github.dockerjava.zerodep.shaded.org.apache.hc.client5.http.headers - http-outgoing-0 << Content-Type: application/json
21:21:49.851 [Test worker] DEBUG com.github.dockerjava.zerodep.shaded.org.apache.hc.client5.http.headers - http-outgoing-0 << Date: Tue, 26 Dec 2023 18:21:49 GMT
21:21:49.851 [Test worker] DEBUG com.github.dockerjava.zerodep.shaded.org.apache.hc.client5.http.headers - http-outgoing-0 << Docker-Experimental: false
21:21:49.851 [Test worker] DEBUG com.github.dockerjava.zerodep.shaded.org.apache.hc.client5.http.headers - http-outgoing-0 << Ostype: linux
21:21:49.852 [Test worker] DEBUG com.github.dockerjava.zerodep.shaded.org.apache.hc.client5.http.headers - http-outgoing-0 << Server: Docker/24.0.6 (linux)
21:21:49.852 [Test worker] DEBUG com.github.dockerjava.zerodep.shaded.org.apache.hc.client5.http.headers - http-outgoing-0 << Transfer-Encoding: chunked
21:21:49.852 [Test worker] DEBUG com.github.dockerjava.zerodep.shaded.org.apache.hc.client5.http.impl.classic.MainClientExec - ex-00000004: connection can be kept alive for 3 MINUTES
21:21:49.987 [Test worker] DEBUG com.github.dockerjava.zerodep.shaded.org.apache.hc.client5.http.wire - http-outgoing-0 << "37[\r][\n]"
21:21:49.987 [Test worker] DEBUG com.github.dockerjava.zerodep.shaded.org.apache.hc.client5.http.wire - http-outgoing-0 << "{"message":"No such image: testcontainers/ryuk:0.5.1"}[\n]"
21:21:49.987 [Test worker] DEBUG com.github.dockerjava.zerodep.shaded.org.apache.hc.client5.http.wire - http-outgoing-0 << "[\r][\n]"
21:21:49.988 [Test worker] DEBUG com.github.dockerjava.zerodep.shaded.org.apache.hc.client5.http.wire - http-outgoing-0 << "0[\r][\n]"
21:21:49.988 [Test worker] DEBUG com.github.dockerjava.zerodep.shaded.org.apache.hc.client5.http.wire - http-outgoing-0 << "[\r][\n]"
21:21:49.989 [Test worker] DEBUG com.github.dockerjava.zerodep.shaded.org.apache.hc.client5.http.impl.classic.InternalHttpClient - ep-00000003: releasing valid endpoint
21:21:49.989 [Test worker] DEBUG com.github.dockerjava.zerodep.shaded.org.apache.hc.client5.http.impl.io.PoolingHttpClientConnectionManager - ep-00000003: releasing endpoint
21:21:49.990 [Test worker] DEBUG com.github.dockerjava.zerodep.shaded.org.apache.hc.client5.http.impl.io.PoolingHttpClientConnectionManager - ep-00000003: connection http-outgoing-0 can be kept alive for 3 MINUTES
21:21:49.990 [Test worker] DEBUG com.github.dockerjava.zerodep.shaded.org.apache.hc.client5.http.impl.io.PoolingHttpClientConnectionManager - ep-00000003: connection released [route: {}->npipe://localhost:2375][total available: 1; route allocated: 1 of 2147483647; total allocated: 1 of 2147483647]
21:21:49.992 [Test worker] DEBUG org.testcontainers.images.AbstractImagePullPolicy - Not available locally, should pull image: testcontainers/ryuk:0.5.1
21:21:49.992 [Test worker] INFO tc.testcontainers/ryuk:0.5.1 - Pulling docker image: testcontainers/ryuk:0.5.1. Please be patient; this may take some time but only needs to be done once.
21:21:50.090 [Test worker] DEBUG org.testcontainers.utility.RegistryAuthLocator - Looking up auth config for image: testcontainers/ryuk:latest at registry: https://index.docker.io/v1/
21:21:50.092 [Test worker] DEBUG org.testcontainers.utility.RegistryAuthLocator - RegistryAuthLocator has configFile: C:\Users\Bato0n4ik\.docker\config.json (exists) configEnv: DOCKER_AUTH_CONFIG (does not exist) and commandPathPrefix: 
21:21:50.092 [Test worker] DEBUG org.testcontainers.utility.RegistryAuthLocator - RegistryAuthLocator reading from configFile: C:\Users\Bato0n4ik\.docker\config.json
21:21:50.093 [Test worker] DEBUG org.testcontainers.utility.RegistryAuthLocator - registryName [https://index.docker.io/v1/] for dockerImageName [testcontainers/ryuk:latest]
21:21:50.093 [Test worker] DEBUG org.testcontainers.utility.RegistryAuthLocator - Executing docker credential provider: docker-credential-desktop to locate auth config for: https://index.docker.io/v1/
21:21:50.148 [Test worker] DEBUG org.testcontainers.shaded.org.zeroturnaround.exec.ProcessExecutor - Executing [cmd, /c, docker-credential-desktop, get].
21:21:50.754 [Test worker] DEBUG org.testcontainers.shaded.org.zeroturnaround.exec.ProcessExecutor - Started Process[pid=8884, exitValue="not exited"]
21:22:20.804 [Test worker] DEBUG org.testcontainers.shaded.org.zeroturnaround.exec.ProcessExecutor - Process[pid=8884, exitValue="not exited"] is running too long
21:22:20.813 [Test worker] DEBUG org.testcontainers.utility.RegistryAuthLocator - Failure running docker credential helper/store (docker-credential-desktop)
21:22:20.814 [Test worker] INFO org.testcontainers.utility.RegistryAuthLocator - Failure when attempting to lookup auth config. Please ignore if you don't have images in an authenticated registry. Details: (dockerImageName: testcontainers/ryuk:latest, configFile: C:\Users\Bato0n4ik\.docker\config.json, configEnv: DOCKER_AUTH_CONFIG). Falling back to docker-java default behaviour. Exception message: Timed out waiting for Process[pid=8884, exitValue="not exited"] to finish, timeout: 30 seconds, executed command [cmd, /c, docker-credential-desktop, get], output was 0 bytes:

21:22:20.813 [WaitForProcess-Process[pid=8884, exitValue="not exited"]] DEBUG org.testcontainers.shaded.org.zeroturnaround.exec.WaitForProcess - Stopping Process[pid=8884, exitValue="not exited"]...
21:22:20.817 [Test worker] DEBUG org.testcontainers.utility.RegistryAuthLocator - No matching Auth Configs - falling back to defaultAuthConfig [null]
21:22:20.817 [Test worker] DEBUG org.testcontainers.dockerclient.AuthDelegatingDockerClientConfig - Effective auth config [null]
21:22:20.919 [docker-java-stream--1761815518] DEBUG com.github.dockerjava.zerodep.shaded.org.apache.hc.client5.http.impl.classic.InternalHttpClient - ex-00000005: preparing request execution
21:22:20.920 [docker-java-stream--1761815518] DEBUG com.github.dockerjava.zerodep.shaded.org.apache.hc.client5.http.protocol.RequestAddCookies - Cookie spec selected: strict
21:22:20.920 [docker-java-stream--1761815518] DEBUG com.github.dockerjava.zerodep.shaded.org.apache.hc.client5.http.protocol.RequestAuthCache - Auth cache not set in the context
21:22:20.920 [docker-java-stream--1761815518] DEBUG com.github.dockerjava.zerodep.shaded.org.apache.hc.client5.http.impl.classic.ProtocolExec - ex-00000005: target auth state: UNCHALLENGED
21:22:20.920 [docker-java-stream--1761815518] DEBUG com.github.dockerjava.zerodep.shaded.org.apache.hc.client5.http.impl.classic.ProtocolExec - ex-00000005: proxy auth state: UNCHALLENGED
21:22:20.921 [docker-java-stream--1761815518] DEBUG com.github.dockerjava.zerodep.shaded.org.apache.hc.client5.http.impl.classic.ConnectExec - ex-00000005: acquiring connection with route {}->npipe://localhost:2375
21:22:20.922 [docker-java-stream--1761815518] DEBUG com.github.dockerjava.zerodep.shaded.org.apache.hc.client5.http.impl.classic.InternalHttpClient - ex-00000005: acquiring endpoint (3 MINUTES)
21:22:20.923 [docker-java-stream--1761815518] DEBUG com.github.dockerjava.zerodep.shaded.org.apache.hc.client5.http.impl.io.PoolingHttpClientConnectionManager - ex-00000005: endpoint lease request (3 MINUTES) [route: {}->npipe://localhost:2375][total available: 1; route allocated: 1 of 2147483647; total allocated: 1 of 2147483647]
21:22:20.924 [docker-java-stream--1761815518] DEBUG com.github.dockerjava.zerodep.shaded.org.apache.hc.client5.http.impl.io.PoolingHttpClientConnectionManager - ex-00000005: endpoint leased [route: {}->npipe://localhost:2375][total available: 0; route allocated: 1 of 2147483647; total allocated: 1 of 2147483647]
21:22:20.925 [docker-java-stream--1761815518] DEBUG com.github.dockerjava.zerodep.shaded.org.apache.hc.client5.http.impl.io.PoolingHttpClientConnectionManager - ex-00000005: acquired ep-00000004
21:22:20.925 [docker-java-stream--1761815518] DEBUG com.github.dockerjava.zerodep.shaded.org.apache.hc.client5.http.impl.classic.InternalHttpClient - ex-00000005: acquired endpoint ep-00000004
21:22:20.925 [docker-java-stream--1761815518] DEBUG com.github.dockerjava.zerodep.shaded.org.apache.hc.client5.http.impl.classic.MainClientExec - ex-00000005: executing POST /v1.32/images/create?fromImage=testcontainers%2Fryuk&tag=0.5.1 HTTP/1.1
21:22:20.926 [docker-java-stream--1761815518] DEBUG com.github.dockerjava.zerodep.shaded.org.apache.hc.client5.http.impl.classic.InternalHttpClient - ep-00000004: start execution ex-00000005
21:22:20.926 [docker-java-stream--1761815518] DEBUG com.github.dockerjava.zerodep.shaded.org.apache.hc.client5.http.impl.io.PoolingHttpClientConnectionManager - ep-00000004: executing exchange ex-00000005 over http-outgoing-0
21:22:20.926 [docker-java-stream--1761815518] DEBUG com.github.dockerjava.zerodep.shaded.org.apache.hc.client5.http.headers - http-outgoing-0 >> POST /v1.32/images/create?fromImage=testcontainers%2Fryuk&tag=0.5.1 HTTP/1.1
21:22:20.927 [docker-java-stream--1761815518] DEBUG com.github.dockerjava.zerodep.shaded.org.apache.hc.client5.http.headers - http-outgoing-0 >> accept: application/octet-stream
21:22:20.927 [docker-java-stream--1761815518] DEBUG com.github.dockerjava.zerodep.shaded.org.apache.hc.client5.http.headers - http-outgoing-0 >> content-type: application/json
21:22:20.927 [docker-java-stream--1761815518] DEBUG com.github.dockerjava.zerodep.shaded.org.apache.hc.client5.http.headers - http-outgoing-0 >> x-tc-sid: 029223a2-cbcc-4152-a4af-44e10b2f5a25
21:22:20.927 [docker-java-stream--1761815518] DEBUG com.github.dockerjava.zerodep.shaded.org.apache.hc.client5.http.headers - http-outgoing-0 >> Accept-Encoding: gzip, x-gzip, deflate
21:22:20.928 [docker-java-stream--1761815518] DEBUG com.github.dockerjava.zerodep.shaded.org.apache.hc.client5.http.headers - http-outgoing-0 >> Host: localhost:2375
21:22:20.928 [docker-java-stream--1761815518] DEBUG com.github.dockerjava.zerodep.shaded.org.apache.hc.client5.http.headers - http-outgoing-0 >> Connection: keep-alive
21:22:20.929 [docker-java-stream--1761815518] DEBUG com.github.dockerjava.zerodep.shaded.org.apache.hc.client5.http.headers - http-outgoing-0 >> User-Agent: Apache-HttpClient/5.0.3 (Java/17)
21:22:20.929 [docker-java-stream--1761815518] DEBUG com.github.dockerjava.zerodep.shaded.org.apache.hc.client5.http.wire - http-outgoing-0 >> "POST /v1.32/images/create?fromImage=testcontainers%2Fryuk&tag=0.5.1 HTTP/1.1[\r][\n]"
21:22:20.930 [docker-java-stream--1761815518] DEBUG com.github.dockerjava.zerodep.shaded.org.apache.hc.client5.http.wire - http-outgoing-0 >> "accept: application/octet-stream[\r][\n]"
21:22:20.930 [docker-java-stream--1761815518] DEBUG com.github.dockerjava.zerodep.shaded.org.apache.hc.client5.http.wire - http-outgoing-0 >> "content-type: application/json[\r][\n]"
21:22:20.931 [docker-java-stream--1761815518] DEBUG com.github.dockerjava.zerodep.shaded.org.apache.hc.client5.http.wire - http-outgoing-0 >> "x-tc-sid: 029223a2-cbcc-4152-a4af-44e10b2f5a25[\r][\n]"
21:22:20.931 [docker-java-stream--1761815518] DEBUG com.github.dockerjava.zerodep.shaded.org.apache.hc.client5.http.wire - http-outgoing-0 >> "Accept-Encoding: gzip, x-gzip, deflate[\r][\n]"
21:22:20.931 [docker-java-stream--1761815518] DEBUG com.github.dockerjava.zerodep.shaded.org.apache.hc.client5.http.wire - http-outgoing-0 >> "Host: localhost:2375[\r][\n]"
21:22:20.931 [docker-java-stream--1761815518] DEBUG com.github.dockerjava.zerodep.shaded.org.apache.hc.client5.http.wire - http-outgoing-0 >> "Connection: keep-alive[\r][\n]"
21:22:20.931 [docker-java-stream--1761815518] DEBUG com.github.dockerjava.zerodep.shaded.org.apache.hc.client5.http.wire - http-outgoing-0 >> "User-Agent: Apache-HttpClient/5.0.3 (Java/17)[\r][\n]"
21:22:20.932 [docker-java-stream--1761815518] DEBUG com.github.dockerjava.zerodep.shaded.org.apache.hc.client5.http.wire - http-outgoing-0 >> "[\r][\n]"
21:22:59.988 [docker-java-stream--1761815518] DEBUG com.github.dockerjava.zerodep.shaded.org.apache.hc.client5.http.wire - http-outgoing-0 << "HTTP/1.1 500 Internal Server Error[\r][\n]"
21:22:59.989 [docker-java-stream--1761815518] DEBUG com.github.dockerjava.zerodep.shaded.org.apache.hc.client5.http.wire - http-outgoing-0 << "Api-Version: 1.43[\r][\n]"
21:22:59.989 [docker-java-stream--1761815518] DEBUG com.github.dockerjava.zerodep.shaded.org.apache.hc.client5.http.wire - http-outgoing-0 << "Content-Type: application/json[\r][\n]"
21:22:59.989 [docker-java-stream--1761815518] DEBUG com.github.dockerjava.zerodep.shaded.org.apache.hc.client5.http.wire - http-outgoing-0 << "Date: Tue, 26 Dec 2023 18:22:59 GMT[\r][\n]"
21:22:59.989 [docker-java-stream--1761815518] DEBUG com.github.dockerjava.zerodep.shaded.org.apache.hc.client5.http.wire - http-outgoing-0 << "Docker-Experimental: false[\r][\n]"
21:22:59.989 [docker-java-stream--1761815518] DEBUG com.github.dockerjava.zerodep.shaded.org.apache.hc.client5.http.wire - http-outgoing-0 << "Ostype: linux[\r][\n]"
21:22:59.989 [docker-java-stream--1761815518] DEBUG com.github.dockerjava.zerodep.shaded.org.apache.hc.client5.http.wire - http-outgoing-0 << "Server: Docker/24.0.6 (linux)[\r][\n]"
21:22:59.989 [docker-java-stream--1761815518] DEBUG com.github.dockerjava.zerodep.shaded.org.apache.hc.client5.http.wire - http-outgoing-0 << "Transfer-Encoding: chunked[\r][\n]"
21:22:59.989 [docker-java-stream--1761815518] DEBUG com.github.dockerjava.zerodep.shaded.org.apache.hc.client5.http.wire - http-outgoing-0 << "[\r][\n]"
21:22:59.989 [docker-java-stream--1761815518] DEBUG com.github.dockerjava.zerodep.shaded.org.apache.hc.client5.http.headers - http-outgoing-0 << HTTP/1.1 500 Internal Server Error
21:22:59.989 [docker-java-stream--1761815518] DEBUG com.github.dockerjava.zerodep.shaded.org.apache.hc.client5.http.headers - http-outgoing-0 << Api-Version: 1.43
21:22:59.989 [docker-java-stream--1761815518] DEBUG com.github.dockerjava.zerodep.shaded.org.apache.hc.client5.http.headers - http-outgoing-0 << Content-Type: application/json
21:22:59.989 [docker-java-stream--1761815518] DEBUG com.github.dockerjava.zerodep.shaded.org.apache.hc.client5.http.headers - http-outgoing-0 << Date: Tue, 26 Dec 2023 18:22:59 GMT
21:22:59.989 [docker-java-stream--1761815518] DEBUG com.github.dockerjava.zerodep.shaded.org.apache.hc.client5.http.headers - http-outgoing-0 << Docker-Experimental: false
21:22:59.989 [docker-java-stream--1761815518] DEBUG com.github.dockerjava.zerodep.shaded.org.apache.hc.client5.http.headers - http-outgoing-0 << Ostype: linux
21:22:59.989 [docker-java-stream--1761815518] DEBUG com.github.dockerjava.zerodep.shaded.org.apache.hc.client5.http.headers - http-outgoing-0 << Server: Docker/24.0.6 (linux)
21:22:59.989 [docker-java-stream--1761815518] DEBUG com.github.dockerjava.zerodep.shaded.org.apache.hc.client5.http.headers - http-outgoing-0 << Transfer-Encoding: chunked
21:22:59.990 [docker-java-stream--1761815518] DEBUG com.github.dockerjava.zerodep.shaded.org.apache.hc.client5.http.impl.classic.MainClientExec - ex-00000005: connection can be kept alive for 3 MINUTES
21:22:59.991 [docker-java-stream--1761815518] DEBUG com.github.dockerjava.zerodep.shaded.org.apache.hc.client5.http.wire - http-outgoing-0 << "a1[\r][\n]"
21:22:59.991 [docker-java-stream--1761815518] DEBUG com.github.dockerjava.zerodep.shaded.org.apache.hc.client5.http.wire - http-outgoing-0 << "{"message":"Get \"https://registry-1.docker.io/v2/\": net/http: request canceled while waiting for connection (Client.Timeout exceeded while awaiting headers)"}[\n]"
21:22:59.991 [docker-java-stream--1761815518] DEBUG com.github.dockerjava.zerodep.shaded.org.apache.hc.client5.http.wire - http-outgoing-0 << "[\r][\n]"
21:22:59.991 [docker-java-stream--1761815518] DEBUG com.github.dockerjava.zerodep.shaded.org.apache.hc.client5.http.wire - http-outgoing-0 << "0[\r][\n]"
21:22:59.992 [docker-java-stream--1761815518] DEBUG com.github.dockerjava.zerodep.shaded.org.apache.hc.client5.http.wire - http-outgoing-0 << "[\r][\n]"
21:22:59.992 [docker-java-stream--1761815518] DEBUG com.github.dockerjava.zerodep.shaded.org.apache.hc.client5.http.impl.classic.InternalHttpClient - ep-00000004: releasing valid endpoint
21:22:59.992 [docker-java-stream--1761815518] DEBUG com.github.dockerjava.zerodep.shaded.org.apache.hc.client5.http.impl.io.PoolingHttpClientConnectionManager - ep-00000004: releasing endpoint
21:22:59.992 [docker-java-stream--1761815518] DEBUG com.github.dockerjava.zerodep.shaded.org.apache.hc.client5.http.impl.io.PoolingHttpClientConnectionManager - ep-00000004: connection http-outgoing-0 can be kept alive for 3 MINUTES
21:22:59.992 [docker-java-stream--1761815518] DEBUG com.github.dockerjava.zerodep.shaded.org.apache.hc.client5.http.impl.io.PoolingHttpClientConnectionManager - ep-00000004: connection released [route: {}->npipe://localhost:2375][total available: 1; route allocated: 1 of 2147483647; total allocated: 1 of 2147483647]
21:23:00.515 [docker-java-stream--1761815518] ERROR com.github.dockerjava.api.async.ResultCallbackTemplate - Error during callback
com.github.dockerjava.api.exception.InternalServerErrorException: Status 500: {"message":"Get \"https://registry-1.docker.io/v2/\": net/http: request canceled while waiting for connection (Client.Timeout exceeded while awaiting headers)"}

	at org.testcontainers.shaded.com.github.dockerjava.core.DefaultInvocationBuilder.execute(DefaultInvocationBuilder.java:247)
	at org.testcontainers.shaded.com.github.dockerjava.core.DefaultInvocationBuilder.lambda$executeAndStream$1(DefaultInvocationBuilder.java:269)
	at java.base/java.lang.Thread.run(Thread.java:833)
21:23:00.518 [Test worker] WARN tc.testcontainers/ryuk:0.5.1 - Retrying pull for image: testcontainers/ryuk:0.5.1 (49s remaining)
21:23:00.519 [Test worker] DEBUG org.testcontainers.utility.RegistryAuthLocator - Looking up auth config for image: testcontainers/ryuk:latest at registry: https://index.docker.io/v1/
21:23:00.520 [Test worker] DEBUG org.testcontainers.utility.RegistryAuthLocator - No matching Auth Configs - falling back to defaultAuthConfig [null]
21:23:00.521 [Test worker] DEBUG org.testcontainers.dockerclient.AuthDelegatingDockerClientConfig - Effective auth config [null]
21:23:00.523 [docker-java-stream--1761815518] DEBUG com.github.dockerjava.zerodep.shaded.org.apache.hc.client5.http.impl.classic.InternalHttpClient - ex-00000006: preparing request execution
21:23:00.523 [docker-java-stream--1761815518] DEBUG com.github.dockerjava.zerodep.shaded.org.apache.hc.client5.http.protocol.RequestAddCookies - Cookie spec selected: strict
21:23:00.524 [docker-java-stream--1761815518] DEBUG com.github.dockerjava.zerodep.shaded.org.apache.hc.client5.http.protocol.RequestAuthCache - Auth cache not set in the context
21:23:00.524 [docker-java-stream--1761815518] DEBUG com.github.dockerjava.zerodep.shaded.org.apache.hc.client5.http.impl.classic.ProtocolExec - ex-00000006: target auth state: UNCHALLENGED
21:23:00.524 [docker-java-stream--1761815518] DEBUG com.github.dockerjava.zerodep.shaded.org.apache.hc.client5.http.impl.classic.ProtocolExec - ex-00000006: proxy auth state: UNCHALLENGED
21:23:00.525 [docker-java-stream--1761815518] DEBUG com.github.dockerjava.zerodep.shaded.org.apache.hc.client5.http.impl.classic.ConnectExec - ex-00000006: acquiring connection with route {}->npipe://localhost:2375
21:23:00.525 [docker-java-stream--1761815518] DEBUG com.github.dockerjava.zerodep.shaded.org.apache.hc.client5.http.impl.classic.InternalHttpClient - ex-00000006: acquiring endpoint (3 MINUTES)
21:23:00.526 [docker-java-stream--1761815518] DEBUG com.github.dockerjava.zerodep.shaded.org.apache.hc.client5.http.impl.io.PoolingHttpClientConnectionManager - ex-00000006: endpoint lease request (3 MINUTES) [route: {}->npipe://localhost:2375][total available: 1; route allocated: 1 of 2147483647; total allocated: 1 of 2147483647]
21:23:00.528 [docker-java-stream--1761815518] DEBUG com.github.dockerjava.zerodep.shaded.org.apache.hc.client5.http.impl.io.PoolingHttpClientConnectionManager - ex-00000006: endpoint leased [route: {}->npipe://localhost:2375][total available: 0; route allocated: 1 of 2147483647; total allocated: 1 of 2147483647]
21:23:00.529 [docker-java-stream--1761815518] DEBUG com.github.dockerjava.zerodep.shaded.org.apache.hc.client5.http.impl.io.PoolingHttpClientConnectionManager - ex-00000006: acquired ep-00000005
21:23:00.529 [docker-java-stream--1761815518] DEBUG com.github.dockerjava.zerodep.shaded.org.apache.hc.client5.http.impl.classic.InternalHttpClient - ex-00000006: acquired endpoint ep-00000005
21:23:00.530 [docker-java-stream--1761815518] DEBUG com.github.dockerjava.zerodep.shaded.org.apache.hc.client5.http.impl.classic.MainClientExec - ex-00000006: executing POST /v1.32/images/create?fromImage=testcontainers%2Fryuk&tag=0.5.1 HTTP/1.1
21:23:00.530 [docker-java-stream--1761815518] DEBUG com.github.dockerjava.zerodep.shaded.org.apache.hc.client5.http.impl.classic.InternalHttpClient - ep-00000005: start execution ex-00000006
21:23:00.531 [docker-java-stream--1761815518] DEBUG com.github.dockerjava.zerodep.shaded.org.apache.hc.client5.http.impl.io.PoolingHttpClientConnectionManager - ep-00000005: executing exchange ex-00000006 over http-outgoing-0
21:23:00.532 [docker-java-stream--1761815518] DEBUG com.github.dockerjava.zerodep.shaded.org.apache.hc.client5.http.headers - http-outgoing-0 >> POST /v1.32/images/create?fromImage=testcontainers%2Fryuk&tag=0.5.1 HTTP/1.1
21:23:00.532 [docker-java-stream--1761815518] DEBUG com.github.dockerjava.zerodep.shaded.org.apache.hc.client5.http.headers - http-outgoing-0 >> accept: application/octet-stream
21:23:00.532 [docker-java-stream--1761815518] DEBUG com.github.dockerjava.zerodep.shaded.org.apache.hc.client5.http.headers - http-outgoing-0 >> content-type: application/json
21:23:00.532 [docker-java-stream--1761815518] DEBUG com.github.dockerjava.zerodep.shaded.org.apache.hc.client5.http.headers - http-outgoing-0 >> x-tc-sid: 029223a2-cbcc-4152-a4af-44e10b2f5a25
21:23:00.534 [docker-java-stream--1761815518] DEBUG com.github.dockerjava.zerodep.shaded.org.apache.hc.client5.http.headers - http-outgoing-0 >> Accept-Encoding: gzip, x-gzip, deflate
21:23:00.534 [docker-java-stream--1761815518] DEBUG com.github.dockerjava.zerodep.shaded.org.apache.hc.client5.http.headers - http-outgoing-0 >> Host: localhost:2375
21:23:00.536 [docker-java-stream--1761815518] DEBUG com.github.dockerjava.zerodep.shaded.org.apache.hc.client5.http.headers - http-outgoing-0 >> Connection: keep-alive
21:23:00.537 [docker-java-stream--1761815518] DEBUG com.github.dockerjava.zerodep.shaded.org.apache.hc.client5.http.headers - http-outgoing-0 >> User-Agent: Apache-HttpClient/5.0.3 (Java/17)
21:23:00.538 [docker-java-stream--1761815518] DEBUG com.github.dockerjava.zerodep.shaded.org.apache.hc.client5.http.wire - http-outgoing-0 >> "POST /v1.32/images/create?fromImage=testcontainers%2Fryuk&tag=0.5.1 HTTP/1.1[\r][\n]"
21:23:00.538 [docker-java-stream--1761815518] DEBUG com.github.dockerjava.zerodep.shaded.org.apache.hc.client5.http.wire - http-outgoing-0 >> "accept: application/octet-stream[\r][\n]"
21:23:00.541 [docker-java-stream--1761815518] DEBUG com.github.dockerjava.zerodep.shaded.org.apache.hc.client5.http.wire - http-outgoing-0 >> "content-type: application/json[\r][\n]"
21:23:00.542 [docker-java-stream--1761815518] DEBUG com.github.dockerjava.zerodep.shaded.org.apache.hc.client5.http.wire - http-outgoing-0 >> "x-tc-sid: 029223a2-cbcc-4152-a4af-44e10b2f5a25[\r][\n]"
21:23:00.543 [docker-java-stream--1761815518] DEBUG com.github.dockerjava.zerodep.shaded.org.apache.hc.client5.http.wire - http-outgoing-0 >> "Accept-Encoding: gzip, x-gzip, deflate[\r][\n]"
21:23:00.543 [docker-java-stream--1761815518] DEBUG com.github.dockerjava.zerodep.shaded.org.apache.hc.client5.http.wire - http-outgoing-0 >> "Host: localhost:2375[\r][\n]"
21:23:00.543 [docker-java-stream--1761815518] DEBUG com.github.dockerjava.zerodep.shaded.org.apache.hc.client5.http.wire - http-outgoing-0 >> "Connection: keep-alive[\r][\n]"
21:23:00.544 [docker-java-stream--1761815518] DEBUG com.github.dockerjava.zerodep.shaded.org.apache.hc.client5.http.wire - http-outgoing-0 >> "User-Agent: Apache-HttpClient/5.0.3 (Java/17)[\r][\n]"
21:23:00.544 [docker-java-stream--1761815518] DEBUG com.github.dockerjava.zerodep.shaded.org.apache.hc.client5.http.wire - http-outgoing-0 >> "[\r][\n]"
21:23:13.954 [docker-java-stream--1761815518] DEBUG com.github.dockerjava.zerodep.shaded.org.apache.hc.client5.http.wire - http-outgoing-0 << "HTTP/1.1 200 OK[\r][\n]"
21:23:13.958 [docker-java-stream--1761815518] DEBUG com.github.dockerjava.zerodep.shaded.org.apache.hc.client5.http.wire - http-outgoing-0 << "Api-Version: 1.43[\r][\n]"
21:23:13.959 [docker-java-stream--1761815518] DEBUG com.github.dockerjava.zerodep.shaded.org.apache.hc.client5.http.wire - http-outgoing-0 << "Content-Type: application/json[\r][\n]"
21:23:13.959 [docker-java-stream--1761815518] DEBUG com.github.dockerjava.zerodep.shaded.org.apache.hc.client5.http.wire - http-outgoing-0 << "Date: Tue, 26 Dec 2023 18:23:13 GMT[\r][\n]"
21:23:13.969 [docker-java-stream--1761815518] DEBUG com.github.dockerjava.zerodep.shaded.org.apache.hc.client5.http.wire - http-outgoing-0 << "Docker-Experimental: false[\r][\n]"
21:23:13.969 [docker-java-stream--1761815518] DEBUG com.github.dockerjava.zerodep.shaded.org.apache.hc.client5.http.wire - http-outgoing-0 << "Ostype: linux[\r][\n]"
21:23:13.970 [docker-java-stream--1761815518] DEBUG com.github.dockerjava.zerodep.shaded.org.apache.hc.client5.http.wire - http-outgoing-0 << "Server: Docker/24.0.6 (linux)[\r][\n]"
21:23:13.970 [docker-java-stream--1761815518] DEBUG com.github.dockerjava.zerodep.shaded.org.apache.hc.client5.http.wire - http-outgoing-0 << "Transfer-Encoding: chunked[\r][\n]"
21:23:13.970 [docker-java-stream--1761815518] DEBUG com.github.dockerjava.zerodep.shaded.org.apache.hc.client5.http.wire - http-outgoing-0 << "[\r][\n]"
21:23:13.970 [docker-java-stream--1761815518] DEBUG com.github.dockerjava.zerodep.shaded.org.apache.hc.client5.http.headers - http-outgoing-0 << HTTP/1.1 200 OK
21:23:13.970 [docker-java-stream--1761815518] DEBUG com.github.dockerjava.zerodep.shaded.org.apache.hc.client5.http.headers - http-outgoing-0 << Api-Version: 1.43
21:23:13.971 [docker-java-stream--1761815518] DEBUG com.github.dockerjava.zerodep.shaded.org.apache.hc.client5.http.headers - http-outgoing-0 << Content-Type: application/json
21:23:13.971 [docker-java-stream--1761815518] DEBUG com.github.dockerjava.zerodep.shaded.org.apache.hc.client5.http.headers - http-outgoing-0 << Date: Tue, 26 Dec 2023 18:23:13 GMT
21:23:13.971 [docker-java-stream--1761815518] DEBUG com.github.dockerjava.zerodep.shaded.org.apache.hc.client5.http.headers - http-outgoing-0 << Docker-Experimental: false
21:23:13.971 [docker-java-stream--1761815518] DEBUG com.github.dockerjava.zerodep.shaded.org.apache.hc.client5.http.headers - http-outgoing-0 << Ostype: linux
21:23:13.971 [docker-java-stream--1761815518] DEBUG com.github.dockerjava.zerodep.shaded.org.apache.hc.client5.http.headers - http-outgoing-0 << Server: Docker/24.0.6 (linux)
21:23:13.971 [docker-java-stream--1761815518] DEBUG com.github.dockerjava.zerodep.shaded.org.apache.hc.client5.http.headers - http-outgoing-0 << Transfer-Encoding: chunked
21:23:13.972 [docker-java-stream--1761815518] DEBUG com.github.dockerjava.zerodep.shaded.org.apache.hc.client5.http.impl.classic.MainClientExec - ex-00000006: connection can be kept alive for 3 MINUTES
21:23:13.977 [docker-java-stream--1761815518] INFO tc.testcontainers/ryuk:0.5.1 - Starting to pull image
21:23:14.105 [docker-java-stream--1761815518] DEBUG com.github.dockerjava.zerodep.shaded.org.apache.hc.client5.http.wire - http-outgoing-0 << "3c[\r][\n]"
21:23:14.105 [docker-java-stream--1761815518] DEBUG com.github.dockerjava.zerodep.shaded.org.apache.hc.client5.http.wire - http-outgoing-0 << "{"status":"Pulling from testcontainers/ryuk","id":"0.5.1"}[\r][\n]"
21:23:14.105 [docker-java-stream--1761815518] DEBUG com.github.dockerjava.zerodep.shaded.org.apache.hc.client5.http.wire - http-outgoing-0 << "[\r][\n]"
21:23:14.111 [docker-java-stream--1761815518] DEBUG com.github.dockerjava.api.command.PullImageResultCallback - ResponseItem(stream=null, status=Pulling from testcontainers/ryuk, progressDetail=null, progress=null, id=0.5.1, from=null, time=null, errorDetail=null, error=null, aux=null)
21:23:14.313 [docker-java-stream--1761815518] INFO tc.testcontainers/ryuk:0.5.1 - Pulling image layers:  0 pending,  0 downloaded,  0 extracted, (0 bytes/0 bytes)
21:23:17.192 [docker-java-stream--1761815518] DEBUG com.github.dockerjava.zerodep.shaded.org.apache.hc.client5.http.wire - http-outgoing-0 << "47[\r][\n]"
21:23:17.193 [docker-java-stream--1761815518] DEBUG com.github.dockerjava.zerodep.shaded.org.apache.hc.client5.http.wire - http-outgoing-0 << "{"status":"Pulling fs layer","progressDetail":{},"id":"91d30c5bc195"}[\r][\n]"
21:23:17.193 [docker-java-stream--1761815518] DEBUG com.github.dockerjava.zerodep.shaded.org.apache.hc.client5.http.wire - http-outgoing-0 << "[\r][\n]"
21:23:17.194 [docker-java-stream--1761815518] DEBUG com.github.dockerjava.api.command.PullImageResultCallback - ResponseItem(stream=null, status=Pulling fs layer, progressDetail=ResponseItem.ProgressDetail(current=null, total=null, start=null), progress=null, id=91d30c5bc195, from=null, time=null, errorDetail=null, error=null, aux=null)
21:23:17.221 [docker-java-stream--1761815518] DEBUG com.github.dockerjava.zerodep.shaded.org.apache.hc.client5.http.wire - http-outgoing-0 << "8e[\r][\n]"
21:23:17.221 [docker-java-stream--1761815518] DEBUG com.github.dockerjava.zerodep.shaded.org.apache.hc.client5.http.wire - http-outgoing-0 << "{"status":"Pulling fs layer","progressDetail":{},"id":"44dc6ed559e0"}[\r][\n]"
21:23:17.221 [docker-java-stream--1761815518] DEBUG com.github.dockerjava.zerodep.shaded.org.apache.hc.client5.http.wire - http-outgoing-0 << "{"status":"Pulling fs layer","progressDetail":{},"id":"3937553ff7d0"}[\r][\n]"
21:23:17.221 [docker-java-stream--1761815518] DEBUG com.github.dockerjava.zerodep.shaded.org.apache.hc.client5.http.wire - http-outgoing-0 << "[\r][\n]"
21:23:17.222 [docker-java-stream--1761815518] DEBUG com.github.dockerjava.api.command.PullImageResultCallback - ResponseItem(stream=null, status=Pulling fs layer, progressDetail=ResponseItem.ProgressDetail(current=null, total=null, start=null), progress=null, id=44dc6ed559e0, from=null, time=null, errorDetail=null, error=null, aux=null)
21:23:17.222 [docker-java-stream--1761815518] DEBUG com.github.dockerjava.api.command.PullImageResultCallback - ResponseItem(stream=null, status=Pulling fs layer, progressDetail=ResponseItem.ProgressDetail(current=null, total=null, start=null), progress=null, id=3937553ff7d0, from=null, time=null, errorDetail=null, error=null, aux=null)
21:23:18.507 [docker-java-stream--1761815518] DEBUG com.github.dockerjava.zerodep.shaded.org.apache.hc.client5.http.wire - http-outgoing-0 << "22f[\r][\n]"
21:23:18.507 [docker-java-stream--1761815518] DEBUG com.github.dockerjava.zerodep.shaded.org.apache.hc.client5.http.wire - http-outgoing-0 << "{"status":"Downloading","progressDetail":{"current":28054,"total":2775904},"progress":"[\u003e                                                  ]  28.05kB/2.776MB","id":"3937553ff7d0"}[\r][\n]"
21:23:18.508 [docker-java-stream--1761815518] DEBUG com.github.dockerjava.zerodep.shaded.org.apache.hc.client5.http.wire - http-outgoing-0 << "{"status":"Downloading","progressDetail":{"current":90125,"total":2775904},"progress":"[=\u003e                                                 ]  90.12kB/2.776MB","id":"3937553ff7d0"}[\r][\n]"
21:23:18.508 [docker-java-stream--1761815518] DEBUG com.github.dockerjava.zerodep.shaded.org.apache.hc.client5.http.wire - http-outgoing-0 << "{"status":"Downloading","progressDetail":{"current":232633,"total":2775904},"progress":"[====\u003e                                              ]  232.6kB/2.776MB","id":"3937553ff7d0"}[\r][\n]"
21:23:18.508 [docker-java-stream--1761815518] DEBUG com.github.dockerjava.zerodep.shaded.org.apache.hc.client5.http.wire - http-outgoing-0 << "[\r][\n]"
21:23:18.508 [docker-java-stream--1761815518] DEBUG com.github.dockerjava.api.command.PullImageResultCallback - ResponseItem(stream=null, status=Downloading, progressDetail=ResponseItem.ProgressDetail(current=28054, total=2775904, start=null), progress=[>                                                  ]  28.05kB/2.776MB, id=3937553ff7d0, from=null, time=null, errorDetail=null, error=null, aux=null)
21:23:18.509 [docker-java-stream--1761815518] DEBUG com.github.dockerjava.api.command.PullImageResultCallback - ResponseItem(stream=null, status=Downloading, progressDetail=ResponseItem.ProgressDetail(current=90125, total=2775904, start=null), progress=[=>                                                 ]  90.12kB/2.776MB, id=3937553ff7d0, from=null, time=null, errorDetail=null, error=null, aux=null)
21:23:18.510 [docker-java-stream--1761815518] DEBUG com.github.dockerjava.api.command.PullImageResultCallback - ResponseItem(stream=null, status=Downloading, progressDetail=ResponseItem.ProgressDetail(current=232633, total=2775904, start=null), progress=[====>                                              ]  232.6kB/2.776MB, id=3937553ff7d0, from=null, time=null, errorDetail=null, error=null, aux=null)
21:23:18.681 [docker-java-stream--1761815518] DEBUG com.github.dockerjava.zerodep.shaded.org.apache.hc.client5.http.wire - http-outgoing-0 << "173[\r][\n]"
21:23:18.681 [docker-java-stream--1761815518] DEBUG com.github.dockerjava.zerodep.shaded.org.apache.hc.client5.http.wire - http-outgoing-0 << "{"status":"Downloading","progressDetail":{"current":3303,"total":284767},"progress":"[\u003e                                                  ]  3.303kB/284.8kB","id":"44dc6ed559e0"}[\r][\n]"
21:23:18.682 [docker-java-stream--1761815518] DEBUG com.github.dockerjava.zerodep.shaded.org.apache.hc.client5.http.wire - http-outgoing-0 << "{"status":"Downloading","progressDetail":{"current":363705,"total":2775904},"progress":"[======\u003e                                            ]  363.7kB/2.776MB","id":"3937553ff7d0"}[\r][\n]"
21:23:18.682 [docker-java-stream--1761815518] DEBUG com.github.dockerjava.zerodep.shaded.org.apache.hc.client5.http.wire - http-outgoing-0 << "[\r][\n]"
21:23:18.683 [docker-java-stream--1761815518] DEBUG com.github.dockerjava.api.command.PullImageResultCallback - ResponseItem(stream=null, status=Downloading, progressDetail=ResponseItem.ProgressDetail(current=3303, total=284767, start=null), progress=[>                                                  ]  3.303kB/284.8kB, id=44dc6ed559e0, from=null, time=null, errorDetail=null, error=null, aux=null)
21:23:18.684 [docker-java-stream--1761815518] DEBUG com.github.dockerjava.api.command.PullImageResultCallback - ResponseItem(stream=null, status=Downloading, progressDetail=ResponseItem.ProgressDetail(current=363705, total=2775904, start=null), progress=[======>                                            ]  363.7kB/2.776MB, id=3937553ff7d0, from=null, time=null, errorDetail=null, error=null, aux=null)
21:23:18.684 [docker-java-stream--1761815518] DEBUG com.github.dockerjava.zerodep.shaded.org.apache.hc.client5.http.wire - http-outgoing-0 << "ba[\r][\n]"
21:23:18.684 [docker-java-stream--1761815518] DEBUG com.github.dockerjava.zerodep.shaded.org.apache.hc.client5.http.wire - http-outgoing-0 << "{"status":"Downloading","progressDetail":{"current":28749,"total":2807803},"progress":"[\u003e                                                  ]  28.75kB/2.808MB","id":"91d30c5bc195"}[\r][\n]"
21:23:18.684 [docker-java-stream--1761815518] DEBUG com.github.dockerjava.zerodep.shaded.org.apache.hc.client5.http.wire - http-outgoing-0 << "[\r][\n]"
21:23:18.685 [docker-java-stream--1761815518] DEBUG com.github.dockerjava.api.command.PullImageResultCallback - ResponseItem(stream=null, status=Downloading, progressDetail=ResponseItem.ProgressDetail(current=28749, total=2807803, start=null), progress=[>                                                  ]  28.75kB/2.808MB, id=91d30c5bc195, from=null, time=null, errorDetail=null, error=null, aux=null)
21:23:18.751 [docker-java-stream--1761815518] DEBUG com.github.dockerjava.zerodep.shaded.org.apache.hc.client5.http.wire - http-outgoing-0 << "bb[\r][\n]"
21:23:18.751 [docker-java-stream--1761815518] DEBUG com.github.dockerjava.zerodep.shaded.org.apache.hc.client5.http.wire - http-outgoing-0 << "{"status":"Downloading","progressDetail":{"current":396473,"total":2775904},"progress":"[=======\u003e                                           ]  396.5kB/2.776MB","id":"3937553ff7d0"}[\r][\n]"
21:23:18.751 [docker-java-stream--1761815518] DEBUG com.github.dockerjava.zerodep.shaded.org.apache.hc.client5.http.wire - http-outgoing-0 << "[\r][\n]"
21:23:18.752 [docker-java-stream--1761815518] DEBUG com.github.dockerjava.api.command.PullImageResultCallback - ResponseItem(stream=null, status=Downloading, progressDetail=ResponseItem.ProgressDetail(current=396473, total=2775904, start=null), progress=[=======>                                           ]  396.5kB/2.776MB, id=3937553ff7d0, from=null, time=null, errorDetail=null, error=null, aux=null)
21:23:18.801 [docker-java-stream--1761815518] DEBUG com.github.dockerjava.zerodep.shaded.org.apache.hc.client5.http.wire - http-outgoing-0 << "b9[\r][\n]"
21:23:18.801 [docker-java-stream--1761815518] DEBUG com.github.dockerjava.zerodep.shaded.org.apache.hc.client5.http.wire - http-outgoing-0 << "{"status":"Downloading","progressDetail":{"current":15624,"total":284767},"progress":"[==\u003e                                                ]  15.62kB/284.8kB","id":"44dc6ed559e0"}[\r][\n]"
21:23:18.801 [docker-java-stream--1761815518] DEBUG com.github.dockerjava.zerodep.shaded.org.apache.hc.client5.http.wire - http-outgoing-0 << "[\r][\n]"
21:23:18.801 [docker-java-stream--1761815518] DEBUG com.github.dockerjava.api.command.PullImageResultCallback - ResponseItem(stream=null, status=Downloading, progressDetail=ResponseItem.ProgressDetail(current=15624, total=284767, start=null), progress=[==>                                                ]  15.62kB/284.8kB, id=44dc6ed559e0, from=null, time=null, errorDetail=null, error=null, aux=null)
21:23:19.147 [docker-java-stream--1761815518] DEBUG com.github.dockerjava.zerodep.shaded.org.apache.hc.client5.http.wire - http-outgoing-0 << "2e9[\r][\n]"
21:23:19.147 [docker-java-stream--1761815518] DEBUG com.github.dockerjava.zerodep.shaded.org.apache.hc.client5.http.wire - http-outgoing-0 << "{"status":"Downloading","progressDetail":{"current":119449,"total":2807803},"progress":"[==\u003e                                                ]  119.4kB/2.808MB","id":"91d30c5bc195"}[\r][\n]"
21:23:19.147 [docker-java-stream--1761815518] DEBUG com.github.dockerjava.zerodep.shaded.org.apache.hc.client5.http.wire - http-outgoing-0 << "{"status":"Downloading","progressDetail":{"current":59466,"total":284767},"progress":"[==========\u003e                                        ]  59.47kB/284.8kB","id":"44dc6ed559e0"}[\r][\n]"
21:23:19.148 [docker-java-stream--1761815518] DEBUG com.github.dockerjava.zerodep.shaded.org.apache.hc.client5.http.wire - http-outgoing-0 << "{"status":"Downloading","progressDetail":{"current":205066,"total":2807803},"progress":"[===\u003e                                               ]  205.1kB/2.808MB","id":"91d30c5bc195"}[\r][\n]"
21:23:19.148 [docker-java-stream--1761815518] DEBUG com.github.dockerjava.zerodep.shaded.org.apache.hc.client5.http.wire - http-outgoing-0 << "{"status":"Downloading","progressDetail":{"current":110065,"total":284767},"progress":"[===================\u003e                               ]  110.1kB/284.8kB","id":"44dc6ed559e0"}[\r][\n]"
21:23:19.148 [docker-java-stream--1761815518] DEBUG com.github.dockerjava.zerodep.shaded.org.apache.hc.client5.http.wire - http-outgoing-0 << "[\r][\n]"
21:23:19.149 [docker-java-stream--1761815518] DEBUG com.github.dockerjava.api.command.PullImageResultCallback - ResponseItem(stream=null, status=Downloading, progressDetail=ResponseItem.ProgressDetail(current=119449, total=2807803, start=null), progress=[==>                                                ]  119.4kB/2.808MB, id=91d30c5bc195, from=null, time=null, errorDetail=null, error=null, aux=null)
21:23:19.151 [docker-java-stream--1761815518] DEBUG com.github.dockerjava.api.command.PullImageResultCallback - ResponseItem(stream=null, status=Downloading, progressDetail=ResponseItem.ProgressDetail(current=59466, total=284767, start=null), progress=[==========>                                        ]  59.47kB/284.8kB, id=44dc6ed559e0, from=null, time=null, errorDetail=null, error=null, aux=null)
21:23:19.152 [docker-java-stream--1761815518] DEBUG com.github.dockerjava.api.command.PullImageResultCallback - ResponseItem(stream=null, status=Downloading, progressDetail=ResponseItem.ProgressDetail(current=205066, total=2807803, start=null), progress=[===>                                               ]  205.1kB/2.808MB, id=91d30c5bc195, from=null, time=null, errorDetail=null, error=null, aux=null)
21:23:19.155 [docker-java-stream--1761815518] DEBUG com.github.dockerjava.api.command.PullImageResultCallback - ResponseItem(stream=null, status=Downloading, progressDetail=ResponseItem.ProgressDetail(current=110065, total=284767, start=null), progress=[===================>                               ]  110.1kB/284.8kB, id=44dc6ed559e0, from=null, time=null, errorDetail=null, error=null, aux=null)
21:23:19.221 [docker-java-stream--1761815518] DEBUG com.github.dockerjava.zerodep.shaded.org.apache.hc.client5.http.wire - http-outgoing-0 << "230[\r][\n]"
21:23:19.222 [docker-java-stream--1761815518] DEBUG com.github.dockerjava.zerodep.shaded.org.apache.hc.client5.http.wire - http-outgoing-0 << "{"status":"Downloading","progressDetail":{"current":196214,"total":284767},"progress":"[==================================\u003e                ]  196.2kB/284.8kB","id":"44dc6ed559e0"}[\r][\n]"
21:23:19.222 [docker-java-stream--1761815518] DEBUG com.github.dockerjava.zerodep.shaded.org.apache.hc.client5.http.wire - http-outgoing-0 << "{"status":"Downloading","progressDetail":{"current":429241,"total":2775904},"progress":"[=======\u003e                                           ]  429.2kB/2.776MB","id":"3937553ff7d0"}[\r][\n]"
21:23:19.223 [docker-java-stream--1761815518] DEBUG com.github.dockerjava.zerodep.shaded.org.apache.hc.client5.http.wire - http-outgoing-0 << "{"status":"Downloading","progressDetail":{"current":278528,"total":2807803},"progress":"[====\u003e                                              ]  278.5kB/2.808MB","id":"91d30c5bc195"}[\r][\n]"
21:23:19.223 [docker-java-stream--1761815518] DEBUG com.github.dockerjava.zerodep.shaded.org.apache.hc.client5.http.wire - http-outgoing-0 << "[\r][\n]"
21:23:19.224 [docker-java-stream--1761815518] DEBUG com.github.dockerjava.api.command.PullImageResultCallback - ResponseItem(stream=null, status=Downloading, progressDetail=ResponseItem.ProgressDetail(current=196214, total=284767, start=null), progress=[==================================>                ]  196.2kB/284.8kB, id=44dc6ed559e0, from=null, time=null, errorDetail=null, error=null, aux=null)
21:23:19.226 [docker-java-stream--1761815518] DEBUG com.github.dockerjava.api.command.PullImageResultCallback - ResponseItem(stream=null, status=Downloading, progressDetail=ResponseItem.ProgressDetail(current=429241, total=2775904, start=null), progress=[=======>                                           ]  429.2kB/2.776MB, id=3937553ff7d0, from=null, time=null, errorDetail=null, error=null, aux=null)
21:23:19.227 [docker-java-stream--1761815518] DEBUG com.github.dockerjava.api.command.PullImageResultCallback - ResponseItem(stream=null, status=Downloading, progressDetail=ResponseItem.ProgressDetail(current=278528, total=2807803, start=null), progress=[====>                                              ]  278.5kB/2.808MB, id=91d30c5bc195, from=null, time=null, errorDetail=null, error=null, aux=null)
21:23:19.347 [docker-java-stream--1761815518] DEBUG com.github.dockerjava.zerodep.shaded.org.apache.hc.client5.http.wire - http-outgoing-0 << "ba[\r][\n]"
21:23:19.347 [docker-java-stream--1761815518] DEBUG com.github.dockerjava.zerodep.shaded.org.apache.hc.client5.http.wire - http-outgoing-0 << "{"status":"Downloading","progressDetail":{"current":249063,"total":284767},"progress":"[===========================================\u003e       ]  249.1kB/284.8kB","id":"44dc6ed559e0"}[\r][\n]"
21:23:19.347 [docker-java-stream--1761815518] DEBUG com.github.dockerjava.zerodep.shaded.org.apache.hc.client5.http.wire - http-outgoing-0 << "[\r][\n]"
21:23:19.349 [docker-java-stream--1761815518] DEBUG com.github.dockerjava.api.command.PullImageResultCallback - ResponseItem(stream=null, status=Downloading, progressDetail=ResponseItem.ProgressDetail(current=249063, total=284767, start=null), progress=[===========================================>       ]  249.1kB/284.8kB, id=44dc6ed559e0, from=null, time=null, errorDetail=null, error=null, aux=null)
21:23:19.392 [docker-java-stream--1761815518] DEBUG com.github.dockerjava.zerodep.shaded.org.apache.hc.client5.http.wire - http-outgoing-0 << "176[\r][\n]"
21:23:19.392 [docker-java-stream--1761815518] DEBUG com.github.dockerjava.zerodep.shaded.org.apache.hc.client5.http.wire - http-outgoing-0 << "{"status":"Downloading","progressDetail":{"current":494777,"total":2775904},"progress":"[========\u003e                                          ]  494.8kB/2.776MB","id":"3937553ff7d0"}[\r][\n]"
21:23:19.393 [docker-java-stream--1761815518] DEBUG com.github.dockerjava.zerodep.shaded.org.apache.hc.client5.http.wire - http-outgoing-0 << "{"status":"Downloading","progressDetail":{"current":376832,"total":2807803},"progress":"[======\u003e                                            ]  376.8kB/2.808MB","id":"91d30c5bc195"}[\r][\n]"
21:23:19.394 [docker-java-stream--1761815518] DEBUG com.github.dockerjava.zerodep.shaded.org.apache.hc.client5.http.wire - http-outgoing-0 << "[\r][\n]"
21:23:19.397 [docker-java-stream--1761815518] DEBUG com.github.dockerjava.api.command.PullImageResultCallback - ResponseItem(stream=null, status=Downloading, progressDetail=ResponseItem.ProgressDetail(current=494777, total=2775904, start=null), progress=[========>                                          ]  494.8kB/2.776MB, id=3937553ff7d0, from=null, time=null, errorDetail=null, error=null, aux=null)
21:23:19.400 [docker-java-stream--1761815518] DEBUG com.github.dockerjava.api.command.PullImageResultCallback - ResponseItem(stream=null, status=Downloading, progressDetail=ResponseItem.ProgressDetail(current=376832, total=2807803, start=null), progress=[======>                                            ]  376.8kB/2.808MB, id=91d30c5bc195, from=null, time=null, errorDetail=null, error=null, aux=null)
21:23:19.402 [docker-java-stream--1761815518] DEBUG com.github.dockerjava.zerodep.shaded.org.apache.hc.client5.http.wire - http-outgoing-0 << "102[\r][\n]"
21:23:19.403 [docker-java-stream--1761815518] DEBUG com.github.dockerjava.zerodep.shaded.org.apache.hc.client5.http.wire - http-outgoing-0 << "{"status":"Downloading","progressDetail":{"current":284767,"total":284767},"progress":"[==================================================\u003e]  284.8kB/284.8kB","id":"44dc6ed559e0"}[\r][\n]"
21:23:19.403 [docker-java-stream--1761815518] DEBUG com.github.dockerjava.zerodep.shaded.org.apache.hc.client5.http.wire - http-outgoing-0 << "{"status":"Download complete","progressDetail":{},"id":"44dc6ed559e0"}[\r][\n]"
21:23:19.403 [docker-java-stream--1761815518] DEBUG com.github.dockerjava.zerodep.shaded.org.apache.hc.client5.http.wire - http-outgoing-0 << "[\r][\n]"
21:23:19.404 [docker-java-stream--1761815518] DEBUG com.github.dockerjava.api.command.PullImageResultCallback - ResponseItem(stream=null, status=Downloading, progressDetail=ResponseItem.ProgressDetail(current=284767, total=284767, start=null), progress=[==================================================>]  284.8kB/284.8kB, id=44dc6ed559e0, from=null, time=null, errorDetail=null, error=null, aux=null)
21:23:19.405 [docker-java-stream--1761815518] DEBUG com.github.dockerjava.api.command.PullImageResultCallback - ResponseItem(stream=null, status=Download complete, progressDetail=ResponseItem.ProgressDetail(current=null, total=null, start=null), progress=null, id=44dc6ed559e0, from=null, time=null, errorDetail=null, error=null, aux=null)
21:23:19.432 [docker-java-stream--1761815518] INFO tc.testcontainers/ryuk:0.5.1 - Pulling image layers:  2 pending,  1 downloaded,  0 extracted, (1 MB/? MB)
21:23:19.445 [docker-java-stream--1761815518] DEBUG com.github.dockerjava.zerodep.shaded.org.apache.hc.client5.http.wire - http-outgoing-0 << "bb[\r][\n]"
21:23:19.445 [docker-java-stream--1761815518] DEBUG com.github.dockerjava.zerodep.shaded.org.apache.hc.client5.http.wire - http-outgoing-0 << "{"status":"Downloading","progressDetail":{"current":560313,"total":2775904},"progress":"[==========\u003e                                        ]  560.3kB/2.776MB","id":"3937553ff7d0"}[\r][\n]"
21:23:19.445 [docker-java-stream--1761815518] DEBUG com.github.dockerjava.zerodep.shaded.org.apache.hc.client5.http.wire - http-outgoing-0 << "[\r][\n]"
21:23:19.447 [docker-java-stream--1761815518] DEBUG com.github.dockerjava.api.command.PullImageResultCallback - ResponseItem(stream=null, status=Downloading, progressDetail=ResponseItem.ProgressDetail(current=560313, total=2775904, start=null), progress=[==========>                                        ]  560.3kB/2.776MB, id=3937553ff7d0, from=null, time=null, errorDetail=null, error=null, aux=null)
21:23:19.597 [docker-java-stream--1761815518] DEBUG com.github.dockerjava.zerodep.shaded.org.apache.hc.client5.http.wire - http-outgoing-0 << "bb[\r][\n]"
21:23:19.598 [docker-java-stream--1761815518] DEBUG com.github.dockerjava.zerodep.shaded.org.apache.hc.client5.http.wire - http-outgoing-0 << "{"status":"Downloading","progressDetail":{"current":442368,"total":2807803},"progress":"[=======\u003e                                           ]  442.4kB/2.808MB","id":"91d30c5bc195"}[\r][\n]"
21:23:19.599 [docker-java-stream--1761815518] DEBUG com.github.dockerjava.zerodep.shaded.org.apache.hc.client5.http.wire - http-outgoing-0 << "[\r][\n]"
21:23:19.603 [docker-java-stream--1761815518] DEBUG com.github.dockerjava.api.command.PullImageResultCallback - ResponseItem(stream=null, status=Downloading, progressDetail=ResponseItem.ProgressDetail(current=442368, total=2807803, start=null), progress=[=======>                                           ]  442.4kB/2.808MB, id=91d30c5bc195, from=null, time=null, errorDetail=null, error=null, aux=null)
21:23:19.663 [docker-java-stream--1761815518] DEBUG com.github.dockerjava.zerodep.shaded.org.apache.hc.client5.http.wire - http-outgoing-0 << "bb[\r][\n]"
21:23:19.663 [docker-java-stream--1761815518] DEBUG com.github.dockerjava.zerodep.shaded.org.apache.hc.client5.http.wire - http-outgoing-0 << "{"status":"Downloading","progressDetail":{"current":699577,"total":2775904},"progress":"[============\u003e                                      ]  699.6kB/2.776MB","id":"3937553ff7d0"}[\r][\n]"
21:23:19.664 [docker-java-stream--1761815518] DEBUG com.github.dockerjava.zerodep.shaded.org.apache.hc.client5.http.wire - http-outgoing-0 << "[\r][\n]"
21:23:19.667 [docker-java-stream--1761815518] DEBUG com.github.dockerjava.api.command.PullImageResultCallback - ResponseItem(stream=null, status=Downloading, progressDetail=ResponseItem.ProgressDetail(current=699577, total=2775904, start=null), progress=[============>                                      ]  699.6kB/2.776MB, id=3937553ff7d0, from=null, time=null, errorDetail=null, error=null, aux=null)
21:23:19.692 [docker-java-stream--1761815518] DEBUG com.github.dockerjava.zerodep.shaded.org.apache.hc.client5.http.wire - http-outgoing-0 << "bb[\r][\n]"
21:23:19.693 [docker-java-stream--1761815518] DEBUG com.github.dockerjava.zerodep.shaded.org.apache.hc.client5.http.wire - http-outgoing-0 << "{"status":"Downloading","progressDetail":{"current":475136,"total":2807803},"progress":"[========\u003e                                          ]  475.1kB/2.808MB","id":"91d30c5bc195"}[\r][\n]"
21:23:19.693 [docker-java-stream--1761815518] DEBUG com.github.dockerjava.zerodep.shaded.org.apache.hc.client5.http.wire - http-outgoing-0 << "[\r][\n]"
21:23:19.695 [docker-java-stream--1761815518] DEBUG com.github.dockerjava.api.command.PullImageResultCallback - ResponseItem(stream=null, status=Downloading, progressDetail=ResponseItem.ProgressDetail(current=475136, total=2807803, start=null), progress=[========>                                          ]  475.1kB/2.808MB, id=91d30c5bc195, from=null, time=null, errorDetail=null, error=null, aux=null)
21:23:19.921 [docker-java-stream--1761815518] DEBUG com.github.dockerjava.zerodep.shaded.org.apache.hc.client5.http.wire - http-outgoing-0 << "bb[\r][\n]"
21:23:19.922 [docker-java-stream--1761815518] DEBUG com.github.dockerjava.zerodep.shaded.org.apache.hc.client5.http.wire - http-outgoing-0 << "{"status":"Downloading","progressDetail":{"current":765113,"total":2775904},"progress":"[=============\u003e                                     ]  765.1kB/2.776MB","id":"3937553ff7d0"}[\r][\n]"
21:23:19.923 [docker-java-stream--1761815518] DEBUG com.github.dockerjava.zerodep.shaded.org.apache.hc.client5.http.wire - http-outgoing-0 << "[\r][\n]"
21:23:19.924 [docker-java-stream--1761815518] DEBUG com.github.dockerjava.api.command.PullImageResultCallback - ResponseItem(stream=null, status=Downloading, progressDetail=ResponseItem.ProgressDetail(current=765113, total=2775904, start=null), progress=[=============>                                     ]  765.1kB/2.776MB, id=3937553ff7d0, from=null, time=null, errorDetail=null, error=null, aux=null)
21:23:20.018 [docker-java-stream--1761815518] DEBUG com.github.dockerjava.zerodep.shaded.org.apache.hc.client5.http.wire - http-outgoing-0 << "bb[\r][\n]"
21:23:20.018 [docker-java-stream--1761815518] DEBUG com.github.dockerjava.zerodep.shaded.org.apache.hc.client5.http.wire - http-outgoing-0 << "{"status":"Downloading","progressDetail":{"current":573440,"total":2807803},"progress":"[==========\u003e                                        ]  573.4kB/2.808MB","id":"91d30c5bc195"}[\r][\n]"
21:23:20.018 [docker-java-stream--1761815518] DEBUG com.github.dockerjava.zerodep.shaded.org.apache.hc.client5.http.wire - http-outgoing-0 << "[\r][\n]"
21:23:20.019 [docker-java-stream--1761815518] DEBUG com.github.dockerjava.api.command.PullImageResultCallback - ResponseItem(stream=null, status=Downloading, progressDetail=ResponseItem.ProgressDetail(current=573440, total=2807803, start=null), progress=[==========>                                        ]  573.4kB/2.808MB, id=91d30c5bc195, from=null, time=null, errorDetail=null, error=null, aux=null)
21:23:20.071 [docker-java-stream--1761815518] DEBUG com.github.dockerjava.zerodep.shaded.org.apache.hc.client5.http.wire - http-outgoing-0 << "bb[\r][\n]"
21:23:20.071 [docker-java-stream--1761815518] DEBUG com.github.dockerjava.zerodep.shaded.org.apache.hc.client5.http.wire - http-outgoing-0 << "{"status":"Downloading","progressDetail":{"current":830649,"total":2775904},"progress":"[==============\u003e                                    ]  830.6kB/2.776MB","id":"3937553ff7d0"}[\r][\n]"
21:23:20.071 [docker-java-stream--1761815518] DEBUG com.github.dockerjava.zerodep.shaded.org.apache.hc.client5.http.wire - http-outgoing-0 << "[\r][\n]"
21:23:20.072 [docker-java-stream--1761815518] DEBUG com.github.dockerjava.api.command.PullImageResultCallback - ResponseItem(stream=null, status=Downloading, progressDetail=ResponseItem.ProgressDetail(current=830649, total=2775904, start=null), progress=[==============>                                    ]  830.6kB/2.776MB, id=3937553ff7d0, from=null, time=null, errorDetail=null, error=null, aux=null)
21:23:20.241 [docker-java-stream--1761815518] DEBUG com.github.dockerjava.zerodep.shaded.org.apache.hc.client5.http.wire - http-outgoing-0 << "bb[\r][\n]"
21:23:20.242 [docker-java-stream--1761815518] DEBUG com.github.dockerjava.zerodep.shaded.org.apache.hc.client5.http.wire - http-outgoing-0 << "{"status":"Downloading","progressDetail":{"current":638976,"total":2807803},"progress":"[===========\u003e                                       ]    639kB/2.808MB","id":"91d30c5bc195"}[\r][\n]"
21:23:20.243 [docker-java-stream--1761815518] DEBUG com.github.dockerjava.zerodep.shaded.org.apache.hc.client5.http.wire - http-outgoing-0 << "[\r][\n]"
21:23:20.249 [docker-java-stream--1761815518] DEBUG com.github.dockerjava.api.command.PullImageResultCallback - ResponseItem(stream=null, status=Downloading, progressDetail=ResponseItem.ProgressDetail(current=638976, total=2807803, start=null), progress=[===========>                                       ]    639kB/2.808MB, id=91d30c5bc195, from=null, time=null, errorDetail=null, error=null, aux=null)
21:23:20.356 [docker-java-stream--1761815518] DEBUG com.github.dockerjava.zerodep.shaded.org.apache.hc.client5.http.wire - http-outgoing-0 << "bb[\r][\n]"
21:23:20.357 [docker-java-stream--1761815518] DEBUG com.github.dockerjava.zerodep.shaded.org.apache.hc.client5.http.wire - http-outgoing-0 << "{"status":"Downloading","progressDetail":{"current":704512,"total":2807803},"progress":"[============\u003e                                      ]  704.5kB/2.808MB","id":"91d30c5bc195"}[\r][\n]"
21:23:20.358 [docker-java-stream--1761815518] DEBUG com.github.dockerjava.zerodep.shaded.org.apache.hc.client5.http.wire - http-outgoing-0 << "[\r][\n]"
21:23:20.359 [docker-java-stream--1761815518] DEBUG com.github.dockerjava.api.command.PullImageResultCallback - ResponseItem(stream=null, status=Downloading, progressDetail=ResponseItem.ProgressDetail(current=704512, total=2807803, start=null), progress=[============>                                      ]  704.5kB/2.808MB, id=91d30c5bc195, from=null, time=null, errorDetail=null, error=null, aux=null)
21:23:20.478 [docker-java-stream--1761815518] DEBUG com.github.dockerjava.zerodep.shaded.org.apache.hc.client5.http.wire - http-outgoing-0 << "bb[\r][\n]"
21:23:20.478 [docker-java-stream--1761815518] DEBUG com.github.dockerjava.zerodep.shaded.org.apache.hc.client5.http.wire - http-outgoing-0 << "{"status":"Downloading","progressDetail":{"current":737280,"total":2807803},"progress":"[=============\u003e                                     ]  737.3kB/2.808MB","id":"91d30c5bc195"}[\r][\n]"
21:23:20.478 [docker-java-stream--1761815518] DEBUG com.github.dockerjava.zerodep.shaded.org.apache.hc.client5.http.wire - http-outgoing-0 << "[\r][\n]"
21:23:20.480 [docker-java-stream--1761815518] DEBUG com.github.dockerjava.api.command.PullImageResultCallback - ResponseItem(stream=null, status=Downloading, progressDetail=ResponseItem.ProgressDetail(current=737280, total=2807803, start=null), progress=[=============>                                     ]  737.3kB/2.808MB, id=91d30c5bc195, from=null, time=null, errorDetail=null, error=null, aux=null)
21:23:20.537 [docker-java-stream--1761815518] DEBUG com.github.dockerjava.zerodep.shaded.org.apache.hc.client5.http.wire - http-outgoing-0 << "bb[\r][\n]"
21:23:20.537 [docker-java-stream--1761815518] DEBUG com.github.dockerjava.zerodep.shaded.org.apache.hc.client5.http.wire - http-outgoing-0 << "{"status":"Downloading","progressDetail":{"current":928953,"total":2775904},"progress":"[================\u003e                                  ]    929kB/2.776MB","id":"3937553ff7d0"}[\r][\n]"
21:23:20.537 [docker-java-stream--1761815518] DEBUG com.github.dockerjava.zerodep.shaded.org.apache.hc.client5.http.wire - http-outgoing-0 << "[\r][\n]"
21:23:20.538 [docker-java-stream--1761815518] DEBUG com.github.dockerjava.api.command.PullImageResultCallback - ResponseItem(stream=null, status=Downloading, progressDetail=ResponseItem.ProgressDetail(current=928953, total=2775904, start=null), progress=[================>                                  ]    929kB/2.776MB, id=3937553ff7d0, from=null, time=null, errorDetail=null, error=null, aux=null)
21:23:20.610 [docker-java-stream--1761815518] DEBUG com.github.dockerjava.zerodep.shaded.org.apache.hc.client5.http.wire - http-outgoing-0 << "bb[\r][\n]"
21:23:20.610 [docker-java-stream--1761815518] DEBUG com.github.dockerjava.zerodep.shaded.org.apache.hc.client5.http.wire - http-outgoing-0 << "{"status":"Downloading","progressDetail":{"current":901120,"total":2807803},"progress":"[================\u003e                                  ]  901.1kB/2.808MB","id":"91d30c5bc195"}[\r][\n]"
21:23:20.610 [docker-java-stream--1761815518] DEBUG com.github.dockerjava.zerodep.shaded.org.apache.hc.client5.http.wire - http-outgoing-0 << "[\r][\n]"
21:23:20.613 [docker-java-stream--1761815518] DEBUG com.github.dockerjava.api.command.PullImageResultCallback - ResponseItem(stream=null, status=Downloading, progressDetail=ResponseItem.ProgressDetail(current=901120, total=2807803, start=null), progress=[================>                                  ]  901.1kB/2.808MB, id=91d30c5bc195, from=null, time=null, errorDetail=null, error=null, aux=null)
21:23:20.762 [docker-java-stream--1761815518] DEBUG com.github.dockerjava.zerodep.shaded.org.apache.hc.client5.http.wire - http-outgoing-0 << "bb[\r][\n]"
21:23:20.764 [docker-java-stream--1761815518] DEBUG com.github.dockerjava.zerodep.shaded.org.apache.hc.client5.http.wire - http-outgoing-0 << "{"status":"Downloading","progressDetail":{"current":961721,"total":2775904},"progress":"[=================\u003e                                 ]  961.7kB/2.776MB","id":"3937553ff7d0"}[\r][\n]"
21:23:20.764 [docker-java-stream--1761815518] DEBUG com.github.dockerjava.zerodep.shaded.org.apache.hc.client5.http.wire - http-outgoing-0 << "[\r][\n]"
21:23:20.767 [docker-java-stream--1761815518] DEBUG com.github.dockerjava.api.command.PullImageResultCallback - ResponseItem(stream=null, status=Downloading, progressDetail=ResponseItem.ProgressDetail(current=961721, total=2775904, start=null), progress=[=================>                                 ]  961.7kB/2.776MB, id=3937553ff7d0, from=null, time=null, errorDetail=null, error=null, aux=null)
21:23:20.785 [docker-java-stream--1761815518] DEBUG com.github.dockerjava.zerodep.shaded.org.apache.hc.client5.http.wire - http-outgoing-0 << "bb[\r][\n]"
21:23:20.786 [docker-java-stream--1761815518] DEBUG com.github.dockerjava.zerodep.shaded.org.apache.hc.client5.http.wire - http-outgoing-0 << "{"status":"Downloading","progressDetail":{"current":999424,"total":2807803},"progress":"[=================\u003e                                 ]  999.4kB/2.808MB","id":"91d30c5bc195"}[\r][\n]"
21:23:20.786 [docker-java-stream--1761815518] DEBUG com.github.dockerjava.zerodep.shaded.org.apache.hc.client5.http.wire - http-outgoing-0 << "[\r][\n]"
21:23:20.788 [docker-java-stream--1761815518] DEBUG com.github.dockerjava.api.command.PullImageResultCallback - ResponseItem(stream=null, status=Downloading, progressDetail=ResponseItem.ProgressDetail(current=999424, total=2807803, start=null), progress=[=================>                                 ]  999.4kB/2.808MB, id=91d30c5bc195, from=null, time=null, errorDetail=null, error=null, aux=null)
21:23:20.872 [docker-java-stream--1761815518] DEBUG com.github.dockerjava.zerodep.shaded.org.apache.hc.client5.http.wire - http-outgoing-0 << "bb[\r][\n]"
21:23:20.873 [docker-java-stream--1761815518] DEBUG com.github.dockerjava.zerodep.shaded.org.apache.hc.client5.http.wire - http-outgoing-0 << "{"status":"Downloading","progressDetail":{"current":994489,"total":2775904},"progress":"[=================\u003e                                 ]  994.5kB/2.776MB","id":"3937553ff7d0"}[\r][\n]"
21:23:20.873 [docker-java-stream--1761815518] DEBUG com.github.dockerjava.zerodep.shaded.org.apache.hc.client5.http.wire - http-outgoing-0 << "[\r][\n]"
21:23:20.874 [docker-java-stream--1761815518] DEBUG com.github.dockerjava.api.command.PullImageResultCallback - ResponseItem(stream=null, status=Downloading, progressDetail=ResponseItem.ProgressDetail(current=994489, total=2775904, start=null), progress=[=================>                                 ]  994.5kB/2.776MB, id=3937553ff7d0, from=null, time=null, errorDetail=null, error=null, aux=null)
21:23:20.946 [docker-java-stream--1761815518] DEBUG com.github.dockerjava.zerodep.shaded.org.apache.hc.client5.http.wire - http-outgoing-0 << "bc[\r][\n]"
21:23:20.946 [docker-java-stream--1761815518] DEBUG com.github.dockerjava.zerodep.shaded.org.apache.hc.client5.http.wire - http-outgoing-0 << "{"status":"Downloading","progressDetail":{"current":1194312,"total":2807803},"progress":"[=====================\u003e                             ]  1.194MB/2.808MB","id":"91d30c5bc195"}[\r][\n]"
21:23:20.946 [docker-java-stream--1761815518] DEBUG com.github.dockerjava.zerodep.shaded.org.apache.hc.client5.http.wire - http-outgoing-0 << "[\r][\n]"
21:23:20.947 [docker-java-stream--1761815518] DEBUG com.github.dockerjava.api.command.PullImageResultCallback - ResponseItem(stream=null, status=Downloading, progressDetail=ResponseItem.ProgressDetail(current=1194312, total=2807803, start=null), progress=[=====================>                             ]  1.194MB/2.808MB, id=91d30c5bc195, from=null, time=null, errorDetail=null, error=null, aux=null)
21:23:21.029 [docker-java-stream--1761815518] DEBUG com.github.dockerjava.zerodep.shaded.org.apache.hc.client5.http.wire - http-outgoing-0 << "bc[\r][\n]"
21:23:21.029 [docker-java-stream--1761815518] DEBUG com.github.dockerjava.zerodep.shaded.org.apache.hc.client5.http.wire - http-outgoing-0 << "{"status":"Downloading","progressDetail":{"current":1096889,"total":2775904},"progress":"[===================\u003e                               ]  1.097MB/2.776MB","id":"3937553ff7d0"}[\r][\n]"
21:23:21.029 [docker-java-stream--1761815518] DEBUG com.github.dockerjava.zerodep.shaded.org.apache.hc.client5.http.wire - http-outgoing-0 << "[\r][\n]"
21:23:21.030 [docker-java-stream--1761815518] DEBUG com.github.dockerjava.api.command.PullImageResultCallback - ResponseItem(stream=null, status=Downloading, progressDetail=ResponseItem.ProgressDetail(current=1096889, total=2775904, start=null), progress=[===================>                               ]  1.097MB/2.776MB, id=3937553ff7d0, from=null, time=null, errorDetail=null, error=null, aux=null)
21:23:21.195 [docker-java-stream--1761815518] DEBUG com.github.dockerjava.zerodep.shaded.org.apache.hc.client5.http.wire - http-outgoing-0 << "178[\r][\n]"
21:23:21.195 [docker-java-stream--1761815518] DEBUG com.github.dockerjava.zerodep.shaded.org.apache.hc.client5.http.wire - http-outgoing-0 << "{"status":"Downloading","progressDetail":{"current":1423688,"total":2807803},"progress":"[=========================\u003e                         ]  1.424MB/2.808MB","id":"91d30c5bc195"}[\r][\n]"
21:23:21.195 [docker-java-stream--1761815518] DEBUG com.github.dockerjava.zerodep.shaded.org.apache.hc.client5.http.wire - http-outgoing-0 << "{"status":"Downloading","progressDetail":{"current":1162425,"total":2775904},"progress":"[====================\u003e                              ]  1.162MB/2.776MB","id":"3937553ff7d0"}[\r][\n]"
21:23:21.195 [docker-java-stream--1761815518] DEBUG com.github.dockerjava.zerodep.shaded.org.apache.hc.client5.http.wire - http-outgoing-0 << "[\r][\n]"
21:23:21.196 [docker-java-stream--1761815518] DEBUG com.github.dockerjava.api.command.PullImageResultCallback - ResponseItem(stream=null, status=Downloading, progressDetail=ResponseItem.ProgressDetail(current=1423688, total=2807803, start=null), progress=[=========================>                         ]  1.424MB/2.808MB, id=91d30c5bc195, from=null, time=null, errorDetail=null, error=null, aux=null)
21:23:21.197 [docker-java-stream--1761815518] DEBUG com.github.dockerjava.api.command.PullImageResultCallback - ResponseItem(stream=null, status=Downloading, progressDetail=ResponseItem.ProgressDetail(current=1162425, total=2775904, start=null), progress=[====================>                              ]  1.162MB/2.776MB, id=3937553ff7d0, from=null, time=null, errorDetail=null, error=null, aux=null)
21:23:21.271 [docker-java-stream--1761815518] DEBUG com.github.dockerjava.zerodep.shaded.org.apache.hc.client5.http.wire - http-outgoing-0 << "bc[\r][\n]"
21:23:21.271 [docker-java-stream--1761815518] DEBUG com.github.dockerjava.zerodep.shaded.org.apache.hc.client5.http.wire - http-outgoing-0 << "{"status":"Downloading","progressDetail":{"current":2009416,"total":2807803},"progress":"[===================================\u003e               ]  2.009MB/2.808MB","id":"91d30c5bc195"}[\r][\n]"
21:23:21.271 [docker-java-stream--1761815518] DEBUG com.github.dockerjava.zerodep.shaded.org.apache.hc.client5.http.wire - http-outgoing-0 << "[\r][\n]"
21:23:21.272 [docker-java-stream--1761815518] DEBUG com.github.dockerjava.api.command.PullImageResultCallback - ResponseItem(stream=null, status=Downloading, progressDetail=ResponseItem.ProgressDetail(current=2009416, total=2807803, start=null), progress=[===================================>               ]  2.009MB/2.808MB, id=91d30c5bc195, from=null, time=null, errorDetail=null, error=null, aux=null)
21:23:21.504 [docker-java-stream--1761815518] DEBUG com.github.dockerjava.zerodep.shaded.org.apache.hc.client5.http.wire - http-outgoing-0 << "bc[\r][\n]"
21:23:21.504 [docker-java-stream--1761815518] DEBUG com.github.dockerjava.zerodep.shaded.org.apache.hc.client5.http.wire - http-outgoing-0 << "{"status":"Downloading","progressDetail":{"current":1490105,"total":2775904},"progress":"[==========================\u003e                        ]   1.49MB/2.776MB","id":"3937553ff7d0"}[\r][\n]"
21:23:21.504 [docker-java-stream--1761815518] DEBUG com.github.dockerjava.zerodep.shaded.org.apache.hc.client5.http.wire - http-outgoing-0 << "[\r][\n]"
21:23:21.505 [docker-java-stream--1761815518] DEBUG com.github.dockerjava.api.command.PullImageResultCallback - ResponseItem(stream=null, status=Downloading, progressDetail=ResponseItem.ProgressDetail(current=1490105, total=2775904, start=null), progress=[==========================>                        ]   1.49MB/2.776MB, id=3937553ff7d0, from=null, time=null, errorDetail=null, error=null, aux=null)
21:23:21.507 [docker-java-stream--1761815518] DEBUG com.github.dockerjava.zerodep.shaded.org.apache.hc.client5.http.wire - http-outgoing-0 << "bc[\r][\n]"
21:23:21.507 [docker-java-stream--1761815518] DEBUG com.github.dockerjava.zerodep.shaded.org.apache.hc.client5.http.wire - http-outgoing-0 << "{"status":"Downloading","progressDetail":{"current":2468168,"total":2807803},"progress":"[===========================================\u003e       ]  2.468MB/2.808MB","id":"91d30c5bc195"}[\r][\n]"
21:23:21.507 [docker-java-stream--1761815518] DEBUG com.github.dockerjava.zerodep.shaded.org.apache.hc.client5.http.wire - http-outgoing-0 << "[\r][\n]"
21:23:21.507 [docker-java-stream--1761815518] DEBUG com.github.dockerjava.api.command.PullImageResultCallback - ResponseItem(stream=null, status=Downloading, progressDetail=ResponseItem.ProgressDetail(current=2468168, total=2807803, start=null), progress=[===========================================>       ]  2.468MB/2.808MB, id=91d30c5bc195, from=null, time=null, errorDetail=null, error=null, aux=null)
21:23:21.690 [docker-java-stream--1761815518] DEBUG com.github.dockerjava.zerodep.shaded.org.apache.hc.client5.http.wire - http-outgoing-0 << "bc[\r][\n]"
21:23:21.690 [docker-java-stream--1761815518] DEBUG com.github.dockerjava.zerodep.shaded.org.apache.hc.client5.http.wire - http-outgoing-0 << "{"status":"Downloading","progressDetail":{"current":2500936,"total":2807803},"progress":"[============================================\u003e      ]  2.501MB/2.808MB","id":"91d30c5bc195"}[\r][\n]"
21:23:21.690 [docker-java-stream--1761815518] DEBUG com.github.dockerjava.zerodep.shaded.org.apache.hc.client5.http.wire - http-outgoing-0 << "[\r][\n]"
21:23:21.692 [docker-java-stream--1761815518] DEBUG com.github.dockerjava.api.command.PullImageResultCallback - ResponseItem(stream=null, status=Downloading, progressDetail=ResponseItem.ProgressDetail(current=2500936, total=2807803, start=null), progress=[============================================>      ]  2.501MB/2.808MB, id=91d30c5bc195, from=null, time=null, errorDetail=null, error=null, aux=null)
21:23:21.769 [docker-java-stream--1761815518] DEBUG com.github.dockerjava.zerodep.shaded.org.apache.hc.client5.http.wire - http-outgoing-0 << "bc[\r][\n]"
21:23:21.769 [docker-java-stream--1761815518] DEBUG com.github.dockerjava.zerodep.shaded.org.apache.hc.client5.http.wire - http-outgoing-0 << "{"status":"Downloading","progressDetail":{"current":1685788,"total":2775904},"progress":"[==============================\u003e                    ]  1.686MB/2.776MB","id":"3937553ff7d0"}[\r][\n]"
21:23:21.769 [docker-java-stream--1761815518] DEBUG com.github.dockerjava.zerodep.shaded.org.apache.hc.client5.http.wire - http-outgoing-0 << "[\r][\n]"
21:23:21.771 [docker-java-stream--1761815518] DEBUG com.github.dockerjava.api.command.PullImageResultCallback - ResponseItem(stream=null, status=Downloading, progressDetail=ResponseItem.ProgressDetail(current=1685788, total=2775904, start=null), progress=[==============================>                    ]  1.686MB/2.776MB, id=3937553ff7d0, from=null, time=null, errorDetail=null, error=null, aux=null)
21:23:21.880 [docker-java-stream--1761815518] DEBUG com.github.dockerjava.zerodep.shaded.org.apache.hc.client5.http.wire - http-outgoing-0 << "178[\r][\n]"
21:23:21.880 [docker-java-stream--1761815518] DEBUG com.github.dockerjava.zerodep.shaded.org.apache.hc.client5.http.wire - http-outgoing-0 << "{"status":"Downloading","progressDetail":{"current":2533704,"total":2807803},"progress":"[=============================================\u003e     ]  2.534MB/2.808MB","id":"91d30c5bc195"}[\r][\n]"
21:23:21.881 [docker-java-stream--1761815518] DEBUG com.github.dockerjava.zerodep.shaded.org.apache.hc.client5.http.wire - http-outgoing-0 << "{"status":"Downloading","progressDetail":{"current":1816860,"total":2775904},"progress":"[================================\u003e                  ]  1.817MB/2.776MB","id":"3937553ff7d0"}[\r][\n]"
21:23:21.881 [docker-java-stream--1761815518] DEBUG com.github.dockerjava.zerodep.shaded.org.apache.hc.client5.http.wire - http-outgoing-0 << "[\r][\n]"
21:23:21.883 [docker-java-stream--1761815518] DEBUG com.github.dockerjava.api.command.PullImageResultCallback - ResponseItem(stream=null, status=Downloading, progressDetail=ResponseItem.ProgressDetail(current=2533704, total=2807803, start=null), progress=[=============================================>     ]  2.534MB/2.808MB, id=91d30c5bc195, from=null, time=null, errorDetail=null, error=null, aux=null)
21:23:21.886 [docker-java-stream--1761815518] DEBUG com.github.dockerjava.api.command.PullImageResultCallback - ResponseItem(stream=null, status=Downloading, progressDetail=ResponseItem.ProgressDetail(current=1816860, total=2775904, start=null), progress=[================================>                  ]  1.817MB/2.776MB, id=3937553ff7d0, from=null, time=null, errorDetail=null, error=null, aux=null)
21:23:21.948 [docker-java-stream--1761815518] DEBUG com.github.dockerjava.zerodep.shaded.org.apache.hc.client5.http.wire - http-outgoing-0 << "bc[\r][\n]"
21:23:21.949 [docker-java-stream--1761815518] DEBUG com.github.dockerjava.zerodep.shaded.org.apache.hc.client5.http.wire - http-outgoing-0 << "{"status":"Downloading","progressDetail":{"current":2664776,"total":2807803},"progress":"[===============================================\u003e   ]  2.665MB/2.808MB","id":"91d30c5bc195"}[\r][\n]"
21:23:21.949 [docker-java-stream--1761815518] DEBUG com.github.dockerjava.zerodep.shaded.org.apache.hc.client5.http.wire - http-outgoing-0 << "[\r][\n]"
21:23:21.949 [docker-java-stream--1761815518] DEBUG com.github.dockerjava.api.command.PullImageResultCallback - ResponseItem(stream=null, status=Downloading, progressDetail=ResponseItem.ProgressDetail(current=2664776, total=2807803, start=null), progress=[===============================================>   ]  2.665MB/2.808MB, id=91d30c5bc195, from=null, time=null, errorDetail=null, error=null, aux=null)
21:23:21.951 [docker-java-stream--1761815518] DEBUG com.github.dockerjava.zerodep.shaded.org.apache.hc.client5.http.wire - http-outgoing-0 << "bc[\r][\n]"
21:23:21.951 [docker-java-stream--1761815518] DEBUG com.github.dockerjava.zerodep.shaded.org.apache.hc.client5.http.wire - http-outgoing-0 << "{"status":"Downloading","progressDetail":{"current":1947932,"total":2775904},"progress":"[===================================\u003e               ]  1.948MB/2.776MB","id":"3937553ff7d0"}[\r][\n]"
21:23:21.951 [docker-java-stream--1761815518] DEBUG com.github.dockerjava.zerodep.shaded.org.apache.hc.client5.http.wire - http-outgoing-0 << "[\r][\n]"
21:23:21.952 [docker-java-stream--1761815518] DEBUG com.github.dockerjava.api.command.PullImageResultCallback - ResponseItem(stream=null, status=Downloading, progressDetail=ResponseItem.ProgressDetail(current=1947932, total=2775904, start=null), progress=[===================================>               ]  1.948MB/2.776MB, id=3937553ff7d0, from=null, time=null, errorDetail=null, error=null, aux=null)
21:23:22.113 [docker-java-stream--1761815518] DEBUG com.github.dockerjava.zerodep.shaded.org.apache.hc.client5.http.wire - http-outgoing-0 << "49[\r][\n]"
21:23:22.113 [docker-java-stream--1761815518] DEBUG com.github.dockerjava.zerodep.shaded.org.apache.hc.client5.http.wire - http-outgoing-0 << "{"status":"Verifying Checksum","progressDetail":{},"id":"91d30c5bc195"}[\r][\n]"
21:23:22.113 [docker-java-stream--1761815518] DEBUG com.github.dockerjava.zerodep.shaded.org.apache.hc.client5.http.wire - http-outgoing-0 << "[\r][\n]"
21:23:22.114 [docker-java-stream--1761815518] DEBUG com.github.dockerjava.api.command.PullImageResultCallback - ResponseItem(stream=null, status=Verifying Checksum, progressDetail=ResponseItem.ProgressDetail(current=null, total=null, start=null), progress=null, id=91d30c5bc195, from=null, time=null, errorDetail=null, error=null, aux=null)
21:23:22.141 [docker-java-stream--1761815518] DEBUG com.github.dockerjava.zerodep.shaded.org.apache.hc.client5.http.wire - http-outgoing-0 << "48[\r][\n]"
21:23:22.141 [docker-java-stream--1761815518] DEBUG com.github.dockerjava.zerodep.shaded.org.apache.hc.client5.http.wire - http-outgoing-0 << "{"status":"Download complete","progressDetail":{},"id":"91d30c5bc195"}[\r][\n]"
21:23:22.141 [docker-java-stream--1761815518] DEBUG com.github.dockerjava.zerodep.shaded.org.apache.hc.client5.http.wire - http-outgoing-0 << "[\r][\n]"
21:23:22.142 [docker-java-stream--1761815518] DEBUG com.github.dockerjava.api.command.PullImageResultCallback - ResponseItem(stream=null, status=Download complete, progressDetail=ResponseItem.ProgressDetail(current=null, total=null, start=null), progress=null, id=91d30c5bc195, from=null, time=null, errorDetail=null, error=null, aux=null)
21:23:22.142 [docker-java-stream--1761815518] INFO tc.testcontainers/ryuk:0.5.1 - Pulling image layers:  1 pending,  2 downloaded,  0 extracted, (4 MB/? MB)
21:23:22.175 [docker-java-stream--1761815518] DEBUG com.github.dockerjava.zerodep.shaded.org.apache.hc.client5.http.wire - http-outgoing-0 << "bc[\r][\n]"
21:23:22.176 [docker-java-stream--1761815518] DEBUG com.github.dockerjava.zerodep.shaded.org.apache.hc.client5.http.wire - http-outgoing-0 << "{"status":"Downloading","progressDetail":{"current":2013468,"total":2775904},"progress":"[====================================\u003e              ]  2.013MB/2.776MB","id":"3937553ff7d0"}[\r][\n]"
21:23:22.176 [docker-java-stream--1761815518] DEBUG com.github.dockerjava.zerodep.shaded.org.apache.hc.client5.http.wire - http-outgoing-0 << "[\r][\n]"
21:23:22.176 [docker-java-stream--1761815518] DEBUG com.github.dockerjava.api.command.PullImageResultCallback - ResponseItem(stream=null, status=Downloading, progressDetail=ResponseItem.ProgressDetail(current=2013468, total=2775904, start=null), progress=[====================================>              ]  2.013MB/2.776MB, id=3937553ff7d0, from=null, time=null, errorDetail=null, error=null, aux=null)
21:23:22.285 [docker-java-stream--1761815518] DEBUG com.github.dockerjava.zerodep.shaded.org.apache.hc.client5.http.wire - http-outgoing-0 << "bc[\r][\n]"
21:23:22.285 [docker-java-stream--1761815518] DEBUG com.github.dockerjava.zerodep.shaded.org.apache.hc.client5.http.wire - http-outgoing-0 << "{"status":"Downloading","progressDetail":{"current":2046236,"total":2775904},"progress":"[====================================\u003e              ]  2.046MB/2.776MB","id":"3937553ff7d0"}[\r][\n]"
21:23:22.285 [docker-java-stream--1761815518] DEBUG com.github.dockerjava.zerodep.shaded.org.apache.hc.client5.http.wire - http-outgoing-0 << "[\r][\n]"
21:23:22.286 [docker-java-stream--1761815518] DEBUG com.github.dockerjava.api.command.PullImageResultCallback - ResponseItem(stream=null, status=Downloading, progressDetail=ResponseItem.ProgressDetail(current=2046236, total=2775904, start=null), progress=[====================================>              ]  2.046MB/2.776MB, id=3937553ff7d0, from=null, time=null, errorDetail=null, error=null, aux=null)
21:23:22.383 [docker-java-stream--1761815518] DEBUG com.github.dockerjava.zerodep.shaded.org.apache.hc.client5.http.wire - http-outgoing-0 << "bc[\r][\n]"
21:23:22.384 [docker-java-stream--1761815518] DEBUG com.github.dockerjava.zerodep.shaded.org.apache.hc.client5.http.wire - http-outgoing-0 << "{"status":"Downloading","progressDetail":{"current":2079004,"total":2775904},"progress":"[=====================================\u003e             ]  2.079MB/2.776MB","id":"3937553ff7d0"}[\r][\n]"
21:23:22.384 [docker-java-stream--1761815518] DEBUG com.github.dockerjava.zerodep.shaded.org.apache.hc.client5.http.wire - http-outgoing-0 << "[\r][\n]"
21:23:22.386 [docker-java-stream--1761815518] DEBUG com.github.dockerjava.api.command.PullImageResultCallback - ResponseItem(stream=null, status=Downloading, progressDetail=ResponseItem.ProgressDetail(current=2079004, total=2775904, start=null), progress=[=====================================>             ]  2.079MB/2.776MB, id=3937553ff7d0, from=null, time=null, errorDetail=null, error=null, aux=null)
21:23:22.420 [docker-java-stream--1761815518] DEBUG com.github.dockerjava.zerodep.shaded.org.apache.hc.client5.http.wire - http-outgoing-0 << "b9[\r][\n]"
21:23:22.421 [docker-java-stream--1761815518] DEBUG com.github.dockerjava.zerodep.shaded.org.apache.hc.client5.http.wire - http-outgoing-0 << "{"status":"Extracting","progressDetail":{"current":32768,"total":2807803},"progress":"[\u003e                                                  ]  32.77kB/2.808MB","id":"91d30c5bc195"}[\r][\n]"
21:23:22.422 [docker-java-stream--1761815518] DEBUG com.github.dockerjava.zerodep.shaded.org.apache.hc.client5.http.wire - http-outgoing-0 << "[\r][\n]"
21:23:22.423 [docker-java-stream--1761815518] DEBUG com.github.dockerjava.api.command.PullImageResultCallback - ResponseItem(stream=null, status=Extracting, progressDetail=ResponseItem.ProgressDetail(current=32768, total=2807803, start=null), progress=[>                                                  ]  32.77kB/2.808MB, id=91d30c5bc195, from=null, time=null, errorDetail=null, error=null, aux=null)
21:23:22.484 [docker-java-stream--1761815518] DEBUG com.github.dockerjava.zerodep.shaded.org.apache.hc.client5.http.wire - http-outgoing-0 << "bc[\r][\n]"
21:23:22.484 [docker-java-stream--1761815518] DEBUG com.github.dockerjava.zerodep.shaded.org.apache.hc.client5.http.wire - http-outgoing-0 << "{"status":"Downloading","progressDetail":{"current":2111772,"total":2775904},"progress":"[======================================\u003e            ]  2.112MB/2.776MB","id":"3937553ff7d0"}[\r][\n]"
21:23:22.485 [docker-java-stream--1761815518] DEBUG com.github.dockerjava.zerodep.shaded.org.apache.hc.client5.http.wire - http-outgoing-0 << "[\r][\n]"
21:23:22.493 [docker-java-stream--1761815518] DEBUG com.github.dockerjava.api.command.PullImageResultCallback - ResponseItem(stream=null, status=Downloading, progressDetail=ResponseItem.ProgressDetail(current=2111772, total=2775904, start=null), progress=[======================================>            ]  2.112MB/2.776MB, id=3937553ff7d0, from=null, time=null, errorDetail=null, error=null, aux=null)
21:23:22.594 [docker-java-stream--1761815518] DEBUG com.github.dockerjava.zerodep.shaded.org.apache.hc.client5.http.wire - http-outgoing-0 << "bc[\r][\n]"
21:23:22.594 [docker-java-stream--1761815518] DEBUG com.github.dockerjava.zerodep.shaded.org.apache.hc.client5.http.wire - http-outgoing-0 << "{"status":"Downloading","progressDetail":{"current":2177308,"total":2775904},"progress":"[=======================================\u003e           ]  2.177MB/2.776MB","id":"3937553ff7d0"}[\r][\n]"
21:23:22.594 [docker-java-stream--1761815518] DEBUG com.github.dockerjava.zerodep.shaded.org.apache.hc.client5.http.wire - http-outgoing-0 << "[\r][\n]"
21:23:22.596 [docker-java-stream--1761815518] DEBUG com.github.dockerjava.api.command.PullImageResultCallback - ResponseItem(stream=null, status=Downloading, progressDetail=ResponseItem.ProgressDetail(current=2177308, total=2775904, start=null), progress=[=======================================>           ]  2.177MB/2.776MB, id=3937553ff7d0, from=null, time=null, errorDetail=null, error=null, aux=null)
21:23:22.726 [docker-java-stream--1761815518] DEBUG com.github.dockerjava.zerodep.shaded.org.apache.hc.client5.http.wire - http-outgoing-0 << "bc[\r][\n]"
21:23:22.726 [docker-java-stream--1761815518] DEBUG com.github.dockerjava.zerodep.shaded.org.apache.hc.client5.http.wire - http-outgoing-0 << "{"status":"Downloading","progressDetail":{"current":2435356,"total":2775904},"progress":"[===========================================\u003e       ]  2.435MB/2.776MB","id":"3937553ff7d0"}[\r][\n]"
21:23:22.726 [docker-java-stream--1761815518] DEBUG com.github.dockerjava.zerodep.shaded.org.apache.hc.client5.http.wire - http-outgoing-0 << "[\r][\n]"
21:23:22.729 [docker-java-stream--1761815518] DEBUG com.github.dockerjava.api.command.PullImageResultCallback - ResponseItem(stream=null, status=Downloading, progressDetail=ResponseItem.ProgressDetail(current=2435356, total=2775904, start=null), progress=[===========================================>       ]  2.435MB/2.776MB, id=3937553ff7d0, from=null, time=null, errorDetail=null, error=null, aux=null)
21:23:22.828 [docker-java-stream--1761815518] DEBUG com.github.dockerjava.zerodep.shaded.org.apache.hc.client5.http.wire - http-outgoing-0 << "bc[\r][\n]"
21:23:22.829 [docker-java-stream--1761815518] DEBUG com.github.dockerjava.zerodep.shaded.org.apache.hc.client5.http.wire - http-outgoing-0 << "{"status":"Downloading","progressDetail":{"current":2631964,"total":2775904},"progress":"[===============================================\u003e   ]  2.632MB/2.776MB","id":"3937553ff7d0"}[\r][\n]"
21:23:22.830 [docker-java-stream--1761815518] DEBUG com.github.dockerjava.zerodep.shaded.org.apache.hc.client5.http.wire - http-outgoing-0 << "[\r][\n]"
21:23:22.832 [docker-java-stream--1761815518] DEBUG com.github.dockerjava.api.command.PullImageResultCallback - ResponseItem(stream=null, status=Downloading, progressDetail=ResponseItem.ProgressDetail(current=2631964, total=2775904, start=null), progress=[===============================================>   ]  2.632MB/2.776MB, id=3937553ff7d0, from=null, time=null, errorDetail=null, error=null, aux=null)
21:23:22.923 [docker-java-stream--1761815518] DEBUG com.github.dockerjava.zerodep.shaded.org.apache.hc.client5.http.wire - http-outgoing-0 << "91[\r][\n]"
21:23:22.924 [docker-java-stream--1761815518] DEBUG com.github.dockerjava.zerodep.shaded.org.apache.hc.client5.http.wire - http-outgoing-0 << "{"status":"Verifying Checksum","progressDetail":{},"id":"3937553ff7d0"}[\r][\n]"
21:23:22.924 [docker-java-stream--1761815518] DEBUG com.github.dockerjava.zerodep.shaded.org.apache.hc.client5.http.wire - http-outgoing-0 << "{"status":"Download complete","progressDetail":{},"id":"3937553ff7d0"}[\r][\n]"
21:23:22.924 [docker-java-stream--1761815518] DEBUG com.github.dockerjava.zerodep.shaded.org.apache.hc.client5.http.wire - http-outgoing-0 << "[\r][\n]"
21:23:22.925 [docker-java-stream--1761815518] DEBUG com.github.dockerjava.api.command.PullImageResultCallback - ResponseItem(stream=null, status=Verifying Checksum, progressDetail=ResponseItem.ProgressDetail(current=null, total=null, start=null), progress=null, id=3937553ff7d0, from=null, time=null, errorDetail=null, error=null, aux=null)
21:23:22.925 [docker-java-stream--1761815518] DEBUG com.github.dockerjava.api.command.PullImageResultCallback - ResponseItem(stream=null, status=Download complete, progressDetail=ResponseItem.ProgressDetail(current=null, total=null, start=null), progress=null, id=3937553ff7d0, from=null, time=null, errorDetail=null, error=null, aux=null)
21:23:22.927 [docker-java-stream--1761815518] INFO tc.testcontainers/ryuk:0.5.1 - Pulling image layers:  0 pending,  3 downloaded,  0 extracted, (5 MB/5 MB)
21:23:23.439 [docker-java-stream--1761815518] DEBUG com.github.dockerjava.zerodep.shaded.org.apache.hc.client5.http.wire - http-outgoing-0 << "b9[\r][\n]"
21:23:23.440 [docker-java-stream--1761815518] DEBUG com.github.dockerjava.zerodep.shaded.org.apache.hc.client5.http.wire - http-outgoing-0 << "{"status":"Extracting","progressDetail":{"current":65536,"total":2807803},"progress":"[=\u003e                                                 ]  65.54kB/2.808MB","id":"91d30c5bc195"}[\r][\n]"
21:23:23.440 [docker-java-stream--1761815518] DEBUG com.github.dockerjava.zerodep.shaded.org.apache.hc.client5.http.wire - http-outgoing-0 << "[\r][\n]"
21:23:23.442 [docker-java-stream--1761815518] DEBUG com.github.dockerjava.api.command.PullImageResultCallback - ResponseItem(stream=null, status=Extracting, progressDetail=ResponseItem.ProgressDetail(current=65536, total=2807803, start=null), progress=[=>                                                 ]  65.54kB/2.808MB, id=91d30c5bc195, from=null, time=null, errorDetail=null, error=null, aux=null)
21:23:25.052 [docker-java-stream--1761815518] DEBUG com.github.dockerjava.zerodep.shaded.org.apache.hc.client5.http.wire - http-outgoing-0 << "ba[\r][\n]"
21:23:25.054 [docker-java-stream--1761815518] DEBUG com.github.dockerjava.zerodep.shaded.org.apache.hc.client5.http.wire - http-outgoing-0 << "{"status":"Extracting","progressDetail":{"current":131072,"total":2807803},"progress":"[==\u003e                                                ]  131.1kB/2.808MB","id":"91d30c5bc195"}[\r][\n]"
21:23:25.055 [docker-java-stream--1761815518] DEBUG com.github.dockerjava.zerodep.shaded.org.apache.hc.client5.http.wire - http-outgoing-0 << "[\r][\n]"
21:23:25.056 [docker-java-stream--1761815518] DEBUG com.github.dockerjava.api.command.PullImageResultCallback - ResponseItem(stream=null, status=Extracting, progressDetail=ResponseItem.ProgressDetail(current=131072, total=2807803, start=null), progress=[==>                                                ]  131.1kB/2.808MB, id=91d30c5bc195, from=null, time=null, errorDetail=null, error=null, aux=null)
21:23:27.334 [docker-java-stream--1761815518] DEBUG com.github.dockerjava.zerodep.shaded.org.apache.hc.client5.http.wire - http-outgoing-0 << "ba[\r][\n]"
21:23:27.334 [docker-java-stream--1761815518] DEBUG com.github.dockerjava.zerodep.shaded.org.apache.hc.client5.http.wire - http-outgoing-0 << "{"status":"Extracting","progressDetail":{"current":262144,"total":2807803},"progress":"[====\u003e                                              ]  262.1kB/2.808MB","id":"91d30c5bc195"}[\r][\n]"
21:23:27.334 [docker-java-stream--1761815518] DEBUG com.github.dockerjava.zerodep.shaded.org.apache.hc.client5.http.wire - http-outgoing-0 << "[\r][\n]"
21:23:27.335 [docker-java-stream--1761815518] DEBUG com.github.dockerjava.api.command.PullImageResultCallback - ResponseItem(stream=null, status=Extracting, progressDetail=ResponseItem.ProgressDetail(current=262144, total=2807803, start=null), progress=[====>                                              ]  262.1kB/2.808MB, id=91d30c5bc195, from=null, time=null, errorDetail=null, error=null, aux=null)
21:23:27.526 [docker-java-stream--1761815518] DEBUG com.github.dockerjava.zerodep.shaded.org.apache.hc.client5.http.wire - http-outgoing-0 << "ba[\r][\n]"
21:23:27.528 [docker-java-stream--1761815518] DEBUG com.github.dockerjava.zerodep.shaded.org.apache.hc.client5.http.wire - http-outgoing-0 << "{"status":"Extracting","progressDetail":{"current":294912,"total":2807803},"progress":"[=====\u003e                                             ]  294.9kB/2.808MB","id":"91d30c5bc195"}[\r][\n]"
21:23:27.529 [docker-java-stream--1761815518] DEBUG com.github.dockerjava.zerodep.shaded.org.apache.hc.client5.http.wire - http-outgoing-0 << "[\r][\n]"
21:23:27.530 [docker-java-stream--1761815518] DEBUG com.github.dockerjava.api.command.PullImageResultCallback - ResponseItem(stream=null, status=Extracting, progressDetail=ResponseItem.ProgressDetail(current=294912, total=2807803, start=null), progress=[=====>                                             ]  294.9kB/2.808MB, id=91d30c5bc195, from=null, time=null, errorDetail=null, error=null, aux=null)
21:23:27.635 [docker-java-stream--1761815518] DEBUG com.github.dockerjava.zerodep.shaded.org.apache.hc.client5.http.wire - http-outgoing-0 << "ba[\r][\n]"
21:23:27.635 [docker-java-stream--1761815518] DEBUG com.github.dockerjava.zerodep.shaded.org.apache.hc.client5.http.wire - http-outgoing-0 << "{"status":"Extracting","progressDetail":{"current":458752,"total":2807803},"progress":"[========\u003e                                          ]  458.8kB/2.808MB","id":"91d30c5bc195"}[\r][\n]"
21:23:27.635 [docker-java-stream--1761815518] DEBUG com.github.dockerjava.zerodep.shaded.org.apache.hc.client5.http.wire - http-outgoing-0 << "[\r][\n]"
21:23:27.636 [docker-java-stream--1761815518] DEBUG com.github.dockerjava.api.command.PullImageResultCallback - ResponseItem(stream=null, status=Extracting, progressDetail=ResponseItem.ProgressDetail(current=458752, total=2807803, start=null), progress=[========>                                          ]  458.8kB/2.808MB, id=91d30c5bc195, from=null, time=null, errorDetail=null, error=null, aux=null)
21:23:27.835 [docker-java-stream--1761815518] DEBUG com.github.dockerjava.zerodep.shaded.org.apache.hc.client5.http.wire - http-outgoing-0 << "ba[\r][\n]"
21:23:27.837 [docker-java-stream--1761815518] DEBUG com.github.dockerjava.zerodep.shaded.org.apache.hc.client5.http.wire - http-outgoing-0 << "{"status":"Extracting","progressDetail":{"current":557056,"total":2807803},"progress":"[=========\u003e                                         ]  557.1kB/2.808MB","id":"91d30c5bc195"}[\r][\n]"
21:23:27.837 [docker-java-stream--1761815518] DEBUG com.github.dockerjava.zerodep.shaded.org.apache.hc.client5.http.wire - http-outgoing-0 << "[\r][\n]"
21:23:27.839 [docker-java-stream--1761815518] DEBUG com.github.dockerjava.api.command.PullImageResultCallback - ResponseItem(stream=null, status=Extracting, progressDetail=ResponseItem.ProgressDetail(current=557056, total=2807803, start=null), progress=[=========>                                         ]  557.1kB/2.808MB, id=91d30c5bc195, from=null, time=null, errorDetail=null, error=null, aux=null)
21:23:27.953 [docker-java-stream--1761815518] DEBUG com.github.dockerjava.zerodep.shaded.org.apache.hc.client5.http.wire - http-outgoing-0 << "ba[\r][\n]"
21:23:27.954 [docker-java-stream--1761815518] DEBUG com.github.dockerjava.zerodep.shaded.org.apache.hc.client5.http.wire - http-outgoing-0 << "{"status":"Extracting","progressDetail":{"current":622592,"total":2807803},"progress":"[===========\u003e                                       ]  622.6kB/2.808MB","id":"91d30c5bc195"}[\r][\n]"
21:23:27.954 [docker-java-stream--1761815518] DEBUG com.github.dockerjava.zerodep.shaded.org.apache.hc.client5.http.wire - http-outgoing-0 << "[\r][\n]"
21:23:27.955 [docker-java-stream--1761815518] DEBUG com.github.dockerjava.api.command.PullImageResultCallback - ResponseItem(stream=null, status=Extracting, progressDetail=ResponseItem.ProgressDetail(current=622592, total=2807803, start=null), progress=[===========>                                       ]  622.6kB/2.808MB, id=91d30c5bc195, from=null, time=null, errorDetail=null, error=null, aux=null)
21:23:28.151 [docker-java-stream--1761815518] DEBUG com.github.dockerjava.zerodep.shaded.org.apache.hc.client5.http.wire - http-outgoing-0 << "ba[\r][\n]"
21:23:28.151 [docker-java-stream--1761815518] DEBUG com.github.dockerjava.zerodep.shaded.org.apache.hc.client5.http.wire - http-outgoing-0 << "{"status":"Extracting","progressDetail":{"current":688128,"total":2807803},"progress":"[============\u003e                                      ]  688.1kB/2.808MB","id":"91d30c5bc195"}[\r][\n]"
21:23:28.151 [docker-java-stream--1761815518] DEBUG com.github.dockerjava.zerodep.shaded.org.apache.hc.client5.http.wire - http-outgoing-0 << "[\r][\n]"
21:23:28.154 [docker-java-stream--1761815518] DEBUG com.github.dockerjava.api.command.PullImageResultCallback - ResponseItem(stream=null, status=Extracting, progressDetail=ResponseItem.ProgressDetail(current=688128, total=2807803, start=null), progress=[============>                                      ]  688.1kB/2.808MB, id=91d30c5bc195, from=null, time=null, errorDetail=null, error=null, aux=null)
21:23:28.417 [docker-java-stream--1761815518] DEBUG com.github.dockerjava.zerodep.shaded.org.apache.hc.client5.http.wire - http-outgoing-0 << "ba[\r][\n]"
21:23:28.417 [docker-java-stream--1761815518] DEBUG com.github.dockerjava.zerodep.shaded.org.apache.hc.client5.http.wire - http-outgoing-0 << "{"status":"Extracting","progressDetail":{"current":720896,"total":2807803},"progress":"[============\u003e                                      ]  720.9kB/2.808MB","id":"91d30c5bc195"}[\r][\n]"
21:23:28.417 [docker-java-stream--1761815518] DEBUG com.github.dockerjava.zerodep.shaded.org.apache.hc.client5.http.wire - http-outgoing-0 << "[\r][\n]"
21:23:28.419 [docker-java-stream--1761815518] DEBUG com.github.dockerjava.api.command.PullImageResultCallback - ResponseItem(stream=null, status=Extracting, progressDetail=ResponseItem.ProgressDetail(current=720896, total=2807803, start=null), progress=[============>                                      ]  720.9kB/2.808MB, id=91d30c5bc195, from=null, time=null, errorDetail=null, error=null, aux=null)
21:23:29.803 [docker-java-stream--1761815518] DEBUG com.github.dockerjava.zerodep.shaded.org.apache.hc.client5.http.wire - http-outgoing-0 << "ba[\r][\n]"
21:23:29.803 [docker-java-stream--1761815518] DEBUG com.github.dockerjava.zerodep.shaded.org.apache.hc.client5.http.wire - http-outgoing-0 << "{"status":"Extracting","progressDetail":{"current":753664,"total":2807803},"progress":"[=============\u003e                                     ]  753.7kB/2.808MB","id":"91d30c5bc195"}[\r][\n]"
21:23:29.803 [docker-java-stream--1761815518] DEBUG com.github.dockerjava.zerodep.shaded.org.apache.hc.client5.http.wire - http-outgoing-0 << "[\r][\n]"
21:23:29.804 [docker-java-stream--1761815518] DEBUG com.github.dockerjava.api.command.PullImageResultCallback - ResponseItem(stream=null, status=Extracting, progressDetail=ResponseItem.ProgressDetail(current=753664, total=2807803, start=null), progress=[=============>                                     ]  753.7kB/2.808MB, id=91d30c5bc195, from=null, time=null, errorDetail=null, error=null, aux=null)
21:23:30.820 [docker-java-stream--1761815518] DEBUG com.github.dockerjava.zerodep.shaded.org.apache.hc.client5.http.wire - http-outgoing-0 << "ba[\r][\n]"
21:23:30.820 [docker-java-stream--1761815518] DEBUG com.github.dockerjava.zerodep.shaded.org.apache.hc.client5.http.wire - http-outgoing-0 << "{"status":"Extracting","progressDetail":{"current":786432,"total":2807803},"progress":"[==============\u003e                                    ]  786.4kB/2.808MB","id":"91d30c5bc195"}[\r][\n]"
21:23:30.820 [docker-java-stream--1761815518] DEBUG com.github.dockerjava.zerodep.shaded.org.apache.hc.client5.http.wire - http-outgoing-0 << "[\r][\n]"
21:23:30.821 [docker-java-stream--1761815518] DEBUG com.github.dockerjava.api.command.PullImageResultCallback - ResponseItem(stream=null, status=Extracting, progressDetail=ResponseItem.ProgressDetail(current=786432, total=2807803, start=null), progress=[==============>                                    ]  786.4kB/2.808MB, id=91d30c5bc195, from=null, time=null, errorDetail=null, error=null, aux=null)
21:23:31.132 [docker-java-stream--1761815518] DEBUG com.github.dockerjava.zerodep.shaded.org.apache.hc.client5.http.wire - http-outgoing-0 << "ba[\r][\n]"
21:23:31.132 [docker-java-stream--1761815518] DEBUG com.github.dockerjava.zerodep.shaded.org.apache.hc.client5.http.wire - http-outgoing-0 << "{"status":"Extracting","progressDetail":{"current":884736,"total":2807803},"progress":"[===============\u003e                                   ]  884.7kB/2.808MB","id":"91d30c5bc195"}[\r][\n]"
21:23:31.133 [docker-java-stream--1761815518] DEBUG com.github.dockerjava.zerodep.shaded.org.apache.hc.client5.http.wire - http-outgoing-0 << "[\r][\n]"
21:23:31.134 [docker-java-stream--1761815518] DEBUG com.github.dockerjava.api.command.PullImageResultCallback - ResponseItem(stream=null, status=Extracting, progressDetail=ResponseItem.ProgressDetail(current=884736, total=2807803, start=null), progress=[===============>                                   ]  884.7kB/2.808MB, id=91d30c5bc195, from=null, time=null, errorDetail=null, error=null, aux=null)
21:23:31.212 [docker-java-stream--1761815518] DEBUG com.github.dockerjava.zerodep.shaded.org.apache.hc.client5.http.wire - http-outgoing-0 << "ba[\r][\n]"
21:23:31.212 [docker-java-stream--1761815518] DEBUG com.github.dockerjava.zerodep.shaded.org.apache.hc.client5.http.wire - http-outgoing-0 << "{"status":"Extracting","progressDetail":{"current":917504,"total":2807803},"progress":"[================\u003e                                  ]  917.5kB/2.808MB","id":"91d30c5bc195"}[\r][\n]"
21:23:31.212 [docker-java-stream--1761815518] DEBUG com.github.dockerjava.zerodep.shaded.org.apache.hc.client5.http.wire - http-outgoing-0 << "[\r][\n]"
21:23:31.213 [docker-java-stream--1761815518] DEBUG com.github.dockerjava.api.command.PullImageResultCallback - ResponseItem(stream=null, status=Extracting, progressDetail=ResponseItem.ProgressDetail(current=917504, total=2807803, start=null), progress=[================>                                  ]  917.5kB/2.808MB, id=91d30c5bc195, from=null, time=null, errorDetail=null, error=null, aux=null)
21:23:31.319 [docker-java-stream--1761815518] DEBUG com.github.dockerjava.zerodep.shaded.org.apache.hc.client5.http.wire - http-outgoing-0 << "ba[\r][\n]"
21:23:31.319 [docker-java-stream--1761815518] DEBUG com.github.dockerjava.zerodep.shaded.org.apache.hc.client5.http.wire - http-outgoing-0 << "{"status":"Extracting","progressDetail":{"current":983040,"total":2807803},"progress":"[=================\u003e                                 ]    983kB/2.808MB","id":"91d30c5bc195"}[\r][\n]"
21:23:31.320 [docker-java-stream--1761815518] DEBUG com.github.dockerjava.zerodep.shaded.org.apache.hc.client5.http.wire - http-outgoing-0 << "[\r][\n]"
21:23:31.323 [docker-java-stream--1761815518] DEBUG com.github.dockerjava.api.command.PullImageResultCallback - ResponseItem(stream=null, status=Extracting, progressDetail=ResponseItem.ProgressDetail(current=983040, total=2807803, start=null), progress=[=================>                                 ]    983kB/2.808MB, id=91d30c5bc195, from=null, time=null, errorDetail=null, error=null, aux=null)
21:23:31.618 [docker-java-stream--1761815518] DEBUG com.github.dockerjava.zerodep.shaded.org.apache.hc.client5.http.wire - http-outgoing-0 << "bb[\r][\n]"
21:23:31.620 [docker-java-stream--1761815518] DEBUG com.github.dockerjava.zerodep.shaded.org.apache.hc.client5.http.wire - http-outgoing-0 << "{"status":"Extracting","progressDetail":{"current":1245184,"total":2807803},"progress":"[======================\u003e                            ]  1.245MB/2.808MB","id":"91d30c5bc195"}[\r][\n]"
21:23:31.620 [docker-java-stream--1761815518] DEBUG com.github.dockerjava.zerodep.shaded.org.apache.hc.client5.http.wire - http-outgoing-0 << "[\r][\n]"
21:23:31.622 [docker-java-stream--1761815518] DEBUG com.github.dockerjava.api.command.PullImageResultCallback - ResponseItem(stream=null, status=Extracting, progressDetail=ResponseItem.ProgressDetail(current=1245184, total=2807803, start=null), progress=[======================>                            ]  1.245MB/2.808MB, id=91d30c5bc195, from=null, time=null, errorDetail=null, error=null, aux=null)
21:23:31.977 [docker-java-stream--1761815518] DEBUG com.github.dockerjava.zerodep.shaded.org.apache.hc.client5.http.wire - http-outgoing-0 << "bb[\r][\n]"
21:23:31.978 [docker-java-stream--1761815518] DEBUG com.github.dockerjava.zerodep.shaded.org.apache.hc.client5.http.wire - http-outgoing-0 << "{"status":"Extracting","progressDetail":{"current":1409024,"total":2807803},"progress":"[=========================\u003e                         ]  1.409MB/2.808MB","id":"91d30c5bc195"}[\r][\n]"
21:23:31.983 [docker-java-stream--1761815518] DEBUG com.github.dockerjava.zerodep.shaded.org.apache.hc.client5.http.wire - http-outgoing-0 << "[\r][\n]"
21:23:31.986 [docker-java-stream--1761815518] DEBUG com.github.dockerjava.api.command.PullImageResultCallback - ResponseItem(stream=null, status=Extracting, progressDetail=ResponseItem.ProgressDetail(current=1409024, total=2807803, start=null), progress=[=========================>                         ]  1.409MB/2.808MB, id=91d30c5bc195, from=null, time=null, errorDetail=null, error=null, aux=null)
21:23:32.076 [docker-java-stream--1761815518] DEBUG com.github.dockerjava.zerodep.shaded.org.apache.hc.client5.http.wire - http-outgoing-0 << "bb[\r][\n]"
21:23:32.076 [docker-java-stream--1761815518] DEBUG com.github.dockerjava.zerodep.shaded.org.apache.hc.client5.http.wire - http-outgoing-0 << "{"status":"Extracting","progressDetail":{"current":1605632,"total":2807803},"progress":"[============================\u003e                      ]  1.606MB/2.808MB","id":"91d30c5bc195"}[\r][\n]"
21:23:32.076 [docker-java-stream--1761815518] DEBUG com.github.dockerjava.zerodep.shaded.org.apache.hc.client5.http.wire - http-outgoing-0 << "[\r][\n]"
21:23:32.077 [docker-java-stream--1761815518] DEBUG com.github.dockerjava.api.command.PullImageResultCallback - ResponseItem(stream=null, status=Extracting, progressDetail=ResponseItem.ProgressDetail(current=1605632, total=2807803, start=null), progress=[============================>                      ]  1.606MB/2.808MB, id=91d30c5bc195, from=null, time=null, errorDetail=null, error=null, aux=null)
21:23:32.196 [docker-java-stream--1761815518] DEBUG com.github.dockerjava.zerodep.shaded.org.apache.hc.client5.http.wire - http-outgoing-0 << "bb[\r][\n]"
21:23:32.196 [docker-java-stream--1761815518] DEBUG com.github.dockerjava.zerodep.shaded.org.apache.hc.client5.http.wire - http-outgoing-0 << "{"status":"Extracting","progressDetail":{"current":1671168,"total":2807803},"progress":"[=============================\u003e                     ]  1.671MB/2.808MB","id":"91d30c5bc195"}[\r][\n]"
21:23:32.196 [docker-java-stream--1761815518] DEBUG com.github.dockerjava.zerodep.shaded.org.apache.hc.client5.http.wire - http-outgoing-0 << "[\r][\n]"
21:23:32.198 [docker-java-stream--1761815518] DEBUG com.github.dockerjava.api.command.PullImageResultCallback - ResponseItem(stream=null, status=Extracting, progressDetail=ResponseItem.ProgressDetail(current=1671168, total=2807803, start=null), progress=[=============================>                     ]  1.671MB/2.808MB, id=91d30c5bc195, from=null, time=null, errorDetail=null, error=null, aux=null)
21:23:32.304 [docker-java-stream--1761815518] DEBUG com.github.dockerjava.zerodep.shaded.org.apache.hc.client5.http.wire - http-outgoing-0 << "bb[\r][\n]"
21:23:32.304 [docker-java-stream--1761815518] DEBUG com.github.dockerjava.zerodep.shaded.org.apache.hc.client5.http.wire - http-outgoing-0 << "{"status":"Extracting","progressDetail":{"current":1835008,"total":2807803},"progress":"[================================\u003e                  ]  1.835MB/2.808MB","id":"91d30c5bc195"}[\r][\n]"
21:23:32.304 [docker-java-stream--1761815518] DEBUG com.github.dockerjava.zerodep.shaded.org.apache.hc.client5.http.wire - http-outgoing-0 << "[\r][\n]"
21:23:32.305 [docker-java-stream--1761815518] DEBUG com.github.dockerjava.api.command.PullImageResultCallback - ResponseItem(stream=null, status=Extracting, progressDetail=ResponseItem.ProgressDetail(current=1835008, total=2807803, start=null), progress=[================================>                  ]  1.835MB/2.808MB, id=91d30c5bc195, from=null, time=null, errorDetail=null, error=null, aux=null)
21:23:32.457 [docker-java-stream--1761815518] DEBUG com.github.dockerjava.zerodep.shaded.org.apache.hc.client5.http.wire - http-outgoing-0 << "bb[\r][\n]"
21:23:32.463 [docker-java-stream--1761815518] DEBUG com.github.dockerjava.zerodep.shaded.org.apache.hc.client5.http.wire - http-outgoing-0 << "{"status":"Extracting","progressDetail":{"current":1933312,"total":2807803},"progress":"[==================================\u003e                ]  1.933MB/2.808MB","id":"91d30c5bc195"}[\r][\n]"
21:23:32.463 [docker-java-stream--1761815518] DEBUG com.github.dockerjava.zerodep.shaded.org.apache.hc.client5.http.wire - http-outgoing-0 << "[\r][\n]"
21:23:32.468 [docker-java-stream--1761815518] DEBUG com.github.dockerjava.api.command.PullImageResultCallback - ResponseItem(stream=null, status=Extracting, progressDetail=ResponseItem.ProgressDetail(current=1933312, total=2807803, start=null), progress=[==================================>                ]  1.933MB/2.808MB, id=91d30c5bc195, from=null, time=null, errorDetail=null, error=null, aux=null)
21:23:32.585 [docker-java-stream--1761815518] DEBUG com.github.dockerjava.zerodep.shaded.org.apache.hc.client5.http.wire - http-outgoing-0 << "bb[\r][\n]"
21:23:32.586 [docker-java-stream--1761815518] DEBUG com.github.dockerjava.zerodep.shaded.org.apache.hc.client5.http.wire - http-outgoing-0 << "{"status":"Extracting","progressDetail":{"current":1998848,"total":2807803},"progress":"[===================================\u003e               ]  1.999MB/2.808MB","id":"91d30c5bc195"}[\r][\n]"
21:23:32.586 [docker-java-stream--1761815518] DEBUG com.github.dockerjava.zerodep.shaded.org.apache.hc.client5.http.wire - http-outgoing-0 << "[\r][\n]"
21:23:32.587 [docker-java-stream--1761815518] DEBUG com.github.dockerjava.api.command.PullImageResultCallback - ResponseItem(stream=null, status=Extracting, progressDetail=ResponseItem.ProgressDetail(current=1998848, total=2807803, start=null), progress=[===================================>               ]  1.999MB/2.808MB, id=91d30c5bc195, from=null, time=null, errorDetail=null, error=null, aux=null)
21:23:32.723 [docker-java-stream--1761815518] DEBUG com.github.dockerjava.zerodep.shaded.org.apache.hc.client5.http.wire - http-outgoing-0 << "bb[\r][\n]"
21:23:32.724 [docker-java-stream--1761815518] DEBUG com.github.dockerjava.zerodep.shaded.org.apache.hc.client5.http.wire - http-outgoing-0 << "{"status":"Extracting","progressDetail":{"current":2129920,"total":2807803},"progress":"[=====================================\u003e             ]   2.13MB/2.808MB","id":"91d30c5bc195"}[\r][\n]"
21:23:32.726 [docker-java-stream--1761815518] DEBUG com.github.dockerjava.zerodep.shaded.org.apache.hc.client5.http.wire - http-outgoing-0 << "[\r][\n]"
21:23:32.728 [docker-java-stream--1761815518] DEBUG com.github.dockerjava.api.command.PullImageResultCallback - ResponseItem(stream=null, status=Extracting, progressDetail=ResponseItem.ProgressDetail(current=2129920, total=2807803, start=null), progress=[=====================================>             ]   2.13MB/2.808MB, id=91d30c5bc195, from=null, time=null, errorDetail=null, error=null, aux=null)
21:23:32.829 [docker-java-stream--1761815518] DEBUG com.github.dockerjava.zerodep.shaded.org.apache.hc.client5.http.wire - http-outgoing-0 << "bb[\r][\n]"
21:23:32.830 [docker-java-stream--1761815518] DEBUG com.github.dockerjava.zerodep.shaded.org.apache.hc.client5.http.wire - http-outgoing-0 << "{"status":"Extracting","progressDetail":{"current":2326528,"total":2807803},"progress":"[=========================================\u003e         ]  2.327MB/2.808MB","id":"91d30c5bc195"}[\r][\n]"
21:23:32.830 [docker-java-stream--1761815518] DEBUG com.github.dockerjava.zerodep.shaded.org.apache.hc.client5.http.wire - http-outgoing-0 << "[\r][\n]"
21:23:32.831 [docker-java-stream--1761815518] DEBUG com.github.dockerjava.api.command.PullImageResultCallback - ResponseItem(stream=null, status=Extracting, progressDetail=ResponseItem.ProgressDetail(current=2326528, total=2807803, start=null), progress=[=========================================>         ]  2.327MB/2.808MB, id=91d30c5bc195, from=null, time=null, errorDetail=null, error=null, aux=null)
21:23:33.066 [docker-java-stream--1761815518] DEBUG com.github.dockerjava.zerodep.shaded.org.apache.hc.client5.http.wire - http-outgoing-0 << "bb[\r][\n]"
21:23:33.067 [docker-java-stream--1761815518] DEBUG com.github.dockerjava.zerodep.shaded.org.apache.hc.client5.http.wire - http-outgoing-0 << "{"status":"Extracting","progressDetail":{"current":2457600,"total":2807803},"progress":"[===========================================\u003e       ]  2.458MB/2.808MB","id":"91d30c5bc195"}[\r][\n]"
21:23:33.068 [docker-java-stream--1761815518] DEBUG com.github.dockerjava.zerodep.shaded.org.apache.hc.client5.http.wire - http-outgoing-0 << "[\r][\n]"
21:23:33.070 [docker-java-stream--1761815518] DEBUG com.github.dockerjava.api.command.PullImageResultCallback - ResponseItem(stream=null, status=Extracting, progressDetail=ResponseItem.ProgressDetail(current=2457600, total=2807803, start=null), progress=[===========================================>       ]  2.458MB/2.808MB, id=91d30c5bc195, from=null, time=null, errorDetail=null, error=null, aux=null)
21:23:33.507 [docker-java-stream--1761815518] DEBUG com.github.dockerjava.zerodep.shaded.org.apache.hc.client5.http.wire - http-outgoing-0 << "bb[\r][\n]"
21:23:33.507 [docker-java-stream--1761815518] DEBUG com.github.dockerjava.zerodep.shaded.org.apache.hc.client5.http.wire - http-outgoing-0 << "{"status":"Extracting","progressDetail":{"current":2490368,"total":2807803},"progress":"[============================================\u003e      ]   2.49MB/2.808MB","id":"91d30c5bc195"}[\r][\n]"
21:23:33.507 [docker-java-stream--1761815518] DEBUG com.github.dockerjava.zerodep.shaded.org.apache.hc.client5.http.wire - http-outgoing-0 << "[\r][\n]"
21:23:33.508 [docker-java-stream--1761815518] DEBUG com.github.dockerjava.api.command.PullImageResultCallback - ResponseItem(stream=null, status=Extracting, progressDetail=ResponseItem.ProgressDetail(current=2490368, total=2807803, start=null), progress=[============================================>      ]   2.49MB/2.808MB, id=91d30c5bc195, from=null, time=null, errorDetail=null, error=null, aux=null)
21:23:33.640 [docker-java-stream--1761815518] DEBUG com.github.dockerjava.zerodep.shaded.org.apache.hc.client5.http.wire - http-outgoing-0 << "bb[\r][\n]"
21:23:33.641 [docker-java-stream--1761815518] DEBUG com.github.dockerjava.zerodep.shaded.org.apache.hc.client5.http.wire - http-outgoing-0 << "{"status":"Extracting","progressDetail":{"current":2555904,"total":2807803},"progress":"[=============================================\u003e     ]  2.556MB/2.808MB","id":"91d30c5bc195"}[\r][\n]"
21:23:33.641 [docker-java-stream--1761815518] DEBUG com.github.dockerjava.zerodep.shaded.org.apache.hc.client5.http.wire - http-outgoing-0 << "[\r][\n]"
21:23:33.641 [docker-java-stream--1761815518] DEBUG com.github.dockerjava.api.command.PullImageResultCallback - ResponseItem(stream=null, status=Extracting, progressDetail=ResponseItem.ProgressDetail(current=2555904, total=2807803, start=null), progress=[=============================================>     ]  2.556MB/2.808MB, id=91d30c5bc195, from=null, time=null, errorDetail=null, error=null, aux=null)
21:23:33.819 [docker-java-stream--1761815518] DEBUG com.github.dockerjava.zerodep.shaded.org.apache.hc.client5.http.wire - http-outgoing-0 << "bb[\r][\n]"
21:23:33.819 [docker-java-stream--1761815518] DEBUG com.github.dockerjava.zerodep.shaded.org.apache.hc.client5.http.wire - http-outgoing-0 << "{"status":"Extracting","progressDetail":{"current":2588672,"total":2807803},"progress":"[==============================================\u003e    ]  2.589MB/2.808MB","id":"91d30c5bc195"}[\r][\n]"
21:23:33.819 [docker-java-stream--1761815518] DEBUG com.github.dockerjava.zerodep.shaded.org.apache.hc.client5.http.wire - http-outgoing-0 << "[\r][\n]"
21:23:33.819 [docker-java-stream--1761815518] DEBUG com.github.dockerjava.api.command.PullImageResultCallback - ResponseItem(stream=null, status=Extracting, progressDetail=ResponseItem.ProgressDetail(current=2588672, total=2807803, start=null), progress=[==============================================>    ]  2.589MB/2.808MB, id=91d30c5bc195, from=null, time=null, errorDetail=null, error=null, aux=null)
21:23:33.934 [docker-java-stream--1761815518] DEBUG com.github.dockerjava.zerodep.shaded.org.apache.hc.client5.http.wire - http-outgoing-0 << "bb[\r][\n]"
21:23:33.934 [docker-java-stream--1761815518] DEBUG com.github.dockerjava.zerodep.shaded.org.apache.hc.client5.http.wire - http-outgoing-0 << "{"status":"Extracting","progressDetail":{"current":2654208,"total":2807803},"progress":"[===============================================\u003e   ]  2.654MB/2.808MB","id":"91d30c5bc195"}[\r][\n]"
21:23:33.934 [docker-java-stream--1761815518] DEBUG com.github.dockerjava.zerodep.shaded.org.apache.hc.client5.http.wire - http-outgoing-0 << "[\r][\n]"
21:23:33.934 [docker-java-stream--1761815518] DEBUG com.github.dockerjava.api.command.PullImageResultCallback - ResponseItem(stream=null, status=Extracting, progressDetail=ResponseItem.ProgressDetail(current=2654208, total=2807803, start=null), progress=[===============================================>   ]  2.654MB/2.808MB, id=91d30c5bc195, from=null, time=null, errorDetail=null, error=null, aux=null)
21:23:34.130 [docker-java-stream--1761815518] DEBUG com.github.dockerjava.zerodep.shaded.org.apache.hc.client5.http.wire - http-outgoing-0 << "bb[\r][\n]"
21:23:34.131 [docker-java-stream--1761815518] DEBUG com.github.dockerjava.zerodep.shaded.org.apache.hc.client5.http.wire - http-outgoing-0 << "{"status":"Extracting","progressDetail":{"current":2752512,"total":2807803},"progress":"[=================================================\u003e ]  2.753MB/2.808MB","id":"91d30c5bc195"}[\r][\n]"
21:23:34.132 [docker-java-stream--1761815518] DEBUG com.github.dockerjava.zerodep.shaded.org.apache.hc.client5.http.wire - http-outgoing-0 << "[\r][\n]"
21:23:34.134 [docker-java-stream--1761815518] DEBUG com.github.dockerjava.api.command.PullImageResultCallback - ResponseItem(stream=null, status=Extracting, progressDetail=ResponseItem.ProgressDetail(current=2752512, total=2807803, start=null), progress=[=================================================> ]  2.753MB/2.808MB, id=91d30c5bc195, from=null, time=null, errorDetail=null, error=null, aux=null)
21:23:34.727 [docker-java-stream--1761815518] DEBUG com.github.dockerjava.zerodep.shaded.org.apache.hc.client5.http.wire - http-outgoing-0 << "bb[\r][\n]"
21:23:34.728 [docker-java-stream--1761815518] DEBUG com.github.dockerjava.zerodep.shaded.org.apache.hc.client5.http.wire - http-outgoing-0 << "{"status":"Extracting","progressDetail":{"current":2785280,"total":2807803},"progress":"[=================================================\u003e ]  2.785MB/2.808MB","id":"91d30c5bc195"}[\r][\n]"
21:23:34.728 [docker-java-stream--1761815518] DEBUG com.github.dockerjava.zerodep.shaded.org.apache.hc.client5.http.wire - http-outgoing-0 << "[\r][\n]"
21:23:34.729 [docker-java-stream--1761815518] DEBUG com.github.dockerjava.api.command.PullImageResultCallback - ResponseItem(stream=null, status=Extracting, progressDetail=ResponseItem.ProgressDetail(current=2785280, total=2807803, start=null), progress=[=================================================> ]  2.785MB/2.808MB, id=91d30c5bc195, from=null, time=null, errorDetail=null, error=null, aux=null)
21:23:35.640 [docker-java-stream--1761815518] DEBUG com.github.dockerjava.zerodep.shaded.org.apache.hc.client5.http.wire - http-outgoing-0 << "bb[\r][\n]"
21:23:35.640 [docker-java-stream--1761815518] DEBUG com.github.dockerjava.zerodep.shaded.org.apache.hc.client5.http.wire - http-outgoing-0 << "{"status":"Extracting","progressDetail":{"current":2807803,"total":2807803},"progress":"[==================================================\u003e]  2.808MB/2.808MB","id":"91d30c5bc195"}[\r][\n]"
21:23:35.640 [docker-java-stream--1761815518] DEBUG com.github.dockerjava.zerodep.shaded.org.apache.hc.client5.http.wire - http-outgoing-0 << "[\r][\n]"
21:23:35.642 [docker-java-stream--1761815518] DEBUG com.github.dockerjava.api.command.PullImageResultCallback - ResponseItem(stream=null, status=Extracting, progressDetail=ResponseItem.ProgressDetail(current=2807803, total=2807803, start=null), progress=[==================================================>]  2.808MB/2.808MB, id=91d30c5bc195, from=null, time=null, errorDetail=null, error=null, aux=null)
21:23:41.055 [docker-java-stream--1761815518] DEBUG com.github.dockerjava.zerodep.shaded.org.apache.hc.client5.http.wire - http-outgoing-0 << "44[\r][\n]"
21:23:41.055 [docker-java-stream--1761815518] DEBUG com.github.dockerjava.zerodep.shaded.org.apache.hc.client5.http.wire - http-outgoing-0 << "{"status":"Pull complete","progressDetail":{},"id":"91d30c5bc195"}[\r][\n]"
21:23:41.055 [docker-java-stream--1761815518] DEBUG com.github.dockerjava.zerodep.shaded.org.apache.hc.client5.http.wire - http-outgoing-0 << "[\r][\n]"
21:23:41.056 [docker-java-stream--1761815518] DEBUG com.github.dockerjava.api.command.PullImageResultCallback - ResponseItem(stream=null, status=Pull complete, progressDetail=ResponseItem.ProgressDetail(current=null, total=null, start=null), progress=null, id=91d30c5bc195, from=null, time=null, errorDetail=null, error=null, aux=null)
21:23:41.057 [docker-java-stream--1761815518] INFO tc.testcontainers/ryuk:0.5.1 - Pulling image layers:  0 pending,  3 downloaded,  1 extracted, (5 MB/5 MB)
21:23:41.478 [docker-java-stream--1761815518] DEBUG com.github.dockerjava.zerodep.shaded.org.apache.hc.client5.http.wire - http-outgoing-0 << "b8[\r][\n]"
21:23:41.478 [docker-java-stream--1761815518] DEBUG com.github.dockerjava.zerodep.shaded.org.apache.hc.client5.http.wire - http-outgoing-0 << "{"status":"Extracting","progressDetail":{"current":32768,"total":284767},"progress":"[=====\u003e                                             ]  32.77kB/284.8kB","id":"44dc6ed559e0"}[\r][\n]"
21:23:41.478 [docker-java-stream--1761815518] DEBUG com.github.dockerjava.zerodep.shaded.org.apache.hc.client5.http.wire - http-outgoing-0 << "[\r][\n]"
21:23:41.483 [docker-java-stream--1761815518] DEBUG com.github.dockerjava.api.command.PullImageResultCallback - ResponseItem(stream=null, status=Extracting, progressDetail=ResponseItem.ProgressDetail(current=32768, total=284767, start=null), progress=[=====>                                             ]  32.77kB/284.8kB, id=44dc6ed559e0, from=null, time=null, errorDetail=null, error=null, aux=null)
21:23:41.785 [docker-java-stream--1761815518] DEBUG com.github.dockerjava.zerodep.shaded.org.apache.hc.client5.http.wire - http-outgoing-0 << "b9[\r][\n]"
21:23:41.786 [docker-java-stream--1761815518] DEBUG com.github.dockerjava.zerodep.shaded.org.apache.hc.client5.http.wire - http-outgoing-0 << "{"status":"Extracting","progressDetail":{"current":131072,"total":284767},"progress":"[=======================\u003e                           ]  131.1kB/284.8kB","id":"44dc6ed559e0"}[\r][\n]"
21:23:41.787 [docker-java-stream--1761815518] DEBUG com.github.dockerjava.zerodep.shaded.org.apache.hc.client5.http.wire - http-outgoing-0 << "[\r][\n]"
21:23:41.789 [docker-java-stream--1761815518] DEBUG com.github.dockerjava.api.command.PullImageResultCallback - ResponseItem(stream=null, status=Extracting, progressDetail=ResponseItem.ProgressDetail(current=131072, total=284767, start=null), progress=[=======================>                           ]  131.1kB/284.8kB, id=44dc6ed559e0, from=null, time=null, errorDetail=null, error=null, aux=null)
21:23:43.302 [docker-java-stream--1761815518] DEBUG com.github.dockerjava.zerodep.shaded.org.apache.hc.client5.http.wire - http-outgoing-0 << "b9[\r][\n]"
21:23:43.303 [docker-java-stream--1761815518] DEBUG com.github.dockerjava.zerodep.shaded.org.apache.hc.client5.http.wire - http-outgoing-0 << "{"status":"Extracting","progressDetail":{"current":196608,"total":284767},"progress":"[==================================\u003e                ]  196.6kB/284.8kB","id":"44dc6ed559e0"}[\r][\n]"
21:23:43.304 [docker-java-stream--1761815518] DEBUG com.github.dockerjava.zerodep.shaded.org.apache.hc.client5.http.wire - http-outgoing-0 << "[\r][\n]"
21:23:43.306 [docker-java-stream--1761815518] DEBUG com.github.dockerjava.api.command.PullImageResultCallback - ResponseItem(stream=null, status=Extracting, progressDetail=ResponseItem.ProgressDetail(current=196608, total=284767, start=null), progress=[==================================>                ]  196.6kB/284.8kB, id=44dc6ed559e0, from=null, time=null, errorDetail=null, error=null, aux=null)
21:23:43.946 [docker-java-stream--1761815518] DEBUG com.github.dockerjava.zerodep.shaded.org.apache.hc.client5.http.wire - http-outgoing-0 << "b9[\r][\n]"
21:23:43.947 [docker-java-stream--1761815518] DEBUG com.github.dockerjava.zerodep.shaded.org.apache.hc.client5.http.wire - http-outgoing-0 << "{"status":"Extracting","progressDetail":{"current":229376,"total":284767},"progress":"[========================================\u003e          ]  229.4kB/284.8kB","id":"44dc6ed559e0"}[\r][\n]"
21:23:43.947 [docker-java-stream--1761815518] DEBUG com.github.dockerjava.zerodep.shaded.org.apache.hc.client5.http.wire - http-outgoing-0 << "[\r][\n]"
21:23:43.947 [docker-java-stream--1761815518] DEBUG com.github.dockerjava.api.command.PullImageResultCallback - ResponseItem(stream=null, status=Extracting, progressDetail=ResponseItem.ProgressDetail(current=229376, total=284767, start=null), progress=[========================================>          ]  229.4kB/284.8kB, id=44dc6ed559e0, from=null, time=null, errorDetail=null, error=null, aux=null)
21:23:44.373 [docker-java-stream--1761815518] DEBUG com.github.dockerjava.zerodep.shaded.org.apache.hc.client5.http.wire - http-outgoing-0 << "b9[\r][\n]"
21:23:44.373 [docker-java-stream--1761815518] DEBUG com.github.dockerjava.zerodep.shaded.org.apache.hc.client5.http.wire - http-outgoing-0 << "{"status":"Extracting","progressDetail":{"current":262144,"total":284767},"progress":"[==============================================\u003e    ]  262.1kB/284.8kB","id":"44dc6ed559e0"}[\r][\n]"
21:23:44.373 [docker-java-stream--1761815518] DEBUG com.github.dockerjava.zerodep.shaded.org.apache.hc.client5.http.wire - http-outgoing-0 << "[\r][\n]"
21:23:44.375 [docker-java-stream--1761815518] DEBUG com.github.dockerjava.api.command.PullImageResultCallback - ResponseItem(stream=null, status=Extracting, progressDetail=ResponseItem.ProgressDetail(current=262144, total=284767, start=null), progress=[==============================================>    ]  262.1kB/284.8kB, id=44dc6ed559e0, from=null, time=null, errorDetail=null, error=null, aux=null)
21:23:44.377 [docker-java-stream--1761815518] DEBUG com.github.dockerjava.zerodep.shaded.org.apache.hc.client5.http.wire - http-outgoing-0 << "b9[\r][\n]"
21:23:44.377 [docker-java-stream--1761815518] DEBUG com.github.dockerjava.zerodep.shaded.org.apache.hc.client5.http.wire - http-outgoing-0 << "{"status":"Extracting","progressDetail":{"current":284767,"total":284767},"progress":"[==================================================\u003e]  284.8kB/284.8kB","id":"44dc6ed559e0"}[\r][\n]"
21:23:44.377 [docker-java-stream--1761815518] DEBUG com.github.dockerjava.zerodep.shaded.org.apache.hc.client5.http.wire - http-outgoing-0 << "[\r][\n]"
21:23:44.377 [docker-java-stream--1761815518] DEBUG com.github.dockerjava.api.command.PullImageResultCallback - ResponseItem(stream=null, status=Extracting, progressDetail=ResponseItem.ProgressDetail(current=284767, total=284767, start=null), progress=[==================================================>]  284.8kB/284.8kB, id=44dc6ed559e0, from=null, time=null, errorDetail=null, error=null, aux=null)
21:23:44.445 [docker-java-stream--1761815518] DEBUG com.github.dockerjava.zerodep.shaded.org.apache.hc.client5.http.wire - http-outgoing-0 << "b9[\r][\n]"
21:23:44.446 [docker-java-stream--1761815518] DEBUG com.github.dockerjava.zerodep.shaded.org.apache.hc.client5.http.wire - http-outgoing-0 << "{"status":"Extracting","progressDetail":{"current":284767,"total":284767},"progress":"[==================================================\u003e]  284.8kB/284.8kB","id":"44dc6ed559e0"}[\r][\n]"
21:23:44.446 [docker-java-stream--1761815518] DEBUG com.github.dockerjava.zerodep.shaded.org.apache.hc.client5.http.wire - http-outgoing-0 << "[\r][\n]"
21:23:44.447 [docker-java-stream--1761815518] DEBUG com.github.dockerjava.api.command.PullImageResultCallback - ResponseItem(stream=null, status=Extracting, progressDetail=ResponseItem.ProgressDetail(current=284767, total=284767, start=null), progress=[==================================================>]  284.8kB/284.8kB, id=44dc6ed559e0, from=null, time=null, errorDetail=null, error=null, aux=null)
21:23:47.551 [docker-java-stream--1761815518] DEBUG com.github.dockerjava.zerodep.shaded.org.apache.hc.client5.http.wire - http-outgoing-0 << "44[\r][\n]"
21:23:47.552 [docker-java-stream--1761815518] DEBUG com.github.dockerjava.zerodep.shaded.org.apache.hc.client5.http.wire - http-outgoing-0 << "{"status":"Pull complete","progressDetail":{},"id":"44dc6ed559e0"}[\r][\n]"
21:23:47.552 [docker-java-stream--1761815518] DEBUG com.github.dockerjava.zerodep.shaded.org.apache.hc.client5.http.wire - http-outgoing-0 << "[\r][\n]"
21:23:47.556 [docker-java-stream--1761815518] DEBUG com.github.dockerjava.api.command.PullImageResultCallback - ResponseItem(stream=null, status=Pull complete, progressDetail=ResponseItem.ProgressDetail(current=null, total=null, start=null), progress=null, id=44dc6ed559e0, from=null, time=null, errorDetail=null, error=null, aux=null)
21:23:47.560 [docker-java-stream--1761815518] INFO tc.testcontainers/ryuk:0.5.1 - Pulling image layers:  0 pending,  3 downloaded,  2 extracted, (5 MB/5 MB)
21:23:47.965 [docker-java-stream--1761815518] DEBUG com.github.dockerjava.zerodep.shaded.org.apache.hc.client5.http.wire - http-outgoing-0 << "b9[\r][\n]"
21:23:47.965 [docker-java-stream--1761815518] DEBUG com.github.dockerjava.zerodep.shaded.org.apache.hc.client5.http.wire - http-outgoing-0 << "{"status":"Extracting","progressDetail":{"current":32768,"total":2775904},"progress":"[\u003e                                                  ]  32.77kB/2.776MB","id":"3937553ff7d0"}[\r][\n]"
21:23:47.965 [docker-java-stream--1761815518] DEBUG com.github.dockerjava.zerodep.shaded.org.apache.hc.client5.http.wire - http-outgoing-0 << "[\r][\n]"
21:23:47.967 [docker-java-stream--1761815518] DEBUG com.github.dockerjava.api.command.PullImageResultCallback - ResponseItem(stream=null, status=Extracting, progressDetail=ResponseItem.ProgressDetail(current=32768, total=2775904, start=null), progress=[>                                                  ]  32.77kB/2.776MB, id=3937553ff7d0, from=null, time=null, errorDetail=null, error=null, aux=null)
21:23:48.171 [docker-java-stream--1761815518] DEBUG com.github.dockerjava.zerodep.shaded.org.apache.hc.client5.http.wire - http-outgoing-0 << "ba[\r][\n]"
21:23:48.171 [docker-java-stream--1761815518] DEBUG com.github.dockerjava.zerodep.shaded.org.apache.hc.client5.http.wire - http-outgoing-0 << "{"status":"Extracting","progressDetail":{"current":131072,"total":2775904},"progress":"[==\u003e                                                ]  131.1kB/2.776MB","id":"3937553ff7d0"}[\r][\n]"
21:23:48.171 [docker-java-stream--1761815518] DEBUG com.github.dockerjava.zerodep.shaded.org.apache.hc.client5.http.wire - http-outgoing-0 << "[\r][\n]"
21:23:48.171 [docker-java-stream--1761815518] DEBUG com.github.dockerjava.api.command.PullImageResultCallback - ResponseItem(stream=null, status=Extracting, progressDetail=ResponseItem.ProgressDetail(current=131072, total=2775904, start=null), progress=[==>                                                ]  131.1kB/2.776MB, id=3937553ff7d0, from=null, time=null, errorDetail=null, error=null, aux=null)
21:23:48.462 [docker-java-stream--1761815518] DEBUG com.github.dockerjava.zerodep.shaded.org.apache.hc.client5.http.wire - http-outgoing-0 << "ba[\r][\n]"
21:23:48.463 [docker-java-stream--1761815518] DEBUG com.github.dockerjava.zerodep.shaded.org.apache.hc.client5.http.wire - http-outgoing-0 << "{"status":"Extracting","progressDetail":{"current":196608,"total":2775904},"progress":"[===\u003e                                               ]  196.6kB/2.776MB","id":"3937553ff7d0"}[\r][\n]"
21:23:48.463 [docker-java-stream--1761815518] DEBUG com.github.dockerjava.zerodep.shaded.org.apache.hc.client5.http.wire - http-outgoing-0 << "[\r][\n]"
21:23:48.465 [docker-java-stream--1761815518] DEBUG com.github.dockerjava.api.command.PullImageResultCallback - ResponseItem(stream=null, status=Extracting, progressDetail=ResponseItem.ProgressDetail(current=196608, total=2775904, start=null), progress=[===>                                               ]  196.6kB/2.776MB, id=3937553ff7d0, from=null, time=null, errorDetail=null, error=null, aux=null)
21:23:48.645 [docker-java-stream--1761815518] DEBUG com.github.dockerjava.zerodep.shaded.org.apache.hc.client5.http.wire - http-outgoing-0 << "ba[\r][\n]"
21:23:48.646 [docker-java-stream--1761815518] DEBUG com.github.dockerjava.zerodep.shaded.org.apache.hc.client5.http.wire - http-outgoing-0 << "{"status":"Extracting","progressDetail":{"current":327680,"total":2775904},"progress":"[=====\u003e                                             ]  327.7kB/2.776MB","id":"3937553ff7d0"}[\r][\n]"
21:23:48.646 [docker-java-stream--1761815518] DEBUG com.github.dockerjava.zerodep.shaded.org.apache.hc.client5.http.wire - http-outgoing-0 << "[\r][\n]"
21:23:48.646 [docker-java-stream--1761815518] DEBUG com.github.dockerjava.api.command.PullImageResultCallback - ResponseItem(stream=null, status=Extracting, progressDetail=ResponseItem.ProgressDetail(current=327680, total=2775904, start=null), progress=[=====>                                             ]  327.7kB/2.776MB, id=3937553ff7d0, from=null, time=null, errorDetail=null, error=null, aux=null)
21:23:48.761 [docker-java-stream--1761815518] DEBUG com.github.dockerjava.zerodep.shaded.org.apache.hc.client5.http.wire - http-outgoing-0 << "ba[\r][\n]"
21:23:48.761 [docker-java-stream--1761815518] DEBUG com.github.dockerjava.zerodep.shaded.org.apache.hc.client5.http.wire - http-outgoing-0 << "{"status":"Extracting","progressDetail":{"current":360448,"total":2775904},"progress":"[======\u003e                                            ]  360.4kB/2.776MB","id":"3937553ff7d0"}[\r][\n]"
21:23:48.762 [docker-java-stream--1761815518] DEBUG com.github.dockerjava.zerodep.shaded.org.apache.hc.client5.http.wire - http-outgoing-0 << "[\r][\n]"
21:23:48.762 [docker-java-stream--1761815518] DEBUG com.github.dockerjava.api.command.PullImageResultCallback - ResponseItem(stream=null, status=Extracting, progressDetail=ResponseItem.ProgressDetail(current=360448, total=2775904, start=null), progress=[======>                                            ]  360.4kB/2.776MB, id=3937553ff7d0, from=null, time=null, errorDetail=null, error=null, aux=null)
21:23:48.990 [docker-java-stream--1761815518] DEBUG com.github.dockerjava.zerodep.shaded.org.apache.hc.client5.http.wire - http-outgoing-0 << "ba[\r][\n]"
21:23:48.990 [docker-java-stream--1761815518] DEBUG com.github.dockerjava.zerodep.shaded.org.apache.hc.client5.http.wire - http-outgoing-0 << "{"status":"Extracting","progressDetail":{"current":458752,"total":2775904},"progress":"[========\u003e                                          ]  458.8kB/2.776MB","id":"3937553ff7d0"}[\r][\n]"
21:23:48.990 [docker-java-stream--1761815518] DEBUG com.github.dockerjava.zerodep.shaded.org.apache.hc.client5.http.wire - http-outgoing-0 << "[\r][\n]"
21:23:48.991 [docker-java-stream--1761815518] DEBUG com.github.dockerjava.api.command.PullImageResultCallback - ResponseItem(stream=null, status=Extracting, progressDetail=ResponseItem.ProgressDetail(current=458752, total=2775904, start=null), progress=[========>                                          ]  458.8kB/2.776MB, id=3937553ff7d0, from=null, time=null, errorDetail=null, error=null, aux=null)
21:23:49.236 [docker-java-stream--1761815518] DEBUG com.github.dockerjava.zerodep.shaded.org.apache.hc.client5.http.wire - http-outgoing-0 << "ba[\r][\n]"
21:23:49.237 [docker-java-stream--1761815518] DEBUG com.github.dockerjava.zerodep.shaded.org.apache.hc.client5.http.wire - http-outgoing-0 << "{"status":"Extracting","progressDetail":{"current":524288,"total":2775904},"progress":"[=========\u003e                                         ]  524.3kB/2.776MB","id":"3937553ff7d0"}[\r][\n]"
21:23:49.237 [docker-java-stream--1761815518] DEBUG com.github.dockerjava.zerodep.shaded.org.apache.hc.client5.http.wire - http-outgoing-0 << "[\r][\n]"
21:23:49.238 [docker-java-stream--1761815518] DEBUG com.github.dockerjava.api.command.PullImageResultCallback - ResponseItem(stream=null, status=Extracting, progressDetail=ResponseItem.ProgressDetail(current=524288, total=2775904, start=null), progress=[=========>                                         ]  524.3kB/2.776MB, id=3937553ff7d0, from=null, time=null, errorDetail=null, error=null, aux=null)
21:23:49.332 [docker-java-stream--1761815518] DEBUG com.github.dockerjava.zerodep.shaded.org.apache.hc.client5.http.wire - http-outgoing-0 << "ba[\r][\n]"
21:23:49.332 [docker-java-stream--1761815518] DEBUG com.github.dockerjava.zerodep.shaded.org.apache.hc.client5.http.wire - http-outgoing-0 << "{"status":"Extracting","progressDetail":{"current":557056,"total":2775904},"progress":"[==========\u003e                                        ]  557.1kB/2.776MB","id":"3937553ff7d0"}[\r][\n]"
21:23:49.332 [docker-java-stream--1761815518] DEBUG com.github.dockerjava.zerodep.shaded.org.apache.hc.client5.http.wire - http-outgoing-0 << "[\r][\n]"
21:23:49.333 [docker-java-stream--1761815518] DEBUG com.github.dockerjava.api.command.PullImageResultCallback - ResponseItem(stream=null, status=Extracting, progressDetail=ResponseItem.ProgressDetail(current=557056, total=2775904, start=null), progress=[==========>                                        ]  557.1kB/2.776MB, id=3937553ff7d0, from=null, time=null, errorDetail=null, error=null, aux=null)
21:23:49.528 [docker-java-stream--1761815518] DEBUG com.github.dockerjava.zerodep.shaded.org.apache.hc.client5.http.wire - http-outgoing-0 << "ba[\r][\n]"
21:23:49.529 [docker-java-stream--1761815518] DEBUG com.github.dockerjava.zerodep.shaded.org.apache.hc.client5.http.wire - http-outgoing-0 << "{"status":"Extracting","progressDetail":{"current":655360,"total":2775904},"progress":"[===========\u003e                                       ]  655.4kB/2.776MB","id":"3937553ff7d0"}[\r][\n]"
21:23:49.530 [docker-java-stream--1761815518] DEBUG com.github.dockerjava.zerodep.shaded.org.apache.hc.client5.http.wire - http-outgoing-0 << "[\r][\n]"
21:23:49.531 [docker-java-stream--1761815518] DEBUG com.github.dockerjava.api.command.PullImageResultCallback - ResponseItem(stream=null, status=Extracting, progressDetail=ResponseItem.ProgressDetail(current=655360, total=2775904, start=null), progress=[===========>                                       ]  655.4kB/2.776MB, id=3937553ff7d0, from=null, time=null, errorDetail=null, error=null, aux=null)
21:23:49.770 [docker-java-stream--1761815518] DEBUG com.github.dockerjava.zerodep.shaded.org.apache.hc.client5.http.wire - http-outgoing-0 << "ba[\r][\n]"
21:23:49.770 [docker-java-stream--1761815518] DEBUG com.github.dockerjava.zerodep.shaded.org.apache.hc.client5.http.wire - http-outgoing-0 << "{"status":"Extracting","progressDetail":{"current":688128,"total":2775904},"progress":"[============\u003e                                      ]  688.1kB/2.776MB","id":"3937553ff7d0"}[\r][\n]"
21:23:49.770 [docker-java-stream--1761815518] DEBUG com.github.dockerjava.zerodep.shaded.org.apache.hc.client5.http.wire - http-outgoing-0 << "[\r][\n]"
21:23:49.772 [docker-java-stream--1761815518] DEBUG com.github.dockerjava.api.command.PullImageResultCallback - ResponseItem(stream=null, status=Extracting, progressDetail=ResponseItem.ProgressDetail(current=688128, total=2775904, start=null), progress=[============>                                      ]  688.1kB/2.776MB, id=3937553ff7d0, from=null, time=null, errorDetail=null, error=null, aux=null)
21:23:50.009 [docker-java-stream--1761815518] DEBUG com.github.dockerjava.zerodep.shaded.org.apache.hc.client5.http.wire - http-outgoing-0 << "ba[\r][\n]"
21:23:50.009 [docker-java-stream--1761815518] DEBUG com.github.dockerjava.zerodep.shaded.org.apache.hc.client5.http.wire - http-outgoing-0 << "{"status":"Extracting","progressDetail":{"current":720896,"total":2775904},"progress":"[============\u003e                                      ]  720.9kB/2.776MB","id":"3937553ff7d0"}[\r][\n]"
21:23:50.010 [docker-java-stream--1761815518] DEBUG com.github.dockerjava.zerodep.shaded.org.apache.hc.client5.http.wire - http-outgoing-0 << "[\r][\n]"
21:23:50.014 [docker-java-stream--1761815518] DEBUG com.github.dockerjava.api.command.PullImageResultCallback - ResponseItem(stream=null, status=Extracting, progressDetail=ResponseItem.ProgressDetail(current=720896, total=2775904, start=null), progress=[============>                                      ]  720.9kB/2.776MB, id=3937553ff7d0, from=null, time=null, errorDetail=null, error=null, aux=null)
21:23:50.297 [docker-java-stream--1761815518] DEBUG com.github.dockerjava.zerodep.shaded.org.apache.hc.client5.http.wire - http-outgoing-0 << "ba[\r][\n]"
21:23:50.297 [docker-java-stream--1761815518] DEBUG com.github.dockerjava.zerodep.shaded.org.apache.hc.client5.http.wire - http-outgoing-0 << "{"status":"Extracting","progressDetail":{"current":753664,"total":2775904},"progress":"[=============\u003e                                     ]  753.7kB/2.776MB","id":"3937553ff7d0"}[\r][\n]"
21:23:50.297 [docker-java-stream--1761815518] DEBUG com.github.dockerjava.zerodep.shaded.org.apache.hc.client5.http.wire - http-outgoing-0 << "[\r][\n]"
21:23:50.298 [docker-java-stream--1761815518] DEBUG com.github.dockerjava.api.command.PullImageResultCallback - ResponseItem(stream=null, status=Extracting, progressDetail=ResponseItem.ProgressDetail(current=753664, total=2775904, start=null), progress=[=============>                                     ]  753.7kB/2.776MB, id=3937553ff7d0, from=null, time=null, errorDetail=null, error=null, aux=null)
21:23:50.711 [docker-java-stream--1761815518] DEBUG com.github.dockerjava.zerodep.shaded.org.apache.hc.client5.http.wire - http-outgoing-0 << "ba[\r][\n]"
21:23:50.711 [docker-java-stream--1761815518] DEBUG com.github.dockerjava.zerodep.shaded.org.apache.hc.client5.http.wire - http-outgoing-0 << "{"status":"Extracting","progressDetail":{"current":819200,"total":2775904},"progress":"[==============\u003e                                    ]  819.2kB/2.776MB","id":"3937553ff7d0"}[\r][\n]"
21:23:50.711 [docker-java-stream--1761815518] DEBUG com.github.dockerjava.zerodep.shaded.org.apache.hc.client5.http.wire - http-outgoing-0 << "[\r][\n]"
21:23:50.713 [docker-java-stream--1761815518] DEBUG com.github.dockerjava.api.command.PullImageResultCallback - ResponseItem(stream=null, status=Extracting, progressDetail=ResponseItem.ProgressDetail(current=819200, total=2775904, start=null), progress=[==============>                                    ]  819.2kB/2.776MB, id=3937553ff7d0, from=null, time=null, errorDetail=null, error=null, aux=null)
21:23:51.052 [docker-java-stream--1761815518] DEBUG com.github.dockerjava.zerodep.shaded.org.apache.hc.client5.http.wire - http-outgoing-0 << "ba[\r][\n]"
21:23:51.052 [docker-java-stream--1761815518] DEBUG com.github.dockerjava.zerodep.shaded.org.apache.hc.client5.http.wire - http-outgoing-0 << "{"status":"Extracting","progressDetail":{"current":851968,"total":2775904},"progress":"[===============\u003e                                   ]    852kB/2.776MB","id":"3937553ff7d0"}[\r][\n]"
21:23:51.052 [docker-java-stream--1761815518] DEBUG com.github.dockerjava.zerodep.shaded.org.apache.hc.client5.http.wire - http-outgoing-0 << "[\r][\n]"
21:23:51.055 [docker-java-stream--1761815518] DEBUG com.github.dockerjava.api.command.PullImageResultCallback - ResponseItem(stream=null, status=Extracting, progressDetail=ResponseItem.ProgressDetail(current=851968, total=2775904, start=null), progress=[===============>                                   ]    852kB/2.776MB, id=3937553ff7d0, from=null, time=null, errorDetail=null, error=null, aux=null)
21:23:51.157 [docker-java-stream--1761815518] DEBUG com.github.dockerjava.zerodep.shaded.org.apache.hc.client5.http.wire - http-outgoing-0 << "ba[\r][\n]"
21:23:51.157 [docker-java-stream--1761815518] DEBUG com.github.dockerjava.zerodep.shaded.org.apache.hc.client5.http.wire - http-outgoing-0 << "{"status":"Extracting","progressDetail":{"current":884736,"total":2775904},"progress":"[===============\u003e                                   ]  884.7kB/2.776MB","id":"3937553ff7d0"}[\r][\n]"
21:23:51.157 [docker-java-stream--1761815518] DEBUG com.github.dockerjava.zerodep.shaded.org.apache.hc.client5.http.wire - http-outgoing-0 << "[\r][\n]"
21:23:51.158 [docker-java-stream--1761815518] DEBUG com.github.dockerjava.api.command.PullImageResultCallback - ResponseItem(stream=null, status=Extracting, progressDetail=ResponseItem.ProgressDetail(current=884736, total=2775904, start=null), progress=[===============>                                   ]  884.7kB/2.776MB, id=3937553ff7d0, from=null, time=null, errorDetail=null, error=null, aux=null)
21:23:51.455 [docker-java-stream--1761815518] DEBUG com.github.dockerjava.zerodep.shaded.org.apache.hc.client5.http.wire - http-outgoing-0 << "ba[\r][\n]"
21:23:51.455 [docker-java-stream--1761815518] DEBUG com.github.dockerjava.zerodep.shaded.org.apache.hc.client5.http.wire - http-outgoing-0 << "{"status":"Extracting","progressDetail":{"current":950272,"total":2775904},"progress":"[=================\u003e                                 ]  950.3kB/2.776MB","id":"3937553ff7d0"}[\r][\n]"
21:23:51.455 [docker-java-stream--1761815518] DEBUG com.github.dockerjava.zerodep.shaded.org.apache.hc.client5.http.wire - http-outgoing-0 << "[\r][\n]"
21:23:51.456 [docker-java-stream--1761815518] DEBUG com.github.dockerjava.api.command.PullImageResultCallback - ResponseItem(stream=null, status=Extracting, progressDetail=ResponseItem.ProgressDetail(current=950272, total=2775904, start=null), progress=[=================>                                 ]  950.3kB/2.776MB, id=3937553ff7d0, from=null, time=null, errorDetail=null, error=null, aux=null)
21:23:51.763 [docker-java-stream--1761815518] DEBUG com.github.dockerjava.zerodep.shaded.org.apache.hc.client5.http.wire - http-outgoing-0 << "ba[\r][\n]"
21:23:51.763 [docker-java-stream--1761815518] DEBUG com.github.dockerjava.zerodep.shaded.org.apache.hc.client5.http.wire - http-outgoing-0 << "{"status":"Extracting","progressDetail":{"current":983040,"total":2775904},"progress":"[=================\u003e                                 ]    983kB/2.776MB","id":"3937553ff7d0"}[\r][\n]"
21:23:51.763 [docker-java-stream--1761815518] DEBUG com.github.dockerjava.zerodep.shaded.org.apache.hc.client5.http.wire - http-outgoing-0 << "[\r][\n]"
21:23:51.763 [docker-java-stream--1761815518] DEBUG com.github.dockerjava.api.command.PullImageResultCallback - ResponseItem(stream=null, status=Extracting, progressDetail=ResponseItem.ProgressDetail(current=983040, total=2775904, start=null), progress=[=================>                                 ]    983kB/2.776MB, id=3937553ff7d0, from=null, time=null, errorDetail=null, error=null, aux=null)
21:23:52.001 [docker-java-stream--1761815518] DEBUG com.github.dockerjava.zerodep.shaded.org.apache.hc.client5.http.wire - http-outgoing-0 << "bb[\r][\n]"
21:23:52.002 [docker-java-stream--1761815518] DEBUG com.github.dockerjava.zerodep.shaded.org.apache.hc.client5.http.wire - http-outgoing-0 << "{"status":"Extracting","progressDetail":{"current":1048576,"total":2775904},"progress":"[==================\u003e                                ]  1.049MB/2.776MB","id":"3937553ff7d0"}[\r][\n]"
21:23:52.002 [docker-java-stream--1761815518] DEBUG com.github.dockerjava.zerodep.shaded.org.apache.hc.client5.http.wire - http-outgoing-0 << "[\r][\n]"
21:23:52.005 [docker-java-stream--1761815518] DEBUG com.github.dockerjava.api.command.PullImageResultCallback - ResponseItem(stream=null, status=Extracting, progressDetail=ResponseItem.ProgressDetail(current=1048576, total=2775904, start=null), progress=[==================>                                ]  1.049MB/2.776MB, id=3937553ff7d0, from=null, time=null, errorDetail=null, error=null, aux=null)
21:23:52.212 [docker-java-stream--1761815518] DEBUG com.github.dockerjava.zerodep.shaded.org.apache.hc.client5.http.wire - http-outgoing-0 << "bb[\r][\n]"
21:23:52.213 [docker-java-stream--1761815518] DEBUG com.github.dockerjava.zerodep.shaded.org.apache.hc.client5.http.wire - http-outgoing-0 << "{"status":"Extracting","progressDetail":{"current":1146880,"total":2775904},"progress":"[====================\u003e                              ]  1.147MB/2.776MB","id":"3937553ff7d0"}[\r][\n]"
21:23:52.213 [docker-java-stream--1761815518] DEBUG com.github.dockerjava.zerodep.shaded.org.apache.hc.client5.http.wire - http-outgoing-0 << "[\r][\n]"
21:23:52.214 [docker-java-stream--1761815518] DEBUG com.github.dockerjava.api.command.PullImageResultCallback - ResponseItem(stream=null, status=Extracting, progressDetail=ResponseItem.ProgressDetail(current=1146880, total=2775904, start=null), progress=[====================>                              ]  1.147MB/2.776MB, id=3937553ff7d0, from=null, time=null, errorDetail=null, error=null, aux=null)
21:23:52.390 [docker-java-stream--1761815518] DEBUG com.github.dockerjava.zerodep.shaded.org.apache.hc.client5.http.wire - http-outgoing-0 << "bb[\r][\n]"
21:23:52.391 [docker-java-stream--1761815518] DEBUG com.github.dockerjava.zerodep.shaded.org.apache.hc.client5.http.wire - http-outgoing-0 << "{"status":"Extracting","progressDetail":{"current":1310720,"total":2775904},"progress":"[=======================\u003e                           ]  1.311MB/2.776MB","id":"3937553ff7d0"}[\r][\n]"
21:23:52.391 [docker-java-stream--1761815518] DEBUG com.github.dockerjava.zerodep.shaded.org.apache.hc.client5.http.wire - http-outgoing-0 << "[\r][\n]"
21:23:52.392 [docker-java-stream--1761815518] DEBUG com.github.dockerjava.api.command.PullImageResultCallback - ResponseItem(stream=null, status=Extracting, progressDetail=ResponseItem.ProgressDetail(current=1310720, total=2775904, start=null), progress=[=======================>                           ]  1.311MB/2.776MB, id=3937553ff7d0, from=null, time=null, errorDetail=null, error=null, aux=null)
21:23:52.532 [docker-java-stream--1761815518] DEBUG com.github.dockerjava.zerodep.shaded.org.apache.hc.client5.http.wire - http-outgoing-0 << "bb[\r][\n]"
21:23:52.532 [docker-java-stream--1761815518] DEBUG com.github.dockerjava.zerodep.shaded.org.apache.hc.client5.http.wire - http-outgoing-0 << "{"status":"Extracting","progressDetail":{"current":1343488,"total":2775904},"progress":"[========================\u003e                          ]  1.343MB/2.776MB","id":"3937553ff7d0"}[\r][\n]"
21:23:52.532 [docker-java-stream--1761815518] DEBUG com.github.dockerjava.zerodep.shaded.org.apache.hc.client5.http.wire - http-outgoing-0 << "[\r][\n]"
21:23:52.533 [docker-java-stream--1761815518] DEBUG com.github.dockerjava.api.command.PullImageResultCallback - ResponseItem(stream=null, status=Extracting, progressDetail=ResponseItem.ProgressDetail(current=1343488, total=2775904, start=null), progress=[========================>                          ]  1.343MB/2.776MB, id=3937553ff7d0, from=null, time=null, errorDetail=null, error=null, aux=null)
21:23:52.612 [docker-java-stream--1761815518] DEBUG com.github.dockerjava.zerodep.shaded.org.apache.hc.client5.http.wire - http-outgoing-0 << "bb[\r][\n]"
21:23:52.612 [docker-java-stream--1761815518] DEBUG com.github.dockerjava.zerodep.shaded.org.apache.hc.client5.http.wire - http-outgoing-0 << "{"status":"Extracting","progressDetail":{"current":1441792,"total":2775904},"progress":"[=========================\u003e                         ]  1.442MB/2.776MB","id":"3937553ff7d0"}[\r][\n]"
21:23:52.613 [docker-java-stream--1761815518] DEBUG com.github.dockerjava.zerodep.shaded.org.apache.hc.client5.http.wire - http-outgoing-0 << "[\r][\n]"
21:23:52.614 [docker-java-stream--1761815518] DEBUG com.github.dockerjava.api.command.PullImageResultCallback - ResponseItem(stream=null, status=Extracting, progressDetail=ResponseItem.ProgressDetail(current=1441792, total=2775904, start=null), progress=[=========================>                         ]  1.442MB/2.776MB, id=3937553ff7d0, from=null, time=null, errorDetail=null, error=null, aux=null)
21:23:52.934 [docker-java-stream--1761815518] DEBUG com.github.dockerjava.zerodep.shaded.org.apache.hc.client5.http.wire - http-outgoing-0 << "bb[\r][\n]"
21:23:52.934 [docker-java-stream--1761815518] DEBUG com.github.dockerjava.zerodep.shaded.org.apache.hc.client5.http.wire - http-outgoing-0 << "{"status":"Extracting","progressDetail":{"current":1605632,"total":2775904},"progress":"[============================\u003e                      ]  1.606MB/2.776MB","id":"3937553ff7d0"}[\r][\n]"
21:23:52.934 [docker-java-stream--1761815518] DEBUG com.github.dockerjava.zerodep.shaded.org.apache.hc.client5.http.wire - http-outgoing-0 << "[\r][\n]"
21:23:52.935 [docker-java-stream--1761815518] DEBUG com.github.dockerjava.api.command.PullImageResultCallback - ResponseItem(stream=null, status=Extracting, progressDetail=ResponseItem.ProgressDetail(current=1605632, total=2775904, start=null), progress=[============================>                      ]  1.606MB/2.776MB, id=3937553ff7d0, from=null, time=null, errorDetail=null, error=null, aux=null)
21:23:53.071 [docker-java-stream--1761815518] DEBUG com.github.dockerjava.zerodep.shaded.org.apache.hc.client5.http.wire - http-outgoing-0 << "bb[\r][\n]"
21:23:53.071 [docker-java-stream--1761815518] DEBUG com.github.dockerjava.zerodep.shaded.org.apache.hc.client5.http.wire - http-outgoing-0 << "{"status":"Extracting","progressDetail":{"current":1638400,"total":2775904},"progress":"[=============================\u003e                     ]  1.638MB/2.776MB","id":"3937553ff7d0"}[\r][\n]"
21:23:53.071 [docker-java-stream--1761815518] DEBUG com.github.dockerjava.zerodep.shaded.org.apache.hc.client5.http.wire - http-outgoing-0 << "[\r][\n]"
21:23:53.075 [docker-java-stream--1761815518] DEBUG com.github.dockerjava.api.command.PullImageResultCallback - ResponseItem(stream=null, status=Extracting, progressDetail=ResponseItem.ProgressDetail(current=1638400, total=2775904, start=null), progress=[=============================>                     ]  1.638MB/2.776MB, id=3937553ff7d0, from=null, time=null, errorDetail=null, error=null, aux=null)
21:23:53.208 [docker-java-stream--1761815518] DEBUG com.github.dockerjava.zerodep.shaded.org.apache.hc.client5.http.wire - http-outgoing-0 << "bb[\r][\n]"
21:23:53.208 [docker-java-stream--1761815518] DEBUG com.github.dockerjava.zerodep.shaded.org.apache.hc.client5.http.wire - http-outgoing-0 << "{"status":"Extracting","progressDetail":{"current":1671168,"total":2775904},"progress":"[==============================\u003e                    ]  1.671MB/2.776MB","id":"3937553ff7d0"}[\r][\n]"
21:23:53.208 [docker-java-stream--1761815518] DEBUG com.github.dockerjava.zerodep.shaded.org.apache.hc.client5.http.wire - http-outgoing-0 << "[\r][\n]"
21:23:53.209 [docker-java-stream--1761815518] DEBUG com.github.dockerjava.api.command.PullImageResultCallback - ResponseItem(stream=null, status=Extracting, progressDetail=ResponseItem.ProgressDetail(current=1671168, total=2775904, start=null), progress=[==============================>                    ]  1.671MB/2.776MB, id=3937553ff7d0, from=null, time=null, errorDetail=null, error=null, aux=null)
21:23:53.309 [docker-java-stream--1761815518] DEBUG com.github.dockerjava.zerodep.shaded.org.apache.hc.client5.http.wire - http-outgoing-0 << "bb[\r][\n]"
21:23:53.309 [docker-java-stream--1761815518] DEBUG com.github.dockerjava.zerodep.shaded.org.apache.hc.client5.http.wire - http-outgoing-0 << "{"status":"Extracting","progressDetail":{"current":1769472,"total":2775904},"progress":"[===============================\u003e                   ]  1.769MB/2.776MB","id":"3937553ff7d0"}[\r][\n]"
21:23:53.309 [docker-java-stream--1761815518] DEBUG com.github.dockerjava.zerodep.shaded.org.apache.hc.client5.http.wire - http-outgoing-0 << "[\r][\n]"
21:23:53.310 [docker-java-stream--1761815518] DEBUG com.github.dockerjava.api.command.PullImageResultCallback - ResponseItem(stream=null, status=Extracting, progressDetail=ResponseItem.ProgressDetail(current=1769472, total=2775904, start=null), progress=[===============================>                   ]  1.769MB/2.776MB, id=3937553ff7d0, from=null, time=null, errorDetail=null, error=null, aux=null)
21:23:53.438 [docker-java-stream--1761815518] DEBUG com.github.dockerjava.zerodep.shaded.org.apache.hc.client5.http.wire - http-outgoing-0 << "bb[\r][\n]"
21:23:53.438 [docker-java-stream--1761815518] DEBUG com.github.dockerjava.zerodep.shaded.org.apache.hc.client5.http.wire - http-outgoing-0 << "{"status":"Extracting","progressDetail":{"current":1966080,"total":2775904},"progress":"[===================================\u003e               ]  1.966MB/2.776MB","id":"3937553ff7d0"}[\r][\n]"
21:23:53.438 [docker-java-stream--1761815518] DEBUG com.github.dockerjava.zerodep.shaded.org.apache.hc.client5.http.wire - http-outgoing-0 << "[\r][\n]"
21:23:53.439 [docker-java-stream--1761815518] DEBUG com.github.dockerjava.api.command.PullImageResultCallback - ResponseItem(stream=null, status=Extracting, progressDetail=ResponseItem.ProgressDetail(current=1966080, total=2775904, start=null), progress=[===================================>               ]  1.966MB/2.776MB, id=3937553ff7d0, from=null, time=null, errorDetail=null, error=null, aux=null)
21:23:53.544 [docker-java-stream--1761815518] DEBUG com.github.dockerjava.zerodep.shaded.org.apache.hc.client5.http.wire - http-outgoing-0 << "bb[\r][\n]"
21:23:53.544 [docker-java-stream--1761815518] DEBUG com.github.dockerjava.zerodep.shaded.org.apache.hc.client5.http.wire - http-outgoing-0 << "{"status":"Extracting","progressDetail":{"current":2031616,"total":2775904},"progress":"[====================================\u003e              ]  2.032MB/2.776MB","id":"3937553ff7d0"}[\r][\n]"
21:23:53.544 [docker-java-stream--1761815518] DEBUG com.github.dockerjava.zerodep.shaded.org.apache.hc.client5.http.wire - http-outgoing-0 << "[\r][\n]"
21:23:53.544 [docker-java-stream--1761815518] DEBUG com.github.dockerjava.api.command.PullImageResultCallback - ResponseItem(stream=null, status=Extracting, progressDetail=ResponseItem.ProgressDetail(current=2031616, total=2775904, start=null), progress=[====================================>              ]  2.032MB/2.776MB, id=3937553ff7d0, from=null, time=null, errorDetail=null, error=null, aux=null)
21:23:53.696 [docker-java-stream--1761815518] DEBUG com.github.dockerjava.zerodep.shaded.org.apache.hc.client5.http.wire - http-outgoing-0 << "bb[\r][\n]"
21:23:53.696 [docker-java-stream--1761815518] DEBUG com.github.dockerjava.zerodep.shaded.org.apache.hc.client5.http.wire - http-outgoing-0 << "{"status":"Extracting","progressDetail":{"current":2097152,"total":2775904},"progress":"[=====================================\u003e             ]  2.097MB/2.776MB","id":"3937553ff7d0"}[\r][\n]"
21:23:53.697 [docker-java-stream--1761815518] DEBUG com.github.dockerjava.zerodep.shaded.org.apache.hc.client5.http.wire - http-outgoing-0 << "[\r][\n]"
21:23:53.698 [docker-java-stream--1761815518] DEBUG com.github.dockerjava.api.command.PullImageResultCallback - ResponseItem(stream=null, status=Extracting, progressDetail=ResponseItem.ProgressDetail(current=2097152, total=2775904, start=null), progress=[=====================================>             ]  2.097MB/2.776MB, id=3937553ff7d0, from=null, time=null, errorDetail=null, error=null, aux=null)
21:23:53.808 [docker-java-stream--1761815518] DEBUG com.github.dockerjava.zerodep.shaded.org.apache.hc.client5.http.wire - http-outgoing-0 << "bb[\r][\n]"
21:23:53.809 [docker-java-stream--1761815518] DEBUG com.github.dockerjava.zerodep.shaded.org.apache.hc.client5.http.wire - http-outgoing-0 << "{"status":"Extracting","progressDetail":{"current":2457600,"total":2775904},"progress":"[============================================\u003e      ]  2.458MB/2.776MB","id":"3937553ff7d0"}[\r][\n]"
21:23:53.809 [docker-java-stream--1761815518] DEBUG com.github.dockerjava.zerodep.shaded.org.apache.hc.client5.http.wire - http-outgoing-0 << "[\r][\n]"
21:23:53.809 [docker-java-stream--1761815518] DEBUG com.github.dockerjava.api.command.PullImageResultCallback - ResponseItem(stream=null, status=Extracting, progressDetail=ResponseItem.ProgressDetail(current=2457600, total=2775904, start=null), progress=[============================================>      ]  2.458MB/2.776MB, id=3937553ff7d0, from=null, time=null, errorDetail=null, error=null, aux=null)
21:23:53.955 [docker-java-stream--1761815518] DEBUG com.github.dockerjava.zerodep.shaded.org.apache.hc.client5.http.wire - http-outgoing-0 << "bb[\r][\n]"
21:23:53.955 [docker-java-stream--1761815518] DEBUG com.github.dockerjava.zerodep.shaded.org.apache.hc.client5.http.wire - http-outgoing-0 << "{"status":"Extracting","progressDetail":{"current":2588672,"total":2775904},"progress":"[==============================================\u003e    ]  2.589MB/2.776MB","id":"3937553ff7d0"}[\r][\n]"
21:23:53.955 [docker-java-stream--1761815518] DEBUG com.github.dockerjava.zerodep.shaded.org.apache.hc.client5.http.wire - http-outgoing-0 << "[\r][\n]"
21:23:53.956 [docker-java-stream--1761815518] DEBUG com.github.dockerjava.api.command.PullImageResultCallback - ResponseItem(stream=null, status=Extracting, progressDetail=ResponseItem.ProgressDetail(current=2588672, total=2775904, start=null), progress=[==============================================>    ]  2.589MB/2.776MB, id=3937553ff7d0, from=null, time=null, errorDetail=null, error=null, aux=null)
21:23:54.061 [docker-java-stream--1761815518] DEBUG com.github.dockerjava.zerodep.shaded.org.apache.hc.client5.http.wire - http-outgoing-0 << "bb[\r][\n]"
21:23:54.061 [docker-java-stream--1761815518] DEBUG com.github.dockerjava.zerodep.shaded.org.apache.hc.client5.http.wire - http-outgoing-0 << "{"status":"Extracting","progressDetail":{"current":2775904,"total":2775904},"progress":"[==================================================\u003e]  2.776MB/2.776MB","id":"3937553ff7d0"}[\r][\n]"
21:23:54.061 [docker-java-stream--1761815518] DEBUG com.github.dockerjava.zerodep.shaded.org.apache.hc.client5.http.wire - http-outgoing-0 << "[\r][\n]"
21:23:54.062 [docker-java-stream--1761815518] DEBUG com.github.dockerjava.api.command.PullImageResultCallback - ResponseItem(stream=null, status=Extracting, progressDetail=ResponseItem.ProgressDetail(current=2775904, total=2775904, start=null), progress=[==================================================>]  2.776MB/2.776MB, id=3937553ff7d0, from=null, time=null, errorDetail=null, error=null, aux=null)
21:23:55.091 [docker-java-stream--1761815518] DEBUG com.github.dockerjava.zerodep.shaded.org.apache.hc.client5.http.wire - http-outgoing-0 << "44[\r][\n]"
21:23:55.092 [docker-java-stream--1761815518] DEBUG com.github.dockerjava.zerodep.shaded.org.apache.hc.client5.http.wire - http-outgoing-0 << "{"status":"Pull complete","progressDetail":{},"id":"3937553ff7d0"}[\r][\n]"
21:23:55.092 [docker-java-stream--1761815518] DEBUG com.github.dockerjava.zerodep.shaded.org.apache.hc.client5.http.wire - http-outgoing-0 << "[\r][\n]"
21:23:55.092 [docker-java-stream--1761815518] DEBUG com.github.dockerjava.api.command.PullImageResultCallback - ResponseItem(stream=null, status=Pull complete, progressDetail=ResponseItem.ProgressDetail(current=null, total=null, start=null), progress=null, id=3937553ff7d0, from=null, time=null, errorDetail=null, error=null, aux=null)
21:23:55.094 [docker-java-stream--1761815518] INFO tc.testcontainers/ryuk:0.5.1 - Pulling image layers:  0 pending,  3 downloaded,  3 extracted, (5 MB/5 MB)
21:23:56.520 [docker-java-stream--1761815518] DEBUG com.github.dockerjava.zerodep.shaded.org.apache.hc.client5.http.wire - http-outgoing-0 << "5e[\r][\n]"
21:23:56.520 [docker-java-stream--1761815518] DEBUG com.github.dockerjava.zerodep.shaded.org.apache.hc.client5.http.wire - http-outgoing-0 << "{"status":"Digest: sha256:533abc56c07b52a26c955d1e7ae428d810582ab01c156384ae79960eb5fa0775"}[\r][\n]"
21:23:56.521 [docker-java-stream--1761815518] DEBUG com.github.dockerjava.zerodep.shaded.org.apache.hc.client5.http.wire - http-outgoing-0 << "[\r][\n]"
21:23:56.522 [docker-java-stream--1761815518] DEBUG com.github.dockerjava.api.command.PullImageResultCallback - ResponseItem(stream=null, status=Digest: sha256:533abc56c07b52a26c955d1e7ae428d810582ab01c156384ae79960eb5fa0775, progressDetail=null, progress=null, id=null, from=null, time=null, errorDetail=null, error=null, aux=null)
21:23:57.282 [docker-java-stream--1761815518] DEBUG com.github.dockerjava.zerodep.shaded.org.apache.hc.client5.http.wire - http-outgoing-0 << "4b[\r][\n]"
21:23:57.283 [docker-java-stream--1761815518] DEBUG com.github.dockerjava.zerodep.shaded.org.apache.hc.client5.http.wire - http-outgoing-0 << "{"status":"Status: Downloaded newer image for testcontainers/ryuk:0.5.1"}[\r][\n]"
21:23:57.283 [docker-java-stream--1761815518] DEBUG com.github.dockerjava.zerodep.shaded.org.apache.hc.client5.http.wire - http-outgoing-0 << "[\r][\n]"
21:23:57.283 [docker-java-stream--1761815518] DEBUG com.github.dockerjava.api.command.PullImageResultCallback - ResponseItem(stream=null, status=Status: Downloaded newer image for testcontainers/ryuk:0.5.1, progressDetail=null, progress=null, id=null, from=null, time=null, errorDetail=null, error=null, aux=null)
21:24:00.843 [docker-java-stream--1761815518] DEBUG com.github.dockerjava.zerodep.shaded.org.apache.hc.client5.http.wire - http-outgoing-0 << "0[\r][\n]"
21:24:00.843 [docker-java-stream--1761815518] DEBUG com.github.dockerjava.zerodep.shaded.org.apache.hc.client5.http.wire - http-outgoing-0 << "[\r][\n]"
21:24:00.846 [docker-java-stream--1761815518] DEBUG com.github.dockerjava.zerodep.shaded.org.apache.hc.client5.http.impl.classic.InternalHttpClient - ep-00000005: releasing valid endpoint
21:24:00.846 [docker-java-stream--1761815518] DEBUG com.github.dockerjava.zerodep.shaded.org.apache.hc.client5.http.impl.io.PoolingHttpClientConnectionManager - ep-00000005: releasing endpoint
21:24:00.850 [docker-java-stream--1761815518] DEBUG com.github.dockerjava.zerodep.shaded.org.apache.hc.client5.http.impl.io.PoolingHttpClientConnectionManager - ep-00000005: connection http-outgoing-0 can be kept alive for 3 MINUTES
21:24:00.850 [docker-java-stream--1761815518] DEBUG com.github.dockerjava.zerodep.shaded.org.apache.hc.client5.http.impl.io.PoolingHttpClientConnectionManager - ep-00000005: connection released [route: {}->npipe://localhost:2375][total available: 1; route allocated: 1 of 2147483647; total allocated: 1 of 2147483647]
21:24:00.854 [docker-java-stream--1761815518] INFO tc.testcontainers/ryuk:0.5.1 - Pull complete. 3 layers, pulled in 46s (downloaded 5 MB at 124 KB/s)
21:24:00.856 [Test worker] DEBUG org.testcontainers.shaded.com.github.dockerjava.core.command.AbstrDockerCmd - Cmd: testcontainers/ryuk:0.5.1
21:24:00.859 [Test worker] DEBUG com.github.dockerjava.zerodep.shaded.org.apache.hc.client5.http.impl.classic.InternalHttpClient - ex-00000007: preparing request execution
21:24:00.860 [Test worker] DEBUG com.github.dockerjava.zerodep.shaded.org.apache.hc.client5.http.protocol.RequestAddCookies - Cookie spec selected: strict
21:24:00.861 [Test worker] DEBUG com.github.dockerjava.zerodep.shaded.org.apache.hc.client5.http.protocol.RequestAuthCache - Auth cache not set in the context
21:24:00.861 [Test worker] DEBUG com.github.dockerjava.zerodep.shaded.org.apache.hc.client5.http.impl.classic.ProtocolExec - ex-00000007: target auth state: UNCHALLENGED
21:24:00.861 [Test worker] DEBUG com.github.dockerjava.zerodep.shaded.org.apache.hc.client5.http.impl.classic.ProtocolExec - ex-00000007: proxy auth state: UNCHALLENGED
21:24:00.861 [Test worker] DEBUG com.github.dockerjava.zerodep.shaded.org.apache.hc.client5.http.impl.classic.ConnectExec - ex-00000007: acquiring connection with route {}->npipe://localhost:2375
21:24:00.861 [Test worker] DEBUG com.github.dockerjava.zerodep.shaded.org.apache.hc.client5.http.impl.classic.InternalHttpClient - ex-00000007: acquiring endpoint (3 MINUTES)
21:24:00.861 [Test worker] DEBUG com.github.dockerjava.zerodep.shaded.org.apache.hc.client5.http.impl.io.PoolingHttpClientConnectionManager - ex-00000007: endpoint lease request (3 MINUTES) [route: {}->npipe://localhost:2375][total available: 1; route allocated: 1 of 2147483647; total allocated: 1 of 2147483647]
21:24:00.861 [Test worker] DEBUG com.github.dockerjava.zerodep.shaded.org.apache.hc.client5.http.impl.io.PoolingHttpClientConnectionManager - ex-00000007: endpoint leased [route: {}->npipe://localhost:2375][total available: 0; route allocated: 1 of 2147483647; total allocated: 1 of 2147483647]
21:24:00.861 [Test worker] DEBUG com.github.dockerjava.zerodep.shaded.org.apache.hc.client5.http.impl.io.PoolingHttpClientConnectionManager - ex-00000007: acquired ep-00000006
21:24:00.862 [Test worker] DEBUG com.github.dockerjava.zerodep.shaded.org.apache.hc.client5.http.impl.classic.InternalHttpClient - ex-00000007: acquired endpoint ep-00000006
21:24:00.862 [Test worker] DEBUG com.github.dockerjava.zerodep.shaded.org.apache.hc.client5.http.impl.classic.MainClientExec - ex-00000007: executing GET /v1.32/images/testcontainers%2Fryuk:0.5.1/json HTTP/1.1
21:24:00.862 [Test worker] DEBUG com.github.dockerjava.zerodep.shaded.org.apache.hc.client5.http.impl.classic.InternalHttpClient - ep-00000006: start execution ex-00000007
21:24:00.862 [Test worker] DEBUG com.github.dockerjava.zerodep.shaded.org.apache.hc.client5.http.impl.io.PoolingHttpClientConnectionManager - ep-00000006: executing exchange ex-00000007 over http-outgoing-0
21:24:00.863 [Test worker] DEBUG com.github.dockerjava.zerodep.shaded.org.apache.hc.client5.http.headers - http-outgoing-0 >> GET /v1.32/images/testcontainers%2Fryuk:0.5.1/json HTTP/1.1
21:24:00.864 [Test worker] DEBUG com.github.dockerjava.zerodep.shaded.org.apache.hc.client5.http.headers - http-outgoing-0 >> accept: application/json
21:24:00.864 [Test worker] DEBUG com.github.dockerjava.zerodep.shaded.org.apache.hc.client5.http.headers - http-outgoing-0 >> x-tc-sid: 029223a2-cbcc-4152-a4af-44e10b2f5a25
21:24:00.864 [Test worker] DEBUG com.github.dockerjava.zerodep.shaded.org.apache.hc.client5.http.headers - http-outgoing-0 >> Accept-Encoding: gzip, x-gzip, deflate
21:24:00.864 [Test worker] DEBUG com.github.dockerjava.zerodep.shaded.org.apache.hc.client5.http.headers - http-outgoing-0 >> Host: localhost:2375
21:24:00.864 [Test worker] DEBUG com.github.dockerjava.zerodep.shaded.org.apache.hc.client5.http.headers - http-outgoing-0 >> Connection: keep-alive
21:24:00.864 [Test worker] DEBUG com.github.dockerjava.zerodep.shaded.org.apache.hc.client5.http.headers - http-outgoing-0 >> User-Agent: Apache-HttpClient/5.0.3 (Java/17)
21:24:00.864 [Test worker] DEBUG com.github.dockerjava.zerodep.shaded.org.apache.hc.client5.http.wire - http-outgoing-0 >> "GET /v1.32/images/testcontainers%2Fryuk:0.5.1/json HTTP/1.1[\r][\n]"
21:24:00.864 [Test worker] DEBUG com.github.dockerjava.zerodep.shaded.org.apache.hc.client5.http.wire - http-outgoing-0 >> "accept: application/json[\r][\n]"
21:24:00.864 [Test worker] DEBUG com.github.dockerjava.zerodep.shaded.org.apache.hc.client5.http.wire - http-outgoing-0 >> "x-tc-sid: 029223a2-cbcc-4152-a4af-44e10b2f5a25[\r][\n]"
21:24:00.864 [Test worker] DEBUG com.github.dockerjava.zerodep.shaded.org.apache.hc.client5.http.wire - http-outgoing-0 >> "Accept-Encoding: gzip, x-gzip, deflate[\r][\n]"
21:24:00.864 [Test worker] DEBUG com.github.dockerjava.zerodep.shaded.org.apache.hc.client5.http.wire - http-outgoing-0 >> "Host: localhost:2375[\r][\n]"
21:24:00.864 [Test worker] DEBUG com.github.dockerjava.zerodep.shaded.org.apache.hc.client5.http.wire - http-outgoing-0 >> "Connection: keep-alive[\r][\n]"
21:24:00.864 [Test worker] DEBUG com.github.dockerjava.zerodep.shaded.org.apache.hc.client5.http.wire - http-outgoing-0 >> "User-Agent: Apache-HttpClient/5.0.3 (Java/17)[\r][\n]"
21:24:00.864 [Test worker] DEBUG com.github.dockerjava.zerodep.shaded.org.apache.hc.client5.http.wire - http-outgoing-0 >> "[\r][\n]"
21:24:01.009 [Test worker] DEBUG com.github.dockerjava.zerodep.shaded.org.apache.hc.client5.http.wire - http-outgoing-0 << "HTTP/1.1 200 OK[\r][\n]"
21:24:01.009 [Test worker] DEBUG com.github.dockerjava.zerodep.shaded.org.apache.hc.client5.http.wire - http-outgoing-0 << "Api-Version: 1.43[\r][\n]"
21:24:01.009 [Test worker] DEBUG com.github.dockerjava.zerodep.shaded.org.apache.hc.client5.http.wire - http-outgoing-0 << "Content-Type: application/json[\r][\n]"
21:24:01.009 [Test worker] DEBUG com.github.dockerjava.zerodep.shaded.org.apache.hc.client5.http.wire - http-outgoing-0 << "Date: Tue, 26 Dec 2023 18:24:01 GMT[\r][\n]"
21:24:01.009 [Test worker] DEBUG com.github.dockerjava.zerodep.shaded.org.apache.hc.client5.http.wire - http-outgoing-0 << "Docker-Experimental: false[\r][\n]"
21:24:01.009 [Test worker] DEBUG com.github.dockerjava.zerodep.shaded.org.apache.hc.client5.http.wire - http-outgoing-0 << "Ostype: linux[\r][\n]"
21:24:01.009 [Test worker] DEBUG com.github.dockerjava.zerodep.shaded.org.apache.hc.client5.http.wire - http-outgoing-0 << "Server: Docker/24.0.6 (linux)[\r][\n]"
21:24:01.009 [Test worker] DEBUG com.github.dockerjava.zerodep.shaded.org.apache.hc.client5.http.wire - http-outgoing-0 << "Transfer-Encoding: chunked[\r][\n]"
21:24:01.009 [Test worker] DEBUG com.github.dockerjava.zerodep.shaded.org.apache.hc.client5.http.wire - http-outgoing-0 << "[\r][\n]"
21:24:01.009 [Test worker] DEBUG com.github.dockerjava.zerodep.shaded.org.apache.hc.client5.http.headers - http-outgoing-0 << HTTP/1.1 200 OK
21:24:01.010 [Test worker] DEBUG com.github.dockerjava.zerodep.shaded.org.apache.hc.client5.http.headers - http-outgoing-0 << Api-Version: 1.43
21:24:01.010 [Test worker] DEBUG com.github.dockerjava.zerodep.shaded.org.apache.hc.client5.http.headers - http-outgoing-0 << Content-Type: application/json
21:24:01.010 [Test worker] DEBUG com.github.dockerjava.zerodep.shaded.org.apache.hc.client5.http.headers - http-outgoing-0 << Date: Tue, 26 Dec 2023 18:24:01 GMT
21:24:01.010 [Test worker] DEBUG com.github.dockerjava.zerodep.shaded.org.apache.hc.client5.http.headers - http-outgoing-0 << Docker-Experimental: false
21:24:01.010 [Test worker] DEBUG com.github.dockerjava.zerodep.shaded.org.apache.hc.client5.http.headers - http-outgoing-0 << Ostype: linux
21:24:01.010 [Test worker] DEBUG com.github.dockerjava.zerodep.shaded.org.apache.hc.client5.http.headers - http-outgoing-0 << Server: Docker/24.0.6 (linux)
21:24:01.010 [Test worker] DEBUG com.github.dockerjava.zerodep.shaded.org.apache.hc.client5.http.headers - http-outgoing-0 << Transfer-Encoding: chunked
21:24:01.010 [Test worker] DEBUG com.github.dockerjava.zerodep.shaded.org.apache.hc.client5.http.impl.classic.MainClientExec - ex-00000007: connection can be kept alive for 3 MINUTES
21:24:01.062 [Test worker] DEBUG com.github.dockerjava.zerodep.shaded.org.apache.hc.client5.http.wire - http-outgoing-0 << "7d1[\r][\n]"
21:24:01.062 [Test worker] DEBUG com.github.dockerjava.zerodep.shaded.org.apache.hc.client5.http.wire - http-outgoing-0 << "{"Id":"sha256:ec913eeff75a6b5ed284cf17e186213a466ec10a8f471798318ffa0813b5d828","RepoTags":["testcontainers/ryuk:0.5.1"],"RepoDigests":["testcontainers/ryuk@sha256:533abc56c07b52a26c955d1e7ae428d810582ab01c156384ae79960eb5fa0775"],"Parent":"","Comment":"buildkit.dockerfile.v0","Created":"2023-05-17T15:11:02.784684507Z","Container":"","ContainerConfig":{"Hostname":"","Domainname":"","User":"","AttachStdin":false,"AttachStdout":false,"AttachStderr":false,"Tty":false,"OpenStdin":false,"StdinOnce":false,"Env":null,"Cmd":null,"Image":"","Volumes":null,"WorkingDir":"","Entrypoint":null,"OnBuild":null,"Labels":null},"DockerVersion":"","Author":"","Config":{"Hostname":"","Domainname":"","User":"","AttachStdin":false,"AttachStdout":false,"AttachStderr":false,"Tty":false,"OpenStdin":false,"StdinOnce":false,"Env":["PATH=/usr/local/sbin:/usr/local/bin:/usr/sbin:/usr/bin:/sbin:/bin"],"Cmd":["/bin/ryuk"],"ArgsEscaped":true,"Image":"","Volumes":null,"WorkingDir":"","Entrypoint":null,"OnBuild":null,"Labels":{"org.testcontainers.ryuk":"true"}},"Architecture":"amd64","Os":"linux","Size":12695732,"VirtualSize":12695732,"GraphDriver":{"Data":{"LowerDir":"/var/lib/docker/overlay2/25a7389af5f84487eeb67a807055cad2549a087f357f3c2c1f34907f8ee84a4b/diff:/var/lib/docker/overlay2/da90366b5ed3d568aa1b29470a46ce64fb9c851d05c852b0bd597389d111b001/diff","MergedDir":"/var/lib/docker/overlay2/328e69d92191f0f4b10483ceec7bc2da31c3b0fee5cf5513c9b1aa3b885cb13d/merged","UpperDir":"/var/lib/docker/overlay2/328e69d92191f0f4b10483ceec7bc2da31c3b0fee5cf5513c9b1aa3b885cb13d/diff","WorkDir":"/var/lib/docker/overlay2/328e69d92191f0f4b10483ceec7bc2da31c3b0fee5cf5513c9b1aa3b885cb13d/work"},"Name":"overlay2"},"RootFS":{"Type":"layers","Layers":["sha256:5bc340f6d4f5a3bc999dfbc790a0bdf0920b9103ef794645034de4260ee4e9c8","sha256:399f3aa1fc62064e0be857829b8e7284408be4b60db81996e105a78e2059e5c9","sha256:2ad1a08beb0cf8625d0ffd3d2847150709df6fdb34c6a2ef514106ad08c5d785"]},"Metadata":{"LastTagTime":"0001-01-01T00:00:00Z"}}[\n]"
21:24:01.062 [Test worker] DEBUG com.github.dockerjava.zerodep.shaded.org.apache.hc.client5.http.wire - http-outgoing-0 << "[\r][\n]"
21:24:02.066 [Test worker] DEBUG com.github.dockerjava.zerodep.shaded.org.apache.hc.client5.http.wire - http-outgoing-0 << "0[\r][\n]"
21:24:02.066 [Test worker] DEBUG com.github.dockerjava.zerodep.shaded.org.apache.hc.client5.http.wire - http-outgoing-0 << "[\r][\n]"
21:24:02.066 [Test worker] DEBUG com.github.dockerjava.zerodep.shaded.org.apache.hc.client5.http.impl.classic.InternalHttpClient - ep-00000006: releasing valid endpoint
21:24:02.066 [Test worker] DEBUG com.github.dockerjava.zerodep.shaded.org.apache.hc.client5.http.impl.io.PoolingHttpClientConnectionManager - ep-00000006: releasing endpoint
21:24:02.066 [Test worker] DEBUG com.github.dockerjava.zerodep.shaded.org.apache.hc.client5.http.impl.io.PoolingHttpClientConnectionManager - ep-00000006: connection http-outgoing-0 can be kept alive for 3 MINUTES
21:24:02.066 [Test worker] DEBUG com.github.dockerjava.zerodep.shaded.org.apache.hc.client5.http.impl.io.PoolingHttpClientConnectionManager - ep-00000006: connection released [route: {}->npipe://localhost:2375][total available: 1; route allocated: 1 of 2147483647; total allocated: 1 of 2147483647]
21:24:03.634 [Test worker] DEBUG tc.testcontainers/ryuk:0.5.1 - Starting container: testcontainers/ryuk:0.5.1
21:24:03.657 [Test worker] DEBUG tc.testcontainers/ryuk:0.5.1 - Trying to start container: testcontainers/ryuk:0.5.1 (attempt 1/1)
21:24:03.657 [Test worker] DEBUG tc.testcontainers/ryuk:0.5.1 - Starting container: testcontainers/ryuk:0.5.1
21:24:03.657 [Test worker] INFO tc.testcontainers/ryuk:0.5.1 - Creating container for image: testcontainers/ryuk:0.5.1
21:24:03.721 [Test worker] DEBUG org.testcontainers.utility.RegistryAuthLocator - Looking up auth config for image: testcontainers/ryuk:0.5.1 at registry: https://index.docker.io/v1/
21:24:03.721 [Test worker] DEBUG org.testcontainers.utility.RegistryAuthLocator - No matching Auth Configs - falling back to defaultAuthConfig [null]
21:24:03.721 [Test worker] DEBUG org.testcontainers.dockerclient.AuthDelegatingDockerClientConfig - Effective auth config [null]
21:24:04.511 [Test worker] DEBUG org.testcontainers.shaded.com.github.dockerjava.core.command.AbstrDockerCmd - Cmd: org.testcontainers.shaded.com.github.dockerjava.core.command.CreateContainerCmdImpl@35f639fa[aliases=<null>,argsEscaped=<null>,attachStderr=<null>,attachStdin=<null>,attachStdout=<null>,authConfig=<null>,cmd={},domainName=<null>,entrypoint=<null>,env={},exposedPorts=ExposedPorts(exposedPorts=[8080/tcp]),healthcheck=<null>,hostConfig=HostConfig(binds=[//var/run/docker.sock:/var/run/docker.sock:rw], blkioWeight=null, blkioWeightDevice=null, blkioDeviceReadBps=null, blkioDeviceWriteBps=null, blkioDeviceReadIOps=null, blkioDeviceWriteIOps=null, memorySwappiness=null, nanoCPUs=null, capAdd=null, capDrop=null, containerIDFile=null, cpuPeriod=null, cpuRealtimePeriod=null, cpuRealtimeRuntime=null, cpuShares=null, cpuQuota=null, cpusetCpus=null, cpusetMems=null, devices=null, deviceCgroupRules=null, deviceRequests=null, diskQuota=null, dns=null, dnsOptions=null, dnsSearch=null, extraHosts=[], groupAdd=null, ipcMode=null, cgroup=null, links=[], logConfig=LogConfig(type=null, config=null), lxcConf=null, memory=null, memorySwap=null, memoryReservation=null, kernelMemory=null, networkMode=null, oomKillDisable=null, init=null, autoRemove=true, oomScoreAdj=null, portBindings={8080/tcp=[Lcom.github.dockerjava.api.model.Ports$Binding;@a0db585}, privileged=false, publishAllPorts=null, readonlyRootfs=null, restartPolicy=null, ulimits=null, cpuCount=null, cpuPercent=null, ioMaximumIOps=null, ioMaximumBandwidth=null, volumesFrom=[], mounts=null, pidMode=null, isolation=null, securityOpts=null, storageOpt=null, cgroupParent=null, volumeDriver=null, shmSize=null, pidsLimit=null, runtime=null, tmpFs=null, utSMode=null, usernsMode=null, sysctls=null, consoleSize=null, cgroupnsMode=null),hostName=<null>,image=testcontainers/ryuk:0.5.1,ipv4Address=<null>,ipv6Address=<null>,labels={org.testcontainers=true, org.testcontainers.lang=java, org.testcontainers.version=1.18.3},macAddress=<null>,name=testcontainers-ryuk-029223a2-cbcc-4152-a4af-44e10b2f5a25,networkDisabled=<null>,networkingConfig=<null>,onBuild=<null>,platform=<null>,portSpecs=<null>,shell=<null>,stdInOnce=<null>,stdinOpen=<null>,stopSignal=<null>,stopTimeout=<null>,tty=<null>,user=<null>,volumes=Volumes(volumes=[]),workingDir=<null>]
21:24:08.701 [Test worker] DEBUG com.github.dockerjava.zerodep.shaded.org.apache.hc.client5.http.impl.classic.InternalHttpClient - ex-00000008: preparing request execution
21:24:08.701 [Test worker] DEBUG com.github.dockerjava.zerodep.shaded.org.apache.hc.client5.http.protocol.RequestAddCookies - Cookie spec selected: strict
21:24:08.701 [Test worker] DEBUG com.github.dockerjava.zerodep.shaded.org.apache.hc.client5.http.protocol.RequestAuthCache - Auth cache not set in the context
21:24:08.701 [Test worker] DEBUG com.github.dockerjava.zerodep.shaded.org.apache.hc.client5.http.impl.classic.ProtocolExec - ex-00000008: target auth state: UNCHALLENGED
21:24:08.701 [Test worker] DEBUG com.github.dockerjava.zerodep.shaded.org.apache.hc.client5.http.impl.classic.ProtocolExec - ex-00000008: proxy auth state: UNCHALLENGED
21:24:08.701 [Test worker] DEBUG com.github.dockerjava.zerodep.shaded.org.apache.hc.client5.http.impl.classic.ConnectExec - ex-00000008: acquiring connection with route {}->npipe://localhost:2375
21:24:08.701 [Test worker] DEBUG com.github.dockerjava.zerodep.shaded.org.apache.hc.client5.http.impl.classic.InternalHttpClient - ex-00000008: acquiring endpoint (3 MINUTES)
21:24:08.702 [Test worker] DEBUG com.github.dockerjava.zerodep.shaded.org.apache.hc.client5.http.impl.io.PoolingHttpClientConnectionManager - ex-00000008: endpoint lease request (3 MINUTES) [route: {}->npipe://localhost:2375][total available: 1; route allocated: 1 of 2147483647; total allocated: 1 of 2147483647]
21:24:08.702 [Test worker] DEBUG com.github.dockerjava.zerodep.shaded.org.apache.hc.client5.http.impl.io.PoolingHttpClientConnectionManager - ex-00000008: endpoint leased [route: {}->npipe://localhost:2375][total available: 0; route allocated: 1 of 2147483647; total allocated: 1 of 2147483647]
21:24:08.702 [Test worker] DEBUG com.github.dockerjava.zerodep.shaded.org.apache.hc.client5.http.impl.io.PoolingHttpClientConnectionManager - ex-00000008: acquired ep-00000007
21:24:08.702 [Test worker] DEBUG com.github.dockerjava.zerodep.shaded.org.apache.hc.client5.http.impl.classic.InternalHttpClient - ex-00000008: acquired endpoint ep-00000007
21:24:08.702 [Test worker] DEBUG com.github.dockerjava.zerodep.shaded.org.apache.hc.client5.http.impl.classic.MainClientExec - ex-00000008: executing POST /v1.32/containers/create?name=testcontainers-ryuk-029223a2-cbcc-4152-a4af-44e10b2f5a25 HTTP/1.1
21:24:08.702 [Test worker] DEBUG com.github.dockerjava.zerodep.shaded.org.apache.hc.client5.http.impl.classic.InternalHttpClient - ep-00000007: start execution ex-00000008
21:24:08.702 [Test worker] DEBUG com.github.dockerjava.zerodep.shaded.org.apache.hc.client5.http.impl.io.PoolingHttpClientConnectionManager - ep-00000007: executing exchange ex-00000008 over http-outgoing-0
21:24:08.702 [Test worker] DEBUG com.github.dockerjava.zerodep.shaded.org.apache.hc.client5.http.headers - http-outgoing-0 >> POST /v1.32/containers/create?name=testcontainers-ryuk-029223a2-cbcc-4152-a4af-44e10b2f5a25 HTTP/1.1
21:24:08.702 [Test worker] DEBUG com.github.dockerjava.zerodep.shaded.org.apache.hc.client5.http.headers - http-outgoing-0 >> accept: application/json
21:24:08.703 [Test worker] DEBUG com.github.dockerjava.zerodep.shaded.org.apache.hc.client5.http.headers - http-outgoing-0 >> content-type: application/json
21:24:08.703 [Test worker] DEBUG com.github.dockerjava.zerodep.shaded.org.apache.hc.client5.http.headers - http-outgoing-0 >> x-tc-sid: 029223a2-cbcc-4152-a4af-44e10b2f5a25
21:24:08.703 [Test worker] DEBUG com.github.dockerjava.zerodep.shaded.org.apache.hc.client5.http.headers - http-outgoing-0 >> Accept-Encoding: gzip, x-gzip, deflate
21:24:08.703 [Test worker] DEBUG com.github.dockerjava.zerodep.shaded.org.apache.hc.client5.http.headers - http-outgoing-0 >> Content-Length: 1956
21:24:08.703 [Test worker] DEBUG com.github.dockerjava.zerodep.shaded.org.apache.hc.client5.http.headers - http-outgoing-0 >> Host: localhost:2375
21:24:08.703 [Test worker] DEBUG com.github.dockerjava.zerodep.shaded.org.apache.hc.client5.http.headers - http-outgoing-0 >> Connection: keep-alive
21:24:08.703 [Test worker] DEBUG com.github.dockerjava.zerodep.shaded.org.apache.hc.client5.http.headers - http-outgoing-0 >> User-Agent: Apache-HttpClient/5.0.3 (Java/17)
21:24:08.703 [Test worker] DEBUG com.github.dockerjava.zerodep.shaded.org.apache.hc.client5.http.wire - http-outgoing-0 >> "POST /v1.32/containers/create?name=testcontainers-ryuk-029223a2-cbcc-4152-a4af-44e10b2f5a25 HTTP/1.1[\r][\n]"
21:24:08.703 [Test worker] DEBUG com.github.dockerjava.zerodep.shaded.org.apache.hc.client5.http.wire - http-outgoing-0 >> "accept: application/json[\r][\n]"
21:24:08.703 [Test worker] DEBUG com.github.dockerjava.zerodep.shaded.org.apache.hc.client5.http.wire - http-outgoing-0 >> "content-type: application/json[\r][\n]"
21:24:08.703 [Test worker] DEBUG com.github.dockerjava.zerodep.shaded.org.apache.hc.client5.http.wire - http-outgoing-0 >> "x-tc-sid: 029223a2-cbcc-4152-a4af-44e10b2f5a25[\r][\n]"
21:24:08.703 [Test worker] DEBUG com.github.dockerjava.zerodep.shaded.org.apache.hc.client5.http.wire - http-outgoing-0 >> "Accept-Encoding: gzip, x-gzip, deflate[\r][\n]"
21:24:08.703 [Test worker] DEBUG com.github.dockerjava.zerodep.shaded.org.apache.hc.client5.http.wire - http-outgoing-0 >> "Content-Length: 1956[\r][\n]"
21:24:08.703 [Test worker] DEBUG com.github.dockerjava.zerodep.shaded.org.apache.hc.client5.http.wire - http-outgoing-0 >> "Host: localhost:2375[\r][\n]"
21:24:08.703 [Test worker] DEBUG com.github.dockerjava.zerodep.shaded.org.apache.hc.client5.http.wire - http-outgoing-0 >> "Connection: keep-alive[\r][\n]"
21:24:08.703 [Test worker] DEBUG com.github.dockerjava.zerodep.shaded.org.apache.hc.client5.http.wire - http-outgoing-0 >> "User-Agent: Apache-HttpClient/5.0.3 (Java/17)[\r][\n]"
21:24:08.703 [Test worker] DEBUG com.github.dockerjava.zerodep.shaded.org.apache.hc.client5.http.wire - http-outgoing-0 >> "[\r][\n]"
21:24:08.703 [Test worker] DEBUG com.github.dockerjava.zerodep.shaded.org.apache.hc.client5.http.wire - http-outgoing-0 >> "{"Hostname":null,"Domainname":null,"User":null,"AttachStdin":null,"AttachStdout":null,"AttachStderr":null,"PortSpecs":null,"Tty":null,"OpenStdin":null,"StdinOnce":null,"Env":[],"Cmd":[],"Healthcheck":null,"ArgsEscaped":null,"Entrypoint":null,"Image":"testcontainers/ryuk:0.5.1","Volumes":{},"WorkingDir":null,"MacAddress":null,"OnBuild":null,"NetworkDisabled":null,"ExposedPorts":{"8080/tcp":{}},"StopSignal":null,"StopTimeout":null,"HostConfig":{"Binds":["//var/run/docker.sock:/var/run/docker.sock:rw"],"BlkioWeight":null,"BlkioWeightDevice":null,"BlkioDeviceReadBps":null,"BlkioDeviceWriteBps":null,"BlkioDeviceReadIOps":null,"BlkioDeviceWriteIOps":null,"MemorySwappiness":null,"NanoCpus":null,"CapAdd":null,"CapDrop":null,"ContainerIDFile":null,"CpuPeriod":null,"CpuRealtimePeriod":null,"CpuRealtimeRuntime":null,"CpuShares":null,"CpuQuota":null,"CpusetCpus":null,"CpusetMems":null,"Devices":null,"DeviceCgroupRules":null,"DeviceRequests":null,"DiskQuota":null,"Dns":null,"DnsOptions":null,"DnsSearch":null,"ExtraHosts":[],"GroupAdd":null,"IpcMode":null,"Cgroup":null,"Links":[],"LogConfig":null,"LxcConf":null,"Memory":null,"MemorySwap":null,"MemoryReservation":null,"KernelMemory":null,"NetworkMode":null,"OomKillDisable":null,"Init":null,"AutoRemove":true,"OomScoreAdj":null,"PortBindings":{"8080/tcp":[{"HostIp":"","HostPort":""}]},"Privileged":false,"PublishAllPorts":null,"ReadonlyRootfs":null,"RestartPolicy":null,"Ulimits":null,"CpuCount":null,"CpuPercent":null,"IOMaximumIOps":null,"IOMaximumBandwidth":null,"VolumesFrom":[],"Mounts":null,"PidMode":null,"Isolation":null,"SecurityOpt":null,"StorageOpt":null,"CgroupParent":null,"VolumeDriver":null,"ShmSize":null,"PidsLimit":null,"Runtime":null,"Tmpfs":null,"UTSMode":null,"UsernsMode":null,"Sysctls":null,"ConsoleSize":null,"CgroupnsMode":null},"Labels":{"org.testcontainers":"true","org.testcontainers.lang":"java","org.testcontainers.version":"1.18.3"},"Shell":null,"NetworkingConfig":null}"
21:25:04.416 [Test worker] DEBUG com.github.dockerjava.zerodep.shaded.org.apache.hc.client5.http.wire - http-outgoing-0 << "HTTP/1.1 201 Created[\r][\n]"
21:25:04.418 [Test worker] DEBUG com.github.dockerjava.zerodep.shaded.org.apache.hc.client5.http.wire - http-outgoing-0 << "Api-Version: 1.43[\r][\n]"
21:25:04.419 [Test worker] DEBUG com.github.dockerjava.zerodep.shaded.org.apache.hc.client5.http.wire - http-outgoing-0 << "Content-Type: application/json[\r][\n]"
21:25:04.419 [Test worker] DEBUG com.github.dockerjava.zerodep.shaded.org.apache.hc.client5.http.wire - http-outgoing-0 << "Date: Tue, 26 Dec 2023 18:25:04 GMT[\r][\n]"
21:25:04.419 [Test worker] DEBUG com.github.dockerjava.zerodep.shaded.org.apache.hc.client5.http.wire - http-outgoing-0 << "Docker-Experimental: false[\r][\n]"
21:25:04.419 [Test worker] DEBUG com.github.dockerjava.zerodep.shaded.org.apache.hc.client5.http.wire - http-outgoing-0 << "Ostype: linux[\r][\n]"
21:25:04.419 [Test worker] DEBUG com.github.dockerjava.zerodep.shaded.org.apache.hc.client5.http.wire - http-outgoing-0 << "Server: Docker/24.0.6 (linux)[\r][\n]"
21:25:04.419 [Test worker] DEBUG com.github.dockerjava.zerodep.shaded.org.apache.hc.client5.http.wire - http-outgoing-0 << "Transfer-Encoding: chunked[\r][\n]"
21:25:04.419 [Test worker] DEBUG com.github.dockerjava.zerodep.shaded.org.apache.hc.client5.http.wire - http-outgoing-0 << "[\r][\n]"
21:25:04.421 [Test worker] DEBUG com.github.dockerjava.zerodep.shaded.org.apache.hc.client5.http.headers - http-outgoing-0 << HTTP/1.1 201 Created
21:25:04.421 [Test worker] DEBUG com.github.dockerjava.zerodep.shaded.org.apache.hc.client5.http.headers - http-outgoing-0 << Api-Version: 1.43
21:25:04.421 [Test worker] DEBUG com.github.dockerjava.zerodep.shaded.org.apache.hc.client5.http.headers - http-outgoing-0 << Content-Type: application/json
21:25:04.421 [Test worker] DEBUG com.github.dockerjava.zerodep.shaded.org.apache.hc.client5.http.headers - http-outgoing-0 << Date: Tue, 26 Dec 2023 18:25:04 GMT
21:25:04.421 [Test worker] DEBUG com.github.dockerjava.zerodep.shaded.org.apache.hc.client5.http.headers - http-outgoing-0 << Docker-Experimental: false
21:25:04.421 [Test worker] DEBUG com.github.dockerjava.zerodep.shaded.org.apache.hc.client5.http.headers - http-outgoing-0 << Ostype: linux
21:25:04.422 [Test worker] DEBUG com.github.dockerjava.zerodep.shaded.org.apache.hc.client5.http.headers - http-outgoing-0 << Server: Docker/24.0.6 (linux)
21:25:04.423 [Test worker] DEBUG com.github.dockerjava.zerodep.shaded.org.apache.hc.client5.http.headers - http-outgoing-0 << Transfer-Encoding: chunked
21:25:04.424 [Test worker] DEBUG com.github.dockerjava.zerodep.shaded.org.apache.hc.client5.http.impl.classic.MainClientExec - ex-00000008: connection can be kept alive for 3 MINUTES
21:25:04.426 [Test worker] DEBUG com.github.dockerjava.zerodep.shaded.org.apache.hc.client5.http.wire - http-outgoing-0 << "58[\r][\n]"
21:25:04.427 [Test worker] DEBUG com.github.dockerjava.zerodep.shaded.org.apache.hc.client5.http.wire - http-outgoing-0 << "{"Id":"c420794a3a62fd2e61dbcb2ac74b802bd0ab60af94892c26f9ac484bfa0c27e0","Warnings":[]}[\n]"
21:25:04.427 [Test worker] DEBUG com.github.dockerjava.zerodep.shaded.org.apache.hc.client5.http.wire - http-outgoing-0 << "[\r][\n]"
21:25:04.439 [Test worker] DEBUG com.github.dockerjava.zerodep.shaded.org.apache.hc.client5.http.wire - http-outgoing-0 << "0[\r][\n]"
21:25:04.439 [Test worker] DEBUG com.github.dockerjava.zerodep.shaded.org.apache.hc.client5.http.wire - http-outgoing-0 << "[\r][\n]"
21:25:04.440 [Test worker] DEBUG com.github.dockerjava.zerodep.shaded.org.apache.hc.client5.http.impl.classic.InternalHttpClient - ep-00000007: releasing valid endpoint
21:25:04.440 [Test worker] DEBUG com.github.dockerjava.zerodep.shaded.org.apache.hc.client5.http.impl.io.PoolingHttpClientConnectionManager - ep-00000007: releasing endpoint
21:25:04.440 [Test worker] DEBUG com.github.dockerjava.zerodep.shaded.org.apache.hc.client5.http.impl.io.PoolingHttpClientConnectionManager - ep-00000007: connection http-outgoing-0 can be kept alive for 3 MINUTES
21:25:04.441 [Test worker] DEBUG com.github.dockerjava.zerodep.shaded.org.apache.hc.client5.http.impl.io.PoolingHttpClientConnectionManager - ep-00000007: connection released [route: {}->npipe://localhost:2375][total available: 1; route allocated: 1 of 2147483647; total allocated: 1 of 2147483647]
21:25:04.597 [Test worker] INFO tc.testcontainers/ryuk:0.5.1 - Container testcontainers/ryuk:0.5.1 is starting: c420794a3a62fd2e61dbcb2ac74b802bd0ab60af94892c26f9ac484bfa0c27e0
21:25:04.708 [Test worker] DEBUG org.testcontainers.shaded.com.github.dockerjava.core.command.AbstrDockerCmd - Cmd: c420794a3a62fd2e61dbcb2ac74b802bd0ab60af94892c26f9ac484bfa0c27e0
21:25:04.711 [Test worker] DEBUG com.github.dockerjava.zerodep.shaded.org.apache.hc.client5.http.impl.classic.InternalHttpClient - ex-00000009: preparing request execution
21:25:04.711 [Test worker] DEBUG com.github.dockerjava.zerodep.shaded.org.apache.hc.client5.http.protocol.RequestAddCookies - Cookie spec selected: strict
21:25:04.712 [Test worker] DEBUG com.github.dockerjava.zerodep.shaded.org.apache.hc.client5.http.protocol.RequestAuthCache - Auth cache not set in the context
21:25:04.712 [Test worker] DEBUG com.github.dockerjava.zerodep.shaded.org.apache.hc.client5.http.impl.classic.ProtocolExec - ex-00000009: target auth state: UNCHALLENGED
21:25:04.712 [Test worker] DEBUG com.github.dockerjava.zerodep.shaded.org.apache.hc.client5.http.impl.classic.ProtocolExec - ex-00000009: proxy auth state: UNCHALLENGED
21:25:04.713 [Test worker] DEBUG com.github.dockerjava.zerodep.shaded.org.apache.hc.client5.http.impl.classic.ConnectExec - ex-00000009: acquiring connection with route {}->npipe://localhost:2375
21:25:04.713 [Test worker] DEBUG com.github.dockerjava.zerodep.shaded.org.apache.hc.client5.http.impl.classic.InternalHttpClient - ex-00000009: acquiring endpoint (3 MINUTES)
21:25:04.714 [Test worker] DEBUG com.github.dockerjava.zerodep.shaded.org.apache.hc.client5.http.impl.io.PoolingHttpClientConnectionManager - ex-00000009: endpoint lease request (3 MINUTES) [route: {}->npipe://localhost:2375][total available: 1; route allocated: 1 of 2147483647; total allocated: 1 of 2147483647]
21:25:04.715 [Test worker] DEBUG com.github.dockerjava.zerodep.shaded.org.apache.hc.client5.http.impl.io.PoolingHttpClientConnectionManager - ex-00000009: endpoint leased [route: {}->npipe://localhost:2375][total available: 0; route allocated: 1 of 2147483647; total allocated: 1 of 2147483647]
21:25:04.716 [Test worker] DEBUG com.github.dockerjava.zerodep.shaded.org.apache.hc.client5.http.impl.io.PoolingHttpClientConnectionManager - ex-00000009: acquired ep-00000008
21:25:04.716 [Test worker] DEBUG com.github.dockerjava.zerodep.shaded.org.apache.hc.client5.http.impl.classic.InternalHttpClient - ex-00000009: acquired endpoint ep-00000008
21:25:04.716 [Test worker] DEBUG com.github.dockerjava.zerodep.shaded.org.apache.hc.client5.http.impl.classic.MainClientExec - ex-00000009: executing POST /v1.32/containers/c420794a3a62fd2e61dbcb2ac74b802bd0ab60af94892c26f9ac484bfa0c27e0/start HTTP/1.1
21:25:04.717 [Test worker] DEBUG com.github.dockerjava.zerodep.shaded.org.apache.hc.client5.http.impl.classic.InternalHttpClient - ep-00000008: start execution ex-00000009
21:25:04.717 [Test worker] DEBUG com.github.dockerjava.zerodep.shaded.org.apache.hc.client5.http.impl.io.PoolingHttpClientConnectionManager - ep-00000008: executing exchange ex-00000009 over http-outgoing-0
21:25:04.717 [Test worker] DEBUG com.github.dockerjava.zerodep.shaded.org.apache.hc.client5.http.headers - http-outgoing-0 >> POST /v1.32/containers/c420794a3a62fd2e61dbcb2ac74b802bd0ab60af94892c26f9ac484bfa0c27e0/start HTTP/1.1
21:25:04.717 [Test worker] DEBUG com.github.dockerjava.zerodep.shaded.org.apache.hc.client5.http.headers - http-outgoing-0 >> accept: application/json
21:25:04.718 [Test worker] DEBUG com.github.dockerjava.zerodep.shaded.org.apache.hc.client5.http.headers - http-outgoing-0 >> content-type: application/json
21:25:04.718 [Test worker] DEBUG com.github.dockerjava.zerodep.shaded.org.apache.hc.client5.http.headers - http-outgoing-0 >> x-tc-sid: 029223a2-cbcc-4152-a4af-44e10b2f5a25
21:25:04.718 [Test worker] DEBUG com.github.dockerjava.zerodep.shaded.org.apache.hc.client5.http.headers - http-outgoing-0 >> Accept-Encoding: gzip, x-gzip, deflate
21:25:04.718 [Test worker] DEBUG com.github.dockerjava.zerodep.shaded.org.apache.hc.client5.http.headers - http-outgoing-0 >> Host: localhost:2375
21:25:04.718 [Test worker] DEBUG com.github.dockerjava.zerodep.shaded.org.apache.hc.client5.http.headers - http-outgoing-0 >> Connection: keep-alive
21:25:04.718 [Test worker] DEBUG com.github.dockerjava.zerodep.shaded.org.apache.hc.client5.http.headers - http-outgoing-0 >> User-Agent: Apache-HttpClient/5.0.3 (Java/17)
21:25:04.718 [Test worker] DEBUG com.github.dockerjava.zerodep.shaded.org.apache.hc.client5.http.wire - http-outgoing-0 >> "POST /v1.32/containers/c420794a3a62fd2e61dbcb2ac74b802bd0ab60af94892c26f9ac484bfa0c27e0/start HTTP/1.1[\r][\n]"
21:25:04.718 [Test worker] DEBUG com.github.dockerjava.zerodep.shaded.org.apache.hc.client5.http.wire - http-outgoing-0 >> "accept: application/json[\r][\n]"
21:25:04.718 [Test worker] DEBUG com.github.dockerjava.zerodep.shaded.org.apache.hc.client5.http.wire - http-outgoing-0 >> "content-type: application/json[\r][\n]"
21:25:04.718 [Test worker] DEBUG com.github.dockerjava.zerodep.shaded.org.apache.hc.client5.http.wire - http-outgoing-0 >> "x-tc-sid: 029223a2-cbcc-4152-a4af-44e10b2f5a25[\r][\n]"
21:25:04.718 [Test worker] DEBUG com.github.dockerjava.zerodep.shaded.org.apache.hc.client5.http.wire - http-outgoing-0 >> "Accept-Encoding: gzip, x-gzip, deflate[\r][\n]"
21:25:04.718 [Test worker] DEBUG com.github.dockerjava.zerodep.shaded.org.apache.hc.client5.http.wire - http-outgoing-0 >> "Host: localhost:2375[\r][\n]"
21:25:04.718 [Test worker] DEBUG com.github.dockerjava.zerodep.shaded.org.apache.hc.client5.http.wire - http-outgoing-0 >> "Connection: keep-alive[\r][\n]"
21:25:04.719 [Test worker] DEBUG com.github.dockerjava.zerodep.shaded.org.apache.hc.client5.http.wire - http-outgoing-0 >> "User-Agent: Apache-HttpClient/5.0.3 (Java/17)[\r][\n]"
21:25:04.719 [Test worker] DEBUG com.github.dockerjava.zerodep.shaded.org.apache.hc.client5.http.wire - http-outgoing-0 >> "[\r][\n]"
21:29:37.652 [Test worker] DEBUG com.github.dockerjava.zerodep.shaded.org.apache.hc.client5.http.wire - http-outgoing-0 << "HTTP/1.1 204 No Content[\r][\n]"
21:29:38.464 [Test worker] DEBUG com.github.dockerjava.zerodep.shaded.org.apache.hc.client5.http.wire - http-outgoing-0 << "Api-Version: 1.43[\r][\n]"
21:29:38.466 [Test worker] DEBUG com.github.dockerjava.zerodep.shaded.org.apache.hc.client5.http.wire - http-outgoing-0 << "Date: Tue, 26 Dec 2023 18:29:35 GMT[\r][\n]"
21:29:38.466 [Test worker] DEBUG com.github.dockerjava.zerodep.shaded.org.apache.hc.client5.http.wire - http-outgoing-0 << "Docker-Experimental: false[\r][\n]"
21:29:38.466 [Test worker] DEBUG com.github.dockerjava.zerodep.shaded.org.apache.hc.client5.http.wire - http-outgoing-0 << "Ostype: linux[\r][\n]"
21:29:38.466 [Test worker] DEBUG com.github.dockerjava.zerodep.shaded.org.apache.hc.client5.http.wire - http-outgoing-0 << "Server: Docker/24.0.6 (linux)[\r][\n]"
21:29:38.466 [Test worker] DEBUG com.github.dockerjava.zerodep.shaded.org.apache.hc.client5.http.wire - http-outgoing-0 << "[\r][\n]"
21:29:38.677 [Test worker] DEBUG com.github.dockerjava.zerodep.shaded.org.apache.hc.client5.http.headers - http-outgoing-0 << HTTP/1.1 204 No Content
21:29:38.736 [Test worker] DEBUG com.github.dockerjava.zerodep.shaded.org.apache.hc.client5.http.headers - http-outgoing-0 << Api-Version: 1.43
21:29:38.736 [Test worker] DEBUG com.github.dockerjava.zerodep.shaded.org.apache.hc.client5.http.headers - http-outgoing-0 << Date: Tue, 26 Dec 2023 18:29:35 GMT
21:29:38.736 [Test worker] DEBUG com.github.dockerjava.zerodep.shaded.org.apache.hc.client5.http.headers - http-outgoing-0 << Docker-Experimental: false
21:29:38.736 [Test worker] DEBUG com.github.dockerjava.zerodep.shaded.org.apache.hc.client5.http.headers - http-outgoing-0 << Ostype: linux
21:29:38.736 [Test worker] DEBUG com.github.dockerjava.zerodep.shaded.org.apache.hc.client5.http.headers - http-outgoing-0 << Server: Docker/24.0.6 (linux)
21:29:39.470 [Test worker] DEBUG com.github.dockerjava.zerodep.shaded.org.apache.hc.client5.http.impl.classic.MainClientExec - ex-00000009: connection can be kept alive for 3 MINUTES
21:29:39.536 [Test worker] DEBUG com.github.dockerjava.zerodep.shaded.org.apache.hc.client5.http.impl.classic.InternalHttpClient - ep-00000008: releasing valid endpoint
21:29:39.536 [Test worker] DEBUG com.github.dockerjava.zerodep.shaded.org.apache.hc.client5.http.impl.io.PoolingHttpClientConnectionManager - ep-00000008: releasing endpoint
21:29:39.537 [Test worker] DEBUG com.github.dockerjava.zerodep.shaded.org.apache.hc.client5.http.impl.io.PoolingHttpClientConnectionManager - ep-00000008: connection http-outgoing-0 can be kept alive for 3 MINUTES
21:29:39.683 [Test worker] DEBUG com.github.dockerjava.zerodep.shaded.org.apache.hc.client5.http.impl.io.PoolingHttpClientConnectionManager - ep-00000008: connection released [route: {}->npipe://localhost:2375][total available: 1; route allocated: 1 of 2147483647; total allocated: 1 of 2147483647]
21:29:54.614 [Test worker] DEBUG org.testcontainers.shaded.com.github.dockerjava.core.command.AbstrDockerCmd - Cmd: c420794a3a62fd2e61dbcb2ac74b802bd0ab60af94892c26f9ac484bfa0c27e0,false
21:29:55.209 [Test worker] DEBUG org.testcontainers.shaded.com.github.dockerjava.core.exec.InspectContainerCmdExec - GET: DefaultWebTarget{path=[/containers/c420794a3a62fd2e61dbcb2ac74b802bd0ab60af94892c26f9ac484bfa0c27e0/json], queryParams={}}
21:29:55.419 [Test worker] DEBUG com.github.dockerjava.zerodep.shaded.org.apache.hc.client5.http.impl.classic.InternalHttpClient - ex-0000000A: preparing request execution
21:29:55.470 [Test worker] DEBUG com.github.dockerjava.zerodep.shaded.org.apache.hc.client5.http.protocol.RequestAddCookies - Cookie spec selected: strict
21:29:55.470 [Test worker] DEBUG com.github.dockerjava.zerodep.shaded.org.apache.hc.client5.http.protocol.RequestAuthCache - Auth cache not set in the context
21:29:55.470 [Test worker] DEBUG com.github.dockerjava.zerodep.shaded.org.apache.hc.client5.http.impl.classic.ProtocolExec - ex-0000000A: target auth state: UNCHALLENGED
21:29:55.470 [Test worker] DEBUG com.github.dockerjava.zerodep.shaded.org.apache.hc.client5.http.impl.classic.ProtocolExec - ex-0000000A: proxy auth state: UNCHALLENGED
21:29:55.471 [Test worker] DEBUG com.github.dockerjava.zerodep.shaded.org.apache.hc.client5.http.impl.classic.ConnectExec - ex-0000000A: acquiring connection with route {}->npipe://localhost:2375
21:29:55.471 [Test worker] DEBUG com.github.dockerjava.zerodep.shaded.org.apache.hc.client5.http.impl.classic.InternalHttpClient - ex-0000000A: acquiring endpoint (3 MINUTES)
21:29:55.471 [Test worker] DEBUG com.github.dockerjava.zerodep.shaded.org.apache.hc.client5.http.impl.io.PoolingHttpClientConnectionManager - ex-0000000A: endpoint lease request (3 MINUTES) [route: {}->npipe://localhost:2375][total available: 1; route allocated: 1 of 2147483647; total allocated: 1 of 2147483647]
21:29:55.472 [Test worker] DEBUG com.github.dockerjava.zerodep.shaded.org.apache.hc.client5.http.impl.io.PoolingHttpClientConnectionManager - ex-0000000A: endpoint leased [route: {}->npipe://localhost:2375][total available: 0; route allocated: 1 of 2147483647; total allocated: 1 of 2147483647]
21:29:55.473 [Test worker] DEBUG com.github.dockerjava.zerodep.shaded.org.apache.hc.client5.http.impl.io.PoolingHttpClientConnectionManager - ex-0000000A: acquired ep-00000009
21:29:55.473 [Test worker] DEBUG com.github.dockerjava.zerodep.shaded.org.apache.hc.client5.http.impl.classic.InternalHttpClient - ex-0000000A: acquired endpoint ep-00000009
21:29:55.473 [Test worker] DEBUG com.github.dockerjava.zerodep.shaded.org.apache.hc.client5.http.impl.classic.MainClientExec - ex-0000000A: executing GET /v1.32/containers/c420794a3a62fd2e61dbcb2ac74b802bd0ab60af94892c26f9ac484bfa0c27e0/json HTTP/1.1
21:29:55.473 [Test worker] DEBUG com.github.dockerjava.zerodep.shaded.org.apache.hc.client5.http.impl.classic.InternalHttpClient - ep-00000009: start execution ex-0000000A
21:29:55.473 [Test worker] DEBUG com.github.dockerjava.zerodep.shaded.org.apache.hc.client5.http.impl.io.PoolingHttpClientConnectionManager - ep-00000009: executing exchange ex-0000000A over http-outgoing-0
21:29:55.507 [Test worker] DEBUG com.github.dockerjava.zerodep.shaded.org.apache.hc.client5.http.headers - http-outgoing-0 >> GET /v1.32/containers/c420794a3a62fd2e61dbcb2ac74b802bd0ab60af94892c26f9ac484bfa0c27e0/json HTTP/1.1
21:29:55.507 [Test worker] DEBUG com.github.dockerjava.zerodep.shaded.org.apache.hc.client5.http.headers - http-outgoing-0 >> accept: application/json
21:29:55.507 [Test worker] DEBUG com.github.dockerjava.zerodep.shaded.org.apache.hc.client5.http.headers - http-outgoing-0 >> x-tc-sid: 029223a2-cbcc-4152-a4af-44e10b2f5a25
21:29:55.508 [Test worker] DEBUG com.github.dockerjava.zerodep.shaded.org.apache.hc.client5.http.headers - http-outgoing-0 >> Accept-Encoding: gzip, x-gzip, deflate
21:29:55.508 [Test worker] DEBUG com.github.dockerjava.zerodep.shaded.org.apache.hc.client5.http.headers - http-outgoing-0 >> Host: localhost:2375
21:29:55.508 [Test worker] DEBUG com.github.dockerjava.zerodep.shaded.org.apache.hc.client5.http.headers - http-outgoing-0 >> Connection: keep-alive
21:29:55.508 [Test worker] DEBUG com.github.dockerjava.zerodep.shaded.org.apache.hc.client5.http.headers - http-outgoing-0 >> User-Agent: Apache-HttpClient/5.0.3 (Java/17)
21:29:55.508 [Test worker] DEBUG com.github.dockerjava.zerodep.shaded.org.apache.hc.client5.http.wire - http-outgoing-0 >> "GET /v1.32/containers/c420794a3a62fd2e61dbcb2ac74b802bd0ab60af94892c26f9ac484bfa0c27e0/json HTTP/1.1[\r][\n]"
21:29:55.508 [Test worker] DEBUG com.github.dockerjava.zerodep.shaded.org.apache.hc.client5.http.wire - http-outgoing-0 >> "accept: application/json[\r][\n]"
21:29:55.508 [Test worker] DEBUG com.github.dockerjava.zerodep.shaded.org.apache.hc.client5.http.wire - http-outgoing-0 >> "x-tc-sid: 029223a2-cbcc-4152-a4af-44e10b2f5a25[\r][\n]"
21:29:55.508 [Test worker] DEBUG com.github.dockerjava.zerodep.shaded.org.apache.hc.client5.http.wire - http-outgoing-0 >> "Accept-Encoding: gzip, x-gzip, deflate[\r][\n]"
21:29:55.508 [Test worker] DEBUG com.github.dockerjava.zerodep.shaded.org.apache.hc.client5.http.wire - http-outgoing-0 >> "Host: localhost:2375[\r][\n]"
21:29:55.508 [Test worker] DEBUG com.github.dockerjava.zerodep.shaded.org.apache.hc.client5.http.wire - http-outgoing-0 >> "Connection: keep-alive[\r][\n]"
21:29:55.508 [Test worker] DEBUG com.github.dockerjava.zerodep.shaded.org.apache.hc.client5.http.wire - http-outgoing-0 >> "User-Agent: Apache-HttpClient/5.0.3 (Java/17)[\r][\n]"
21:29:55.508 [Test worker] DEBUG com.github.dockerjava.zerodep.shaded.org.apache.hc.client5.http.wire - http-outgoing-0 >> "[\r][\n]"
21:29:55.586 [Test worker] DEBUG com.github.dockerjava.zerodep.shaded.org.apache.hc.client5.http.wire - http-outgoing-0 << "HTTP/1.1 200 OK[\r][\n]"
21:29:55.587 [Test worker] DEBUG com.github.dockerjava.zerodep.shaded.org.apache.hc.client5.http.wire - http-outgoing-0 << "Api-Version: 1.43[\r][\n]"
21:29:55.587 [Test worker] DEBUG com.github.dockerjava.zerodep.shaded.org.apache.hc.client5.http.wire - http-outgoing-0 << "Content-Type: application/json[\r][\n]"
21:29:55.587 [Test worker] DEBUG com.github.dockerjava.zerodep.shaded.org.apache.hc.client5.http.wire - http-outgoing-0 << "Date: Tue, 26 Dec 2023 18:29:55 GMT[\r][\n]"
21:29:55.587 [Test worker] DEBUG com.github.dockerjava.zerodep.shaded.org.apache.hc.client5.http.wire - http-outgoing-0 << "Docker-Experimental: false[\r][\n]"
21:29:55.587 [Test worker] DEBUG com.github.dockerjava.zerodep.shaded.org.apache.hc.client5.http.wire - http-outgoing-0 << "Ostype: linux[\r][\n]"
21:29:55.587 [Test worker] DEBUG com.github.dockerjava.zerodep.shaded.org.apache.hc.client5.http.wire - http-outgoing-0 << "Server: Docker/24.0.6 (linux)[\r][\n]"
21:29:55.587 [Test worker] DEBUG com.github.dockerjava.zerodep.shaded.org.apache.hc.client5.http.wire - http-outgoing-0 << "Transfer-Encoding: chunked[\r][\n]"
21:29:55.587 [Test worker] DEBUG com.github.dockerjava.zerodep.shaded.org.apache.hc.client5.http.wire - http-outgoing-0 << "[\r][\n]"
21:29:55.587 [Test worker] DEBUG com.github.dockerjava.zerodep.shaded.org.apache.hc.client5.http.headers - http-outgoing-0 << HTTP/1.1 200 OK
21:29:55.587 [Test worker] DEBUG com.github.dockerjava.zerodep.shaded.org.apache.hc.client5.http.headers - http-outgoing-0 << Api-Version: 1.43
21:29:55.587 [Test worker] DEBUG com.github.dockerjava.zerodep.shaded.org.apache.hc.client5.http.headers - http-outgoing-0 << Content-Type: application/json
21:29:55.587 [Test worker] DEBUG com.github.dockerjava.zerodep.shaded.org.apache.hc.client5.http.headers - http-outgoing-0 << Date: Tue, 26 Dec 2023 18:29:55 GMT
21:29:55.587 [Test worker] DEBUG com.github.dockerjava.zerodep.shaded.org.apache.hc.client5.http.headers - http-outgoing-0 << Docker-Experimental: false
21:29:55.587 [Test worker] DEBUG com.github.dockerjava.zerodep.shaded.org.apache.hc.client5.http.headers - http-outgoing-0 << Ostype: linux
21:29:55.587 [Test worker] DEBUG com.github.dockerjava.zerodep.shaded.org.apache.hc.client5.http.headers - http-outgoing-0 << Server: Docker/24.0.6 (linux)
21:29:55.587 [Test worker] DEBUG com.github.dockerjava.zerodep.shaded.org.apache.hc.client5.http.headers - http-outgoing-0 << Transfer-Encoding: chunked
21:29:55.588 [Test worker] DEBUG com.github.dockerjava.zerodep.shaded.org.apache.hc.client5.http.impl.classic.MainClientExec - ex-0000000A: connection can be kept alive for 3 MINUTES
21:29:56.417 [Test worker] DEBUG com.github.dockerjava.zerodep.shaded.org.apache.hc.client5.http.wire - http-outgoing-0 << "143f[\r][\n]"
21:29:56.417 [Test worker] DEBUG com.github.dockerjava.zerodep.shaded.org.apache.hc.client5.http.wire - http-outgoing-0 << "{"Id":"c420794a3a62fd2e61dbcb2ac74b802bd0ab60af94892c26f9ac484bfa0c27e0","Created":"2023-12-26T18:24:50.279162639Z","Path":"/bin/ryuk","Args":[],"State":{"Status":"running","Running":true,"Paused":false,"Restarting":false,"OOMKilled":false,"Dead":false,"Pid":1009,"ExitCode":0,"Error":"","StartedAt":"2023-12-26T18:29:35.236601732Z","FinishedAt":"0001-01-01T00:00:00Z"},"Image":"sha256:ec913eeff75a6b5ed284cf17e186213a466ec10a8f471798318ffa0813b5d828","ResolvConfPath":"/var/lib/docker/containers/c420794a3a62fd2e61dbcb2ac74b802bd0ab60af94892c26f9ac484bfa0c27e0/resolv.conf","HostnamePath":"/var/lib/docker/containers/c420794a3a62fd2e61dbcb2ac74b802bd0ab60af94892c26f9ac484bfa0c27e0/hostname","HostsPath":"/var/lib/docker/containers/c420794a3a62fd2e61dbcb2ac74b802bd0ab60af94892c26f9ac484bfa0c27e0/hosts","LogPath":"/var/lib/docker/containers/c420794a3a62fd2e61dbcb2ac74b802bd0ab60af94892c26f9ac484bfa0c27e0/c420794a3a62fd2e61dbcb2ac74b802bd0ab60af94892c26f9ac484bfa0c27e0-json.log","Name":"/testcontainers-ryuk-029223a2-cbcc-4152-a4af-44e10b2f5a25","RestartCount":0,"Driver":"overlay2","Platform":"linux","MountLabel":"","ProcessLabel":"","AppArmorProfile":"","ExecIDs":null,"HostConfig":{"Binds":["//var/run/docker.sock:/var/run/docker.sock:rw"],"ContainerIDFile":"","LogConfig":{"Type":"json-file","Config":{}},"NetworkMode":"default","PortBindings":{"8080/tcp":[{"HostIp":"0.0.0.0","HostPort":"0"}]},"RestartPolicy":{"Name":"","MaximumRetryCount":0},"AutoRemove":true,"VolumeDriver":"","VolumesFrom":[],"ConsoleSize":[0,0],"CapAdd":null,"CapDrop":null,"CgroupnsMode":"host","Dns":null,"DnsOptions":null,"DnsSearch":null,"ExtraHosts":[],"GroupAdd":null,"IpcMode":"shareable","Cgroup":"","Links":null,"OomScoreAdj":0,"PidMode":"","Privileged":false,"PublishAllPorts":false,"ReadonlyRootfs":false,"SecurityOpt":null,"UTSMode":"","UsernsMode":"","ShmSize":67108864,"Runtime":"runc","Isolation":"","CpuShares":0,"Memory":0,"NanoCpus":0,"CgroupParent":"","BlkioWeight":0,"BlkioWeightDevice":null,"BlkioDeviceReadBps":null,"BlkioDeviceWriteBps":null,"BlkioDeviceReadIOps":null,"BlkioDeviceWriteIOps":null,"CpuPeriod":0,"CpuQuota":0,"CpuRealtimePeriod":0,"CpuRealtimeRuntime":0,"CpusetCpus":"","CpusetMems":"","Devices":null,"DeviceCgroupRules":null,"DeviceRequests":null,"MemoryReservation":0,"MemorySwap":0,"MemorySwappiness":null,"OomKillDisable":false,"PidsLimit":null,"Ulimits":null,"CpuCount":0,"CpuPercent":0,"IOMaximumIOps":0,"IOMaximumBandwidth":0,"MaskedPaths":["/proc/asound","/proc/acpi","/proc/kcore","/proc/keys","/proc/latency_stats","/proc/timer_list","/proc/timer_stats","/proc/sched_debug","/proc/scsi","/sys/firmware"],"ReadonlyPaths":["/proc/bus","/proc/fs","/proc/irq","/proc/sys","/proc/sysrq-trigger"]},"GraphDriver":{"Data":{"LowerDir":"/var/lib/docker/overlay2/408d9b823d24dadcd6805d07ec04a56e8ee3a5b00a5d0340d2a0835df9ae0fe1-init/diff:/var/lib/docker/overlay2/328e69d92191f0f4b10483ceec7bc2da31c3b0fee5cf5513c9b1aa3b885cb13d/diff:/var/lib/docker/overlay2/25a7389af5f84487eeb67a807055cad2549a087f357f3c2c1f34907f8ee84a4b/diff:/var/lib/docker/overlay2/da90366b5ed3d568aa1b29470a46ce64fb9c851d05c852b0bd597389d111b001/diff","MergedDir":"/var/lib/docker/overlay2/408d9b823d24dadcd6805d07ec04a56e8ee3a5b00a5d0340d2a0835df9ae0fe1/merged","UpperDir":"/var/lib/docker/overlay2/408d9b823d24dadcd6805d07ec04a56e8ee3a5b00a5d0340d2a0835df9ae0fe1/diff","WorkDir":"/var/lib/docker/overlay2/408d9b823d24dadcd6805d07ec04a56e8ee3a5b00a5d0340d2a0835df9ae0fe1/work"},"Name":"overlay2"},"Mounts":[{"Type":"bind","Source":"//var/run/docker.sock","Destination":"/var/run/docker.sock","Mode":"rw","RW":true,"Propagation":"rprivate"}],"Config":{"Hostname":"c420794a3a62","Domainname":"","User":"","AttachStdin":false,"AttachStdout":false,"AttachStderr":false,"ExposedPorts":{"8080/tcp":{}},"Tty":false,"OpenStdin":false,"StdinOnce":false,"Env":["PATH=/usr/local/sbin:/usr/local/bin:/usr/sbin:/usr/bin:/sbin:/bin"],"Cmd":["/bin/ryuk"],"Image":"testcontainers/ryuk:0.5.1","Volumes":null,"WorkingDir":"","Entrypoint":null,"OnBuild":null,"Labels":{"org.testcontainers":"true","org.testcontainers."
21:30:04.461 [Test worker] DEBUG com.github.dockerjava.zerodep.shaded.org.apache.hc.client5.http.wire - http-outgoing-0 << "lang":"java","org.testcontainers.ryuk":"true","org.testcontainers.version":"1.18.3"}},"NetworkSettings":{"Bridge":"","SandboxID":"98da5007fa49c76bbeb397611e26e6b55577f3bdaf473eb63ffb16ff0fe9f99a","HairpinMode":false,"LinkLocalIPv6Address":"","LinkLocalIPv6PrefixLen":0,"Ports":{"8080/tcp":[{"HostIp":"0.0.0.0","HostPort":"56979"}]},"SandboxKey":"/var/run/docker/netns/98da5007fa49","SecondaryIPAddresses":null,"SecondaryIPv6Addresses":null,"EndpointID":"d15491a5fa18fc1121b381391ba8c1a4603f83acc962983316940fdef829578a","Gateway":"172.17.0.1","GlobalIPv6Address":"","GlobalIPv6PrefixLen":0,"IPAddress":"172.17.0.2","IPPrefixLen":16,"IPv6Gateway":"","MacAddress":"02:42:ac:11:00:02","Networks":{"bridge":{"IPAMConfig":null,"Links":null,"Aliases":null,"NetworkID":"abee7fdb1fb98dece2566b968d7bbed11780626b9f9e9aa6931c02a3403d16ff","EndpointID":"d15491a5fa18fc1121b381391ba8c1a4603f83acc962983316940fdef829578a","Gateway":"172.17.0.1","IPAddress":"172.17.0.2","IPPrefixLen":16,"IPv6Gateway":"","GlobalIPv6Address":"","GlobalIPv6PrefixLen":0,"MacAddress":"02:42:ac:11:00:02","DriverOpts":null}}}}[\n]"
21:30:05.647 [Test worker] DEBUG com.github.dockerjava.zerodep.shaded.org.apache.hc.client5.http.wire - http-outgoing-0 << "[\r][\n]"
21:30:05.647 [Test worker] DEBUG com.github.dockerjava.zerodep.shaded.org.apache.hc.client5.http.wire - http-outgoing-0 << "0[\r][\n]"
21:30:05.647 [Test worker] DEBUG com.github.dockerjava.zerodep.shaded.org.apache.hc.client5.http.wire - http-outgoing-0 << "[\r][\n]"
21:30:05.647 [Test worker] DEBUG com.github.dockerjava.zerodep.shaded.org.apache.hc.client5.http.impl.classic.InternalHttpClient - ep-00000009: releasing valid endpoint
21:30:05.649 [Test worker] DEBUG com.github.dockerjava.zerodep.shaded.org.apache.hc.client5.http.impl.io.PoolingHttpClientConnectionManager - ep-00000009: releasing endpoint
21:30:05.649 [Test worker] DEBUG com.github.dockerjava.zerodep.shaded.org.apache.hc.client5.http.impl.io.PoolingHttpClientConnectionManager - ep-00000009: connection http-outgoing-0 can be kept alive for 3 MINUTES
21:30:05.649 [Test worker] DEBUG com.github.dockerjava.zerodep.shaded.org.apache.hc.client5.http.impl.io.PoolingHttpClientConnectionManager - ep-00000009: connection released [route: {}->npipe://localhost:2375][total available: 1; route allocated: 1 of 2147483647; total allocated: 1 of 2147483647]
21:30:06.300 [Test worker] DEBUG org.testcontainers.shaded.com.github.dockerjava.core.command.AbstrDockerCmd - Cmd: sha256:ec913eeff75a6b5ed284cf17e186213a466ec10a8f471798318ffa0813b5d828
21:30:06.302 [Test worker] DEBUG com.github.dockerjava.zerodep.shaded.org.apache.hc.client5.http.impl.classic.InternalHttpClient - ex-0000000B: preparing request execution
21:30:06.322 [Test worker] DEBUG com.github.dockerjava.zerodep.shaded.org.apache.hc.client5.http.protocol.RequestAddCookies - Cookie spec selected: strict
21:30:06.322 [Test worker] DEBUG com.github.dockerjava.zerodep.shaded.org.apache.hc.client5.http.protocol.RequestAuthCache - Auth cache not set in the context
21:30:06.322 [Test worker] DEBUG com.github.dockerjava.zerodep.shaded.org.apache.hc.client5.http.impl.classic.ProtocolExec - ex-0000000B: target auth state: UNCHALLENGED
21:30:06.322 [Test worker] DEBUG com.github.dockerjava.zerodep.shaded.org.apache.hc.client5.http.impl.classic.ProtocolExec - ex-0000000B: proxy auth state: UNCHALLENGED
21:30:06.322 [Test worker] DEBUG com.github.dockerjava.zerodep.shaded.org.apache.hc.client5.http.impl.classic.ConnectExec - ex-0000000B: acquiring connection with route {}->npipe://localhost:2375
21:30:06.322 [Test worker] DEBUG com.github.dockerjava.zerodep.shaded.org.apache.hc.client5.http.impl.classic.InternalHttpClient - ex-0000000B: acquiring endpoint (3 MINUTES)
21:30:06.322 [Test worker] DEBUG com.github.dockerjava.zerodep.shaded.org.apache.hc.client5.http.impl.io.PoolingHttpClientConnectionManager - ex-0000000B: endpoint lease request (3 MINUTES) [route: {}->npipe://localhost:2375][total available: 1; route allocated: 1 of 2147483647; total allocated: 1 of 2147483647]
21:30:06.323 [Test worker] DEBUG com.github.dockerjava.zerodep.shaded.org.apache.hc.client5.http.impl.io.PoolingHttpClientConnectionManager - ex-0000000B: endpoint leased [route: {}->npipe://localhost:2375][total available: 0; route allocated: 1 of 2147483647; total allocated: 1 of 2147483647]
21:30:06.323 [Test worker] DEBUG com.github.dockerjava.zerodep.shaded.org.apache.hc.client5.http.impl.io.PoolingHttpClientConnectionManager - ex-0000000B: acquired ep-0000000A
21:30:06.323 [Test worker] DEBUG com.github.dockerjava.zerodep.shaded.org.apache.hc.client5.http.impl.classic.InternalHttpClient - ex-0000000B: acquired endpoint ep-0000000A
21:30:06.323 [Test worker] DEBUG com.github.dockerjava.zerodep.shaded.org.apache.hc.client5.http.impl.classic.MainClientExec - ex-0000000B: executing GET /v1.32/images/sha256:ec913eeff75a6b5ed284cf17e186213a466ec10a8f471798318ffa0813b5d828/json HTTP/1.1
21:30:06.323 [Test worker] DEBUG com.github.dockerjava.zerodep.shaded.org.apache.hc.client5.http.impl.classic.InternalHttpClient - ep-0000000A: start execution ex-0000000B
21:30:06.323 [Test worker] DEBUG com.github.dockerjava.zerodep.shaded.org.apache.hc.client5.http.impl.io.PoolingHttpClientConnectionManager - ep-0000000A: executing exchange ex-0000000B over http-outgoing-0
21:30:06.324 [Test worker] DEBUG com.github.dockerjava.zerodep.shaded.org.apache.hc.client5.http.headers - http-outgoing-0 >> GET /v1.32/images/sha256:ec913eeff75a6b5ed284cf17e186213a466ec10a8f471798318ffa0813b5d828/json HTTP/1.1
21:30:06.324 [Test worker] DEBUG com.github.dockerjava.zerodep.shaded.org.apache.hc.client5.http.headers - http-outgoing-0 >> accept: application/json
21:30:06.324 [Test worker] DEBUG com.github.dockerjava.zerodep.shaded.org.apache.hc.client5.http.headers - http-outgoing-0 >> x-tc-sid: 029223a2-cbcc-4152-a4af-44e10b2f5a25
21:30:06.324 [Test worker] DEBUG com.github.dockerjava.zerodep.shaded.org.apache.hc.client5.http.headers - http-outgoing-0 >> Accept-Encoding: gzip, x-gzip, deflate
21:30:06.324 [Test worker] DEBUG com.github.dockerjava.zerodep.shaded.org.apache.hc.client5.http.headers - http-outgoing-0 >> Host: localhost:2375
21:30:06.324 [Test worker] DEBUG com.github.dockerjava.zerodep.shaded.org.apache.hc.client5.http.headers - http-outgoing-0 >> Connection: keep-alive
21:30:06.324 [Test worker] DEBUG com.github.dockerjava.zerodep.shaded.org.apache.hc.client5.http.headers - http-outgoing-0 >> User-Agent: Apache-HttpClient/5.0.3 (Java/17)
21:30:06.324 [Test worker] DEBUG com.github.dockerjava.zerodep.shaded.org.apache.hc.client5.http.wire - http-outgoing-0 >> "GET /v1.32/images/sha256:ec913eeff75a6b5ed284cf17e186213a466ec10a8f471798318ffa0813b5d828/json HTTP/1.1[\r][\n]"
21:30:06.324 [Test worker] DEBUG com.github.dockerjava.zerodep.shaded.org.apache.hc.client5.http.wire - http-outgoing-0 >> "accept: application/json[\r][\n]"
21:30:06.324 [Test worker] DEBUG com.github.dockerjava.zerodep.shaded.org.apache.hc.client5.http.wire - http-outgoing-0 >> "x-tc-sid: 029223a2-cbcc-4152-a4af-44e10b2f5a25[\r][\n]"
21:30:06.324 [Test worker] DEBUG com.github.dockerjava.zerodep.shaded.org.apache.hc.client5.http.wire - http-outgoing-0 >> "Accept-Encoding: gzip, x-gzip, deflate[\r][\n]"
21:30:06.324 [Test worker] DEBUG com.github.dockerjava.zerodep.shaded.org.apache.hc.client5.http.wire - http-outgoing-0 >> "Host: localhost:2375[\r][\n]"
21:30:06.324 [Test worker] DEBUG com.github.dockerjava.zerodep.shaded.org.apache.hc.client5.http.wire - http-outgoing-0 >> "Connection: keep-alive[\r][\n]"
21:30:06.324 [Test worker] DEBUG com.github.dockerjava.zerodep.shaded.org.apache.hc.client5.http.wire - http-outgoing-0 >> "User-Agent: Apache-HttpClient/5.0.3 (Java/17)[\r][\n]"
21:30:06.324 [Test worker] DEBUG com.github.dockerjava.zerodep.shaded.org.apache.hc.client5.http.wire - http-outgoing-0 >> "[\r][\n]"
21:30:06.398 [Test worker] DEBUG com.github.dockerjava.zerodep.shaded.org.apache.hc.client5.http.wire - http-outgoing-0 << "HTTP/1.1 200 OK[\r][\n]"
21:30:06.398 [Test worker] DEBUG com.github.dockerjava.zerodep.shaded.org.apache.hc.client5.http.wire - http-outgoing-0 << "Api-Version: 1.43[\r][\n]"
21:30:06.398 [Test worker] DEBUG com.github.dockerjava.zerodep.shaded.org.apache.hc.client5.http.wire - http-outgoing-0 << "Content-Type: application/json[\r][\n]"
21:30:06.398 [Test worker] DEBUG com.github.dockerjava.zerodep.shaded.org.apache.hc.client5.http.wire - http-outgoing-0 << "Date: Tue, 26 Dec 2023 18:30:06 GMT[\r][\n]"
21:30:06.398 [Test worker] DEBUG com.github.dockerjava.zerodep.shaded.org.apache.hc.client5.http.wire - http-outgoing-0 << "Docker-Experimental: false[\r][\n]"
21:30:06.398 [Test worker] DEBUG com.github.dockerjava.zerodep.shaded.org.apache.hc.client5.http.wire - http-outgoing-0 << "Ostype: linux[\r][\n]"
21:30:06.398 [Test worker] DEBUG com.github.dockerjava.zerodep.shaded.org.apache.hc.client5.http.wire - http-outgoing-0 << "Server: Docker/24.0.6 (linux)[\r][\n]"
21:30:06.398 [Test worker] DEBUG com.github.dockerjava.zerodep.shaded.org.apache.hc.client5.http.wire - http-outgoing-0 << "Transfer-Encoding: chunked[\r][\n]"
21:30:06.398 [Test worker] DEBUG com.github.dockerjava.zerodep.shaded.org.apache.hc.client5.http.wire - http-outgoing-0 << "[\r][\n]"
21:30:06.398 [Test worker] DEBUG com.github.dockerjava.zerodep.shaded.org.apache.hc.client5.http.headers - http-outgoing-0 << HTTP/1.1 200 OK
21:30:06.398 [Test worker] DEBUG com.github.dockerjava.zerodep.shaded.org.apache.hc.client5.http.headers - http-outgoing-0 << Api-Version: 1.43
21:30:06.398 [Test worker] DEBUG com.github.dockerjava.zerodep.shaded.org.apache.hc.client5.http.headers - http-outgoing-0 << Content-Type: application/json
21:30:06.398 [Test worker] DEBUG com.github.dockerjava.zerodep.shaded.org.apache.hc.client5.http.headers - http-outgoing-0 << Date: Tue, 26 Dec 2023 18:30:06 GMT
21:30:06.398 [Test worker] DEBUG com.github.dockerjava.zerodep.shaded.org.apache.hc.client5.http.headers - http-outgoing-0 << Docker-Experimental: false
21:30:06.398 [Test worker] DEBUG com.github.dockerjava.zerodep.shaded.org.apache.hc.client5.http.headers - http-outgoing-0 << Ostype: linux
21:30:06.398 [Test worker] DEBUG com.github.dockerjava.zerodep.shaded.org.apache.hc.client5.http.headers - http-outgoing-0 << Server: Docker/24.0.6 (linux)
21:30:06.398 [Test worker] DEBUG com.github.dockerjava.zerodep.shaded.org.apache.hc.client5.http.headers - http-outgoing-0 << Transfer-Encoding: chunked
21:30:06.399 [Test worker] DEBUG com.github.dockerjava.zerodep.shaded.org.apache.hc.client5.http.impl.classic.MainClientExec - ex-0000000B: connection can be kept alive for 3 MINUTES
21:30:06.400 [Test worker] DEBUG com.github.dockerjava.zerodep.shaded.org.apache.hc.client5.http.wire - http-outgoing-0 << "7d1[\r][\n]"
21:30:06.400 [Test worker] DEBUG com.github.dockerjava.zerodep.shaded.org.apache.hc.client5.http.wire - http-outgoing-0 << "{"Id":"sha256:ec913eeff75a6b5ed284cf17e186213a466ec10a8f471798318ffa0813b5d828","RepoTags":["testcontainers/ryuk:0.5.1"],"RepoDigests":["testcontainers/ryuk@sha256:533abc56c07b52a26c955d1e7ae428d810582ab01c156384ae79960eb5fa0775"],"Parent":"","Comment":"buildkit.dockerfile.v0","Created":"2023-05-17T15:11:02.784684507Z","Container":"","ContainerConfig":{"Hostname":"","Domainname":"","User":"","AttachStdin":false,"AttachStdout":false,"AttachStderr":false,"Tty":false,"OpenStdin":false,"StdinOnce":false,"Env":null,"Cmd":null,"Image":"","Volumes":null,"WorkingDir":"","Entrypoint":null,"OnBuild":null,"Labels":null},"DockerVersion":"","Author":"","Config":{"Hostname":"","Domainname":"","User":"","AttachStdin":false,"AttachStdout":false,"AttachStderr":false,"Tty":false,"OpenStdin":false,"StdinOnce":false,"Env":["PATH=/usr/local/sbin:/usr/local/bin:/usr/sbin:/usr/bin:/sbin:/bin"],"Cmd":["/bin/ryuk"],"ArgsEscaped":true,"Image":"","Volumes":null,"WorkingDir":"","Entrypoint":null,"OnBuild":null,"Labels":{"org.testcontainers.ryuk":"true"}},"Architecture":"amd64","Os":"linux","Size":12695732,"VirtualSize":12695732,"GraphDriver":{"Data":{"LowerDir":"/var/lib/docker/overlay2/25a7389af5f84487eeb67a807055cad2549a087f357f3c2c1f34907f8ee84a4b/diff:/var/lib/docker/overlay2/da90366b5ed3d568aa1b29470a46ce64fb9c851d05c852b0bd597389d111b001/diff","MergedDir":"/var/lib/docker/overlay2/328e69d92191f0f4b10483ceec7bc2da31c3b0fee5cf5513c9b1aa3b885cb13d/merged","UpperDir":"/var/lib/docker/overlay2/328e69d92191f0f4b10483ceec7bc2da31c3b0fee5cf5513c9b1aa3b885cb13d/diff","WorkDir":"/var/lib/docker/overlay2/328e69d92191f0f4b10483ceec7bc2da31c3b0fee5cf5513c9b1aa3b885cb13d/work"},"Name":"overlay2"},"RootFS":{"Type":"layers","Layers":["sha256:5bc340f6d4f5a3bc999dfbc790a0bdf0920b9103ef794645034de4260ee4e9c8","sha256:399f3aa1fc62064e0be857829b8e7284408be4b60db81996e105a78e2059e5c9","sha256:2ad1a08beb0cf8625d0ffd3d2847150709df6fdb34c6a2ef514106ad08c5d785"]},"Metadata":{"LastTagTime":"0001-01-01T00:00:00Z"}}[\n]"
21:30:06.400 [Test worker] DEBUG com.github.dockerjava.zerodep.shaded.org.apache.hc.client5.http.wire - http-outgoing-0 << "[\r][\n]"
21:30:06.548 [Test worker] DEBUG com.github.dockerjava.zerodep.shaded.org.apache.hc.client5.http.wire - http-outgoing-0 << "0[\r][\n]"
21:30:06.549 [Test worker] DEBUG com.github.dockerjava.zerodep.shaded.org.apache.hc.client5.http.wire - http-outgoing-0 << "[\r][\n]"
21:30:06.550 [Test worker] DEBUG com.github.dockerjava.zerodep.shaded.org.apache.hc.client5.http.impl.classic.InternalHttpClient - ep-0000000A: releasing valid endpoint
21:30:06.550 [Test worker] DEBUG com.github.dockerjava.zerodep.shaded.org.apache.hc.client5.http.impl.io.PoolingHttpClientConnectionManager - ep-0000000A: releasing endpoint
21:30:06.551 [Test worker] DEBUG com.github.dockerjava.zerodep.shaded.org.apache.hc.client5.http.impl.io.PoolingHttpClientConnectionManager - ep-0000000A: connection http-outgoing-0 can be kept alive for 3 MINUTES
21:30:06.551 [Test worker] DEBUG com.github.dockerjava.zerodep.shaded.org.apache.hc.client5.http.impl.io.PoolingHttpClientConnectionManager - ep-0000000A: connection released [route: {}->npipe://localhost:2375][total available: 1; route allocated: 1 of 2147483647; total allocated: 1 of 2147483647]
21:30:06.552 [Test worker] DEBUG org.testcontainers.shaded.com.github.dockerjava.core.command.AbstrDockerCmd - Cmd: 
21:30:06.553 [Test worker] DEBUG com.github.dockerjava.zerodep.shaded.org.apache.hc.client5.http.impl.classic.InternalHttpClient - ex-0000000C: preparing request execution
21:30:06.554 [Test worker] DEBUG com.github.dockerjava.zerodep.shaded.org.apache.hc.client5.http.protocol.RequestAddCookies - Cookie spec selected: strict
21:30:06.554 [Test worker] DEBUG com.github.dockerjava.zerodep.shaded.org.apache.hc.client5.http.protocol.RequestAuthCache - Auth cache not set in the context
21:30:06.554 [Test worker] DEBUG com.github.dockerjava.zerodep.shaded.org.apache.hc.client5.http.impl.classic.ProtocolExec - ex-0000000C: target auth state: UNCHALLENGED
21:30:06.554 [Test worker] DEBUG com.github.dockerjava.zerodep.shaded.org.apache.hc.client5.http.impl.classic.ProtocolExec - ex-0000000C: proxy auth state: UNCHALLENGED
21:30:06.554 [Test worker] DEBUG com.github.dockerjava.zerodep.shaded.org.apache.hc.client5.http.impl.classic.ConnectExec - ex-0000000C: acquiring connection with route {}->npipe://localhost:2375
21:30:06.554 [Test worker] DEBUG com.github.dockerjava.zerodep.shaded.org.apache.hc.client5.http.impl.classic.InternalHttpClient - ex-0000000C: acquiring endpoint (3 MINUTES)
21:30:06.555 [Test worker] DEBUG com.github.dockerjava.zerodep.shaded.org.apache.hc.client5.http.impl.io.PoolingHttpClientConnectionManager - ex-0000000C: endpoint lease request (3 MINUTES) [route: {}->npipe://localhost:2375][total available: 1; route allocated: 1 of 2147483647; total allocated: 1 of 2147483647]
21:30:06.555 [Test worker] DEBUG com.github.dockerjava.zerodep.shaded.org.apache.hc.client5.http.impl.io.PoolingHttpClientConnectionManager - ex-0000000C: endpoint leased [route: {}->npipe://localhost:2375][total available: 0; route allocated: 1 of 2147483647; total allocated: 1 of 2147483647]
21:30:06.556 [Test worker] DEBUG com.github.dockerjava.zerodep.shaded.org.apache.hc.client5.http.impl.io.PoolingHttpClientConnectionManager - ex-0000000C: acquired ep-0000000B
21:30:06.656 [Test worker] DEBUG com.github.dockerjava.zerodep.shaded.org.apache.hc.client5.http.impl.classic.InternalHttpClient - ex-0000000C: acquired endpoint ep-0000000B
21:30:06.656 [Test worker] DEBUG com.github.dockerjava.zerodep.shaded.org.apache.hc.client5.http.impl.classic.MainClientExec - ex-0000000C: executing GET /v1.32/version HTTP/1.1
21:30:06.657 [Test worker] DEBUG com.github.dockerjava.zerodep.shaded.org.apache.hc.client5.http.impl.classic.InternalHttpClient - ep-0000000B: start execution ex-0000000C
21:30:06.657 [Test worker] DEBUG com.github.dockerjava.zerodep.shaded.org.apache.hc.client5.http.impl.io.PoolingHttpClientConnectionManager - ep-0000000B: executing exchange ex-0000000C over http-outgoing-0
21:30:06.658 [Test worker] DEBUG com.github.dockerjava.zerodep.shaded.org.apache.hc.client5.http.headers - http-outgoing-0 >> GET /v1.32/version HTTP/1.1
21:30:06.658 [Test worker] DEBUG com.github.dockerjava.zerodep.shaded.org.apache.hc.client5.http.headers - http-outgoing-0 >> accept: application/json
21:30:06.658 [Test worker] DEBUG com.github.dockerjava.zerodep.shaded.org.apache.hc.client5.http.headers - http-outgoing-0 >> x-tc-sid: 029223a2-cbcc-4152-a4af-44e10b2f5a25
21:30:06.658 [Test worker] DEBUG com.github.dockerjava.zerodep.shaded.org.apache.hc.client5.http.headers - http-outgoing-0 >> Accept-Encoding: gzip, x-gzip, deflate
21:30:06.658 [Test worker] DEBUG com.github.dockerjava.zerodep.shaded.org.apache.hc.client5.http.headers - http-outgoing-0 >> Host: localhost:2375
21:30:06.658 [Test worker] DEBUG com.github.dockerjava.zerodep.shaded.org.apache.hc.client5.http.headers - http-outgoing-0 >> Connection: keep-alive
21:30:06.659 [Test worker] DEBUG com.github.dockerjava.zerodep.shaded.org.apache.hc.client5.http.headers - http-outgoing-0 >> User-Agent: Apache-HttpClient/5.0.3 (Java/17)
21:30:06.659 [Test worker] DEBUG com.github.dockerjava.zerodep.shaded.org.apache.hc.client5.http.wire - http-outgoing-0 >> "GET /v1.32/version HTTP/1.1[\r][\n]"
21:30:06.659 [Test worker] DEBUG com.github.dockerjava.zerodep.shaded.org.apache.hc.client5.http.wire - http-outgoing-0 >> "accept: application/json[\r][\n]"
21:30:06.660 [Test worker] DEBUG com.github.dockerjava.zerodep.shaded.org.apache.hc.client5.http.wire - http-outgoing-0 >> "x-tc-sid: 029223a2-cbcc-4152-a4af-44e10b2f5a25[\r][\n]"
21:30:06.660 [Test worker] DEBUG com.github.dockerjava.zerodep.shaded.org.apache.hc.client5.http.wire - http-outgoing-0 >> "Accept-Encoding: gzip, x-gzip, deflate[\r][\n]"
21:30:06.661 [Test worker] DEBUG com.github.dockerjava.zerodep.shaded.org.apache.hc.client5.http.wire - http-outgoing-0 >> "Host: localhost:2375[\r][\n]"
21:30:06.661 [Test worker] DEBUG com.github.dockerjava.zerodep.shaded.org.apache.hc.client5.http.wire - http-outgoing-0 >> "Connection: keep-alive[\r][\n]"
21:30:06.661 [Test worker] DEBUG com.github.dockerjava.zerodep.shaded.org.apache.hc.client5.http.wire - http-outgoing-0 >> "User-Agent: Apache-HttpClient/5.0.3 (Java/17)[\r][\n]"
21:30:06.661 [Test worker] DEBUG com.github.dockerjava.zerodep.shaded.org.apache.hc.client5.http.wire - http-outgoing-0 >> "[\r][\n]"
21:30:07.949 [Test worker] DEBUG com.github.dockerjava.zerodep.shaded.org.apache.hc.client5.http.wire - http-outgoing-0 << "HTTP/1.1 200 OK[\r][\n]"
21:30:07.980 [Test worker] DEBUG com.github.dockerjava.zerodep.shaded.org.apache.hc.client5.http.wire - http-outgoing-0 << "Api-Version: 1.43[\r][\n]"
21:30:07.994 [Test worker] DEBUG com.github.dockerjava.zerodep.shaded.org.apache.hc.client5.http.wire - http-outgoing-0 << "Content-Type: application/json[\r][\n]"
21:30:07.994 [Test worker] DEBUG com.github.dockerjava.zerodep.shaded.org.apache.hc.client5.http.wire - http-outgoing-0 << "Date: Tue, 26 Dec 2023 18:30:07 GMT[\r][\n]"
21:30:07.994 [Test worker] DEBUG com.github.dockerjava.zerodep.shaded.org.apache.hc.client5.http.wire - http-outgoing-0 << "Docker-Experimental: false[\r][\n]"
21:30:07.994 [Test worker] DEBUG com.github.dockerjava.zerodep.shaded.org.apache.hc.client5.http.wire - http-outgoing-0 << "Ostype: linux[\r][\n]"
21:30:07.994 [Test worker] DEBUG com.github.dockerjava.zerodep.shaded.org.apache.hc.client5.http.wire - http-outgoing-0 << "Server: Docker/24.0.6 (linux)[\r][\n]"
21:30:07.994 [Test worker] DEBUG com.github.dockerjava.zerodep.shaded.org.apache.hc.client5.http.wire - http-outgoing-0 << "Transfer-Encoding: chunked[\r][\n]"
21:30:07.994 [Test worker] DEBUG com.github.dockerjava.zerodep.shaded.org.apache.hc.client5.http.wire - http-outgoing-0 << "[\r][\n]"
21:30:07.994 [Test worker] DEBUG com.github.dockerjava.zerodep.shaded.org.apache.hc.client5.http.headers - http-outgoing-0 << HTTP/1.1 200 OK
21:30:07.994 [Test worker] DEBUG com.github.dockerjava.zerodep.shaded.org.apache.hc.client5.http.headers - http-outgoing-0 << Api-Version: 1.43
21:30:07.994 [Test worker] DEBUG com.github.dockerjava.zerodep.shaded.org.apache.hc.client5.http.headers - http-outgoing-0 << Content-Type: application/json
21:30:07.994 [Test worker] DEBUG com.github.dockerjava.zerodep.shaded.org.apache.hc.client5.http.headers - http-outgoing-0 << Date: Tue, 26 Dec 2023 18:30:07 GMT
21:30:07.994 [Test worker] DEBUG com.github.dockerjava.zerodep.shaded.org.apache.hc.client5.http.headers - http-outgoing-0 << Docker-Experimental: false
21:30:07.995 [Test worker] DEBUG com.github.dockerjava.zerodep.shaded.org.apache.hc.client5.http.headers - http-outgoing-0 << Ostype: linux
21:30:07.995 [Test worker] DEBUG com.github.dockerjava.zerodep.shaded.org.apache.hc.client5.http.headers - http-outgoing-0 << Server: Docker/24.0.6 (linux)
21:30:08.047 [Test worker] DEBUG com.github.dockerjava.zerodep.shaded.org.apache.hc.client5.http.headers - http-outgoing-0 << Transfer-Encoding: chunked
21:30:08.047 [Test worker] DEBUG com.github.dockerjava.zerodep.shaded.org.apache.hc.client5.http.impl.classic.MainClientExec - ex-0000000C: connection can be kept alive for 3 MINUTES
21:30:08.047 [Test worker] DEBUG com.github.dockerjava.zerodep.shaded.org.apache.hc.client5.http.wire - http-outgoing-0 << "35d[\r][\n]"
21:30:08.048 [Test worker] DEBUG com.github.dockerjava.zerodep.shaded.org.apache.hc.client5.http.wire - http-outgoing-0 << "{"Platform":{"Name":"Docker Desktop 4.25.2 (129061)"},"Components":[{"Name":"Engine","Version":"24.0.6","Details":{"ApiVersion":"1.43","Arch":"amd64","BuildTime":"2023-09-04T12:32:16.000000000+00:00","Experimental":"false","GitCommit":"1a79695","GoVersion":"go1.20.7","KernelVersion":"5.15.133.1-microsoft-standard-WSL2","MinAPIVersion":"1.12","Os":"linux"}},{"Name":"containerd","Version":"1.6.22","Details":{"GitCommit":"8165feabfdfe38c65b599c4993d227328c231fca"}},{"Name":"runc","Version":"1.1.8","Details":{"GitCommit":"v1.1.8-0-g82f18fe"}},{"Name":"docker-init","Version":"0.19.0","Details":{"GitCommit":"de40ad0"}}],"Version":"24.0.6","ApiVersion":"1.43","MinAPIVersion":"1.12","GitCommit":"1a79695","GoVersion":"go1.20.7","Os":"linux","Arch":"amd64","KernelVersion":"5.15.133.1-microsoft-standard-WSL2","BuildTime":"2023-09-04T12:32:16.000000000+00:00"}[\n]"
21:30:08.048 [Test worker] DEBUG com.github.dockerjava.zerodep.shaded.org.apache.hc.client5.http.wire - http-outgoing-0 << "[\r][\n]"
21:30:08.048 [Test worker] DEBUG com.github.dockerjava.zerodep.shaded.org.apache.hc.client5.http.wire - http-outgoing-0 << "0[\r][\n]"
21:30:08.048 [Test worker] DEBUG com.github.dockerjava.zerodep.shaded.org.apache.hc.client5.http.wire - http-outgoing-0 << "[\r][\n]"
21:30:08.048 [Test worker] DEBUG com.github.dockerjava.zerodep.shaded.org.apache.hc.client5.http.impl.classic.InternalHttpClient - ep-0000000B: releasing valid endpoint
21:30:08.048 [Test worker] DEBUG com.github.dockerjava.zerodep.shaded.org.apache.hc.client5.http.impl.io.PoolingHttpClientConnectionManager - ep-0000000B: releasing endpoint
21:30:08.048 [Test worker] DEBUG com.github.dockerjava.zerodep.shaded.org.apache.hc.client5.http.impl.io.PoolingHttpClientConnectionManager - ep-0000000B: connection http-outgoing-0 can be kept alive for 3 MINUTES
21:30:08.048 [Test worker] DEBUG com.github.dockerjava.zerodep.shaded.org.apache.hc.client5.http.impl.io.PoolingHttpClientConnectionManager - ep-0000000B: connection released [route: {}->npipe://localhost:2375][total available: 1; route allocated: 1 of 2147483647; total allocated: 1 of 2147483647]
21:30:09.836 [docker-java-stream--25612197] DEBUG com.github.dockerjava.zerodep.shaded.org.apache.hc.client5.http.impl.classic.InternalHttpClient - ex-0000000D: preparing request execution
21:30:09.903 [docker-java-stream--25612197] DEBUG com.github.dockerjava.zerodep.shaded.org.apache.hc.client5.http.protocol.RequestAddCookies - Cookie spec selected: strict
21:30:09.903 [docker-java-stream--25612197] DEBUG com.github.dockerjava.zerodep.shaded.org.apache.hc.client5.http.protocol.RequestAuthCache - Auth cache not set in the context
21:30:09.903 [docker-java-stream--25612197] DEBUG com.github.dockerjava.zerodep.shaded.org.apache.hc.client5.http.impl.classic.ProtocolExec - ex-0000000D: target auth state: UNCHALLENGED
21:30:09.904 [docker-java-stream--25612197] DEBUG com.github.dockerjava.zerodep.shaded.org.apache.hc.client5.http.impl.classic.ProtocolExec - ex-0000000D: proxy auth state: UNCHALLENGED
21:30:09.904 [docker-java-stream--25612197] DEBUG com.github.dockerjava.zerodep.shaded.org.apache.hc.client5.http.impl.classic.ConnectExec - ex-0000000D: acquiring connection with route {}->npipe://localhost:2375
21:30:09.904 [docker-java-stream--25612197] DEBUG com.github.dockerjava.zerodep.shaded.org.apache.hc.client5.http.impl.classic.InternalHttpClient - ex-0000000D: acquiring endpoint (3 MINUTES)
21:30:09.904 [docker-java-stream--25612197] DEBUG com.github.dockerjava.zerodep.shaded.org.apache.hc.client5.http.impl.io.PoolingHttpClientConnectionManager - ex-0000000D: endpoint lease request (3 MINUTES) [route: {}->npipe://localhost:2375][total available: 1; route allocated: 1 of 2147483647; total allocated: 1 of 2147483647]
21:30:09.905 [docker-java-stream--25612197] DEBUG com.github.dockerjava.zerodep.shaded.org.apache.hc.client5.http.impl.io.PoolingHttpClientConnectionManager - ex-0000000D: endpoint leased [route: {}->npipe://localhost:2375][total available: 0; route allocated: 1 of 2147483647; total allocated: 1 of 2147483647]
21:30:09.907 [docker-java-stream--25612197] DEBUG com.github.dockerjava.zerodep.shaded.org.apache.hc.client5.http.impl.io.PoolingHttpClientConnectionManager - ex-0000000D: acquired ep-0000000C
21:30:09.908 [docker-java-stream--25612197] DEBUG com.github.dockerjava.zerodep.shaded.org.apache.hc.client5.http.impl.classic.InternalHttpClient - ex-0000000D: acquired endpoint ep-0000000C
21:30:09.908 [docker-java-stream--25612197] DEBUG com.github.dockerjava.zerodep.shaded.org.apache.hc.client5.http.impl.classic.MainClientExec - ex-0000000D: executing GET /v1.32/containers/c420794a3a62fd2e61dbcb2ac74b802bd0ab60af94892c26f9ac484bfa0c27e0/logs?stdout=true&stderr=true&follow=true&since=0 HTTP/1.1
21:30:09.908 [docker-java-stream--25612197] DEBUG com.github.dockerjava.zerodep.shaded.org.apache.hc.client5.http.impl.classic.InternalHttpClient - ep-0000000C: start execution ex-0000000D
21:30:09.908 [docker-java-stream--25612197] DEBUG com.github.dockerjava.zerodep.shaded.org.apache.hc.client5.http.impl.io.PoolingHttpClientConnectionManager - ep-0000000C: executing exchange ex-0000000D over http-outgoing-0
21:30:09.908 [docker-java-stream--25612197] DEBUG com.github.dockerjava.zerodep.shaded.org.apache.hc.client5.http.headers - http-outgoing-0 >> GET /v1.32/containers/c420794a3a62fd2e61dbcb2ac74b802bd0ab60af94892c26f9ac484bfa0c27e0/logs?stdout=true&stderr=true&follow=true&since=0 HTTP/1.1
21:30:09.908 [docker-java-stream--25612197] DEBUG com.github.dockerjava.zerodep.shaded.org.apache.hc.client5.http.headers - http-outgoing-0 >> x-tc-sid: 029223a2-cbcc-4152-a4af-44e10b2f5a25
21:30:09.908 [docker-java-stream--25612197] DEBUG com.github.dockerjava.zerodep.shaded.org.apache.hc.client5.http.headers - http-outgoing-0 >> Accept-Encoding: gzip, x-gzip, deflate
21:30:09.908 [docker-java-stream--25612197] DEBUG com.github.dockerjava.zerodep.shaded.org.apache.hc.client5.http.headers - http-outgoing-0 >> Host: localhost:2375
21:30:09.908 [docker-java-stream--25612197] DEBUG com.github.dockerjava.zerodep.shaded.org.apache.hc.client5.http.headers - http-outgoing-0 >> Connection: keep-alive
21:30:09.908 [docker-java-stream--25612197] DEBUG com.github.dockerjava.zerodep.shaded.org.apache.hc.client5.http.headers - http-outgoing-0 >> User-Agent: Apache-HttpClient/5.0.3 (Java/17)
21:30:09.908 [docker-java-stream--25612197] DEBUG com.github.dockerjava.zerodep.shaded.org.apache.hc.client5.http.wire - http-outgoing-0 >> "GET /v1.32/containers/c420794a3a62fd2e61dbcb2ac74b802bd0ab60af94892c26f9ac484bfa0c27e0/logs?stdout=true&stderr=true&follow=true&since=0 HTTP/1.1[\r][\n]"
21:30:09.909 [docker-java-stream--25612197] DEBUG com.github.dockerjava.zerodep.shaded.org.apache.hc.client5.http.wire - http-outgoing-0 >> "x-tc-sid: 029223a2-cbcc-4152-a4af-44e10b2f5a25[\r][\n]"
21:30:09.909 [docker-java-stream--25612197] DEBUG com.github.dockerjava.zerodep.shaded.org.apache.hc.client5.http.wire - http-outgoing-0 >> "Accept-Encoding: gzip, x-gzip, deflate[\r][\n]"
21:30:09.909 [docker-java-stream--25612197] DEBUG com.github.dockerjava.zerodep.shaded.org.apache.hc.client5.http.wire - http-outgoing-0 >> "Host: localhost:2375[\r][\n]"
21:30:09.909 [docker-java-stream--25612197] DEBUG com.github.dockerjava.zerodep.shaded.org.apache.hc.client5.http.wire - http-outgoing-0 >> "Connection: keep-alive[\r][\n]"
21:30:09.909 [docker-java-stream--25612197] DEBUG com.github.dockerjava.zerodep.shaded.org.apache.hc.client5.http.wire - http-outgoing-0 >> "User-Agent: Apache-HttpClient/5.0.3 (Java/17)[\r][\n]"
21:30:09.909 [docker-java-stream--25612197] DEBUG com.github.dockerjava.zerodep.shaded.org.apache.hc.client5.http.wire - http-outgoing-0 >> "[\r][\n]"
21:30:10.219 [docker-java-stream--25612197] DEBUG com.github.dockerjava.zerodep.shaded.org.apache.hc.client5.http.wire - http-outgoing-0 << "HTTP/1.1 200 OK[\r][\n]"
21:30:10.219 [docker-java-stream--25612197] DEBUG com.github.dockerjava.zerodep.shaded.org.apache.hc.client5.http.wire - http-outgoing-0 << "Api-Version: 1.43[\r][\n]"
21:30:10.220 [docker-java-stream--25612197] DEBUG com.github.dockerjava.zerodep.shaded.org.apache.hc.client5.http.wire - http-outgoing-0 << "Content-Type: application/vnd.docker.raw-stream[\r][\n]"
21:30:10.220 [docker-java-stream--25612197] DEBUG com.github.dockerjava.zerodep.shaded.org.apache.hc.client5.http.wire - http-outgoing-0 << "Date: Tue, 26 Dec 2023 18:30:10 GMT[\r][\n]"
21:30:10.220 [docker-java-stream--25612197] DEBUG com.github.dockerjava.zerodep.shaded.org.apache.hc.client5.http.wire - http-outgoing-0 << "Docker-Experimental: false[\r][\n]"
21:30:10.220 [docker-java-stream--25612197] DEBUG com.github.dockerjava.zerodep.shaded.org.apache.hc.client5.http.wire - http-outgoing-0 << "Ostype: linux[\r][\n]"
21:30:10.220 [docker-java-stream--25612197] DEBUG com.github.dockerjava.zerodep.shaded.org.apache.hc.client5.http.wire - http-outgoing-0 << "Server: Docker/24.0.6 (linux)[\r][\n]"
21:30:10.220 [docker-java-stream--25612197] DEBUG com.github.dockerjava.zerodep.shaded.org.apache.hc.client5.http.wire - http-outgoing-0 << "Transfer-Encoding: chunked[\r][\n]"
21:30:10.220 [docker-java-stream--25612197] DEBUG com.github.dockerjava.zerodep.shaded.org.apache.hc.client5.http.wire - http-outgoing-0 << "[\r][\n]"
21:30:10.221 [docker-java-stream--25612197] DEBUG com.github.dockerjava.zerodep.shaded.org.apache.hc.client5.http.headers - http-outgoing-0 << HTTP/1.1 200 OK
21:30:10.221 [docker-java-stream--25612197] DEBUG com.github.dockerjava.zerodep.shaded.org.apache.hc.client5.http.headers - http-outgoing-0 << Api-Version: 1.43
21:30:10.222 [docker-java-stream--25612197] DEBUG com.github.dockerjava.zerodep.shaded.org.apache.hc.client5.http.headers - http-outgoing-0 << Content-Type: application/vnd.docker.raw-stream
21:30:10.222 [docker-java-stream--25612197] DEBUG com.github.dockerjava.zerodep.shaded.org.apache.hc.client5.http.headers - http-outgoing-0 << Date: Tue, 26 Dec 2023 18:30:10 GMT
21:30:10.222 [docker-java-stream--25612197] DEBUG com.github.dockerjava.zerodep.shaded.org.apache.hc.client5.http.headers - http-outgoing-0 << Docker-Experimental: false
21:30:10.222 [docker-java-stream--25612197] DEBUG com.github.dockerjava.zerodep.shaded.org.apache.hc.client5.http.headers - http-outgoing-0 << Ostype: linux
21:30:10.222 [docker-java-stream--25612197] DEBUG com.github.dockerjava.zerodep.shaded.org.apache.hc.client5.http.headers - http-outgoing-0 << Server: Docker/24.0.6 (linux)
21:30:10.222 [docker-java-stream--25612197] DEBUG com.github.dockerjava.zerodep.shaded.org.apache.hc.client5.http.headers - http-outgoing-0 << Transfer-Encoding: chunked
21:30:10.223 [docker-java-stream--25612197] DEBUG com.github.dockerjava.zerodep.shaded.org.apache.hc.client5.http.impl.classic.MainClientExec - ex-0000000D: connection can be kept alive for 3 MINUTES
21:30:10.309 [docker-java-stream--25612197] DEBUG com.github.dockerjava.zerodep.shaded.org.apache.hc.client5.http.wire - http-outgoing-0 << "c0[\r][\n]"
21:30:10.310 [docker-java-stream--25612197] DEBUG com.github.dockerjava.zerodep.shaded.org.apache.hc.client5.http.wire - http-outgoing-0 << "[0x2][0x0][0x0][0x0][0x0][0x0][0x0]&2023/12/26 18:29:36 Pinging Docker...[\n]"
21:30:10.310 [docker-java-stream--25612197] DEBUG com.github.dockerjava.zerodep.shaded.org.apache.hc.client5.http.wire - http-outgoing-0 << "[0x2][0x0][0x0][0x0][0x0][0x0][0x0]02023/12/26 18:29:36 Docker daemon is available![\n]"
21:30:10.310 [docker-java-stream--25612197] DEBUG com.github.dockerjava.zerodep.shaded.org.apache.hc.client5.http.wire - http-outgoing-0 << "[0x2][0x0][0x0][0x0][0x0][0x0][0x0]-2023/12/26 18:29:36 Starting on port 8080...[\n]"
21:30:10.310 [docker-java-stream--25612197] DEBUG com.github.dockerjava.zerodep.shaded.org.apache.hc.client5.http.wire - http-outgoing-0 << "[0x2][0x0][0x0][0x0][0x0][0x0][0x0][0x1d]2023/12/26 18:29:36 Started![\n]"
21:30:10.311 [docker-java-stream--25612197] DEBUG com.github.dockerjava.zerodep.shaded.org.apache.hc.client5.http.wire - http-outgoing-0 << "[\r][\n]"
21:30:10.719 [Test worker] DEBUG org.testcontainers.containers.output.WaitingConsumer - STDERR: 2023/12/26 18:29:36 Pinging Docker...
21:30:10.720 [Test worker] DEBUG org.testcontainers.containers.output.WaitingConsumer - STDERR: 2023/12/26 18:29:36 Started!
21:30:10.860 [Test worker] DEBUG com.github.dockerjava.zerodep.shaded.org.apache.hc.client5.http.impl.classic.InternalHttpClient - ep-0000000C: cancel
21:30:10.989 [Test worker] DEBUG com.github.dockerjava.zerodep.shaded.org.apache.hc.client5.http.impl.io.DefaultManagedHttpClientConnection - http-outgoing-0: close connection IMMEDIATE
21:30:11.714 [Test worker] DEBUG com.github.dockerjava.zerodep.shaded.org.apache.hc.client5.http.impl.classic.InternalHttpClient - ep-0000000C: endpoint closed
21:30:11.714 [Test worker] DEBUG com.github.dockerjava.zerodep.shaded.org.apache.hc.client5.http.impl.classic.InternalHttpClient - ep-0000000C: discarding endpoint
21:30:11.714 [Test worker] DEBUG com.github.dockerjava.zerodep.shaded.org.apache.hc.client5.http.impl.io.PoolingHttpClientConnectionManager - ep-0000000C: releasing endpoint
21:30:11.714 [Test worker] DEBUG com.github.dockerjava.zerodep.shaded.org.apache.hc.client5.http.impl.io.PoolingHttpClientConnectionManager - ep-0000000C: connection is not kept alive
21:30:11.734 [Test worker] DEBUG com.github.dockerjava.zerodep.shaded.org.apache.hc.client5.http.impl.io.PoolingHttpClientConnectionManager - ep-0000000C: connection released [route: {}->npipe://localhost:2375][total available: 0; route allocated: 0 of 2147483647; total allocated: 0 of 2147483647]
21:30:11.819 [docker-java-stream--25612197] DEBUG com.github.dockerjava.zerodep.shaded.org.apache.hc.client5.http.wire - http-outgoing-0 << "end of stream"
21:30:12.077 [Test worker] DEBUG com.github.dockerjava.zerodep.shaded.org.apache.hc.client5.http.wire - http-outgoing-0 << "[read] I/O error: java.nio.channels.ClosedChannelException"
21:30:12.131 [docker-java-stream--25612197] DEBUG com.github.dockerjava.zerodep.shaded.org.apache.hc.client5.http.wire - http-outgoing-0 << "[read] I/O error: java.nio.channels.ClosedChannelException"
21:30:12.322 [docker-java-stream--25612197] DEBUG com.github.dockerjava.zerodep.ApacheDockerHttpClientImpl$ApacheResponse - Failed to close the response
java.io.IOException: java.nio.channels.ClosedChannelException
	at java.base/java.nio.channels.Channels$2.read(Channels.java:240)
	at com.github.dockerjava.zerodep.shaded.org.apache.hc.client5.http.impl.io.LoggingInputStream.read(LoggingInputStream.java:81)
	at com.github.dockerjava.zerodep.shaded.org.apache.hc.core5.http.impl.io.SessionInputBufferImpl.fillBuffer(SessionInputBufferImpl.java:149)
	at com.github.dockerjava.zerodep.shaded.org.apache.hc.core5.http.impl.io.SessionInputBufferImpl.readLine(SessionInputBufferImpl.java:280)
	at com.github.dockerjava.zerodep.shaded.org.apache.hc.core5.http.impl.io.ChunkedInputStream.getChunkSize(ChunkedInputStream.java:261)
	at com.github.dockerjava.zerodep.shaded.org.apache.hc.core5.http.impl.io.ChunkedInputStream.nextChunk(ChunkedInputStream.java:222)
	at com.github.dockerjava.zerodep.shaded.org.apache.hc.core5.http.impl.io.ChunkedInputStream.read(ChunkedInputStream.java:147)
	at com.github.dockerjava.zerodep.shaded.org.apache.hc.core5.http.impl.io.ChunkedInputStream.close(ChunkedInputStream.java:314)
	at com.github.dockerjava.zerodep.shaded.org.apache.hc.core5.io.Closer.close(Closer.java:48)
	at com.github.dockerjava.zerodep.shaded.org.apache.hc.core5.http.impl.io.IncomingHttpEntity.close(IncomingHttpEntity.java:111)
	at com.github.dockerjava.zerodep.shaded.org.apache.hc.core5.http.io.entity.HttpEntityWrapper.close(HttpEntityWrapper.java:120)
	at com.github.dockerjava.zerodep.shaded.org.apache.hc.core5.io.Closer.close(Closer.java:48)
	at com.github.dockerjava.zerodep.shaded.org.apache.hc.core5.http.message.BasicClassicHttpResponse.close(BasicClassicHttpResponse.java:93)
	at com.github.dockerjava.zerodep.shaded.org.apache.hc.client5.http.impl.classic.CloseableHttpResponse.close(CloseableHttpResponse.java:200)
	at com.github.dockerjava.zerodep.ApacheDockerHttpClientImpl$ApacheResponse.close(ApacheDockerHttpClientImpl.java:256)
	at org.testcontainers.shaded.com.github.dockerjava.core.DefaultInvocationBuilder.lambda$executeAndStream$1(DefaultInvocationBuilder.java:277)
	at java.base/java.lang.Thread.run(Thread.java:833)
Caused by: java.nio.channels.ClosedChannelException: null
	at java.base/sun.nio.ch.WindowsAsynchronousFileChannelImpl.implRead(WindowsAsynchronousFileChannelImpl.java:516)
	at java.base/sun.nio.ch.AsynchronousFileChannelImpl.read(AsynchronousFileChannelImpl.java:229)
	at com.github.dockerjava.transport.NamedPipeSocket$AsynchronousFileByteChannel.read(NamedPipeSocket.java:117)
	at java.base/java.nio.channels.Channels$2.read(Channels.java:238)
	... 16 common frames omitted
21:30:12.391 [Test worker] DEBUG com.github.dockerjava.zerodep.ApacheDockerHttpClientImpl$ApacheResponse - Failed to close the response
java.io.IOException: java.nio.channels.ClosedChannelException
	at java.base/java.nio.channels.Channels$2.read(Channels.java:240)
	at com.github.dockerjava.zerodep.shaded.org.apache.hc.client5.http.impl.io.LoggingInputStream.read(LoggingInputStream.java:81)
	at com.github.dockerjava.zerodep.shaded.org.apache.hc.core5.http.impl.io.SessionInputBufferImpl.fillBuffer(SessionInputBufferImpl.java:149)
	at com.github.dockerjava.zerodep.shaded.org.apache.hc.core5.http.impl.io.SessionInputBufferImpl.readLine(SessionInputBufferImpl.java:280)
	at com.github.dockerjava.zerodep.shaded.org.apache.hc.core5.http.impl.io.ChunkedInputStream.getChunkSize(ChunkedInputStream.java:261)
	at com.github.dockerjava.zerodep.shaded.org.apache.hc.core5.http.impl.io.ChunkedInputStream.nextChunk(ChunkedInputStream.java:222)
	at com.github.dockerjava.zerodep.shaded.org.apache.hc.core5.http.impl.io.ChunkedInputStream.read(ChunkedInputStream.java:147)
	at com.github.dockerjava.zerodep.shaded.org.apache.hc.core5.http.impl.io.ChunkedInputStream.close(ChunkedInputStream.java:314)
	at com.github.dockerjava.zerodep.shaded.org.apache.hc.core5.io.Closer.close(Closer.java:48)
	at com.github.dockerjava.zerodep.shaded.org.apache.hc.core5.http.impl.io.IncomingHttpEntity.close(IncomingHttpEntity.java:111)
	at com.github.dockerjava.zerodep.shaded.org.apache.hc.core5.http.io.entity.HttpEntityWrapper.close(HttpEntityWrapper.java:120)
	at com.github.dockerjava.zerodep.shaded.org.apache.hc.core5.io.Closer.close(Closer.java:48)
	at com.github.dockerjava.zerodep.shaded.org.apache.hc.core5.http.message.BasicClassicHttpResponse.close(BasicClassicHttpResponse.java:93)
	at com.github.dockerjava.zerodep.shaded.org.apache.hc.client5.http.impl.classic.CloseableHttpResponse.close(CloseableHttpResponse.java:200)
	at com.github.dockerjava.zerodep.ApacheDockerHttpClientImpl$ApacheResponse.close(ApacheDockerHttpClientImpl.java:256)
	at org.testcontainers.shaded.com.github.dockerjava.core.DefaultInvocationBuilder.lambda$null$0(DefaultInvocationBuilder.java:272)
	at com.github.dockerjava.api.async.ResultCallbackTemplate.close(ResultCallbackTemplate.java:77)
	at org.testcontainers.containers.output.FrameConsumerResultCallback.close(FrameConsumerResultCallback.java:69)
	at org.testcontainers.containers.wait.strategy.LogMessageWaitStrategy.waitUntilReady(LogMessageWaitStrategy.java:49)
	at org.testcontainers.containers.wait.strategy.AbstractWaitStrategy.waitUntilReady(AbstractWaitStrategy.java:52)
	at org.testcontainers.containers.GenericContainer.waitUntilContainerStarted(GenericContainer.java:964)
	at org.testcontainers.containers.GenericContainer.tryStart(GenericContainer.java:490)
	at org.testcontainers.containers.GenericContainer.lambda$doStart$0(GenericContainer.java:344)
	at org.rnorth.ducttape.unreliables.Unreliables.retryUntilSuccess(Unreliables.java:81)
	at org.testcontainers.containers.GenericContainer.doStart(GenericContainer.java:334)
	at org.testcontainers.containers.GenericContainer.start(GenericContainer.java:322)
	at org.testcontainers.utility.RyukResourceReaper.maybeStart(RyukResourceReaper.java:78)
	at org.testcontainers.utility.RyukResourceReaper.init(RyukResourceReaper.java:42)
	at org.testcontainers.DockerClientFactory.client(DockerClientFactory.java:229)
	at org.testcontainers.DockerClientFactory$1.getDockerClient(DockerClientFactory.java:104)
	at com.github.dockerjava.api.DockerClientDelegate.authConfig(DockerClientDelegate.java:109)
	at org.testcontainers.containers.GenericContainer.start(GenericContainer.java:321)
	at com.dmdev.spring.integration.IntegrationTestBase.runContainer(IntegrationTestBase.java:18)
	at java.base/jdk.internal.reflect.NativeMethodAccessorImpl.invoke0(Native Method)
	at java.base/jdk.internal.reflect.NativeMethodAccessorImpl.invoke(NativeMethodAccessorImpl.java:77)
	at java.base/jdk.internal.reflect.DelegatingMethodAccessorImpl.invoke(DelegatingMethodAccessorImpl.java:43)
	at java.base/java.lang.reflect.Method.invoke(Method.java:568)
	at org.junit.platform.commons.util.ReflectionUtils.invokeMethod(ReflectionUtils.java:725)
	at org.junit.jupiter.engine.execution.MethodInvocation.proceed(MethodInvocation.java:60)
	at org.junit.jupiter.engine.execution.InvocationInterceptorChain$ValidatingInvocation.proceed(InvocationInterceptorChain.java:131)
	at org.junit.jupiter.engine.extension.TimeoutExtension.intercept(TimeoutExtension.java:149)
	at org.junit.jupiter.engine.extension.TimeoutExtension.interceptLifecycleMethod(TimeoutExtension.java:126)
	at org.junit.jupiter.engine.extension.TimeoutExtension.interceptBeforeAllMethod(TimeoutExtension.java:68)
	at org.junit.jupiter.engine.execution.ExecutableInvoker$ReflectiveInterceptorCall.lambda$ofVoidMethod$0(ExecutableInvoker.java:115)
	at org.junit.jupiter.engine.execution.ExecutableInvoker.lambda$invoke$0(ExecutableInvoker.java:105)
	at org.junit.jupiter.engine.execution.InvocationInterceptorChain$InterceptedInvocation.proceed(InvocationInterceptorChain.java:106)
	at org.junit.jupiter.engine.execution.InvocationInterceptorChain.proceed(InvocationInterceptorChain.java:64)
	at org.junit.jupiter.engine.execution.InvocationInterceptorChain.chainAndInvoke(InvocationInterceptorChain.java:45)
	at org.junit.jupiter.engine.execution.InvocationInterceptorChain.invoke(InvocationInterceptorChain.java:37)
	at org.junit.jupiter.engine.execution.ExecutableInvoker.invoke(ExecutableInvoker.java:104)
	at org.junit.jupiter.engine.execution.ExecutableInvoker.invoke(ExecutableInvoker.java:98)
	at org.junit.jupiter.engine.descriptor.ClassBasedTestDescriptor.lambda$invokeBeforeAllMethods$11(ClassBasedTestDescriptor.java:397)
	at org.junit.platform.engine.support.hierarchical.ThrowableCollector.execute(ThrowableCollector.java:73)
	at org.junit.jupiter.engine.descriptor.ClassBasedTestDescriptor.invokeBeforeAllMethods(ClassBasedTestDescriptor.java:395)
	at org.junit.jupiter.engine.descriptor.ClassBasedTestDescriptor.before(ClassBasedTestDescriptor.java:209)
	at org.junit.jupiter.engine.descriptor.ClassBasedTestDescriptor.before(ClassBasedTestDescriptor.java:80)
	at org.junit.platform.engine.support.hierarchical.NodeTestTask.lambda$executeRecursively$6(NodeTestTask.java:148)
	at org.junit.platform.engine.support.hierarchical.ThrowableCollector.execute(ThrowableCollector.java:73)
	at org.junit.platform.engine.support.hierarchical.NodeTestTask.lambda$executeRecursively$8(NodeTestTask.java:141)
	at org.junit.platform.engine.support.hierarchical.Node.around(Node.java:137)
	at org.junit.platform.engine.support.hierarchical.NodeTestTask.lambda$executeRecursively$9(NodeTestTask.java:139)
	at org.junit.platform.engine.support.hierarchical.ThrowableCollector.execute(ThrowableCollector.java:73)
	at org.junit.platform.engine.support.hierarchical.NodeTestTask.executeRecursively(NodeTestTask.java:138)
	at org.junit.platform.engine.support.hierarchical.NodeTestTask.execute(NodeTestTask.java:95)
	at java.base/java.util.ArrayList.forEach(ArrayList.java:1511)
	at org.junit.platform.engine.support.hierarchical.SameThreadHierarchicalTestExecutorService.invokeAll(SameThreadHierarchicalTestExecutorService.java:41)
	at org.junit.platform.engine.support.hierarchical.NodeTestTask.lambda$executeRecursively$6(NodeTestTask.java:155)
	at org.junit.platform.engine.support.hierarchical.ThrowableCollector.execute(ThrowableCollector.java:73)
	at org.junit.platform.engine.support.hierarchical.NodeTestTask.lambda$executeRecursively$8(NodeTestTask.java:141)
	at org.junit.platform.engine.support.hierarchical.Node.around(Node.java:137)
	at org.junit.platform.engine.support.hierarchical.NodeTestTask.lambda$executeRecursively$9(NodeTestTask.java:139)
	at org.junit.platform.engine.support.hierarchical.ThrowableCollector.execute(ThrowableCollector.java:73)
	at org.junit.platform.engine.support.hierarchical.NodeTestTask.executeRecursively(NodeTestTask.java:138)
	at org.junit.platform.engine.support.hierarchical.NodeTestTask.execute(NodeTestTask.java:95)
	at org.junit.platform.engine.support.hierarchical.SameThreadHierarchicalTestExecutorService.submit(SameThreadHierarchicalTestExecutorService.java:35)
	at org.junit.platform.engine.support.hierarchical.HierarchicalTestExecutor.execute(HierarchicalTestExecutor.java:57)
	at org.junit.platform.engine.support.hierarchical.HierarchicalTestEngine.execute(HierarchicalTestEngine.java:54)
	at org.junit.platform.launcher.core.EngineExecutionOrchestrator.execute(EngineExecutionOrchestrator.java:108)
	at org.junit.platform.launcher.core.EngineExecutionOrchestrator.execute(EngineExecutionOrchestrator.java:88)
	at org.junit.platform.launcher.core.EngineExecutionOrchestrator.lambda$execute$0(EngineExecutionOrchestrator.java:54)
	at org.junit.platform.launcher.core.EngineExecutionOrchestrator.withInterceptedStreams(EngineExecutionOrchestrator.java:67)
	at org.junit.platform.launcher.core.EngineExecutionOrchestrator.execute(EngineExecutionOrchestrator.java:52)
	at org.junit.platform.launcher.core.DefaultLauncher.execute(DefaultLauncher.java:96)
	at org.junit.platform.launcher.core.DefaultLauncher.execute(DefaultLauncher.java:75)
	at org.gradle.api.internal.tasks.testing.junitplatform.JUnitPlatformTestClassProcessor$CollectAllTestClassesExecutor.processAllTestClasses(JUnitPlatformTestClassProcessor.java:99)
	at org.gradle.api.internal.tasks.testing.junitplatform.JUnitPlatformTestClassProcessor$CollectAllTestClassesExecutor.access$000(JUnitPlatformTestClassProcessor.java:79)
	at org.gradle.api.internal.tasks.testing.junitplatform.JUnitPlatformTestClassProcessor.stop(JUnitPlatformTestClassProcessor.java:75)
	at org.gradle.api.internal.tasks.testing.SuiteTestClassProcessor.stop(SuiteTestClassProcessor.java:61)
	at java.base/jdk.internal.reflect.NativeMethodAccessorImpl.invoke0(Native Method)
	at java.base/jdk.internal.reflect.NativeMethodAccessorImpl.invoke(NativeMethodAccessorImpl.java:77)
	at java.base/jdk.internal.reflect.DelegatingMethodAccessorImpl.invoke(DelegatingMethodAccessorImpl.java:43)
	at java.base/java.lang.reflect.Method.invoke(Method.java:568)
	at org.gradle.internal.dispatch.ReflectionDispatch.dispatch(ReflectionDispatch.java:36)
	at org.gradle.internal.dispatch.ReflectionDispatch.dispatch(ReflectionDispatch.java:24)
	at org.gradle.internal.dispatch.ContextClassLoaderDispatch.dispatch(ContextClassLoaderDispatch.java:33)
	at org.gradle.internal.dispatch.ProxyDispatchAdapter$DispatchingInvocationHandler.invoke(ProxyDispatchAdapter.java:94)
	at jdk.proxy1/jdk.proxy1.$Proxy2.stop(Unknown Source)
	at org.gradle.api.internal.tasks.testing.worker.TestWorker$3.run(TestWorker.java:193)
	at org.gradle.api.internal.tasks.testing.worker.TestWorker.executeAndMaintainThreadName(TestWorker.java:129)
	at org.gradle.api.internal.tasks.testing.worker.TestWorker.execute(TestWorker.java:100)
	at org.gradle.api.internal.tasks.testing.worker.TestWorker.execute(TestWorker.java:60)
	at org.gradle.process.internal.worker.child.ActionExecutionWorker.execute(ActionExecutionWorker.java:56)
	at org.gradle.process.internal.worker.child.SystemApplicationClassLoaderWorker.call(SystemApplicationClassLoaderWorker.java:133)
	at org.gradle.process.internal.worker.child.SystemApplicationClassLoaderWorker.call(SystemApplicationClassLoaderWorker.java:71)
	at worker.org.gradle.process.internal.worker.GradleWorkerMain.run(GradleWorkerMain.java:69)
	at worker.org.gradle.process.internal.worker.GradleWorkerMain.main(GradleWorkerMain.java:74)
Caused by: java.nio.channels.ClosedChannelException: null
	at java.base/sun.nio.ch.WindowsAsynchronousFileChannelImpl.implRead(WindowsAsynchronousFileChannelImpl.java:516)
	at java.base/sun.nio.ch.AsynchronousFileChannelImpl.read(AsynchronousFileChannelImpl.java:229)
	at com.github.dockerjava.transport.NamedPipeSocket$AsynchronousFileByteChannel.read(NamedPipeSocket.java:117)
	at java.base/java.nio.channels.Channels$2.read(Channels.java:238)
	... 105 common frames omitted
21:30:12.503 [Test worker] INFO tc.testcontainers/ryuk:0.5.1 - Container testcontainers/ryuk:0.5.1 started in PT8M25.267232S
21:30:14.673 [testcontainers-ryuk] DEBUG org.testcontainers.utility.ResourceReaper - Sending 'label=org.testcontainers%3Dtrue&label=org.testcontainers.lang%3Djava&label=org.testcontainers.version%3D1.18.3&label=org.testcontainers.sessionId%3D029223a2-cbcc-4152-a4af-44e10b2f5a25' to Ryuk
21:30:17.321 [testcontainers-ryuk] DEBUG org.testcontainers.utility.RyukResourceReaper - Received 'ACK' from Ryuk
21:30:17.321 [Test worker] INFO org.testcontainers.utility.RyukResourceReaper - Ryuk started - will monitor and terminate Testcontainers containers on JVM exit
21:30:17.335 [Test worker] DEBUG org.testcontainers.DockerClientFactory - Checks are enabled
21:30:17.335 [Test worker] INFO org.testcontainers.DockerClientFactory - Checking the system...
21:30:17.473 [Test worker] INFO org.testcontainers.DockerClientFactory - ?? Docker server version should be at least 1.6.0
21:30:17.660 [Test worker] DEBUG org.testcontainers.utility.PrefixingImageNameSubstitutor - No prefix is configured
21:30:17.660 [Test worker] DEBUG org.testcontainers.utility.ImageNameSubstitutor - Did not find a substitute image for postgres:16.1 (using image substitutor: DefaultImageNameSubstitutor (composite of 'ConfigurationFileImageNameSubstitutor' and 'PrefixingImageNameSubstitutor'))
21:30:17.780 [Test worker] DEBUG tc.postgres:16.1 - postgres:16.1 is not in image name cache, updating...
21:30:17.780 [Test worker] DEBUG org.testcontainers.shaded.com.github.dockerjava.core.command.AbstrDockerCmd - Cmd: postgres:16.1
21:30:17.783 [Test worker] DEBUG com.github.dockerjava.zerodep.shaded.org.apache.hc.client5.http.impl.classic.InternalHttpClient - ex-0000000E: preparing request execution
21:30:17.809 [Test worker] DEBUG com.github.dockerjava.zerodep.shaded.org.apache.hc.client5.http.protocol.RequestAddCookies - Cookie spec selected: strict
21:30:17.809 [Test worker] DEBUG com.github.dockerjava.zerodep.shaded.org.apache.hc.client5.http.protocol.RequestAuthCache - Auth cache not set in the context
21:30:17.810 [Test worker] DEBUG com.github.dockerjava.zerodep.shaded.org.apache.hc.client5.http.impl.classic.ProtocolExec - ex-0000000E: target auth state: UNCHALLENGED
21:30:17.810 [Test worker] DEBUG com.github.dockerjava.zerodep.shaded.org.apache.hc.client5.http.impl.classic.ProtocolExec - ex-0000000E: proxy auth state: UNCHALLENGED
21:30:17.810 [Test worker] DEBUG com.github.dockerjava.zerodep.shaded.org.apache.hc.client5.http.impl.classic.ConnectExec - ex-0000000E: acquiring connection with route {}->npipe://localhost:2375
21:30:17.810 [Test worker] DEBUG com.github.dockerjava.zerodep.shaded.org.apache.hc.client5.http.impl.classic.InternalHttpClient - ex-0000000E: acquiring endpoint (3 MINUTES)
21:30:17.811 [Test worker] DEBUG com.github.dockerjava.zerodep.shaded.org.apache.hc.client5.http.impl.io.PoolingHttpClientConnectionManager - ex-0000000E: endpoint lease request (3 MINUTES) [route: {}->npipe://localhost:2375][total available: 0; route allocated: 0 of 2147483647; total allocated: 0 of 2147483647]
21:30:17.812 [Test worker] DEBUG com.github.dockerjava.zerodep.shaded.org.apache.hc.client5.http.impl.io.PoolingHttpClientConnectionManager - ex-0000000E: endpoint leased [route: {}->npipe://localhost:2375][total available: 0; route allocated: 1 of 2147483647; total allocated: 1 of 2147483647]
21:30:17.814 [Test worker] DEBUG com.github.dockerjava.zerodep.shaded.org.apache.hc.client5.http.impl.io.PoolingHttpClientConnectionManager - ex-0000000E: acquired ep-0000000D
21:30:17.814 [Test worker] DEBUG com.github.dockerjava.zerodep.shaded.org.apache.hc.client5.http.impl.classic.InternalHttpClient - ex-0000000E: acquired endpoint ep-0000000D
21:30:17.814 [Test worker] DEBUG com.github.dockerjava.zerodep.shaded.org.apache.hc.client5.http.impl.classic.ConnectExec - ex-0000000E: opening connection {}->npipe://localhost:2375
21:30:17.847 [Test worker] DEBUG com.github.dockerjava.zerodep.shaded.org.apache.hc.client5.http.impl.classic.InternalHttpClient - ep-0000000D: connecting endpoint (3 MINUTES)
21:30:17.847 [Test worker] DEBUG com.github.dockerjava.zerodep.shaded.org.apache.hc.client5.http.impl.io.PoolingHttpClientConnectionManager - ep-0000000D: connecting endpoint to npipe://localhost:2375 (3 MINUTES)
21:30:17.848 [Test worker] DEBUG com.github.dockerjava.zerodep.shaded.org.apache.hc.client5.http.impl.io.DefaultHttpClientConnectionOperator - http-outgoing-1: connecting to localhost/127.0.0.1:2375
21:30:18.075 [Test worker] DEBUG com.github.dockerjava.zerodep.shaded.org.apache.hc.client5.http.impl.io.DefaultHttpClientConnectionOperator - http-outgoing-1: connection established 
21:30:18.075 [Test worker] DEBUG com.github.dockerjava.zerodep.shaded.org.apache.hc.client5.http.impl.io.PoolingHttpClientConnectionManager - ep-0000000D: connected http-outgoing-1
21:30:18.076 [Test worker] DEBUG com.github.dockerjava.zerodep.shaded.org.apache.hc.client5.http.impl.classic.InternalHttpClient - ep-0000000D: endpoint connected
21:30:18.076 [Test worker] DEBUG com.github.dockerjava.zerodep.shaded.org.apache.hc.client5.http.impl.classic.MainClientExec - ex-0000000E: executing GET /v1.32/images/postgres:16.1/json HTTP/1.1
21:30:18.076 [Test worker] DEBUG com.github.dockerjava.zerodep.shaded.org.apache.hc.client5.http.impl.classic.InternalHttpClient - ep-0000000D: start execution ex-0000000E
21:30:18.076 [Test worker] DEBUG com.github.dockerjava.zerodep.shaded.org.apache.hc.client5.http.impl.io.PoolingHttpClientConnectionManager - ep-0000000D: executing exchange ex-0000000E over http-outgoing-1
21:30:18.076 [Test worker] DEBUG com.github.dockerjava.zerodep.shaded.org.apache.hc.client5.http.headers - http-outgoing-1 >> GET /v1.32/images/postgres:16.1/json HTTP/1.1
21:30:18.076 [Test worker] DEBUG com.github.dockerjava.zerodep.shaded.org.apache.hc.client5.http.headers - http-outgoing-1 >> accept: application/json
21:30:18.076 [Test worker] DEBUG com.github.dockerjava.zerodep.shaded.org.apache.hc.client5.http.headers - http-outgoing-1 >> x-tc-sid: 029223a2-cbcc-4152-a4af-44e10b2f5a25
21:30:18.076 [Test worker] DEBUG com.github.dockerjava.zerodep.shaded.org.apache.hc.client5.http.headers - http-outgoing-1 >> Accept-Encoding: gzip, x-gzip, deflate
21:30:18.131 [Test worker] DEBUG com.github.dockerjava.zerodep.shaded.org.apache.hc.client5.http.headers - http-outgoing-1 >> Host: localhost:2375
21:30:18.131 [Test worker] DEBUG com.github.dockerjava.zerodep.shaded.org.apache.hc.client5.http.headers - http-outgoing-1 >> Connection: keep-alive
21:30:18.131 [Test worker] DEBUG com.github.dockerjava.zerodep.shaded.org.apache.hc.client5.http.headers - http-outgoing-1 >> User-Agent: Apache-HttpClient/5.0.3 (Java/17)
21:30:18.131 [Test worker] DEBUG com.github.dockerjava.zerodep.shaded.org.apache.hc.client5.http.wire - http-outgoing-1 >> "GET /v1.32/images/postgres:16.1/json HTTP/1.1[\r][\n]"
21:30:18.131 [Test worker] DEBUG com.github.dockerjava.zerodep.shaded.org.apache.hc.client5.http.wire - http-outgoing-1 >> "accept: application/json[\r][\n]"
21:30:18.131 [Test worker] DEBUG com.github.dockerjava.zerodep.shaded.org.apache.hc.client5.http.wire - http-outgoing-1 >> "x-tc-sid: 029223a2-cbcc-4152-a4af-44e10b2f5a25[\r][\n]"
21:30:18.152 [Test worker] DEBUG com.github.dockerjava.zerodep.shaded.org.apache.hc.client5.http.wire - http-outgoing-1 >> "Accept-Encoding: gzip, x-gzip, deflate[\r][\n]"
21:30:18.152 [Test worker] DEBUG com.github.dockerjava.zerodep.shaded.org.apache.hc.client5.http.wire - http-outgoing-1 >> "Host: localhost:2375[\r][\n]"
21:30:18.152 [Test worker] DEBUG com.github.dockerjava.zerodep.shaded.org.apache.hc.client5.http.wire - http-outgoing-1 >> "Connection: keep-alive[\r][\n]"
21:30:18.152 [Test worker] DEBUG com.github.dockerjava.zerodep.shaded.org.apache.hc.client5.http.wire - http-outgoing-1 >> "User-Agent: Apache-HttpClient/5.0.3 (Java/17)[\r][\n]"
21:30:18.152 [Test worker] DEBUG com.github.dockerjava.zerodep.shaded.org.apache.hc.client5.http.wire - http-outgoing-1 >> "[\r][\n]"
21:30:18.229 [Test worker] DEBUG com.github.dockerjava.zerodep.shaded.org.apache.hc.client5.http.wire - http-outgoing-1 << "HTTP/1.1 404 Not Found[\r][\n]"
21:30:18.229 [Test worker] DEBUG com.github.dockerjava.zerodep.shaded.org.apache.hc.client5.http.wire - http-outgoing-1 << "Api-Version: 1.43[\r][\n]"
21:30:18.230 [Test worker] DEBUG com.github.dockerjava.zerodep.shaded.org.apache.hc.client5.http.wire - http-outgoing-1 << "Content-Type: application/json[\r][\n]"
21:30:18.230 [Test worker] DEBUG com.github.dockerjava.zerodep.shaded.org.apache.hc.client5.http.wire - http-outgoing-1 << "Date: Tue, 26 Dec 2023 18:30:18 GMT[\r][\n]"
21:30:18.230 [Test worker] DEBUG com.github.dockerjava.zerodep.shaded.org.apache.hc.client5.http.wire - http-outgoing-1 << "Docker-Experimental: false[\r][\n]"
21:30:18.230 [Test worker] DEBUG com.github.dockerjava.zerodep.shaded.org.apache.hc.client5.http.wire - http-outgoing-1 << "Ostype: linux[\r][\n]"
21:30:18.230 [Test worker] DEBUG com.github.dockerjava.zerodep.shaded.org.apache.hc.client5.http.wire - http-outgoing-1 << "Server: Docker/24.0.6 (linux)[\r][\n]"
21:30:18.230 [Test worker] DEBUG com.github.dockerjava.zerodep.shaded.org.apache.hc.client5.http.wire - http-outgoing-1 << "Transfer-Encoding: chunked[\r][\n]"
21:30:18.230 [Test worker] DEBUG com.github.dockerjava.zerodep.shaded.org.apache.hc.client5.http.wire - http-outgoing-1 << "[\r][\n]"
21:30:18.230 [Test worker] DEBUG com.github.dockerjava.zerodep.shaded.org.apache.hc.client5.http.headers - http-outgoing-1 << HTTP/1.1 404 Not Found
21:30:18.230 [Test worker] DEBUG com.github.dockerjava.zerodep.shaded.org.apache.hc.client5.http.headers - http-outgoing-1 << Api-Version: 1.43
21:30:18.230 [Test worker] DEBUG com.github.dockerjava.zerodep.shaded.org.apache.hc.client5.http.headers - http-outgoing-1 << Content-Type: application/json
21:30:18.230 [Test worker] DEBUG com.github.dockerjava.zerodep.shaded.org.apache.hc.client5.http.headers - http-outgoing-1 << Date: Tue, 26 Dec 2023 18:30:18 GMT
21:30:18.230 [Test worker] DEBUG com.github.dockerjava.zerodep.shaded.org.apache.hc.client5.http.headers - http-outgoing-1 << Docker-Experimental: false
21:30:18.231 [Test worker] DEBUG com.github.dockerjava.zerodep.shaded.org.apache.hc.client5.http.headers - http-outgoing-1 << Ostype: linux
21:30:18.231 [Test worker] DEBUG com.github.dockerjava.zerodep.shaded.org.apache.hc.client5.http.headers - http-outgoing-1 << Server: Docker/24.0.6 (linux)
21:30:18.231 [Test worker] DEBUG com.github.dockerjava.zerodep.shaded.org.apache.hc.client5.http.headers - http-outgoing-1 << Transfer-Encoding: chunked
21:30:18.231 [Test worker] DEBUG com.github.dockerjava.zerodep.shaded.org.apache.hc.client5.http.impl.classic.MainClientExec - ex-0000000E: connection can be kept alive for 3 MINUTES
21:30:18.323 [Test worker] DEBUG com.github.dockerjava.zerodep.shaded.org.apache.hc.client5.http.wire - http-outgoing-1 << "2b[\r][\n]"
21:30:18.323 [Test worker] DEBUG com.github.dockerjava.zerodep.shaded.org.apache.hc.client5.http.wire - http-outgoing-1 << "{"message":"No such image: postgres:16.1"}[\n]"
21:30:18.323 [Test worker] DEBUG com.github.dockerjava.zerodep.shaded.org.apache.hc.client5.http.wire - http-outgoing-1 << "[\r][\n]"
21:30:18.323 [Test worker] DEBUG com.github.dockerjava.zerodep.shaded.org.apache.hc.client5.http.wire - http-outgoing-1 << "0[\r][\n]"
21:30:18.323 [Test worker] DEBUG com.github.dockerjava.zerodep.shaded.org.apache.hc.client5.http.wire - http-outgoing-1 << "[\r][\n]"
21:30:18.344 [Test worker] DEBUG com.github.dockerjava.zerodep.shaded.org.apache.hc.client5.http.impl.classic.InternalHttpClient - ep-0000000D: releasing valid endpoint
21:30:18.344 [Test worker] DEBUG com.github.dockerjava.zerodep.shaded.org.apache.hc.client5.http.impl.io.PoolingHttpClientConnectionManager - ep-0000000D: releasing endpoint
21:30:18.345 [Test worker] DEBUG com.github.dockerjava.zerodep.shaded.org.apache.hc.client5.http.impl.io.PoolingHttpClientConnectionManager - ep-0000000D: connection http-outgoing-1 can be kept alive for 3 MINUTES
21:30:18.345 [Test worker] DEBUG com.github.dockerjava.zerodep.shaded.org.apache.hc.client5.http.impl.io.PoolingHttpClientConnectionManager - ep-0000000D: connection released [route: {}->npipe://localhost:2375][total available: 1; route allocated: 1 of 2147483647; total allocated: 1 of 2147483647]
21:30:18.347 [Test worker] DEBUG org.testcontainers.images.AbstractImagePullPolicy - Not available locally, should pull image: postgres:16.1
21:30:18.347 [Test worker] INFO tc.postgres:16.1 - Pulling docker image: postgres:16.1. Please be patient; this may take some time but only needs to be done once.
21:30:18.464 [Test worker] DEBUG org.testcontainers.utility.RegistryAuthLocator - Looking up auth config for image: postgres:latest at registry: https://index.docker.io/v1/
21:30:18.539 [Test worker] DEBUG org.testcontainers.utility.RegistryAuthLocator - No matching Auth Configs - falling back to defaultAuthConfig [null]
21:30:18.539 [Test worker] DEBUG org.testcontainers.dockerclient.AuthDelegatingDockerClientConfig - Effective auth config [null]
21:30:18.595 [docker-java-stream--2064336329] DEBUG com.github.dockerjava.zerodep.shaded.org.apache.hc.client5.http.impl.classic.InternalHttpClient - ex-0000000F: preparing request execution
21:30:18.622 [docker-java-stream--2064336329] DEBUG com.github.dockerjava.zerodep.shaded.org.apache.hc.client5.http.protocol.RequestAddCookies - Cookie spec selected: strict
21:30:18.622 [docker-java-stream--2064336329] DEBUG com.github.dockerjava.zerodep.shaded.org.apache.hc.client5.http.protocol.RequestAuthCache - Auth cache not set in the context
21:30:18.622 [docker-java-stream--2064336329] DEBUG com.github.dockerjava.zerodep.shaded.org.apache.hc.client5.http.impl.classic.ProtocolExec - ex-0000000F: target auth state: UNCHALLENGED
21:30:18.622 [docker-java-stream--2064336329] DEBUG com.github.dockerjava.zerodep.shaded.org.apache.hc.client5.http.impl.classic.ProtocolExec - ex-0000000F: proxy auth state: UNCHALLENGED
21:30:18.622 [docker-java-stream--2064336329] DEBUG com.github.dockerjava.zerodep.shaded.org.apache.hc.client5.http.impl.classic.ConnectExec - ex-0000000F: acquiring connection with route {}->npipe://localhost:2375
21:30:18.622 [docker-java-stream--2064336329] DEBUG com.github.dockerjava.zerodep.shaded.org.apache.hc.client5.http.impl.classic.InternalHttpClient - ex-0000000F: acquiring endpoint (3 MINUTES)
21:30:18.623 [docker-java-stream--2064336329] DEBUG com.github.dockerjava.zerodep.shaded.org.apache.hc.client5.http.impl.io.PoolingHttpClientConnectionManager - ex-0000000F: endpoint lease request (3 MINUTES) [route: {}->npipe://localhost:2375][total available: 1; route allocated: 1 of 2147483647; total allocated: 1 of 2147483647]
21:30:18.623 [docker-java-stream--2064336329] DEBUG com.github.dockerjava.zerodep.shaded.org.apache.hc.client5.http.impl.io.PoolingHttpClientConnectionManager - ex-0000000F: endpoint leased [route: {}->npipe://localhost:2375][total available: 0; route allocated: 1 of 2147483647; total allocated: 1 of 2147483647]
21:30:18.623 [docker-java-stream--2064336329] DEBUG com.github.dockerjava.zerodep.shaded.org.apache.hc.client5.http.impl.io.PoolingHttpClientConnectionManager - ex-0000000F: acquired ep-0000000E
21:30:18.624 [docker-java-stream--2064336329] DEBUG com.github.dockerjava.zerodep.shaded.org.apache.hc.client5.http.impl.classic.InternalHttpClient - ex-0000000F: acquired endpoint ep-0000000E
21:30:18.624 [docker-java-stream--2064336329] DEBUG com.github.dockerjava.zerodep.shaded.org.apache.hc.client5.http.impl.classic.MainClientExec - ex-0000000F: executing POST /v1.32/images/create?fromImage=postgres&tag=16.1 HTTP/1.1
21:30:18.624 [docker-java-stream--2064336329] DEBUG com.github.dockerjava.zerodep.shaded.org.apache.hc.client5.http.impl.classic.InternalHttpClient - ep-0000000E: start execution ex-0000000F
21:30:18.624 [docker-java-stream--2064336329] DEBUG com.github.dockerjava.zerodep.shaded.org.apache.hc.client5.http.impl.io.PoolingHttpClientConnectionManager - ep-0000000E: executing exchange ex-0000000F over http-outgoing-1
21:30:18.624 [docker-java-stream--2064336329] DEBUG com.github.dockerjava.zerodep.shaded.org.apache.hc.client5.http.headers - http-outgoing-1 >> POST /v1.32/images/create?fromImage=postgres&tag=16.1 HTTP/1.1
21:30:18.625 [docker-java-stream--2064336329] DEBUG com.github.dockerjava.zerodep.shaded.org.apache.hc.client5.http.headers - http-outgoing-1 >> accept: application/octet-stream
21:30:18.625 [docker-java-stream--2064336329] DEBUG com.github.dockerjava.zerodep.shaded.org.apache.hc.client5.http.headers - http-outgoing-1 >> content-type: application/json
21:30:18.625 [docker-java-stream--2064336329] DEBUG com.github.dockerjava.zerodep.shaded.org.apache.hc.client5.http.headers - http-outgoing-1 >> x-tc-sid: 029223a2-cbcc-4152-a4af-44e10b2f5a25
21:30:18.625 [docker-java-stream--2064336329] DEBUG com.github.dockerjava.zerodep.shaded.org.apache.hc.client5.http.headers - http-outgoing-1 >> Accept-Encoding: gzip, x-gzip, deflate
21:30:18.625 [docker-java-stream--2064336329] DEBUG com.github.dockerjava.zerodep.shaded.org.apache.hc.client5.http.headers - http-outgoing-1 >> Host: localhost:2375
21:30:18.625 [docker-java-stream--2064336329] DEBUG com.github.dockerjava.zerodep.shaded.org.apache.hc.client5.http.headers - http-outgoing-1 >> Connection: keep-alive
21:30:18.625 [docker-java-stream--2064336329] DEBUG com.github.dockerjava.zerodep.shaded.org.apache.hc.client5.http.headers - http-outgoing-1 >> User-Agent: Apache-HttpClient/5.0.3 (Java/17)
21:30:18.625 [docker-java-stream--2064336329] DEBUG com.github.dockerjava.zerodep.shaded.org.apache.hc.client5.http.wire - http-outgoing-1 >> "POST /v1.32/images/create?fromImage=postgres&tag=16.1 HTTP/1.1[\r][\n]"
21:30:18.625 [docker-java-stream--2064336329] DEBUG com.github.dockerjava.zerodep.shaded.org.apache.hc.client5.http.wire - http-outgoing-1 >> "accept: application/octet-stream[\r][\n]"
21:30:18.625 [docker-java-stream--2064336329] DEBUG com.github.dockerjava.zerodep.shaded.org.apache.hc.client5.http.wire - http-outgoing-1 >> "content-type: application/json[\r][\n]"
21:30:18.625 [docker-java-stream--2064336329] DEBUG com.github.dockerjava.zerodep.shaded.org.apache.hc.client5.http.wire - http-outgoing-1 >> "x-tc-sid: 029223a2-cbcc-4152-a4af-44e10b2f5a25[\r][\n]"
21:30:18.625 [docker-java-stream--2064336329] DEBUG com.github.dockerjava.zerodep.shaded.org.apache.hc.client5.http.wire - http-outgoing-1 >> "Accept-Encoding: gzip, x-gzip, deflate[\r][\n]"
21:30:18.625 [docker-java-stream--2064336329] DEBUG com.github.dockerjava.zerodep.shaded.org.apache.hc.client5.http.wire - http-outgoing-1 >> "Host: localhost:2375[\r][\n]"
21:30:18.625 [docker-java-stream--2064336329] DEBUG com.github.dockerjava.zerodep.shaded.org.apache.hc.client5.http.wire - http-outgoing-1 >> "Connection: keep-alive[\r][\n]"
21:30:18.625 [docker-java-stream--2064336329] DEBUG com.github.dockerjava.zerodep.shaded.org.apache.hc.client5.http.wire - http-outgoing-1 >> "User-Agent: Apache-HttpClient/5.0.3 (Java/17)[\r][\n]"
21:30:18.625 [docker-java-stream--2064336329] DEBUG com.github.dockerjava.zerodep.shaded.org.apache.hc.client5.http.wire - http-outgoing-1 >> "[\r][\n]"
21:30:29.348 [docker-java-stream--2064336329] DEBUG com.github.dockerjava.zerodep.shaded.org.apache.hc.client5.http.wire - http-outgoing-1 << "HTTP/1.1 200 OK[\r][\n]"
21:30:29.348 [docker-java-stream--2064336329] DEBUG com.github.dockerjava.zerodep.shaded.org.apache.hc.client5.http.wire - http-outgoing-1 << "Api-Version: 1.43[\r][\n]"
21:30:29.349 [docker-java-stream--2064336329] DEBUG com.github.dockerjava.zerodep.shaded.org.apache.hc.client5.http.wire - http-outgoing-1 << "Content-Type: application/json[\r][\n]"
21:30:29.349 [docker-java-stream--2064336329] DEBUG com.github.dockerjava.zerodep.shaded.org.apache.hc.client5.http.wire - http-outgoing-1 << "Date: Tue, 26 Dec 2023 18:30:29 GMT[\r][\n]"
21:30:29.349 [docker-java-stream--2064336329] DEBUG com.github.dockerjava.zerodep.shaded.org.apache.hc.client5.http.wire - http-outgoing-1 << "Docker-Experimental: false[\r][\n]"
21:30:29.349 [docker-java-stream--2064336329] DEBUG com.github.dockerjava.zerodep.shaded.org.apache.hc.client5.http.wire - http-outgoing-1 << "Ostype: linux[\r][\n]"
21:30:29.349 [docker-java-stream--2064336329] DEBUG com.github.dockerjava.zerodep.shaded.org.apache.hc.client5.http.wire - http-outgoing-1 << "Server: Docker/24.0.6 (linux)[\r][\n]"
21:30:29.378 [docker-java-stream--2064336329] DEBUG com.github.dockerjava.zerodep.shaded.org.apache.hc.client5.http.wire - http-outgoing-1 << "Transfer-Encoding: chunked[\r][\n]"
21:30:29.378 [docker-java-stream--2064336329] DEBUG com.github.dockerjava.zerodep.shaded.org.apache.hc.client5.http.wire - http-outgoing-1 << "[\r][\n]"
21:30:29.379 [docker-java-stream--2064336329] DEBUG com.github.dockerjava.zerodep.shaded.org.apache.hc.client5.http.headers - http-outgoing-1 << HTTP/1.1 200 OK
21:30:29.379 [docker-java-stream--2064336329] DEBUG com.github.dockerjava.zerodep.shaded.org.apache.hc.client5.http.headers - http-outgoing-1 << Api-Version: 1.43
21:30:29.379 [docker-java-stream--2064336329] DEBUG com.github.dockerjava.zerodep.shaded.org.apache.hc.client5.http.headers - http-outgoing-1 << Content-Type: application/json
21:30:29.379 [docker-java-stream--2064336329] DEBUG com.github.dockerjava.zerodep.shaded.org.apache.hc.client5.http.headers - http-outgoing-1 << Date: Tue, 26 Dec 2023 18:30:29 GMT
21:30:29.379 [docker-java-stream--2064336329] DEBUG com.github.dockerjava.zerodep.shaded.org.apache.hc.client5.http.headers - http-outgoing-1 << Docker-Experimental: false
21:30:29.379 [docker-java-stream--2064336329] DEBUG com.github.dockerjava.zerodep.shaded.org.apache.hc.client5.http.headers - http-outgoing-1 << Ostype: linux
21:30:29.379 [docker-java-stream--2064336329] DEBUG com.github.dockerjava.zerodep.shaded.org.apache.hc.client5.http.headers - http-outgoing-1 << Server: Docker/24.0.6 (linux)
21:30:29.379 [docker-java-stream--2064336329] DEBUG com.github.dockerjava.zerodep.shaded.org.apache.hc.client5.http.headers - http-outgoing-1 << Transfer-Encoding: chunked
21:30:29.379 [docker-java-stream--2064336329] DEBUG com.github.dockerjava.zerodep.shaded.org.apache.hc.client5.http.impl.classic.MainClientExec - ex-0000000F: connection can be kept alive for 3 MINUTES
21:30:29.380 [docker-java-stream--2064336329] INFO tc.postgres:16.1 - Starting to pull image
21:30:29.440 [docker-java-stream--2064336329] DEBUG com.github.dockerjava.zerodep.shaded.org.apache.hc.client5.http.wire - http-outgoing-1 << "38[\r][\n]"
21:30:29.440 [docker-java-stream--2064336329] DEBUG com.github.dockerjava.zerodep.shaded.org.apache.hc.client5.http.wire - http-outgoing-1 << "{"status":"Pulling from library/postgres","id":"16.1"}[\r][\n]"
21:30:29.440 [docker-java-stream--2064336329] DEBUG com.github.dockerjava.zerodep.shaded.org.apache.hc.client5.http.wire - http-outgoing-1 << "[\r][\n]"
21:30:29.670 [docker-java-stream--2064336329] DEBUG com.github.dockerjava.api.command.PullImageResultCallback - ResponseItem(stream=null, status=Pulling from library/postgres, progressDetail=null, progress=null, id=16.1, from=null, time=null, errorDetail=null, error=null, aux=null)
21:30:30.111 [docker-java-stream--2064336329] INFO tc.postgres:16.1 - Pulling image layers:  0 pending,  0 downloaded,  0 extracted, (0 bytes/0 bytes)
21:30:31.438 [docker-java-stream--2064336329] DEBUG com.github.dockerjava.zerodep.shaded.org.apache.hc.client5.http.wire - http-outgoing-1 << "163[\r][\n]"
21:30:31.438 [docker-java-stream--2064336329] DEBUG com.github.dockerjava.zerodep.shaded.org.apache.hc.client5.http.wire - http-outgoing-1 << "{"status":"Pulling fs layer","progressDetail":{},"id":"af107e978371"}[\r][\n]"
21:30:31.438 [docker-java-stream--2064336329] DEBUG com.github.dockerjava.zerodep.shaded.org.apache.hc.client5.http.wire - http-outgoing-1 << "{"status":"Pulling fs layer","progressDetail":{},"id":"85f7bca87921"}[\r][\n]"
21:30:31.438 [docker-java-stream--2064336329] DEBUG com.github.dockerjava.zerodep.shaded.org.apache.hc.client5.http.wire - http-outgoing-1 << "{"status":"Pulling fs layer","progressDetail":{},"id":"948f1cf08e62"}[\r][\n]"
21:30:31.438 [docker-java-stream--2064336329] DEBUG com.github.dockerjava.zerodep.shaded.org.apache.hc.client5.http.wire - http-outgoing-1 << "{"status":"Pulling fs layer","progressDetail":{},"id":"1a83ab26a0f0"}[\r][\n]"
21:30:31.438 [docker-java-stream--2064336329] DEBUG com.github.dockerjava.zerodep.shaded.org.apache.hc.client5.http.wire - http-outgoing-1 << "{"status":"Pulling fs layer","progressDetail":{},"id":"12bab27fafd3"}[\r][\n]"
21:30:31.438 [docker-java-stream--2064336329] DEBUG com.github.dockerjava.zerodep.shaded.org.apache.hc.client5.http.wire - http-outgoing-1 << "[\r][\n]"
21:30:31.438 [docker-java-stream--2064336329] DEBUG com.github.dockerjava.api.command.PullImageResultCallback - ResponseItem(stream=null, status=Pulling fs layer, progressDetail=ResponseItem.ProgressDetail(current=null, total=null, start=null), progress=null, id=af107e978371, from=null, time=null, errorDetail=null, error=null, aux=null)
21:30:31.448 [docker-java-stream--2064336329] DEBUG com.github.dockerjava.api.command.PullImageResultCallback - ResponseItem(stream=null, status=Pulling fs layer, progressDetail=ResponseItem.ProgressDetail(current=null, total=null, start=null), progress=null, id=85f7bca87921, from=null, time=null, errorDetail=null, error=null, aux=null)
21:30:31.448 [docker-java-stream--2064336329] DEBUG com.github.dockerjava.api.command.PullImageResultCallback - ResponseItem(stream=null, status=Pulling fs layer, progressDetail=ResponseItem.ProgressDetail(current=null, total=null, start=null), progress=null, id=948f1cf08e62, from=null, time=null, errorDetail=null, error=null, aux=null)
21:30:31.448 [docker-java-stream--2064336329] DEBUG com.github.dockerjava.api.command.PullImageResultCallback - ResponseItem(stream=null, status=Pulling fs layer, progressDetail=ResponseItem.ProgressDetail(current=null, total=null, start=null), progress=null, id=1a83ab26a0f0, from=null, time=null, errorDetail=null, error=null, aux=null)
21:30:31.448 [docker-java-stream--2064336329] DEBUG com.github.dockerjava.api.command.PullImageResultCallback - ResponseItem(stream=null, status=Pulling fs layer, progressDetail=ResponseItem.ProgressDetail(current=null, total=null, start=null), progress=null, id=12bab27fafd3, from=null, time=null, errorDetail=null, error=null, aux=null)
21:30:31.492 [docker-java-stream--2064336329] DEBUG com.github.dockerjava.zerodep.shaded.org.apache.hc.client5.http.wire - http-outgoing-1 << "2fb[\r][\n]"
21:30:31.492 [docker-java-stream--2064336329] DEBUG com.github.dockerjava.zerodep.shaded.org.apache.hc.client5.http.wire - http-outgoing-1 << "{"status":"Pulling fs layer","progressDetail":{},"id":"644cfda281a1"}[\r][\n]"
21:30:31.492 [docker-java-stream--2064336329] DEBUG com.github.dockerjava.zerodep.shaded.org.apache.hc.client5.http.wire - http-outgoing-1 << "{"status":"Pulling fs layer","progressDetail":{},"id":"03299695f2b9"}[\r][\n]"
21:30:31.492 [docker-java-stream--2064336329] DEBUG com.github.dockerjava.zerodep.shaded.org.apache.hc.client5.http.wire - http-outgoing-1 << "{"status":"Pulling fs layer","progressDetail":{},"id":"6e36bf1505f3"}[\r][\n]"
21:30:31.492 [docker-java-stream--2064336329] DEBUG com.github.dockerjava.zerodep.shaded.org.apache.hc.client5.http.wire - http-outgoing-1 << "{"status":"Pulling fs layer","progressDetail":{},"id":"a35465a6a76a"}[\r][\n]"
21:30:31.492 [docker-java-stream--2064336329] DEBUG com.github.dockerjava.zerodep.shaded.org.apache.hc.client5.http.wire - http-outgoing-1 << "{"status":"Pulling fs layer","progressDetail":{},"id":"83b026289c5c"}[\r][\n]"
21:30:31.492 [docker-java-stream--2064336329] DEBUG com.github.dockerjava.zerodep.shaded.org.apache.hc.client5.http.wire - http-outgoing-1 << "{"status":"Pulling fs layer","progressDetail":{},"id":"c158e73dda41"}[\r][\n]"
21:30:31.492 [docker-java-stream--2064336329] DEBUG com.github.dockerjava.zerodep.shaded.org.apache.hc.client5.http.wire - http-outgoing-1 << "{"status":"Pulling fs layer","progressDetail":{},"id":"264ae53c0064"}[\r][\n]"
21:30:31.492 [docker-java-stream--2064336329] DEBUG com.github.dockerjava.zerodep.shaded.org.apache.hc.client5.http.wire - http-outgoing-1 << "{"status":"Pulling fs layer","progressDetail":{},"id":"2e3c2c5fbb6d"}[\r][\n]"
21:30:31.492 [docker-java-stream--2064336329] DEBUG com.github.dockerjava.zerodep.shaded.org.apache.hc.client5.http.wire - http-outgoing-1 << "{"status":"Pulling fs layer","progressDetail":{},"id":"08c5357f23b5"}[\r][\n]"
21:30:31.492 [docker-java-stream--2064336329] DEBUG com.github.dockerjava.zerodep.shaded.org.apache.hc.client5.http.wire - http-outgoing-1 << "{"status":"Waiting","progressDetail":{},"id":"1a83ab26a0f0"}[\r][\n]"
21:30:31.492 [docker-java-stream--2064336329] DEBUG com.github.dockerjava.zerodep.shaded.org.apache.hc.client5.http.wire - http-outgoing-1 << "{"status":"Waiting","progressDetail":{},"id":"12bab27fafd3"}[\r][\n]"
21:30:31.503 [docker-java-stream--2064336329] DEBUG com.github.dockerjava.zerodep.shaded.org.apache.hc.client5.http.wire - http-outgoing-1 << "[\r][\n]"
21:30:31.504 [docker-java-stream--2064336329] DEBUG com.github.dockerjava.api.command.PullImageResultCallback - ResponseItem(stream=null, status=Pulling fs layer, progressDetail=ResponseItem.ProgressDetail(current=null, total=null, start=null), progress=null, id=644cfda281a1, from=null, time=null, errorDetail=null, error=null, aux=null)
21:30:31.504 [docker-java-stream--2064336329] DEBUG com.github.dockerjava.api.command.PullImageResultCallback - ResponseItem(stream=null, status=Pulling fs layer, progressDetail=ResponseItem.ProgressDetail(current=null, total=null, start=null), progress=null, id=03299695f2b9, from=null, time=null, errorDetail=null, error=null, aux=null)
21:30:31.505 [docker-java-stream--2064336329] DEBUG com.github.dockerjava.api.command.PullImageResultCallback - ResponseItem(stream=null, status=Pulling fs layer, progressDetail=ResponseItem.ProgressDetail(current=null, total=null, start=null), progress=null, id=6e36bf1505f3, from=null, time=null, errorDetail=null, error=null, aux=null)
21:30:31.505 [docker-java-stream--2064336329] DEBUG com.github.dockerjava.api.command.PullImageResultCallback - ResponseItem(stream=null, status=Pulling fs layer, progressDetail=ResponseItem.ProgressDetail(current=null, total=null, start=null), progress=null, id=a35465a6a76a, from=null, time=null, errorDetail=null, error=null, aux=null)
21:30:31.505 [docker-java-stream--2064336329] DEBUG com.github.dockerjava.api.command.PullImageResultCallback - ResponseItem(stream=null, status=Pulling fs layer, progressDetail=ResponseItem.ProgressDetail(current=null, total=null, start=null), progress=null, id=83b026289c5c, from=null, time=null, errorDetail=null, error=null, aux=null)
21:30:31.505 [docker-java-stream--2064336329] DEBUG com.github.dockerjava.api.command.PullImageResultCallback - ResponseItem(stream=null, status=Pulling fs layer, progressDetail=ResponseItem.ProgressDetail(current=null, total=null, start=null), progress=null, id=c158e73dda41, from=null, time=null, errorDetail=null, error=null, aux=null)
21:30:31.505 [docker-java-stream--2064336329] DEBUG com.github.dockerjava.api.command.PullImageResultCallback - ResponseItem(stream=null, status=Pulling fs layer, progressDetail=ResponseItem.ProgressDetail(current=null, total=null, start=null), progress=null, id=264ae53c0064, from=null, time=null, errorDetail=null, error=null, aux=null)
21:30:31.505 [docker-java-stream--2064336329] DEBUG com.github.dockerjava.api.command.PullImageResultCallback - ResponseItem(stream=null, status=Pulling fs layer, progressDetail=ResponseItem.ProgressDetail(current=null, total=null, start=null), progress=null, id=2e3c2c5fbb6d, from=null, time=null, errorDetail=null, error=null, aux=null)
21:30:31.505 [docker-java-stream--2064336329] DEBUG com.github.dockerjava.api.command.PullImageResultCallback - ResponseItem(stream=null, status=Pulling fs layer, progressDetail=ResponseItem.ProgressDetail(current=null, total=null, start=null), progress=null, id=08c5357f23b5, from=null, time=null, errorDetail=null, error=null, aux=null)
21:30:31.506 [docker-java-stream--2064336329] DEBUG com.github.dockerjava.api.command.PullImageResultCallback - ResponseItem(stream=null, status=Waiting, progressDetail=ResponseItem.ProgressDetail(current=null, total=null, start=null), progress=null, id=1a83ab26a0f0, from=null, time=null, errorDetail=null, error=null, aux=null)
21:30:31.506 [docker-java-stream--2064336329] DEBUG com.github.dockerjava.api.command.PullImageResultCallback - ResponseItem(stream=null, status=Waiting, progressDetail=ResponseItem.ProgressDetail(current=null, total=null, start=null), progress=null, id=12bab27fafd3, from=null, time=null, errorDetail=null, error=null, aux=null)
21:30:31.506 [docker-java-stream--2064336329] DEBUG com.github.dockerjava.zerodep.shaded.org.apache.hc.client5.http.wire - http-outgoing-1 << "3e[\r][\n]"
21:30:31.506 [docker-java-stream--2064336329] DEBUG com.github.dockerjava.zerodep.shaded.org.apache.hc.client5.http.wire - http-outgoing-1 << "{"status":"Waiting","progressDetail":{},"id":"644cfda281a1"}[\r][\n]"
21:30:31.506 [docker-java-stream--2064336329] DEBUG com.github.dockerjava.zerodep.shaded.org.apache.hc.client5.http.wire - http-outgoing-1 << "[\r][\n]"
21:30:31.506 [docker-java-stream--2064336329] DEBUG com.github.dockerjava.zerodep.shaded.org.apache.hc.client5.http.wire - http-outgoing-1 << "f8[\r][\n]"
21:30:31.506 [docker-java-stream--2064336329] DEBUG com.github.dockerjava.zerodep.shaded.org.apache.hc.client5.http.wire - http-outgoing-1 << "{"status":"Waiting","progressDetail":{},"id":"03299695f2b9"}[\r][\n]"
21:30:31.506 [docker-java-stream--2064336329] DEBUG com.github.dockerjava.zerodep.shaded.org.apache.hc.client5.http.wire - http-outgoing-1 << "{"status":"Waiting","progressDetail":{},"id":"6e36bf1505f3"}[\r][\n]"
21:30:31.506 [docker-java-stream--2064336329] DEBUG com.github.dockerjava.zerodep.shaded.org.apache.hc.client5.http.wire - http-outgoing-1 << "{"status":"Waiting","progressDetail":{},"id":"a35465a6a76a"}[\r][\n]"
21:30:31.506 [docker-java-stream--2064336329] DEBUG com.github.dockerjava.zerodep.shaded.org.apache.hc.client5.http.wire - http-outgoing-1 << "{"status":"Waiting","progressDetail":{},"id":"83b026289c5c"}[\r][\n]"
21:30:31.506 [docker-java-stream--2064336329] DEBUG com.github.dockerjava.zerodep.shaded.org.apache.hc.client5.http.wire - http-outgoing-1 << "[\r][\n]"
21:30:31.506 [docker-java-stream--2064336329] DEBUG com.github.dockerjava.zerodep.shaded.org.apache.hc.client5.http.wire - http-outgoing-1 << "7c[\r][\n]"
21:30:31.506 [docker-java-stream--2064336329] DEBUG com.github.dockerjava.zerodep.shaded.org.apache.hc.client5.http.wire - http-outgoing-1 << "{"status":"Waiting","progressDetail":{},"id":"c158e73dda41"}[\r][\n]"
21:30:31.506 [docker-java-stream--2064336329] DEBUG com.github.dockerjava.zerodep.shaded.org.apache.hc.client5.http.wire - http-outgoing-1 << "{"status":"Waiting","progressDetail":{},"id":"264ae53c0064"}[\r][\n]"
21:30:31.506 [docker-java-stream--2064336329] DEBUG com.github.dockerjava.zerodep.shaded.org.apache.hc.client5.http.wire - http-outgoing-1 << "[\r][\n]"
21:30:31.506 [docker-java-stream--2064336329] DEBUG com.github.dockerjava.zerodep.shaded.org.apache.hc.client5.http.wire - http-outgoing-1 << "7c[\r][\n]"
21:30:31.506 [docker-java-stream--2064336329] DEBUG com.github.dockerjava.zerodep.shaded.org.apache.hc.client5.http.wire - http-outgoing-1 << "{"status":"Waiting","progressDetail":{},"id":"2e3c2c5fbb6d"}[\r][\n]"
21:30:31.507 [docker-java-stream--2064336329] DEBUG com.github.dockerjava.zerodep.shaded.org.apache.hc.client5.http.wire - http-outgoing-1 << "{"status":"Waiting","progressDetail":{},"id":"08c5357f23b5"}[\r][\n]"
21:30:31.507 [docker-java-stream--2064336329] DEBUG com.github.dockerjava.zerodep.shaded.org.apache.hc.client5.http.wire - http-outgoing-1 << "[\r][\n]"
21:30:31.507 [docker-java-stream--2064336329] DEBUG com.github.dockerjava.api.command.PullImageResultCallback - ResponseItem(stream=null, status=Waiting, progressDetail=ResponseItem.ProgressDetail(current=null, total=null, start=null), progress=null, id=644cfda281a1, from=null, time=null, errorDetail=null, error=null, aux=null)
21:30:31.507 [docker-java-stream--2064336329] DEBUG com.github.dockerjava.api.command.PullImageResultCallback - ResponseItem(stream=null, status=Waiting, progressDetail=ResponseItem.ProgressDetail(current=null, total=null, start=null), progress=null, id=03299695f2b9, from=null, time=null, errorDetail=null, error=null, aux=null)
21:30:31.507 [docker-java-stream--2064336329] DEBUG com.github.dockerjava.api.command.PullImageResultCallback - ResponseItem(stream=null, status=Waiting, progressDetail=ResponseItem.ProgressDetail(current=null, total=null, start=null), progress=null, id=6e36bf1505f3, from=null, time=null, errorDetail=null, error=null, aux=null)
21:30:31.507 [docker-java-stream--2064336329] DEBUG com.github.dockerjava.api.command.PullImageResultCallback - ResponseItem(stream=null, status=Waiting, progressDetail=ResponseItem.ProgressDetail(current=null, total=null, start=null), progress=null, id=a35465a6a76a, from=null, time=null, errorDetail=null, error=null, aux=null)
21:30:31.507 [docker-java-stream--2064336329] DEBUG com.github.dockerjava.api.command.PullImageResultCallback - ResponseItem(stream=null, status=Waiting, progressDetail=ResponseItem.ProgressDetail(current=null, total=null, start=null), progress=null, id=83b026289c5c, from=null, time=null, errorDetail=null, error=null, aux=null)
21:30:31.508 [docker-java-stream--2064336329] DEBUG com.github.dockerjava.api.command.PullImageResultCallback - ResponseItem(stream=null, status=Waiting, progressDetail=ResponseItem.ProgressDetail(current=null, total=null, start=null), progress=null, id=c158e73dda41, from=null, time=null, errorDetail=null, error=null, aux=null)
21:30:31.508 [docker-java-stream--2064336329] DEBUG com.github.dockerjava.api.command.PullImageResultCallback - ResponseItem(stream=null, status=Waiting, progressDetail=ResponseItem.ProgressDetail(current=null, total=null, start=null), progress=null, id=264ae53c0064, from=null, time=null, errorDetail=null, error=null, aux=null)
21:30:31.508 [docker-java-stream--2064336329] DEBUG com.github.dockerjava.api.command.PullImageResultCallback - ResponseItem(stream=null, status=Waiting, progressDetail=ResponseItem.ProgressDetail(current=null, total=null, start=null), progress=null, id=2e3c2c5fbb6d, from=null, time=null, errorDetail=null, error=null, aux=null)
21:30:31.508 [docker-java-stream--2064336329] DEBUG com.github.dockerjava.api.command.PullImageResultCallback - ResponseItem(stream=null, status=Waiting, progressDetail=ResponseItem.ProgressDetail(current=null, total=null, start=null), progress=null, id=08c5357f23b5, from=null, time=null, errorDetail=null, error=null, aux=null)
21:30:33.755 [docker-java-stream--2064336329] DEBUG com.github.dockerjava.zerodep.shaded.org.apache.hc.client5.http.wire - http-outgoing-1 << "1b3[\r][\n]"
21:30:33.755 [docker-java-stream--2064336329] DEBUG com.github.dockerjava.zerodep.shaded.org.apache.hc.client5.http.wire - http-outgoing-1 << "{"status":"Downloading","progressDetail":{"current":720,"total":1165},"progress":"[==============================\u003e                    ]     720B/1.165kB","id":"85f7bca87921"}[\r][\n]"
21:30:33.792 [docker-java-stream--2064336329] DEBUG com.github.dockerjava.zerodep.shaded.org.apache.hc.client5.http.wire - http-outgoing-1 << "{"status":"Downloading","progressDetail":{"current":1165,"total":1165},"progress":"[==================================================\u003e]  1.165kB/1.165kB","id":"85f7bca87921"}[\r][\n]"
21:30:33.793 [docker-java-stream--2064336329] DEBUG com.github.dockerjava.zerodep.shaded.org.apache.hc.client5.http.wire - http-outgoing-1 << "{"status":"Download complete","progressDetail":{},"id":"85f7bca87921"}[\r][\n]"
21:30:33.793 [docker-java-stream--2064336329] DEBUG com.github.dockerjava.zerodep.shaded.org.apache.hc.client5.http.wire - http-outgoing-1 << "[\r][\n]"
21:30:33.824 [docker-java-stream--2064336329] DEBUG com.github.dockerjava.api.command.PullImageResultCallback - ResponseItem(stream=null, status=Downloading, progressDetail=ResponseItem.ProgressDetail(current=720, total=1165, start=null), progress=[==============================>                    ]     720B/1.165kB, id=85f7bca87921, from=null, time=null, errorDetail=null, error=null, aux=null)
21:30:33.824 [docker-java-stream--2064336329] DEBUG com.github.dockerjava.api.command.PullImageResultCallback - ResponseItem(stream=null, status=Downloading, progressDetail=ResponseItem.ProgressDetail(current=1165, total=1165, start=null), progress=[==================================================>]  1.165kB/1.165kB, id=85f7bca87921, from=null, time=null, errorDetail=null, error=null, aux=null)
21:30:33.825 [docker-java-stream--2064336329] DEBUG com.github.dockerjava.api.command.PullImageResultCallback - ResponseItem(stream=null, status=Download complete, progressDetail=ResponseItem.ProgressDetail(current=null, total=null, start=null), progress=null, id=85f7bca87921, from=null, time=null, errorDetail=null, error=null, aux=null)
21:30:34.102 [docker-java-stream--2064336329] INFO tc.postgres:16.1 - Pulling image layers: 13 pending,  1 downloaded,  0 extracted, (1 KB/? MB)
21:30:34.504 [docker-java-stream--2064336329] DEBUG com.github.dockerjava.zerodep.shaded.org.apache.hc.client5.http.wire - http-outgoing-1 << "ba[\r][\n]"
21:30:34.505 [docker-java-stream--2064336329] DEBUG com.github.dockerjava.zerodep.shaded.org.apache.hc.client5.http.wire - http-outgoing-1 << "{"status":"Downloading","progressDetail":{"current":44348,"total":4422601},"progress":"[\u003e                                                  ]  44.35kB/4.423MB","id":"948f1cf08e62"}[\r][\n]"
21:30:34.505 [docker-java-stream--2064336329] DEBUG com.github.dockerjava.zerodep.shaded.org.apache.hc.client5.http.wire - http-outgoing-1 << "[\r][\n]"
21:30:34.505 [docker-java-stream--2064336329] DEBUG com.github.dockerjava.api.command.PullImageResultCallback - ResponseItem(stream=null, status=Downloading, progressDetail=ResponseItem.ProgressDetail(current=44348, total=4422601, start=null), progress=[>                                                  ]  44.35kB/4.423MB, id=948f1cf08e62, from=null, time=null, errorDetail=null, error=null, aux=null)
21:30:34.798 [docker-java-stream--2064336329] DEBUG com.github.dockerjava.zerodep.shaded.org.apache.hc.client5.http.wire - http-outgoing-1 << "bc[\r][\n]"
21:30:34.798 [docker-java-stream--2064336329] DEBUG com.github.dockerjava.zerodep.shaded.org.apache.hc.client5.http.wire - http-outgoing-1 << "{"status":"Downloading","progressDetail":{"current":298212,"total":29125963},"progress":"[\u003e                                                  ]  298.2kB/29.13MB","id":"af107e978371"}[\r][\n]"
21:30:34.798 [docker-java-stream--2064336329] DEBUG com.github.dockerjava.zerodep.shaded.org.apache.hc.client5.http.wire - http-outgoing-1 << "[\r][\n]"
21:30:34.799 [docker-java-stream--2064336329] DEBUG com.github.dockerjava.api.command.PullImageResultCallback - ResponseItem(stream=null, status=Downloading, progressDetail=ResponseItem.ProgressDetail(current=298212, total=29125963, start=null), progress=[>                                                  ]  298.2kB/29.13MB, id=af107e978371, from=null, time=null, errorDetail=null, error=null, aux=null)
21:30:35.184 [docker-java-stream--2064336329] DEBUG com.github.dockerjava.zerodep.shaded.org.apache.hc.client5.http.wire - http-outgoing-1 << "176[\r][\n]"
21:30:35.185 [docker-java-stream--2064336329] DEBUG com.github.dockerjava.zerodep.shaded.org.apache.hc.client5.http.wire - http-outgoing-1 << "{"status":"Downloading","progressDetail":{"current":134560,"total":4422601},"progress":"[=\u003e                                                 ]  134.6kB/4.423MB","id":"948f1cf08e62"}[\r][\n]"
21:30:35.185 [docker-java-stream--2064336329] DEBUG com.github.dockerjava.zerodep.shaded.org.apache.hc.client5.http.wire - http-outgoing-1 << "{"status":"Downloading","progressDetail":{"current":375098,"total":4422601},"progress":"[====\u003e                                              ]  375.1kB/4.423MB","id":"948f1cf08e62"}[\r][\n]"
21:30:35.185 [docker-java-stream--2064336329] DEBUG com.github.dockerjava.zerodep.shaded.org.apache.hc.client5.http.wire - http-outgoing-1 << "[\r][\n]"
21:30:35.185 [docker-java-stream--2064336329] DEBUG com.github.dockerjava.api.command.PullImageResultCallback - ResponseItem(stream=null, status=Downloading, progressDetail=ResponseItem.ProgressDetail(current=134560, total=4422601, start=null), progress=[=>                                                 ]  134.6kB/4.423MB, id=948f1cf08e62, from=null, time=null, errorDetail=null, error=null, aux=null)
21:30:35.186 [docker-java-stream--2064336329] DEBUG com.github.dockerjava.api.command.PullImageResultCallback - ResponseItem(stream=null, status=Downloading, progressDetail=ResponseItem.ProgressDetail(current=375098, total=4422601, start=null), progress=[====>                                              ]  375.1kB/4.423MB, id=948f1cf08e62, from=null, time=null, errorDetail=null, error=null, aux=null)
21:30:35.477 [docker-java-stream--2064336329] DEBUG com.github.dockerjava.zerodep.shaded.org.apache.hc.client5.http.wire - http-outgoing-1 << "bb[\r][\n]"
21:30:35.477 [docker-java-stream--2064336329] DEBUG com.github.dockerjava.zerodep.shaded.org.apache.hc.client5.http.wire - http-outgoing-1 << "{"status":"Downloading","progressDetail":{"current":473402,"total":4422601},"progress":"[=====\u003e                                             ]  473.4kB/4.423MB","id":"948f1cf08e62"}[\r][\n]"
21:30:35.477 [docker-java-stream--2064336329] DEBUG com.github.dockerjava.zerodep.shaded.org.apache.hc.client5.http.wire - http-outgoing-1 << "[\r][\n]"
21:30:35.478 [docker-java-stream--2064336329] DEBUG com.github.dockerjava.api.command.PullImageResultCallback - ResponseItem(stream=null, status=Downloading, progressDetail=ResponseItem.ProgressDetail(current=473402, total=4422601, start=null), progress=[=====>                                             ]  473.4kB/4.423MB, id=948f1cf08e62, from=null, time=null, errorDetail=null, error=null, aux=null)
21:30:36.104 [docker-java-stream--2064336329] DEBUG com.github.dockerjava.zerodep.shaded.org.apache.hc.client5.http.wire - http-outgoing-1 << "232[\r][\n]"
21:30:36.104 [docker-java-stream--2064336329] DEBUG com.github.dockerjava.zerodep.shaded.org.apache.hc.client5.http.wire - http-outgoing-1 << "{"status":"Downloading","progressDetail":{"current":600389,"total":29125963},"progress":"[=\u003e                                                 ]  600.4kB/29.13MB","id":"af107e978371"}[\r][\n]"
21:30:36.104 [docker-java-stream--2064336329] DEBUG com.github.dockerjava.zerodep.shaded.org.apache.hc.client5.http.wire - http-outgoing-1 << "{"status":"Downloading","progressDetail":{"current":571706,"total":4422601},"progress":"[======\u003e                                            ]  571.7kB/4.423MB","id":"948f1cf08e62"}[\r][\n]"
21:30:36.104 [docker-java-stream--2064336329] DEBUG com.github.dockerjava.zerodep.shaded.org.apache.hc.client5.http.wire - http-outgoing-1 << "{"status":"Downloading","progressDetail":{"current":674106,"total":4422601},"progress":"[=======\u003e                                           ]  674.1kB/4.423MB","id":"948f1cf08e62"}[\r][\n]"
21:30:36.104 [docker-java-stream--2064336329] DEBUG com.github.dockerjava.zerodep.shaded.org.apache.hc.client5.http.wire - http-outgoing-1 << "[\r][\n]"
21:30:36.104 [docker-java-stream--2064336329] DEBUG com.github.dockerjava.api.command.PullImageResultCallback - ResponseItem(stream=null, status=Downloading, progressDetail=ResponseItem.ProgressDetail(current=600389, total=29125963, start=null), progress=[=>                                                 ]  600.4kB/29.13MB, id=af107e978371, from=null, time=null, errorDetail=null, error=null, aux=null)
21:30:36.104 [docker-java-stream--2064336329] DEBUG com.github.dockerjava.api.command.PullImageResultCallback - ResponseItem(stream=null, status=Downloading, progressDetail=ResponseItem.ProgressDetail(current=571706, total=4422601, start=null), progress=[======>                                            ]  571.7kB/4.423MB, id=948f1cf08e62, from=null, time=null, errorDetail=null, error=null, aux=null)
21:30:36.227 [docker-java-stream--2064336329] DEBUG com.github.dockerjava.api.command.PullImageResultCallback - ResponseItem(stream=null, status=Downloading, progressDetail=ResponseItem.ProgressDetail(current=674106, total=4422601, start=null), progress=[=======>                                           ]  674.1kB/4.423MB, id=948f1cf08e62, from=null, time=null, errorDetail=null, error=null, aux=null)
21:30:36.643 [docker-java-stream--2064336329] DEBUG com.github.dockerjava.zerodep.shaded.org.apache.hc.client5.http.wire - http-outgoing-1 << "3ac[\r][\n]"
21:30:36.643 [docker-java-stream--2064336329] DEBUG com.github.dockerjava.zerodep.shaded.org.apache.hc.client5.http.wire - http-outgoing-1 << "{"status":"Downloading","progressDetail":{"current":895301,"total":29125963},"progress":"[=\u003e                                                 ]  895.3kB/29.13MB","id":"af107e978371"}[\r][\n]"
21:30:36.643 [docker-java-stream--2064336329] DEBUG com.github.dockerjava.zerodep.shaded.org.apache.hc.client5.http.wire - http-outgoing-1 << "{"status":"Downloading","progressDetail":{"current":723258,"total":4422601},"progress":"[========\u003e                                          ]  723.3kB/4.423MB","id":"948f1cf08e62"}[\r][\n]"
21:30:36.643 [docker-java-stream--2064336329] DEBUG com.github.dockerjava.zerodep.shaded.org.apache.hc.client5.http.wire - http-outgoing-1 << "{"status":"Downloading","progressDetail":{"current":1407290,"total":4422601},"progress":"[===============\u003e                                   ]  1.407MB/4.423MB","id":"948f1cf08e62"}[\r][\n]"
21:30:36.643 [docker-java-stream--2064336329] DEBUG com.github.dockerjava.zerodep.shaded.org.apache.hc.client5.http.wire - http-outgoing-1 << "{"status":"Downloading","progressDetail":{"current":1194309,"total":29125963},"progress":"[==\u003e                                                ]  1.194MB/29.13MB","id":"af107e978371"}[\r][\n]"
21:30:36.643 [docker-java-stream--2064336329] DEBUG com.github.dockerjava.zerodep.shaded.org.apache.hc.client5.http.wire - http-outgoing-1 << "{"status":"Downloading","progressDetail":{"current":1702202,"total":4422601},"progress":"[===================\u003e                               ]  1.702MB/4.423MB","id":"948f1cf08e62"}[\r][\n]"
21:30:36.643 [docker-java-stream--2064336329] DEBUG com.github.dockerjava.zerodep.shaded.org.apache.hc.client5.http.wire - http-outgoing-1 << "[\r][\n]"
21:30:36.644 [docker-java-stream--2064336329] DEBUG com.github.dockerjava.api.command.PullImageResultCallback - ResponseItem(stream=null, status=Downloading, progressDetail=ResponseItem.ProgressDetail(current=895301, total=29125963, start=null), progress=[=>                                                 ]  895.3kB/29.13MB, id=af107e978371, from=null, time=null, errorDetail=null, error=null, aux=null)
21:30:36.644 [docker-java-stream--2064336329] DEBUG com.github.dockerjava.api.command.PullImageResultCallback - ResponseItem(stream=null, status=Downloading, progressDetail=ResponseItem.ProgressDetail(current=723258, total=4422601, start=null), progress=[========>                                          ]  723.3kB/4.423MB, id=948f1cf08e62, from=null, time=null, errorDetail=null, error=null, aux=null)
21:30:36.644 [docker-java-stream--2064336329] DEBUG com.github.dockerjava.api.command.PullImageResultCallback - ResponseItem(stream=null, status=Downloading, progressDetail=ResponseItem.ProgressDetail(current=1407290, total=4422601, start=null), progress=[===============>                                   ]  1.407MB/4.423MB, id=948f1cf08e62, from=null, time=null, errorDetail=null, error=null, aux=null)
21:30:36.646 [docker-java-stream--2064336329] DEBUG com.github.dockerjava.api.command.PullImageResultCallback - ResponseItem(stream=null, status=Downloading, progressDetail=ResponseItem.ProgressDetail(current=1194309, total=29125963, start=null), progress=[==>                                                ]  1.194MB/29.13MB, id=af107e978371, from=null, time=null, errorDetail=null, error=null, aux=null)
21:30:36.646 [docker-java-stream--2064336329] DEBUG com.github.dockerjava.api.command.PullImageResultCallback - ResponseItem(stream=null, status=Downloading, progressDetail=ResponseItem.ProgressDetail(current=1702202, total=4422601, start=null), progress=[===================>                               ]  1.702MB/4.423MB, id=948f1cf08e62, from=null, time=null, errorDetail=null, error=null, aux=null)
21:30:36.665 [docker-java-stream--2064336329] DEBUG com.github.dockerjava.zerodep.shaded.org.apache.hc.client5.http.wire - http-outgoing-1 << "179[\r][\n]"
21:30:36.665 [docker-java-stream--2064336329] DEBUG com.github.dockerjava.zerodep.shaded.org.apache.hc.client5.http.wire - http-outgoing-1 << "{"status":"Downloading","progressDetail":{"current":1800506,"total":4422601},"progress":"[====================\u003e                              ]  1.801MB/4.423MB","id":"948f1cf08e62"}[\r][\n]"
21:30:36.665 [docker-java-stream--2064336329] DEBUG com.github.dockerjava.zerodep.shaded.org.apache.hc.client5.http.wire - http-outgoing-1 << "{"status":"Downloading","progressDetail":{"current":1489221,"total":29125963},"progress":"[==\u003e                                                ]  1.489MB/29.13MB","id":"af107e978371"}[\r][\n]"
21:30:36.665 [docker-java-stream--2064336329] DEBUG com.github.dockerjava.zerodep.shaded.org.apache.hc.client5.http.wire - http-outgoing-1 << "[\r][\n]"
21:30:36.665 [docker-java-stream--2064336329] DEBUG com.github.dockerjava.api.command.PullImageResultCallback - ResponseItem(stream=null, status=Downloading, progressDetail=ResponseItem.ProgressDetail(current=1800506, total=4422601, start=null), progress=[====================>                              ]  1.801MB/4.423MB, id=948f1cf08e62, from=null, time=null, errorDetail=null, error=null, aux=null)
21:30:36.665 [docker-java-stream--2064336329] DEBUG com.github.dockerjava.api.command.PullImageResultCallback - ResponseItem(stream=null, status=Downloading, progressDetail=ResponseItem.ProgressDetail(current=1489221, total=29125963, start=null), progress=[==>                                                ]  1.489MB/29.13MB, id=af107e978371, from=null, time=null, errorDetail=null, error=null, aux=null)
21:30:36.897 [docker-java-stream--2064336329] DEBUG com.github.dockerjava.zerodep.shaded.org.apache.hc.client5.http.wire - http-outgoing-1 << "bc[\r][\n]"
21:30:36.897 [docker-java-stream--2064336329] DEBUG com.github.dockerjava.zerodep.shaded.org.apache.hc.client5.http.wire - http-outgoing-1 << "{"status":"Downloading","progressDetail":{"current":2005306,"total":4422601},"progress":"[======================\u003e                            ]  2.005MB/4.423MB","id":"948f1cf08e62"}[\r][\n]"
21:30:36.897 [docker-java-stream--2064336329] DEBUG com.github.dockerjava.zerodep.shaded.org.apache.hc.client5.http.wire - http-outgoing-1 << "[\r][\n]"
21:30:36.898 [docker-java-stream--2064336329] DEBUG com.github.dockerjava.api.command.PullImageResultCallback - ResponseItem(stream=null, status=Downloading, progressDetail=ResponseItem.ProgressDetail(current=2005306, total=4422601, start=null), progress=[======================>                            ]  2.005MB/4.423MB, id=948f1cf08e62, from=null, time=null, errorDetail=null, error=null, aux=null)
21:30:36.939 [docker-java-stream--2064336329] DEBUG com.github.dockerjava.zerodep.shaded.org.apache.hc.client5.http.wire - http-outgoing-1 << "bd[\r][\n]"
21:30:36.939 [docker-java-stream--2064336329] DEBUG com.github.dockerjava.zerodep.shaded.org.apache.hc.client5.http.wire - http-outgoing-1 << "{"status":"Downloading","progressDetail":{"current":1788229,"total":29125963},"progress":"[===\u003e                                               ]  1.788MB/29.13MB","id":"af107e978371"}[\r][\n]"
21:30:36.939 [docker-java-stream--2064336329] DEBUG com.github.dockerjava.zerodep.shaded.org.apache.hc.client5.http.wire - http-outgoing-1 << "[\r][\n]"
21:30:36.940 [docker-java-stream--2064336329] DEBUG com.github.dockerjava.api.command.PullImageResultCallback - ResponseItem(stream=null, status=Downloading, progressDetail=ResponseItem.ProgressDetail(current=1788229, total=29125963, start=null), progress=[===>                                               ]  1.788MB/29.13MB, id=af107e978371, from=null, time=null, errorDetail=null, error=null, aux=null)
21:30:37.091 [docker-java-stream--2064336329] DEBUG com.github.dockerjava.zerodep.shaded.org.apache.hc.client5.http.wire - http-outgoing-1 << "bc[\r][\n]"
21:30:37.091 [docker-java-stream--2064336329] DEBUG com.github.dockerjava.zerodep.shaded.org.apache.hc.client5.http.wire - http-outgoing-1 << "{"status":"Downloading","progressDetail":{"current":2054458,"total":4422601},"progress":"[=======================\u003e                           ]  2.054MB/4.423MB","id":"948f1cf08e62"}[\r][\n]"
21:30:37.091 [docker-java-stream--2064336329] DEBUG com.github.dockerjava.zerodep.shaded.org.apache.hc.client5.http.wire - http-outgoing-1 << "[\r][\n]"
21:30:37.091 [docker-java-stream--2064336329] DEBUG com.github.dockerjava.api.command.PullImageResultCallback - ResponseItem(stream=null, status=Downloading, progressDetail=ResponseItem.ProgressDetail(current=2054458, total=4422601, start=null), progress=[=======================>                           ]  2.054MB/4.423MB, id=948f1cf08e62, from=null, time=null, errorDetail=null, error=null, aux=null)
21:30:37.468 [docker-java-stream--2064336329] DEBUG com.github.dockerjava.zerodep.shaded.org.apache.hc.client5.http.wire - http-outgoing-1 << "bc[\r][\n]"
21:30:37.468 [docker-java-stream--2064336329] DEBUG com.github.dockerjava.zerodep.shaded.org.apache.hc.client5.http.wire - http-outgoing-1 << "{"status":"Downloading","progressDetail":{"current":2152762,"total":4422601},"progress":"[========================\u003e                          ]  2.153MB/4.423MB","id":"948f1cf08e62"}[\r][\n]"
21:30:37.468 [docker-java-stream--2064336329] DEBUG com.github.dockerjava.zerodep.shaded.org.apache.hc.client5.http.wire - http-outgoing-1 << "[\r][\n]"
21:30:37.578 [docker-java-stream--2064336329] DEBUG com.github.dockerjava.api.command.PullImageResultCallback - ResponseItem(stream=null, status=Downloading, progressDetail=ResponseItem.ProgressDetail(current=2152762, total=4422601, start=null), progress=[========================>                          ]  2.153MB/4.423MB, id=948f1cf08e62, from=null, time=null, errorDetail=null, error=null, aux=null)
21:30:37.596 [docker-java-stream--2064336329] DEBUG com.github.dockerjava.zerodep.shaded.org.apache.hc.client5.http.wire - http-outgoing-1 << "179[\r][\n]"
21:30:37.619 [docker-java-stream--2064336329] DEBUG com.github.dockerjava.zerodep.shaded.org.apache.hc.client5.http.wire - http-outgoing-1 << "{"status":"Downloading","progressDetail":{"current":2083141,"total":29125963},"progress":"[===\u003e                                               ]  2.083MB/29.13MB","id":"af107e978371"}[\r][\n]"
21:30:37.619 [docker-java-stream--2064336329] DEBUG com.github.dockerjava.zerodep.shaded.org.apache.hc.client5.http.wire - http-outgoing-1 << "{"status":"Downloading","progressDetail":{"current":2300218,"total":4422601},"progress":"[==========================\u003e                        ]    2.3MB/4.423MB","id":"948f1cf08e62"}[\r][\n]"
21:30:37.619 [docker-java-stream--2064336329] DEBUG com.github.dockerjava.zerodep.shaded.org.apache.hc.client5.http.wire - http-outgoing-1 << "[\r][\n]"
21:30:37.620 [docker-java-stream--2064336329] DEBUG com.github.dockerjava.api.command.PullImageResultCallback - ResponseItem(stream=null, status=Downloading, progressDetail=ResponseItem.ProgressDetail(current=2083141, total=29125963, start=null), progress=[===>                                               ]  2.083MB/29.13MB, id=af107e978371, from=null, time=null, errorDetail=null, error=null, aux=null)
21:30:37.620 [docker-java-stream--2064336329] DEBUG com.github.dockerjava.api.command.PullImageResultCallback - ResponseItem(stream=null, status=Downloading, progressDetail=ResponseItem.ProgressDetail(current=2300218, total=4422601, start=null), progress=[==========================>                        ]    2.3MB/4.423MB, id=948f1cf08e62, from=null, time=null, errorDetail=null, error=null, aux=null)
21:30:37.635 [docker-java-stream--2064336329] DEBUG com.github.dockerjava.zerodep.shaded.org.apache.hc.client5.http.wire - http-outgoing-1 << "bc[\r][\n]"
21:30:37.635 [docker-java-stream--2064336329] DEBUG com.github.dockerjava.zerodep.shaded.org.apache.hc.client5.http.wire - http-outgoing-1 << "{"status":"Downloading","progressDetail":{"current":2349370,"total":4422601},"progress":"[==========================\u003e                        ]  2.349MB/4.423MB","id":"948f1cf08e62"}[\r][\n]"
21:30:37.635 [docker-java-stream--2064336329] DEBUG com.github.dockerjava.zerodep.shaded.org.apache.hc.client5.http.wire - http-outgoing-1 << "[\r][\n]"
21:30:37.636 [docker-java-stream--2064336329] DEBUG com.github.dockerjava.api.command.PullImageResultCallback - ResponseItem(stream=null, status=Downloading, progressDetail=ResponseItem.ProgressDetail(current=2349370, total=4422601, start=null), progress=[==========================>                        ]  2.349MB/4.423MB, id=948f1cf08e62, from=null, time=null, errorDetail=null, error=null, aux=null)
21:30:38.191 [docker-java-stream--2064336329] DEBUG com.github.dockerjava.zerodep.shaded.org.apache.hc.client5.http.wire - http-outgoing-1 << "179[\r][\n]"
21:30:38.191 [docker-java-stream--2064336329] DEBUG com.github.dockerjava.zerodep.shaded.org.apache.hc.client5.http.wire - http-outgoing-1 << "{"status":"Downloading","progressDetail":{"current":2382149,"total":29125963},"progress":"[====\u003e                                              ]  2.382MB/29.13MB","id":"af107e978371"}[\r][\n]"
21:30:38.191 [docker-java-stream--2064336329] DEBUG com.github.dockerjava.zerodep.shaded.org.apache.hc.client5.http.wire - http-outgoing-1 << "{"status":"Downloading","progressDetail":{"current":2398522,"total":4422601},"progress":"[===========================\u003e                       ]  2.399MB/4.423MB","id":"948f1cf08e62"}[\r][\n]"
21:30:38.191 [docker-java-stream--2064336329] DEBUG com.github.dockerjava.zerodep.shaded.org.apache.hc.client5.http.wire - http-outgoing-1 << "[\r][\n]"
21:30:38.192 [docker-java-stream--2064336329] DEBUG com.github.dockerjava.api.command.PullImageResultCallback - ResponseItem(stream=null, status=Downloading, progressDetail=ResponseItem.ProgressDetail(current=2382149, total=29125963, start=null), progress=[====>                                              ]  2.382MB/29.13MB, id=af107e978371, from=null, time=null, errorDetail=null, error=null, aux=null)
21:30:38.208 [docker-java-stream--2064336329] DEBUG com.github.dockerjava.api.command.PullImageResultCallback - ResponseItem(stream=null, status=Downloading, progressDetail=ResponseItem.ProgressDetail(current=2398522, total=4422601, start=null), progress=[===========================>                       ]  2.399MB/4.423MB, id=948f1cf08e62, from=null, time=null, errorDetail=null, error=null, aux=null)
21:30:38.467 [docker-java-stream--2064336329] DEBUG com.github.dockerjava.zerodep.shaded.org.apache.hc.client5.http.wire - http-outgoing-1 << "176[\r][\n]"
21:30:38.467 [docker-java-stream--2064336329] DEBUG com.github.dockerjava.zerodep.shaded.org.apache.hc.client5.http.wire - http-outgoing-1 << "{"status":"Downloading","progressDetail":{"current":2447674,"total":4422601},"progress":"[===========================\u003e                       ]  2.448MB/4.423MB","id":"948f1cf08e62"}[\r][\n]"
21:30:38.467 [docker-java-stream--2064336329] DEBUG com.github.dockerjava.zerodep.shaded.org.apache.hc.client5.http.wire - http-outgoing-1 << "{"status":"Downloading","progressDetail":{"current":15778,"total":1445272},"progress":"[\u003e                                                  ]  15.78kB/1.445MB","id":"1a83ab26a0f0"}[\r][\n]"
21:30:38.467 [docker-java-stream--2064336329] DEBUG com.github.dockerjava.zerodep.shaded.org.apache.hc.client5.http.wire - http-outgoing-1 << "[\r][\n]"
21:30:38.468 [docker-java-stream--2064336329] DEBUG com.github.dockerjava.api.command.PullImageResultCallback - ResponseItem(stream=null, status=Downloading, progressDetail=ResponseItem.ProgressDetail(current=2447674, total=4422601, start=null), progress=[===========================>                       ]  2.448MB/4.423MB, id=948f1cf08e62, from=null, time=null, errorDetail=null, error=null, aux=null)
21:30:38.469 [docker-java-stream--2064336329] DEBUG com.github.dockerjava.api.command.PullImageResultCallback - ResponseItem(stream=null, status=Downloading, progressDetail=ResponseItem.ProgressDetail(current=15778, total=1445272, start=null), progress=[>                                                  ]  15.78kB/1.445MB, id=1a83ab26a0f0, from=null, time=null, errorDetail=null, error=null, aux=null)
21:30:38.496 [docker-java-stream--2064336329] DEBUG com.github.dockerjava.zerodep.shaded.org.apache.hc.client5.http.wire - http-outgoing-1 << "bc[\r][\n]"
21:30:38.496 [docker-java-stream--2064336329] DEBUG com.github.dockerjava.zerodep.shaded.org.apache.hc.client5.http.wire - http-outgoing-1 << "{"status":"Downloading","progressDetail":{"current":2505018,"total":4422601},"progress":"[============================\u003e                      ]  2.505MB/4.423MB","id":"948f1cf08e62"}[\r][\n]"
21:30:38.496 [docker-java-stream--2064336329] DEBUG com.github.dockerjava.zerodep.shaded.org.apache.hc.client5.http.wire - http-outgoing-1 << "[\r][\n]"
21:30:38.497 [docker-java-stream--2064336329] DEBUG com.github.dockerjava.api.command.PullImageResultCallback - ResponseItem(stream=null, status=Downloading, progressDetail=ResponseItem.ProgressDetail(current=2505018, total=4422601, start=null), progress=[============================>                      ]  2.505MB/4.423MB, id=948f1cf08e62, from=null, time=null, errorDetail=null, error=null, aux=null)
21:30:38.686 [docker-java-stream--2064336329] DEBUG com.github.dockerjava.zerodep.shaded.org.apache.hc.client5.http.wire - http-outgoing-1 << "ba[\r][\n]"
21:30:38.687 [docker-java-stream--2064336329] DEBUG com.github.dockerjava.zerodep.shaded.org.apache.hc.client5.http.wire - http-outgoing-1 << "{"status":"Downloading","progressDetail":{"current":81712,"total":1445272},"progress":"[==\u003e                                                ]  81.71kB/1.445MB","id":"1a83ab26a0f0"}[\r][\n]"
21:30:38.688 [docker-java-stream--2064336329] DEBUG com.github.dockerjava.zerodep.shaded.org.apache.hc.client5.http.wire - http-outgoing-1 << "[\r][\n]"
21:30:38.688 [docker-java-stream--2064336329] DEBUG com.github.dockerjava.api.command.PullImageResultCallback - ResponseItem(stream=null, status=Downloading, progressDetail=ResponseItem.ProgressDetail(current=81712, total=1445272, start=null), progress=[==>                                                ]  81.71kB/1.445MB, id=1a83ab26a0f0, from=null, time=null, errorDetail=null, error=null, aux=null)
21:30:38.791 [docker-java-stream--2064336329] DEBUG com.github.dockerjava.zerodep.shaded.org.apache.hc.client5.http.wire - http-outgoing-1 << "bc[\r][\n]"
21:30:38.791 [docker-java-stream--2064336329] DEBUG com.github.dockerjava.zerodep.shaded.org.apache.hc.client5.http.wire - http-outgoing-1 << "{"status":"Downloading","progressDetail":{"current":2652474,"total":4422601},"progress":"[=============================\u003e                     ]  2.652MB/4.423MB","id":"948f1cf08e62"}[\r][\n]"
21:30:38.792 [docker-java-stream--2064336329] DEBUG com.github.dockerjava.zerodep.shaded.org.apache.hc.client5.http.wire - http-outgoing-1 << "[\r][\n]"
21:30:38.793 [docker-java-stream--2064336329] DEBUG com.github.dockerjava.api.command.PullImageResultCallback - ResponseItem(stream=null, status=Downloading, progressDetail=ResponseItem.ProgressDetail(current=2652474, total=4422601, start=null), progress=[=============================>                     ]  2.652MB/4.423MB, id=948f1cf08e62, from=null, time=null, errorDetail=null, error=null, aux=null)
21:30:39.244 [docker-java-stream--2064336329] DEBUG com.github.dockerjava.zerodep.shaded.org.apache.hc.client5.http.wire - http-outgoing-1 << "ba[\r][\n]"
21:30:39.245 [docker-java-stream--2064336329] DEBUG com.github.dockerjava.zerodep.shaded.org.apache.hc.client5.http.wire - http-outgoing-1 << "{"status":"Downloading","progressDetail":{"current":97564,"total":1445272},"progress":"[===\u003e                                               ]  97.56kB/1.445MB","id":"1a83ab26a0f0"}[\r][\n]"
21:30:39.245 [docker-java-stream--2064336329] DEBUG com.github.dockerjava.zerodep.shaded.org.apache.hc.client5.http.wire - http-outgoing-1 << "[\r][\n]"
21:30:39.245 [docker-java-stream--2064336329] DEBUG com.github.dockerjava.api.command.PullImageResultCallback - ResponseItem(stream=null, status=Downloading, progressDetail=ResponseItem.ProgressDetail(current=97564, total=1445272, start=null), progress=[===>                                               ]  97.56kB/1.445MB, id=1a83ab26a0f0, from=null, time=null, errorDetail=null, error=null, aux=null)
21:30:39.246 [docker-java-stream--2064336329] DEBUG com.github.dockerjava.zerodep.shaded.org.apache.hc.client5.http.wire - http-outgoing-1 << "bc[\r][\n]"
21:30:39.246 [docker-java-stream--2064336329] DEBUG com.github.dockerjava.zerodep.shaded.org.apache.hc.client5.http.wire - http-outgoing-1 << "{"status":"Downloading","progressDetail":{"current":2701626,"total":4422601},"progress":"[==============================\u003e                    ]  2.702MB/4.423MB","id":"948f1cf08e62"}[\r][\n]"
21:30:39.246 [docker-java-stream--2064336329] DEBUG com.github.dockerjava.zerodep.shaded.org.apache.hc.client5.http.wire - http-outgoing-1 << "[\r][\n]"
21:30:39.246 [docker-java-stream--2064336329] DEBUG com.github.dockerjava.api.command.PullImageResultCallback - ResponseItem(stream=null, status=Downloading, progressDetail=ResponseItem.ProgressDetail(current=2701626, total=4422601, start=null), progress=[==============================>                    ]  2.702MB/4.423MB, id=948f1cf08e62, from=null, time=null, errorDetail=null, error=null, aux=null)
21:30:39.519 [docker-java-stream--2064336329] DEBUG com.github.dockerjava.zerodep.shaded.org.apache.hc.client5.http.wire - http-outgoing-1 << "bb[\r][\n]"
21:30:39.519 [docker-java-stream--2064336329] DEBUG com.github.dockerjava.zerodep.shaded.org.apache.hc.client5.http.wire - http-outgoing-1 << "{"status":"Downloading","progressDetail":{"current":114480,"total":1445272},"progress":"[===\u003e                                               ]  114.5kB/1.445MB","id":"1a83ab26a0f0"}[\r][\n]"
21:30:39.519 [docker-java-stream--2064336329] DEBUG com.github.dockerjava.zerodep.shaded.org.apache.hc.client5.http.wire - http-outgoing-1 << "[\r][\n]"
21:30:39.519 [docker-java-stream--2064336329] DEBUG com.github.dockerjava.api.command.PullImageResultCallback - ResponseItem(stream=null, status=Downloading, progressDetail=ResponseItem.ProgressDetail(current=114480, total=1445272, start=null), progress=[===>                                               ]  114.5kB/1.445MB, id=1a83ab26a0f0, from=null, time=null, errorDetail=null, error=null, aux=null)
21:30:39.720 [docker-java-stream--2064336329] DEBUG com.github.dockerjava.zerodep.shaded.org.apache.hc.client5.http.wire - http-outgoing-1 << "bc[\r][\n]"
21:30:39.720 [docker-java-stream--2064336329] DEBUG com.github.dockerjava.zerodep.shaded.org.apache.hc.client5.http.wire - http-outgoing-1 << "{"status":"Downloading","progressDetail":{"current":2857274,"total":4422601},"progress":"[================================\u003e                  ]  2.857MB/4.423MB","id":"948f1cf08e62"}[\r][\n]"
21:30:39.720 [docker-java-stream--2064336329] DEBUG com.github.dockerjava.zerodep.shaded.org.apache.hc.client5.http.wire - http-outgoing-1 << "[\r][\n]"
21:30:39.721 [docker-java-stream--2064336329] DEBUG com.github.dockerjava.api.command.PullImageResultCallback - ResponseItem(stream=null, status=Downloading, progressDetail=ResponseItem.ProgressDetail(current=2857274, total=4422601, start=null), progress=[================================>                  ]  2.857MB/4.423MB, id=948f1cf08e62, from=null, time=null, errorDetail=null, error=null, aux=null)
21:30:39.817 [docker-java-stream--2064336329] DEBUG com.github.dockerjava.zerodep.shaded.org.apache.hc.client5.http.wire - http-outgoing-1 << "bb[\r][\n]"
21:30:39.818 [docker-java-stream--2064336329] DEBUG com.github.dockerjava.zerodep.shaded.org.apache.hc.client5.http.wire - http-outgoing-1 << "{"status":"Downloading","progressDetail":{"current":147248,"total":1445272},"progress":"[=====\u003e                                             ]  147.2kB/1.445MB","id":"1a83ab26a0f0"}[\r][\n]"
21:30:39.885 [docker-java-stream--2064336329] DEBUG com.github.dockerjava.zerodep.shaded.org.apache.hc.client5.http.wire - http-outgoing-1 << "[\r][\n]"
21:30:39.885 [docker-java-stream--2064336329] DEBUG com.github.dockerjava.api.command.PullImageResultCallback - ResponseItem(stream=null, status=Downloading, progressDetail=ResponseItem.ProgressDetail(current=147248, total=1445272, start=null), progress=[=====>                                             ]  147.2kB/1.445MB, id=1a83ab26a0f0, from=null, time=null, errorDetail=null, error=null, aux=null)
21:30:39.898 [docker-java-stream--2064336329] DEBUG com.github.dockerjava.zerodep.shaded.org.apache.hc.client5.http.wire - http-outgoing-1 << "179[\r][\n]"
21:30:39.898 [docker-java-stream--2064336329] DEBUG com.github.dockerjava.zerodep.shaded.org.apache.hc.client5.http.wire - http-outgoing-1 << "{"status":"Downloading","progressDetail":{"current":2906426,"total":4422601},"progress":"[================================\u003e                  ]  2.906MB/4.423MB","id":"948f1cf08e62"}[\r][\n]"
21:30:39.898 [docker-java-stream--2064336329] DEBUG com.github.dockerjava.zerodep.shaded.org.apache.hc.client5.http.wire - http-outgoing-1 << "{"status":"Downloading","progressDetail":{"current":2689349,"total":29125963},"progress":"[====\u003e                                              ]  2.689MB/29.13MB","id":"af107e978371"}[\r][\n]"
21:30:39.898 [docker-java-stream--2064336329] DEBUG com.github.dockerjava.zerodep.shaded.org.apache.hc.client5.http.wire - http-outgoing-1 << "[\r][\n]"
21:30:39.898 [docker-java-stream--2064336329] DEBUG com.github.dockerjava.api.command.PullImageResultCallback - ResponseItem(stream=null, status=Downloading, progressDetail=ResponseItem.ProgressDetail(current=2906426, total=4422601, start=null), progress=[================================>                  ]  2.906MB/4.423MB, id=948f1cf08e62, from=null, time=null, errorDetail=null, error=null, aux=null)
21:30:39.899 [docker-java-stream--2064336329] DEBUG com.github.dockerjava.api.command.PullImageResultCallback - ResponseItem(stream=null, status=Downloading, progressDetail=ResponseItem.ProgressDetail(current=2689349, total=29125963, start=null), progress=[====>                                              ]  2.689MB/29.13MB, id=af107e978371, from=null, time=null, errorDetail=null, error=null, aux=null)
21:30:40.024 [docker-java-stream--2064336329] DEBUG com.github.dockerjava.zerodep.shaded.org.apache.hc.client5.http.wire - http-outgoing-1 << "bc[\r][\n]"
21:30:40.025 [docker-java-stream--2064336329] DEBUG com.github.dockerjava.zerodep.shaded.org.apache.hc.client5.http.wire - http-outgoing-1 << "{"status":"Downloading","progressDetail":{"current":3451194,"total":4422601},"progress":"[=======================================\u003e           ]  3.451MB/4.423MB","id":"948f1cf08e62"}[\r][\n]"
21:30:40.025 [docker-java-stream--2064336329] DEBUG com.github.dockerjava.zerodep.shaded.org.apache.hc.client5.http.wire - http-outgoing-1 << "[\r][\n]"
21:30:40.025 [docker-java-stream--2064336329] DEBUG com.github.dockerjava.api.command.PullImageResultCallback - ResponseItem(stream=null, status=Downloading, progressDetail=ResponseItem.ProgressDetail(current=3451194, total=4422601, start=null), progress=[=======================================>           ]  3.451MB/4.423MB, id=948f1cf08e62, from=null, time=null, errorDetail=null, error=null, aux=null)
21:30:40.100 [docker-java-stream--2064336329] DEBUG com.github.dockerjava.zerodep.shaded.org.apache.hc.client5.http.wire - http-outgoing-1 << "bb[\r][\n]"
21:30:40.100 [docker-java-stream--2064336329] DEBUG com.github.dockerjava.zerodep.shaded.org.apache.hc.client5.http.wire - http-outgoing-1 << "{"status":"Downloading","progressDetail":{"current":163100,"total":1445272},"progress":"[=====\u003e                                             ]  163.1kB/1.445MB","id":"1a83ab26a0f0"}[\r][\n]"
21:30:40.100 [docker-java-stream--2064336329] DEBUG com.github.dockerjava.zerodep.shaded.org.apache.hc.client5.http.wire - http-outgoing-1 << "[\r][\n]"
21:30:40.101 [docker-java-stream--2064336329] DEBUG com.github.dockerjava.api.command.PullImageResultCallback - ResponseItem(stream=null, status=Downloading, progressDetail=ResponseItem.ProgressDetail(current=163100, total=1445272, start=null), progress=[=====>                                             ]  163.1kB/1.445MB, id=1a83ab26a0f0, from=null, time=null, errorDetail=null, error=null, aux=null)
21:30:40.101 [docker-java-stream--2064336329] DEBUG com.github.dockerjava.zerodep.shaded.org.apache.hc.client5.http.wire - http-outgoing-1 << "91[\r][\n]"
21:30:40.101 [docker-java-stream--2064336329] DEBUG com.github.dockerjava.zerodep.shaded.org.apache.hc.client5.http.wire - http-outgoing-1 << "{"status":"Verifying Checksum","progressDetail":{},"id":"948f1cf08e62"}[\r][\n]"
21:30:40.101 [docker-java-stream--2064336329] DEBUG com.github.dockerjava.zerodep.shaded.org.apache.hc.client5.http.wire - http-outgoing-1 << "{"status":"Download complete","progressDetail":{},"id":"948f1cf08e62"}[\r][\n]"
21:30:40.101 [docker-java-stream--2064336329] DEBUG com.github.dockerjava.zerodep.shaded.org.apache.hc.client5.http.wire - http-outgoing-1 << "[\r][\n]"
21:30:40.102 [docker-java-stream--2064336329] DEBUG com.github.dockerjava.api.command.PullImageResultCallback - ResponseItem(stream=null, status=Verifying Checksum, progressDetail=ResponseItem.ProgressDetail(current=null, total=null, start=null), progress=null, id=948f1cf08e62, from=null, time=null, errorDetail=null, error=null, aux=null)
21:30:40.102 [docker-java-stream--2064336329] DEBUG com.github.dockerjava.api.command.PullImageResultCallback - ResponseItem(stream=null, status=Download complete, progressDetail=ResponseItem.ProgressDetail(current=null, total=null, start=null), progress=null, id=948f1cf08e62, from=null, time=null, errorDetail=null, error=null, aux=null)
21:30:40.102 [docker-java-stream--2064336329] INFO tc.postgres:16.1 - Pulling image layers: 12 pending,  2 downloaded,  0 extracted, (6 MB/? MB)
21:30:40.269 [docker-java-stream--2064336329] DEBUG com.github.dockerjava.zerodep.shaded.org.apache.hc.client5.http.wire - http-outgoing-1 << "bb[\r][\n]"
21:30:40.269 [docker-java-stream--2064336329] DEBUG com.github.dockerjava.zerodep.shaded.org.apache.hc.client5.http.wire - http-outgoing-1 << "{"status":"Downloading","progressDetail":{"current":180016,"total":1445272},"progress":"[======\u003e                                            ]    180kB/1.445MB","id":"1a83ab26a0f0"}[\r][\n]"
21:30:40.269 [docker-java-stream--2064336329] DEBUG com.github.dockerjava.zerodep.shaded.org.apache.hc.client5.http.wire - http-outgoing-1 << "[\r][\n]"
21:30:40.269 [docker-java-stream--2064336329] DEBUG com.github.dockerjava.api.command.PullImageResultCallback - ResponseItem(stream=null, status=Downloading, progressDetail=ResponseItem.ProgressDetail(current=180016, total=1445272, start=null), progress=[======>                                            ]    180kB/1.445MB, id=1a83ab26a0f0, from=null, time=null, errorDetail=null, error=null, aux=null)
21:30:40.426 [docker-java-stream--2064336329] DEBUG com.github.dockerjava.zerodep.shaded.org.apache.hc.client5.http.wire - http-outgoing-1 << "bb[\r][\n]"
21:30:40.426 [docker-java-stream--2064336329] DEBUG com.github.dockerjava.zerodep.shaded.org.apache.hc.client5.http.wire - http-outgoing-1 << "{"status":"Downloading","progressDetail":{"current":195868,"total":1445272},"progress":"[======\u003e                                            ]  195.9kB/1.445MB","id":"1a83ab26a0f0"}[\r][\n]"
21:30:40.426 [docker-java-stream--2064336329] DEBUG com.github.dockerjava.zerodep.shaded.org.apache.hc.client5.http.wire - http-outgoing-1 << "[\r][\n]"
21:30:40.426 [docker-java-stream--2064336329] DEBUG com.github.dockerjava.api.command.PullImageResultCallback - ResponseItem(stream=null, status=Downloading, progressDetail=ResponseItem.ProgressDetail(current=195868, total=1445272, start=null), progress=[======>                                            ]  195.9kB/1.445MB, id=1a83ab26a0f0, from=null, time=null, errorDetail=null, error=null, aux=null)
21:30:40.568 [docker-java-stream--2064336329] DEBUG com.github.dockerjava.zerodep.shaded.org.apache.hc.client5.http.wire - http-outgoing-1 << "bb[\r][\n]"
21:30:40.568 [docker-java-stream--2064336329] DEBUG com.github.dockerjava.zerodep.shaded.org.apache.hc.client5.http.wire - http-outgoing-1 << "{"status":"Downloading","progressDetail":{"current":277788,"total":1445272},"progress":"[=========\u003e                                         ]  277.8kB/1.445MB","id":"1a83ab26a0f0"}[\r][\n]"
21:30:40.568 [docker-java-stream--2064336329] DEBUG com.github.dockerjava.zerodep.shaded.org.apache.hc.client5.http.wire - http-outgoing-1 << "[\r][\n]"
21:30:40.569 [docker-java-stream--2064336329] DEBUG com.github.dockerjava.api.command.PullImageResultCallback - ResponseItem(stream=null, status=Downloading, progressDetail=ResponseItem.ProgressDetail(current=277788, total=1445272, start=null), progress=[=========>                                         ]  277.8kB/1.445MB, id=1a83ab26a0f0, from=null, time=null, errorDetail=null, error=null, aux=null)
21:30:40.649 [docker-java-stream--2064336329] DEBUG com.github.dockerjava.zerodep.shaded.org.apache.hc.client5.http.wire - http-outgoing-1 << "178[\r][\n]"
21:30:40.649 [docker-java-stream--2064336329] DEBUG com.github.dockerjava.zerodep.shaded.org.apache.hc.client5.http.wire - http-outgoing-1 << "{"status":"Downloading","progressDetail":{"current":556316,"total":1445272},"progress":"[===================\u003e                               ]  556.3kB/1.445MB","id":"1a83ab26a0f0"}[\r][\n]"
21:30:40.649 [docker-java-stream--2064336329] DEBUG com.github.dockerjava.zerodep.shaded.org.apache.hc.client5.http.wire - http-outgoing-1 << "{"status":"Downloading","progressDetail":{"current":2988357,"total":29125963},"progress":"[=====\u003e                                             ]  2.988MB/29.13MB","id":"af107e978371"}[\r][\n]"
21:30:40.649 [docker-java-stream--2064336329] DEBUG com.github.dockerjava.zerodep.shaded.org.apache.hc.client5.http.wire - http-outgoing-1 << "[\r][\n]"
21:30:40.759 [docker-java-stream--2064336329] DEBUG com.github.dockerjava.api.command.PullImageResultCallback - ResponseItem(stream=null, status=Downloading, progressDetail=ResponseItem.ProgressDetail(current=556316, total=1445272, start=null), progress=[===================>                               ]  556.3kB/1.445MB, id=1a83ab26a0f0, from=null, time=null, errorDetail=null, error=null, aux=null)
21:30:40.759 [docker-java-stream--2064336329] DEBUG com.github.dockerjava.api.command.PullImageResultCallback - ResponseItem(stream=null, status=Downloading, progressDetail=ResponseItem.ProgressDetail(current=2988357, total=29125963, start=null), progress=[=====>                                             ]  2.988MB/29.13MB, id=af107e978371, from=null, time=null, errorDetail=null, error=null, aux=null)
21:30:40.787 [docker-java-stream--2064336329] DEBUG com.github.dockerjava.zerodep.shaded.org.apache.hc.client5.http.wire - http-outgoing-1 << "bb[\r][\n]"
21:30:40.787 [docker-java-stream--2064336329] DEBUG com.github.dockerjava.zerodep.shaded.org.apache.hc.client5.http.wire - http-outgoing-1 << "{"status":"Downloading","progressDetail":{"current":654620,"total":1445272},"progress":"[======================\u003e                            ]  654.6kB/1.445MB","id":"1a83ab26a0f0"}[\r][\n]"
21:30:40.787 [docker-java-stream--2064336329] DEBUG com.github.dockerjava.zerodep.shaded.org.apache.hc.client5.http.wire - http-outgoing-1 << "[\r][\n]"
21:30:40.788 [docker-java-stream--2064336329] DEBUG com.github.dockerjava.api.command.PullImageResultCallback - ResponseItem(stream=null, status=Downloading, progressDetail=ResponseItem.ProgressDetail(current=654620, total=1445272, start=null), progress=[======================>                            ]  654.6kB/1.445MB, id=1a83ab26a0f0, from=null, time=null, errorDetail=null, error=null, aux=null)
21:30:41.176 [docker-java-stream--2064336329] DEBUG com.github.dockerjava.zerodep.shaded.org.apache.hc.client5.http.wire - http-outgoing-1 << "bb[\r][\n]"
21:30:41.176 [docker-java-stream--2064336329] DEBUG com.github.dockerjava.zerodep.shaded.org.apache.hc.client5.http.wire - http-outgoing-1 << "{"status":"Downloading","progressDetail":{"current":703772,"total":1445272},"progress":"[========================\u003e                          ]  703.8kB/1.445MB","id":"1a83ab26a0f0"}[\r][\n]"
21:30:41.177 [docker-java-stream--2064336329] DEBUG com.github.dockerjava.zerodep.shaded.org.apache.hc.client5.http.wire - http-outgoing-1 << "[\r][\n]"
21:30:41.178 [docker-java-stream--2064336329] DEBUG com.github.dockerjava.api.command.PullImageResultCallback - ResponseItem(stream=null, status=Downloading, progressDetail=ResponseItem.ProgressDetail(current=703772, total=1445272, start=null), progress=[========================>                          ]  703.8kB/1.445MB, id=1a83ab26a0f0, from=null, time=null, errorDetail=null, error=null, aux=null)
21:30:41.302 [docker-java-stream--2064336329] DEBUG com.github.dockerjava.zerodep.shaded.org.apache.hc.client5.http.wire - http-outgoing-1 << "bc[\r][\n]"
21:30:41.302 [docker-java-stream--2064336329] DEBUG com.github.dockerjava.zerodep.shaded.org.apache.hc.client5.http.wire - http-outgoing-1 << "{"status":"Downloading","progressDetail":{"current":1031452,"total":1445272},"progress":"[===================================\u003e               ]  1.031MB/1.445MB","id":"1a83ab26a0f0"}[\r][\n]"
21:30:41.302 [docker-java-stream--2064336329] DEBUG com.github.dockerjava.zerodep.shaded.org.apache.hc.client5.http.wire - http-outgoing-1 << "[\r][\n]"
21:30:41.303 [docker-java-stream--2064336329] DEBUG com.github.dockerjava.api.command.PullImageResultCallback - ResponseItem(stream=null, status=Downloading, progressDetail=ResponseItem.ProgressDetail(current=1031452, total=1445272, start=null), progress=[===================================>               ]  1.031MB/1.445MB, id=1a83ab26a0f0, from=null, time=null, errorDetail=null, error=null, aux=null)
21:30:41.535 [docker-java-stream--2064336329] DEBUG com.github.dockerjava.zerodep.shaded.org.apache.hc.client5.http.wire - http-outgoing-1 << "bc[\r][\n]"
21:30:41.535 [docker-java-stream--2064336329] DEBUG com.github.dockerjava.zerodep.shaded.org.apache.hc.client5.http.wire - http-outgoing-1 << "{"status":"Downloading","progressDetail":{"current":1407303,"total":1445272},"progress":"[================================================\u003e  ]  1.407MB/1.445MB","id":"1a83ab26a0f0"}[\r][\n]"
21:30:41.535 [docker-java-stream--2064336329] DEBUG com.github.dockerjava.zerodep.shaded.org.apache.hc.client5.http.wire - http-outgoing-1 << "[\r][\n]"
21:30:41.535 [docker-java-stream--2064336329] DEBUG com.github.dockerjava.api.command.PullImageResultCallback - ResponseItem(stream=null, status=Downloading, progressDetail=ResponseItem.ProgressDetail(current=1407303, total=1445272, start=null), progress=[================================================>  ]  1.407MB/1.445MB, id=1a83ab26a0f0, from=null, time=null, errorDetail=null, error=null, aux=null)
21:30:41.591 [docker-java-stream--2064336329] DEBUG com.github.dockerjava.zerodep.shaded.org.apache.hc.client5.http.wire - http-outgoing-1 << "49[\r][\n]"
21:30:41.591 [docker-java-stream--2064336329] DEBUG com.github.dockerjava.zerodep.shaded.org.apache.hc.client5.http.wire - http-outgoing-1 << "{"status":"Verifying Checksum","progressDetail":{},"id":"1a83ab26a0f0"}[\r][\n]"
21:30:41.591 [docker-java-stream--2064336329] DEBUG com.github.dockerjava.zerodep.shaded.org.apache.hc.client5.http.wire - http-outgoing-1 << "[\r][\n]"
21:30:41.592 [docker-java-stream--2064336329] DEBUG com.github.dockerjava.api.command.PullImageResultCallback - ResponseItem(stream=null, status=Verifying Checksum, progressDetail=ResponseItem.ProgressDetail(current=null, total=null, start=null), progress=null, id=1a83ab26a0f0, from=null, time=null, errorDetail=null, error=null, aux=null)
21:30:41.592 [docker-java-stream--2064336329] DEBUG com.github.dockerjava.zerodep.shaded.org.apache.hc.client5.http.wire - http-outgoing-1 << "48[\r][\n]"
21:30:41.592 [docker-java-stream--2064336329] DEBUG com.github.dockerjava.zerodep.shaded.org.apache.hc.client5.http.wire - http-outgoing-1 << "{"status":"Download complete","progressDetail":{},"id":"1a83ab26a0f0"}[\r][\n]"
21:30:41.592 [docker-java-stream--2064336329] DEBUG com.github.dockerjava.zerodep.shaded.org.apache.hc.client5.http.wire - http-outgoing-1 << "[\r][\n]"
21:30:41.592 [docker-java-stream--2064336329] DEBUG com.github.dockerjava.api.command.PullImageResultCallback - ResponseItem(stream=null, status=Download complete, progressDetail=ResponseItem.ProgressDetail(current=null, total=null, start=null), progress=null, id=1a83ab26a0f0, from=null, time=null, errorDetail=null, error=null, aux=null)
21:30:41.594 [docker-java-stream--2064336329] INFO tc.postgres:16.1 - Pulling image layers: 11 pending,  3 downloaded,  0 extracted, (7 MB/? MB)
21:30:42.386 [docker-java-stream--2064336329] DEBUG com.github.dockerjava.zerodep.shaded.org.apache.hc.client5.http.wire - http-outgoing-1 << "bd[\r][\n]"
21:30:42.386 [docker-java-stream--2064336329] DEBUG com.github.dockerjava.zerodep.shaded.org.apache.hc.client5.http.wire - http-outgoing-1 << "{"status":"Downloading","progressDetail":{"current":3283269,"total":29125963},"progress":"[=====\u003e                                             ]  3.283MB/29.13MB","id":"af107e978371"}[\r][\n]"
21:30:42.386 [docker-java-stream--2064336329] DEBUG com.github.dockerjava.zerodep.shaded.org.apache.hc.client5.http.wire - http-outgoing-1 << "[\r][\n]"
21:30:42.387 [docker-java-stream--2064336329] DEBUG com.github.dockerjava.api.command.PullImageResultCallback - ResponseItem(stream=null, status=Downloading, progressDetail=ResponseItem.ProgressDetail(current=3283269, total=29125963, start=null), progress=[=====>                                             ]  3.283MB/29.13MB, id=af107e978371, from=null, time=null, errorDetail=null, error=null, aux=null)
21:30:42.712 [docker-java-stream--2064336329] DEBUG com.github.dockerjava.zerodep.shaded.org.apache.hc.client5.http.wire - http-outgoing-1 << "ba[\r][\n]"
21:30:42.713 [docker-java-stream--2064336329] DEBUG com.github.dockerjava.zerodep.shaded.org.apache.hc.client5.http.wire - http-outgoing-1 << "{"status":"Downloading","progressDetail":{"current":81710,"total":8065496},"progress":"[\u003e                                                  ]  81.71kB/8.065MB","id":"12bab27fafd3"}[\r][\n]"
21:30:42.713 [docker-java-stream--2064336329] DEBUG com.github.dockerjava.zerodep.shaded.org.apache.hc.client5.http.wire - http-outgoing-1 << "[\r][\n]"
21:30:42.713 [docker-java-stream--2064336329] DEBUG com.github.dockerjava.api.command.PullImageResultCallback - ResponseItem(stream=null, status=Downloading, progressDetail=ResponseItem.ProgressDetail(current=81710, total=8065496, start=null), progress=[>                                                  ]  81.71kB/8.065MB, id=12bab27fafd3, from=null, time=null, errorDetail=null, error=null, aux=null)
21:30:42.934 [docker-java-stream--2064336329] DEBUG com.github.dockerjava.zerodep.shaded.org.apache.hc.client5.http.wire - http-outgoing-1 << "bb[\r][\n]"
21:30:42.934 [docker-java-stream--2064336329] DEBUG com.github.dockerjava.zerodep.shaded.org.apache.hc.client5.http.wire - http-outgoing-1 << "{"status":"Downloading","progressDetail":{"current":163098,"total":8065496},"progress":"[=\u003e                                                 ]  163.1kB/8.065MB","id":"12bab27fafd3"}[\r][\n]"
21:30:42.934 [docker-java-stream--2064336329] DEBUG com.github.dockerjava.zerodep.shaded.org.apache.hc.client5.http.wire - http-outgoing-1 << "[\r][\n]"
21:30:42.948 [docker-java-stream--2064336329] DEBUG com.github.dockerjava.api.command.PullImageResultCallback - ResponseItem(stream=null, status=Downloading, progressDetail=ResponseItem.ProgressDetail(current=163098, total=8065496, start=null), progress=[=>                                                 ]  163.1kB/8.065MB, id=12bab27fafd3, from=null, time=null, errorDetail=null, error=null, aux=null)
21:30:43.504 [docker-java-stream--2064336329] DEBUG com.github.dockerjava.zerodep.shaded.org.apache.hc.client5.http.wire - http-outgoing-1 << "bd[\r][\n]"
21:30:43.504 [docker-java-stream--2064336329] DEBUG com.github.dockerjava.zerodep.shaded.org.apache.hc.client5.http.wire - http-outgoing-1 << "{"status":"Downloading","progressDetail":{"current":3578181,"total":29125963},"progress":"[======\u003e                                            ]  3.578MB/29.13MB","id":"af107e978371"}[\r][\n]"
21:30:43.514 [docker-java-stream--2064336329] DEBUG com.github.dockerjava.zerodep.shaded.org.apache.hc.client5.http.wire - http-outgoing-1 << "[\r][\n]"
21:30:43.515 [docker-java-stream--2064336329] DEBUG com.github.dockerjava.api.command.PullImageResultCallback - ResponseItem(stream=null, status=Downloading, progressDetail=ResponseItem.ProgressDetail(current=3578181, total=29125963, start=null), progress=[======>                                            ]  3.578MB/29.13MB, id=af107e978371, from=null, time=null, errorDetail=null, error=null, aux=null)
21:30:43.515 [docker-java-stream--2064336329] DEBUG com.github.dockerjava.zerodep.shaded.org.apache.hc.client5.http.wire - http-outgoing-1 << "bb[\r][\n]"
21:30:43.515 [docker-java-stream--2064336329] DEBUG com.github.dockerjava.zerodep.shaded.org.apache.hc.client5.http.wire - http-outgoing-1 << "{"status":"Downloading","progressDetail":{"current":245018,"total":8065496},"progress":"[=\u003e                                                 ]    245kB/8.065MB","id":"12bab27fafd3"}[\r][\n]"
21:30:43.515 [docker-java-stream--2064336329] DEBUG com.github.dockerjava.zerodep.shaded.org.apache.hc.client5.http.wire - http-outgoing-1 << "[\r][\n]"
21:30:43.516 [docker-java-stream--2064336329] DEBUG com.github.dockerjava.api.command.PullImageResultCallback - ResponseItem(stream=null, status=Downloading, progressDetail=ResponseItem.ProgressDetail(current=245018, total=8065496, start=null), progress=[=>                                                 ]    245kB/8.065MB, id=12bab27fafd3, from=null, time=null, errorDetail=null, error=null, aux=null)
21:30:44.112 [docker-java-stream--2064336329] DEBUG com.github.dockerjava.zerodep.shaded.org.apache.hc.client5.http.wire - http-outgoing-1 << "bd[\r][\n]"
21:30:44.259 [docker-java-stream--2064336329] DEBUG com.github.dockerjava.zerodep.shaded.org.apache.hc.client5.http.wire - http-outgoing-1 << "{"status":"Downloading","progressDetail":{"current":3885381,"total":29125963},"progress":"[======\u003e                                            ]  3.885MB/29.13MB","id":"af107e978371"}[\r][\n]"
21:30:44.259 [docker-java-stream--2064336329] DEBUG com.github.dockerjava.zerodep.shaded.org.apache.hc.client5.http.wire - http-outgoing-1 << "[\r][\n]"
21:30:44.259 [docker-java-stream--2064336329] DEBUG com.github.dockerjava.api.command.PullImageResultCallback - ResponseItem(stream=null, status=Downloading, progressDetail=ResponseItem.ProgressDetail(current=3885381, total=29125963, start=null), progress=[======>                                            ]  3.885MB/29.13MB, id=af107e978371, from=null, time=null, errorDetail=null, error=null, aux=null)
21:30:44.262 [docker-java-stream--2064336329] DEBUG com.github.dockerjava.zerodep.shaded.org.apache.hc.client5.http.wire - http-outgoing-1 << "233[\r][\n]"
21:30:44.262 [docker-java-stream--2064336329] DEBUG com.github.dockerjava.zerodep.shaded.org.apache.hc.client5.http.wire - http-outgoing-1 << "{"status":"Downloading","progressDetail":{"current":326938,"total":8065496},"progress":"[==\u003e                                                ]  326.9kB/8.065MB","id":"12bab27fafd3"}[\r][\n]"
21:30:44.262 [docker-java-stream--2064336329] DEBUG com.github.dockerjava.zerodep.shaded.org.apache.hc.client5.http.wire - http-outgoing-1 << "{"status":"Downloading","progressDetail":{"current":4184389,"total":29125963},"progress":"[=======\u003e                                           ]  4.184MB/29.13MB","id":"af107e978371"}[\r][\n]"
21:30:44.262 [docker-java-stream--2064336329] DEBUG com.github.dockerjava.zerodep.shaded.org.apache.hc.client5.http.wire - http-outgoing-1 << "{"status":"Downloading","progressDetail":{"current":982244,"total":8065496},"progress":"[======\u003e                                            ]  982.2kB/8.065MB","id":"12bab27fafd3"}[\r][\n]"
21:30:44.262 [docker-java-stream--2064336329] DEBUG com.github.dockerjava.zerodep.shaded.org.apache.hc.client5.http.wire - http-outgoing-1 << "[\r][\n]"
21:30:44.262 [docker-java-stream--2064336329] DEBUG com.github.dockerjava.api.command.PullImageResultCallback - ResponseItem(stream=null, status=Downloading, progressDetail=ResponseItem.ProgressDetail(current=326938, total=8065496, start=null), progress=[==>                                                ]  326.9kB/8.065MB, id=12bab27fafd3, from=null, time=null, errorDetail=null, error=null, aux=null)
21:30:44.263 [docker-java-stream--2064336329] DEBUG com.github.dockerjava.api.command.PullImageResultCallback - ResponseItem(stream=null, status=Downloading, progressDetail=ResponseItem.ProgressDetail(current=4184389, total=29125963, start=null), progress=[=======>                                           ]  4.184MB/29.13MB, id=af107e978371, from=null, time=null, errorDetail=null, error=null, aux=null)
21:30:44.264 [docker-java-stream--2064336329] DEBUG com.github.dockerjava.api.command.PullImageResultCallback - ResponseItem(stream=null, status=Downloading, progressDetail=ResponseItem.ProgressDetail(current=982244, total=8065496, start=null), progress=[======>                                            ]  982.2kB/8.065MB, id=12bab27fafd3, from=null, time=null, errorDetail=null, error=null, aux=null)
21:30:44.371 [docker-java-stream--2064336329] DEBUG com.github.dockerjava.zerodep.shaded.org.apache.hc.client5.http.wire - http-outgoing-1 << "bc[\r][\n]"
21:30:44.371 [docker-java-stream--2064336329] DEBUG com.github.dockerjava.zerodep.shaded.org.apache.hc.client5.http.wire - http-outgoing-1 << "{"status":"Downloading","progressDetail":{"current":1064164,"total":8065496},"progress":"[======\u003e                                            ]  1.064MB/8.065MB","id":"12bab27fafd3"}[\r][\n]"
21:30:44.371 [docker-java-stream--2064336329] DEBUG com.github.dockerjava.zerodep.shaded.org.apache.hc.client5.http.wire - http-outgoing-1 << "[\r][\n]"
21:30:44.373 [docker-java-stream--2064336329] DEBUG com.github.dockerjava.api.command.PullImageResultCallback - ResponseItem(stream=null, status=Downloading, progressDetail=ResponseItem.ProgressDetail(current=1064164, total=8065496, start=null), progress=[======>                                            ]  1.064MB/8.065MB, id=12bab27fafd3, from=null, time=null, errorDetail=null, error=null, aux=null)
21:30:45.014 [docker-java-stream--2064336329] DEBUG com.github.dockerjava.zerodep.shaded.org.apache.hc.client5.http.wire - http-outgoing-1 << "179[\r][\n]"
21:30:45.015 [docker-java-stream--2064336329] DEBUG com.github.dockerjava.zerodep.shaded.org.apache.hc.client5.http.wire - http-outgoing-1 << "{"status":"Downloading","progressDetail":{"current":5372229,"total":29125963},"progress":"[=========\u003e                                         ]  5.372MB/29.13MB","id":"af107e978371"}[\r][\n]"
21:30:45.015 [docker-java-stream--2064336329] DEBUG com.github.dockerjava.zerodep.shaded.org.apache.hc.client5.http.wire - http-outgoing-1 << "{"status":"Downloading","progressDetail":{"current":1146084,"total":8065496},"progress":"[=======\u003e                                           ]  1.146MB/8.065MB","id":"12bab27fafd3"}[\r][\n]"
21:30:45.015 [docker-java-stream--2064336329] DEBUG com.github.dockerjava.zerodep.shaded.org.apache.hc.client5.http.wire - http-outgoing-1 << "[\r][\n]"
21:30:45.016 [docker-java-stream--2064336329] DEBUG com.github.dockerjava.api.command.PullImageResultCallback - ResponseItem(stream=null, status=Downloading, progressDetail=ResponseItem.ProgressDetail(current=5372229, total=29125963, start=null), progress=[=========>                                         ]  5.372MB/29.13MB, id=af107e978371, from=null, time=null, errorDetail=null, error=null, aux=null)
21:30:45.017 [docker-java-stream--2064336329] DEBUG com.github.dockerjava.api.command.PullImageResultCallback - ResponseItem(stream=null, status=Downloading, progressDetail=ResponseItem.ProgressDetail(current=1146084, total=8065496, start=null), progress=[=======>                                           ]  1.146MB/8.065MB, id=12bab27fafd3, from=null, time=null, errorDetail=null, error=null, aux=null)
21:30:45.644 [docker-java-stream--2064336329] DEBUG com.github.dockerjava.zerodep.shaded.org.apache.hc.client5.http.wire - http-outgoing-1 << "178[\r][\n]"
21:30:45.644 [docker-java-stream--2064336329] DEBUG com.github.dockerjava.zerodep.shaded.org.apache.hc.client5.http.wire - http-outgoing-1 << "{"status":"Downloading","progressDetail":{"current":1228004,"total":8065496},"progress":"[=======\u003e                                           ]  1.228MB/8.065MB","id":"12bab27fafd3"}[\r][\n]"
21:30:45.644 [docker-java-stream--2064336329] DEBUG com.github.dockerjava.zerodep.shaded.org.apache.hc.client5.http.wire - http-outgoing-1 << "{"status":"Downloading","progressDetail":{"current":1309924,"total":8065496},"progress":"[========\u003e                                          ]   1.31MB/8.065MB","id":"12bab27fafd3"}[\r][\n]"
21:30:45.644 [docker-java-stream--2064336329] DEBUG com.github.dockerjava.zerodep.shaded.org.apache.hc.client5.http.wire - http-outgoing-1 << "[\r][\n]"
21:30:45.645 [docker-java-stream--2064336329] DEBUG com.github.dockerjava.api.command.PullImageResultCallback - ResponseItem(stream=null, status=Downloading, progressDetail=ResponseItem.ProgressDetail(current=1228004, total=8065496, start=null), progress=[=======>                                           ]  1.228MB/8.065MB, id=12bab27fafd3, from=null, time=null, errorDetail=null, error=null, aux=null)
21:30:45.646 [docker-java-stream--2064336329] DEBUG com.github.dockerjava.api.command.PullImageResultCallback - ResponseItem(stream=null, status=Downloading, progressDetail=ResponseItem.ProgressDetail(current=1309924, total=8065496, start=null), progress=[========>                                          ]   1.31MB/8.065MB, id=12bab27fafd3, from=null, time=null, errorDetail=null, error=null, aux=null)
21:30:45.922 [docker-java-stream--2064336329] DEBUG com.github.dockerjava.zerodep.shaded.org.apache.hc.client5.http.wire - http-outgoing-1 << "527[\r][\n]"
21:30:45.922 [docker-java-stream--2064336329] DEBUG com.github.dockerjava.zerodep.shaded.org.apache.hc.client5.http.wire - http-outgoing-1 << "{"status":"Downloading","progressDetail":{"current":5667141,"total":29125963},"progress":"[=========\u003e                                         ]  5.667MB/29.13MB","id":"af107e978371"}[\r][\n]"
21:30:45.922 [docker-java-stream--2064336329] DEBUG com.github.dockerjava.zerodep.shaded.org.apache.hc.client5.http.wire - http-outgoing-1 << "{"status":"Downloading","progressDetail":{"current":1391844,"total":8065496},"progress":"[========\u003e                                          ]  1.392MB/8.065MB","id":"12bab27fafd3"}[\r][\n]"
21:30:45.922 [docker-java-stream--2064336329] DEBUG com.github.dockerjava.zerodep.shaded.org.apache.hc.client5.http.wire - http-outgoing-1 << "{"status":"Downloading","progressDetail":{"current":1719524,"total":8065496},"progress":"[==========\u003e                                        ]   1.72MB/8.065MB","id":"12bab27fafd3"}[\r][\n]"
21:30:45.922 [docker-java-stream--2064336329] DEBUG com.github.dockerjava.zerodep.shaded.org.apache.hc.client5.http.wire - http-outgoing-1 << "{"status":"Downloading","progressDetail":{"current":1801444,"total":8065496},"progress":"[===========\u003e                                       ]  1.801MB/8.065MB","id":"12bab27fafd3"}[\r][\n]"
21:30:45.922 [docker-java-stream--2064336329] DEBUG com.github.dockerjava.zerodep.shaded.org.apache.hc.client5.http.wire - http-outgoing-1 << "{"status":"Downloading","progressDetail":{"current":5962053,"total":29125963},"progress":"[==========\u003e                                        ]  5.962MB/29.13MB","id":"af107e978371"}[\r][\n]"
21:30:45.922 [docker-java-stream--2064336329] DEBUG com.github.dockerjava.zerodep.shaded.org.apache.hc.client5.http.wire - http-outgoing-1 << "{"status":"Downloading","progressDetail":{"current":1883364,"total":8065496},"progress":"[===========\u003e                                       ]  1.883MB/8.065MB","id":"12bab27fafd3"}[\r][\n]"
21:30:45.922 [docker-java-stream--2064336329] DEBUG com.github.dockerjava.zerodep.shaded.org.apache.hc.client5.http.wire - http-outgoing-1 << "{"status":"Downloading","progressDetail":{"current":6269253,"total":29125963},"progress":"[==========\u003e                                        ]  6.269MB/29.13MB","id":"af107e978371"}[\r][\n]"
21:30:45.959 [docker-java-stream--2064336329] DEBUG com.github.dockerjava.zerodep.shaded.org.apache.hc.client5.http.wire - http-outgoing-1 << "[\r][\n]"
21:30:45.962 [docker-java-stream--2064336329] DEBUG com.github.dockerjava.api.command.PullImageResultCallback - ResponseItem(stream=null, status=Downloading, progressDetail=ResponseItem.ProgressDetail(current=5667141, total=29125963, start=null), progress=[=========>                                         ]  5.667MB/29.13MB, id=af107e978371, from=null, time=null, errorDetail=null, error=null, aux=null)
21:30:45.963 [docker-java-stream--2064336329] DEBUG com.github.dockerjava.api.command.PullImageResultCallback - ResponseItem(stream=null, status=Downloading, progressDetail=ResponseItem.ProgressDetail(current=1391844, total=8065496, start=null), progress=[========>                                          ]  1.392MB/8.065MB, id=12bab27fafd3, from=null, time=null, errorDetail=null, error=null, aux=null)
21:30:45.964 [docker-java-stream--2064336329] DEBUG com.github.dockerjava.api.command.PullImageResultCallback - ResponseItem(stream=null, status=Downloading, progressDetail=ResponseItem.ProgressDetail(current=1719524, total=8065496, start=null), progress=[==========>                                        ]   1.72MB/8.065MB, id=12bab27fafd3, from=null, time=null, errorDetail=null, error=null, aux=null)
21:30:45.965 [docker-java-stream--2064336329] DEBUG com.github.dockerjava.api.command.PullImageResultCallback - ResponseItem(stream=null, status=Downloading, progressDetail=ResponseItem.ProgressDetail(current=1801444, total=8065496, start=null), progress=[===========>                                       ]  1.801MB/8.065MB, id=12bab27fafd3, from=null, time=null, errorDetail=null, error=null, aux=null)
21:30:45.966 [docker-java-stream--2064336329] DEBUG com.github.dockerjava.api.command.PullImageResultCallback - ResponseItem(stream=null, status=Downloading, progressDetail=ResponseItem.ProgressDetail(current=5962053, total=29125963, start=null), progress=[==========>                                        ]  5.962MB/29.13MB, id=af107e978371, from=null, time=null, errorDetail=null, error=null, aux=null)
21:30:45.967 [docker-java-stream--2064336329] DEBUG com.github.dockerjava.api.command.PullImageResultCallback - ResponseItem(stream=null, status=Downloading, progressDetail=ResponseItem.ProgressDetail(current=1883364, total=8065496, start=null), progress=[===========>                                       ]  1.883MB/8.065MB, id=12bab27fafd3, from=null, time=null, errorDetail=null, error=null, aux=null)
21:30:46.536 [docker-java-stream--2064336329] DEBUG com.github.dockerjava.api.command.PullImageResultCallback - ResponseItem(stream=null, status=Downloading, progressDetail=ResponseItem.ProgressDetail(current=6269253, total=29125963, start=null), progress=[==========>                                        ]  6.269MB/29.13MB, id=af107e978371, from=null, time=null, errorDetail=null, error=null, aux=null)
21:30:47.873 [docker-java-stream--2064336329] DEBUG com.github.dockerjava.zerodep.shaded.org.apache.hc.client5.http.wire - http-outgoing-1 << "bc[\r][\n]"
21:30:47.873 [docker-java-stream--2064336329] DEBUG com.github.dockerjava.zerodep.shaded.org.apache.hc.client5.http.wire - http-outgoing-1 << "{"status":"Downloading","progressDetail":{"current":2136379,"total":8065496},"progress":"[=============\u003e                                     ]  2.136MB/8.065MB","id":"12bab27fafd3"}[\r][\n]"
21:30:47.873 [docker-java-stream--2064336329] DEBUG com.github.dockerjava.zerodep.shaded.org.apache.hc.client5.http.wire - http-outgoing-1 << "[\r][\n]"
21:30:47.874 [docker-java-stream--2064336329] DEBUG com.github.dockerjava.api.command.PullImageResultCallback - ResponseItem(stream=null, status=Downloading, progressDetail=ResponseItem.ProgressDetail(current=2136379, total=8065496, start=null), progress=[=============>                                     ]  2.136MB/8.065MB, id=12bab27fafd3, from=null, time=null, errorDetail=null, error=null, aux=null)
21:30:48.021 [docker-java-stream--2064336329] DEBUG com.github.dockerjava.zerodep.shaded.org.apache.hc.client5.http.wire - http-outgoing-1 << "bd[\r][\n]"
21:30:48.021 [docker-java-stream--2064336329] DEBUG com.github.dockerjava.zerodep.shaded.org.apache.hc.client5.http.wire - http-outgoing-1 << "{"status":"Downloading","progressDetail":{"current":6564165,"total":29125963},"progress":"[===========\u003e                                       ]  6.564MB/29.13MB","id":"af107e978371"}[\r][\n]"
21:30:48.021 [docker-java-stream--2064336329] DEBUG com.github.dockerjava.zerodep.shaded.org.apache.hc.client5.http.wire - http-outgoing-1 << "[\r][\n]"
21:30:48.021 [docker-java-stream--2064336329] DEBUG com.github.dockerjava.api.command.PullImageResultCallback - ResponseItem(stream=null, status=Downloading, progressDetail=ResponseItem.ProgressDetail(current=6564165, total=29125963, start=null), progress=[===========>                                       ]  6.564MB/29.13MB, id=af107e978371, from=null, time=null, errorDetail=null, error=null, aux=null)
21:30:49.363 [docker-java-stream--2064336329] DEBUG com.github.dockerjava.zerodep.shaded.org.apache.hc.client5.http.wire - http-outgoing-1 << "468[\r][\n]"
21:30:49.363 [docker-java-stream--2064336329] DEBUG com.github.dockerjava.zerodep.shaded.org.apache.hc.client5.http.wire - http-outgoing-1 << "{"status":"Downloading","progressDetail":{"current":2300219,"total":8065496},"progress":"[==============\u003e                                    ]    2.3MB/8.065MB","id":"12bab27fafd3"}[\r][\n]"
21:30:49.363 [docker-java-stream--2064336329] DEBUG com.github.dockerjava.zerodep.shaded.org.apache.hc.client5.http.wire - http-outgoing-1 << "{"status":"Downloading","progressDetail":{"current":2382139,"total":8065496},"progress":"[==============\u003e                                    ]  2.382MB/8.065MB","id":"12bab27fafd3"}[\r][\n]"
21:30:49.363 [docker-java-stream--2064336329] DEBUG com.github.dockerjava.zerodep.shaded.org.apache.hc.client5.http.wire - http-outgoing-1 << "{"status":"Downloading","progressDetail":{"current":6871365,"total":29125963},"progress":"[===========\u003e                                       ]  6.871MB/29.13MB","id":"af107e978371"}[\r][\n]"
21:30:49.363 [docker-java-stream--2064336329] DEBUG com.github.dockerjava.zerodep.shaded.org.apache.hc.client5.http.wire - http-outgoing-1 << "{"status":"Downloading","progressDetail":{"current":2545979,"total":8065496},"progress":"[===============\u003e                                   ]  2.546MB/8.065MB","id":"12bab27fafd3"}[\r][\n]"
21:30:49.363 [docker-java-stream--2064336329] DEBUG com.github.dockerjava.zerodep.shaded.org.apache.hc.client5.http.wire - http-outgoing-1 << "{"status":"Downloading","progressDetail":{"current":13039,"total":1195120},"progress":"[\u003e                                                  ]  13.04kB/1.195MB","id":"644cfda281a1"}[\r][\n]"
21:30:49.363 [docker-java-stream--2064336329] DEBUG com.github.dockerjava.zerodep.shaded.org.apache.hc.client5.http.wire - http-outgoing-1 << "{"status":"Downloading","progressDetail":{"current":7178565,"total":29125963},"progress":"[============\u003e                                      ]  7.179MB/29.13MB","id":"af107e978371"}[\r][\n]"
21:30:49.363 [docker-java-stream--2064336329] DEBUG com.github.dockerjava.zerodep.shaded.org.apache.hc.client5.http.wire - http-outgoing-1 << "[\r][\n]"
21:30:49.363 [docker-java-stream--2064336329] DEBUG com.github.dockerjava.api.command.PullImageResultCallback - ResponseItem(stream=null, status=Downloading, progressDetail=ResponseItem.ProgressDetail(current=2300219, total=8065496, start=null), progress=[==============>                                    ]    2.3MB/8.065MB, id=12bab27fafd3, from=null, time=null, errorDetail=null, error=null, aux=null)
21:30:49.364 [docker-java-stream--2064336329] DEBUG com.github.dockerjava.api.command.PullImageResultCallback - ResponseItem(stream=null, status=Downloading, progressDetail=ResponseItem.ProgressDetail(current=2382139, total=8065496, start=null), progress=[==============>                                    ]  2.382MB/8.065MB, id=12bab27fafd3, from=null, time=null, errorDetail=null, error=null, aux=null)
21:30:49.364 [docker-java-stream--2064336329] DEBUG com.github.dockerjava.api.command.PullImageResultCallback - ResponseItem(stream=null, status=Downloading, progressDetail=ResponseItem.ProgressDetail(current=6871365, total=29125963, start=null), progress=[===========>                                       ]  6.871MB/29.13MB, id=af107e978371, from=null, time=null, errorDetail=null, error=null, aux=null)
21:30:49.364 [docker-java-stream--2064336329] DEBUG com.github.dockerjava.api.command.PullImageResultCallback - ResponseItem(stream=null, status=Downloading, progressDetail=ResponseItem.ProgressDetail(current=2545979, total=8065496, start=null), progress=[===============>                                   ]  2.546MB/8.065MB, id=12bab27fafd3, from=null, time=null, errorDetail=null, error=null, aux=null)
21:30:49.365 [docker-java-stream--2064336329] DEBUG com.github.dockerjava.api.command.PullImageResultCallback - ResponseItem(stream=null, status=Downloading, progressDetail=ResponseItem.ProgressDetail(current=13039, total=1195120, start=null), progress=[>                                                  ]  13.04kB/1.195MB, id=644cfda281a1, from=null, time=null, errorDetail=null, error=null, aux=null)
21:30:49.365 [docker-java-stream--2064336329] DEBUG com.github.dockerjava.api.command.PullImageResultCallback - ResponseItem(stream=null, status=Downloading, progressDetail=ResponseItem.ProgressDetail(current=7178565, total=29125963, start=null), progress=[============>                                      ]  7.179MB/29.13MB, id=af107e978371, from=null, time=null, errorDetail=null, error=null, aux=null)
21:30:50.682 [docker-java-stream--2064336329] DEBUG com.github.dockerjava.zerodep.shaded.org.apache.hc.client5.http.wire - http-outgoing-1 << "3a9[\r][\n]"
21:30:50.682 [docker-java-stream--2064336329] DEBUG com.github.dockerjava.zerodep.shaded.org.apache.hc.client5.http.wire - http-outgoing-1 << "{"status":"Downloading","progressDetail":{"current":2873659,"total":8065496},"progress":"[=================\u003e                                 ]  2.874MB/8.065MB","id":"12bab27fafd3"}[\r][\n]"
21:30:50.682 [docker-java-stream--2064336329] DEBUG com.github.dockerjava.zerodep.shaded.org.apache.hc.client5.http.wire - http-outgoing-1 << "{"status":"Downloading","progressDetail":{"current":310501,"total":1195120},"progress":"[============\u003e                                      ]  310.5kB/1.195MB","id":"644cfda281a1"}[\r][\n]"
21:30:50.682 [docker-java-stream--2064336329] DEBUG com.github.dockerjava.zerodep.shaded.org.apache.hc.client5.http.wire - http-outgoing-1 << "{"status":"Downloading","progressDetail":{"current":2955579,"total":8065496},"progress":"[==================\u003e                                ]  2.956MB/8.065MB","id":"12bab27fafd3"}[\r][\n]"
21:30:50.682 [docker-java-stream--2064336329] DEBUG com.github.dockerjava.zerodep.shaded.org.apache.hc.client5.http.wire - http-outgoing-1 << "{"status":"Downloading","progressDetail":{"current":474341,"total":1195120},"progress":"[===================\u003e                               ]  474.3kB/1.195MB","id":"644cfda281a1"}[\r][\n]"
21:30:50.683 [docker-java-stream--2064336329] DEBUG com.github.dockerjava.zerodep.shaded.org.apache.hc.client5.http.wire - http-outgoing-1 << "{"status":"Downloading","progressDetail":{"current":490725,"total":1195120},"progress":"[====================\u003e                              ]  490.7kB/1.195MB","id":"644cfda281a1"}[\r][\n]"
21:30:50.683 [docker-java-stream--2064336329] DEBUG com.github.dockerjava.zerodep.shaded.org.apache.hc.client5.http.wire - http-outgoing-1 << "[\r][\n]"
21:30:50.683 [docker-java-stream--2064336329] DEBUG com.github.dockerjava.api.command.PullImageResultCallback - ResponseItem(stream=null, status=Downloading, progressDetail=ResponseItem.ProgressDetail(current=2873659, total=8065496, start=null), progress=[=================>                                 ]  2.874MB/8.065MB, id=12bab27fafd3, from=null, time=null, errorDetail=null, error=null, aux=null)
21:30:50.683 [docker-java-stream--2064336329] DEBUG com.github.dockerjava.api.command.PullImageResultCallback - ResponseItem(stream=null, status=Downloading, progressDetail=ResponseItem.ProgressDetail(current=310501, total=1195120, start=null), progress=[============>                                      ]  310.5kB/1.195MB, id=644cfda281a1, from=null, time=null, errorDetail=null, error=null, aux=null)
21:30:50.684 [docker-java-stream--2064336329] DEBUG com.github.dockerjava.api.command.PullImageResultCallback - ResponseItem(stream=null, status=Downloading, progressDetail=ResponseItem.ProgressDetail(current=2955579, total=8065496, start=null), progress=[==================>                                ]  2.956MB/8.065MB, id=12bab27fafd3, from=null, time=null, errorDetail=null, error=null, aux=null)
21:30:50.684 [docker-java-stream--2064336329] DEBUG com.github.dockerjava.api.command.PullImageResultCallback - ResponseItem(stream=null, status=Downloading, progressDetail=ResponseItem.ProgressDetail(current=474341, total=1195120, start=null), progress=[===================>                               ]  474.3kB/1.195MB, id=644cfda281a1, from=null, time=null, errorDetail=null, error=null, aux=null)
21:30:50.684 [docker-java-stream--2064336329] DEBUG com.github.dockerjava.api.command.PullImageResultCallback - ResponseItem(stream=null, status=Downloading, progressDetail=ResponseItem.ProgressDetail(current=490725, total=1195120, start=null), progress=[====================>                              ]  490.7kB/1.195MB, id=644cfda281a1, from=null, time=null, errorDetail=null, error=null, aux=null)
21:30:51.051 [docker-java-stream--2064336329] DEBUG com.github.dockerjava.zerodep.shaded.org.apache.hc.client5.http.wire - http-outgoing-1 << "bb[\r][\n]"
21:30:51.051 [docker-java-stream--2064336329] DEBUG com.github.dockerjava.zerodep.shaded.org.apache.hc.client5.http.wire - http-outgoing-1 << "{"status":"Downloading","progressDetail":{"current":572645,"total":1195120},"progress":"[=======================\u003e                           ]  572.6kB/1.195MB","id":"644cfda281a1"}[\r][\n]"
21:30:51.051 [docker-java-stream--2064336329] DEBUG com.github.dockerjava.zerodep.shaded.org.apache.hc.client5.http.wire - http-outgoing-1 << "[\r][\n]"
21:30:51.051 [docker-java-stream--2064336329] DEBUG com.github.dockerjava.api.command.PullImageResultCallback - ResponseItem(stream=null, status=Downloading, progressDetail=ResponseItem.ProgressDetail(current=572645, total=1195120, start=null), progress=[=======================>                           ]  572.6kB/1.195MB, id=644cfda281a1, from=null, time=null, errorDetail=null, error=null, aux=null)
21:30:51.483 [docker-java-stream--2064336329] DEBUG com.github.dockerjava.zerodep.shaded.org.apache.hc.client5.http.wire - http-outgoing-1 << "62a[\r][\n]"
21:30:51.492 [docker-java-stream--2064336329] DEBUG com.github.dockerjava.zerodep.shaded.org.apache.hc.client5.http.wire - http-outgoing-1 << "{"status":"Downloading","progressDetail":{"current":7473477,"total":29125963},"progress":"[============\u003e                                      ]  7.473MB/29.13MB","id":"af107e978371"}[\r][\n]"
21:30:51.492 [docker-java-stream--2064336329] DEBUG com.github.dockerjava.zerodep.shaded.org.apache.hc.client5.http.wire - http-outgoing-1 << "{"status":"Downloading","progressDetail":{"current":3037499,"total":8065496},"progress":"[==================\u003e                                ]  3.037MB/8.065MB","id":"12bab27fafd3"}[\r][\n]"
21:30:51.492 [docker-java-stream--2064336329] DEBUG com.github.dockerjava.zerodep.shaded.org.apache.hc.client5.http.wire - http-outgoing-1 << "{"status":"Downloading","progressDetail":{"current":7768389,"total":29125963},"progress":"[=============\u003e                                     ]  7.768MB/29.13MB","id":"af107e978371"}[\r][\n]"
21:30:51.492 [docker-java-stream--2064336329] DEBUG com.github.dockerjava.zerodep.shaded.org.apache.hc.client5.http.wire - http-outgoing-1 << "{"status":"Downloading","progressDetail":{"current":654565,"total":1195120},"progress":"[===========================\u003e                       ]  654.6kB/1.195MB","id":"644cfda281a1"}[\r][\n]"
21:30:51.492 [docker-java-stream--2064336329] DEBUG com.github.dockerjava.zerodep.shaded.org.apache.hc.client5.http.wire - http-outgoing-1 << "{"status":"Downloading","progressDetail":{"current":3201339,"total":8065496},"progress":"[===================\u003e                               ]  3.201MB/8.065MB","id":"12bab27fafd3"}[\r][\n]"
21:30:51.492 [docker-java-stream--2064336329] DEBUG com.github.dockerjava.zerodep.shaded.org.apache.hc.client5.http.wire - http-outgoing-1 << "{"status":"Downloading","progressDetail":{"current":8063301,"total":29125963},"progress":"[=============\u003e                                     ]  8.063MB/29.13MB","id":"af107e978371"}[\r][\n]"
21:30:51.492 [docker-java-stream--2064336329] DEBUG com.github.dockerjava.zerodep.shaded.org.apache.hc.client5.http.wire - http-outgoing-1 << "{"status":"Downloading","progressDetail":{"current":1046858,"total":1195120},"progress":"[===========================================\u003e       ]  1.047MB/1.195MB","id":"644cfda281a1"}[\r][\n]"
21:30:51.493 [docker-java-stream--2064336329] DEBUG com.github.dockerjava.zerodep.shaded.org.apache.hc.client5.http.wire - http-outgoing-1 << "{"status":"Download complete","progressDetail":{},"id":"644cfda281a1"}[\r][\n]"
21:30:51.493 [docker-java-stream--2064336329] DEBUG com.github.dockerjava.zerodep.shaded.org.apache.hc.client5.http.wire - http-outgoing-1 << "{"status":"Downloading","progressDetail":{"current":3529019,"total":8065496},"progress":"[=====================\u003e                             ]  3.529MB/8.065MB","id":"12bab27fafd3"}[\r][\n]"
21:30:51.493 [docker-java-stream--2064336329] DEBUG com.github.dockerjava.zerodep.shaded.org.apache.hc.client5.http.wire - http-outgoing-1 << "[\r][\n]"
21:30:51.493 [docker-java-stream--2064336329] DEBUG com.github.dockerjava.api.command.PullImageResultCallback - ResponseItem(stream=null, status=Downloading, progressDetail=ResponseItem.ProgressDetail(current=7473477, total=29125963, start=null), progress=[============>                                      ]  7.473MB/29.13MB, id=af107e978371, from=null, time=null, errorDetail=null, error=null, aux=null)
21:30:51.494 [docker-java-stream--2064336329] DEBUG com.github.dockerjava.api.command.PullImageResultCallback - ResponseItem(stream=null, status=Downloading, progressDetail=ResponseItem.ProgressDetail(current=3037499, total=8065496, start=null), progress=[==================>                                ]  3.037MB/8.065MB, id=12bab27fafd3, from=null, time=null, errorDetail=null, error=null, aux=null)
21:30:51.494 [docker-java-stream--2064336329] DEBUG com.github.dockerjava.api.command.PullImageResultCallback - ResponseItem(stream=null, status=Downloading, progressDetail=ResponseItem.ProgressDetail(current=7768389, total=29125963, start=null), progress=[=============>                                     ]  7.768MB/29.13MB, id=af107e978371, from=null, time=null, errorDetail=null, error=null, aux=null)
21:30:51.494 [docker-java-stream--2064336329] DEBUG com.github.dockerjava.api.command.PullImageResultCallback - ResponseItem(stream=null, status=Downloading, progressDetail=ResponseItem.ProgressDetail(current=654565, total=1195120, start=null), progress=[===========================>                       ]  654.6kB/1.195MB, id=644cfda281a1, from=null, time=null, errorDetail=null, error=null, aux=null)
21:30:51.494 [docker-java-stream--2064336329] DEBUG com.github.dockerjava.api.command.PullImageResultCallback - ResponseItem(stream=null, status=Downloading, progressDetail=ResponseItem.ProgressDetail(current=3201339, total=8065496, start=null), progress=[===================>                               ]  3.201MB/8.065MB, id=12bab27fafd3, from=null, time=null, errorDetail=null, error=null, aux=null)
21:30:51.495 [docker-java-stream--2064336329] DEBUG com.github.dockerjava.api.command.PullImageResultCallback - ResponseItem(stream=null, status=Downloading, progressDetail=ResponseItem.ProgressDetail(current=8063301, total=29125963, start=null), progress=[=============>                                     ]  8.063MB/29.13MB, id=af107e978371, from=null, time=null, errorDetail=null, error=null, aux=null)
21:30:51.495 [docker-java-stream--2064336329] DEBUG com.github.dockerjava.api.command.PullImageResultCallback - ResponseItem(stream=null, status=Downloading, progressDetail=ResponseItem.ProgressDetail(current=1046858, total=1195120, start=null), progress=[===========================================>       ]  1.047MB/1.195MB, id=644cfda281a1, from=null, time=null, errorDetail=null, error=null, aux=null)
21:30:51.496 [docker-java-stream--2064336329] DEBUG com.github.dockerjava.api.command.PullImageResultCallback - ResponseItem(stream=null, status=Download complete, progressDetail=ResponseItem.ProgressDetail(current=null, total=null, start=null), progress=null, id=644cfda281a1, from=null, time=null, errorDetail=null, error=null, aux=null)
21:30:51.496 [docker-java-stream--2064336329] INFO tc.postgres:16.1 - Pulling image layers: 10 pending,  4 downloaded,  0 extracted, (16 MB/? MB)
21:30:51.497 [docker-java-stream--2064336329] DEBUG com.github.dockerjava.api.command.PullImageResultCallback - ResponseItem(stream=null, status=Downloading, progressDetail=ResponseItem.ProgressDetail(current=3529019, total=8065496, start=null), progress=[=====================>                             ]  3.529MB/8.065MB, id=12bab27fafd3, from=null, time=null, errorDetail=null, error=null, aux=null)
21:30:51.871 [docker-java-stream--2064336329] DEBUG com.github.dockerjava.zerodep.shaded.org.apache.hc.client5.http.wire - http-outgoing-1 << "2f2[\r][\n]"
21:30:51.871 [docker-java-stream--2064336329] DEBUG com.github.dockerjava.zerodep.shaded.org.apache.hc.client5.http.wire - http-outgoing-1 << "{"status":"Downloading","progressDetail":{"current":3864891,"total":8065496},"progress":"[=======================\u003e                           ]  3.865MB/8.065MB","id":"12bab27fafd3"}[\r][\n]"
21:30:51.871 [docker-java-stream--2064336329] DEBUG com.github.dockerjava.zerodep.shaded.org.apache.hc.client5.http.wire - http-outgoing-1 << "{"status":"Downloading","progressDetail":{"current":8960325,"total":29125963},"progress":"[===============\u003e                                   ]   8.96MB/29.13MB","id":"af107e978371"}[\r][\n]"
21:30:51.871 [docker-java-stream--2064336329] DEBUG com.github.dockerjava.zerodep.shaded.org.apache.hc.client5.http.wire - http-outgoing-1 << "{"status":"Downloading","progressDetail":{"current":4684091,"total":8065496},"progress":"[=============================\u003e                     ]  4.684MB/8.065MB","id":"12bab27fafd3"}[\r][\n]"
21:30:51.871 [docker-java-stream--2064336329] DEBUG com.github.dockerjava.zerodep.shaded.org.apache.hc.client5.http.wire - http-outgoing-1 << "{"status":"Downloading","progressDetail":{"current":9255237,"total":29125963},"progress":"[===============\u003e                                   ]  9.255MB/29.13MB","id":"af107e978371"}[\r][\n]"
21:30:51.871 [docker-java-stream--2064336329] DEBUG com.github.dockerjava.zerodep.shaded.org.apache.hc.client5.http.wire - http-outgoing-1 << "[\r][\n]"
21:30:51.872 [docker-java-stream--2064336329] DEBUG com.github.dockerjava.api.command.PullImageResultCallback - ResponseItem(stream=null, status=Downloading, progressDetail=ResponseItem.ProgressDetail(current=3864891, total=8065496, start=null), progress=[=======================>                           ]  3.865MB/8.065MB, id=12bab27fafd3, from=null, time=null, errorDetail=null, error=null, aux=null)
21:30:51.872 [docker-java-stream--2064336329] DEBUG com.github.dockerjava.api.command.PullImageResultCallback - ResponseItem(stream=null, status=Downloading, progressDetail=ResponseItem.ProgressDetail(current=8960325, total=29125963, start=null), progress=[===============>                                   ]   8.96MB/29.13MB, id=af107e978371, from=null, time=null, errorDetail=null, error=null, aux=null)
21:30:51.872 [docker-java-stream--2064336329] DEBUG com.github.dockerjava.api.command.PullImageResultCallback - ResponseItem(stream=null, status=Downloading, progressDetail=ResponseItem.ProgressDetail(current=4684091, total=8065496, start=null), progress=[=============================>                     ]  4.684MB/8.065MB, id=12bab27fafd3, from=null, time=null, errorDetail=null, error=null, aux=null)
21:30:51.872 [docker-java-stream--2064336329] DEBUG com.github.dockerjava.api.command.PullImageResultCallback - ResponseItem(stream=null, status=Downloading, progressDetail=ResponseItem.ProgressDetail(current=9255237, total=29125963, start=null), progress=[===============>                                   ]  9.255MB/29.13MB, id=af107e978371, from=null, time=null, errorDetail=null, error=null, aux=null)
21:30:52.093 [docker-java-stream--2064336329] DEBUG com.github.dockerjava.zerodep.shaded.org.apache.hc.client5.http.wire - http-outgoing-1 << "bc[\r][\n]"
21:30:52.093 [docker-java-stream--2064336329] DEBUG com.github.dockerjava.zerodep.shaded.org.apache.hc.client5.http.wire - http-outgoing-1 << "{"status":"Downloading","progressDetail":{"current":5011771,"total":8065496},"progress":"[===============================\u003e                   ]  5.012MB/8.065MB","id":"12bab27fafd3"}[\r][\n]"
21:30:52.093 [docker-java-stream--2064336329] DEBUG com.github.dockerjava.zerodep.shaded.org.apache.hc.client5.http.wire - http-outgoing-1 << "[\r][\n]"
21:30:52.094 [docker-java-stream--2064336329] DEBUG com.github.dockerjava.api.command.PullImageResultCallback - ResponseItem(stream=null, status=Downloading, progressDetail=ResponseItem.ProgressDetail(current=5011771, total=8065496, start=null), progress=[===============================>                   ]  5.012MB/8.065MB, id=12bab27fafd3, from=null, time=null, errorDetail=null, error=null, aux=null)
21:30:52.639 [docker-java-stream--2064336329] DEBUG com.github.dockerjava.zerodep.shaded.org.apache.hc.client5.http.wire - http-outgoing-1 << "178[\r][\n]"
21:30:52.640 [docker-java-stream--2064336329] DEBUG com.github.dockerjava.zerodep.shaded.org.apache.hc.client5.http.wire - http-outgoing-1 << "{"status":"Downloading","progressDetail":{"current":5515579,"total":8065496},"progress":"[==================================\u003e                ]  5.516MB/8.065MB","id":"12bab27fafd3"}[\r][\n]"
21:30:52.640 [docker-java-stream--2064336329] DEBUG com.github.dockerjava.zerodep.shaded.org.apache.hc.client5.http.wire - http-outgoing-1 << "{"status":"Downloading","progressDetail":{"current":5597499,"total":8065496},"progress":"[==================================\u003e                ]  5.597MB/8.065MB","id":"12bab27fafd3"}[\r][\n]"
21:30:52.640 [docker-java-stream--2064336329] DEBUG com.github.dockerjava.zerodep.shaded.org.apache.hc.client5.http.wire - http-outgoing-1 << "[\r][\n]"
21:30:52.640 [docker-java-stream--2064336329] DEBUG com.github.dockerjava.api.command.PullImageResultCallback - ResponseItem(stream=null, status=Downloading, progressDetail=ResponseItem.ProgressDetail(current=5515579, total=8065496, start=null), progress=[==================================>                ]  5.516MB/8.065MB, id=12bab27fafd3, from=null, time=null, errorDetail=null, error=null, aux=null)
21:30:52.640 [docker-java-stream--2064336329] DEBUG com.github.dockerjava.api.command.PullImageResultCallback - ResponseItem(stream=null, status=Downloading, progressDetail=ResponseItem.ProgressDetail(current=5597499, total=8065496, start=null), progress=[==================================>                ]  5.597MB/8.065MB, id=12bab27fafd3, from=null, time=null, errorDetail=null, error=null, aux=null)
21:30:52.670 [docker-java-stream--2064336329] DEBUG com.github.dockerjava.zerodep.shaded.org.apache.hc.client5.http.wire - http-outgoing-1 << "bc[\r][\n]"
21:30:52.670 [docker-java-stream--2064336329] DEBUG com.github.dockerjava.zerodep.shaded.org.apache.hc.client5.http.wire - http-outgoing-1 << "{"status":"Downloading","progressDetail":{"current":5761339,"total":8065496},"progress":"[===================================\u003e               ]  5.761MB/8.065MB","id":"12bab27fafd3"}[\r][\n]"
21:30:52.670 [docker-java-stream--2064336329] DEBUG com.github.dockerjava.zerodep.shaded.org.apache.hc.client5.http.wire - http-outgoing-1 << "[\r][\n]"
21:30:52.670 [docker-java-stream--2064336329] DEBUG com.github.dockerjava.api.command.PullImageResultCallback - ResponseItem(stream=null, status=Downloading, progressDetail=ResponseItem.ProgressDetail(current=5761339, total=8065496, start=null), progress=[===================================>               ]  5.761MB/8.065MB, id=12bab27fafd3, from=null, time=null, errorDetail=null, error=null, aux=null)
21:30:52.735 [docker-java-stream--2064336329] DEBUG com.github.dockerjava.zerodep.shaded.org.apache.hc.client5.http.wire - http-outgoing-1 << "bd[\r][\n]"
21:30:52.735 [docker-java-stream--2064336329] DEBUG com.github.dockerjava.zerodep.shaded.org.apache.hc.client5.http.wire - http-outgoing-1 << "{"status":"Downloading","progressDetail":{"current":9550149,"total":29125963},"progress":"[================\u003e                                  ]   9.55MB/29.13MB","id":"af107e978371"}[\r][\n]"
21:30:52.735 [docker-java-stream--2064336329] DEBUG com.github.dockerjava.zerodep.shaded.org.apache.hc.client5.http.wire - http-outgoing-1 << "[\r][\n]"
21:30:52.736 [docker-java-stream--2064336329] DEBUG com.github.dockerjava.api.command.PullImageResultCallback - ResponseItem(stream=null, status=Downloading, progressDetail=ResponseItem.ProgressDetail(current=9550149, total=29125963, start=null), progress=[================>                                  ]   9.55MB/29.13MB, id=af107e978371, from=null, time=null, errorDetail=null, error=null, aux=null)
21:30:53.041 [docker-java-stream--2064336329] DEBUG com.github.dockerjava.zerodep.shaded.org.apache.hc.client5.http.wire - http-outgoing-1 << "bc[\r][\n]"
21:30:53.041 [docker-java-stream--2064336329] DEBUG com.github.dockerjava.zerodep.shaded.org.apache.hc.client5.http.wire - http-outgoing-1 << "{"status":"Downloading","progressDetail":{"current":5843259,"total":8065496},"progress":"[====================================\u003e              ]  5.843MB/8.065MB","id":"12bab27fafd3"}[\r][\n]"
21:30:53.041 [docker-java-stream--2064336329] DEBUG com.github.dockerjava.zerodep.shaded.org.apache.hc.client5.http.wire - http-outgoing-1 << "[\r][\n]"
21:30:53.042 [docker-java-stream--2064336329] DEBUG com.github.dockerjava.api.command.PullImageResultCallback - ResponseItem(stream=null, status=Downloading, progressDetail=ResponseItem.ProgressDetail(current=5843259, total=8065496, start=null), progress=[====================================>              ]  5.843MB/8.065MB, id=12bab27fafd3, from=null, time=null, errorDetail=null, error=null, aux=null)
21:30:53.258 [docker-java-stream--2064336329] DEBUG com.github.dockerjava.zerodep.shaded.org.apache.hc.client5.http.wire - http-outgoing-1 << "178[\r][\n]"
21:30:53.258 [docker-java-stream--2064336329] DEBUG com.github.dockerjava.zerodep.shaded.org.apache.hc.client5.http.wire - http-outgoing-1 << "{"status":"Downloading","progressDetail":{"current":5925179,"total":8065496},"progress":"[====================================\u003e              ]  5.925MB/8.065MB","id":"12bab27fafd3"}[\r][\n]"
21:30:53.258 [docker-java-stream--2064336329] DEBUG com.github.dockerjava.zerodep.shaded.org.apache.hc.client5.http.wire - http-outgoing-1 << "{"status":"Downloading","progressDetail":{"current":6011195,"total":8065496},"progress":"[=====================================\u003e             ]  6.011MB/8.065MB","id":"12bab27fafd3"}[\r][\n]"
21:30:53.258 [docker-java-stream--2064336329] DEBUG com.github.dockerjava.zerodep.shaded.org.apache.hc.client5.http.wire - http-outgoing-1 << "[\r][\n]"
21:30:53.259 [docker-java-stream--2064336329] DEBUG com.github.dockerjava.api.command.PullImageResultCallback - ResponseItem(stream=null, status=Downloading, progressDetail=ResponseItem.ProgressDetail(current=5925179, total=8065496, start=null), progress=[====================================>              ]  5.925MB/8.065MB, id=12bab27fafd3, from=null, time=null, errorDetail=null, error=null, aux=null)
21:30:53.259 [docker-java-stream--2064336329] DEBUG com.github.dockerjava.api.command.PullImageResultCallback - ResponseItem(stream=null, status=Downloading, progressDetail=ResponseItem.ProgressDetail(current=6011195, total=8065496, start=null), progress=[=====================================>             ]  6.011MB/8.065MB, id=12bab27fafd3, from=null, time=null, errorDetail=null, error=null, aux=null)
21:30:53.892 [docker-java-stream--2064336329] DEBUG com.github.dockerjava.zerodep.shaded.org.apache.hc.client5.http.wire - http-outgoing-1 << "bc[\r][\n]"
21:30:53.892 [docker-java-stream--2064336329] DEBUG com.github.dockerjava.zerodep.shaded.org.apache.hc.client5.http.wire - http-outgoing-1 << "{"status":"Downloading","progressDetail":{"current":6093115,"total":8065496},"progress":"[=====================================\u003e             ]  6.093MB/8.065MB","id":"12bab27fafd3"}[\r][\n]"
21:30:53.893 [docker-java-stream--2064336329] DEBUG com.github.dockerjava.zerodep.shaded.org.apache.hc.client5.http.wire - http-outgoing-1 << "[\r][\n]"
21:30:53.895 [docker-java-stream--2064336329] DEBUG com.github.dockerjava.api.command.PullImageResultCallback - ResponseItem(stream=null, status=Downloading, progressDetail=ResponseItem.ProgressDetail(current=6093115, total=8065496, start=null), progress=[=====================================>             ]  6.093MB/8.065MB, id=12bab27fafd3, from=null, time=null, errorDetail=null, error=null, aux=null)
21:30:54.173 [docker-java-stream--2064336329] DEBUG com.github.dockerjava.zerodep.shaded.org.apache.hc.client5.http.wire - http-outgoing-1 << "bc[\r][\n]"
21:30:54.173 [docker-java-stream--2064336329] DEBUG com.github.dockerjava.zerodep.shaded.org.apache.hc.client5.http.wire - http-outgoing-1 << "{"status":"Downloading","progressDetail":{"current":6175035,"total":8065496},"progress":"[======================================\u003e            ]  6.175MB/8.065MB","id":"12bab27fafd3"}[\r][\n]"
21:30:54.173 [docker-java-stream--2064336329] DEBUG com.github.dockerjava.zerodep.shaded.org.apache.hc.client5.http.wire - http-outgoing-1 << "[\r][\n]"
21:30:54.174 [docker-java-stream--2064336329] DEBUG com.github.dockerjava.api.command.PullImageResultCallback - ResponseItem(stream=null, status=Downloading, progressDetail=ResponseItem.ProgressDetail(current=6175035, total=8065496, start=null), progress=[======================================>            ]  6.175MB/8.065MB, id=12bab27fafd3, from=null, time=null, errorDetail=null, error=null, aux=null)
21:30:54.290 [docker-java-stream--2064336329] DEBUG com.github.dockerjava.zerodep.shaded.org.apache.hc.client5.http.wire - http-outgoing-1 << "142[\r][\n]"
21:30:54.290 [docker-java-stream--2064336329] DEBUG com.github.dockerjava.zerodep.shaded.org.apache.hc.client5.http.wire - http-outgoing-1 << "{"status":"Downloading","progressDetail":{"current":116,"total":116},"progress":"[==================================================\u003e]     116B/116B","id":"03299695f2b9"}[\r][\n]"
21:30:54.290 [docker-java-stream--2064336329] DEBUG com.github.dockerjava.zerodep.shaded.org.apache.hc.client5.http.wire - http-outgoing-1 << "{"status":"Verifying Checksum","progressDetail":{},"id":"03299695f2b9"}[\r][\n]"
21:30:54.290 [docker-java-stream--2064336329] DEBUG com.github.dockerjava.zerodep.shaded.org.apache.hc.client5.http.wire - http-outgoing-1 << "{"status":"Download complete","progressDetail":{},"id":"03299695f2b9"}[\r][\n]"
21:30:54.290 [docker-java-stream--2064336329] DEBUG com.github.dockerjava.zerodep.shaded.org.apache.hc.client5.http.wire - http-outgoing-1 << "[\r][\n]"
21:30:54.290 [docker-java-stream--2064336329] DEBUG com.github.dockerjava.api.command.PullImageResultCallback - ResponseItem(stream=null, status=Downloading, progressDetail=ResponseItem.ProgressDetail(current=116, total=116, start=null), progress=[==================================================>]     116B/116B, id=03299695f2b9, from=null, time=null, errorDetail=null, error=null, aux=null)
21:30:54.291 [docker-java-stream--2064336329] DEBUG com.github.dockerjava.api.command.PullImageResultCallback - ResponseItem(stream=null, status=Verifying Checksum, progressDetail=ResponseItem.ProgressDetail(current=null, total=null, start=null), progress=null, id=03299695f2b9, from=null, time=null, errorDetail=null, error=null, aux=null)
21:30:54.291 [docker-java-stream--2064336329] DEBUG com.github.dockerjava.api.command.PullImageResultCallback - ResponseItem(stream=null, status=Download complete, progressDetail=ResponseItem.ProgressDetail(current=null, total=null, start=null), progress=null, id=03299695f2b9, from=null, time=null, errorDetail=null, error=null, aux=null)
21:30:54.292 [docker-java-stream--2064336329] INFO tc.postgres:16.1 - Pulling image layers:  9 pending,  5 downloaded,  0 extracted, (20 MB/? MB)
21:30:54.351 [docker-java-stream--2064336329] DEBUG com.github.dockerjava.zerodep.shaded.org.apache.hc.client5.http.wire - http-outgoing-1 << "bd[\r][\n]"
21:30:54.351 [docker-java-stream--2064336329] DEBUG com.github.dockerjava.zerodep.shaded.org.apache.hc.client5.http.wire - http-outgoing-1 << "{"status":"Downloading","progressDetail":{"current":9857349,"total":29125963},"progress":"[================\u003e                                  ]  9.857MB/29.13MB","id":"af107e978371"}[\r][\n]"
21:30:54.351 [docker-java-stream--2064336329] DEBUG com.github.dockerjava.zerodep.shaded.org.apache.hc.client5.http.wire - http-outgoing-1 << "[\r][\n]"
21:30:54.351 [docker-java-stream--2064336329] DEBUG com.github.dockerjava.api.command.PullImageResultCallback - ResponseItem(stream=null, status=Downloading, progressDetail=ResponseItem.ProgressDetail(current=9857349, total=29125963, start=null), progress=[================>                                  ]  9.857MB/29.13MB, id=af107e978371, from=null, time=null, errorDetail=null, error=null, aux=null)
21:30:54.419 [docker-java-stream--2064336329] DEBUG com.github.dockerjava.zerodep.shaded.org.apache.hc.client5.http.wire - http-outgoing-1 << "bc[\r][\n]"
21:30:54.420 [docker-java-stream--2064336329] DEBUG com.github.dockerjava.zerodep.shaded.org.apache.hc.client5.http.wire - http-outgoing-1 << "{"status":"Downloading","progressDetail":{"current":6256955,"total":8065496},"progress":"[======================================\u003e            ]  6.257MB/8.065MB","id":"12bab27fafd3"}[\r][\n]"
21:30:54.420 [docker-java-stream--2064336329] DEBUG com.github.dockerjava.zerodep.shaded.org.apache.hc.client5.http.wire - http-outgoing-1 << "[\r][\n]"
21:30:54.420 [docker-java-stream--2064336329] DEBUG com.github.dockerjava.api.command.PullImageResultCallback - ResponseItem(stream=null, status=Downloading, progressDetail=ResponseItem.ProgressDetail(current=6256955, total=8065496, start=null), progress=[======================================>            ]  6.257MB/8.065MB, id=12bab27fafd3, from=null, time=null, errorDetail=null, error=null, aux=null)
21:30:54.780 [docker-java-stream--2064336329] DEBUG com.github.dockerjava.zerodep.shaded.org.apache.hc.client5.http.wire - http-outgoing-1 << "bc[\r][\n]"
21:30:54.780 [docker-java-stream--2064336329] DEBUG com.github.dockerjava.zerodep.shaded.org.apache.hc.client5.http.wire - http-outgoing-1 << "{"status":"Downloading","progressDetail":{"current":6338875,"total":8065496},"progress":"[=======================================\u003e           ]  6.339MB/8.065MB","id":"12bab27fafd3"}[\r][\n]"
21:30:54.780 [docker-java-stream--2064336329] DEBUG com.github.dockerjava.zerodep.shaded.org.apache.hc.client5.http.wire - http-outgoing-1 << "[\r][\n]"
21:30:54.780 [docker-java-stream--2064336329] DEBUG com.github.dockerjava.api.command.PullImageResultCallback - ResponseItem(stream=null, status=Downloading, progressDetail=ResponseItem.ProgressDetail(current=6338875, total=8065496, start=null), progress=[=======================================>           ]  6.339MB/8.065MB, id=12bab27fafd3, from=null, time=null, errorDetail=null, error=null, aux=null)
21:30:55.247 [docker-java-stream--2064336329] DEBUG com.github.dockerjava.zerodep.shaded.org.apache.hc.client5.http.wire - http-outgoing-1 << "bc[\r][\n]"
21:30:55.247 [docker-java-stream--2064336329] DEBUG com.github.dockerjava.zerodep.shaded.org.apache.hc.client5.http.wire - http-outgoing-1 << "{"status":"Downloading","progressDetail":{"current":6420795,"total":8065496},"progress":"[=======================================\u003e           ]  6.421MB/8.065MB","id":"12bab27fafd3"}[\r][\n]"
21:30:55.247 [docker-java-stream--2064336329] DEBUG com.github.dockerjava.zerodep.shaded.org.apache.hc.client5.http.wire - http-outgoing-1 << "[\r][\n]"
21:30:55.248 [docker-java-stream--2064336329] DEBUG com.github.dockerjava.api.command.PullImageResultCallback - ResponseItem(stream=null, status=Downloading, progressDetail=ResponseItem.ProgressDetail(current=6420795, total=8065496, start=null), progress=[=======================================>           ]  6.421MB/8.065MB, id=12bab27fafd3, from=null, time=null, errorDetail=null, error=null, aux=null)
21:30:55.382 [docker-java-stream--2064336329] DEBUG com.github.dockerjava.zerodep.shaded.org.apache.hc.client5.http.wire - http-outgoing-1 << "bc[\r][\n]"
21:30:55.382 [docker-java-stream--2064336329] DEBUG com.github.dockerjava.zerodep.shaded.org.apache.hc.client5.http.wire - http-outgoing-1 << "{"status":"Downloading","progressDetail":{"current":6502715,"total":8065496},"progress":"[========================================\u003e          ]  6.503MB/8.065MB","id":"12bab27fafd3"}[\r][\n]"
21:30:55.382 [docker-java-stream--2064336329] DEBUG com.github.dockerjava.zerodep.shaded.org.apache.hc.client5.http.wire - http-outgoing-1 << "[\r][\n]"
21:30:55.383 [docker-java-stream--2064336329] DEBUG com.github.dockerjava.api.command.PullImageResultCallback - ResponseItem(stream=null, status=Downloading, progressDetail=ResponseItem.ProgressDetail(current=6502715, total=8065496, start=null), progress=[========================================>          ]  6.503MB/8.065MB, id=12bab27fafd3, from=null, time=null, errorDetail=null, error=null, aux=null)
21:30:55.632 [docker-java-stream--2064336329] DEBUG com.github.dockerjava.zerodep.shaded.org.apache.hc.client5.http.wire - http-outgoing-1 << "be[\r][\n]"
21:30:55.632 [docker-java-stream--2064336329] DEBUG com.github.dockerjava.zerodep.shaded.org.apache.hc.client5.http.wire - http-outgoing-1 << "{"status":"Downloading","progressDetail":{"current":10152261,"total":29125963},"progress":"[=================\u003e                                 ]  10.15MB/29.13MB","id":"af107e978371"}[\r][\n]"
21:30:55.632 [docker-java-stream--2064336329] DEBUG com.github.dockerjava.zerodep.shaded.org.apache.hc.client5.http.wire - http-outgoing-1 << "[\r][\n]"
21:30:55.633 [docker-java-stream--2064336329] DEBUG com.github.dockerjava.api.command.PullImageResultCallback - ResponseItem(stream=null, status=Downloading, progressDetail=ResponseItem.ProgressDetail(current=10152261, total=29125963, start=null), progress=[=================>                                 ]  10.15MB/29.13MB, id=af107e978371, from=null, time=null, errorDetail=null, error=null, aux=null)
21:30:55.660 [docker-java-stream--2064336329] DEBUG com.github.dockerjava.zerodep.shaded.org.apache.hc.client5.http.wire - http-outgoing-1 << "bc[\r][\n]"
21:30:55.660 [docker-java-stream--2064336329] DEBUG com.github.dockerjava.zerodep.shaded.org.apache.hc.client5.http.wire - http-outgoing-1 << "{"status":"Downloading","progressDetail":{"current":6584635,"total":8065496},"progress":"[========================================\u003e          ]  6.585MB/8.065MB","id":"12bab27fafd3"}[\r][\n]"
21:30:55.661 [docker-java-stream--2064336329] DEBUG com.github.dockerjava.zerodep.shaded.org.apache.hc.client5.http.wire - http-outgoing-1 << "[\r][\n]"
21:30:55.661 [docker-java-stream--2064336329] DEBUG com.github.dockerjava.api.command.PullImageResultCallback - ResponseItem(stream=null, status=Downloading, progressDetail=ResponseItem.ProgressDetail(current=6584635, total=8065496, start=null), progress=[========================================>          ]  6.585MB/8.065MB, id=12bab27fafd3, from=null, time=null, errorDetail=null, error=null, aux=null)
21:30:55.837 [docker-java-stream--2064336329] DEBUG com.github.dockerjava.zerodep.shaded.org.apache.hc.client5.http.wire - http-outgoing-1 << "bc[\r][\n]"
21:30:55.837 [docker-java-stream--2064336329] DEBUG com.github.dockerjava.zerodep.shaded.org.apache.hc.client5.http.wire - http-outgoing-1 << "{"status":"Downloading","progressDetail":{"current":6748475,"total":8065496},"progress":"[=========================================\u003e         ]  6.748MB/8.065MB","id":"12bab27fafd3"}[\r][\n]"
21:30:55.837 [docker-java-stream--2064336329] DEBUG com.github.dockerjava.zerodep.shaded.org.apache.hc.client5.http.wire - http-outgoing-1 << "[\r][\n]"
21:30:55.838 [docker-java-stream--2064336329] DEBUG com.github.dockerjava.api.command.PullImageResultCallback - ResponseItem(stream=null, status=Downloading, progressDetail=ResponseItem.ProgressDetail(current=6748475, total=8065496, start=null), progress=[=========================================>         ]  6.748MB/8.065MB, id=12bab27fafd3, from=null, time=null, errorDetail=null, error=null, aux=null)
21:30:55.876 [docker-java-stream--2064336329] DEBUG com.github.dockerjava.zerodep.shaded.org.apache.hc.client5.http.wire - http-outgoing-1 << "be[\r][\n]"
21:30:55.877 [docker-java-stream--2064336329] DEBUG com.github.dockerjava.zerodep.shaded.org.apache.hc.client5.http.wire - http-outgoing-1 << "{"status":"Downloading","progressDetail":{"current":10447173,"total":29125963},"progress":"[=================\u003e                                 ]  10.45MB/29.13MB","id":"af107e978371"}[\r][\n]"
21:30:55.877 [docker-java-stream--2064336329] DEBUG com.github.dockerjava.zerodep.shaded.org.apache.hc.client5.http.wire - http-outgoing-1 << "[\r][\n]"
21:30:55.878 [docker-java-stream--2064336329] DEBUG com.github.dockerjava.api.command.PullImageResultCallback - ResponseItem(stream=null, status=Downloading, progressDetail=ResponseItem.ProgressDetail(current=10447173, total=29125963, start=null), progress=[=================>                                 ]  10.45MB/29.13MB, id=af107e978371, from=null, time=null, errorDetail=null, error=null, aux=null)
21:30:55.928 [docker-java-stream--2064336329] DEBUG com.github.dockerjava.zerodep.shaded.org.apache.hc.client5.http.wire - http-outgoing-1 << "b5[\r][\n]"
21:30:55.928 [docker-java-stream--2064336329] DEBUG com.github.dockerjava.zerodep.shaded.org.apache.hc.client5.http.wire - http-outgoing-1 << "{"status":"Downloading","progressDetail":{"current":722,"total":3142},"progress":"[===========\u003e                                       ]     722B/3.142kB","id":"6e36bf1505f3"}[\r][\n]"
21:30:55.928 [docker-java-stream--2064336329] DEBUG com.github.dockerjava.zerodep.shaded.org.apache.hc.client5.http.wire - http-outgoing-1 << "[\r][\n]"
21:30:55.928 [docker-java-stream--2064336329] DEBUG com.github.dockerjava.api.command.PullImageResultCallback - ResponseItem(stream=null, status=Downloading, progressDetail=ResponseItem.ProgressDetail(current=722, total=3142, start=null), progress=[===========>                                       ]     722B/3.142kB, id=6e36bf1505f3, from=null, time=null, errorDetail=null, error=null, aux=null)
21:30:55.932 [docker-java-stream--2064336329] DEBUG com.github.dockerjava.zerodep.shaded.org.apache.hc.client5.http.wire - http-outgoing-1 << "147[\r][\n]"
21:30:55.932 [docker-java-stream--2064336329] DEBUG com.github.dockerjava.zerodep.shaded.org.apache.hc.client5.http.wire - http-outgoing-1 << "{"status":"Downloading","progressDetail":{"current":3142,"total":3142},"progress":"[==================================================\u003e]  3.142kB/3.142kB","id":"6e36bf1505f3"}[\r][\n]"
21:30:55.932 [docker-java-stream--2064336329] DEBUG com.github.dockerjava.zerodep.shaded.org.apache.hc.client5.http.wire - http-outgoing-1 << "{"status":"Verifying Checksum","progressDetail":{},"id":"6e36bf1505f3"}[\r][\n]"
21:30:55.932 [docker-java-stream--2064336329] DEBUG com.github.dockerjava.zerodep.shaded.org.apache.hc.client5.http.wire - http-outgoing-1 << "{"status":"Download complete","progressDetail":{},"id":"6e36bf1505f3"}[\r][\n]"
21:30:55.932 [docker-java-stream--2064336329] DEBUG com.github.dockerjava.zerodep.shaded.org.apache.hc.client5.http.wire - http-outgoing-1 << "[\r][\n]"
21:30:55.932 [docker-java-stream--2064336329] DEBUG com.github.dockerjava.api.command.PullImageResultCallback - ResponseItem(stream=null, status=Downloading, progressDetail=ResponseItem.ProgressDetail(current=3142, total=3142, start=null), progress=[==================================================>]  3.142kB/3.142kB, id=6e36bf1505f3, from=null, time=null, errorDetail=null, error=null, aux=null)
21:30:55.932 [docker-java-stream--2064336329] DEBUG com.github.dockerjava.api.command.PullImageResultCallback - ResponseItem(stream=null, status=Verifying Checksum, progressDetail=ResponseItem.ProgressDetail(current=null, total=null, start=null), progress=null, id=6e36bf1505f3, from=null, time=null, errorDetail=null, error=null, aux=null)
21:30:55.932 [docker-java-stream--2064336329] DEBUG com.github.dockerjava.api.command.PullImageResultCallback - ResponseItem(stream=null, status=Download complete, progressDetail=ResponseItem.ProgressDetail(current=null, total=null, start=null), progress=null, id=6e36bf1505f3, from=null, time=null, errorDetail=null, error=null, aux=null)
21:30:55.934 [docker-java-stream--2064336329] INFO tc.postgres:16.1 - Pulling image layers:  8 pending,  6 downloaded,  0 extracted, (22 MB/? MB)
21:30:55.943 [docker-java-stream--2064336329] DEBUG com.github.dockerjava.zerodep.shaded.org.apache.hc.client5.http.wire - http-outgoing-1 << "bc[\r][\n]"
21:30:55.943 [docker-java-stream--2064336329] DEBUG com.github.dockerjava.zerodep.shaded.org.apache.hc.client5.http.wire - http-outgoing-1 << "{"status":"Downloading","progressDetail":{"current":6830395,"total":8065496},"progress":"[==========================================\u003e        ]   6.83MB/8.065MB","id":"12bab27fafd3"}[\r][\n]"
21:30:55.943 [docker-java-stream--2064336329] DEBUG com.github.dockerjava.zerodep.shaded.org.apache.hc.client5.http.wire - http-outgoing-1 << "[\r][\n]"
21:30:55.943 [docker-java-stream--2064336329] DEBUG com.github.dockerjava.api.command.PullImageResultCallback - ResponseItem(stream=null, status=Downloading, progressDetail=ResponseItem.ProgressDetail(current=6830395, total=8065496, start=null), progress=[==========================================>        ]   6.83MB/8.065MB, id=12bab27fafd3, from=null, time=null, errorDetail=null, error=null, aux=null)
21:30:56.073 [docker-java-stream--2064336329] DEBUG com.github.dockerjava.zerodep.shaded.org.apache.hc.client5.http.wire - http-outgoing-1 << "bc[\r][\n]"
21:30:56.073 [docker-java-stream--2064336329] DEBUG com.github.dockerjava.zerodep.shaded.org.apache.hc.client5.http.wire - http-outgoing-1 << "{"status":"Downloading","progressDetail":{"current":6912315,"total":8065496},"progress":"[==========================================\u003e        ]  6.912MB/8.065MB","id":"12bab27fafd3"}[\r][\n]"
21:30:56.073 [docker-java-stream--2064336329] DEBUG com.github.dockerjava.zerodep.shaded.org.apache.hc.client5.http.wire - http-outgoing-1 << "[\r][\n]"
21:30:56.075 [docker-java-stream--2064336329] DEBUG com.github.dockerjava.api.command.PullImageResultCallback - ResponseItem(stream=null, status=Downloading, progressDetail=ResponseItem.ProgressDetail(current=6912315, total=8065496, start=null), progress=[==========================================>        ]  6.912MB/8.065MB, id=12bab27fafd3, from=null, time=null, errorDetail=null, error=null, aux=null)
21:30:56.183 [docker-java-stream--2064336329] DEBUG com.github.dockerjava.zerodep.shaded.org.apache.hc.client5.http.wire - http-outgoing-1 << "bc[\r][\n]"
21:30:56.183 [docker-java-stream--2064336329] DEBUG com.github.dockerjava.zerodep.shaded.org.apache.hc.client5.http.wire - http-outgoing-1 << "{"status":"Downloading","progressDetail":{"current":7076155,"total":8065496},"progress":"[===========================================\u003e       ]  7.076MB/8.065MB","id":"12bab27fafd3"}[\r][\n]"
21:30:56.183 [docker-java-stream--2064336329] DEBUG com.github.dockerjava.zerodep.shaded.org.apache.hc.client5.http.wire - http-outgoing-1 << "[\r][\n]"
21:30:56.184 [docker-java-stream--2064336329] DEBUG com.github.dockerjava.api.command.PullImageResultCallback - ResponseItem(stream=null, status=Downloading, progressDetail=ResponseItem.ProgressDetail(current=7076155, total=8065496, start=null), progress=[===========================================>       ]  7.076MB/8.065MB, id=12bab27fafd3, from=null, time=null, errorDetail=null, error=null, aux=null)
21:30:56.217 [docker-java-stream--2064336329] DEBUG com.github.dockerjava.zerodep.shaded.org.apache.hc.client5.http.wire - http-outgoing-1 << "be[\r][\n]"
21:30:56.217 [docker-java-stream--2064336329] DEBUG com.github.dockerjava.zerodep.shaded.org.apache.hc.client5.http.wire - http-outgoing-1 << "{"status":"Downloading","progressDetail":{"current":11036997,"total":29125963},"progress":"[==================\u003e                                ]  11.04MB/29.13MB","id":"af107e978371"}[\r][\n]"
21:30:56.217 [docker-java-stream--2064336329] DEBUG com.github.dockerjava.zerodep.shaded.org.apache.hc.client5.http.wire - http-outgoing-1 << "[\r][\n]"
21:30:56.218 [docker-java-stream--2064336329] DEBUG com.github.dockerjava.api.command.PullImageResultCallback - ResponseItem(stream=null, status=Downloading, progressDetail=ResponseItem.ProgressDetail(current=11036997, total=29125963, start=null), progress=[==================>                                ]  11.04MB/29.13MB, id=af107e978371, from=null, time=null, errorDetail=null, error=null, aux=null)
21:30:56.326 [docker-java-stream--2064336329] DEBUG com.github.dockerjava.zerodep.shaded.org.apache.hc.client5.http.wire - http-outgoing-1 << "bc[\r][\n]"
21:30:56.326 [docker-java-stream--2064336329] DEBUG com.github.dockerjava.zerodep.shaded.org.apache.hc.client5.http.wire - http-outgoing-1 << "{"status":"Downloading","progressDetail":{"current":7416123,"total":8065496},"progress":"[=============================================\u003e     ]  7.416MB/8.065MB","id":"12bab27fafd3"}[\r][\n]"
21:30:56.326 [docker-java-stream--2064336329] DEBUG com.github.dockerjava.zerodep.shaded.org.apache.hc.client5.http.wire - http-outgoing-1 << "[\r][\n]"
21:30:56.326 [docker-java-stream--2064336329] DEBUG com.github.dockerjava.api.command.PullImageResultCallback - ResponseItem(stream=null, status=Downloading, progressDetail=ResponseItem.ProgressDetail(current=7416123, total=8065496, start=null), progress=[=============================================>     ]  7.416MB/8.065MB, id=12bab27fafd3, from=null, time=null, errorDetail=null, error=null, aux=null)
21:30:56.412 [docker-java-stream--2064336329] DEBUG com.github.dockerjava.zerodep.shaded.org.apache.hc.client5.http.wire - http-outgoing-1 << "be[\r][\n]"
21:30:56.412 [docker-java-stream--2064336329] DEBUG com.github.dockerjava.zerodep.shaded.org.apache.hc.client5.http.wire - http-outgoing-1 << "{"status":"Downloading","progressDetail":{"current":11331909,"total":29125963},"progress":"[===================\u003e                               ]  11.33MB/29.13MB","id":"af107e978371"}[\r][\n]"
21:30:56.412 [docker-java-stream--2064336329] DEBUG com.github.dockerjava.zerodep.shaded.org.apache.hc.client5.http.wire - http-outgoing-1 << "[\r][\n]"
21:30:56.413 [docker-java-stream--2064336329] DEBUG com.github.dockerjava.api.command.PullImageResultCallback - ResponseItem(stream=null, status=Downloading, progressDetail=ResponseItem.ProgressDetail(current=11331909, total=29125963, start=null), progress=[===================>                               ]  11.33MB/29.13MB, id=af107e978371, from=null, time=null, errorDetail=null, error=null, aux=null)
21:30:56.476 [docker-java-stream--2064336329] DEBUG com.github.dockerjava.zerodep.shaded.org.apache.hc.client5.http.wire - http-outgoing-1 << "bc[\r][\n]"
21:30:56.476 [docker-java-stream--2064336329] DEBUG com.github.dockerjava.zerodep.shaded.org.apache.hc.client5.http.wire - http-outgoing-1 << "{"status":"Downloading","progressDetail":{"current":7825723,"total":8065496},"progress":"[================================================\u003e  ]  7.826MB/8.065MB","id":"12bab27fafd3"}[\r][\n]"
21:30:56.476 [docker-java-stream--2064336329] DEBUG com.github.dockerjava.zerodep.shaded.org.apache.hc.client5.http.wire - http-outgoing-1 << "[\r][\n]"
21:30:56.477 [docker-java-stream--2064336329] DEBUG com.github.dockerjava.api.command.PullImageResultCallback - ResponseItem(stream=null, status=Downloading, progressDetail=ResponseItem.ProgressDetail(current=7825723, total=8065496, start=null), progress=[================================================>  ]  7.826MB/8.065MB, id=12bab27fafd3, from=null, time=null, errorDetail=null, error=null, aux=null)
21:30:56.545 [docker-java-stream--2064336329] DEBUG com.github.dockerjava.zerodep.shaded.org.apache.hc.client5.http.wire - http-outgoing-1 << "be[\r][\n]"
21:30:56.546 [docker-java-stream--2064336329] DEBUG com.github.dockerjava.zerodep.shaded.org.apache.hc.client5.http.wire - http-outgoing-1 << "{"status":"Downloading","progressDetail":{"current":11639109,"total":29125963},"progress":"[===================\u003e                               ]  11.64MB/29.13MB","id":"af107e978371"}[\r][\n]"
21:30:56.546 [docker-java-stream--2064336329] DEBUG com.github.dockerjava.zerodep.shaded.org.apache.hc.client5.http.wire - http-outgoing-1 << "[\r][\n]"
21:30:56.547 [docker-java-stream--2064336329] DEBUG com.github.dockerjava.api.command.PullImageResultCallback - ResponseItem(stream=null, status=Downloading, progressDetail=ResponseItem.ProgressDetail(current=11639109, total=29125963, start=null), progress=[===================>                               ]  11.64MB/29.13MB, id=af107e978371, from=null, time=null, errorDetail=null, error=null, aux=null)
21:30:56.569 [docker-java-stream--2064336329] DEBUG com.github.dockerjava.zerodep.shaded.org.apache.hc.client5.http.wire - http-outgoing-1 << "91[\r][\n]"
21:30:56.569 [docker-java-stream--2064336329] DEBUG com.github.dockerjava.zerodep.shaded.org.apache.hc.client5.http.wire - http-outgoing-1 << "{"status":"Verifying Checksum","progressDetail":{},"id":"12bab27fafd3"}[\r][\n]"
21:30:56.569 [docker-java-stream--2064336329] DEBUG com.github.dockerjava.zerodep.shaded.org.apache.hc.client5.http.wire - http-outgoing-1 << "{"status":"Download complete","progressDetail":{},"id":"12bab27fafd3"}[\r][\n]"
21:30:56.569 [docker-java-stream--2064336329] DEBUG com.github.dockerjava.zerodep.shaded.org.apache.hc.client5.http.wire - http-outgoing-1 << "[\r][\n]"
21:30:56.569 [docker-java-stream--2064336329] DEBUG com.github.dockerjava.api.command.PullImageResultCallback - ResponseItem(stream=null, status=Verifying Checksum, progressDetail=ResponseItem.ProgressDetail(current=null, total=null, start=null), progress=null, id=12bab27fafd3, from=null, time=null, errorDetail=null, error=null, aux=null)
21:30:56.569 [docker-java-stream--2064336329] DEBUG com.github.dockerjava.api.command.PullImageResultCallback - ResponseItem(stream=null, status=Download complete, progressDetail=ResponseItem.ProgressDetail(current=null, total=null, start=null), progress=null, id=12bab27fafd3, from=null, time=null, errorDetail=null, error=null, aux=null)
21:30:56.571 [docker-java-stream--2064336329] INFO tc.postgres:16.1 - Pulling image layers:  7 pending,  7 downloaded,  0 extracted, (24 MB/? MB)
21:30:56.764 [docker-java-stream--2064336329] DEBUG com.github.dockerjava.zerodep.shaded.org.apache.hc.client5.http.wire - http-outgoing-1 << "be[\r][\n]"
21:30:56.764 [docker-java-stream--2064336329] DEBUG com.github.dockerjava.zerodep.shaded.org.apache.hc.client5.http.wire - http-outgoing-1 << "{"status":"Downloading","progressDetail":{"current":12228933,"total":29125963},"progress":"[====================\u003e                              ]  12.23MB/29.13MB","id":"af107e978371"}[\r][\n]"
21:30:56.764 [docker-java-stream--2064336329] DEBUG com.github.dockerjava.zerodep.shaded.org.apache.hc.client5.http.wire - http-outgoing-1 << "[\r][\n]"
21:30:56.766 [docker-java-stream--2064336329] DEBUG com.github.dockerjava.api.command.PullImageResultCallback - ResponseItem(stream=null, status=Downloading, progressDetail=ResponseItem.ProgressDetail(current=12228933, total=29125963, start=null), progress=[====================>                              ]  12.23MB/29.13MB, id=af107e978371, from=null, time=null, errorDetail=null, error=null, aux=null)
21:30:56.917 [docker-java-stream--2064336329] DEBUG com.github.dockerjava.zerodep.shaded.org.apache.hc.client5.http.wire - http-outgoing-1 << "be[\r][\n]"
21:30:56.917 [docker-java-stream--2064336329] DEBUG com.github.dockerjava.zerodep.shaded.org.apache.hc.client5.http.wire - http-outgoing-1 << "{"status":"Downloading","progressDetail":{"current":12523845,"total":29125963},"progress":"[=====================\u003e                             ]  12.52MB/29.13MB","id":"af107e978371"}[\r][\n]"
21:30:56.917 [docker-java-stream--2064336329] DEBUG com.github.dockerjava.zerodep.shaded.org.apache.hc.client5.http.wire - http-outgoing-1 << "[\r][\n]"
21:30:56.918 [docker-java-stream--2064336329] DEBUG com.github.dockerjava.api.command.PullImageResultCallback - ResponseItem(stream=null, status=Downloading, progressDetail=ResponseItem.ProgressDetail(current=12523845, total=29125963, start=null), progress=[=====================>                             ]  12.52MB/29.13MB, id=af107e978371, from=null, time=null, errorDetail=null, error=null, aux=null)
21:30:57.075 [docker-java-stream--2064336329] DEBUG com.github.dockerjava.zerodep.shaded.org.apache.hc.client5.http.wire - http-outgoing-1 << "be[\r][\n]"
21:30:57.075 [docker-java-stream--2064336329] DEBUG com.github.dockerjava.zerodep.shaded.org.apache.hc.client5.http.wire - http-outgoing-1 << "{"status":"Downloading","progressDetail":{"current":13412677,"total":29125963},"progress":"[=======================\u003e                           ]  13.41MB/29.13MB","id":"af107e978371"}[\r][\n]"
21:30:57.075 [docker-java-stream--2064336329] DEBUG com.github.dockerjava.zerodep.shaded.org.apache.hc.client5.http.wire - http-outgoing-1 << "[\r][\n]"
21:30:57.075 [docker-java-stream--2064336329] DEBUG com.github.dockerjava.api.command.PullImageResultCallback - ResponseItem(stream=null, status=Downloading, progressDetail=ResponseItem.ProgressDetail(current=13412677, total=29125963, start=null), progress=[=======================>                           ]  13.41MB/29.13MB, id=af107e978371, from=null, time=null, errorDetail=null, error=null, aux=null)
21:30:57.230 [docker-java-stream--2064336329] DEBUG com.github.dockerjava.zerodep.shaded.org.apache.hc.client5.http.wire - http-outgoing-1 << "be[\r][\n]"
21:30:57.230 [docker-java-stream--2064336329] DEBUG com.github.dockerjava.zerodep.shaded.org.apache.hc.client5.http.wire - http-outgoing-1 << "{"status":"Downloading","progressDetail":{"current":13707589,"total":29125963},"progress":"[=======================\u003e                           ]  13.71MB/29.13MB","id":"af107e978371"}[\r][\n]"
21:30:57.231 [docker-java-stream--2064336329] DEBUG com.github.dockerjava.zerodep.shaded.org.apache.hc.client5.http.wire - http-outgoing-1 << "[\r][\n]"
21:30:57.231 [docker-java-stream--2064336329] DEBUG com.github.dockerjava.api.command.PullImageResultCallback - ResponseItem(stream=null, status=Downloading, progressDetail=ResponseItem.ProgressDetail(current=13707589, total=29125963, start=null), progress=[=======================>                           ]  13.71MB/29.13MB, id=af107e978371, from=null, time=null, errorDetail=null, error=null, aux=null)
21:30:57.337 [docker-java-stream--2064336329] DEBUG com.github.dockerjava.zerodep.shaded.org.apache.hc.client5.http.wire - http-outgoing-1 << "be[\r][\n]"
21:30:57.337 [docker-java-stream--2064336329] DEBUG com.github.dockerjava.zerodep.shaded.org.apache.hc.client5.http.wire - http-outgoing-1 << "{"status":"Downloading","progressDetail":{"current":14313797,"total":29125963},"progress":"[========================\u003e                          ]  14.31MB/29.13MB","id":"af107e978371"}[\r][\n]"
21:30:57.337 [docker-java-stream--2064336329] DEBUG com.github.dockerjava.zerodep.shaded.org.apache.hc.client5.http.wire - http-outgoing-1 << "[\r][\n]"
21:30:57.337 [docker-java-stream--2064336329] DEBUG com.github.dockerjava.api.command.PullImageResultCallback - ResponseItem(stream=null, status=Downloading, progressDetail=ResponseItem.ProgressDetail(current=14313797, total=29125963, start=null), progress=[========================>                          ]  14.31MB/29.13MB, id=af107e978371, from=null, time=null, errorDetail=null, error=null, aux=null)
21:30:57.404 [docker-java-stream--2064336329] DEBUG com.github.dockerjava.zerodep.shaded.org.apache.hc.client5.http.wire - http-outgoing-1 << "bd[\r][\n]"
21:30:57.405 [docker-java-stream--2064336329] DEBUG com.github.dockerjava.zerodep.shaded.org.apache.hc.client5.http.wire - http-outgoing-1 << "{"status":"Downloading","progressDetail":{"current":539872,"total":108571409},"progress":"[\u003e                                                  ]  539.9kB/108.6MB","id":"a35465a6a76a"}[\r][\n]"
21:30:57.405 [docker-java-stream--2064336329] DEBUG com.github.dockerjava.zerodep.shaded.org.apache.hc.client5.http.wire - http-outgoing-1 << "[\r][\n]"
21:30:57.405 [docker-java-stream--2064336329] DEBUG com.github.dockerjava.api.command.PullImageResultCallback - ResponseItem(stream=null, status=Downloading, progressDetail=ResponseItem.ProgressDetail(current=539872, total=108571409, start=null), progress=[>                                                  ]  539.9kB/108.6MB, id=a35465a6a76a, from=null, time=null, errorDetail=null, error=null, aux=null)
21:30:57.526 [docker-java-stream--2064336329] DEBUG com.github.dockerjava.zerodep.shaded.org.apache.hc.client5.http.wire - http-outgoing-1 << "be[\r][\n]"
21:30:57.526 [docker-java-stream--2064336329] DEBUG com.github.dockerjava.zerodep.shaded.org.apache.hc.client5.http.wire - http-outgoing-1 << "{"status":"Downloading","progressDetail":{"current":14903621,"total":29125963},"progress":"[=========================\u003e                         ]   14.9MB/29.13MB","id":"af107e978371"}[\r][\n]"
21:30:57.526 [docker-java-stream--2064336329] DEBUG com.github.dockerjava.zerodep.shaded.org.apache.hc.client5.http.wire - http-outgoing-1 << "[\r][\n]"
21:30:57.526 [docker-java-stream--2064336329] DEBUG com.github.dockerjava.api.command.PullImageResultCallback - ResponseItem(stream=null, status=Downloading, progressDetail=ResponseItem.ProgressDetail(current=14903621, total=29125963, start=null), progress=[=========================>                         ]   14.9MB/29.13MB, id=af107e978371, from=null, time=null, errorDetail=null, error=null, aux=null)
21:30:57.686 [docker-java-stream--2064336329] DEBUG com.github.dockerjava.zerodep.shaded.org.apache.hc.client5.http.wire - http-outgoing-1 << "be[\r][\n]"
21:30:57.686 [docker-java-stream--2064336329] DEBUG com.github.dockerjava.zerodep.shaded.org.apache.hc.client5.http.wire - http-outgoing-1 << "{"status":"Downloading","progressDetail":{"current":16111941,"total":29125963},"progress":"[===========================\u003e                       ]  16.11MB/29.13MB","id":"af107e978371"}[\r][\n]"
21:30:57.686 [docker-java-stream--2064336329] DEBUG com.github.dockerjava.zerodep.shaded.org.apache.hc.client5.http.wire - http-outgoing-1 << "[\r][\n]"
21:30:57.687 [docker-java-stream--2064336329] DEBUG com.github.dockerjava.api.command.PullImageResultCallback - ResponseItem(stream=null, status=Downloading, progressDetail=ResponseItem.ProgressDetail(current=16111941, total=29125963, start=null), progress=[===========================>                       ]  16.11MB/29.13MB, id=af107e978371, from=null, time=null, errorDetail=null, error=null, aux=null)
21:30:57.803 [docker-java-stream--2064336329] DEBUG com.github.dockerjava.zerodep.shaded.org.apache.hc.client5.http.wire - http-outgoing-1 << "be[\r][\n]"
21:30:57.803 [docker-java-stream--2064336329] DEBUG com.github.dockerjava.zerodep.shaded.org.apache.hc.client5.http.wire - http-outgoing-1 << "{"status":"Downloading","progressDetail":{"current":17291589,"total":29125963},"progress":"[=============================\u003e                     ]  17.29MB/29.13MB","id":"af107e978371"}[\r][\n]"
21:30:57.803 [docker-java-stream--2064336329] DEBUG com.github.dockerjava.zerodep.shaded.org.apache.hc.client5.http.wire - http-outgoing-1 << "[\r][\n]"
21:30:57.804 [docker-java-stream--2064336329] DEBUG com.github.dockerjava.api.command.PullImageResultCallback - ResponseItem(stream=null, status=Downloading, progressDetail=ResponseItem.ProgressDetail(current=17291589, total=29125963, start=null), progress=[=============================>                     ]  17.29MB/29.13MB, id=af107e978371, from=null, time=null, errorDetail=null, error=null, aux=null)
21:30:57.926 [docker-java-stream--2064336329] DEBUG com.github.dockerjava.zerodep.shaded.org.apache.hc.client5.http.wire - http-outgoing-1 << "be[\r][\n]"
21:30:57.926 [docker-java-stream--2064336329] DEBUG com.github.dockerjava.zerodep.shaded.org.apache.hc.client5.http.wire - http-outgoing-1 << "{"status":"Downloading","progressDetail":{"current":1075520,"total":108571409},"progress":"[\u003e                                                  ]  1.076MB/108.6MB","id":"a35465a6a76a"}[\r][\n]"
21:30:57.926 [docker-java-stream--2064336329] DEBUG com.github.dockerjava.zerodep.shaded.org.apache.hc.client5.http.wire - http-outgoing-1 << "[\r][\n]"
21:30:57.927 [docker-java-stream--2064336329] DEBUG com.github.dockerjava.api.command.PullImageResultCallback - ResponseItem(stream=null, status=Downloading, progressDetail=ResponseItem.ProgressDetail(current=1075520, total=108571409, start=null), progress=[>                                                  ]  1.076MB/108.6MB, id=a35465a6a76a, from=null, time=null, errorDetail=null, error=null, aux=null)
21:30:57.945 [docker-java-stream--2064336329] DEBUG com.github.dockerjava.zerodep.shaded.org.apache.hc.client5.http.wire - http-outgoing-1 << "be[\r][\n]"
21:30:57.945 [docker-java-stream--2064336329] DEBUG com.github.dockerjava.zerodep.shaded.org.apache.hc.client5.http.wire - http-outgoing-1 << "{"status":"Downloading","progressDetail":{"current":17586501,"total":29125963},"progress":"[==============================\u003e                    ]  17.59MB/29.13MB","id":"af107e978371"}[\r][\n]"
21:30:57.945 [docker-java-stream--2064336329] DEBUG com.github.dockerjava.zerodep.shaded.org.apache.hc.client5.http.wire - http-outgoing-1 << "[\r][\n]"
21:30:57.945 [docker-java-stream--2064336329] DEBUG com.github.dockerjava.api.command.PullImageResultCallback - ResponseItem(stream=null, status=Downloading, progressDetail=ResponseItem.ProgressDetail(current=17586501, total=29125963, start=null), progress=[==============================>                    ]  17.59MB/29.13MB, id=af107e978371, from=null, time=null, errorDetail=null, error=null, aux=null)
21:30:58.066 [docker-java-stream--2064336329] DEBUG com.github.dockerjava.zerodep.shaded.org.apache.hc.client5.http.wire - http-outgoing-1 << "b5[\r][\n]"
21:30:58.066 [docker-java-stream--2064336329] DEBUG com.github.dockerjava.zerodep.shaded.org.apache.hc.client5.http.wire - http-outgoing-1 << "{"status":"Downloading","progressDetail":{"current":722,"total":9925},"progress":"[===\u003e                                               ]     722B/9.925kB","id":"83b026289c5c"}[\r][\n]"
21:30:58.066 [docker-java-stream--2064336329] DEBUG com.github.dockerjava.zerodep.shaded.org.apache.hc.client5.http.wire - http-outgoing-1 << "[\r][\n]"
21:30:58.067 [docker-java-stream--2064336329] DEBUG com.github.dockerjava.api.command.PullImageResultCallback - ResponseItem(stream=null, status=Downloading, progressDetail=ResponseItem.ProgressDetail(current=722, total=9925, start=null), progress=[===>                                               ]     722B/9.925kB, id=83b026289c5c, from=null, time=null, errorDetail=null, error=null, aux=null)
21:30:58.069 [docker-java-stream--2064336329] DEBUG com.github.dockerjava.zerodep.shaded.org.apache.hc.client5.http.wire - http-outgoing-1 << "48[\r][\n]"
21:30:58.069 [docker-java-stream--2064336329] DEBUG com.github.dockerjava.zerodep.shaded.org.apache.hc.client5.http.wire - http-outgoing-1 << "{"status":"Download complete","progressDetail":{},"id":"83b026289c5c"}[\r][\n]"
21:30:58.069 [docker-java-stream--2064336329] DEBUG com.github.dockerjava.zerodep.shaded.org.apache.hc.client5.http.wire - http-outgoing-1 << "[\r][\n]"
21:30:58.070 [docker-java-stream--2064336329] DEBUG com.github.dockerjava.api.command.PullImageResultCallback - ResponseItem(stream=null, status=Download complete, progressDetail=ResponseItem.ProgressDetail(current=null, total=null, start=null), progress=null, id=83b026289c5c, from=null, time=null, errorDetail=null, error=null, aux=null)
21:30:58.072 [docker-java-stream--2064336329] INFO tc.postgres:16.1 - Pulling image layers:  6 pending,  8 downloaded,  0 extracted, (30 MB/? MB)
21:30:58.427 [docker-java-stream--2064336329] DEBUG com.github.dockerjava.zerodep.shaded.org.apache.hc.client5.http.wire - http-outgoing-1 << "be[\r][\n]"
21:30:58.427 [docker-java-stream--2064336329] DEBUG com.github.dockerjava.zerodep.shaded.org.apache.hc.client5.http.wire - http-outgoing-1 << "{"status":"Downloading","progressDetail":{"current":17889605,"total":29125963},"progress":"[==============================\u003e                    ]  17.89MB/29.13MB","id":"af107e978371"}[\r][\n]"
21:30:58.427 [docker-java-stream--2064336329] DEBUG com.github.dockerjava.zerodep.shaded.org.apache.hc.client5.http.wire - http-outgoing-1 << "[\r][\n]"
21:30:58.428 [docker-java-stream--2064336329] DEBUG com.github.dockerjava.api.command.PullImageResultCallback - ResponseItem(stream=null, status=Downloading, progressDetail=ResponseItem.ProgressDetail(current=17889605, total=29125963, start=null), progress=[==============================>                    ]  17.89MB/29.13MB, id=af107e978371, from=null, time=null, errorDetail=null, error=null, aux=null)
21:30:58.570 [docker-java-stream--2064336329] DEBUG com.github.dockerjava.zerodep.shaded.org.apache.hc.client5.http.wire - http-outgoing-1 << "be[\r][\n]"
21:30:58.570 [docker-java-stream--2064336329] DEBUG com.github.dockerjava.zerodep.shaded.org.apache.hc.client5.http.wire - http-outgoing-1 << "{"status":"Downloading","progressDetail":{"current":1612096,"total":108571409},"progress":"[\u003e                                                  ]  1.612MB/108.6MB","id":"a35465a6a76a"}[\r][\n]"
21:30:58.570 [docker-java-stream--2064336329] DEBUG com.github.dockerjava.zerodep.shaded.org.apache.hc.client5.http.wire - http-outgoing-1 << "[\r][\n]"
21:30:58.571 [docker-java-stream--2064336329] DEBUG com.github.dockerjava.api.command.PullImageResultCallback - ResponseItem(stream=null, status=Downloading, progressDetail=ResponseItem.ProgressDetail(current=1612096, total=108571409, start=null), progress=[>                                                  ]  1.612MB/108.6MB, id=a35465a6a76a, from=null, time=null, errorDetail=null, error=null, aux=null)
21:30:59.009 [docker-java-stream--2064336329] DEBUG com.github.dockerjava.zerodep.shaded.org.apache.hc.client5.http.wire - http-outgoing-1 << "be[\r][\n]"
21:30:59.009 [docker-java-stream--2064336329] DEBUG com.github.dockerjava.zerodep.shaded.org.apache.hc.client5.http.wire - http-outgoing-1 << "{"status":"Downloading","progressDetail":{"current":18188613,"total":29125963},"progress":"[===============================\u003e                   ]  18.19MB/29.13MB","id":"af107e978371"}[\r][\n]"
21:30:59.009 [docker-java-stream--2064336329] DEBUG com.github.dockerjava.zerodep.shaded.org.apache.hc.client5.http.wire - http-outgoing-1 << "[\r][\n]"
21:30:59.010 [docker-java-stream--2064336329] DEBUG com.github.dockerjava.api.command.PullImageResultCallback - ResponseItem(stream=null, status=Downloading, progressDetail=ResponseItem.ProgressDetail(current=18188613, total=29125963, start=null), progress=[===============================>                   ]  18.19MB/29.13MB, id=af107e978371, from=null, time=null, errorDetail=null, error=null, aux=null)
21:30:59.406 [docker-java-stream--2064336329] DEBUG com.github.dockerjava.zerodep.shaded.org.apache.hc.client5.http.wire - http-outgoing-1 << "be[\r][\n]"
21:30:59.406 [docker-java-stream--2064336329] DEBUG com.github.dockerjava.zerodep.shaded.org.apache.hc.client5.http.wire - http-outgoing-1 << "{"status":"Downloading","progressDetail":{"current":2152768,"total":108571409},"progress":"[\u003e                                                  ]  2.153MB/108.6MB","id":"a35465a6a76a"}[\r][\n]"
21:30:59.406 [docker-java-stream--2064336329] DEBUG com.github.dockerjava.zerodep.shaded.org.apache.hc.client5.http.wire - http-outgoing-1 << "[\r][\n]"
21:30:59.407 [docker-java-stream--2064336329] DEBUG com.github.dockerjava.api.command.PullImageResultCallback - ResponseItem(stream=null, status=Downloading, progressDetail=ResponseItem.ProgressDetail(current=2152768, total=108571409, start=null), progress=[>                                                  ]  2.153MB/108.6MB, id=a35465a6a76a, from=null, time=null, errorDetail=null, error=null, aux=null)
21:30:59.516 [docker-java-stream--2064336329] DEBUG com.github.dockerjava.zerodep.shaded.org.apache.hc.client5.http.wire - http-outgoing-1 << "be[\r][\n]"
21:30:59.516 [docker-java-stream--2064336329] DEBUG com.github.dockerjava.zerodep.shaded.org.apache.hc.client5.http.wire - http-outgoing-1 << "{"status":"Downloading","progressDetail":{"current":18483525,"total":29125963},"progress":"[===============================\u003e                   ]  18.48MB/29.13MB","id":"af107e978371"}[\r][\n]"
21:30:59.516 [docker-java-stream--2064336329] DEBUG com.github.dockerjava.zerodep.shaded.org.apache.hc.client5.http.wire - http-outgoing-1 << "[\r][\n]"
21:30:59.516 [docker-java-stream--2064336329] DEBUG com.github.dockerjava.api.command.PullImageResultCallback - ResponseItem(stream=null, status=Downloading, progressDetail=ResponseItem.ProgressDetail(current=18483525, total=29125963, start=null), progress=[===============================>                   ]  18.48MB/29.13MB, id=af107e978371, from=null, time=null, errorDetail=null, error=null, aux=null)
21:30:59.883 [docker-java-stream--2064336329] DEBUG com.github.dockerjava.zerodep.shaded.org.apache.hc.client5.http.wire - http-outgoing-1 << "be[\r][\n]"
21:30:59.883 [docker-java-stream--2064336329] DEBUG com.github.dockerjava.zerodep.shaded.org.apache.hc.client5.http.wire - http-outgoing-1 << "{"status":"Downloading","progressDetail":{"current":18786629,"total":29125963},"progress":"[================================\u003e                  ]  18.79MB/29.13MB","id":"af107e978371"}[\r][\n]"
21:30:59.883 [docker-java-stream--2064336329] DEBUG com.github.dockerjava.zerodep.shaded.org.apache.hc.client5.http.wire - http-outgoing-1 << "[\r][\n]"
21:30:59.884 [docker-java-stream--2064336329] DEBUG com.github.dockerjava.api.command.PullImageResultCallback - ResponseItem(stream=null, status=Downloading, progressDetail=ResponseItem.ProgressDetail(current=18786629, total=29125963, start=null), progress=[================================>                  ]  18.79MB/29.13MB, id=af107e978371, from=null, time=null, errorDetail=null, error=null, aux=null)
21:30:59.972 [docker-java-stream--2064336329] DEBUG com.github.dockerjava.zerodep.shaded.org.apache.hc.client5.http.wire - http-outgoing-1 << "be[\r][\n]"
21:30:59.972 [docker-java-stream--2064336329] DEBUG com.github.dockerjava.zerodep.shaded.org.apache.hc.client5.http.wire - http-outgoing-1 << "{"status":"Downloading","progressDetail":{"current":2693440,"total":108571409},"progress":"[=\u003e                                                 ]  2.693MB/108.6MB","id":"a35465a6a76a"}[\r][\n]"
21:30:59.972 [docker-java-stream--2064336329] DEBUG com.github.dockerjava.zerodep.shaded.org.apache.hc.client5.http.wire - http-outgoing-1 << "[\r][\n]"
21:30:59.974 [docker-java-stream--2064336329] DEBUG com.github.dockerjava.api.command.PullImageResultCallback - ResponseItem(stream=null, status=Downloading, progressDetail=ResponseItem.ProgressDetail(current=2693440, total=108571409, start=null), progress=[=>                                                 ]  2.693MB/108.6MB, id=a35465a6a76a, from=null, time=null, errorDetail=null, error=null, aux=null)
21:30:59.982 [docker-java-stream--2064336329] DEBUG com.github.dockerjava.zerodep.shaded.org.apache.hc.client5.http.wire - http-outgoing-1 << "b1[\r][\n]"
21:30:59.982 [docker-java-stream--2064336329] DEBUG com.github.dockerjava.zerodep.shaded.org.apache.hc.client5.http.wire - http-outgoing-1 << "{"status":"Downloading","progressDetail":{"current":128,"total":128},"progress":"[==================================================\u003e]     128B/128B","id":"c158e73dda41"}[\r][\n]"
21:30:59.982 [docker-java-stream--2064336329] DEBUG com.github.dockerjava.zerodep.shaded.org.apache.hc.client5.http.wire - http-outgoing-1 << "[\r][\n]"
21:30:59.983 [docker-java-stream--2064336329] DEBUG com.github.dockerjava.api.command.PullImageResultCallback - ResponseItem(stream=null, status=Downloading, progressDetail=ResponseItem.ProgressDetail(current=128, total=128, start=null), progress=[==================================================>]     128B/128B, id=c158e73dda41, from=null, time=null, errorDetail=null, error=null, aux=null)
21:30:59.983 [docker-java-stream--2064336329] DEBUG com.github.dockerjava.zerodep.shaded.org.apache.hc.client5.http.wire - http-outgoing-1 << "91[\r][\n]"
21:30:59.983 [docker-java-stream--2064336329] DEBUG com.github.dockerjava.zerodep.shaded.org.apache.hc.client5.http.wire - http-outgoing-1 << "{"status":"Verifying Checksum","progressDetail":{},"id":"c158e73dda41"}[\r][\n]"
21:30:59.983 [docker-java-stream--2064336329] DEBUG com.github.dockerjava.zerodep.shaded.org.apache.hc.client5.http.wire - http-outgoing-1 << "{"status":"Download complete","progressDetail":{},"id":"c158e73dda41"}[\r][\n]"
21:30:59.983 [docker-java-stream--2064336329] DEBUG com.github.dockerjava.zerodep.shaded.org.apache.hc.client5.http.wire - http-outgoing-1 << "[\r][\n]"
21:30:59.984 [docker-java-stream--2064336329] DEBUG com.github.dockerjava.api.command.PullImageResultCallback - ResponseItem(stream=null, status=Verifying Checksum, progressDetail=ResponseItem.ProgressDetail(current=null, total=null, start=null), progress=null, id=c158e73dda41, from=null, time=null, errorDetail=null, error=null, aux=null)
21:30:59.984 [docker-java-stream--2064336329] DEBUG com.github.dockerjava.api.command.PullImageResultCallback - ResponseItem(stream=null, status=Download complete, progressDetail=ResponseItem.ProgressDetail(current=null, total=null, start=null), progress=null, id=c158e73dda41, from=null, time=null, errorDetail=null, error=null, aux=null)
21:30:59.985 [docker-java-stream--2064336329] INFO tc.postgres:16.1 - Pulling image layers:  5 pending,  9 downloaded,  0 extracted, (33 MB/? MB)
21:31:00.482 [docker-java-stream--2064336329] DEBUG com.github.dockerjava.zerodep.shaded.org.apache.hc.client5.http.wire - http-outgoing-1 << "be[\r][\n]"
21:31:00.482 [docker-java-stream--2064336329] DEBUG com.github.dockerjava.zerodep.shaded.org.apache.hc.client5.http.wire - http-outgoing-1 << "{"status":"Downloading","progressDetail":{"current":19081541,"total":29125963},"progress":"[================================\u003e                  ]  19.08MB/29.13MB","id":"af107e978371"}[\r][\n]"
21:31:00.482 [docker-java-stream--2064336329] DEBUG com.github.dockerjava.zerodep.shaded.org.apache.hc.client5.http.wire - http-outgoing-1 << "[\r][\n]"
21:31:00.483 [docker-java-stream--2064336329] DEBUG com.github.dockerjava.api.command.PullImageResultCallback - ResponseItem(stream=null, status=Downloading, progressDetail=ResponseItem.ProgressDetail(current=19081541, total=29125963, start=null), progress=[================================>                  ]  19.08MB/29.13MB, id=af107e978371, from=null, time=null, errorDetail=null, error=null, aux=null)
21:31:00.876 [docker-java-stream--2064336329] DEBUG com.github.dockerjava.zerodep.shaded.org.apache.hc.client5.http.wire - http-outgoing-1 << "be[\r][\n]"
21:31:00.876 [docker-java-stream--2064336329] DEBUG com.github.dockerjava.zerodep.shaded.org.apache.hc.client5.http.wire - http-outgoing-1 << "{"status":"Downloading","progressDetail":{"current":3221824,"total":108571409},"progress":"[=\u003e                                                 ]  3.222MB/108.6MB","id":"a35465a6a76a"}[\r][\n]"
21:31:00.876 [docker-java-stream--2064336329] DEBUG com.github.dockerjava.zerodep.shaded.org.apache.hc.client5.http.wire - http-outgoing-1 << "[\r][\n]"
21:31:00.877 [docker-java-stream--2064336329] DEBUG com.github.dockerjava.api.command.PullImageResultCallback - ResponseItem(stream=null, status=Downloading, progressDetail=ResponseItem.ProgressDetail(current=3221824, total=108571409, start=null), progress=[=>                                                 ]  3.222MB/108.6MB, id=a35465a6a76a, from=null, time=null, errorDetail=null, error=null, aux=null)
21:31:00.914 [docker-java-stream--2064336329] DEBUG com.github.dockerjava.zerodep.shaded.org.apache.hc.client5.http.wire - http-outgoing-1 << "be[\r][\n]"
21:31:00.914 [docker-java-stream--2064336329] DEBUG com.github.dockerjava.zerodep.shaded.org.apache.hc.client5.http.wire - http-outgoing-1 << "{"status":"Downloading","progressDetail":{"current":19388741,"total":29125963},"progress":"[=================================\u003e                 ]  19.39MB/29.13MB","id":"af107e978371"}[\r][\n]"
21:31:00.914 [docker-java-stream--2064336329] DEBUG com.github.dockerjava.zerodep.shaded.org.apache.hc.client5.http.wire - http-outgoing-1 << "[\r][\n]"
21:31:00.914 [docker-java-stream--2064336329] DEBUG com.github.dockerjava.api.command.PullImageResultCallback - ResponseItem(stream=null, status=Downloading, progressDetail=ResponseItem.ProgressDetail(current=19388741, total=29125963, start=null), progress=[=================================>                 ]  19.39MB/29.13MB, id=af107e978371, from=null, time=null, errorDetail=null, error=null, aux=null)
21:31:01.318 [docker-java-stream--2064336329] DEBUG com.github.dockerjava.zerodep.shaded.org.apache.hc.client5.http.wire - http-outgoing-1 << "be[\r][\n]"
21:31:01.318 [docker-java-stream--2064336329] DEBUG com.github.dockerjava.zerodep.shaded.org.apache.hc.client5.http.wire - http-outgoing-1 << "{"status":"Downloading","progressDetail":{"current":3762496,"total":108571409},"progress":"[=\u003e                                                 ]  3.762MB/108.6MB","id":"a35465a6a76a"}[\r][\n]"
21:31:01.318 [docker-java-stream--2064336329] DEBUG com.github.dockerjava.zerodep.shaded.org.apache.hc.client5.http.wire - http-outgoing-1 << "[\r][\n]"
21:31:01.319 [docker-java-stream--2064336329] DEBUG com.github.dockerjava.api.command.PullImageResultCallback - ResponseItem(stream=null, status=Downloading, progressDetail=ResponseItem.ProgressDetail(current=3762496, total=108571409, start=null), progress=[=>                                                 ]  3.762MB/108.6MB, id=a35465a6a76a, from=null, time=null, errorDetail=null, error=null, aux=null)
21:31:01.355 [docker-java-stream--2064336329] DEBUG com.github.dockerjava.zerodep.shaded.org.apache.hc.client5.http.wire - http-outgoing-1 << "be[\r][\n]"
21:31:01.355 [docker-java-stream--2064336329] DEBUG com.github.dockerjava.zerodep.shaded.org.apache.hc.client5.http.wire - http-outgoing-1 << "{"status":"Downloading","progressDetail":{"current":19683653,"total":29125963},"progress":"[=================================\u003e                 ]  19.68MB/29.13MB","id":"af107e978371"}[\r][\n]"
21:31:01.355 [docker-java-stream--2064336329] DEBUG com.github.dockerjava.zerodep.shaded.org.apache.hc.client5.http.wire - http-outgoing-1 << "[\r][\n]"
21:31:01.356 [docker-java-stream--2064336329] DEBUG com.github.dockerjava.api.command.PullImageResultCallback - ResponseItem(stream=null, status=Downloading, progressDetail=ResponseItem.ProgressDetail(current=19683653, total=29125963, start=null), progress=[=================================>                 ]  19.68MB/29.13MB, id=af107e978371, from=null, time=null, errorDetail=null, error=null, aux=null)
21:31:01.524 [docker-java-stream--2064336329] DEBUG com.github.dockerjava.zerodep.shaded.org.apache.hc.client5.http.wire - http-outgoing-1 << "142[\r][\n]"
21:31:01.524 [docker-java-stream--2064336329] DEBUG com.github.dockerjava.zerodep.shaded.org.apache.hc.client5.http.wire - http-outgoing-1 << "{"status":"Downloading","progressDetail":{"current":169,"total":169},"progress":"[==================================================\u003e]     169B/169B","id":"264ae53c0064"}[\r][\n]"
21:31:01.524 [docker-java-stream--2064336329] DEBUG com.github.dockerjava.zerodep.shaded.org.apache.hc.client5.http.wire - http-outgoing-1 << "{"status":"Verifying Checksum","progressDetail":{},"id":"264ae53c0064"}[\r][\n]"
21:31:01.524 [docker-java-stream--2064336329] DEBUG com.github.dockerjava.zerodep.shaded.org.apache.hc.client5.http.wire - http-outgoing-1 << "{"status":"Download complete","progressDetail":{},"id":"264ae53c0064"}[\r][\n]"
21:31:01.524 [docker-java-stream--2064336329] DEBUG com.github.dockerjava.zerodep.shaded.org.apache.hc.client5.http.wire - http-outgoing-1 << "[\r][\n]"
21:31:01.524 [docker-java-stream--2064336329] DEBUG com.github.dockerjava.api.command.PullImageResultCallback - ResponseItem(stream=null, status=Downloading, progressDetail=ResponseItem.ProgressDetail(current=169, total=169, start=null), progress=[==================================================>]     169B/169B, id=264ae53c0064, from=null, time=null, errorDetail=null, error=null, aux=null)
21:31:01.525 [docker-java-stream--2064336329] DEBUG com.github.dockerjava.api.command.PullImageResultCallback - ResponseItem(stream=null, status=Verifying Checksum, progressDetail=ResponseItem.ProgressDetail(current=null, total=null, start=null), progress=null, id=264ae53c0064, from=null, time=null, errorDetail=null, error=null, aux=null)
21:31:01.525 [docker-java-stream--2064336329] DEBUG com.github.dockerjava.api.command.PullImageResultCallback - ResponseItem(stream=null, status=Download complete, progressDetail=ResponseItem.ProgressDetail(current=null, total=null, start=null), progress=null, id=264ae53c0064, from=null, time=null, errorDetail=null, error=null, aux=null)
21:31:01.526 [docker-java-stream--2064336329] INFO tc.postgres:16.1 - Pulling image layers:  4 pending, 10 downloaded,  0 extracted, (35 MB/? MB)
21:31:01.683 [docker-java-stream--2064336329] DEBUG com.github.dockerjava.zerodep.shaded.org.apache.hc.client5.http.wire - http-outgoing-1 << "be[\r][\n]"
21:31:01.698 [docker-java-stream--2064336329] DEBUG com.github.dockerjava.zerodep.shaded.org.apache.hc.client5.http.wire - http-outgoing-1 << "{"status":"Downloading","progressDetail":{"current":19982661,"total":29125963},"progress":"[==================================\u003e                ]  19.98MB/29.13MB","id":"af107e978371"}[\r][\n]"
21:31:01.698 [docker-java-stream--2064336329] DEBUG com.github.dockerjava.zerodep.shaded.org.apache.hc.client5.http.wire - http-outgoing-1 << "[\r][\n]"
21:31:01.698 [docker-java-stream--2064336329] DEBUG com.github.dockerjava.api.command.PullImageResultCallback - ResponseItem(stream=null, status=Downloading, progressDetail=ResponseItem.ProgressDetail(current=19982661, total=29125963, start=null), progress=[==================================>                ]  19.98MB/29.13MB, id=af107e978371, from=null, time=null, errorDetail=null, error=null, aux=null)
21:31:01.717 [docker-java-stream--2064336329] DEBUG com.github.dockerjava.zerodep.shaded.org.apache.hc.client5.http.wire - http-outgoing-1 << "be[\r][\n]"
21:31:01.717 [docker-java-stream--2064336329] DEBUG com.github.dockerjava.zerodep.shaded.org.apache.hc.client5.http.wire - http-outgoing-1 << "{"status":"Downloading","progressDetail":{"current":4294976,"total":108571409},"progress":"[=\u003e                                                 ]  4.295MB/108.6MB","id":"a35465a6a76a"}[\r][\n]"
21:31:01.718 [docker-java-stream--2064336329] DEBUG com.github.dockerjava.zerodep.shaded.org.apache.hc.client5.http.wire - http-outgoing-1 << "[\r][\n]"
21:31:01.718 [docker-java-stream--2064336329] DEBUG com.github.dockerjava.api.command.PullImageResultCallback - ResponseItem(stream=null, status=Downloading, progressDetail=ResponseItem.ProgressDetail(current=4294976, total=108571409, start=null), progress=[=>                                                 ]  4.295MB/108.6MB, id=a35465a6a76a, from=null, time=null, errorDetail=null, error=null, aux=null)
21:31:02.233 [docker-java-stream--2064336329] DEBUG com.github.dockerjava.zerodep.shaded.org.apache.hc.client5.http.wire - http-outgoing-1 << "be[\r][\n]"
21:31:02.233 [docker-java-stream--2064336329] DEBUG com.github.dockerjava.zerodep.shaded.org.apache.hc.client5.http.wire - http-outgoing-1 << "{"status":"Downloading","progressDetail":{"current":20277573,"total":29125963},"progress":"[==================================\u003e                ]  20.28MB/29.13MB","id":"af107e978371"}[\r][\n]"
21:31:02.233 [docker-java-stream--2064336329] DEBUG com.github.dockerjava.zerodep.shaded.org.apache.hc.client5.http.wire - http-outgoing-1 << "[\r][\n]"
21:31:02.233 [docker-java-stream--2064336329] DEBUG com.github.dockerjava.api.command.PullImageResultCallback - ResponseItem(stream=null, status=Downloading, progressDetail=ResponseItem.ProgressDetail(current=20277573, total=29125963, start=null), progress=[==================================>                ]  20.28MB/29.13MB, id=af107e978371, from=null, time=null, errorDetail=null, error=null, aux=null)
21:31:02.647 [docker-java-stream--2064336329] DEBUG com.github.dockerjava.zerodep.shaded.org.apache.hc.client5.http.wire - http-outgoing-1 << "be[\r][\n]"
21:31:02.647 [docker-java-stream--2064336329] DEBUG com.github.dockerjava.zerodep.shaded.org.apache.hc.client5.http.wire - http-outgoing-1 << "{"status":"Downloading","progressDetail":{"current":4823360,"total":108571409},"progress":"[==\u003e                                                ]  4.823MB/108.6MB","id":"a35465a6a76a"}[\r][\n]"
21:31:02.647 [docker-java-stream--2064336329] DEBUG com.github.dockerjava.zerodep.shaded.org.apache.hc.client5.http.wire - http-outgoing-1 << "[\r][\n]"
21:31:02.647 [docker-java-stream--2064336329] DEBUG com.github.dockerjava.api.command.PullImageResultCallback - ResponseItem(stream=null, status=Downloading, progressDetail=ResponseItem.ProgressDetail(current=4823360, total=108571409, start=null), progress=[==>                                                ]  4.823MB/108.6MB, id=a35465a6a76a, from=null, time=null, errorDetail=null, error=null, aux=null)
21:31:02.698 [docker-java-stream--2064336329] DEBUG com.github.dockerjava.zerodep.shaded.org.apache.hc.client5.http.wire - http-outgoing-1 << "be[\r][\n]"
21:31:02.698 [docker-java-stream--2064336329] DEBUG com.github.dockerjava.zerodep.shaded.org.apache.hc.client5.http.wire - http-outgoing-1 << "{"status":"Downloading","progressDetail":{"current":20580677,"total":29125963},"progress":"[===================================\u003e               ]  20.58MB/29.13MB","id":"af107e978371"}[\r][\n]"
21:31:02.698 [docker-java-stream--2064336329] DEBUG com.github.dockerjava.zerodep.shaded.org.apache.hc.client5.http.wire - http-outgoing-1 << "[\r][\n]"
21:31:02.699 [docker-java-stream--2064336329] DEBUG com.github.dockerjava.api.command.PullImageResultCallback - ResponseItem(stream=null, status=Downloading, progressDetail=ResponseItem.ProgressDetail(current=20580677, total=29125963, start=null), progress=[===================================>               ]  20.58MB/29.13MB, id=af107e978371, from=null, time=null, errorDetail=null, error=null, aux=null)
21:31:03.209 [docker-java-stream--2064336329] DEBUG com.github.dockerjava.zerodep.shaded.org.apache.hc.client5.http.wire - http-outgoing-1 << "be[\r][\n]"
21:31:03.210 [docker-java-stream--2064336329] DEBUG com.github.dockerjava.zerodep.shaded.org.apache.hc.client5.http.wire - http-outgoing-1 << "{"status":"Downloading","progressDetail":{"current":20875589,"total":29125963},"progress":"[===================================\u003e               ]  20.88MB/29.13MB","id":"af107e978371"}[\r][\n]"
21:31:03.210 [docker-java-stream--2064336329] DEBUG com.github.dockerjava.zerodep.shaded.org.apache.hc.client5.http.wire - http-outgoing-1 << "[\r][\n]"
21:31:03.211 [docker-java-stream--2064336329] DEBUG com.github.dockerjava.api.command.PullImageResultCallback - ResponseItem(stream=null, status=Downloading, progressDetail=ResponseItem.ProgressDetail(current=20875589, total=29125963, start=null), progress=[===================================>               ]  20.88MB/29.13MB, id=af107e978371, from=null, time=null, errorDetail=null, error=null, aux=null)
21:31:03.700 [docker-java-stream--2064336329] DEBUG com.github.dockerjava.zerodep.shaded.org.apache.hc.client5.http.wire - http-outgoing-1 << "be[\r][\n]"
21:31:03.701 [docker-java-stream--2064336329] DEBUG com.github.dockerjava.zerodep.shaded.org.apache.hc.client5.http.wire - http-outgoing-1 << "{"status":"Downloading","progressDetail":{"current":21170501,"total":29125963},"progress":"[====================================\u003e              ]  21.17MB/29.13MB","id":"af107e978371"}[\r][\n]"
21:31:03.701 [docker-java-stream--2064336329] DEBUG com.github.dockerjava.zerodep.shaded.org.apache.hc.client5.http.wire - http-outgoing-1 << "[\r][\n]"
21:31:03.702 [docker-java-stream--2064336329] DEBUG com.github.dockerjava.api.command.PullImageResultCallback - ResponseItem(stream=null, status=Downloading, progressDetail=ResponseItem.ProgressDetail(current=21170501, total=29125963, start=null), progress=[====================================>              ]  21.17MB/29.13MB, id=af107e978371, from=null, time=null, errorDetail=null, error=null, aux=null)
21:31:04.543 [docker-java-stream--2064336329] DEBUG com.github.dockerjava.zerodep.shaded.org.apache.hc.client5.http.wire - http-outgoing-1 << "be[\r][\n]"
21:31:04.544 [docker-java-stream--2064336329] DEBUG com.github.dockerjava.zerodep.shaded.org.apache.hc.client5.http.wire - http-outgoing-1 << "{"status":"Downloading","progressDetail":{"current":5355840,"total":108571409},"progress":"[==\u003e                                                ]  5.356MB/108.6MB","id":"a35465a6a76a"}[\r][\n]"
21:31:04.544 [docker-java-stream--2064336329] DEBUG com.github.dockerjava.zerodep.shaded.org.apache.hc.client5.http.wire - http-outgoing-1 << "[\r][\n]"
21:31:04.544 [docker-java-stream--2064336329] DEBUG com.github.dockerjava.api.command.PullImageResultCallback - ResponseItem(stream=null, status=Downloading, progressDetail=ResponseItem.ProgressDetail(current=5355840, total=108571409, start=null), progress=[==>                                                ]  5.356MB/108.6MB, id=a35465a6a76a, from=null, time=null, errorDetail=null, error=null, aux=null)
21:31:04.707 [docker-java-stream--2064336329] DEBUG com.github.dockerjava.zerodep.shaded.org.apache.hc.client5.http.wire - http-outgoing-1 << "be[\r][\n]"
21:31:04.708 [docker-java-stream--2064336329] DEBUG com.github.dockerjava.zerodep.shaded.org.apache.hc.client5.http.wire - http-outgoing-1 << "{"status":"Downloading","progressDetail":{"current":5896512,"total":108571409},"progress":"[==\u003e                                                ]  5.897MB/108.6MB","id":"a35465a6a76a"}[\r][\n]"
21:31:04.708 [docker-java-stream--2064336329] DEBUG com.github.dockerjava.zerodep.shaded.org.apache.hc.client5.http.wire - http-outgoing-1 << "[\r][\n]"
21:31:04.708 [docker-java-stream--2064336329] DEBUG com.github.dockerjava.api.command.PullImageResultCallback - ResponseItem(stream=null, status=Downloading, progressDetail=ResponseItem.ProgressDetail(current=5896512, total=108571409, start=null), progress=[==>                                                ]  5.897MB/108.6MB, id=a35465a6a76a, from=null, time=null, errorDetail=null, error=null, aux=null)
21:31:04.751 [docker-java-stream--2064336329] DEBUG com.github.dockerjava.zerodep.shaded.org.apache.hc.client5.http.wire - http-outgoing-1 << "be[\r][\n]"
21:31:04.751 [docker-java-stream--2064336329] DEBUG com.github.dockerjava.zerodep.shaded.org.apache.hc.client5.http.wire - http-outgoing-1 << "{"status":"Downloading","progressDetail":{"current":21469509,"total":29125963},"progress":"[====================================\u003e              ]  21.47MB/29.13MB","id":"af107e978371"}[\r][\n]"
21:31:04.751 [docker-java-stream--2064336329] DEBUG com.github.dockerjava.zerodep.shaded.org.apache.hc.client5.http.wire - http-outgoing-1 << "[\r][\n]"
21:31:04.751 [docker-java-stream--2064336329] DEBUG com.github.dockerjava.api.command.PullImageResultCallback - ResponseItem(stream=null, status=Downloading, progressDetail=ResponseItem.ProgressDetail(current=21469509, total=29125963, start=null), progress=[====================================>              ]  21.47MB/29.13MB, id=af107e978371, from=null, time=null, errorDetail=null, error=null, aux=null)
21:31:04.952 [docker-java-stream--2064336329] DEBUG com.github.dockerjava.zerodep.shaded.org.apache.hc.client5.http.wire - http-outgoing-1 << "be[\r][\n]"
21:31:04.953 [docker-java-stream--2064336329] DEBUG com.github.dockerjava.zerodep.shaded.org.apache.hc.client5.http.wire - http-outgoing-1 << "{"status":"Downloading","progressDetail":{"current":6437184,"total":108571409},"progress":"[==\u003e                                                ]  6.437MB/108.6MB","id":"a35465a6a76a"}[\r][\n]"
21:31:04.954 [docker-java-stream--2064336329] DEBUG com.github.dockerjava.zerodep.shaded.org.apache.hc.client5.http.wire - http-outgoing-1 << "[\r][\n]"
21:31:04.954 [docker-java-stream--2064336329] DEBUG com.github.dockerjava.api.command.PullImageResultCallback - ResponseItem(stream=null, status=Downloading, progressDetail=ResponseItem.ProgressDetail(current=6437184, total=108571409, start=null), progress=[==>                                                ]  6.437MB/108.6MB, id=a35465a6a76a, from=null, time=null, errorDetail=null, error=null, aux=null)
21:31:04.994 [docker-java-stream--2064336329] DEBUG com.github.dockerjava.zerodep.shaded.org.apache.hc.client5.http.wire - http-outgoing-1 << "be[\r][\n]"
21:31:04.994 [docker-java-stream--2064336329] DEBUG com.github.dockerjava.zerodep.shaded.org.apache.hc.client5.http.wire - http-outgoing-1 << "{"status":"Downloading","progressDetail":{"current":21764421,"total":29125963},"progress":"[=====================================\u003e             ]  21.76MB/29.13MB","id":"af107e978371"}[\r][\n]"
21:31:04.994 [docker-java-stream--2064336329] DEBUG com.github.dockerjava.zerodep.shaded.org.apache.hc.client5.http.wire - http-outgoing-1 << "[\r][\n]"
21:31:04.995 [docker-java-stream--2064336329] DEBUG com.github.dockerjava.api.command.PullImageResultCallback - ResponseItem(stream=null, status=Downloading, progressDetail=ResponseItem.ProgressDetail(current=21764421, total=29125963, start=null), progress=[=====================================>             ]  21.76MB/29.13MB, id=af107e978371, from=null, time=null, errorDetail=null, error=null, aux=null)
21:31:05.198 [docker-java-stream--2064336329] DEBUG com.github.dockerjava.zerodep.shaded.org.apache.hc.client5.http.wire - http-outgoing-1 << "2ba[\r][\n]"
21:31:05.198 [docker-java-stream--2064336329] DEBUG com.github.dockerjava.zerodep.shaded.org.apache.hc.client5.http.wire - http-outgoing-1 << "{"status":"Downloading","progressDetail":{"current":720,"total":5341},"progress":"[======\u003e                                            ]     720B/5.341kB","id":"2e3c2c5fbb6d"}[\r][\n]"
21:31:05.198 [docker-java-stream--2064336329] DEBUG com.github.dockerjava.zerodep.shaded.org.apache.hc.client5.http.wire - http-outgoing-1 << "{"status":"Downloading","progressDetail":{"current":5341,"total":5341},"progress":"[==================================================\u003e]  5.341kB/5.341kB","id":"2e3c2c5fbb6d"}[\r][\n]"
21:31:05.198 [docker-java-stream--2064336329] DEBUG com.github.dockerjava.zerodep.shaded.org.apache.hc.client5.http.wire - http-outgoing-1 << "{"status":"Downloading","progressDetail":{"current":22362437,"total":29125963},"progress":"[======================================\u003e            ]  22.36MB/29.13MB","id":"af107e978371"}[\r][\n]"
21:31:05.198 [docker-java-stream--2064336329] DEBUG com.github.dockerjava.zerodep.shaded.org.apache.hc.client5.http.wire - http-outgoing-1 << "{"status":"Verifying Checksum","progressDetail":{},"id":"2e3c2c5fbb6d"}[\r][\n]"
21:31:05.198 [docker-java-stream--2064336329] DEBUG com.github.dockerjava.zerodep.shaded.org.apache.hc.client5.http.wire - http-outgoing-1 << "{"status":"Download complete","progressDetail":{},"id":"2e3c2c5fbb6d"}[\r][\n]"
21:31:05.198 [docker-java-stream--2064336329] DEBUG com.github.dockerjava.zerodep.shaded.org.apache.hc.client5.http.wire - http-outgoing-1 << "[\r][\n]"
21:31:05.198 [docker-java-stream--2064336329] DEBUG com.github.dockerjava.api.command.PullImageResultCallback - ResponseItem(stream=null, status=Downloading, progressDetail=ResponseItem.ProgressDetail(current=720, total=5341, start=null), progress=[======>                                            ]     720B/5.341kB, id=2e3c2c5fbb6d, from=null, time=null, errorDetail=null, error=null, aux=null)
21:31:05.199 [docker-java-stream--2064336329] DEBUG com.github.dockerjava.api.command.PullImageResultCallback - ResponseItem(stream=null, status=Downloading, progressDetail=ResponseItem.ProgressDetail(current=5341, total=5341, start=null), progress=[==================================================>]  5.341kB/5.341kB, id=2e3c2c5fbb6d, from=null, time=null, errorDetail=null, error=null, aux=null)
21:31:05.200 [docker-java-stream--2064336329] DEBUG com.github.dockerjava.api.command.PullImageResultCallback - ResponseItem(stream=null, status=Downloading, progressDetail=ResponseItem.ProgressDetail(current=22362437, total=29125963, start=null), progress=[======================================>            ]  22.36MB/29.13MB, id=af107e978371, from=null, time=null, errorDetail=null, error=null, aux=null)
21:31:05.200 [docker-java-stream--2064336329] DEBUG com.github.dockerjava.api.command.PullImageResultCallback - ResponseItem(stream=null, status=Verifying Checksum, progressDetail=ResponseItem.ProgressDetail(current=null, total=null, start=null), progress=null, id=2e3c2c5fbb6d, from=null, time=null, errorDetail=null, error=null, aux=null)
21:31:05.200 [docker-java-stream--2064336329] DEBUG com.github.dockerjava.api.command.PullImageResultCallback - ResponseItem(stream=null, status=Download complete, progressDetail=ResponseItem.ProgressDetail(current=null, total=null, start=null), progress=null, id=2e3c2c5fbb6d, from=null, time=null, errorDetail=null, error=null, aux=null)
21:31:05.201 [docker-java-stream--2064336329] INFO tc.postgres:16.1 - Pulling image layers:  3 pending, 11 downloaded,  0 extracted, (40 MB/? MB)
21:31:05.264 [docker-java-stream--2064336329] DEBUG com.github.dockerjava.zerodep.shaded.org.apache.hc.client5.http.wire - http-outgoing-1 << "be[\r][\n]"
21:31:05.264 [docker-java-stream--2064336329] DEBUG com.github.dockerjava.zerodep.shaded.org.apache.hc.client5.http.wire - http-outgoing-1 << "{"status":"Downloading","progressDetail":{"current":7514432,"total":108571409},"progress":"[===\u003e                                               ]  7.514MB/108.6MB","id":"a35465a6a76a"}[\r][\n]"
21:31:05.264 [docker-java-stream--2064336329] DEBUG com.github.dockerjava.zerodep.shaded.org.apache.hc.client5.http.wire - http-outgoing-1 << "[\r][\n]"
21:31:05.265 [docker-java-stream--2064336329] DEBUG com.github.dockerjava.api.command.PullImageResultCallback - ResponseItem(stream=null, status=Downloading, progressDetail=ResponseItem.ProgressDetail(current=7514432, total=108571409, start=null), progress=[===>                                               ]  7.514MB/108.6MB, id=a35465a6a76a, from=null, time=null, errorDetail=null, error=null, aux=null)
21:31:05.502 [docker-java-stream--2064336329] DEBUG com.github.dockerjava.zerodep.shaded.org.apache.hc.client5.http.wire - http-outgoing-1 << "be[\r][\n]"
21:31:05.502 [docker-java-stream--2064336329] DEBUG com.github.dockerjava.zerodep.shaded.org.apache.hc.client5.http.wire - http-outgoing-1 << "{"status":"Downloading","progressDetail":{"current":22669637,"total":29125963},"progress":"[======================================\u003e            ]  22.67MB/29.13MB","id":"af107e978371"}[\r][\n]"
21:31:05.502 [docker-java-stream--2064336329] DEBUG com.github.dockerjava.zerodep.shaded.org.apache.hc.client5.http.wire - http-outgoing-1 << "[\r][\n]"
21:31:05.502 [docker-java-stream--2064336329] DEBUG com.github.dockerjava.api.command.PullImageResultCallback - ResponseItem(stream=null, status=Downloading, progressDetail=ResponseItem.ProgressDetail(current=22669637, total=29125963, start=null), progress=[======================================>            ]  22.67MB/29.13MB, id=af107e978371, from=null, time=null, errorDetail=null, error=null, aux=null)
21:31:05.836 [docker-java-stream--2064336329] DEBUG com.github.dockerjava.zerodep.shaded.org.apache.hc.client5.http.wire - http-outgoing-1 << "be[\r][\n]"
21:31:05.836 [docker-java-stream--2064336329] DEBUG com.github.dockerjava.zerodep.shaded.org.apache.hc.client5.http.wire - http-outgoing-1 << "{"status":"Downloading","progressDetail":{"current":22964549,"total":29125963},"progress":"[=======================================\u003e           ]  22.96MB/29.13MB","id":"af107e978371"}[\r][\n]"
21:31:05.836 [docker-java-stream--2064336329] DEBUG com.github.dockerjava.zerodep.shaded.org.apache.hc.client5.http.wire - http-outgoing-1 << "[\r][\n]"
21:31:05.836 [docker-java-stream--2064336329] DEBUG com.github.dockerjava.api.command.PullImageResultCallback - ResponseItem(stream=null, status=Downloading, progressDetail=ResponseItem.ProgressDetail(current=22964549, total=29125963, start=null), progress=[=======================================>           ]  22.96MB/29.13MB, id=af107e978371, from=null, time=null, errorDetail=null, error=null, aux=null)
21:31:06.033 [docker-java-stream--2064336329] DEBUG com.github.dockerjava.zerodep.shaded.org.apache.hc.client5.http.wire - http-outgoing-1 << "be[\r][\n]"
21:31:06.033 [docker-java-stream--2064336329] DEBUG com.github.dockerjava.zerodep.shaded.org.apache.hc.client5.http.wire - http-outgoing-1 << "{"status":"Downloading","progressDetail":{"current":8042816,"total":108571409},"progress":"[===\u003e                                               ]  8.043MB/108.6MB","id":"a35465a6a76a"}[\r][\n]"
21:31:06.033 [docker-java-stream--2064336329] DEBUG com.github.dockerjava.zerodep.shaded.org.apache.hc.client5.http.wire - http-outgoing-1 << "[\r][\n]"
21:31:06.034 [docker-java-stream--2064336329] DEBUG com.github.dockerjava.api.command.PullImageResultCallback - ResponseItem(stream=null, status=Downloading, progressDetail=ResponseItem.ProgressDetail(current=8042816, total=108571409, start=null), progress=[===>                                               ]  8.043MB/108.6MB, id=a35465a6a76a, from=null, time=null, errorDetail=null, error=null, aux=null)
21:31:06.202 [docker-java-stream--2064336329] DEBUG com.github.dockerjava.zerodep.shaded.org.apache.hc.client5.http.wire - http-outgoing-1 << "be[\r][\n]"
21:31:06.203 [docker-java-stream--2064336329] DEBUG com.github.dockerjava.zerodep.shaded.org.apache.hc.client5.http.wire - http-outgoing-1 << "{"status":"Downloading","progressDetail":{"current":23259461,"total":29125963},"progress":"[=======================================\u003e           ]  23.26MB/29.13MB","id":"af107e978371"}[\r][\n]"
21:31:06.203 [docker-java-stream--2064336329] DEBUG com.github.dockerjava.zerodep.shaded.org.apache.hc.client5.http.wire - http-outgoing-1 << "[\r][\n]"
21:31:06.203 [docker-java-stream--2064336329] DEBUG com.github.dockerjava.api.command.PullImageResultCallback - ResponseItem(stream=null, status=Downloading, progressDetail=ResponseItem.ProgressDetail(current=23259461, total=29125963, start=null), progress=[=======================================>           ]  23.26MB/29.13MB, id=af107e978371, from=null, time=null, errorDetail=null, error=null, aux=null)
21:31:06.333 [docker-java-stream--2064336329] DEBUG com.github.dockerjava.zerodep.shaded.org.apache.hc.client5.http.wire - http-outgoing-1 << "be[\r][\n]"
21:31:06.333 [docker-java-stream--2064336329] DEBUG com.github.dockerjava.zerodep.shaded.org.apache.hc.client5.http.wire - http-outgoing-1 << "{"status":"Downloading","progressDetail":{"current":8571200,"total":108571409},"progress":"[===\u003e                                               ]  8.571MB/108.6MB","id":"a35465a6a76a"}[\r][\n]"
21:31:06.333 [docker-java-stream--2064336329] DEBUG com.github.dockerjava.zerodep.shaded.org.apache.hc.client5.http.wire - http-outgoing-1 << "[\r][\n]"
21:31:06.334 [docker-java-stream--2064336329] DEBUG com.github.dockerjava.api.command.PullImageResultCallback - ResponseItem(stream=null, status=Downloading, progressDetail=ResponseItem.ProgressDetail(current=8571200, total=108571409, start=null), progress=[===>                                               ]  8.571MB/108.6MB, id=a35465a6a76a, from=null, time=null, errorDetail=null, error=null, aux=null)
21:31:06.505 [docker-java-stream--2064336329] DEBUG com.github.dockerjava.zerodep.shaded.org.apache.hc.client5.http.wire - http-outgoing-1 << "142[\r][\n]"
21:31:06.505 [docker-java-stream--2064336329] DEBUG com.github.dockerjava.zerodep.shaded.org.apache.hc.client5.http.wire - http-outgoing-1 << "{"status":"Downloading","progressDetail":{"current":187,"total":187},"progress":"[==================================================\u003e]     187B/187B","id":"08c5357f23b5"}[\r][\n]"
21:31:06.505 [docker-java-stream--2064336329] DEBUG com.github.dockerjava.zerodep.shaded.org.apache.hc.client5.http.wire - http-outgoing-1 << "{"status":"Verifying Checksum","progressDetail":{},"id":"08c5357f23b5"}[\r][\n]"
21:31:06.505 [docker-java-stream--2064336329] DEBUG com.github.dockerjava.zerodep.shaded.org.apache.hc.client5.http.wire - http-outgoing-1 << "{"status":"Download complete","progressDetail":{},"id":"08c5357f23b5"}[\r][\n]"
21:31:06.505 [docker-java-stream--2064336329] DEBUG com.github.dockerjava.zerodep.shaded.org.apache.hc.client5.http.wire - http-outgoing-1 << "[\r][\n]"
21:31:06.505 [docker-java-stream--2064336329] DEBUG com.github.dockerjava.api.command.PullImageResultCallback - ResponseItem(stream=null, status=Downloading, progressDetail=ResponseItem.ProgressDetail(current=187, total=187, start=null), progress=[==================================================>]     187B/187B, id=08c5357f23b5, from=null, time=null, errorDetail=null, error=null, aux=null)
21:31:06.506 [docker-java-stream--2064336329] DEBUG com.github.dockerjava.api.command.PullImageResultCallback - ResponseItem(stream=null, status=Verifying Checksum, progressDetail=ResponseItem.ProgressDetail(current=null, total=null, start=null), progress=null, id=08c5357f23b5, from=null, time=null, errorDetail=null, error=null, aux=null)
21:31:06.506 [docker-java-stream--2064336329] DEBUG com.github.dockerjava.api.command.PullImageResultCallback - ResponseItem(stream=null, status=Download complete, progressDetail=ResponseItem.ProgressDetail(current=null, total=null, start=null), progress=null, id=08c5357f23b5, from=null, time=null, errorDetail=null, error=null, aux=null)
21:31:06.507 [docker-java-stream--2064336329] INFO tc.postgres:16.1 - Pulling image layers:  2 pending, 12 downloaded,  0 extracted, (43 MB/? MB)
21:31:06.702 [docker-java-stream--2064336329] DEBUG com.github.dockerjava.zerodep.shaded.org.apache.hc.client5.http.wire - http-outgoing-1 << "be[\r][\n]"
21:31:06.702 [docker-java-stream--2064336329] DEBUG com.github.dockerjava.zerodep.shaded.org.apache.hc.client5.http.wire - http-outgoing-1 << "{"status":"Downloading","progressDetail":{"current":23554373,"total":29125963},"progress":"[========================================\u003e          ]  23.55MB/29.13MB","id":"af107e978371"}[\r][\n]"
21:31:06.702 [docker-java-stream--2064336329] DEBUG com.github.dockerjava.zerodep.shaded.org.apache.hc.client5.http.wire - http-outgoing-1 << "[\r][\n]"
21:31:06.724 [docker-java-stream--2064336329] DEBUG com.github.dockerjava.api.command.PullImageResultCallback - ResponseItem(stream=null, status=Downloading, progressDetail=ResponseItem.ProgressDetail(current=23554373, total=29125963, start=null), progress=[========================================>          ]  23.55MB/29.13MB, id=af107e978371, from=null, time=null, errorDetail=null, error=null, aux=null)
21:31:06.725 [docker-java-stream--2064336329] DEBUG com.github.dockerjava.zerodep.shaded.org.apache.hc.client5.http.wire - http-outgoing-1 << "be[\r][\n]"
21:31:06.725 [docker-java-stream--2064336329] DEBUG com.github.dockerjava.zerodep.shaded.org.apache.hc.client5.http.wire - http-outgoing-1 << "{"status":"Downloading","progressDetail":{"current":9099584,"total":108571409},"progress":"[====\u003e                                              ]    9.1MB/108.6MB","id":"a35465a6a76a"}[\r][\n]"
21:31:06.725 [docker-java-stream--2064336329] DEBUG com.github.dockerjava.zerodep.shaded.org.apache.hc.client5.http.wire - http-outgoing-1 << "[\r][\n]"
21:31:06.726 [docker-java-stream--2064336329] DEBUG com.github.dockerjava.api.command.PullImageResultCallback - ResponseItem(stream=null, status=Downloading, progressDetail=ResponseItem.ProgressDetail(current=9099584, total=108571409, start=null), progress=[====>                                              ]    9.1MB/108.6MB, id=a35465a6a76a, from=null, time=null, errorDetail=null, error=null, aux=null)
21:31:07.180 [docker-java-stream--2064336329] DEBUG com.github.dockerjava.zerodep.shaded.org.apache.hc.client5.http.wire - http-outgoing-1 << "be[\r][\n]"
21:31:07.180 [docker-java-stream--2064336329] DEBUG com.github.dockerjava.zerodep.shaded.org.apache.hc.client5.http.wire - http-outgoing-1 << "{"status":"Downloading","progressDetail":{"current":23849285,"total":29125963},"progress":"[========================================\u003e          ]  23.85MB/29.13MB","id":"af107e978371"}[\r][\n]"
21:31:07.180 [docker-java-stream--2064336329] DEBUG com.github.dockerjava.zerodep.shaded.org.apache.hc.client5.http.wire - http-outgoing-1 << "[\r][\n]"
21:31:07.180 [docker-java-stream--2064336329] DEBUG com.github.dockerjava.api.command.PullImageResultCallback - ResponseItem(stream=null, status=Downloading, progressDetail=ResponseItem.ProgressDetail(current=23849285, total=29125963, start=null), progress=[========================================>          ]  23.85MB/29.13MB, id=af107e978371, from=null, time=null, errorDetail=null, error=null, aux=null)
21:31:07.381 [docker-java-stream--2064336329] DEBUG com.github.dockerjava.zerodep.shaded.org.apache.hc.client5.http.wire - http-outgoing-1 << "be[\r][\n]"
21:31:07.381 [docker-java-stream--2064336329] DEBUG com.github.dockerjava.zerodep.shaded.org.apache.hc.client5.http.wire - http-outgoing-1 << "{"status":"Downloading","progressDetail":{"current":9632064,"total":108571409},"progress":"[====\u003e                                              ]  9.632MB/108.6MB","id":"a35465a6a76a"}[\r][\n]"
21:31:07.381 [docker-java-stream--2064336329] DEBUG com.github.dockerjava.zerodep.shaded.org.apache.hc.client5.http.wire - http-outgoing-1 << "[\r][\n]"
21:31:07.381 [docker-java-stream--2064336329] DEBUG com.github.dockerjava.api.command.PullImageResultCallback - ResponseItem(stream=null, status=Downloading, progressDetail=ResponseItem.ProgressDetail(current=9632064, total=108571409, start=null), progress=[====>                                              ]  9.632MB/108.6MB, id=a35465a6a76a, from=null, time=null, errorDetail=null, error=null, aux=null)
21:31:07.609 [docker-java-stream--2064336329] DEBUG com.github.dockerjava.zerodep.shaded.org.apache.hc.client5.http.wire - http-outgoing-1 << "be[\r][\n]"
21:31:07.609 [docker-java-stream--2064336329] DEBUG com.github.dockerjava.zerodep.shaded.org.apache.hc.client5.http.wire - http-outgoing-1 << "{"status":"Downloading","progressDetail":{"current":24144197,"total":29125963},"progress":"[=========================================\u003e         ]  24.14MB/29.13MB","id":"af107e978371"}[\r][\n]"
21:31:07.609 [docker-java-stream--2064336329] DEBUG com.github.dockerjava.zerodep.shaded.org.apache.hc.client5.http.wire - http-outgoing-1 << "[\r][\n]"
21:31:07.610 [docker-java-stream--2064336329] DEBUG com.github.dockerjava.api.command.PullImageResultCallback - ResponseItem(stream=null, status=Downloading, progressDetail=ResponseItem.ProgressDetail(current=24144197, total=29125963, start=null), progress=[=========================================>         ]  24.14MB/29.13MB, id=af107e978371, from=null, time=null, errorDetail=null, error=null, aux=null)
21:31:07.915 [docker-java-stream--2064336329] DEBUG com.github.dockerjava.zerodep.shaded.org.apache.hc.client5.http.wire - http-outgoing-1 << "bf[\r][\n]"
21:31:07.915 [docker-java-stream--2064336329] DEBUG com.github.dockerjava.zerodep.shaded.org.apache.hc.client5.http.wire - http-outgoing-1 << "{"status":"Downloading","progressDetail":{"current":10160448,"total":108571409},"progress":"[====\u003e                                              ]  10.16MB/108.6MB","id":"a35465a6a76a"}[\r][\n]"
21:31:07.915 [docker-java-stream--2064336329] DEBUG com.github.dockerjava.zerodep.shaded.org.apache.hc.client5.http.wire - http-outgoing-1 << "[\r][\n]"
21:31:07.916 [docker-java-stream--2064336329] DEBUG com.github.dockerjava.api.command.PullImageResultCallback - ResponseItem(stream=null, status=Downloading, progressDetail=ResponseItem.ProgressDetail(current=10160448, total=108571409, start=null), progress=[====>                                              ]  10.16MB/108.6MB, id=a35465a6a76a, from=null, time=null, errorDetail=null, error=null, aux=null)
21:31:08.000 [docker-java-stream--2064336329] DEBUG com.github.dockerjava.zerodep.shaded.org.apache.hc.client5.http.wire - http-outgoing-1 << "be[\r][\n]"
21:31:08.000 [docker-java-stream--2064336329] DEBUG com.github.dockerjava.zerodep.shaded.org.apache.hc.client5.http.wire - http-outgoing-1 << "{"status":"Downloading","progressDetail":{"current":24451397,"total":29125963},"progress":"[=========================================\u003e         ]  24.45MB/29.13MB","id":"af107e978371"}[\r][\n]"
21:31:08.000 [docker-java-stream--2064336329] DEBUG com.github.dockerjava.zerodep.shaded.org.apache.hc.client5.http.wire - http-outgoing-1 << "[\r][\n]"
21:31:08.000 [docker-java-stream--2064336329] DEBUG com.github.dockerjava.api.command.PullImageResultCallback - ResponseItem(stream=null, status=Downloading, progressDetail=ResponseItem.ProgressDetail(current=24451397, total=29125963, start=null), progress=[=========================================>         ]  24.45MB/29.13MB, id=af107e978371, from=null, time=null, errorDetail=null, error=null, aux=null)
21:31:08.019 [docker-java-stream--2064336329] DEBUG com.github.dockerjava.zerodep.shaded.org.apache.hc.client5.http.wire - http-outgoing-1 << "bf[\r][\n]"
21:31:08.019 [docker-java-stream--2064336329] DEBUG com.github.dockerjava.zerodep.shaded.org.apache.hc.client5.http.wire - http-outgoing-1 << "{"status":"Downloading","progressDetail":{"current":10701120,"total":108571409},"progress":"[====\u003e                                              ]   10.7MB/108.6MB","id":"a35465a6a76a"}[\r][\n]"
21:31:08.019 [docker-java-stream--2064336329] DEBUG com.github.dockerjava.zerodep.shaded.org.apache.hc.client5.http.wire - http-outgoing-1 << "[\r][\n]"
21:31:08.019 [docker-java-stream--2064336329] DEBUG com.github.dockerjava.api.command.PullImageResultCallback - ResponseItem(stream=null, status=Downloading, progressDetail=ResponseItem.ProgressDetail(current=10701120, total=108571409, start=null), progress=[====>                                              ]   10.7MB/108.6MB, id=a35465a6a76a, from=null, time=null, errorDetail=null, error=null, aux=null)
21:31:08.448 [docker-java-stream--2064336329] DEBUG com.github.dockerjava.zerodep.shaded.org.apache.hc.client5.http.wire - http-outgoing-1 << "be[\r][\n]"
21:31:08.449 [docker-java-stream--2064336329] DEBUG com.github.dockerjava.zerodep.shaded.org.apache.hc.client5.http.wire - http-outgoing-1 << "{"status":"Downloading","progressDetail":{"current":24758597,"total":29125963},"progress":"[==========================================\u003e        ]  24.76MB/29.13MB","id":"af107e978371"}[\r][\n]"
21:31:08.449 [docker-java-stream--2064336329] DEBUG com.github.dockerjava.zerodep.shaded.org.apache.hc.client5.http.wire - http-outgoing-1 << "[\r][\n]"
21:31:08.450 [docker-java-stream--2064336329] DEBUG com.github.dockerjava.api.command.PullImageResultCallback - ResponseItem(stream=null, status=Downloading, progressDetail=ResponseItem.ProgressDetail(current=24758597, total=29125963, start=null), progress=[==========================================>        ]  24.76MB/29.13MB, id=af107e978371, from=null, time=null, errorDetail=null, error=null, aux=null)
21:31:08.522 [docker-java-stream--2064336329] DEBUG com.github.dockerjava.zerodep.shaded.org.apache.hc.client5.http.wire - http-outgoing-1 << "bf[\r][\n]"
21:31:08.523 [docker-java-stream--2064336329] DEBUG com.github.dockerjava.zerodep.shaded.org.apache.hc.client5.http.wire - http-outgoing-1 << "{"status":"Downloading","progressDetail":{"current":11237696,"total":108571409},"progress":"[=====\u003e                                             ]  11.24MB/108.6MB","id":"a35465a6a76a"}[\r][\n]"
21:31:08.523 [docker-java-stream--2064336329] DEBUG com.github.dockerjava.zerodep.shaded.org.apache.hc.client5.http.wire - http-outgoing-1 << "[\r][\n]"
21:31:08.523 [docker-java-stream--2064336329] DEBUG com.github.dockerjava.api.command.PullImageResultCallback - ResponseItem(stream=null, status=Downloading, progressDetail=ResponseItem.ProgressDetail(current=11237696, total=108571409, start=null), progress=[=====>                                             ]  11.24MB/108.6MB, id=a35465a6a76a, from=null, time=null, errorDetail=null, error=null, aux=null)
21:31:08.723 [docker-java-stream--2064336329] DEBUG com.github.dockerjava.zerodep.shaded.org.apache.hc.client5.http.wire - http-outgoing-1 << "be[\r][\n]"
21:31:08.723 [docker-java-stream--2064336329] DEBUG com.github.dockerjava.zerodep.shaded.org.apache.hc.client5.http.wire - http-outgoing-1 << "{"status":"Downloading","progressDetail":{"current":25053509,"total":29125963},"progress":"[===========================================\u003e       ]  25.05MB/29.13MB","id":"af107e978371"}[\r][\n]"
21:31:08.723 [docker-java-stream--2064336329] DEBUG com.github.dockerjava.zerodep.shaded.org.apache.hc.client5.http.wire - http-outgoing-1 << "[\r][\n]"
21:31:08.724 [docker-java-stream--2064336329] DEBUG com.github.dockerjava.api.command.PullImageResultCallback - ResponseItem(stream=null, status=Downloading, progressDetail=ResponseItem.ProgressDetail(current=25053509, total=29125963, start=null), progress=[===========================================>       ]  25.05MB/29.13MB, id=af107e978371, from=null, time=null, errorDetail=null, error=null, aux=null)
21:31:08.991 [docker-java-stream--2064336329] DEBUG com.github.dockerjava.zerodep.shaded.org.apache.hc.client5.http.wire - http-outgoing-1 << "bf[\r][\n]"
21:31:08.991 [docker-java-stream--2064336329] DEBUG com.github.dockerjava.zerodep.shaded.org.apache.hc.client5.http.wire - http-outgoing-1 << "{"status":"Downloading","progressDetail":{"current":11778368,"total":108571409},"progress":"[=====\u003e                                             ]  11.78MB/108.6MB","id":"a35465a6a76a"}[\r][\n]"
21:31:08.991 [docker-java-stream--2064336329] DEBUG com.github.dockerjava.zerodep.shaded.org.apache.hc.client5.http.wire - http-outgoing-1 << "[\r][\n]"
21:31:08.992 [docker-java-stream--2064336329] DEBUG com.github.dockerjava.api.command.PullImageResultCallback - ResponseItem(stream=null, status=Downloading, progressDetail=ResponseItem.ProgressDetail(current=11778368, total=108571409, start=null), progress=[=====>                                             ]  11.78MB/108.6MB, id=a35465a6a76a, from=null, time=null, errorDetail=null, error=null, aux=null)
21:31:09.121 [docker-java-stream--2064336329] DEBUG com.github.dockerjava.zerodep.shaded.org.apache.hc.client5.http.wire - http-outgoing-1 << "be[\r][\n]"
21:31:09.121 [docker-java-stream--2064336329] DEBUG com.github.dockerjava.zerodep.shaded.org.apache.hc.client5.http.wire - http-outgoing-1 << "{"status":"Downloading","progressDetail":{"current":25356613,"total":29125963},"progress":"[===========================================\u003e       ]  25.36MB/29.13MB","id":"af107e978371"}[\r][\n]"
21:31:09.121 [docker-java-stream--2064336329] DEBUG com.github.dockerjava.zerodep.shaded.org.apache.hc.client5.http.wire - http-outgoing-1 << "[\r][\n]"
21:31:09.121 [docker-java-stream--2064336329] DEBUG com.github.dockerjava.api.command.PullImageResultCallback - ResponseItem(stream=null, status=Downloading, progressDetail=ResponseItem.ProgressDetail(current=25356613, total=29125963, start=null), progress=[===========================================>       ]  25.36MB/29.13MB, id=af107e978371, from=null, time=null, errorDetail=null, error=null, aux=null)
21:31:09.350 [docker-java-stream--2064336329] DEBUG com.github.dockerjava.zerodep.shaded.org.apache.hc.client5.http.wire - http-outgoing-1 << "bf[\r][\n]"
21:31:09.350 [docker-java-stream--2064336329] DEBUG com.github.dockerjava.zerodep.shaded.org.apache.hc.client5.http.wire - http-outgoing-1 << "{"status":"Downloading","progressDetail":{"current":12319040,"total":108571409},"progress":"[=====\u003e                                             ]  12.32MB/108.6MB","id":"a35465a6a76a"}[\r][\n]"
21:31:09.350 [docker-java-stream--2064336329] DEBUG com.github.dockerjava.zerodep.shaded.org.apache.hc.client5.http.wire - http-outgoing-1 << "[\r][\n]"
21:31:09.351 [docker-java-stream--2064336329] DEBUG com.github.dockerjava.api.command.PullImageResultCallback - ResponseItem(stream=null, status=Downloading, progressDetail=ResponseItem.ProgressDetail(current=12319040, total=108571409, start=null), progress=[=====>                                             ]  12.32MB/108.6MB, id=a35465a6a76a, from=null, time=null, errorDetail=null, error=null, aux=null)
21:31:09.613 [docker-java-stream--2064336329] DEBUG com.github.dockerjava.zerodep.shaded.org.apache.hc.client5.http.wire - http-outgoing-1 << "be[\r][\n]"
21:31:09.613 [docker-java-stream--2064336329] DEBUG com.github.dockerjava.zerodep.shaded.org.apache.hc.client5.http.wire - http-outgoing-1 << "{"status":"Downloading","progressDetail":{"current":25663813,"total":29125963},"progress":"[============================================\u003e      ]  25.66MB/29.13MB","id":"af107e978371"}[\r][\n]"
21:31:09.613 [docker-java-stream--2064336329] DEBUG com.github.dockerjava.zerodep.shaded.org.apache.hc.client5.http.wire - http-outgoing-1 << "[\r][\n]"
21:31:09.615 [docker-java-stream--2064336329] DEBUG com.github.dockerjava.api.command.PullImageResultCallback - ResponseItem(stream=null, status=Downloading, progressDetail=ResponseItem.ProgressDetail(current=25663813, total=29125963, start=null), progress=[============================================>      ]  25.66MB/29.13MB, id=af107e978371, from=null, time=null, errorDetail=null, error=null, aux=null)
21:31:10.001 [docker-java-stream--2064336329] DEBUG com.github.dockerjava.zerodep.shaded.org.apache.hc.client5.http.wire - http-outgoing-1 << "bf[\r][\n]"
21:31:10.001 [docker-java-stream--2064336329] DEBUG com.github.dockerjava.zerodep.shaded.org.apache.hc.client5.http.wire - http-outgoing-1 << "{"status":"Downloading","progressDetail":{"current":12851520,"total":108571409},"progress":"[=====\u003e                                             ]  12.85MB/108.6MB","id":"a35465a6a76a"}[\r][\n]"
21:31:10.001 [docker-java-stream--2064336329] DEBUG com.github.dockerjava.zerodep.shaded.org.apache.hc.client5.http.wire - http-outgoing-1 << "[\r][\n]"
21:31:10.001 [docker-java-stream--2064336329] DEBUG com.github.dockerjava.api.command.PullImageResultCallback - ResponseItem(stream=null, status=Downloading, progressDetail=ResponseItem.ProgressDetail(current=12851520, total=108571409, start=null), progress=[=====>                                             ]  12.85MB/108.6MB, id=a35465a6a76a, from=null, time=null, errorDetail=null, error=null, aux=null)
21:31:10.012 [docker-java-stream--2064336329] DEBUG com.github.dockerjava.zerodep.shaded.org.apache.hc.client5.http.wire - http-outgoing-1 << "be[\r][\n]"
21:31:10.013 [docker-java-stream--2064336329] DEBUG com.github.dockerjava.zerodep.shaded.org.apache.hc.client5.http.wire - http-outgoing-1 << "{"status":"Downloading","progressDetail":{"current":25958725,"total":29125963},"progress":"[============================================\u003e      ]  25.96MB/29.13MB","id":"af107e978371"}[\r][\n]"
21:31:10.013 [docker-java-stream--2064336329] DEBUG com.github.dockerjava.zerodep.shaded.org.apache.hc.client5.http.wire - http-outgoing-1 << "[\r][\n]"
21:31:10.013 [docker-java-stream--2064336329] DEBUG com.github.dockerjava.api.command.PullImageResultCallback - ResponseItem(stream=null, status=Downloading, progressDetail=ResponseItem.ProgressDetail(current=25958725, total=29125963, start=null), progress=[============================================>      ]  25.96MB/29.13MB, id=af107e978371, from=null, time=null, errorDetail=null, error=null, aux=null)
21:31:10.392 [docker-java-stream--2064336329] DEBUG com.github.dockerjava.zerodep.shaded.org.apache.hc.client5.http.wire - http-outgoing-1 << "bf[\r][\n]"
21:31:10.392 [docker-java-stream--2064336329] DEBUG com.github.dockerjava.zerodep.shaded.org.apache.hc.client5.http.wire - http-outgoing-1 << "{"status":"Downloading","progressDetail":{"current":13392192,"total":108571409},"progress":"[======\u003e                                            ]  13.39MB/108.6MB","id":"a35465a6a76a"}[\r][\n]"
21:31:10.392 [docker-java-stream--2064336329] DEBUG com.github.dockerjava.zerodep.shaded.org.apache.hc.client5.http.wire - http-outgoing-1 << "[\r][\n]"
21:31:10.392 [docker-java-stream--2064336329] DEBUG com.github.dockerjava.api.command.PullImageResultCallback - ResponseItem(stream=null, status=Downloading, progressDetail=ResponseItem.ProgressDetail(current=13392192, total=108571409, start=null), progress=[======>                                            ]  13.39MB/108.6MB, id=a35465a6a76a, from=null, time=null, errorDetail=null, error=null, aux=null)
21:31:10.478 [docker-java-stream--2064336329] DEBUG com.github.dockerjava.zerodep.shaded.org.apache.hc.client5.http.wire - http-outgoing-1 << "be[\r][\n]"
21:31:10.478 [docker-java-stream--2064336329] DEBUG com.github.dockerjava.zerodep.shaded.org.apache.hc.client5.http.wire - http-outgoing-1 << "{"status":"Downloading","progressDetail":{"current":26265925,"total":29125963},"progress":"[=============================================\u003e     ]  26.27MB/29.13MB","id":"af107e978371"}[\r][\n]"
21:31:10.479 [docker-java-stream--2064336329] DEBUG com.github.dockerjava.zerodep.shaded.org.apache.hc.client5.http.wire - http-outgoing-1 << "[\r][\n]"
21:31:10.479 [docker-java-stream--2064336329] DEBUG com.github.dockerjava.api.command.PullImageResultCallback - ResponseItem(stream=null, status=Downloading, progressDetail=ResponseItem.ProgressDetail(current=26265925, total=29125963, start=null), progress=[=============================================>     ]  26.27MB/29.13MB, id=af107e978371, from=null, time=null, errorDetail=null, error=null, aux=null)
21:31:10.972 [docker-java-stream--2064336329] DEBUG com.github.dockerjava.zerodep.shaded.org.apache.hc.client5.http.wire - http-outgoing-1 << "bf[\r][\n]"
21:31:10.972 [docker-java-stream--2064336329] DEBUG com.github.dockerjava.zerodep.shaded.org.apache.hc.client5.http.wire - http-outgoing-1 << "{"status":"Downloading","progressDetail":{"current":13932864,"total":108571409},"progress":"[======\u003e                                            ]  13.93MB/108.6MB","id":"a35465a6a76a"}[\r][\n]"
21:31:10.972 [docker-java-stream--2064336329] DEBUG com.github.dockerjava.zerodep.shaded.org.apache.hc.client5.http.wire - http-outgoing-1 << "[\r][\n]"
21:31:10.973 [docker-java-stream--2064336329] DEBUG com.github.dockerjava.api.command.PullImageResultCallback - ResponseItem(stream=null, status=Downloading, progressDetail=ResponseItem.ProgressDetail(current=13932864, total=108571409, start=null), progress=[======>                                            ]  13.93MB/108.6MB, id=a35465a6a76a, from=null, time=null, errorDetail=null, error=null, aux=null)
21:31:11.064 [docker-java-stream--2064336329] DEBUG com.github.dockerjava.zerodep.shaded.org.apache.hc.client5.http.wire - http-outgoing-1 << "be[\r][\n]"
21:31:11.064 [docker-java-stream--2064336329] DEBUG com.github.dockerjava.zerodep.shaded.org.apache.hc.client5.http.wire - http-outgoing-1 << "{"status":"Downloading","progressDetail":{"current":26569029,"total":29125963},"progress":"[=============================================\u003e     ]  26.57MB/29.13MB","id":"af107e978371"}[\r][\n]"
21:31:11.064 [docker-java-stream--2064336329] DEBUG com.github.dockerjava.zerodep.shaded.org.apache.hc.client5.http.wire - http-outgoing-1 << "[\r][\n]"
21:31:11.064 [docker-java-stream--2064336329] DEBUG com.github.dockerjava.api.command.PullImageResultCallback - ResponseItem(stream=null, status=Downloading, progressDetail=ResponseItem.ProgressDetail(current=26569029, total=29125963, start=null), progress=[=============================================>     ]  26.57MB/29.13MB, id=af107e978371, from=null, time=null, errorDetail=null, error=null, aux=null)
21:31:11.411 [docker-java-stream--2064336329] DEBUG com.github.dockerjava.zerodep.shaded.org.apache.hc.client5.http.wire - http-outgoing-1 << "be[\r][\n]"
21:31:11.411 [docker-java-stream--2064336329] DEBUG com.github.dockerjava.zerodep.shaded.org.apache.hc.client5.http.wire - http-outgoing-1 << "{"status":"Downloading","progressDetail":{"current":26863941,"total":29125963},"progress":"[==============================================\u003e    ]  26.86MB/29.13MB","id":"af107e978371"}[\r][\n]"
21:31:11.411 [docker-java-stream--2064336329] DEBUG com.github.dockerjava.zerodep.shaded.org.apache.hc.client5.http.wire - http-outgoing-1 << "[\r][\n]"
21:31:11.412 [docker-java-stream--2064336329] DEBUG com.github.dockerjava.api.command.PullImageResultCallback - ResponseItem(stream=null, status=Downloading, progressDetail=ResponseItem.ProgressDetail(current=26863941, total=29125963, start=null), progress=[==============================================>    ]  26.86MB/29.13MB, id=af107e978371, from=null, time=null, errorDetail=null, error=null, aux=null)
21:31:11.455 [docker-java-stream--2064336329] DEBUG com.github.dockerjava.zerodep.shaded.org.apache.hc.client5.http.wire - http-outgoing-1 << "bf[\r][\n]"
21:31:11.455 [docker-java-stream--2064336329] DEBUG com.github.dockerjava.zerodep.shaded.org.apache.hc.client5.http.wire - http-outgoing-1 << "{"status":"Downloading","progressDetail":{"current":14465344,"total":108571409},"progress":"[======\u003e                                            ]  14.47MB/108.6MB","id":"a35465a6a76a"}[\r][\n]"
21:31:11.455 [docker-java-stream--2064336329] DEBUG com.github.dockerjava.zerodep.shaded.org.apache.hc.client5.http.wire - http-outgoing-1 << "[\r][\n]"
21:31:11.471 [docker-java-stream--2064336329] DEBUG com.github.dockerjava.api.command.PullImageResultCallback - ResponseItem(stream=null, status=Downloading, progressDetail=ResponseItem.ProgressDetail(current=14465344, total=108571409, start=null), progress=[======>                                            ]  14.47MB/108.6MB, id=a35465a6a76a, from=null, time=null, errorDetail=null, error=null, aux=null)
21:31:12.281 [docker-java-stream--2064336329] DEBUG com.github.dockerjava.zerodep.shaded.org.apache.hc.client5.http.wire - http-outgoing-1 << "be[\r][\n]"
21:31:12.281 [docker-java-stream--2064336329] DEBUG com.github.dockerjava.zerodep.shaded.org.apache.hc.client5.http.wire - http-outgoing-1 << "{"status":"Downloading","progressDetail":{"current":27158853,"total":29125963},"progress":"[==============================================\u003e    ]  27.16MB/29.13MB","id":"af107e978371"}[\r][\n]"
21:31:12.281 [docker-java-stream--2064336329] DEBUG com.github.dockerjava.zerodep.shaded.org.apache.hc.client5.http.wire - http-outgoing-1 << "[\r][\n]"
21:31:12.282 [docker-java-stream--2064336329] DEBUG com.github.dockerjava.api.command.PullImageResultCallback - ResponseItem(stream=null, status=Downloading, progressDetail=ResponseItem.ProgressDetail(current=27158853, total=29125963, start=null), progress=[==============================================>    ]  27.16MB/29.13MB, id=af107e978371, from=null, time=null, errorDetail=null, error=null, aux=null)
21:31:12.454 [docker-java-stream--2064336329] DEBUG com.github.dockerjava.zerodep.shaded.org.apache.hc.client5.http.wire - http-outgoing-1 << "bf[\r][\n]"
21:31:12.454 [docker-java-stream--2064336329] DEBUG com.github.dockerjava.zerodep.shaded.org.apache.hc.client5.http.wire - http-outgoing-1 << "{"status":"Downloading","progressDetail":{"current":15001920,"total":108571409},"progress":"[======\u003e                                            ]     15MB/108.6MB","id":"a35465a6a76a"}[\r][\n]"
21:31:12.454 [docker-java-stream--2064336329] DEBUG com.github.dockerjava.zerodep.shaded.org.apache.hc.client5.http.wire - http-outgoing-1 << "[\r][\n]"
21:31:12.455 [docker-java-stream--2064336329] DEBUG com.github.dockerjava.api.command.PullImageResultCallback - ResponseItem(stream=null, status=Downloading, progressDetail=ResponseItem.ProgressDetail(current=15001920, total=108571409, start=null), progress=[======>                                            ]     15MB/108.6MB, id=a35465a6a76a, from=null, time=null, errorDetail=null, error=null, aux=null)
21:31:12.493 [docker-java-stream--2064336329] DEBUG com.github.dockerjava.zerodep.shaded.org.apache.hc.client5.http.wire - http-outgoing-1 << "be[\r][\n]"
21:31:12.493 [docker-java-stream--2064336329] DEBUG com.github.dockerjava.zerodep.shaded.org.apache.hc.client5.http.wire - http-outgoing-1 << "{"status":"Downloading","progressDetail":{"current":27457861,"total":29125963},"progress":"[===============================================\u003e   ]  27.46MB/29.13MB","id":"af107e978371"}[\r][\n]"
21:31:12.493 [docker-java-stream--2064336329] DEBUG com.github.dockerjava.zerodep.shaded.org.apache.hc.client5.http.wire - http-outgoing-1 << "[\r][\n]"
21:31:12.494 [docker-java-stream--2064336329] DEBUG com.github.dockerjava.api.command.PullImageResultCallback - ResponseItem(stream=null, status=Downloading, progressDetail=ResponseItem.ProgressDetail(current=27457861, total=29125963, start=null), progress=[===============================================>   ]  27.46MB/29.13MB, id=af107e978371, from=null, time=null, errorDetail=null, error=null, aux=null)
21:31:12.768 [docker-java-stream--2064336329] DEBUG com.github.dockerjava.zerodep.shaded.org.apache.hc.client5.http.wire - http-outgoing-1 << "be[\r][\n]"
21:31:12.769 [docker-java-stream--2064336329] DEBUG com.github.dockerjava.zerodep.shaded.org.apache.hc.client5.http.wire - http-outgoing-1 << "{"status":"Downloading","progressDetail":{"current":27752773,"total":29125963},"progress":"[===============================================\u003e   ]  27.75MB/29.13MB","id":"af107e978371"}[\r][\n]"
21:31:12.769 [docker-java-stream--2064336329] DEBUG com.github.dockerjava.zerodep.shaded.org.apache.hc.client5.http.wire - http-outgoing-1 << "[\r][\n]"
21:31:12.769 [docker-java-stream--2064336329] DEBUG com.github.dockerjava.api.command.PullImageResultCallback - ResponseItem(stream=null, status=Downloading, progressDetail=ResponseItem.ProgressDetail(current=27752773, total=29125963, start=null), progress=[===============================================>   ]  27.75MB/29.13MB, id=af107e978371, from=null, time=null, errorDetail=null, error=null, aux=null)
21:31:12.947 [docker-java-stream--2064336329] DEBUG com.github.dockerjava.zerodep.shaded.org.apache.hc.client5.http.wire - http-outgoing-1 << "bf[\r][\n]"
21:31:12.947 [docker-java-stream--2064336329] DEBUG com.github.dockerjava.zerodep.shaded.org.apache.hc.client5.http.wire - http-outgoing-1 << "{"status":"Downloading","progressDetail":{"current":16079168,"total":108571409},"progress":"[=======\u003e                                           ]  16.08MB/108.6MB","id":"a35465a6a76a"}[\r][\n]"
21:31:12.947 [docker-java-stream--2064336329] DEBUG com.github.dockerjava.zerodep.shaded.org.apache.hc.client5.http.wire - http-outgoing-1 << "[\r][\n]"
21:31:12.948 [docker-java-stream--2064336329] DEBUG com.github.dockerjava.api.command.PullImageResultCallback - ResponseItem(stream=null, status=Downloading, progressDetail=ResponseItem.ProgressDetail(current=16079168, total=108571409, start=null), progress=[=======>                                           ]  16.08MB/108.6MB, id=a35465a6a76a, from=null, time=null, errorDetail=null, error=null, aux=null)
21:31:13.233 [docker-java-stream--2064336329] DEBUG com.github.dockerjava.zerodep.shaded.org.apache.hc.client5.http.wire - http-outgoing-1 << "be[\r][\n]"
21:31:13.234 [docker-java-stream--2064336329] DEBUG com.github.dockerjava.zerodep.shaded.org.apache.hc.client5.http.wire - http-outgoing-1 << "{"status":"Downloading","progressDetail":{"current":28047685,"total":29125963},"progress":"[================================================\u003e  ]  28.05MB/29.13MB","id":"af107e978371"}[\r][\n]"
21:31:13.234 [docker-java-stream--2064336329] DEBUG com.github.dockerjava.zerodep.shaded.org.apache.hc.client5.http.wire - http-outgoing-1 << "[\r][\n]"
21:31:13.235 [docker-java-stream--2064336329] DEBUG com.github.dockerjava.api.command.PullImageResultCallback - ResponseItem(stream=null, status=Downloading, progressDetail=ResponseItem.ProgressDetail(current=28047685, total=29125963, start=null), progress=[================================================>  ]  28.05MB/29.13MB, id=af107e978371, from=null, time=null, errorDetail=null, error=null, aux=null)
21:31:13.508 [docker-java-stream--2064336329] DEBUG com.github.dockerjava.zerodep.shaded.org.apache.hc.client5.http.wire - http-outgoing-1 << "bf[\r][\n]"
21:31:13.508 [docker-java-stream--2064336329] DEBUG com.github.dockerjava.zerodep.shaded.org.apache.hc.client5.http.wire - http-outgoing-1 << "{"status":"Downloading","progressDetail":{"current":16619840,"total":108571409},"progress":"[=======\u003e                                           ]  16.62MB/108.6MB","id":"a35465a6a76a"}[\r][\n]"
21:31:13.508 [docker-java-stream--2064336329] DEBUG com.github.dockerjava.zerodep.shaded.org.apache.hc.client5.http.wire - http-outgoing-1 << "[\r][\n]"
21:31:13.509 [docker-java-stream--2064336329] DEBUG com.github.dockerjava.api.command.PullImageResultCallback - ResponseItem(stream=null, status=Downloading, progressDetail=ResponseItem.ProgressDetail(current=16619840, total=108571409, start=null), progress=[=======>                                           ]  16.62MB/108.6MB, id=a35465a6a76a, from=null, time=null, errorDetail=null, error=null, aux=null)
21:31:13.637 [docker-java-stream--2064336329] DEBUG com.github.dockerjava.zerodep.shaded.org.apache.hc.client5.http.wire - http-outgoing-1 << "be[\r][\n]"
21:31:13.637 [docker-java-stream--2064336329] DEBUG com.github.dockerjava.zerodep.shaded.org.apache.hc.client5.http.wire - http-outgoing-1 << "{"status":"Downloading","progressDetail":{"current":28342597,"total":29125963},"progress":"[================================================\u003e  ]  28.34MB/29.13MB","id":"af107e978371"}[\r][\n]"
21:31:13.638 [docker-java-stream--2064336329] DEBUG com.github.dockerjava.zerodep.shaded.org.apache.hc.client5.http.wire - http-outgoing-1 << "[\r][\n]"
21:31:13.639 [docker-java-stream--2064336329] DEBUG com.github.dockerjava.api.command.PullImageResultCallback - ResponseItem(stream=null, status=Downloading, progressDetail=ResponseItem.ProgressDetail(current=28342597, total=29125963, start=null), progress=[================================================>  ]  28.34MB/29.13MB, id=af107e978371, from=null, time=null, errorDetail=null, error=null, aux=null)
21:31:13.959 [docker-java-stream--2064336329] DEBUG com.github.dockerjava.zerodep.shaded.org.apache.hc.client5.http.wire - http-outgoing-1 << "be[\r][\n]"
21:31:13.960 [docker-java-stream--2064336329] DEBUG com.github.dockerjava.zerodep.shaded.org.apache.hc.client5.http.wire - http-outgoing-1 << "{"status":"Downloading","progressDetail":{"current":28645701,"total":29125963},"progress":"[=================================================\u003e ]  28.65MB/29.13MB","id":"af107e978371"}[\r][\n]"
21:31:13.960 [docker-java-stream--2064336329] DEBUG com.github.dockerjava.zerodep.shaded.org.apache.hc.client5.http.wire - http-outgoing-1 << "[\r][\n]"
21:31:13.960 [docker-java-stream--2064336329] DEBUG com.github.dockerjava.api.command.PullImageResultCallback - ResponseItem(stream=null, status=Downloading, progressDetail=ResponseItem.ProgressDetail(current=28645701, total=29125963, start=null), progress=[=================================================> ]  28.65MB/29.13MB, id=af107e978371, from=null, time=null, errorDetail=null, error=null, aux=null)
21:31:14.130 [docker-java-stream--2064336329] DEBUG com.github.dockerjava.zerodep.shaded.org.apache.hc.client5.http.wire - http-outgoing-1 << "bf[\r][\n]"
21:31:14.130 [docker-java-stream--2064336329] DEBUG com.github.dockerjava.zerodep.shaded.org.apache.hc.client5.http.wire - http-outgoing-1 << "{"status":"Downloading","progressDetail":{"current":17156416,"total":108571409},"progress":"[=======\u003e                                           ]  17.16MB/108.6MB","id":"a35465a6a76a"}[\r][\n]"
21:31:14.130 [docker-java-stream--2064336329] DEBUG com.github.dockerjava.zerodep.shaded.org.apache.hc.client5.http.wire - http-outgoing-1 << "[\r][\n]"
21:31:14.131 [docker-java-stream--2064336329] DEBUG com.github.dockerjava.api.command.PullImageResultCallback - ResponseItem(stream=null, status=Downloading, progressDetail=ResponseItem.ProgressDetail(current=17156416, total=108571409, start=null), progress=[=======>                                           ]  17.16MB/108.6MB, id=a35465a6a76a, from=null, time=null, errorDetail=null, error=null, aux=null)
21:31:14.580 [docker-java-stream--2064336329] DEBUG com.github.dockerjava.zerodep.shaded.org.apache.hc.client5.http.wire - http-outgoing-1 << "be[\r][\n]"
21:31:14.580 [docker-java-stream--2064336329] DEBUG com.github.dockerjava.zerodep.shaded.org.apache.hc.client5.http.wire - http-outgoing-1 << "{"status":"Downloading","progressDetail":{"current":28940613,"total":29125963},"progress":"[=================================================\u003e ]  28.94MB/29.13MB","id":"af107e978371"}[\r][\n]"
21:31:14.580 [docker-java-stream--2064336329] DEBUG com.github.dockerjava.zerodep.shaded.org.apache.hc.client5.http.wire - http-outgoing-1 << "[\r][\n]"
21:31:14.580 [docker-java-stream--2064336329] DEBUG com.github.dockerjava.api.command.PullImageResultCallback - ResponseItem(stream=null, status=Downloading, progressDetail=ResponseItem.ProgressDetail(current=28940613, total=29125963, start=null), progress=[=================================================> ]  28.94MB/29.13MB, id=af107e978371, from=null, time=null, errorDetail=null, error=null, aux=null)
21:31:14.737 [docker-java-stream--2064336329] DEBUG com.github.dockerjava.zerodep.shaded.org.apache.hc.client5.http.wire - http-outgoing-1 << "91[\r][\n]"
21:31:14.737 [docker-java-stream--2064336329] DEBUG com.github.dockerjava.zerodep.shaded.org.apache.hc.client5.http.wire - http-outgoing-1 << "{"status":"Verifying Checksum","progressDetail":{},"id":"af107e978371"}[\r][\n]"
21:31:14.737 [docker-java-stream--2064336329] DEBUG com.github.dockerjava.zerodep.shaded.org.apache.hc.client5.http.wire - http-outgoing-1 << "{"status":"Download complete","progressDetail":{},"id":"af107e978371"}[\r][\n]"
21:31:14.737 [docker-java-stream--2064336329] DEBUG com.github.dockerjava.zerodep.shaded.org.apache.hc.client5.http.wire - http-outgoing-1 << "[\r][\n]"
21:31:14.737 [docker-java-stream--2064336329] DEBUG com.github.dockerjava.api.command.PullImageResultCallback - ResponseItem(stream=null, status=Verifying Checksum, progressDetail=ResponseItem.ProgressDetail(current=null, total=null, start=null), progress=null, id=af107e978371, from=null, time=null, errorDetail=null, error=null, aux=null)
21:31:14.737 [docker-java-stream--2064336329] DEBUG com.github.dockerjava.api.command.PullImageResultCallback - ResponseItem(stream=null, status=Download complete, progressDetail=ResponseItem.ProgressDetail(current=null, total=null, start=null), progress=null, id=af107e978371, from=null, time=null, errorDetail=null, error=null, aux=null)
21:31:14.738 [docker-java-stream--2064336329] INFO tc.postgres:16.1 - Pulling image layers:  1 pending, 13 downloaded,  0 extracted, (57 MB/? MB)
21:31:14.910 [docker-java-stream--2064336329] DEBUG com.github.dockerjava.zerodep.shaded.org.apache.hc.client5.http.wire - http-outgoing-1 << "bf[\r][\n]"
21:31:14.910 [docker-java-stream--2064336329] DEBUG com.github.dockerjava.zerodep.shaded.org.apache.hc.client5.http.wire - http-outgoing-1 << "{"status":"Downloading","progressDetail":{"current":17692992,"total":108571409},"progress":"[========\u003e                                          ]  17.69MB/108.6MB","id":"a35465a6a76a"}[\r][\n]"
21:31:14.910 [docker-java-stream--2064336329] DEBUG com.github.dockerjava.zerodep.shaded.org.apache.hc.client5.http.wire - http-outgoing-1 << "[\r][\n]"
21:31:14.910 [docker-java-stream--2064336329] DEBUG com.github.dockerjava.api.command.PullImageResultCallback - ResponseItem(stream=null, status=Downloading, progressDetail=ResponseItem.ProgressDetail(current=17692992, total=108571409, start=null), progress=[========>                                          ]  17.69MB/108.6MB, id=a35465a6a76a, from=null, time=null, errorDetail=null, error=null, aux=null)
21:31:15.392 [docker-java-stream--2064336329] DEBUG com.github.dockerjava.zerodep.shaded.org.apache.hc.client5.http.wire - http-outgoing-1 << "bf[\r][\n]"
21:31:15.392 [docker-java-stream--2064336329] DEBUG com.github.dockerjava.zerodep.shaded.org.apache.hc.client5.http.wire - http-outgoing-1 << "{"status":"Downloading","progressDetail":{"current":18233664,"total":108571409},"progress":"[========\u003e                                          ]  18.23MB/108.6MB","id":"a35465a6a76a"}[\r][\n]"
21:31:15.392 [docker-java-stream--2064336329] DEBUG com.github.dockerjava.zerodep.shaded.org.apache.hc.client5.http.wire - http-outgoing-1 << "[\r][\n]"
21:31:15.392 [docker-java-stream--2064336329] DEBUG com.github.dockerjava.api.command.PullImageResultCallback - ResponseItem(stream=null, status=Downloading, progressDetail=ResponseItem.ProgressDetail(current=18233664, total=108571409, start=null), progress=[========>                                          ]  18.23MB/108.6MB, id=a35465a6a76a, from=null, time=null, errorDetail=null, error=null, aux=null)
21:31:20.138 [docker-java-stream--2064336329] DEBUG com.github.dockerjava.zerodep.shaded.org.apache.hc.client5.http.wire - http-outgoing-1 << "bf[\r][\n]"
21:31:20.138 [docker-java-stream--2064336329] DEBUG com.github.dockerjava.zerodep.shaded.org.apache.hc.client5.http.wire - http-outgoing-1 << "{"status":"Downloading","progressDetail":{"current":18774336,"total":108571409},"progress":"[========\u003e                                          ]  18.77MB/108.6MB","id":"a35465a6a76a"}[\r][\n]"
21:31:20.138 [docker-java-stream--2064336329] DEBUG com.github.dockerjava.zerodep.shaded.org.apache.hc.client5.http.wire - http-outgoing-1 << "[\r][\n]"
21:31:20.138 [docker-java-stream--2064336329] DEBUG com.github.dockerjava.api.command.PullImageResultCallback - ResponseItem(stream=null, status=Downloading, progressDetail=ResponseItem.ProgressDetail(current=18774336, total=108571409, start=null), progress=[========>                                          ]  18.77MB/108.6MB, id=a35465a6a76a, from=null, time=null, errorDetail=null, error=null, aux=null)
21:31:21.004 [docker-java-stream--2064336329] DEBUG com.github.dockerjava.zerodep.shaded.org.apache.hc.client5.http.wire - http-outgoing-1 << "bf[\r][\n]"
21:31:21.004 [docker-java-stream--2064336329] DEBUG com.github.dockerjava.zerodep.shaded.org.apache.hc.client5.http.wire - http-outgoing-1 << "{"status":"Downloading","progressDetail":{"current":19306816,"total":108571409},"progress":"[========\u003e                                          ]  19.31MB/108.6MB","id":"a35465a6a76a"}[\r][\n]"
21:31:21.004 [docker-java-stream--2064336329] DEBUG com.github.dockerjava.zerodep.shaded.org.apache.hc.client5.http.wire - http-outgoing-1 << "[\r][\n]"
21:31:21.004 [docker-java-stream--2064336329] DEBUG com.github.dockerjava.api.command.PullImageResultCallback - ResponseItem(stream=null, status=Downloading, progressDetail=ResponseItem.ProgressDetail(current=19306816, total=108571409, start=null), progress=[========>                                          ]  19.31MB/108.6MB, id=a35465a6a76a, from=null, time=null, errorDetail=null, error=null, aux=null)
21:31:22.321 [docker-java-stream--2064336329] DEBUG com.github.dockerjava.zerodep.shaded.org.apache.hc.client5.http.wire - http-outgoing-1 << "bf[\r][\n]"
21:31:22.321 [docker-java-stream--2064336329] DEBUG com.github.dockerjava.zerodep.shaded.org.apache.hc.client5.http.wire - http-outgoing-1 << "{"status":"Downloading","progressDetail":{"current":19847488,"total":108571409},"progress":"[=========\u003e                                         ]  19.85MB/108.6MB","id":"a35465a6a76a"}[\r][\n]"
21:31:22.321 [docker-java-stream--2064336329] DEBUG com.github.dockerjava.zerodep.shaded.org.apache.hc.client5.http.wire - http-outgoing-1 << "[\r][\n]"
21:31:22.322 [docker-java-stream--2064336329] DEBUG com.github.dockerjava.api.command.PullImageResultCallback - ResponseItem(stream=null, status=Downloading, progressDetail=ResponseItem.ProgressDetail(current=19847488, total=108571409, start=null), progress=[=========>                                         ]  19.85MB/108.6MB, id=a35465a6a76a, from=null, time=null, errorDetail=null, error=null, aux=null)
21:31:22.961 [docker-java-stream--2064336329] DEBUG com.github.dockerjava.zerodep.shaded.org.apache.hc.client5.http.wire - http-outgoing-1 << "bb[\r][\n]"
21:31:22.962 [docker-java-stream--2064336329] DEBUG com.github.dockerjava.zerodep.shaded.org.apache.hc.client5.http.wire - http-outgoing-1 << "{"status":"Extracting","progressDetail":{"current":294912,"total":29125963},"progress":"[\u003e                                                  ]  294.9kB/29.13MB","id":"af107e978371"}[\r][\n]"
21:31:22.962 [docker-java-stream--2064336329] DEBUG com.github.dockerjava.zerodep.shaded.org.apache.hc.client5.http.wire - http-outgoing-1 << "[\r][\n]"
21:31:22.962 [docker-java-stream--2064336329] DEBUG com.github.dockerjava.api.command.PullImageResultCallback - ResponseItem(stream=null, status=Extracting, progressDetail=ResponseItem.ProgressDetail(current=294912, total=29125963, start=null), progress=[>                                                  ]  294.9kB/29.13MB, id=af107e978371, from=null, time=null, errorDetail=null, error=null, aux=null)
21:31:23.662 [docker-java-stream--2064336329] DEBUG com.github.dockerjava.zerodep.shaded.org.apache.hc.client5.http.wire - http-outgoing-1 << "bf[\r][\n]"
21:31:23.662 [docker-java-stream--2064336329] DEBUG com.github.dockerjava.zerodep.shaded.org.apache.hc.client5.http.wire - http-outgoing-1 << "{"status":"Downloading","progressDetail":{"current":20388160,"total":108571409},"progress":"[=========\u003e                                         ]  20.39MB/108.6MB","id":"a35465a6a76a"}[\r][\n]"
21:31:23.662 [docker-java-stream--2064336329] DEBUG com.github.dockerjava.zerodep.shaded.org.apache.hc.client5.http.wire - http-outgoing-1 << "[\r][\n]"
21:31:23.663 [docker-java-stream--2064336329] DEBUG com.github.dockerjava.api.command.PullImageResultCallback - ResponseItem(stream=null, status=Downloading, progressDetail=ResponseItem.ProgressDetail(current=20388160, total=108571409, start=null), progress=[=========>                                         ]  20.39MB/108.6MB, id=a35465a6a76a, from=null, time=null, errorDetail=null, error=null, aux=null)
21:31:24.547 [docker-java-stream--2064336329] DEBUG com.github.dockerjava.zerodep.shaded.org.apache.hc.client5.http.wire - http-outgoing-1 << "bf[\r][\n]"
21:31:24.547 [docker-java-stream--2064336329] DEBUG com.github.dockerjava.zerodep.shaded.org.apache.hc.client5.http.wire - http-outgoing-1 << "{"status":"Downloading","progressDetail":{"current":20920640,"total":108571409},"progress":"[=========\u003e                                         ]  20.92MB/108.6MB","id":"a35465a6a76a"}[\r][\n]"
21:31:24.547 [docker-java-stream--2064336329] DEBUG com.github.dockerjava.zerodep.shaded.org.apache.hc.client5.http.wire - http-outgoing-1 << "[\r][\n]"
21:31:24.547 [docker-java-stream--2064336329] DEBUG com.github.dockerjava.api.command.PullImageResultCallback - ResponseItem(stream=null, status=Downloading, progressDetail=ResponseItem.ProgressDetail(current=20920640, total=108571409, start=null), progress=[=========>                                         ]  20.92MB/108.6MB, id=a35465a6a76a, from=null, time=null, errorDetail=null, error=null, aux=null)
21:31:25.017 [docker-java-stream--2064336329] DEBUG com.github.dockerjava.zerodep.shaded.org.apache.hc.client5.http.wire - http-outgoing-1 << "bb[\r][\n]"
21:31:25.017 [docker-java-stream--2064336329] DEBUG com.github.dockerjava.zerodep.shaded.org.apache.hc.client5.http.wire - http-outgoing-1 << "{"status":"Extracting","progressDetail":{"current":589824,"total":29125963},"progress":"[=\u003e                                                 ]  589.8kB/29.13MB","id":"af107e978371"}[\r][\n]"
21:31:25.017 [docker-java-stream--2064336329] DEBUG com.github.dockerjava.zerodep.shaded.org.apache.hc.client5.http.wire - http-outgoing-1 << "[\r][\n]"
21:31:25.017 [docker-java-stream--2064336329] DEBUG com.github.dockerjava.api.command.PullImageResultCallback - ResponseItem(stream=null, status=Extracting, progressDetail=ResponseItem.ProgressDetail(current=589824, total=29125963, start=null), progress=[=>                                                 ]  589.8kB/29.13MB, id=af107e978371, from=null, time=null, errorDetail=null, error=null, aux=null)
21:31:25.146 [docker-java-stream--2064336329] DEBUG com.github.dockerjava.zerodep.shaded.org.apache.hc.client5.http.wire - http-outgoing-1 << "bf[\r][\n]"
21:31:25.146 [docker-java-stream--2064336329] DEBUG com.github.dockerjava.zerodep.shaded.org.apache.hc.client5.http.wire - http-outgoing-1 << "{"status":"Downloading","progressDetail":{"current":21461312,"total":108571409},"progress":"[=========\u003e                                         ]  21.46MB/108.6MB","id":"a35465a6a76a"}[\r][\n]"
21:31:25.146 [docker-java-stream--2064336329] DEBUG com.github.dockerjava.zerodep.shaded.org.apache.hc.client5.http.wire - http-outgoing-1 << "[\r][\n]"
21:31:25.147 [docker-java-stream--2064336329] DEBUG com.github.dockerjava.api.command.PullImageResultCallback - ResponseItem(stream=null, status=Downloading, progressDetail=ResponseItem.ProgressDetail(current=21461312, total=108571409, start=null), progress=[=========>                                         ]  21.46MB/108.6MB, id=a35465a6a76a, from=null, time=null, errorDetail=null, error=null, aux=null)
21:31:25.890 [docker-java-stream--2064336329] DEBUG com.github.dockerjava.zerodep.shaded.org.apache.hc.client5.http.wire - http-outgoing-1 << "bb[\r][\n]"
21:31:25.890 [docker-java-stream--2064336329] DEBUG com.github.dockerjava.zerodep.shaded.org.apache.hc.client5.http.wire - http-outgoing-1 << "{"status":"Extracting","progressDetail":{"current":884736,"total":29125963},"progress":"[=\u003e                                                 ]  884.7kB/29.13MB","id":"af107e978371"}[\r][\n]"
21:31:25.890 [docker-java-stream--2064336329] DEBUG com.github.dockerjava.zerodep.shaded.org.apache.hc.client5.http.wire - http-outgoing-1 << "[\r][\n]"
21:31:25.890 [docker-java-stream--2064336329] DEBUG com.github.dockerjava.api.command.PullImageResultCallback - ResponseItem(stream=null, status=Extracting, progressDetail=ResponseItem.ProgressDetail(current=884736, total=29125963, start=null), progress=[=>                                                 ]  884.7kB/29.13MB, id=af107e978371, from=null, time=null, errorDetail=null, error=null, aux=null)
21:31:26.208 [docker-java-stream--2064336329] DEBUG com.github.dockerjava.zerodep.shaded.org.apache.hc.client5.http.wire - http-outgoing-1 << "bf[\r][\n]"
21:31:26.208 [docker-java-stream--2064336329] DEBUG com.github.dockerjava.zerodep.shaded.org.apache.hc.client5.http.wire - http-outgoing-1 << "{"status":"Downloading","progressDetail":{"current":21993792,"total":108571409},"progress":"[==========\u003e                                        ]  21.99MB/108.6MB","id":"a35465a6a76a"}[\r][\n]"
21:31:26.208 [docker-java-stream--2064336329] DEBUG com.github.dockerjava.zerodep.shaded.org.apache.hc.client5.http.wire - http-outgoing-1 << "[\r][\n]"
21:31:26.208 [docker-java-stream--2064336329] DEBUG com.github.dockerjava.api.command.PullImageResultCallback - ResponseItem(stream=null, status=Downloading, progressDetail=ResponseItem.ProgressDetail(current=21993792, total=108571409, start=null), progress=[==========>                                        ]  21.99MB/108.6MB, id=a35465a6a76a, from=null, time=null, errorDetail=null, error=null, aux=null)
21:31:26.629 [docker-java-stream--2064336329] DEBUG com.github.dockerjava.zerodep.shaded.org.apache.hc.client5.http.wire - http-outgoing-1 << "bc[\r][\n]"
21:31:26.629 [docker-java-stream--2064336329] DEBUG com.github.dockerjava.zerodep.shaded.org.apache.hc.client5.http.wire - http-outgoing-1 << "{"status":"Extracting","progressDetail":{"current":1179648,"total":29125963},"progress":"[==\u003e                                                ]   1.18MB/29.13MB","id":"af107e978371"}[\r][\n]"
21:31:26.629 [docker-java-stream--2064336329] DEBUG com.github.dockerjava.zerodep.shaded.org.apache.hc.client5.http.wire - http-outgoing-1 << "[\r][\n]"
21:31:26.630 [docker-java-stream--2064336329] DEBUG com.github.dockerjava.api.command.PullImageResultCallback - ResponseItem(stream=null, status=Extracting, progressDetail=ResponseItem.ProgressDetail(current=1179648, total=29125963, start=null), progress=[==>                                                ]   1.18MB/29.13MB, id=af107e978371, from=null, time=null, errorDetail=null, error=null, aux=null)
21:31:26.783 [docker-java-stream--2064336329] DEBUG com.github.dockerjava.zerodep.shaded.org.apache.hc.client5.http.wire - http-outgoing-1 << "bf[\r][\n]"
21:31:26.784 [docker-java-stream--2064336329] DEBUG com.github.dockerjava.zerodep.shaded.org.apache.hc.client5.http.wire - http-outgoing-1 << "{"status":"Downloading","progressDetail":{"current":22534464,"total":108571409},"progress":"[==========\u003e                                        ]  22.53MB/108.6MB","id":"a35465a6a76a"}[\r][\n]"
21:31:26.784 [docker-java-stream--2064336329] DEBUG com.github.dockerjava.zerodep.shaded.org.apache.hc.client5.http.wire - http-outgoing-1 << "[\r][\n]"
21:31:26.784 [docker-java-stream--2064336329] DEBUG com.github.dockerjava.api.command.PullImageResultCallback - ResponseItem(stream=null, status=Downloading, progressDetail=ResponseItem.ProgressDetail(current=22534464, total=108571409, start=null), progress=[==========>                                        ]  22.53MB/108.6MB, id=a35465a6a76a, from=null, time=null, errorDetail=null, error=null, aux=null)
21:31:27.116 [docker-java-stream--2064336329] DEBUG com.github.dockerjava.zerodep.shaded.org.apache.hc.client5.http.wire - http-outgoing-1 << "bf[\r][\n]"
21:31:27.116 [docker-java-stream--2064336329] DEBUG com.github.dockerjava.zerodep.shaded.org.apache.hc.client5.http.wire - http-outgoing-1 << "{"status":"Downloading","progressDetail":{"current":23062848,"total":108571409},"progress":"[==========\u003e                                        ]  23.06MB/108.6MB","id":"a35465a6a76a"}[\r][\n]"
21:31:27.116 [docker-java-stream--2064336329] DEBUG com.github.dockerjava.zerodep.shaded.org.apache.hc.client5.http.wire - http-outgoing-1 << "[\r][\n]"
21:31:27.116 [docker-java-stream--2064336329] DEBUG com.github.dockerjava.api.command.PullImageResultCallback - ResponseItem(stream=null, status=Downloading, progressDetail=ResponseItem.ProgressDetail(current=23062848, total=108571409, start=null), progress=[==========>                                        ]  23.06MB/108.6MB, id=a35465a6a76a, from=null, time=null, errorDetail=null, error=null, aux=null)
21:31:27.396 [docker-java-stream--2064336329] DEBUG com.github.dockerjava.zerodep.shaded.org.apache.hc.client5.http.wire - http-outgoing-1 << "bc[\r][\n]"
21:31:27.396 [docker-java-stream--2064336329] DEBUG com.github.dockerjava.zerodep.shaded.org.apache.hc.client5.http.wire - http-outgoing-1 << "{"status":"Extracting","progressDetail":{"current":1474560,"total":29125963},"progress":"[==\u003e                                                ]  1.475MB/29.13MB","id":"af107e978371"}[\r][\n]"
21:31:27.396 [docker-java-stream--2064336329] DEBUG com.github.dockerjava.zerodep.shaded.org.apache.hc.client5.http.wire - http-outgoing-1 << "[\r][\n]"
21:31:27.396 [docker-java-stream--2064336329] DEBUG com.github.dockerjava.api.command.PullImageResultCallback - ResponseItem(stream=null, status=Extracting, progressDetail=ResponseItem.ProgressDetail(current=1474560, total=29125963, start=null), progress=[==>                                                ]  1.475MB/29.13MB, id=af107e978371, from=null, time=null, errorDetail=null, error=null, aux=null)
21:31:27.451 [docker-java-stream--2064336329] DEBUG com.github.dockerjava.zerodep.shaded.org.apache.hc.client5.http.wire - http-outgoing-1 << "bf[\r][\n]"
21:31:27.451 [docker-java-stream--2064336329] DEBUG com.github.dockerjava.zerodep.shaded.org.apache.hc.client5.http.wire - http-outgoing-1 << "{"status":"Downloading","progressDetail":{"current":23591232,"total":108571409},"progress":"[==========\u003e                                        ]  23.59MB/108.6MB","id":"a35465a6a76a"}[\r][\n]"
21:31:27.451 [docker-java-stream--2064336329] DEBUG com.github.dockerjava.zerodep.shaded.org.apache.hc.client5.http.wire - http-outgoing-1 << "[\r][\n]"
21:31:27.451 [docker-java-stream--2064336329] DEBUG com.github.dockerjava.api.command.PullImageResultCallback - ResponseItem(stream=null, status=Downloading, progressDetail=ResponseItem.ProgressDetail(current=23591232, total=108571409, start=null), progress=[==========>                                        ]  23.59MB/108.6MB, id=a35465a6a76a, from=null, time=null, errorDetail=null, error=null, aux=null)
21:31:28.069 [docker-java-stream--2064336329] DEBUG com.github.dockerjava.zerodep.shaded.org.apache.hc.client5.http.wire - http-outgoing-1 << "bf[\r][\n]"
21:31:28.069 [docker-java-stream--2064336329] DEBUG com.github.dockerjava.zerodep.shaded.org.apache.hc.client5.http.wire - http-outgoing-1 << "{"status":"Downloading","progressDetail":{"current":24123712,"total":108571409},"progress":"[===========\u003e                                       ]  24.12MB/108.6MB","id":"a35465a6a76a"}[\r][\n]"
21:31:28.069 [docker-java-stream--2064336329] DEBUG com.github.dockerjava.zerodep.shaded.org.apache.hc.client5.http.wire - http-outgoing-1 << "[\r][\n]"
21:31:28.069 [docker-java-stream--2064336329] DEBUG com.github.dockerjava.api.command.PullImageResultCallback - ResponseItem(stream=null, status=Downloading, progressDetail=ResponseItem.ProgressDetail(current=24123712, total=108571409, start=null), progress=[===========>                                       ]  24.12MB/108.6MB, id=a35465a6a76a, from=null, time=null, errorDetail=null, error=null, aux=null)
21:31:28.144 [docker-java-stream--2064336329] DEBUG com.github.dockerjava.zerodep.shaded.org.apache.hc.client5.http.wire - http-outgoing-1 << "bc[\r][\n]"
21:31:28.144 [docker-java-stream--2064336329] DEBUG com.github.dockerjava.zerodep.shaded.org.apache.hc.client5.http.wire - http-outgoing-1 << "{"status":"Extracting","progressDetail":{"current":1769472,"total":29125963},"progress":"[===\u003e                                               ]  1.769MB/29.13MB","id":"af107e978371"}[\r][\n]"
21:31:28.144 [docker-java-stream--2064336329] DEBUG com.github.dockerjava.zerodep.shaded.org.apache.hc.client5.http.wire - http-outgoing-1 << "[\r][\n]"
21:31:28.144 [docker-java-stream--2064336329] DEBUG com.github.dockerjava.api.command.PullImageResultCallback - ResponseItem(stream=null, status=Extracting, progressDetail=ResponseItem.ProgressDetail(current=1769472, total=29125963, start=null), progress=[===>                                               ]  1.769MB/29.13MB, id=af107e978371, from=null, time=null, errorDetail=null, error=null, aux=null)
21:31:28.368 [docker-java-stream--2064336329] DEBUG com.github.dockerjava.zerodep.shaded.org.apache.hc.client5.http.wire - http-outgoing-1 << "bf[\r][\n]"
21:31:28.368 [docker-java-stream--2064336329] DEBUG com.github.dockerjava.zerodep.shaded.org.apache.hc.client5.http.wire - http-outgoing-1 << "{"status":"Downloading","progressDetail":{"current":24660288,"total":108571409},"progress":"[===========\u003e                                       ]  24.66MB/108.6MB","id":"a35465a6a76a"}[\r][\n]"
21:31:28.368 [docker-java-stream--2064336329] DEBUG com.github.dockerjava.zerodep.shaded.org.apache.hc.client5.http.wire - http-outgoing-1 << "[\r][\n]"
21:31:28.368 [docker-java-stream--2064336329] DEBUG com.github.dockerjava.api.command.PullImageResultCallback - ResponseItem(stream=null, status=Downloading, progressDetail=ResponseItem.ProgressDetail(current=24660288, total=108571409, start=null), progress=[===========>                                       ]  24.66MB/108.6MB, id=a35465a6a76a, from=null, time=null, errorDetail=null, error=null, aux=null)
21:31:31.261 [docker-java-stream--2064336329] DEBUG com.github.dockerjava.zerodep.shaded.org.apache.hc.client5.http.wire - http-outgoing-1 << "bf[\r][\n]"
21:31:31.261 [docker-java-stream--2064336329] DEBUG com.github.dockerjava.zerodep.shaded.org.apache.hc.client5.http.wire - http-outgoing-1 << "{"status":"Downloading","progressDetail":{"current":25196864,"total":108571409},"progress":"[===========\u003e                                       ]   25.2MB/108.6MB","id":"a35465a6a76a"}[\r][\n]"
21:31:31.261 [docker-java-stream--2064336329] DEBUG com.github.dockerjava.zerodep.shaded.org.apache.hc.client5.http.wire - http-outgoing-1 << "[\r][\n]"
21:31:31.261 [docker-java-stream--2064336329] DEBUG com.github.dockerjava.api.command.PullImageResultCallback - ResponseItem(stream=null, status=Downloading, progressDetail=ResponseItem.ProgressDetail(current=25196864, total=108571409, start=null), progress=[===========>                                       ]   25.2MB/108.6MB, id=a35465a6a76a, from=null, time=null, errorDetail=null, error=null, aux=null)
21:31:31.435 [docker-java-stream--2064336329] DEBUG com.github.dockerjava.zerodep.shaded.org.apache.hc.client5.http.wire - http-outgoing-1 << "bc[\r][\n]"
21:31:31.435 [docker-java-stream--2064336329] DEBUG com.github.dockerjava.zerodep.shaded.org.apache.hc.client5.http.wire - http-outgoing-1 << "{"status":"Extracting","progressDetail":{"current":2064384,"total":29125963},"progress":"[===\u003e                                               ]  2.064MB/29.13MB","id":"af107e978371"}[\r][\n]"
21:31:31.435 [docker-java-stream--2064336329] DEBUG com.github.dockerjava.zerodep.shaded.org.apache.hc.client5.http.wire - http-outgoing-1 << "[\r][\n]"
21:31:31.436 [docker-java-stream--2064336329] DEBUG com.github.dockerjava.api.command.PullImageResultCallback - ResponseItem(stream=null, status=Extracting, progressDetail=ResponseItem.ProgressDetail(current=2064384, total=29125963, start=null), progress=[===>                                               ]  2.064MB/29.13MB, id=af107e978371, from=null, time=null, errorDetail=null, error=null, aux=null)
21:31:34.148 [docker-java-stream--2064336329] DEBUG com.github.dockerjava.zerodep.shaded.org.apache.hc.client5.http.wire - http-outgoing-1 << "bc[\r][\n]"
21:31:34.148 [docker-java-stream--2064336329] DEBUG com.github.dockerjava.zerodep.shaded.org.apache.hc.client5.http.wire - http-outgoing-1 << "{"status":"Extracting","progressDetail":{"current":2359296,"total":29125963},"progress":"[====\u003e                                              ]  2.359MB/29.13MB","id":"af107e978371"}[\r][\n]"
21:31:34.148 [docker-java-stream--2064336329] DEBUG com.github.dockerjava.zerodep.shaded.org.apache.hc.client5.http.wire - http-outgoing-1 << "[\r][\n]"
21:31:34.148 [docker-java-stream--2064336329] DEBUG com.github.dockerjava.api.command.PullImageResultCallback - ResponseItem(stream=null, status=Extracting, progressDetail=ResponseItem.ProgressDetail(current=2359296, total=29125963, start=null), progress=[====>                                              ]  2.359MB/29.13MB, id=af107e978371, from=null, time=null, errorDetail=null, error=null, aux=null)
21:31:34.890 [docker-java-stream--2064336329] DEBUG com.github.dockerjava.zerodep.shaded.org.apache.hc.client5.http.wire - http-outgoing-1 << "bf[\r][\n]"
21:31:34.891 [docker-java-stream--2064336329] DEBUG com.github.dockerjava.zerodep.shaded.org.apache.hc.client5.http.wire - http-outgoing-1 << "{"status":"Downloading","progressDetail":{"current":25737536,"total":108571409},"progress":"[===========\u003e                                       ]  25.74MB/108.6MB","id":"a35465a6a76a"}[\r][\n]"
21:31:34.891 [docker-java-stream--2064336329] DEBUG com.github.dockerjava.zerodep.shaded.org.apache.hc.client5.http.wire - http-outgoing-1 << "[\r][\n]"
21:31:34.891 [docker-java-stream--2064336329] DEBUG com.github.dockerjava.api.command.PullImageResultCallback - ResponseItem(stream=null, status=Downloading, progressDetail=ResponseItem.ProgressDetail(current=25737536, total=108571409, start=null), progress=[===========>                                       ]  25.74MB/108.6MB, id=a35465a6a76a, from=null, time=null, errorDetail=null, error=null, aux=null)
21:31:35.263 [docker-java-stream--2064336329] DEBUG com.github.dockerjava.zerodep.shaded.org.apache.hc.client5.http.wire - http-outgoing-1 << "bc[\r][\n]"
21:31:35.263 [docker-java-stream--2064336329] DEBUG com.github.dockerjava.zerodep.shaded.org.apache.hc.client5.http.wire - http-outgoing-1 << "{"status":"Extracting","progressDetail":{"current":2654208,"total":29125963},"progress":"[====\u003e                                              ]  2.654MB/29.13MB","id":"af107e978371"}[\r][\n]"
21:31:35.263 [docker-java-stream--2064336329] DEBUG com.github.dockerjava.zerodep.shaded.org.apache.hc.client5.http.wire - http-outgoing-1 << "[\r][\n]"
21:31:35.264 [docker-java-stream--2064336329] DEBUG com.github.dockerjava.api.command.PullImageResultCallback - ResponseItem(stream=null, status=Extracting, progressDetail=ResponseItem.ProgressDetail(current=2654208, total=29125963, start=null), progress=[====>                                              ]  2.654MB/29.13MB, id=af107e978371, from=null, time=null, errorDetail=null, error=null, aux=null)
21:31:35.594 [docker-java-stream--2064336329] DEBUG com.github.dockerjava.zerodep.shaded.org.apache.hc.client5.http.wire - http-outgoing-1 << "bf[\r][\n]"
21:31:35.594 [docker-java-stream--2064336329] DEBUG com.github.dockerjava.zerodep.shaded.org.apache.hc.client5.http.wire - http-outgoing-1 << "{"status":"Downloading","progressDetail":{"current":26274112,"total":108571409},"progress":"[============\u003e                                      ]  26.27MB/108.6MB","id":"a35465a6a76a"}[\r][\n]"
21:31:35.594 [docker-java-stream--2064336329] DEBUG com.github.dockerjava.zerodep.shaded.org.apache.hc.client5.http.wire - http-outgoing-1 << "[\r][\n]"
21:31:35.594 [docker-java-stream--2064336329] DEBUG com.github.dockerjava.api.command.PullImageResultCallback - ResponseItem(stream=null, status=Downloading, progressDetail=ResponseItem.ProgressDetail(current=26274112, total=108571409, start=null), progress=[============>                                      ]  26.27MB/108.6MB, id=a35465a6a76a, from=null, time=null, errorDetail=null, error=null, aux=null)
21:31:35.839 [docker-java-stream--2064336329] DEBUG com.github.dockerjava.zerodep.shaded.org.apache.hc.client5.http.wire - http-outgoing-1 << "bc[\r][\n]"
21:31:35.893 [docker-java-stream--2064336329] DEBUG com.github.dockerjava.zerodep.shaded.org.apache.hc.client5.http.wire - http-outgoing-1 << "{"status":"Extracting","progressDetail":{"current":2949120,"total":29125963},"progress":"[=====\u003e                                             ]  2.949MB/29.13MB","id":"af107e978371"}[\r][\n]"
21:31:35.893 [docker-java-stream--2064336329] DEBUG com.github.dockerjava.zerodep.shaded.org.apache.hc.client5.http.wire - http-outgoing-1 << "[\r][\n]"
21:31:35.893 [docker-java-stream--2064336329] DEBUG com.github.dockerjava.api.command.PullImageResultCallback - ResponseItem(stream=null, status=Extracting, progressDetail=ResponseItem.ProgressDetail(current=2949120, total=29125963, start=null), progress=[=====>                                             ]  2.949MB/29.13MB, id=af107e978371, from=null, time=null, errorDetail=null, error=null, aux=null)
21:31:36.062 [docker-java-stream--2064336329] DEBUG com.github.dockerjava.zerodep.shaded.org.apache.hc.client5.http.wire - http-outgoing-1 << "bf[\r][\n]"
21:31:36.062 [docker-java-stream--2064336329] DEBUG com.github.dockerjava.zerodep.shaded.org.apache.hc.client5.http.wire - http-outgoing-1 << "{"status":"Downloading","progressDetail":{"current":26802496,"total":108571409},"progress":"[============\u003e                                      ]   26.8MB/108.6MB","id":"a35465a6a76a"}[\r][\n]"
21:31:36.062 [docker-java-stream--2064336329] DEBUG com.github.dockerjava.zerodep.shaded.org.apache.hc.client5.http.wire - http-outgoing-1 << "[\r][\n]"
21:31:36.062 [docker-java-stream--2064336329] DEBUG com.github.dockerjava.api.command.PullImageResultCallback - ResponseItem(stream=null, status=Downloading, progressDetail=ResponseItem.ProgressDetail(current=26802496, total=108571409, start=null), progress=[============>                                      ]   26.8MB/108.6MB, id=a35465a6a76a, from=null, time=null, errorDetail=null, error=null, aux=null)
21:31:36.340 [docker-java-stream--2064336329] DEBUG com.github.dockerjava.zerodep.shaded.org.apache.hc.client5.http.wire - http-outgoing-1 << "bf[\r][\n]"
21:31:36.340 [docker-java-stream--2064336329] DEBUG com.github.dockerjava.zerodep.shaded.org.apache.hc.client5.http.wire - http-outgoing-1 << "{"status":"Downloading","progressDetail":{"current":27343168,"total":108571409},"progress":"[============\u003e                                      ]  27.34MB/108.6MB","id":"a35465a6a76a"}[\r][\n]"
21:31:36.340 [docker-java-stream--2064336329] DEBUG com.github.dockerjava.zerodep.shaded.org.apache.hc.client5.http.wire - http-outgoing-1 << "[\r][\n]"
21:31:36.340 [docker-java-stream--2064336329] DEBUG com.github.dockerjava.api.command.PullImageResultCallback - ResponseItem(stream=null, status=Downloading, progressDetail=ResponseItem.ProgressDetail(current=27343168, total=108571409, start=null), progress=[============>                                      ]  27.34MB/108.6MB, id=a35465a6a76a, from=null, time=null, errorDetail=null, error=null, aux=null)
21:31:36.425 [docker-java-stream--2064336329] DEBUG com.github.dockerjava.zerodep.shaded.org.apache.hc.client5.http.wire - http-outgoing-1 << "bc[\r][\n]"
21:31:36.425 [docker-java-stream--2064336329] DEBUG com.github.dockerjava.zerodep.shaded.org.apache.hc.client5.http.wire - http-outgoing-1 << "{"status":"Extracting","progressDetail":{"current":3244032,"total":29125963},"progress":"[=====\u003e                                             ]  3.244MB/29.13MB","id":"af107e978371"}[\r][\n]"
21:31:36.425 [docker-java-stream--2064336329] DEBUG com.github.dockerjava.zerodep.shaded.org.apache.hc.client5.http.wire - http-outgoing-1 << "[\r][\n]"
21:31:36.425 [docker-java-stream--2064336329] DEBUG com.github.dockerjava.api.command.PullImageResultCallback - ResponseItem(stream=null, status=Extracting, progressDetail=ResponseItem.ProgressDetail(current=3244032, total=29125963, start=null), progress=[=====>                                             ]  3.244MB/29.13MB, id=af107e978371, from=null, time=null, errorDetail=null, error=null, aux=null)
21:31:36.530 [docker-java-stream--2064336329] DEBUG com.github.dockerjava.zerodep.shaded.org.apache.hc.client5.http.wire - http-outgoing-1 << "bf[\r][\n]"
21:31:36.530 [docker-java-stream--2064336329] DEBUG com.github.dockerjava.zerodep.shaded.org.apache.hc.client5.http.wire - http-outgoing-1 << "{"status":"Downloading","progressDetail":{"current":27875648,"total":108571409},"progress":"[============\u003e                                      ]  27.88MB/108.6MB","id":"a35465a6a76a"}[\r][\n]"
21:31:36.530 [docker-java-stream--2064336329] DEBUG com.github.dockerjava.zerodep.shaded.org.apache.hc.client5.http.wire - http-outgoing-1 << "[\r][\n]"
21:31:36.530 [docker-java-stream--2064336329] DEBUG com.github.dockerjava.api.command.PullImageResultCallback - ResponseItem(stream=null, status=Downloading, progressDetail=ResponseItem.ProgressDetail(current=27875648, total=108571409, start=null), progress=[============>                                      ]  27.88MB/108.6MB, id=a35465a6a76a, from=null, time=null, errorDetail=null, error=null, aux=null)
21:31:36.696 [docker-java-stream--2064336329] DEBUG com.github.dockerjava.zerodep.shaded.org.apache.hc.client5.http.wire - http-outgoing-1 << "bc[\r][\n]"
21:31:36.697 [docker-java-stream--2064336329] DEBUG com.github.dockerjava.zerodep.shaded.org.apache.hc.client5.http.wire - http-outgoing-1 << "{"status":"Extracting","progressDetail":{"current":3538944,"total":29125963},"progress":"[======\u003e                                            ]  3.539MB/29.13MB","id":"af107e978371"}[\r][\n]"
21:31:36.697 [docker-java-stream--2064336329] DEBUG com.github.dockerjava.zerodep.shaded.org.apache.hc.client5.http.wire - http-outgoing-1 << "[\r][\n]"
21:31:36.698 [docker-java-stream--2064336329] DEBUG com.github.dockerjava.api.command.PullImageResultCallback - ResponseItem(stream=null, status=Extracting, progressDetail=ResponseItem.ProgressDetail(current=3538944, total=29125963, start=null), progress=[======>                                            ]  3.539MB/29.13MB, id=af107e978371, from=null, time=null, errorDetail=null, error=null, aux=null)
21:31:36.761 [docker-java-stream--2064336329] DEBUG com.github.dockerjava.zerodep.shaded.org.apache.hc.client5.http.wire - http-outgoing-1 << "bf[\r][\n]"
21:31:36.762 [docker-java-stream--2064336329] DEBUG com.github.dockerjava.zerodep.shaded.org.apache.hc.client5.http.wire - http-outgoing-1 << "{"status":"Downloading","progressDetail":{"current":28408128,"total":108571409},"progress":"[=============\u003e                                     ]  28.41MB/108.6MB","id":"a35465a6a76a"}[\r][\n]"
21:31:36.762 [docker-java-stream--2064336329] DEBUG com.github.dockerjava.zerodep.shaded.org.apache.hc.client5.http.wire - http-outgoing-1 << "[\r][\n]"
21:31:36.762 [docker-java-stream--2064336329] DEBUG com.github.dockerjava.api.command.PullImageResultCallback - ResponseItem(stream=null, status=Downloading, progressDetail=ResponseItem.ProgressDetail(current=28408128, total=108571409, start=null), progress=[=============>                                     ]  28.41MB/108.6MB, id=a35465a6a76a, from=null, time=null, errorDetail=null, error=null, aux=null)
21:31:36.971 [docker-java-stream--2064336329] DEBUG com.github.dockerjava.zerodep.shaded.org.apache.hc.client5.http.wire - http-outgoing-1 << "bf[\r][\n]"
21:31:36.971 [docker-java-stream--2064336329] DEBUG com.github.dockerjava.zerodep.shaded.org.apache.hc.client5.http.wire - http-outgoing-1 << "{"status":"Downloading","progressDetail":{"current":28940608,"total":108571409},"progress":"[=============\u003e                                     ]  28.94MB/108.6MB","id":"a35465a6a76a"}[\r][\n]"
21:31:36.972 [docker-java-stream--2064336329] DEBUG com.github.dockerjava.zerodep.shaded.org.apache.hc.client5.http.wire - http-outgoing-1 << "[\r][\n]"
21:31:36.972 [docker-java-stream--2064336329] DEBUG com.github.dockerjava.api.command.PullImageResultCallback - ResponseItem(stream=null, status=Downloading, progressDetail=ResponseItem.ProgressDetail(current=28940608, total=108571409, start=null), progress=[=============>                                     ]  28.94MB/108.6MB, id=a35465a6a76a, from=null, time=null, errorDetail=null, error=null, aux=null)
21:31:37.026 [docker-java-stream--2064336329] DEBUG com.github.dockerjava.zerodep.shaded.org.apache.hc.client5.http.wire - http-outgoing-1 << "bc[\r][\n]"
21:31:37.026 [docker-java-stream--2064336329] DEBUG com.github.dockerjava.zerodep.shaded.org.apache.hc.client5.http.wire - http-outgoing-1 << "{"status":"Extracting","progressDetail":{"current":3833856,"total":29125963},"progress":"[======\u003e                                            ]  3.834MB/29.13MB","id":"af107e978371"}[\r][\n]"
21:31:37.026 [docker-java-stream--2064336329] DEBUG com.github.dockerjava.zerodep.shaded.org.apache.hc.client5.http.wire - http-outgoing-1 << "[\r][\n]"
21:31:37.026 [docker-java-stream--2064336329] DEBUG com.github.dockerjava.api.command.PullImageResultCallback - ResponseItem(stream=null, status=Extracting, progressDetail=ResponseItem.ProgressDetail(current=3833856, total=29125963, start=null), progress=[======>                                            ]  3.834MB/29.13MB, id=af107e978371, from=null, time=null, errorDetail=null, error=null, aux=null)
21:31:37.471 [docker-java-stream--2064336329] DEBUG com.github.dockerjava.zerodep.shaded.org.apache.hc.client5.http.wire - http-outgoing-1 << "bf[\r][\n]"
21:31:37.471 [docker-java-stream--2064336329] DEBUG com.github.dockerjava.zerodep.shaded.org.apache.hc.client5.http.wire - http-outgoing-1 << "{"status":"Downloading","progressDetail":{"current":29481280,"total":108571409},"progress":"[=============\u003e                                     ]  29.48MB/108.6MB","id":"a35465a6a76a"}[\r][\n]"
21:31:37.471 [docker-java-stream--2064336329] DEBUG com.github.dockerjava.zerodep.shaded.org.apache.hc.client5.http.wire - http-outgoing-1 << "[\r][\n]"
21:31:37.471 [docker-java-stream--2064336329] DEBUG com.github.dockerjava.api.command.PullImageResultCallback - ResponseItem(stream=null, status=Downloading, progressDetail=ResponseItem.ProgressDetail(current=29481280, total=108571409, start=null), progress=[=============>                                     ]  29.48MB/108.6MB, id=a35465a6a76a, from=null, time=null, errorDetail=null, error=null, aux=null)
21:31:37.562 [docker-java-stream--2064336329] DEBUG com.github.dockerjava.zerodep.shaded.org.apache.hc.client5.http.wire - http-outgoing-1 << "bc[\r][\n]"
21:31:37.562 [docker-java-stream--2064336329] DEBUG com.github.dockerjava.zerodep.shaded.org.apache.hc.client5.http.wire - http-outgoing-1 << "{"status":"Extracting","progressDetail":{"current":4128768,"total":29125963},"progress":"[=======\u003e                                           ]  4.129MB/29.13MB","id":"af107e978371"}[\r][\n]"
21:31:37.562 [docker-java-stream--2064336329] DEBUG com.github.dockerjava.zerodep.shaded.org.apache.hc.client5.http.wire - http-outgoing-1 << "[\r][\n]"
21:31:37.562 [docker-java-stream--2064336329] DEBUG com.github.dockerjava.api.command.PullImageResultCallback - ResponseItem(stream=null, status=Extracting, progressDetail=ResponseItem.ProgressDetail(current=4128768, total=29125963, start=null), progress=[=======>                                           ]  4.129MB/29.13MB, id=af107e978371, from=null, time=null, errorDetail=null, error=null, aux=null)
21:31:38.041 [docker-java-stream--2064336329] DEBUG com.github.dockerjava.zerodep.shaded.org.apache.hc.client5.http.wire - http-outgoing-1 << "bf[\r][\n]"
21:31:38.041 [docker-java-stream--2064336329] DEBUG com.github.dockerjava.zerodep.shaded.org.apache.hc.client5.http.wire - http-outgoing-1 << "{"status":"Downloading","progressDetail":{"current":30021952,"total":108571409},"progress":"[=============\u003e                                     ]  30.02MB/108.6MB","id":"a35465a6a76a"}[\r][\n]"
21:31:38.041 [docker-java-stream--2064336329] DEBUG com.github.dockerjava.zerodep.shaded.org.apache.hc.client5.http.wire - http-outgoing-1 << "[\r][\n]"
21:31:38.043 [docker-java-stream--2064336329] DEBUG com.github.dockerjava.api.command.PullImageResultCallback - ResponseItem(stream=null, status=Downloading, progressDetail=ResponseItem.ProgressDetail(current=30021952, total=108571409, start=null), progress=[=============>                                     ]  30.02MB/108.6MB, id=a35465a6a76a, from=null, time=null, errorDetail=null, error=null, aux=null)
21:31:38.108 [docker-java-stream--2064336329] DEBUG com.github.dockerjava.zerodep.shaded.org.apache.hc.client5.http.wire - http-outgoing-1 << "bc[\r][\n]"
21:31:38.108 [docker-java-stream--2064336329] DEBUG com.github.dockerjava.zerodep.shaded.org.apache.hc.client5.http.wire - http-outgoing-1 << "{"status":"Extracting","progressDetail":{"current":4423680,"total":29125963},"progress":"[=======\u003e                                           ]  4.424MB/29.13MB","id":"af107e978371"}[\r][\n]"
21:31:38.108 [docker-java-stream--2064336329] DEBUG com.github.dockerjava.zerodep.shaded.org.apache.hc.client5.http.wire - http-outgoing-1 << "[\r][\n]"
21:31:38.108 [docker-java-stream--2064336329] DEBUG com.github.dockerjava.api.command.PullImageResultCallback - ResponseItem(stream=null, status=Extracting, progressDetail=ResponseItem.ProgressDetail(current=4423680, total=29125963, start=null), progress=[=======>                                           ]  4.424MB/29.13MB, id=af107e978371, from=null, time=null, errorDetail=null, error=null, aux=null)
21:31:38.190 [docker-java-stream--2064336329] DEBUG com.github.dockerjava.zerodep.shaded.org.apache.hc.client5.http.wire - http-outgoing-1 << "bf[\r][\n]"
21:31:38.190 [docker-java-stream--2064336329] DEBUG com.github.dockerjava.zerodep.shaded.org.apache.hc.client5.http.wire - http-outgoing-1 << "{"status":"Downloading","progressDetail":{"current":30562624,"total":108571409},"progress":"[==============\u003e                                    ]  30.56MB/108.6MB","id":"a35465a6a76a"}[\r][\n]"
21:31:38.190 [docker-java-stream--2064336329] DEBUG com.github.dockerjava.zerodep.shaded.org.apache.hc.client5.http.wire - http-outgoing-1 << "[\r][\n]"
21:31:38.190 [docker-java-stream--2064336329] DEBUG com.github.dockerjava.api.command.PullImageResultCallback - ResponseItem(stream=null, status=Downloading, progressDetail=ResponseItem.ProgressDetail(current=30562624, total=108571409, start=null), progress=[==============>                                    ]  30.56MB/108.6MB, id=a35465a6a76a, from=null, time=null, errorDetail=null, error=null, aux=null)
21:31:38.477 [docker-java-stream--2064336329] DEBUG com.github.dockerjava.zerodep.shaded.org.apache.hc.client5.http.wire - http-outgoing-1 << "bf[\r][\n]"
21:31:38.477 [docker-java-stream--2064336329] DEBUG com.github.dockerjava.zerodep.shaded.org.apache.hc.client5.http.wire - http-outgoing-1 << "{"status":"Downloading","progressDetail":{"current":31091008,"total":108571409},"progress":"[==============\u003e                                    ]  31.09MB/108.6MB","id":"a35465a6a76a"}[\r][\n]"
21:31:38.477 [docker-java-stream--2064336329] DEBUG com.github.dockerjava.zerodep.shaded.org.apache.hc.client5.http.wire - http-outgoing-1 << "[\r][\n]"
21:31:38.477 [docker-java-stream--2064336329] DEBUG com.github.dockerjava.api.command.PullImageResultCallback - ResponseItem(stream=null, status=Downloading, progressDetail=ResponseItem.ProgressDetail(current=31091008, total=108571409, start=null), progress=[==============>                                    ]  31.09MB/108.6MB, id=a35465a6a76a, from=null, time=null, errorDetail=null, error=null, aux=null)
21:31:38.502 [docker-java-stream--2064336329] DEBUG com.github.dockerjava.zerodep.shaded.org.apache.hc.client5.http.wire - http-outgoing-1 << "bc[\r][\n]"
21:31:38.502 [docker-java-stream--2064336329] DEBUG com.github.dockerjava.zerodep.shaded.org.apache.hc.client5.http.wire - http-outgoing-1 << "{"status":"Extracting","progressDetail":{"current":4718592,"total":29125963},"progress":"[========\u003e                                          ]  4.719MB/29.13MB","id":"af107e978371"}[\r][\n]"
21:31:38.502 [docker-java-stream--2064336329] DEBUG com.github.dockerjava.zerodep.shaded.org.apache.hc.client5.http.wire - http-outgoing-1 << "[\r][\n]"
21:31:38.502 [docker-java-stream--2064336329] DEBUG com.github.dockerjava.api.command.PullImageResultCallback - ResponseItem(stream=null, status=Extracting, progressDetail=ResponseItem.ProgressDetail(current=4718592, total=29125963, start=null), progress=[========>                                          ]  4.719MB/29.13MB, id=af107e978371, from=null, time=null, errorDetail=null, error=null, aux=null)
21:31:38.849 [docker-java-stream--2064336329] DEBUG com.github.dockerjava.zerodep.shaded.org.apache.hc.client5.http.wire - http-outgoing-1 << "bf[\r][\n]"
21:31:38.850 [docker-java-stream--2064336329] DEBUG com.github.dockerjava.zerodep.shaded.org.apache.hc.client5.http.wire - http-outgoing-1 << "{"status":"Downloading","progressDetail":{"current":31627584,"total":108571409},"progress":"[==============\u003e                                    ]  31.63MB/108.6MB","id":"a35465a6a76a"}[\r][\n]"
21:31:38.850 [docker-java-stream--2064336329] DEBUG com.github.dockerjava.zerodep.shaded.org.apache.hc.client5.http.wire - http-outgoing-1 << "[\r][\n]"
21:31:38.851 [docker-java-stream--2064336329] DEBUG com.github.dockerjava.api.command.PullImageResultCallback - ResponseItem(stream=null, status=Downloading, progressDetail=ResponseItem.ProgressDetail(current=31627584, total=108571409, start=null), progress=[==============>                                    ]  31.63MB/108.6MB, id=a35465a6a76a, from=null, time=null, errorDetail=null, error=null, aux=null)
21:31:39.413 [docker-java-stream--2064336329] DEBUG com.github.dockerjava.zerodep.shaded.org.apache.hc.client5.http.wire - http-outgoing-1 << "bc[\r][\n]"
21:31:39.424 [docker-java-stream--2064336329] DEBUG com.github.dockerjava.zerodep.shaded.org.apache.hc.client5.http.wire - http-outgoing-1 << "{"status":"Extracting","progressDetail":{"current":5013504,"total":29125963},"progress":"[========\u003e                                          ]  5.014MB/29.13MB","id":"af107e978371"}[\r][\n]"
21:31:39.424 [docker-java-stream--2064336329] DEBUG com.github.dockerjava.zerodep.shaded.org.apache.hc.client5.http.wire - http-outgoing-1 << "[\r][\n]"
21:31:39.425 [docker-java-stream--2064336329] DEBUG com.github.dockerjava.api.command.PullImageResultCallback - ResponseItem(stream=null, status=Extracting, progressDetail=ResponseItem.ProgressDetail(current=5013504, total=29125963, start=null), progress=[========>                                          ]  5.014MB/29.13MB, id=af107e978371, from=null, time=null, errorDetail=null, error=null, aux=null)
21:31:40.100 [docker-java-stream--2064336329] DEBUG com.github.dockerjava.zerodep.shaded.org.apache.hc.client5.http.wire - http-outgoing-1 << "bf[\r][\n]"
21:31:40.100 [docker-java-stream--2064336329] DEBUG com.github.dockerjava.zerodep.shaded.org.apache.hc.client5.http.wire - http-outgoing-1 << "{"status":"Downloading","progressDetail":{"current":32168256,"total":108571409},"progress":"[==============\u003e                                    ]  32.17MB/108.6MB","id":"a35465a6a76a"}[\r][\n]"
21:31:40.100 [docker-java-stream--2064336329] DEBUG com.github.dockerjava.zerodep.shaded.org.apache.hc.client5.http.wire - http-outgoing-1 << "[\r][\n]"
21:31:40.100 [docker-java-stream--2064336329] DEBUG com.github.dockerjava.api.command.PullImageResultCallback - ResponseItem(stream=null, status=Downloading, progressDetail=ResponseItem.ProgressDetail(current=32168256, total=108571409, start=null), progress=[==============>                                    ]  32.17MB/108.6MB, id=a35465a6a76a, from=null, time=null, errorDetail=null, error=null, aux=null)
21:31:40.547 [docker-java-stream--2064336329] DEBUG com.github.dockerjava.zerodep.shaded.org.apache.hc.client5.http.wire - http-outgoing-1 << "bf[\r][\n]"
21:31:40.547 [docker-java-stream--2064336329] DEBUG com.github.dockerjava.zerodep.shaded.org.apache.hc.client5.http.wire - http-outgoing-1 << "{"status":"Downloading","progressDetail":{"current":32708928,"total":108571409},"progress":"[===============\u003e                                   ]  32.71MB/108.6MB","id":"a35465a6a76a"}[\r][\n]"
21:31:40.548 [docker-java-stream--2064336329] DEBUG com.github.dockerjava.zerodep.shaded.org.apache.hc.client5.http.wire - http-outgoing-1 << "[\r][\n]"
21:31:40.548 [docker-java-stream--2064336329] DEBUG com.github.dockerjava.api.command.PullImageResultCallback - ResponseItem(stream=null, status=Downloading, progressDetail=ResponseItem.ProgressDetail(current=32708928, total=108571409, start=null), progress=[===============>                                   ]  32.71MB/108.6MB, id=a35465a6a76a, from=null, time=null, errorDetail=null, error=null, aux=null)
21:31:40.649 [docker-java-stream--2064336329] DEBUG com.github.dockerjava.zerodep.shaded.org.apache.hc.client5.http.wire - http-outgoing-1 << "bc[\r][\n]"
21:31:40.649 [docker-java-stream--2064336329] DEBUG com.github.dockerjava.zerodep.shaded.org.apache.hc.client5.http.wire - http-outgoing-1 << "{"status":"Extracting","progressDetail":{"current":5308416,"total":29125963},"progress":"[=========\u003e                                         ]  5.308MB/29.13MB","id":"af107e978371"}[\r][\n]"
21:31:40.649 [docker-java-stream--2064336329] DEBUG com.github.dockerjava.zerodep.shaded.org.apache.hc.client5.http.wire - http-outgoing-1 << "[\r][\n]"
21:31:40.649 [docker-java-stream--2064336329] DEBUG com.github.dockerjava.api.command.PullImageResultCallback - ResponseItem(stream=null, status=Extracting, progressDetail=ResponseItem.ProgressDetail(current=5308416, total=29125963, start=null), progress=[=========>                                         ]  5.308MB/29.13MB, id=af107e978371, from=null, time=null, errorDetail=null, error=null, aux=null)
21:31:40.784 [docker-java-stream--2064336329] DEBUG com.github.dockerjava.zerodep.shaded.org.apache.hc.client5.http.wire - http-outgoing-1 << "bf[\r][\n]"
21:31:40.785 [docker-java-stream--2064336329] DEBUG com.github.dockerjava.zerodep.shaded.org.apache.hc.client5.http.wire - http-outgoing-1 << "{"status":"Downloading","progressDetail":{"current":33237312,"total":108571409},"progress":"[===============\u003e                                   ]  33.24MB/108.6MB","id":"a35465a6a76a"}[\r][\n]"
21:31:40.785 [docker-java-stream--2064336329] DEBUG com.github.dockerjava.zerodep.shaded.org.apache.hc.client5.http.wire - http-outgoing-1 << "[\r][\n]"
21:31:40.786 [docker-java-stream--2064336329] DEBUG com.github.dockerjava.api.command.PullImageResultCallback - ResponseItem(stream=null, status=Downloading, progressDetail=ResponseItem.ProgressDetail(current=33237312, total=108571409, start=null), progress=[===============>                                   ]  33.24MB/108.6MB, id=a35465a6a76a, from=null, time=null, errorDetail=null, error=null, aux=null)
21:31:41.109 [docker-java-stream--2064336329] DEBUG com.github.dockerjava.zerodep.shaded.org.apache.hc.client5.http.wire - http-outgoing-1 << "bc[\r][\n]"
21:31:41.109 [docker-java-stream--2064336329] DEBUG com.github.dockerjava.zerodep.shaded.org.apache.hc.client5.http.wire - http-outgoing-1 << "{"status":"Extracting","progressDetail":{"current":5603328,"total":29125963},"progress":"[=========\u003e                                         ]  5.603MB/29.13MB","id":"af107e978371"}[\r][\n]"
21:31:41.109 [docker-java-stream--2064336329] DEBUG com.github.dockerjava.zerodep.shaded.org.apache.hc.client5.http.wire - http-outgoing-1 << "[\r][\n]"
21:31:41.109 [docker-java-stream--2064336329] DEBUG com.github.dockerjava.api.command.PullImageResultCallback - ResponseItem(stream=null, status=Extracting, progressDetail=ResponseItem.ProgressDetail(current=5603328, total=29125963, start=null), progress=[=========>                                         ]  5.603MB/29.13MB, id=af107e978371, from=null, time=null, errorDetail=null, error=null, aux=null)
21:31:41.207 [docker-java-stream--2064336329] DEBUG com.github.dockerjava.zerodep.shaded.org.apache.hc.client5.http.wire - http-outgoing-1 << "bf[\r][\n]"
21:31:41.208 [docker-java-stream--2064336329] DEBUG com.github.dockerjava.zerodep.shaded.org.apache.hc.client5.http.wire - http-outgoing-1 << "{"status":"Downloading","progressDetail":{"current":33777984,"total":108571409},"progress":"[===============\u003e                                   ]  33.78MB/108.6MB","id":"a35465a6a76a"}[\r][\n]"
21:31:41.208 [docker-java-stream--2064336329] DEBUG com.github.dockerjava.zerodep.shaded.org.apache.hc.client5.http.wire - http-outgoing-1 << "[\r][\n]"
21:31:41.208 [docker-java-stream--2064336329] DEBUG com.github.dockerjava.api.command.PullImageResultCallback - ResponseItem(stream=null, status=Downloading, progressDetail=ResponseItem.ProgressDetail(current=33777984, total=108571409, start=null), progress=[===============>                                   ]  33.78MB/108.6MB, id=a35465a6a76a, from=null, time=null, errorDetail=null, error=null, aux=null)
21:31:41.213 [docker-java-stream--2064336329] DEBUG com.github.dockerjava.zerodep.shaded.org.apache.hc.client5.http.wire - http-outgoing-1 << "bc[\r][\n]"
21:31:41.213 [docker-java-stream--2064336329] DEBUG com.github.dockerjava.zerodep.shaded.org.apache.hc.client5.http.wire - http-outgoing-1 << "{"status":"Extracting","progressDetail":{"current":5898240,"total":29125963},"progress":"[==========\u003e                                        ]  5.898MB/29.13MB","id":"af107e978371"}[\r][\n]"
21:31:41.213 [docker-java-stream--2064336329] DEBUG com.github.dockerjava.zerodep.shaded.org.apache.hc.client5.http.wire - http-outgoing-1 << "[\r][\n]"
21:31:41.213 [docker-java-stream--2064336329] DEBUG com.github.dockerjava.api.command.PullImageResultCallback - ResponseItem(stream=null, status=Extracting, progressDetail=ResponseItem.ProgressDetail(current=5898240, total=29125963, start=null), progress=[==========>                                        ]  5.898MB/29.13MB, id=af107e978371, from=null, time=null, errorDetail=null, error=null, aux=null)
21:31:41.425 [docker-java-stream--2064336329] DEBUG com.github.dockerjava.zerodep.shaded.org.apache.hc.client5.http.wire - http-outgoing-1 << "bf[\r][\n]"
21:31:41.425 [docker-java-stream--2064336329] DEBUG com.github.dockerjava.zerodep.shaded.org.apache.hc.client5.http.wire - http-outgoing-1 << "{"status":"Downloading","progressDetail":{"current":34310464,"total":108571409},"progress":"[===============\u003e                                   ]  34.31MB/108.6MB","id":"a35465a6a76a"}[\r][\n]"
21:31:41.425 [docker-java-stream--2064336329] DEBUG com.github.dockerjava.zerodep.shaded.org.apache.hc.client5.http.wire - http-outgoing-1 << "[\r][\n]"
21:31:41.426 [docker-java-stream--2064336329] DEBUG com.github.dockerjava.api.command.PullImageResultCallback - ResponseItem(stream=null, status=Downloading, progressDetail=ResponseItem.ProgressDetail(current=34310464, total=108571409, start=null), progress=[===============>                                   ]  34.31MB/108.6MB, id=a35465a6a76a, from=null, time=null, errorDetail=null, error=null, aux=null)
21:31:41.507 [docker-java-stream--2064336329] DEBUG com.github.dockerjava.zerodep.shaded.org.apache.hc.client5.http.wire - http-outgoing-1 << "bc[\r][\n]"
21:31:41.507 [docker-java-stream--2064336329] DEBUG com.github.dockerjava.zerodep.shaded.org.apache.hc.client5.http.wire - http-outgoing-1 << "{"status":"Extracting","progressDetail":{"current":6193152,"total":29125963},"progress":"[==========\u003e                                        ]  6.193MB/29.13MB","id":"af107e978371"}[\r][\n]"
21:31:41.508 [docker-java-stream--2064336329] DEBUG com.github.dockerjava.zerodep.shaded.org.apache.hc.client5.http.wire - http-outgoing-1 << "[\r][\n]"
21:31:41.508 [docker-java-stream--2064336329] DEBUG com.github.dockerjava.api.command.PullImageResultCallback - ResponseItem(stream=null, status=Extracting, progressDetail=ResponseItem.ProgressDetail(current=6193152, total=29125963, start=null), progress=[==========>                                        ]  6.193MB/29.13MB, id=af107e978371, from=null, time=null, errorDetail=null, error=null, aux=null)
21:31:41.999 [docker-java-stream--2064336329] DEBUG com.github.dockerjava.zerodep.shaded.org.apache.hc.client5.http.wire - http-outgoing-1 << "bf[\r][\n]"
21:31:41.999 [docker-java-stream--2064336329] DEBUG com.github.dockerjava.zerodep.shaded.org.apache.hc.client5.http.wire - http-outgoing-1 << "{"status":"Downloading","progressDetail":{"current":34851136,"total":108571409},"progress":"[================\u003e                                  ]  34.85MB/108.6MB","id":"a35465a6a76a"}[\r][\n]"
21:31:41.999 [docker-java-stream--2064336329] DEBUG com.github.dockerjava.zerodep.shaded.org.apache.hc.client5.http.wire - http-outgoing-1 << "[\r][\n]"
21:31:42.000 [docker-java-stream--2064336329] DEBUG com.github.dockerjava.api.command.PullImageResultCallback - ResponseItem(stream=null, status=Downloading, progressDetail=ResponseItem.ProgressDetail(current=34851136, total=108571409, start=null), progress=[================>                                  ]  34.85MB/108.6MB, id=a35465a6a76a, from=null, time=null, errorDetail=null, error=null, aux=null)
21:31:43.359 [docker-java-stream--2064336329] DEBUG com.github.dockerjava.zerodep.shaded.org.apache.hc.client5.http.wire - http-outgoing-1 << "bf[\r][\n]"
21:31:43.359 [docker-java-stream--2064336329] DEBUG com.github.dockerjava.zerodep.shaded.org.apache.hc.client5.http.wire - http-outgoing-1 << "{"status":"Downloading","progressDetail":{"current":35391808,"total":108571409},"progress":"[================\u003e                                  ]  35.39MB/108.6MB","id":"a35465a6a76a"}[\r][\n]"
21:31:43.359 [docker-java-stream--2064336329] DEBUG com.github.dockerjava.zerodep.shaded.org.apache.hc.client5.http.wire - http-outgoing-1 << "[\r][\n]"
21:31:43.359 [docker-java-stream--2064336329] DEBUG com.github.dockerjava.api.command.PullImageResultCallback - ResponseItem(stream=null, status=Downloading, progressDetail=ResponseItem.ProgressDetail(current=35391808, total=108571409, start=null), progress=[================>                                  ]  35.39MB/108.6MB, id=a35465a6a76a, from=null, time=null, errorDetail=null, error=null, aux=null)
21:31:43.681 [docker-java-stream--2064336329] DEBUG com.github.dockerjava.zerodep.shaded.org.apache.hc.client5.http.wire - http-outgoing-1 << "bc[\r][\n]"
21:31:43.681 [docker-java-stream--2064336329] DEBUG com.github.dockerjava.zerodep.shaded.org.apache.hc.client5.http.wire - http-outgoing-1 << "{"status":"Extracting","progressDetail":{"current":6488064,"total":29125963},"progress":"[===========\u003e                                       ]  6.488MB/29.13MB","id":"af107e978371"}[\r][\n]"
21:31:43.681 [docker-java-stream--2064336329] DEBUG com.github.dockerjava.zerodep.shaded.org.apache.hc.client5.http.wire - http-outgoing-1 << "[\r][\n]"
21:31:43.691 [docker-java-stream--2064336329] DEBUG com.github.dockerjava.api.command.PullImageResultCallback - ResponseItem(stream=null, status=Extracting, progressDetail=ResponseItem.ProgressDetail(current=6488064, total=29125963, start=null), progress=[===========>                                       ]  6.488MB/29.13MB, id=af107e978371, from=null, time=null, errorDetail=null, error=null, aux=null)
21:31:44.488 [docker-java-stream--2064336329] DEBUG com.github.dockerjava.zerodep.shaded.org.apache.hc.client5.http.wire - http-outgoing-1 << "bf[\r][\n]"
21:31:44.488 [docker-java-stream--2064336329] DEBUG com.github.dockerjava.zerodep.shaded.org.apache.hc.client5.http.wire - http-outgoing-1 << "{"status":"Downloading","progressDetail":{"current":35932480,"total":108571409},"progress":"[================\u003e                                  ]  35.93MB/108.6MB","id":"a35465a6a76a"}[\r][\n]"
21:31:44.488 [docker-java-stream--2064336329] DEBUG com.github.dockerjava.zerodep.shaded.org.apache.hc.client5.http.wire - http-outgoing-1 << "[\r][\n]"
21:31:44.489 [docker-java-stream--2064336329] DEBUG com.github.dockerjava.api.command.PullImageResultCallback - ResponseItem(stream=null, status=Downloading, progressDetail=ResponseItem.ProgressDetail(current=35932480, total=108571409, start=null), progress=[================>                                  ]  35.93MB/108.6MB, id=a35465a6a76a, from=null, time=null, errorDetail=null, error=null, aux=null)
21:31:45.239 [docker-java-stream--2064336329] DEBUG com.github.dockerjava.zerodep.shaded.org.apache.hc.client5.http.wire - http-outgoing-1 << "bf[\r][\n]"
21:31:45.239 [docker-java-stream--2064336329] DEBUG com.github.dockerjava.zerodep.shaded.org.apache.hc.client5.http.wire - http-outgoing-1 << "{"status":"Downloading","progressDetail":{"current":36473152,"total":108571409},"progress":"[================\u003e                                  ]  36.47MB/108.6MB","id":"a35465a6a76a"}[\r][\n]"
21:31:45.239 [docker-java-stream--2064336329] DEBUG com.github.dockerjava.zerodep.shaded.org.apache.hc.client5.http.wire - http-outgoing-1 << "[\r][\n]"
21:31:45.240 [docker-java-stream--2064336329] DEBUG com.github.dockerjava.api.command.PullImageResultCallback - ResponseItem(stream=null, status=Downloading, progressDetail=ResponseItem.ProgressDetail(current=36473152, total=108571409, start=null), progress=[================>                                  ]  36.47MB/108.6MB, id=a35465a6a76a, from=null, time=null, errorDetail=null, error=null, aux=null)
21:31:45.458 [docker-java-stream--2064336329] DEBUG com.github.dockerjava.zerodep.shaded.org.apache.hc.client5.http.wire - http-outgoing-1 << "bf[\r][\n]"
21:31:45.458 [docker-java-stream--2064336329] DEBUG com.github.dockerjava.zerodep.shaded.org.apache.hc.client5.http.wire - http-outgoing-1 << "{"status":"Downloading","progressDetail":{"current":37005632,"total":108571409},"progress":"[=================\u003e                                 ]  37.01MB/108.6MB","id":"a35465a6a76a"}[\r][\n]"
21:31:45.458 [docker-java-stream--2064336329] DEBUG com.github.dockerjava.zerodep.shaded.org.apache.hc.client5.http.wire - http-outgoing-1 << "[\r][\n]"
21:31:45.459 [docker-java-stream--2064336329] DEBUG com.github.dockerjava.api.command.PullImageResultCallback - ResponseItem(stream=null, status=Downloading, progressDetail=ResponseItem.ProgressDetail(current=37005632, total=108571409, start=null), progress=[=================>                                 ]  37.01MB/108.6MB, id=a35465a6a76a, from=null, time=null, errorDetail=null, error=null, aux=null)
21:31:45.877 [docker-java-stream--2064336329] DEBUG com.github.dockerjava.zerodep.shaded.org.apache.hc.client5.http.wire - http-outgoing-1 << "bf[\r][\n]"
21:31:45.877 [docker-java-stream--2064336329] DEBUG com.github.dockerjava.zerodep.shaded.org.apache.hc.client5.http.wire - http-outgoing-1 << "{"status":"Downloading","progressDetail":{"current":37538112,"total":108571409},"progress":"[=================\u003e                                 ]  37.54MB/108.6MB","id":"a35465a6a76a"}[\r][\n]"
21:31:45.877 [docker-java-stream--2064336329] DEBUG com.github.dockerjava.zerodep.shaded.org.apache.hc.client5.http.wire - http-outgoing-1 << "[\r][\n]"
21:31:45.878 [docker-java-stream--2064336329] DEBUG com.github.dockerjava.api.command.PullImageResultCallback - ResponseItem(stream=null, status=Downloading, progressDetail=ResponseItem.ProgressDetail(current=37538112, total=108571409, start=null), progress=[=================>                                 ]  37.54MB/108.6MB, id=a35465a6a76a, from=null, time=null, errorDetail=null, error=null, aux=null)
21:31:45.888 [docker-java-stream--2064336329] DEBUG com.github.dockerjava.zerodep.shaded.org.apache.hc.client5.http.wire - http-outgoing-1 << "bc[\r][\n]"
21:31:45.902 [docker-java-stream--2064336329] DEBUG com.github.dockerjava.zerodep.shaded.org.apache.hc.client5.http.wire - http-outgoing-1 << "{"status":"Extracting","progressDetail":{"current":6782976,"total":29125963},"progress":"[===========\u003e                                       ]  6.783MB/29.13MB","id":"af107e978371"}[\r][\n]"
21:31:45.902 [docker-java-stream--2064336329] DEBUG com.github.dockerjava.zerodep.shaded.org.apache.hc.client5.http.wire - http-outgoing-1 << "[\r][\n]"
21:31:45.903 [docker-java-stream--2064336329] DEBUG com.github.dockerjava.api.command.PullImageResultCallback - ResponseItem(stream=null, status=Extracting, progressDetail=ResponseItem.ProgressDetail(current=6782976, total=29125963, start=null), progress=[===========>                                       ]  6.783MB/29.13MB, id=af107e978371, from=null, time=null, errorDetail=null, error=null, aux=null)
21:31:46.293 [docker-java-stream--2064336329] DEBUG com.github.dockerjava.zerodep.shaded.org.apache.hc.client5.http.wire - http-outgoing-1 << "bf[\r][\n]"
21:31:46.293 [docker-java-stream--2064336329] DEBUG com.github.dockerjava.zerodep.shaded.org.apache.hc.client5.http.wire - http-outgoing-1 << "{"status":"Downloading","progressDetail":{"current":38074688,"total":108571409},"progress":"[=================\u003e                                 ]  38.07MB/108.6MB","id":"a35465a6a76a"}[\r][\n]"
21:31:46.293 [docker-java-stream--2064336329] DEBUG com.github.dockerjava.zerodep.shaded.org.apache.hc.client5.http.wire - http-outgoing-1 << "[\r][\n]"
21:31:46.294 [docker-java-stream--2064336329] DEBUG com.github.dockerjava.api.command.PullImageResultCallback - ResponseItem(stream=null, status=Downloading, progressDetail=ResponseItem.ProgressDetail(current=38074688, total=108571409, start=null), progress=[=================>                                 ]  38.07MB/108.6MB, id=a35465a6a76a, from=null, time=null, errorDetail=null, error=null, aux=null)
21:31:46.534 [docker-java-stream--2064336329] DEBUG com.github.dockerjava.zerodep.shaded.org.apache.hc.client5.http.wire - http-outgoing-1 << "bc[\r][\n]"
21:31:46.535 [docker-java-stream--2064336329] DEBUG com.github.dockerjava.zerodep.shaded.org.apache.hc.client5.http.wire - http-outgoing-1 << "{"status":"Extracting","progressDetail":{"current":7077888,"total":29125963},"progress":"[============\u003e                                      ]  7.078MB/29.13MB","id":"af107e978371"}[\r][\n]"
21:31:46.535 [docker-java-stream--2064336329] DEBUG com.github.dockerjava.zerodep.shaded.org.apache.hc.client5.http.wire - http-outgoing-1 << "[\r][\n]"
21:31:46.535 [docker-java-stream--2064336329] DEBUG com.github.dockerjava.api.command.PullImageResultCallback - ResponseItem(stream=null, status=Extracting, progressDetail=ResponseItem.ProgressDetail(current=7077888, total=29125963, start=null), progress=[============>                                      ]  7.078MB/29.13MB, id=af107e978371, from=null, time=null, errorDetail=null, error=null, aux=null)
21:31:46.701 [docker-java-stream--2064336329] DEBUG com.github.dockerjava.zerodep.shaded.org.apache.hc.client5.http.wire - http-outgoing-1 << "bf[\r][\n]"
21:31:46.701 [docker-java-stream--2064336329] DEBUG com.github.dockerjava.zerodep.shaded.org.apache.hc.client5.http.wire - http-outgoing-1 << "{"status":"Downloading","progressDetail":{"current":38607168,"total":108571409},"progress":"[=================\u003e                                 ]  38.61MB/108.6MB","id":"a35465a6a76a"}[\r][\n]"
21:31:46.701 [docker-java-stream--2064336329] DEBUG com.github.dockerjava.zerodep.shaded.org.apache.hc.client5.http.wire - http-outgoing-1 << "[\r][\n]"
21:31:46.701 [docker-java-stream--2064336329] DEBUG com.github.dockerjava.api.command.PullImageResultCallback - ResponseItem(stream=null, status=Downloading, progressDetail=ResponseItem.ProgressDetail(current=38607168, total=108571409, start=null), progress=[=================>                                 ]  38.61MB/108.6MB, id=a35465a6a76a, from=null, time=null, errorDetail=null, error=null, aux=null)
21:31:47.107 [docker-java-stream--2064336329] DEBUG com.github.dockerjava.zerodep.shaded.org.apache.hc.client5.http.wire - http-outgoing-1 << "bc[\r][\n]"
21:31:47.107 [docker-java-stream--2064336329] DEBUG com.github.dockerjava.zerodep.shaded.org.apache.hc.client5.http.wire - http-outgoing-1 << "{"status":"Extracting","progressDetail":{"current":7372800,"total":29125963},"progress":"[============\u003e                                      ]  7.373MB/29.13MB","id":"af107e978371"}[\r][\n]"
21:31:47.107 [docker-java-stream--2064336329] DEBUG com.github.dockerjava.zerodep.shaded.org.apache.hc.client5.http.wire - http-outgoing-1 << "[\r][\n]"
21:31:47.107 [docker-java-stream--2064336329] DEBUG com.github.dockerjava.api.command.PullImageResultCallback - ResponseItem(stream=null, status=Extracting, progressDetail=ResponseItem.ProgressDetail(current=7372800, total=29125963, start=null), progress=[============>                                      ]  7.373MB/29.13MB, id=af107e978371, from=null, time=null, errorDetail=null, error=null, aux=null)
21:31:47.220 [docker-java-stream--2064336329] DEBUG com.github.dockerjava.zerodep.shaded.org.apache.hc.client5.http.wire - http-outgoing-1 << "bf[\r][\n]"
21:31:47.220 [docker-java-stream--2064336329] DEBUG com.github.dockerjava.zerodep.shaded.org.apache.hc.client5.http.wire - http-outgoing-1 << "{"status":"Downloading","progressDetail":{"current":39147840,"total":108571409},"progress":"[==================\u003e                                ]  39.15MB/108.6MB","id":"a35465a6a76a"}[\r][\n]"
21:31:47.220 [docker-java-stream--2064336329] DEBUG com.github.dockerjava.zerodep.shaded.org.apache.hc.client5.http.wire - http-outgoing-1 << "[\r][\n]"
21:31:47.220 [docker-java-stream--2064336329] DEBUG com.github.dockerjava.api.command.PullImageResultCallback - ResponseItem(stream=null, status=Downloading, progressDetail=ResponseItem.ProgressDetail(current=39147840, total=108571409, start=null), progress=[==================>                                ]  39.15MB/108.6MB, id=a35465a6a76a, from=null, time=null, errorDetail=null, error=null, aux=null)
21:31:47.231 [docker-java-stream--2064336329] DEBUG com.github.dockerjava.zerodep.shaded.org.apache.hc.client5.http.wire - http-outgoing-1 << "bc[\r][\n]"
21:31:47.231 [docker-java-stream--2064336329] DEBUG com.github.dockerjava.zerodep.shaded.org.apache.hc.client5.http.wire - http-outgoing-1 << "{"status":"Extracting","progressDetail":{"current":7667712,"total":29125963},"progress":"[=============\u003e                                     ]  7.668MB/29.13MB","id":"af107e978371"}[\r][\n]"
21:31:47.231 [docker-java-stream--2064336329] DEBUG com.github.dockerjava.zerodep.shaded.org.apache.hc.client5.http.wire - http-outgoing-1 << "[\r][\n]"
21:31:47.231 [docker-java-stream--2064336329] DEBUG com.github.dockerjava.api.command.PullImageResultCallback - ResponseItem(stream=null, status=Extracting, progressDetail=ResponseItem.ProgressDetail(current=7667712, total=29125963, start=null), progress=[=============>                                     ]  7.668MB/29.13MB, id=af107e978371, from=null, time=null, errorDetail=null, error=null, aux=null)
21:31:47.680 [docker-java-stream--2064336329] DEBUG com.github.dockerjava.zerodep.shaded.org.apache.hc.client5.http.wire - http-outgoing-1 << "bf[\r][\n]"
21:31:47.680 [docker-java-stream--2064336329] DEBUG com.github.dockerjava.zerodep.shaded.org.apache.hc.client5.http.wire - http-outgoing-1 << "{"status":"Downloading","progressDetail":{"current":39684416,"total":108571409},"progress":"[==================\u003e                                ]  39.68MB/108.6MB","id":"a35465a6a76a"}[\r][\n]"
21:31:47.680 [docker-java-stream--2064336329] DEBUG com.github.dockerjava.zerodep.shaded.org.apache.hc.client5.http.wire - http-outgoing-1 << "[\r][\n]"
21:31:47.681 [docker-java-stream--2064336329] DEBUG com.github.dockerjava.api.command.PullImageResultCallback - ResponseItem(stream=null, status=Downloading, progressDetail=ResponseItem.ProgressDetail(current=39684416, total=108571409, start=null), progress=[==================>                                ]  39.68MB/108.6MB, id=a35465a6a76a, from=null, time=null, errorDetail=null, error=null, aux=null)
21:31:48.768 [docker-java-stream--2064336329] DEBUG com.github.dockerjava.zerodep.shaded.org.apache.hc.client5.http.wire - http-outgoing-1 << "bc[\r][\n]"
21:31:48.769 [docker-java-stream--2064336329] DEBUG com.github.dockerjava.zerodep.shaded.org.apache.hc.client5.http.wire - http-outgoing-1 << "{"status":"Extracting","progressDetail":{"current":7962624,"total":29125963},"progress":"[=============\u003e                                     ]  7.963MB/29.13MB","id":"af107e978371"}[\r][\n]"
21:31:48.769 [docker-java-stream--2064336329] DEBUG com.github.dockerjava.zerodep.shaded.org.apache.hc.client5.http.wire - http-outgoing-1 << "[\r][\n]"
21:31:48.769 [docker-java-stream--2064336329] DEBUG com.github.dockerjava.api.command.PullImageResultCallback - ResponseItem(stream=null, status=Extracting, progressDetail=ResponseItem.ProgressDetail(current=7962624, total=29125963, start=null), progress=[=============>                                     ]  7.963MB/29.13MB, id=af107e978371, from=null, time=null, errorDetail=null, error=null, aux=null)
21:31:48.824 [docker-java-stream--2064336329] DEBUG com.github.dockerjava.zerodep.shaded.org.apache.hc.client5.http.wire - http-outgoing-1 << "bf[\r][\n]"
21:31:48.824 [docker-java-stream--2064336329] DEBUG com.github.dockerjava.zerodep.shaded.org.apache.hc.client5.http.wire - http-outgoing-1 << "{"status":"Downloading","progressDetail":{"current":40220992,"total":108571409},"progress":"[==================\u003e                                ]  40.22MB/108.6MB","id":"a35465a6a76a"}[\r][\n]"
21:31:48.824 [docker-java-stream--2064336329] DEBUG com.github.dockerjava.zerodep.shaded.org.apache.hc.client5.http.wire - http-outgoing-1 << "[\r][\n]"
21:31:48.824 [docker-java-stream--2064336329] DEBUG com.github.dockerjava.api.command.PullImageResultCallback - ResponseItem(stream=null, status=Downloading, progressDetail=ResponseItem.ProgressDetail(current=40220992, total=108571409, start=null), progress=[==================>                                ]  40.22MB/108.6MB, id=a35465a6a76a, from=null, time=null, errorDetail=null, error=null, aux=null)
21:31:50.661 [docker-java-stream--2064336329] DEBUG com.github.dockerjava.zerodep.shaded.org.apache.hc.client5.http.wire - http-outgoing-1 << "bf[\r][\n]"
21:31:50.661 [docker-java-stream--2064336329] DEBUG com.github.dockerjava.zerodep.shaded.org.apache.hc.client5.http.wire - http-outgoing-1 << "{"status":"Downloading","progressDetail":{"current":40761664,"total":108571409},"progress":"[==================\u003e                                ]  40.76MB/108.6MB","id":"a35465a6a76a"}[\r][\n]"
21:31:50.661 [docker-java-stream--2064336329] DEBUG com.github.dockerjava.zerodep.shaded.org.apache.hc.client5.http.wire - http-outgoing-1 << "[\r][\n]"
21:31:50.661 [docker-java-stream--2064336329] DEBUG com.github.dockerjava.api.command.PullImageResultCallback - ResponseItem(stream=null, status=Downloading, progressDetail=ResponseItem.ProgressDetail(current=40761664, total=108571409, start=null), progress=[==================>                                ]  40.76MB/108.6MB, id=a35465a6a76a, from=null, time=null, errorDetail=null, error=null, aux=null)
21:31:50.871 [docker-java-stream--2064336329] DEBUG com.github.dockerjava.zerodep.shaded.org.apache.hc.client5.http.wire - http-outgoing-1 << "bc[\r][\n]"
21:31:50.871 [docker-java-stream--2064336329] DEBUG com.github.dockerjava.zerodep.shaded.org.apache.hc.client5.http.wire - http-outgoing-1 << "{"status":"Extracting","progressDetail":{"current":8257536,"total":29125963},"progress":"[==============\u003e                                    ]  8.258MB/29.13MB","id":"af107e978371"}[\r][\n]"
21:31:50.871 [docker-java-stream--2064336329] DEBUG com.github.dockerjava.zerodep.shaded.org.apache.hc.client5.http.wire - http-outgoing-1 << "[\r][\n]"
21:31:50.871 [docker-java-stream--2064336329] DEBUG com.github.dockerjava.api.command.PullImageResultCallback - ResponseItem(stream=null, status=Extracting, progressDetail=ResponseItem.ProgressDetail(current=8257536, total=29125963, start=null), progress=[==============>                                    ]  8.258MB/29.13MB, id=af107e978371, from=null, time=null, errorDetail=null, error=null, aux=null)
21:31:51.572 [docker-java-stream--2064336329] DEBUG com.github.dockerjava.zerodep.shaded.org.apache.hc.client5.http.wire - http-outgoing-1 << "bf[\r][\n]"
21:31:51.572 [docker-java-stream--2064336329] DEBUG com.github.dockerjava.zerodep.shaded.org.apache.hc.client5.http.wire - http-outgoing-1 << "{"status":"Downloading","progressDetail":{"current":41302336,"total":108571409},"progress":"[===================\u003e                               ]   41.3MB/108.6MB","id":"a35465a6a76a"}[\r][\n]"
21:31:51.573 [docker-java-stream--2064336329] DEBUG com.github.dockerjava.zerodep.shaded.org.apache.hc.client5.http.wire - http-outgoing-1 << "[\r][\n]"
21:31:51.573 [docker-java-stream--2064336329] DEBUG com.github.dockerjava.api.command.PullImageResultCallback - ResponseItem(stream=null, status=Downloading, progressDetail=ResponseItem.ProgressDetail(current=41302336, total=108571409, start=null), progress=[===================>                               ]   41.3MB/108.6MB, id=a35465a6a76a, from=null, time=null, errorDetail=null, error=null, aux=null)
21:31:51.958 [docker-java-stream--2064336329] DEBUG com.github.dockerjava.zerodep.shaded.org.apache.hc.client5.http.wire - http-outgoing-1 << "bf[\r][\n]"
21:31:51.958 [docker-java-stream--2064336329] DEBUG com.github.dockerjava.zerodep.shaded.org.apache.hc.client5.http.wire - http-outgoing-1 << "{"status":"Downloading","progressDetail":{"current":41834816,"total":108571409},"progress":"[===================\u003e                               ]  41.83MB/108.6MB","id":"a35465a6a76a"}[\r][\n]"
21:31:51.958 [docker-java-stream--2064336329] DEBUG com.github.dockerjava.zerodep.shaded.org.apache.hc.client5.http.wire - http-outgoing-1 << "[\r][\n]"
21:31:51.958 [docker-java-stream--2064336329] DEBUG com.github.dockerjava.api.command.PullImageResultCallback - ResponseItem(stream=null, status=Downloading, progressDetail=ResponseItem.ProgressDetail(current=41834816, total=108571409, start=null), progress=[===================>                               ]  41.83MB/108.6MB, id=a35465a6a76a, from=null, time=null, errorDetail=null, error=null, aux=null)
21:31:52.329 [docker-java-stream--2064336329] DEBUG com.github.dockerjava.zerodep.shaded.org.apache.hc.client5.http.wire - http-outgoing-1 << "bf[\r][\n]"
21:31:52.329 [docker-java-stream--2064336329] DEBUG com.github.dockerjava.zerodep.shaded.org.apache.hc.client5.http.wire - http-outgoing-1 << "{"status":"Downloading","progressDetail":{"current":42375488,"total":108571409},"progress":"[===================\u003e                               ]  42.38MB/108.6MB","id":"a35465a6a76a"}[\r][\n]"
21:31:52.329 [docker-java-stream--2064336329] DEBUG com.github.dockerjava.zerodep.shaded.org.apache.hc.client5.http.wire - http-outgoing-1 << "[\r][\n]"
21:31:52.329 [docker-java-stream--2064336329] DEBUG com.github.dockerjava.api.command.PullImageResultCallback - ResponseItem(stream=null, status=Downloading, progressDetail=ResponseItem.ProgressDetail(current=42375488, total=108571409, start=null), progress=[===================>                               ]  42.38MB/108.6MB, id=a35465a6a76a, from=null, time=null, errorDetail=null, error=null, aux=null)
21:31:52.524 [docker-java-stream--2064336329] DEBUG com.github.dockerjava.zerodep.shaded.org.apache.hc.client5.http.wire - http-outgoing-1 << "bf[\r][\n]"
21:31:52.524 [docker-java-stream--2064336329] DEBUG com.github.dockerjava.zerodep.shaded.org.apache.hc.client5.http.wire - http-outgoing-1 << "{"status":"Downloading","progressDetail":{"current":42903872,"total":108571409},"progress":"[===================\u003e                               ]   42.9MB/108.6MB","id":"a35465a6a76a"}[\r][\n]"
21:31:52.524 [docker-java-stream--2064336329] DEBUG com.github.dockerjava.zerodep.shaded.org.apache.hc.client5.http.wire - http-outgoing-1 << "[\r][\n]"
21:31:52.524 [docker-java-stream--2064336329] DEBUG com.github.dockerjava.api.command.PullImageResultCallback - ResponseItem(stream=null, status=Downloading, progressDetail=ResponseItem.ProgressDetail(current=42903872, total=108571409, start=null), progress=[===================>                               ]   42.9MB/108.6MB, id=a35465a6a76a, from=null, time=null, errorDetail=null, error=null, aux=null)
21:31:52.532 [docker-java-stream--2064336329] DEBUG com.github.dockerjava.zerodep.shaded.org.apache.hc.client5.http.wire - http-outgoing-1 << "bc[\r][\n]"
21:31:52.532 [docker-java-stream--2064336329] DEBUG com.github.dockerjava.zerodep.shaded.org.apache.hc.client5.http.wire - http-outgoing-1 << "{"status":"Extracting","progressDetail":{"current":8552448,"total":29125963},"progress":"[==============\u003e                                    ]  8.552MB/29.13MB","id":"af107e978371"}[\r][\n]"
21:31:52.532 [docker-java-stream--2064336329] DEBUG com.github.dockerjava.zerodep.shaded.org.apache.hc.client5.http.wire - http-outgoing-1 << "[\r][\n]"
21:31:52.532 [docker-java-stream--2064336329] DEBUG com.github.dockerjava.api.command.PullImageResultCallback - ResponseItem(stream=null, status=Extracting, progressDetail=ResponseItem.ProgressDetail(current=8552448, total=29125963, start=null), progress=[==============>                                    ]  8.552MB/29.13MB, id=af107e978371, from=null, time=null, errorDetail=null, error=null, aux=null)
21:31:53.132 [docker-java-stream--2064336329] DEBUG com.github.dockerjava.zerodep.shaded.org.apache.hc.client5.http.wire - http-outgoing-1 << "bf[\r][\n]"
21:31:53.132 [docker-java-stream--2064336329] DEBUG com.github.dockerjava.zerodep.shaded.org.apache.hc.client5.http.wire - http-outgoing-1 << "{"status":"Downloading","progressDetail":{"current":43444544,"total":108571409},"progress":"[====================\u003e                              ]  43.44MB/108.6MB","id":"a35465a6a76a"}[\r][\n]"
21:31:53.132 [docker-java-stream--2064336329] DEBUG com.github.dockerjava.zerodep.shaded.org.apache.hc.client5.http.wire - http-outgoing-1 << "[\r][\n]"
21:31:53.133 [docker-java-stream--2064336329] DEBUG com.github.dockerjava.api.command.PullImageResultCallback - ResponseItem(stream=null, status=Downloading, progressDetail=ResponseItem.ProgressDetail(current=43444544, total=108571409, start=null), progress=[====================>                              ]  43.44MB/108.6MB, id=a35465a6a76a, from=null, time=null, errorDetail=null, error=null, aux=null)
21:31:53.275 [docker-java-stream--2064336329] DEBUG com.github.dockerjava.zerodep.shaded.org.apache.hc.client5.http.wire - http-outgoing-1 << "bc[\r][\n]"
21:31:53.275 [docker-java-stream--2064336329] DEBUG com.github.dockerjava.zerodep.shaded.org.apache.hc.client5.http.wire - http-outgoing-1 << "{"status":"Extracting","progressDetail":{"current":8847360,"total":29125963},"progress":"[===============\u003e                                   ]  8.847MB/29.13MB","id":"af107e978371"}[\r][\n]"
21:31:53.275 [docker-java-stream--2064336329] DEBUG com.github.dockerjava.zerodep.shaded.org.apache.hc.client5.http.wire - http-outgoing-1 << "[\r][\n]"
21:31:53.275 [docker-java-stream--2064336329] DEBUG com.github.dockerjava.api.command.PullImageResultCallback - ResponseItem(stream=null, status=Extracting, progressDetail=ResponseItem.ProgressDetail(current=8847360, total=29125963, start=null), progress=[===============>                                   ]  8.847MB/29.13MB, id=af107e978371, from=null, time=null, errorDetail=null, error=null, aux=null)
21:31:53.414 [docker-java-stream--2064336329] DEBUG com.github.dockerjava.zerodep.shaded.org.apache.hc.client5.http.wire - http-outgoing-1 << "bf[\r][\n]"
21:31:53.414 [docker-java-stream--2064336329] DEBUG com.github.dockerjava.zerodep.shaded.org.apache.hc.client5.http.wire - http-outgoing-1 << "{"status":"Downloading","progressDetail":{"current":43985216,"total":108571409},"progress":"[====================\u003e                              ]  43.99MB/108.6MB","id":"a35465a6a76a"}[\r][\n]"
21:31:53.414 [docker-java-stream--2064336329] DEBUG com.github.dockerjava.zerodep.shaded.org.apache.hc.client5.http.wire - http-outgoing-1 << "[\r][\n]"
21:31:53.415 [docker-java-stream--2064336329] DEBUG com.github.dockerjava.api.command.PullImageResultCallback - ResponseItem(stream=null, status=Downloading, progressDetail=ResponseItem.ProgressDetail(current=43985216, total=108571409, start=null), progress=[====================>                              ]  43.99MB/108.6MB, id=a35465a6a76a, from=null, time=null, errorDetail=null, error=null, aux=null)
21:31:53.632 [docker-java-stream--2064336329] DEBUG com.github.dockerjava.zerodep.shaded.org.apache.hc.client5.http.wire - http-outgoing-1 << "bf[\r][\n]"
21:31:53.632 [docker-java-stream--2064336329] DEBUG com.github.dockerjava.zerodep.shaded.org.apache.hc.client5.http.wire - http-outgoing-1 << "{"status":"Downloading","progressDetail":{"current":44525888,"total":108571409},"progress":"[====================\u003e                              ]  44.53MB/108.6MB","id":"a35465a6a76a"}[\r][\n]"
21:31:53.632 [docker-java-stream--2064336329] DEBUG com.github.dockerjava.zerodep.shaded.org.apache.hc.client5.http.wire - http-outgoing-1 << "[\r][\n]"
21:31:53.632 [docker-java-stream--2064336329] DEBUG com.github.dockerjava.api.command.PullImageResultCallback - ResponseItem(stream=null, status=Downloading, progressDetail=ResponseItem.ProgressDetail(current=44525888, total=108571409, start=null), progress=[====================>                              ]  44.53MB/108.6MB, id=a35465a6a76a, from=null, time=null, errorDetail=null, error=null, aux=null)
21:31:53.926 [docker-java-stream--2064336329] DEBUG com.github.dockerjava.zerodep.shaded.org.apache.hc.client5.http.wire - http-outgoing-1 << "bf[\r][\n]"
21:31:53.926 [docker-java-stream--2064336329] DEBUG com.github.dockerjava.zerodep.shaded.org.apache.hc.client5.http.wire - http-outgoing-1 << "{"status":"Downloading","progressDetail":{"current":45066560,"total":108571409},"progress":"[====================\u003e                              ]  45.07MB/108.6MB","id":"a35465a6a76a"}[\r][\n]"
21:31:53.926 [docker-java-stream--2064336329] DEBUG com.github.dockerjava.zerodep.shaded.org.apache.hc.client5.http.wire - http-outgoing-1 << "[\r][\n]"
21:31:53.926 [docker-java-stream--2064336329] DEBUG com.github.dockerjava.api.command.PullImageResultCallback - ResponseItem(stream=null, status=Downloading, progressDetail=ResponseItem.ProgressDetail(current=45066560, total=108571409, start=null), progress=[====================>                              ]  45.07MB/108.6MB, id=a35465a6a76a, from=null, time=null, errorDetail=null, error=null, aux=null)
21:31:54.084 [docker-java-stream--2064336329] DEBUG com.github.dockerjava.zerodep.shaded.org.apache.hc.client5.http.wire - http-outgoing-1 << "bc[\r][\n]"
21:31:54.084 [docker-java-stream--2064336329] DEBUG com.github.dockerjava.zerodep.shaded.org.apache.hc.client5.http.wire - http-outgoing-1 << "{"status":"Extracting","progressDetail":{"current":9142272,"total":29125963},"progress":"[===============\u003e                                   ]  9.142MB/29.13MB","id":"af107e978371"}[\r][\n]"
21:31:54.084 [docker-java-stream--2064336329] DEBUG com.github.dockerjava.zerodep.shaded.org.apache.hc.client5.http.wire - http-outgoing-1 << "[\r][\n]"
21:31:54.084 [docker-java-stream--2064336329] DEBUG com.github.dockerjava.api.command.PullImageResultCallback - ResponseItem(stream=null, status=Extracting, progressDetail=ResponseItem.ProgressDetail(current=9142272, total=29125963, start=null), progress=[===============>                                   ]  9.142MB/29.13MB, id=af107e978371, from=null, time=null, errorDetail=null, error=null, aux=null)
21:31:54.340 [docker-java-stream--2064336329] DEBUG com.github.dockerjava.zerodep.shaded.org.apache.hc.client5.http.wire - http-outgoing-1 << "bf[\r][\n]"
21:31:54.340 [docker-java-stream--2064336329] DEBUG com.github.dockerjava.zerodep.shaded.org.apache.hc.client5.http.wire - http-outgoing-1 << "{"status":"Downloading","progressDetail":{"current":45607232,"total":108571409},"progress":"[=====================\u003e                             ]  45.61MB/108.6MB","id":"a35465a6a76a"}[\r][\n]"
21:31:54.340 [docker-java-stream--2064336329] DEBUG com.github.dockerjava.zerodep.shaded.org.apache.hc.client5.http.wire - http-outgoing-1 << "[\r][\n]"
21:31:54.340 [docker-java-stream--2064336329] DEBUG com.github.dockerjava.api.command.PullImageResultCallback - ResponseItem(stream=null, status=Downloading, progressDetail=ResponseItem.ProgressDetail(current=45607232, total=108571409, start=null), progress=[=====================>                             ]  45.61MB/108.6MB, id=a35465a6a76a, from=null, time=null, errorDetail=null, error=null, aux=null)
21:31:55.951 [docker-java-stream--2064336329] DEBUG com.github.dockerjava.zerodep.shaded.org.apache.hc.client5.http.wire - http-outgoing-1 << "bf[\r][\n]"
21:31:55.951 [docker-java-stream--2064336329] DEBUG com.github.dockerjava.zerodep.shaded.org.apache.hc.client5.http.wire - http-outgoing-1 << "{"status":"Downloading","progressDetail":{"current":46135616,"total":108571409},"progress":"[=====================\u003e                             ]  46.14MB/108.6MB","id":"a35465a6a76a"}[\r][\n]"
21:31:55.951 [docker-java-stream--2064336329] DEBUG com.github.dockerjava.zerodep.shaded.org.apache.hc.client5.http.wire - http-outgoing-1 << "[\r][\n]"
21:31:55.951 [docker-java-stream--2064336329] DEBUG com.github.dockerjava.api.command.PullImageResultCallback - ResponseItem(stream=null, status=Downloading, progressDetail=ResponseItem.ProgressDetail(current=46135616, total=108571409, start=null), progress=[=====================>                             ]  46.14MB/108.6MB, id=a35465a6a76a, from=null, time=null, errorDetail=null, error=null, aux=null)
21:31:58.531 [docker-java-stream--2064336329] DEBUG com.github.dockerjava.zerodep.shaded.org.apache.hc.client5.http.wire - http-outgoing-1 << "bf[\r][\n]"
21:31:58.531 [docker-java-stream--2064336329] DEBUG com.github.dockerjava.zerodep.shaded.org.apache.hc.client5.http.wire - http-outgoing-1 << "{"status":"Downloading","progressDetail":{"current":46672192,"total":108571409},"progress":"[=====================\u003e                             ]  46.67MB/108.6MB","id":"a35465a6a76a"}[\r][\n]"
21:31:58.531 [docker-java-stream--2064336329] DEBUG com.github.dockerjava.zerodep.shaded.org.apache.hc.client5.http.wire - http-outgoing-1 << "[\r][\n]"
21:31:58.532 [docker-java-stream--2064336329] DEBUG com.github.dockerjava.api.command.PullImageResultCallback - ResponseItem(stream=null, status=Downloading, progressDetail=ResponseItem.ProgressDetail(current=46672192, total=108571409, start=null), progress=[=====================>                             ]  46.67MB/108.6MB, id=a35465a6a76a, from=null, time=null, errorDetail=null, error=null, aux=null)
21:32:00.358 [docker-java-stream--2064336329] DEBUG com.github.dockerjava.zerodep.shaded.org.apache.hc.client5.http.wire - http-outgoing-1 << "bc[\r][\n]"
21:32:00.358 [docker-java-stream--2064336329] DEBUG com.github.dockerjava.zerodep.shaded.org.apache.hc.client5.http.wire - http-outgoing-1 << "{"status":"Extracting","progressDetail":{"current":9437184,"total":29125963},"progress":"[================\u003e                                  ]  9.437MB/29.13MB","id":"af107e978371"}[\r][\n]"
21:32:00.358 [docker-java-stream--2064336329] DEBUG com.github.dockerjava.zerodep.shaded.org.apache.hc.client5.http.wire - http-outgoing-1 << "[\r][\n]"
21:32:00.358 [docker-java-stream--2064336329] DEBUG com.github.dockerjava.api.command.PullImageResultCallback - ResponseItem(stream=null, status=Extracting, progressDetail=ResponseItem.ProgressDetail(current=9437184, total=29125963, start=null), progress=[================>                                  ]  9.437MB/29.13MB, id=af107e978371, from=null, time=null, errorDetail=null, error=null, aux=null)
21:32:01.543 [docker-java-stream--2064336329] DEBUG com.github.dockerjava.zerodep.shaded.org.apache.hc.client5.http.wire - http-outgoing-1 << "bf[\r][\n]"
21:32:01.543 [docker-java-stream--2064336329] DEBUG com.github.dockerjava.zerodep.shaded.org.apache.hc.client5.http.wire - http-outgoing-1 << "{"status":"Downloading","progressDetail":{"current":47212864,"total":108571409},"progress":"[=====================\u003e                             ]  47.21MB/108.6MB","id":"a35465a6a76a"}[\r][\n]"
21:32:01.543 [docker-java-stream--2064336329] DEBUG com.github.dockerjava.zerodep.shaded.org.apache.hc.client5.http.wire - http-outgoing-1 << "[\r][\n]"
21:32:01.543 [docker-java-stream--2064336329] DEBUG com.github.dockerjava.api.command.PullImageResultCallback - ResponseItem(stream=null, status=Downloading, progressDetail=ResponseItem.ProgressDetail(current=47212864, total=108571409, start=null), progress=[=====================>                             ]  47.21MB/108.6MB, id=a35465a6a76a, from=null, time=null, errorDetail=null, error=null, aux=null)
21:32:07.072 [docker-java-stream--2064336329] DEBUG com.github.dockerjava.zerodep.shaded.org.apache.hc.client5.http.wire - http-outgoing-1 << "bf[\r][\n]"
21:32:07.072 [docker-java-stream--2064336329] DEBUG com.github.dockerjava.zerodep.shaded.org.apache.hc.client5.http.wire - http-outgoing-1 << "{"status":"Downloading","progressDetail":{"current":47741248,"total":108571409},"progress":"[=====================\u003e                             ]  47.74MB/108.6MB","id":"a35465a6a76a"}[\r][\n]"
21:32:07.072 [docker-java-stream--2064336329] DEBUG com.github.dockerjava.zerodep.shaded.org.apache.hc.client5.http.wire - http-outgoing-1 << "[\r][\n]"
21:32:07.073 [docker-java-stream--2064336329] DEBUG com.github.dockerjava.api.command.PullImageResultCallback - ResponseItem(stream=null, status=Downloading, progressDetail=ResponseItem.ProgressDetail(current=47741248, total=108571409, start=null), progress=[=====================>                             ]  47.74MB/108.6MB, id=a35465a6a76a, from=null, time=null, errorDetail=null, error=null, aux=null)
21:32:10.348 [docker-java-stream--2064336329] DEBUG com.github.dockerjava.zerodep.shaded.org.apache.hc.client5.http.wire - http-outgoing-1 << "bf[\r][\n]"
21:32:10.348 [docker-java-stream--2064336329] DEBUG com.github.dockerjava.zerodep.shaded.org.apache.hc.client5.http.wire - http-outgoing-1 << "{"status":"Downloading","progressDetail":{"current":48281920,"total":108571409},"progress":"[======================\u003e                            ]  48.28MB/108.6MB","id":"a35465a6a76a"}[\r][\n]"
21:32:10.348 [docker-java-stream--2064336329] DEBUG com.github.dockerjava.zerodep.shaded.org.apache.hc.client5.http.wire - http-outgoing-1 << "[\r][\n]"
21:32:10.348 [docker-java-stream--2064336329] DEBUG com.github.dockerjava.api.command.PullImageResultCallback - ResponseItem(stream=null, status=Downloading, progressDetail=ResponseItem.ProgressDetail(current=48281920, total=108571409, start=null), progress=[======================>                            ]  48.28MB/108.6MB, id=a35465a6a76a, from=null, time=null, errorDetail=null, error=null, aux=null)
21:32:11.158 [docker-java-stream--2064336329] DEBUG com.github.dockerjava.zerodep.shaded.org.apache.hc.client5.http.wire - http-outgoing-1 << "bc[\r][\n]"
21:32:11.158 [docker-java-stream--2064336329] DEBUG com.github.dockerjava.zerodep.shaded.org.apache.hc.client5.http.wire - http-outgoing-1 << "{"status":"Extracting","progressDetail":{"current":9732096,"total":29125963},"progress":"[================\u003e                                  ]  9.732MB/29.13MB","id":"af107e978371"}[\r][\n]"
21:32:11.158 [docker-java-stream--2064336329] DEBUG com.github.dockerjava.zerodep.shaded.org.apache.hc.client5.http.wire - http-outgoing-1 << "[\r][\n]"
21:32:11.159 [docker-java-stream--2064336329] DEBUG com.github.dockerjava.api.command.PullImageResultCallback - ResponseItem(stream=null, status=Extracting, progressDetail=ResponseItem.ProgressDetail(current=9732096, total=29125963, start=null), progress=[================>                                  ]  9.732MB/29.13MB, id=af107e978371, from=null, time=null, errorDetail=null, error=null, aux=null)
21:32:11.277 [docker-java-stream--2064336329] DEBUG com.github.dockerjava.zerodep.shaded.org.apache.hc.client5.http.wire - http-outgoing-1 << "bf[\r][\n]"
21:32:11.277 [docker-java-stream--2064336329] DEBUG com.github.dockerjava.zerodep.shaded.org.apache.hc.client5.http.wire - http-outgoing-1 << "{"status":"Downloading","progressDetail":{"current":48822592,"total":108571409},"progress":"[======================\u003e                            ]  48.82MB/108.6MB","id":"a35465a6a76a"}[\r][\n]"
21:32:11.277 [docker-java-stream--2064336329] DEBUG com.github.dockerjava.zerodep.shaded.org.apache.hc.client5.http.wire - http-outgoing-1 << "[\r][\n]"
21:32:11.277 [docker-java-stream--2064336329] DEBUG com.github.dockerjava.api.command.PullImageResultCallback - ResponseItem(stream=null, status=Downloading, progressDetail=ResponseItem.ProgressDetail(current=48822592, total=108571409, start=null), progress=[======================>                            ]  48.82MB/108.6MB, id=a35465a6a76a, from=null, time=null, errorDetail=null, error=null, aux=null)
21:32:12.421 [docker-java-stream--2064336329] DEBUG com.github.dockerjava.zerodep.shaded.org.apache.hc.client5.http.wire - http-outgoing-1 << "bf[\r][\n]"
21:32:12.421 [docker-java-stream--2064336329] DEBUG com.github.dockerjava.zerodep.shaded.org.apache.hc.client5.http.wire - http-outgoing-1 << "{"status":"Downloading","progressDetail":{"current":49359168,"total":108571409},"progress":"[======================\u003e                            ]  49.36MB/108.6MB","id":"a35465a6a76a"}[\r][\n]"
21:32:12.421 [docker-java-stream--2064336329] DEBUG com.github.dockerjava.zerodep.shaded.org.apache.hc.client5.http.wire - http-outgoing-1 << "[\r][\n]"
21:32:12.421 [docker-java-stream--2064336329] DEBUG com.github.dockerjava.api.command.PullImageResultCallback - ResponseItem(stream=null, status=Downloading, progressDetail=ResponseItem.ProgressDetail(current=49359168, total=108571409, start=null), progress=[======================>                            ]  49.36MB/108.6MB, id=a35465a6a76a, from=null, time=null, errorDetail=null, error=null, aux=null)
21:32:12.779 [docker-java-stream--2064336329] DEBUG com.github.dockerjava.zerodep.shaded.org.apache.hc.client5.http.wire - http-outgoing-1 << "bd[\r][\n]"
21:32:12.779 [docker-java-stream--2064336329] DEBUG com.github.dockerjava.zerodep.shaded.org.apache.hc.client5.http.wire - http-outgoing-1 << "{"status":"Extracting","progressDetail":{"current":10027008,"total":29125963},"progress":"[=================\u003e                                 ]  10.03MB/29.13MB","id":"af107e978371"}[\r][\n]"
21:32:12.779 [docker-java-stream--2064336329] DEBUG com.github.dockerjava.zerodep.shaded.org.apache.hc.client5.http.wire - http-outgoing-1 << "[\r][\n]"
21:32:12.780 [docker-java-stream--2064336329] DEBUG com.github.dockerjava.api.command.PullImageResultCallback - ResponseItem(stream=null, status=Extracting, progressDetail=ResponseItem.ProgressDetail(current=10027008, total=29125963, start=null), progress=[=================>                                 ]  10.03MB/29.13MB, id=af107e978371, from=null, time=null, errorDetail=null, error=null, aux=null)
21:32:13.855 [docker-java-stream--2064336329] DEBUG com.github.dockerjava.zerodep.shaded.org.apache.hc.client5.http.wire - http-outgoing-1 << "bf[\r][\n]"
21:32:13.855 [docker-java-stream--2064336329] DEBUG com.github.dockerjava.zerodep.shaded.org.apache.hc.client5.http.wire - http-outgoing-1 << "{"status":"Downloading","progressDetail":{"current":49899840,"total":108571409},"progress":"[======================\u003e                            ]   49.9MB/108.6MB","id":"a35465a6a76a"}[\r][\n]"
21:32:13.855 [docker-java-stream--2064336329] DEBUG com.github.dockerjava.zerodep.shaded.org.apache.hc.client5.http.wire - http-outgoing-1 << "[\r][\n]"
21:32:13.856 [docker-java-stream--2064336329] DEBUG com.github.dockerjava.api.command.PullImageResultCallback - ResponseItem(stream=null, status=Downloading, progressDetail=ResponseItem.ProgressDetail(current=49899840, total=108571409, start=null), progress=[======================>                            ]   49.9MB/108.6MB, id=a35465a6a76a, from=null, time=null, errorDetail=null, error=null, aux=null)
21:32:15.999 [docker-java-stream--2064336329] DEBUG com.github.dockerjava.zerodep.shaded.org.apache.hc.client5.http.wire - http-outgoing-1 << "bf[\r][\n]"
21:32:16.000 [docker-java-stream--2064336329] DEBUG com.github.dockerjava.zerodep.shaded.org.apache.hc.client5.http.wire - http-outgoing-1 << "{"status":"Downloading","progressDetail":{"current":50440512,"total":108571409},"progress":"[=======================\u003e                           ]  50.44MB/108.6MB","id":"a35465a6a76a"}[\r][\n]"
21:32:16.000 [docker-java-stream--2064336329] DEBUG com.github.dockerjava.zerodep.shaded.org.apache.hc.client5.http.wire - http-outgoing-1 << "[\r][\n]"
21:32:16.000 [docker-java-stream--2064336329] DEBUG com.github.dockerjava.api.command.PullImageResultCallback - ResponseItem(stream=null, status=Downloading, progressDetail=ResponseItem.ProgressDetail(current=50440512, total=108571409, start=null), progress=[=======================>                           ]  50.44MB/108.6MB, id=a35465a6a76a, from=null, time=null, errorDetail=null, error=null, aux=null)
21:32:16.991 [docker-java-stream--2064336329] DEBUG com.github.dockerjava.zerodep.shaded.org.apache.hc.client5.http.wire - http-outgoing-1 << "bf[\r][\n]"
21:32:16.991 [docker-java-stream--2064336329] DEBUG com.github.dockerjava.zerodep.shaded.org.apache.hc.client5.http.wire - http-outgoing-1 << "{"status":"Downloading","progressDetail":{"current":50981184,"total":108571409},"progress":"[=======================\u003e                           ]  50.98MB/108.6MB","id":"a35465a6a76a"}[\r][\n]"
21:32:16.991 [docker-java-stream--2064336329] DEBUG com.github.dockerjava.zerodep.shaded.org.apache.hc.client5.http.wire - http-outgoing-1 << "[\r][\n]"
21:32:16.991 [docker-java-stream--2064336329] DEBUG com.github.dockerjava.api.command.PullImageResultCallback - ResponseItem(stream=null, status=Downloading, progressDetail=ResponseItem.ProgressDetail(current=50981184, total=108571409, start=null), progress=[=======================>                           ]  50.98MB/108.6MB, id=a35465a6a76a, from=null, time=null, errorDetail=null, error=null, aux=null)
21:32:18.389 [docker-java-stream--2064336329] DEBUG com.github.dockerjava.zerodep.shaded.org.apache.hc.client5.http.wire - http-outgoing-1 << "bf[\r][\n]"
21:32:18.389 [docker-java-stream--2064336329] DEBUG com.github.dockerjava.zerodep.shaded.org.apache.hc.client5.http.wire - http-outgoing-1 << "{"status":"Downloading","progressDetail":{"current":51513664,"total":108571409},"progress":"[=======================\u003e                           ]  51.51MB/108.6MB","id":"a35465a6a76a"}[\r][\n]"
21:32:18.389 [docker-java-stream--2064336329] DEBUG com.github.dockerjava.zerodep.shaded.org.apache.hc.client5.http.wire - http-outgoing-1 << "[\r][\n]"
21:32:18.389 [docker-java-stream--2064336329] DEBUG com.github.dockerjava.api.command.PullImageResultCallback - ResponseItem(stream=null, status=Downloading, progressDetail=ResponseItem.ProgressDetail(current=51513664, total=108571409, start=null), progress=[=======================>                           ]  51.51MB/108.6MB, id=a35465a6a76a, from=null, time=null, errorDetail=null, error=null, aux=null)
21:32:18.583 [docker-java-stream--2064336329] DEBUG com.github.dockerjava.zerodep.shaded.org.apache.hc.client5.http.wire - http-outgoing-1 << "bd[\r][\n]"
21:32:18.584 [docker-java-stream--2064336329] DEBUG com.github.dockerjava.zerodep.shaded.org.apache.hc.client5.http.wire - http-outgoing-1 << "{"status":"Extracting","progressDetail":{"current":10321920,"total":29125963},"progress":"[=================\u003e                                 ]  10.32MB/29.13MB","id":"af107e978371"}[\r][\n]"
21:32:18.584 [docker-java-stream--2064336329] DEBUG com.github.dockerjava.zerodep.shaded.org.apache.hc.client5.http.wire - http-outgoing-1 << "[\r][\n]"
21:32:18.584 [docker-java-stream--2064336329] DEBUG com.github.dockerjava.api.command.PullImageResultCallback - ResponseItem(stream=null, status=Extracting, progressDetail=ResponseItem.ProgressDetail(current=10321920, total=29125963, start=null), progress=[=================>                                 ]  10.32MB/29.13MB, id=af107e978371, from=null, time=null, errorDetail=null, error=null, aux=null)
21:32:18.947 [docker-java-stream--2064336329] DEBUG com.github.dockerjava.zerodep.shaded.org.apache.hc.client5.http.wire - http-outgoing-1 << "bd[\r][\n]"
21:32:18.947 [docker-java-stream--2064336329] DEBUG com.github.dockerjava.zerodep.shaded.org.apache.hc.client5.http.wire - http-outgoing-1 << "{"status":"Extracting","progressDetail":{"current":10616832,"total":29125963},"progress":"[==================\u003e                                ]  10.62MB/29.13MB","id":"af107e978371"}[\r][\n]"
21:32:18.947 [docker-java-stream--2064336329] DEBUG com.github.dockerjava.zerodep.shaded.org.apache.hc.client5.http.wire - http-outgoing-1 << "[\r][\n]"
21:32:18.947 [docker-java-stream--2064336329] DEBUG com.github.dockerjava.api.command.PullImageResultCallback - ResponseItem(stream=null, status=Extracting, progressDetail=ResponseItem.ProgressDetail(current=10616832, total=29125963, start=null), progress=[==================>                                ]  10.62MB/29.13MB, id=af107e978371, from=null, time=null, errorDetail=null, error=null, aux=null)
21:32:19.400 [docker-java-stream--2064336329] DEBUG com.github.dockerjava.zerodep.shaded.org.apache.hc.client5.http.wire - http-outgoing-1 << "bf[\r][\n]"
21:32:19.400 [docker-java-stream--2064336329] DEBUG com.github.dockerjava.zerodep.shaded.org.apache.hc.client5.http.wire - http-outgoing-1 << "{"status":"Downloading","progressDetail":{"current":52042048,"total":108571409},"progress":"[=======================\u003e                           ]  52.04MB/108.6MB","id":"a35465a6a76a"}[\r][\n]"
21:32:19.400 [docker-java-stream--2064336329] DEBUG com.github.dockerjava.zerodep.shaded.org.apache.hc.client5.http.wire - http-outgoing-1 << "[\r][\n]"
21:32:19.400 [docker-java-stream--2064336329] DEBUG com.github.dockerjava.api.command.PullImageResultCallback - ResponseItem(stream=null, status=Downloading, progressDetail=ResponseItem.ProgressDetail(current=52042048, total=108571409, start=null), progress=[=======================>                           ]  52.04MB/108.6MB, id=a35465a6a76a, from=null, time=null, errorDetail=null, error=null, aux=null)
21:32:19.871 [docker-java-stream--2064336329] DEBUG com.github.dockerjava.zerodep.shaded.org.apache.hc.client5.http.wire - http-outgoing-1 << "bf[\r][\n]"
21:32:19.871 [docker-java-stream--2064336329] DEBUG com.github.dockerjava.zerodep.shaded.org.apache.hc.client5.http.wire - http-outgoing-1 << "{"status":"Downloading","progressDetail":{"current":52582720,"total":108571409},"progress":"[========================\u003e                          ]  52.58MB/108.6MB","id":"a35465a6a76a"}[\r][\n]"
21:32:19.871 [docker-java-stream--2064336329] DEBUG com.github.dockerjava.zerodep.shaded.org.apache.hc.client5.http.wire - http-outgoing-1 << "[\r][\n]"
21:32:19.871 [docker-java-stream--2064336329] DEBUG com.github.dockerjava.api.command.PullImageResultCallback - ResponseItem(stream=null, status=Downloading, progressDetail=ResponseItem.ProgressDetail(current=52582720, total=108571409, start=null), progress=[========================>                          ]  52.58MB/108.6MB, id=a35465a6a76a, from=null, time=null, errorDetail=null, error=null, aux=null)
21:32:20.228 [docker-java-stream--2064336329] DEBUG com.github.dockerjava.zerodep.shaded.org.apache.hc.client5.http.wire - http-outgoing-1 << "bf[\r][\n]"
21:32:20.228 [docker-java-stream--2064336329] DEBUG com.github.dockerjava.zerodep.shaded.org.apache.hc.client5.http.wire - http-outgoing-1 << "{"status":"Downloading","progressDetail":{"current":53123392,"total":108571409},"progress":"[========================\u003e                          ]  53.12MB/108.6MB","id":"a35465a6a76a"}[\r][\n]"
21:32:20.228 [docker-java-stream--2064336329] DEBUG com.github.dockerjava.zerodep.shaded.org.apache.hc.client5.http.wire - http-outgoing-1 << "[\r][\n]"
21:32:20.228 [docker-java-stream--2064336329] DEBUG com.github.dockerjava.api.command.PullImageResultCallback - ResponseItem(stream=null, status=Downloading, progressDetail=ResponseItem.ProgressDetail(current=53123392, total=108571409, start=null), progress=[========================>                          ]  53.12MB/108.6MB, id=a35465a6a76a, from=null, time=null, errorDetail=null, error=null, aux=null)
21:32:20.605 [docker-java-stream--2064336329] DEBUG com.github.dockerjava.zerodep.shaded.org.apache.hc.client5.http.wire - http-outgoing-1 << "bf[\r][\n]"
21:32:20.605 [docker-java-stream--2064336329] DEBUG com.github.dockerjava.zerodep.shaded.org.apache.hc.client5.http.wire - http-outgoing-1 << "{"status":"Downloading","progressDetail":{"current":54204736,"total":108571409},"progress":"[========================\u003e                          ]   54.2MB/108.6MB","id":"a35465a6a76a"}[\r][\n]"
21:32:20.605 [docker-java-stream--2064336329] DEBUG com.github.dockerjava.zerodep.shaded.org.apache.hc.client5.http.wire - http-outgoing-1 << "[\r][\n]"
21:32:20.606 [docker-java-stream--2064336329] DEBUG com.github.dockerjava.api.command.PullImageResultCallback - ResponseItem(stream=null, status=Downloading, progressDetail=ResponseItem.ProgressDetail(current=54204736, total=108571409, start=null), progress=[========================>                          ]   54.2MB/108.6MB, id=a35465a6a76a, from=null, time=null, errorDetail=null, error=null, aux=null)
21:32:20.608 [docker-java-stream--2064336329] DEBUG com.github.dockerjava.zerodep.shaded.org.apache.hc.client5.http.wire - http-outgoing-1 << "bd[\r][\n]"
21:32:20.608 [docker-java-stream--2064336329] DEBUG com.github.dockerjava.zerodep.shaded.org.apache.hc.client5.http.wire - http-outgoing-1 << "{"status":"Extracting","progressDetail":{"current":10911744,"total":29125963},"progress":"[==================\u003e                                ]  10.91MB/29.13MB","id":"af107e978371"}[\r][\n]"
21:32:20.608 [docker-java-stream--2064336329] DEBUG com.github.dockerjava.zerodep.shaded.org.apache.hc.client5.http.wire - http-outgoing-1 << "[\r][\n]"
21:32:20.608 [docker-java-stream--2064336329] DEBUG com.github.dockerjava.api.command.PullImageResultCallback - ResponseItem(stream=null, status=Extracting, progressDetail=ResponseItem.ProgressDetail(current=10911744, total=29125963, start=null), progress=[==================>                                ]  10.91MB/29.13MB, id=af107e978371, from=null, time=null, errorDetail=null, error=null, aux=null)
21:32:21.229 [docker-java-stream--2064336329] DEBUG com.github.dockerjava.zerodep.shaded.org.apache.hc.client5.http.wire - http-outgoing-1 << "bd[\r][\n]"
21:32:21.229 [docker-java-stream--2064336329] DEBUG com.github.dockerjava.zerodep.shaded.org.apache.hc.client5.http.wire - http-outgoing-1 << "{"status":"Extracting","progressDetail":{"current":11206656,"total":29125963},"progress":"[===================\u003e                               ]  11.21MB/29.13MB","id":"af107e978371"}[\r][\n]"
21:32:21.229 [docker-java-stream--2064336329] DEBUG com.github.dockerjava.zerodep.shaded.org.apache.hc.client5.http.wire - http-outgoing-1 << "[\r][\n]"
21:32:21.229 [docker-java-stream--2064336329] DEBUG com.github.dockerjava.api.command.PullImageResultCallback - ResponseItem(stream=null, status=Extracting, progressDetail=ResponseItem.ProgressDetail(current=11206656, total=29125963, start=null), progress=[===================>                               ]  11.21MB/29.13MB, id=af107e978371, from=null, time=null, errorDetail=null, error=null, aux=null)
21:32:21.625 [docker-java-stream--2064336329] DEBUG com.github.dockerjava.zerodep.shaded.org.apache.hc.client5.http.wire - http-outgoing-1 << "bf[\r][\n]"
21:32:21.625 [docker-java-stream--2064336329] DEBUG com.github.dockerjava.zerodep.shaded.org.apache.hc.client5.http.wire - http-outgoing-1 << "{"status":"Downloading","progressDetail":{"current":54745408,"total":108571409},"progress":"[=========================\u003e                         ]  54.75MB/108.6MB","id":"a35465a6a76a"}[\r][\n]"
21:32:21.625 [docker-java-stream--2064336329] DEBUG com.github.dockerjava.zerodep.shaded.org.apache.hc.client5.http.wire - http-outgoing-1 << "[\r][\n]"
21:32:21.625 [docker-java-stream--2064336329] DEBUG com.github.dockerjava.api.command.PullImageResultCallback - ResponseItem(stream=null, status=Downloading, progressDetail=ResponseItem.ProgressDetail(current=54745408, total=108571409, start=null), progress=[=========================>                         ]  54.75MB/108.6MB, id=a35465a6a76a, from=null, time=null, errorDetail=null, error=null, aux=null)
21:32:22.834 [docker-java-stream--2064336329] DEBUG com.github.dockerjava.zerodep.shaded.org.apache.hc.client5.http.wire - http-outgoing-1 << "bf[\r][\n]"
21:32:22.834 [docker-java-stream--2064336329] DEBUG com.github.dockerjava.zerodep.shaded.org.apache.hc.client5.http.wire - http-outgoing-1 << "{"status":"Downloading","progressDetail":{"current":55286080,"total":108571409},"progress":"[=========================\u003e                         ]  55.29MB/108.6MB","id":"a35465a6a76a"}[\r][\n]"
21:32:22.834 [docker-java-stream--2064336329] DEBUG com.github.dockerjava.zerodep.shaded.org.apache.hc.client5.http.wire - http-outgoing-1 << "[\r][\n]"
21:32:22.834 [docker-java-stream--2064336329] DEBUG com.github.dockerjava.api.command.PullImageResultCallback - ResponseItem(stream=null, status=Downloading, progressDetail=ResponseItem.ProgressDetail(current=55286080, total=108571409, start=null), progress=[=========================>                         ]  55.29MB/108.6MB, id=a35465a6a76a, from=null, time=null, errorDetail=null, error=null, aux=null)
21:32:23.050 [docker-java-stream--2064336329] DEBUG com.github.dockerjava.zerodep.shaded.org.apache.hc.client5.http.wire - http-outgoing-1 << "bf[\r][\n]"
21:32:23.050 [docker-java-stream--2064336329] DEBUG com.github.dockerjava.zerodep.shaded.org.apache.hc.client5.http.wire - http-outgoing-1 << "{"status":"Downloading","progressDetail":{"current":57960768,"total":108571409},"progress":"[==========================\u003e                        ]  57.96MB/108.6MB","id":"a35465a6a76a"}[\r][\n]"
21:32:23.050 [docker-java-stream--2064336329] DEBUG com.github.dockerjava.zerodep.shaded.org.apache.hc.client5.http.wire - http-outgoing-1 << "[\r][\n]"
21:32:23.051 [docker-java-stream--2064336329] DEBUG com.github.dockerjava.api.command.PullImageResultCallback - ResponseItem(stream=null, status=Downloading, progressDetail=ResponseItem.ProgressDetail(current=57960768, total=108571409, start=null), progress=[==========================>                        ]  57.96MB/108.6MB, id=a35465a6a76a, from=null, time=null, errorDetail=null, error=null, aux=null)
21:32:23.586 [docker-java-stream--2064336329] DEBUG com.github.dockerjava.zerodep.shaded.org.apache.hc.client5.http.wire - http-outgoing-1 << "bf[\r][\n]"
21:32:23.586 [docker-java-stream--2064336329] DEBUG com.github.dockerjava.zerodep.shaded.org.apache.hc.client5.http.wire - http-outgoing-1 << "{"status":"Downloading","progressDetail":{"current":58497344,"total":108571409},"progress":"[==========================\u003e                        ]   58.5MB/108.6MB","id":"a35465a6a76a"}[\r][\n]"
21:32:23.586 [docker-java-stream--2064336329] DEBUG com.github.dockerjava.zerodep.shaded.org.apache.hc.client5.http.wire - http-outgoing-1 << "[\r][\n]"
21:32:23.586 [docker-java-stream--2064336329] DEBUG com.github.dockerjava.api.command.PullImageResultCallback - ResponseItem(stream=null, status=Downloading, progressDetail=ResponseItem.ProgressDetail(current=58497344, total=108571409, start=null), progress=[==========================>                        ]   58.5MB/108.6MB, id=a35465a6a76a, from=null, time=null, errorDetail=null, error=null, aux=null)
21:32:23.602 [docker-java-stream--2064336329] DEBUG com.github.dockerjava.zerodep.shaded.org.apache.hc.client5.http.wire - http-outgoing-1 << "bd[\r][\n]"
21:32:23.602 [docker-java-stream--2064336329] DEBUG com.github.dockerjava.zerodep.shaded.org.apache.hc.client5.http.wire - http-outgoing-1 << "{"status":"Extracting","progressDetail":{"current":11501568,"total":29125963},"progress":"[===================\u003e                               ]   11.5MB/29.13MB","id":"af107e978371"}[\r][\n]"
21:32:23.602 [docker-java-stream--2064336329] DEBUG com.github.dockerjava.zerodep.shaded.org.apache.hc.client5.http.wire - http-outgoing-1 << "[\r][\n]"
21:32:23.603 [docker-java-stream--2064336329] DEBUG com.github.dockerjava.api.command.PullImageResultCallback - ResponseItem(stream=null, status=Extracting, progressDetail=ResponseItem.ProgressDetail(current=11501568, total=29125963, start=null), progress=[===================>                               ]   11.5MB/29.13MB, id=af107e978371, from=null, time=null, errorDetail=null, error=null, aux=null)
21:32:23.835 [docker-java-stream--2064336329] DEBUG com.github.dockerjava.zerodep.shaded.org.apache.hc.client5.http.wire - http-outgoing-1 << "bf[\r][\n]"
21:32:23.835 [docker-java-stream--2064336329] DEBUG com.github.dockerjava.zerodep.shaded.org.apache.hc.client5.http.wire - http-outgoing-1 << "{"status":"Downloading","progressDetail":{"current":59038016,"total":108571409},"progress":"[===========================\u003e                       ]  59.04MB/108.6MB","id":"a35465a6a76a"}[\r][\n]"
21:32:23.835 [docker-java-stream--2064336329] DEBUG com.github.dockerjava.zerodep.shaded.org.apache.hc.client5.http.wire - http-outgoing-1 << "[\r][\n]"
21:32:23.835 [docker-java-stream--2064336329] DEBUG com.github.dockerjava.api.command.PullImageResultCallback - ResponseItem(stream=null, status=Downloading, progressDetail=ResponseItem.ProgressDetail(current=59038016, total=108571409, start=null), progress=[===========================>                       ]  59.04MB/108.6MB, id=a35465a6a76a, from=null, time=null, errorDetail=null, error=null, aux=null)
21:32:24.576 [docker-java-stream--2064336329] DEBUG com.github.dockerjava.zerodep.shaded.org.apache.hc.client5.http.wire - http-outgoing-1 << "bd[\r][\n]"
21:32:24.576 [docker-java-stream--2064336329] DEBUG com.github.dockerjava.zerodep.shaded.org.apache.hc.client5.http.wire - http-outgoing-1 << "{"status":"Extracting","progressDetail":{"current":11796480,"total":29125963},"progress":"[====================\u003e                              ]   11.8MB/29.13MB","id":"af107e978371"}[\r][\n]"
21:32:24.576 [docker-java-stream--2064336329] DEBUG com.github.dockerjava.zerodep.shaded.org.apache.hc.client5.http.wire - http-outgoing-1 << "[\r][\n]"
21:32:24.576 [docker-java-stream--2064336329] DEBUG com.github.dockerjava.api.command.PullImageResultCallback - ResponseItem(stream=null, status=Extracting, progressDetail=ResponseItem.ProgressDetail(current=11796480, total=29125963, start=null), progress=[====================>                              ]   11.8MB/29.13MB, id=af107e978371, from=null, time=null, errorDetail=null, error=null, aux=null)
21:32:24.660 [docker-java-stream--2064336329] DEBUG com.github.dockerjava.zerodep.shaded.org.apache.hc.client5.http.wire - http-outgoing-1 << "bf[\r][\n]"
21:32:24.660 [docker-java-stream--2064336329] DEBUG com.github.dockerjava.zerodep.shaded.org.apache.hc.client5.http.wire - http-outgoing-1 << "{"status":"Downloading","progressDetail":{"current":59574592,"total":108571409},"progress":"[===========================\u003e                       ]  59.57MB/108.6MB","id":"a35465a6a76a"}[\r][\n]"
21:32:24.660 [docker-java-stream--2064336329] DEBUG com.github.dockerjava.zerodep.shaded.org.apache.hc.client5.http.wire - http-outgoing-1 << "[\r][\n]"
21:32:24.661 [docker-java-stream--2064336329] DEBUG com.github.dockerjava.api.command.PullImageResultCallback - ResponseItem(stream=null, status=Downloading, progressDetail=ResponseItem.ProgressDetail(current=59574592, total=108571409, start=null), progress=[===========================>                       ]  59.57MB/108.6MB, id=a35465a6a76a, from=null, time=null, errorDetail=null, error=null, aux=null)
21:32:25.395 [docker-java-stream--2064336329] DEBUG com.github.dockerjava.zerodep.shaded.org.apache.hc.client5.http.wire - http-outgoing-1 << "bd[\r][\n]"
21:32:25.396 [docker-java-stream--2064336329] DEBUG com.github.dockerjava.zerodep.shaded.org.apache.hc.client5.http.wire - http-outgoing-1 << "{"status":"Extracting","progressDetail":{"current":12091392,"total":29125963},"progress":"[====================\u003e                              ]  12.09MB/29.13MB","id":"af107e978371"}[\r][\n]"
21:32:25.396 [docker-java-stream--2064336329] DEBUG com.github.dockerjava.zerodep.shaded.org.apache.hc.client5.http.wire - http-outgoing-1 << "[\r][\n]"
21:32:25.396 [docker-java-stream--2064336329] DEBUG com.github.dockerjava.api.command.PullImageResultCallback - ResponseItem(stream=null, status=Extracting, progressDetail=ResponseItem.ProgressDetail(current=12091392, total=29125963, start=null), progress=[====================>                              ]  12.09MB/29.13MB, id=af107e978371, from=null, time=null, errorDetail=null, error=null, aux=null)
21:32:25.683 [docker-java-stream--2064336329] DEBUG com.github.dockerjava.zerodep.shaded.org.apache.hc.client5.http.wire - http-outgoing-1 << "bf[\r][\n]"
21:32:25.683 [docker-java-stream--2064336329] DEBUG com.github.dockerjava.zerodep.shaded.org.apache.hc.client5.http.wire - http-outgoing-1 << "{"status":"Downloading","progressDetail":{"current":60111168,"total":108571409},"progress":"[===========================\u003e                       ]  60.11MB/108.6MB","id":"a35465a6a76a"}[\r][\n]"
21:32:25.683 [docker-java-stream--2064336329] DEBUG com.github.dockerjava.zerodep.shaded.org.apache.hc.client5.http.wire - http-outgoing-1 << "[\r][\n]"
21:32:25.684 [docker-java-stream--2064336329] DEBUG com.github.dockerjava.api.command.PullImageResultCallback - ResponseItem(stream=null, status=Downloading, progressDetail=ResponseItem.ProgressDetail(current=60111168, total=108571409, start=null), progress=[===========================>                       ]  60.11MB/108.6MB, id=a35465a6a76a, from=null, time=null, errorDetail=null, error=null, aux=null)
21:32:25.915 [docker-java-stream--2064336329] DEBUG com.github.dockerjava.zerodep.shaded.org.apache.hc.client5.http.wire - http-outgoing-1 << "bd[\r][\n]"
21:32:25.915 [docker-java-stream--2064336329] DEBUG com.github.dockerjava.zerodep.shaded.org.apache.hc.client5.http.wire - http-outgoing-1 << "{"status":"Extracting","progressDetail":{"current":12386304,"total":29125963},"progress":"[=====================\u003e                             ]  12.39MB/29.13MB","id":"af107e978371"}[\r][\n]"
21:32:25.915 [docker-java-stream--2064336329] DEBUG com.github.dockerjava.zerodep.shaded.org.apache.hc.client5.http.wire - http-outgoing-1 << "[\r][\n]"
21:32:25.916 [docker-java-stream--2064336329] DEBUG com.github.dockerjava.api.command.PullImageResultCallback - ResponseItem(stream=null, status=Extracting, progressDetail=ResponseItem.ProgressDetail(current=12386304, total=29125963, start=null), progress=[=====================>                             ]  12.39MB/29.13MB, id=af107e978371, from=null, time=null, errorDetail=null, error=null, aux=null)
21:32:26.105 [docker-java-stream--2064336329] DEBUG com.github.dockerjava.zerodep.shaded.org.apache.hc.client5.http.wire - http-outgoing-1 << "bf[\r][\n]"
21:32:26.105 [docker-java-stream--2064336329] DEBUG com.github.dockerjava.zerodep.shaded.org.apache.hc.client5.http.wire - http-outgoing-1 << "{"status":"Downloading","progressDetail":{"current":60651840,"total":108571409},"progress":"[===========================\u003e                       ]  60.65MB/108.6MB","id":"a35465a6a76a"}[\r][\n]"
21:32:26.105 [docker-java-stream--2064336329] DEBUG com.github.dockerjava.zerodep.shaded.org.apache.hc.client5.http.wire - http-outgoing-1 << "[\r][\n]"
21:32:26.105 [docker-java-stream--2064336329] DEBUG com.github.dockerjava.api.command.PullImageResultCallback - ResponseItem(stream=null, status=Downloading, progressDetail=ResponseItem.ProgressDetail(current=60651840, total=108571409, start=null), progress=[===========================>                       ]  60.65MB/108.6MB, id=a35465a6a76a, from=null, time=null, errorDetail=null, error=null, aux=null)
21:32:26.506 [docker-java-stream--2064336329] DEBUG com.github.dockerjava.zerodep.shaded.org.apache.hc.client5.http.wire - http-outgoing-1 << "bf[\r][\n]"
21:32:26.507 [docker-java-stream--2064336329] DEBUG com.github.dockerjava.zerodep.shaded.org.apache.hc.client5.http.wire - http-outgoing-1 << "{"status":"Downloading","progressDetail":{"current":61192512,"total":108571409},"progress":"[============================\u003e                      ]  61.19MB/108.6MB","id":"a35465a6a76a"}[\r][\n]"
21:32:26.507 [docker-java-stream--2064336329] DEBUG com.github.dockerjava.zerodep.shaded.org.apache.hc.client5.http.wire - http-outgoing-1 << "[\r][\n]"
21:32:26.507 [docker-java-stream--2064336329] DEBUG com.github.dockerjava.api.command.PullImageResultCallback - ResponseItem(stream=null, status=Downloading, progressDetail=ResponseItem.ProgressDetail(current=61192512, total=108571409, start=null), progress=[============================>                      ]  61.19MB/108.6MB, id=a35465a6a76a, from=null, time=null, errorDetail=null, error=null, aux=null)
21:32:26.556 [docker-java-stream--2064336329] DEBUG com.github.dockerjava.zerodep.shaded.org.apache.hc.client5.http.wire - http-outgoing-1 << "bd[\r][\n]"
21:32:26.556 [docker-java-stream--2064336329] DEBUG com.github.dockerjava.zerodep.shaded.org.apache.hc.client5.http.wire - http-outgoing-1 << "{"status":"Extracting","progressDetail":{"current":12681216,"total":29125963},"progress":"[=====================\u003e                             ]  12.68MB/29.13MB","id":"af107e978371"}[\r][\n]"
21:32:26.556 [docker-java-stream--2064336329] DEBUG com.github.dockerjava.zerodep.shaded.org.apache.hc.client5.http.wire - http-outgoing-1 << "[\r][\n]"
21:32:26.556 [docker-java-stream--2064336329] DEBUG com.github.dockerjava.api.command.PullImageResultCallback - ResponseItem(stream=null, status=Extracting, progressDetail=ResponseItem.ProgressDetail(current=12681216, total=29125963, start=null), progress=[=====================>                             ]  12.68MB/29.13MB, id=af107e978371, from=null, time=null, errorDetail=null, error=null, aux=null)
21:32:26.793 [docker-java-stream--2064336329] DEBUG com.github.dockerjava.zerodep.shaded.org.apache.hc.client5.http.wire - http-outgoing-1 << "bd[\r][\n]"
21:32:26.793 [docker-java-stream--2064336329] DEBUG com.github.dockerjava.zerodep.shaded.org.apache.hc.client5.http.wire - http-outgoing-1 << "{"status":"Extracting","progressDetail":{"current":12976128,"total":29125963},"progress":"[======================\u003e                            ]  12.98MB/29.13MB","id":"af107e978371"}[\r][\n]"
21:32:26.793 [docker-java-stream--2064336329] DEBUG com.github.dockerjava.zerodep.shaded.org.apache.hc.client5.http.wire - http-outgoing-1 << "[\r][\n]"
21:32:26.793 [docker-java-stream--2064336329] DEBUG com.github.dockerjava.api.command.PullImageResultCallback - ResponseItem(stream=null, status=Extracting, progressDetail=ResponseItem.ProgressDetail(current=12976128, total=29125963, start=null), progress=[======================>                            ]  12.98MB/29.13MB, id=af107e978371, from=null, time=null, errorDetail=null, error=null, aux=null)
21:32:27.011 [docker-java-stream--2064336329] DEBUG com.github.dockerjava.zerodep.shaded.org.apache.hc.client5.http.wire - http-outgoing-1 << "bf[\r][\n]"
21:32:27.173 [docker-java-stream--2064336329] DEBUG com.github.dockerjava.zerodep.shaded.org.apache.hc.client5.http.wire - http-outgoing-1 << "{"status":"Downloading","progressDetail":{"current":62273856,"total":108571409},"progress":"[============================\u003e                      ]  62.27MB/108.6MB","id":"a35465a6a76a"}[\r][\n]"
21:32:27.173 [docker-java-stream--2064336329] DEBUG com.github.dockerjava.zerodep.shaded.org.apache.hc.client5.http.wire - http-outgoing-1 << "[\r][\n]"
21:32:27.174 [docker-java-stream--2064336329] DEBUG com.github.dockerjava.api.command.PullImageResultCallback - ResponseItem(stream=null, status=Downloading, progressDetail=ResponseItem.ProgressDetail(current=62273856, total=108571409, start=null), progress=[============================>                      ]  62.27MB/108.6MB, id=a35465a6a76a, from=null, time=null, errorDetail=null, error=null, aux=null)
21:32:27.384 [docker-java-stream--2064336329] DEBUG com.github.dockerjava.zerodep.shaded.org.apache.hc.client5.http.wire - http-outgoing-1 << "bd[\r][\n]"
21:32:27.384 [docker-java-stream--2064336329] DEBUG com.github.dockerjava.zerodep.shaded.org.apache.hc.client5.http.wire - http-outgoing-1 << "{"status":"Extracting","progressDetail":{"current":13271040,"total":29125963},"progress":"[======================\u003e                            ]  13.27MB/29.13MB","id":"af107e978371"}[\r][\n]"
21:32:27.384 [docker-java-stream--2064336329] DEBUG com.github.dockerjava.zerodep.shaded.org.apache.hc.client5.http.wire - http-outgoing-1 << "[\r][\n]"
21:32:27.384 [docker-java-stream--2064336329] DEBUG com.github.dockerjava.api.command.PullImageResultCallback - ResponseItem(stream=null, status=Extracting, progressDetail=ResponseItem.ProgressDetail(current=13271040, total=29125963, start=null), progress=[======================>                            ]  13.27MB/29.13MB, id=af107e978371, from=null, time=null, errorDetail=null, error=null, aux=null)
21:32:27.561 [docker-java-stream--2064336329] DEBUG com.github.dockerjava.zerodep.shaded.org.apache.hc.client5.http.wire - http-outgoing-1 << "bf[\r][\n]"
21:32:27.562 [docker-java-stream--2064336329] DEBUG com.github.dockerjava.zerodep.shaded.org.apache.hc.client5.http.wire - http-outgoing-1 << "{"status":"Downloading","progressDetail":{"current":62814528,"total":108571409},"progress":"[============================\u003e                      ]  62.81MB/108.6MB","id":"a35465a6a76a"}[\r][\n]"
21:32:27.562 [docker-java-stream--2064336329] DEBUG com.github.dockerjava.zerodep.shaded.org.apache.hc.client5.http.wire - http-outgoing-1 << "[\r][\n]"
21:32:27.562 [docker-java-stream--2064336329] DEBUG com.github.dockerjava.api.command.PullImageResultCallback - ResponseItem(stream=null, status=Downloading, progressDetail=ResponseItem.ProgressDetail(current=62814528, total=108571409, start=null), progress=[============================>                      ]  62.81MB/108.6MB, id=a35465a6a76a, from=null, time=null, errorDetail=null, error=null, aux=null)
21:32:28.461 [docker-java-stream--2064336329] DEBUG com.github.dockerjava.zerodep.shaded.org.apache.hc.client5.http.wire - http-outgoing-1 << "bd[\r][\n]"
21:32:28.461 [docker-java-stream--2064336329] DEBUG com.github.dockerjava.zerodep.shaded.org.apache.hc.client5.http.wire - http-outgoing-1 << "{"status":"Extracting","progressDetail":{"current":13565952,"total":29125963},"progress":"[=======================\u003e                           ]  13.57MB/29.13MB","id":"af107e978371"}[\r][\n]"
21:32:28.461 [docker-java-stream--2064336329] DEBUG com.github.dockerjava.zerodep.shaded.org.apache.hc.client5.http.wire - http-outgoing-1 << "[\r][\n]"
21:32:28.462 [docker-java-stream--2064336329] DEBUG com.github.dockerjava.api.command.PullImageResultCallback - ResponseItem(stream=null, status=Extracting, progressDetail=ResponseItem.ProgressDetail(current=13565952, total=29125963, start=null), progress=[=======================>                           ]  13.57MB/29.13MB, id=af107e978371, from=null, time=null, errorDetail=null, error=null, aux=null)
21:32:29.719 [docker-java-stream--2064336329] DEBUG com.github.dockerjava.zerodep.shaded.org.apache.hc.client5.http.wire - http-outgoing-1 << "bf[\r][\n]"
21:32:29.719 [docker-java-stream--2064336329] DEBUG com.github.dockerjava.zerodep.shaded.org.apache.hc.client5.http.wire - http-outgoing-1 << "{"status":"Downloading","progressDetail":{"current":63342912,"total":108571409},"progress":"[=============================\u003e                     ]  63.34MB/108.6MB","id":"a35465a6a76a"}[\r][\n]"
21:32:29.719 [docker-java-stream--2064336329] DEBUG com.github.dockerjava.zerodep.shaded.org.apache.hc.client5.http.wire - http-outgoing-1 << "[\r][\n]"
21:32:29.719 [docker-java-stream--2064336329] DEBUG com.github.dockerjava.api.command.PullImageResultCallback - ResponseItem(stream=null, status=Downloading, progressDetail=ResponseItem.ProgressDetail(current=63342912, total=108571409, start=null), progress=[=============================>                     ]  63.34MB/108.6MB, id=a35465a6a76a, from=null, time=null, errorDetail=null, error=null, aux=null)
21:32:30.189 [docker-java-stream--2064336329] DEBUG com.github.dockerjava.zerodep.shaded.org.apache.hc.client5.http.wire - http-outgoing-1 << "bf[\r][\n]"
21:32:30.190 [docker-java-stream--2064336329] DEBUG com.github.dockerjava.zerodep.shaded.org.apache.hc.client5.http.wire - http-outgoing-1 << "{"status":"Downloading","progressDetail":{"current":63883584,"total":108571409},"progress":"[=============================\u003e                     ]  63.88MB/108.6MB","id":"a35465a6a76a"}[\r][\n]"
21:32:30.190 [docker-java-stream--2064336329] DEBUG com.github.dockerjava.zerodep.shaded.org.apache.hc.client5.http.wire - http-outgoing-1 << "[\r][\n]"
21:32:30.190 [docker-java-stream--2064336329] DEBUG com.github.dockerjava.api.command.PullImageResultCallback - ResponseItem(stream=null, status=Downloading, progressDetail=ResponseItem.ProgressDetail(current=63883584, total=108571409, start=null), progress=[=============================>                     ]  63.88MB/108.6MB, id=a35465a6a76a, from=null, time=null, errorDetail=null, error=null, aux=null)
21:32:30.219 [docker-java-stream--2064336329] DEBUG com.github.dockerjava.zerodep.shaded.org.apache.hc.client5.http.wire - http-outgoing-1 << "bd[\r][\n]"
21:32:30.219 [docker-java-stream--2064336329] DEBUG com.github.dockerjava.zerodep.shaded.org.apache.hc.client5.http.wire - http-outgoing-1 << "{"status":"Extracting","progressDetail":{"current":13860864,"total":29125963},"progress":"[=======================\u003e                           ]  13.86MB/29.13MB","id":"af107e978371"}[\r][\n]"
21:32:30.219 [docker-java-stream--2064336329] DEBUG com.github.dockerjava.zerodep.shaded.org.apache.hc.client5.http.wire - http-outgoing-1 << "[\r][\n]"
21:32:30.219 [docker-java-stream--2064336329] DEBUG com.github.dockerjava.api.command.PullImageResultCallback - ResponseItem(stream=null, status=Extracting, progressDetail=ResponseItem.ProgressDetail(current=13860864, total=29125963, start=null), progress=[=======================>                           ]  13.86MB/29.13MB, id=af107e978371, from=null, time=null, errorDetail=null, error=null, aux=null)
21:32:30.309 [docker-java-stream--2064336329] DEBUG com.github.dockerjava.zerodep.shaded.org.apache.hc.client5.http.wire - http-outgoing-1 << "bf[\r][\n]"
21:32:30.309 [docker-java-stream--2064336329] DEBUG com.github.dockerjava.zerodep.shaded.org.apache.hc.client5.http.wire - http-outgoing-1 << "{"status":"Downloading","progressDetail":{"current":64424256,"total":108571409},"progress":"[=============================\u003e                     ]  64.42MB/108.6MB","id":"a35465a6a76a"}[\r][\n]"
21:32:30.309 [docker-java-stream--2064336329] DEBUG com.github.dockerjava.zerodep.shaded.org.apache.hc.client5.http.wire - http-outgoing-1 << "[\r][\n]"
21:32:30.309 [docker-java-stream--2064336329] DEBUG com.github.dockerjava.api.command.PullImageResultCallback - ResponseItem(stream=null, status=Downloading, progressDetail=ResponseItem.ProgressDetail(current=64424256, total=108571409, start=null), progress=[=============================>                     ]  64.42MB/108.6MB, id=a35465a6a76a, from=null, time=null, errorDetail=null, error=null, aux=null)
21:32:30.609 [docker-java-stream--2064336329] DEBUG com.github.dockerjava.zerodep.shaded.org.apache.hc.client5.http.wire - http-outgoing-1 << "bf[\r][\n]"
21:32:30.609 [docker-java-stream--2064336329] DEBUG com.github.dockerjava.zerodep.shaded.org.apache.hc.client5.http.wire - http-outgoing-1 << "{"status":"Downloading","progressDetail":{"current":64960832,"total":108571409},"progress":"[=============================\u003e                     ]  64.96MB/108.6MB","id":"a35465a6a76a"}[\r][\n]"
21:32:30.609 [docker-java-stream--2064336329] DEBUG com.github.dockerjava.zerodep.shaded.org.apache.hc.client5.http.wire - http-outgoing-1 << "[\r][\n]"
21:32:30.609 [docker-java-stream--2064336329] DEBUG com.github.dockerjava.api.command.PullImageResultCallback - ResponseItem(stream=null, status=Downloading, progressDetail=ResponseItem.ProgressDetail(current=64960832, total=108571409, start=null), progress=[=============================>                     ]  64.96MB/108.6MB, id=a35465a6a76a, from=null, time=null, errorDetail=null, error=null, aux=null)
21:32:30.807 [docker-java-stream--2064336329] DEBUG com.github.dockerjava.zerodep.shaded.org.apache.hc.client5.http.wire - http-outgoing-1 << "bd[\r][\n]"
21:32:30.807 [docker-java-stream--2064336329] DEBUG com.github.dockerjava.zerodep.shaded.org.apache.hc.client5.http.wire - http-outgoing-1 << "{"status":"Extracting","progressDetail":{"current":14155776,"total":29125963},"progress":"[========================\u003e                          ]  14.16MB/29.13MB","id":"af107e978371"}[\r][\n]"
21:32:30.807 [docker-java-stream--2064336329] DEBUG com.github.dockerjava.zerodep.shaded.org.apache.hc.client5.http.wire - http-outgoing-1 << "[\r][\n]"
21:32:30.808 [docker-java-stream--2064336329] DEBUG com.github.dockerjava.api.command.PullImageResultCallback - ResponseItem(stream=null, status=Extracting, progressDetail=ResponseItem.ProgressDetail(current=14155776, total=29125963, start=null), progress=[========================>                          ]  14.16MB/29.13MB, id=af107e978371, from=null, time=null, errorDetail=null, error=null, aux=null)
21:32:31.194 [docker-java-stream--2064336329] DEBUG com.github.dockerjava.zerodep.shaded.org.apache.hc.client5.http.wire - http-outgoing-1 << "bd[\r][\n]"
21:32:31.194 [docker-java-stream--2064336329] DEBUG com.github.dockerjava.zerodep.shaded.org.apache.hc.client5.http.wire - http-outgoing-1 << "{"status":"Extracting","progressDetail":{"current":14450688,"total":29125963},"progress":"[========================\u003e                          ]  14.45MB/29.13MB","id":"af107e978371"}[\r][\n]"
21:32:31.194 [docker-java-stream--2064336329] DEBUG com.github.dockerjava.zerodep.shaded.org.apache.hc.client5.http.wire - http-outgoing-1 << "[\r][\n]"
21:32:31.194 [docker-java-stream--2064336329] DEBUG com.github.dockerjava.api.command.PullImageResultCallback - ResponseItem(stream=null, status=Extracting, progressDetail=ResponseItem.ProgressDetail(current=14450688, total=29125963, start=null), progress=[========================>                          ]  14.45MB/29.13MB, id=af107e978371, from=null, time=null, errorDetail=null, error=null, aux=null)
21:32:31.450 [docker-java-stream--2064336329] DEBUG com.github.dockerjava.zerodep.shaded.org.apache.hc.client5.http.wire - http-outgoing-1 << "bf[\r][\n]"
21:32:31.450 [docker-java-stream--2064336329] DEBUG com.github.dockerjava.zerodep.shaded.org.apache.hc.client5.http.wire - http-outgoing-1 << "{"status":"Downloading","progressDetail":{"current":65501504,"total":108571409},"progress":"[==============================\u003e                    ]   65.5MB/108.6MB","id":"a35465a6a76a"}[\r][\n]"
21:32:31.450 [docker-java-stream--2064336329] DEBUG com.github.dockerjava.zerodep.shaded.org.apache.hc.client5.http.wire - http-outgoing-1 << "[\r][\n]"
21:32:31.451 [docker-java-stream--2064336329] DEBUG com.github.dockerjava.api.command.PullImageResultCallback - ResponseItem(stream=null, status=Downloading, progressDetail=ResponseItem.ProgressDetail(current=65501504, total=108571409, start=null), progress=[==============================>                    ]   65.5MB/108.6MB, id=a35465a6a76a, from=null, time=null, errorDetail=null, error=null, aux=null)
21:32:31.765 [docker-java-stream--2064336329] DEBUG com.github.dockerjava.zerodep.shaded.org.apache.hc.client5.http.wire - http-outgoing-1 << "bd[\r][\n]"
21:32:31.765 [docker-java-stream--2064336329] DEBUG com.github.dockerjava.zerodep.shaded.org.apache.hc.client5.http.wire - http-outgoing-1 << "{"status":"Extracting","progressDetail":{"current":14745600,"total":29125963},"progress":"[=========================\u003e                         ]  14.75MB/29.13MB","id":"af107e978371"}[\r][\n]"
21:32:31.765 [docker-java-stream--2064336329] DEBUG com.github.dockerjava.zerodep.shaded.org.apache.hc.client5.http.wire - http-outgoing-1 << "[\r][\n]"
21:32:31.766 [docker-java-stream--2064336329] DEBUG com.github.dockerjava.api.command.PullImageResultCallback - ResponseItem(stream=null, status=Extracting, progressDetail=ResponseItem.ProgressDetail(current=14745600, total=29125963, start=null), progress=[=========================>                         ]  14.75MB/29.13MB, id=af107e978371, from=null, time=null, errorDetail=null, error=null, aux=null)
21:32:31.799 [docker-java-stream--2064336329] DEBUG com.github.dockerjava.zerodep.shaded.org.apache.hc.client5.http.wire - http-outgoing-1 << "bf[\r][\n]"
21:32:31.799 [docker-java-stream--2064336329] DEBUG com.github.dockerjava.zerodep.shaded.org.apache.hc.client5.http.wire - http-outgoing-1 << "{"status":"Downloading","progressDetail":{"current":66042176,"total":108571409},"progress":"[==============================\u003e                    ]  66.04MB/108.6MB","id":"a35465a6a76a"}[\r][\n]"
21:32:31.799 [docker-java-stream--2064336329] DEBUG com.github.dockerjava.zerodep.shaded.org.apache.hc.client5.http.wire - http-outgoing-1 << "[\r][\n]"
21:32:31.799 [docker-java-stream--2064336329] DEBUG com.github.dockerjava.api.command.PullImageResultCallback - ResponseItem(stream=null, status=Downloading, progressDetail=ResponseItem.ProgressDetail(current=66042176, total=108571409, start=null), progress=[==============================>                    ]  66.04MB/108.6MB, id=a35465a6a76a, from=null, time=null, errorDetail=null, error=null, aux=null)
21:32:32.052 [docker-java-stream--2064336329] DEBUG com.github.dockerjava.zerodep.shaded.org.apache.hc.client5.http.wire - http-outgoing-1 << "bd[\r][\n]"
21:32:32.052 [docker-java-stream--2064336329] DEBUG com.github.dockerjava.zerodep.shaded.org.apache.hc.client5.http.wire - http-outgoing-1 << "{"status":"Extracting","progressDetail":{"current":15040512,"total":29125963},"progress":"[=========================\u003e                         ]  15.04MB/29.13MB","id":"af107e978371"}[\r][\n]"
21:32:32.052 [docker-java-stream--2064336329] DEBUG com.github.dockerjava.zerodep.shaded.org.apache.hc.client5.http.wire - http-outgoing-1 << "[\r][\n]"
21:32:32.052 [docker-java-stream--2064336329] DEBUG com.github.dockerjava.api.command.PullImageResultCallback - ResponseItem(stream=null, status=Extracting, progressDetail=ResponseItem.ProgressDetail(current=15040512, total=29125963, start=null), progress=[=========================>                         ]  15.04MB/29.13MB, id=af107e978371, from=null, time=null, errorDetail=null, error=null, aux=null)
21:32:32.129 [docker-java-stream--2064336329] DEBUG com.github.dockerjava.zerodep.shaded.org.apache.hc.client5.http.wire - http-outgoing-1 << "bf[\r][\n]"
21:32:32.129 [docker-java-stream--2064336329] DEBUG com.github.dockerjava.zerodep.shaded.org.apache.hc.client5.http.wire - http-outgoing-1 << "{"status":"Downloading","progressDetail":{"current":66582848,"total":108571409},"progress":"[==============================\u003e                    ]  66.58MB/108.6MB","id":"a35465a6a76a"}[\r][\n]"
21:32:32.129 [docker-java-stream--2064336329] DEBUG com.github.dockerjava.zerodep.shaded.org.apache.hc.client5.http.wire - http-outgoing-1 << "[\r][\n]"
21:32:32.130 [docker-java-stream--2064336329] DEBUG com.github.dockerjava.api.command.PullImageResultCallback - ResponseItem(stream=null, status=Downloading, progressDetail=ResponseItem.ProgressDetail(current=66582848, total=108571409, start=null), progress=[==============================>                    ]  66.58MB/108.6MB, id=a35465a6a76a, from=null, time=null, errorDetail=null, error=null, aux=null)
21:32:32.341 [docker-java-stream--2064336329] DEBUG com.github.dockerjava.zerodep.shaded.org.apache.hc.client5.http.wire - http-outgoing-1 << "bd[\r][\n]"
21:32:32.341 [docker-java-stream--2064336329] DEBUG com.github.dockerjava.zerodep.shaded.org.apache.hc.client5.http.wire - http-outgoing-1 << "{"status":"Extracting","progressDetail":{"current":15335424,"total":29125963},"progress":"[==========================\u003e                        ]  15.34MB/29.13MB","id":"af107e978371"}[\r][\n]"
21:32:32.341 [docker-java-stream--2064336329] DEBUG com.github.dockerjava.zerodep.shaded.org.apache.hc.client5.http.wire - http-outgoing-1 << "[\r][\n]"
21:32:32.341 [docker-java-stream--2064336329] DEBUG com.github.dockerjava.api.command.PullImageResultCallback - ResponseItem(stream=null, status=Extracting, progressDetail=ResponseItem.ProgressDetail(current=15335424, total=29125963, start=null), progress=[==========================>                        ]  15.34MB/29.13MB, id=af107e978371, from=null, time=null, errorDetail=null, error=null, aux=null)
21:32:32.745 [docker-java-stream--2064336329] DEBUG com.github.dockerjava.zerodep.shaded.org.apache.hc.client5.http.wire - http-outgoing-1 << "bd[\r][\n]"
21:32:32.745 [docker-java-stream--2064336329] DEBUG com.github.dockerjava.zerodep.shaded.org.apache.hc.client5.http.wire - http-outgoing-1 << "{"status":"Extracting","progressDetail":{"current":15630336,"total":29125963},"progress":"[==========================\u003e                        ]  15.63MB/29.13MB","id":"af107e978371"}[\r][\n]"
21:32:32.745 [docker-java-stream--2064336329] DEBUG com.github.dockerjava.zerodep.shaded.org.apache.hc.client5.http.wire - http-outgoing-1 << "[\r][\n]"
21:32:32.745 [docker-java-stream--2064336329] DEBUG com.github.dockerjava.api.command.PullImageResultCallback - ResponseItem(stream=null, status=Extracting, progressDetail=ResponseItem.ProgressDetail(current=15630336, total=29125963, start=null), progress=[==========================>                        ]  15.63MB/29.13MB, id=af107e978371, from=null, time=null, errorDetail=null, error=null, aux=null)
21:32:32.762 [docker-java-stream--2064336329] DEBUG com.github.dockerjava.zerodep.shaded.org.apache.hc.client5.http.wire - http-outgoing-1 << "bf[\r][\n]"
21:32:32.762 [docker-java-stream--2064336329] DEBUG com.github.dockerjava.zerodep.shaded.org.apache.hc.client5.http.wire - http-outgoing-1 << "{"status":"Downloading","progressDetail":{"current":67651904,"total":108571409},"progress":"[===============================\u003e                   ]  67.65MB/108.6MB","id":"a35465a6a76a"}[\r][\n]"
21:32:32.762 [docker-java-stream--2064336329] DEBUG com.github.dockerjava.zerodep.shaded.org.apache.hc.client5.http.wire - http-outgoing-1 << "[\r][\n]"
21:32:32.762 [docker-java-stream--2064336329] DEBUG com.github.dockerjava.api.command.PullImageResultCallback - ResponseItem(stream=null, status=Downloading, progressDetail=ResponseItem.ProgressDetail(current=67651904, total=108571409, start=null), progress=[===============================>                   ]  67.65MB/108.6MB, id=a35465a6a76a, from=null, time=null, errorDetail=null, error=null, aux=null)
21:32:33.580 [docker-java-stream--2064336329] DEBUG com.github.dockerjava.zerodep.shaded.org.apache.hc.client5.http.wire - http-outgoing-1 << "bf[\r][\n]"
21:32:33.580 [docker-java-stream--2064336329] DEBUG com.github.dockerjava.zerodep.shaded.org.apache.hc.client5.http.wire - http-outgoing-1 << "{"status":"Downloading","progressDetail":{"current":68192576,"total":108571409},"progress":"[===============================\u003e                   ]  68.19MB/108.6MB","id":"a35465a6a76a"}[\r][\n]"
21:32:33.580 [docker-java-stream--2064336329] DEBUG com.github.dockerjava.zerodep.shaded.org.apache.hc.client5.http.wire - http-outgoing-1 << "[\r][\n]"
21:32:33.580 [docker-java-stream--2064336329] DEBUG com.github.dockerjava.api.command.PullImageResultCallback - ResponseItem(stream=null, status=Downloading, progressDetail=ResponseItem.ProgressDetail(current=68192576, total=108571409, start=null), progress=[===============================>                   ]  68.19MB/108.6MB, id=a35465a6a76a, from=null, time=null, errorDetail=null, error=null, aux=null)
21:32:34.143 [docker-java-stream--2064336329] DEBUG com.github.dockerjava.zerodep.shaded.org.apache.hc.client5.http.wire - http-outgoing-1 << "bd[\r][\n]"
21:32:34.143 [docker-java-stream--2064336329] DEBUG com.github.dockerjava.zerodep.shaded.org.apache.hc.client5.http.wire - http-outgoing-1 << "{"status":"Extracting","progressDetail":{"current":15925248,"total":29125963},"progress":"[===========================\u003e                       ]  15.93MB/29.13MB","id":"af107e978371"}[\r][\n]"
21:32:34.143 [docker-java-stream--2064336329] DEBUG com.github.dockerjava.zerodep.shaded.org.apache.hc.client5.http.wire - http-outgoing-1 << "[\r][\n]"
21:32:34.144 [docker-java-stream--2064336329] DEBUG com.github.dockerjava.api.command.PullImageResultCallback - ResponseItem(stream=null, status=Extracting, progressDetail=ResponseItem.ProgressDetail(current=15925248, total=29125963, start=null), progress=[===========================>                       ]  15.93MB/29.13MB, id=af107e978371, from=null, time=null, errorDetail=null, error=null, aux=null)
21:32:35.858 [docker-java-stream--2064336329] DEBUG com.github.dockerjava.zerodep.shaded.org.apache.hc.client5.http.wire - http-outgoing-1 << "bf[\r][\n]"
21:32:35.859 [docker-java-stream--2064336329] DEBUG com.github.dockerjava.zerodep.shaded.org.apache.hc.client5.http.wire - http-outgoing-1 << "{"status":"Downloading","progressDetail":{"current":68725056,"total":108571409},"progress":"[===============================\u003e                   ]  68.73MB/108.6MB","id":"a35465a6a76a"}[\r][\n]"
21:32:35.859 [docker-java-stream--2064336329] DEBUG com.github.dockerjava.zerodep.shaded.org.apache.hc.client5.http.wire - http-outgoing-1 << "[\r][\n]"
21:32:35.859 [docker-java-stream--2064336329] DEBUG com.github.dockerjava.api.command.PullImageResultCallback - ResponseItem(stream=null, status=Downloading, progressDetail=ResponseItem.ProgressDetail(current=68725056, total=108571409, start=null), progress=[===============================>                   ]  68.73MB/108.6MB, id=a35465a6a76a, from=null, time=null, errorDetail=null, error=null, aux=null)
21:32:37.140 [docker-java-stream--2064336329] DEBUG com.github.dockerjava.zerodep.shaded.org.apache.hc.client5.http.wire - http-outgoing-1 << "bf[\r][\n]"
21:32:37.141 [docker-java-stream--2064336329] DEBUG com.github.dockerjava.zerodep.shaded.org.apache.hc.client5.http.wire - http-outgoing-1 << "{"status":"Downloading","progressDetail":{"current":69253440,"total":108571409},"progress":"[===============================\u003e                   ]  69.25MB/108.6MB","id":"a35465a6a76a"}[\r][\n]"
21:32:37.141 [docker-java-stream--2064336329] DEBUG com.github.dockerjava.zerodep.shaded.org.apache.hc.client5.http.wire - http-outgoing-1 << "[\r][\n]"
21:32:37.141 [docker-java-stream--2064336329] DEBUG com.github.dockerjava.api.command.PullImageResultCallback - ResponseItem(stream=null, status=Downloading, progressDetail=ResponseItem.ProgressDetail(current=69253440, total=108571409, start=null), progress=[===============================>                   ]  69.25MB/108.6MB, id=a35465a6a76a, from=null, time=null, errorDetail=null, error=null, aux=null)
21:32:37.583 [docker-java-stream--2064336329] DEBUG com.github.dockerjava.zerodep.shaded.org.apache.hc.client5.http.wire - http-outgoing-1 << "bd[\r][\n]"
21:32:37.583 [docker-java-stream--2064336329] DEBUG com.github.dockerjava.zerodep.shaded.org.apache.hc.client5.http.wire - http-outgoing-1 << "{"status":"Extracting","progressDetail":{"current":16220160,"total":29125963},"progress":"[===========================\u003e                       ]  16.22MB/29.13MB","id":"af107e978371"}[\r][\n]"
21:32:37.583 [docker-java-stream--2064336329] DEBUG com.github.dockerjava.zerodep.shaded.org.apache.hc.client5.http.wire - http-outgoing-1 << "[\r][\n]"
21:32:37.583 [docker-java-stream--2064336329] DEBUG com.github.dockerjava.api.command.PullImageResultCallback - ResponseItem(stream=null, status=Extracting, progressDetail=ResponseItem.ProgressDetail(current=16220160, total=29125963, start=null), progress=[===========================>                       ]  16.22MB/29.13MB, id=af107e978371, from=null, time=null, errorDetail=null, error=null, aux=null)
21:32:38.023 [docker-java-stream--2064336329] DEBUG com.github.dockerjava.zerodep.shaded.org.apache.hc.client5.http.wire - http-outgoing-1 << "bf[\r][\n]"
21:32:38.038 [docker-java-stream--2064336329] DEBUG com.github.dockerjava.zerodep.shaded.org.apache.hc.client5.http.wire - http-outgoing-1 << "{"status":"Downloading","progressDetail":{"current":69794112,"total":108571409},"progress":"[================================\u003e                  ]  69.79MB/108.6MB","id":"a35465a6a76a"}[\r][\n]"
21:32:38.038 [docker-java-stream--2064336329] DEBUG com.github.dockerjava.zerodep.shaded.org.apache.hc.client5.http.wire - http-outgoing-1 << "[\r][\n]"
21:32:38.038 [docker-java-stream--2064336329] DEBUG com.github.dockerjava.api.command.PullImageResultCallback - ResponseItem(stream=null, status=Downloading, progressDetail=ResponseItem.ProgressDetail(current=69794112, total=108571409, start=null), progress=[================================>                  ]  69.79MB/108.6MB, id=a35465a6a76a, from=null, time=null, errorDetail=null, error=null, aux=null)
21:32:38.828 [docker-java-stream--2064336329] DEBUG com.github.dockerjava.zerodep.shaded.org.apache.hc.client5.http.wire - http-outgoing-1 << "bf[\r][\n]"
21:32:38.828 [docker-java-stream--2064336329] DEBUG com.github.dockerjava.zerodep.shaded.org.apache.hc.client5.http.wire - http-outgoing-1 << "{"status":"Downloading","progressDetail":{"current":70334784,"total":108571409},"progress":"[================================\u003e                  ]  70.33MB/108.6MB","id":"a35465a6a76a"}[\r][\n]"
21:32:38.828 [docker-java-stream--2064336329] DEBUG com.github.dockerjava.zerodep.shaded.org.apache.hc.client5.http.wire - http-outgoing-1 << "[\r][\n]"
21:32:38.829 [docker-java-stream--2064336329] DEBUG com.github.dockerjava.api.command.PullImageResultCallback - ResponseItem(stream=null, status=Downloading, progressDetail=ResponseItem.ProgressDetail(current=70334784, total=108571409, start=null), progress=[================================>                  ]  70.33MB/108.6MB, id=a35465a6a76a, from=null, time=null, errorDetail=null, error=null, aux=null)
21:32:39.236 [docker-java-stream--2064336329] DEBUG com.github.dockerjava.zerodep.shaded.org.apache.hc.client5.http.wire - http-outgoing-1 << "bf[\r][\n]"
21:32:39.236 [docker-java-stream--2064336329] DEBUG com.github.dockerjava.zerodep.shaded.org.apache.hc.client5.http.wire - http-outgoing-1 << "{"status":"Downloading","progressDetail":{"current":70875456,"total":108571409},"progress":"[================================\u003e                  ]  70.88MB/108.6MB","id":"a35465a6a76a"}[\r][\n]"
21:32:39.237 [docker-java-stream--2064336329] DEBUG com.github.dockerjava.zerodep.shaded.org.apache.hc.client5.http.wire - http-outgoing-1 << "[\r][\n]"
21:32:39.238 [docker-java-stream--2064336329] DEBUG com.github.dockerjava.api.command.PullImageResultCallback - ResponseItem(stream=null, status=Downloading, progressDetail=ResponseItem.ProgressDetail(current=70875456, total=108571409, start=null), progress=[================================>                  ]  70.88MB/108.6MB, id=a35465a6a76a, from=null, time=null, errorDetail=null, error=null, aux=null)
21:32:39.243 [docker-java-stream--2064336329] DEBUG com.github.dockerjava.zerodep.shaded.org.apache.hc.client5.http.wire - http-outgoing-1 << "bd[\r][\n]"
21:32:39.244 [docker-java-stream--2064336329] DEBUG com.github.dockerjava.zerodep.shaded.org.apache.hc.client5.http.wire - http-outgoing-1 << "{"status":"Extracting","progressDetail":{"current":16515072,"total":29125963},"progress":"[============================\u003e                      ]  16.52MB/29.13MB","id":"af107e978371"}[\r][\n]"
21:32:39.244 [docker-java-stream--2064336329] DEBUG com.github.dockerjava.zerodep.shaded.org.apache.hc.client5.http.wire - http-outgoing-1 << "[\r][\n]"
21:32:39.244 [docker-java-stream--2064336329] DEBUG com.github.dockerjava.api.command.PullImageResultCallback - ResponseItem(stream=null, status=Extracting, progressDetail=ResponseItem.ProgressDetail(current=16515072, total=29125963, start=null), progress=[============================>                      ]  16.52MB/29.13MB, id=af107e978371, from=null, time=null, errorDetail=null, error=null, aux=null)
21:32:40.066 [docker-java-stream--2064336329] DEBUG com.github.dockerjava.zerodep.shaded.org.apache.hc.client5.http.wire - http-outgoing-1 << "bf[\r][\n]"
21:32:40.066 [docker-java-stream--2064336329] DEBUG com.github.dockerjava.zerodep.shaded.org.apache.hc.client5.http.wire - http-outgoing-1 << "{"status":"Downloading","progressDetail":{"current":71416128,"total":108571409},"progress":"[================================\u003e                  ]  71.42MB/108.6MB","id":"a35465a6a76a"}[\r][\n]"
21:32:40.066 [docker-java-stream--2064336329] DEBUG com.github.dockerjava.zerodep.shaded.org.apache.hc.client5.http.wire - http-outgoing-1 << "[\r][\n]"
21:32:40.067 [docker-java-stream--2064336329] DEBUG com.github.dockerjava.api.command.PullImageResultCallback - ResponseItem(stream=null, status=Downloading, progressDetail=ResponseItem.ProgressDetail(current=71416128, total=108571409, start=null), progress=[================================>                  ]  71.42MB/108.6MB, id=a35465a6a76a, from=null, time=null, errorDetail=null, error=null, aux=null)
21:32:40.737 [docker-java-stream--2064336329] DEBUG com.github.dockerjava.zerodep.shaded.org.apache.hc.client5.http.wire - http-outgoing-1 << "bd[\r][\n]"
21:32:40.737 [docker-java-stream--2064336329] DEBUG com.github.dockerjava.zerodep.shaded.org.apache.hc.client5.http.wire - http-outgoing-1 << "{"status":"Extracting","progressDetail":{"current":16809984,"total":29125963},"progress":"[============================\u003e                      ]  16.81MB/29.13MB","id":"af107e978371"}[\r][\n]"
21:32:40.737 [docker-java-stream--2064336329] DEBUG com.github.dockerjava.zerodep.shaded.org.apache.hc.client5.http.wire - http-outgoing-1 << "[\r][\n]"
21:32:40.737 [docker-java-stream--2064336329] DEBUG com.github.dockerjava.api.command.PullImageResultCallback - ResponseItem(stream=null, status=Extracting, progressDetail=ResponseItem.ProgressDetail(current=16809984, total=29125963, start=null), progress=[============================>                      ]  16.81MB/29.13MB, id=af107e978371, from=null, time=null, errorDetail=null, error=null, aux=null)
21:32:40.959 [docker-java-stream--2064336329] DEBUG com.github.dockerjava.zerodep.shaded.org.apache.hc.client5.http.wire - http-outgoing-1 << "bf[\r][\n]"
21:32:40.959 [docker-java-stream--2064336329] DEBUG com.github.dockerjava.zerodep.shaded.org.apache.hc.client5.http.wire - http-outgoing-1 << "{"status":"Downloading","progressDetail":{"current":71952704,"total":108571409},"progress":"[=================================\u003e                 ]  71.95MB/108.6MB","id":"a35465a6a76a"}[\r][\n]"
21:32:40.959 [docker-java-stream--2064336329] DEBUG com.github.dockerjava.zerodep.shaded.org.apache.hc.client5.http.wire - http-outgoing-1 << "[\r][\n]"
21:32:40.970 [docker-java-stream--2064336329] DEBUG com.github.dockerjava.api.command.PullImageResultCallback - ResponseItem(stream=null, status=Downloading, progressDetail=ResponseItem.ProgressDetail(current=71952704, total=108571409, start=null), progress=[=================================>                 ]  71.95MB/108.6MB, id=a35465a6a76a, from=null, time=null, errorDetail=null, error=null, aux=null)
21:32:41.927 [docker-java-stream--2064336329] DEBUG com.github.dockerjava.zerodep.shaded.org.apache.hc.client5.http.wire - http-outgoing-1 << "bd[\r][\n]"
21:32:41.928 [docker-java-stream--2064336329] DEBUG com.github.dockerjava.zerodep.shaded.org.apache.hc.client5.http.wire - http-outgoing-1 << "{"status":"Extracting","progressDetail":{"current":17104896,"total":29125963},"progress":"[=============================\u003e                     ]   17.1MB/29.13MB","id":"af107e978371"}[\r][\n]"
21:32:41.928 [docker-java-stream--2064336329] DEBUG com.github.dockerjava.zerodep.shaded.org.apache.hc.client5.http.wire - http-outgoing-1 << "[\r][\n]"
21:32:41.929 [docker-java-stream--2064336329] DEBUG com.github.dockerjava.api.command.PullImageResultCallback - ResponseItem(stream=null, status=Extracting, progressDetail=ResponseItem.ProgressDetail(current=17104896, total=29125963, start=null), progress=[=============================>                     ]   17.1MB/29.13MB, id=af107e978371, from=null, time=null, errorDetail=null, error=null, aux=null)
21:32:42.049 [docker-java-stream--2064336329] DEBUG com.github.dockerjava.zerodep.shaded.org.apache.hc.client5.http.wire - http-outgoing-1 << "bf[\r][\n]"
21:32:42.049 [docker-java-stream--2064336329] DEBUG com.github.dockerjava.zerodep.shaded.org.apache.hc.client5.http.wire - http-outgoing-1 << "{"status":"Downloading","progressDetail":{"current":72493376,"total":108571409},"progress":"[=================================\u003e                 ]  72.49MB/108.6MB","id":"a35465a6a76a"}[\r][\n]"
21:32:42.049 [docker-java-stream--2064336329] DEBUG com.github.dockerjava.zerodep.shaded.org.apache.hc.client5.http.wire - http-outgoing-1 << "[\r][\n]"
21:32:42.049 [docker-java-stream--2064336329] DEBUG com.github.dockerjava.api.command.PullImageResultCallback - ResponseItem(stream=null, status=Downloading, progressDetail=ResponseItem.ProgressDetail(current=72493376, total=108571409, start=null), progress=[=================================>                 ]  72.49MB/108.6MB, id=a35465a6a76a, from=null, time=null, errorDetail=null, error=null, aux=null)
21:32:42.959 [docker-java-stream--2064336329] DEBUG com.github.dockerjava.zerodep.shaded.org.apache.hc.client5.http.wire - http-outgoing-1 << "bd[\r][\n]"
21:32:42.959 [docker-java-stream--2064336329] DEBUG com.github.dockerjava.zerodep.shaded.org.apache.hc.client5.http.wire - http-outgoing-1 << "{"status":"Extracting","progressDetail":{"current":17399808,"total":29125963},"progress":"[=============================\u003e                     ]   17.4MB/29.13MB","id":"af107e978371"}[\r][\n]"
21:32:42.960 [docker-java-stream--2064336329] DEBUG com.github.dockerjava.zerodep.shaded.org.apache.hc.client5.http.wire - http-outgoing-1 << "[\r][\n]"
21:32:42.960 [docker-java-stream--2064336329] DEBUG com.github.dockerjava.api.command.PullImageResultCallback - ResponseItem(stream=null, status=Extracting, progressDetail=ResponseItem.ProgressDetail(current=17399808, total=29125963, start=null), progress=[=============================>                     ]   17.4MB/29.13MB, id=af107e978371, from=null, time=null, errorDetail=null, error=null, aux=null)
21:32:43.000 [docker-java-stream--2064336329] DEBUG com.github.dockerjava.zerodep.shaded.org.apache.hc.client5.http.wire - http-outgoing-1 << "bf[\r][\n]"
21:32:43.000 [docker-java-stream--2064336329] DEBUG com.github.dockerjava.zerodep.shaded.org.apache.hc.client5.http.wire - http-outgoing-1 << "{"status":"Downloading","progressDetail":{"current":73034048,"total":108571409},"progress":"[=================================\u003e                 ]  73.03MB/108.6MB","id":"a35465a6a76a"}[\r][\n]"
21:32:43.000 [docker-java-stream--2064336329] DEBUG com.github.dockerjava.zerodep.shaded.org.apache.hc.client5.http.wire - http-outgoing-1 << "[\r][\n]"
21:32:43.000 [docker-java-stream--2064336329] DEBUG com.github.dockerjava.api.command.PullImageResultCallback - ResponseItem(stream=null, status=Downloading, progressDetail=ResponseItem.ProgressDetail(current=73034048, total=108571409, start=null), progress=[=================================>                 ]  73.03MB/108.6MB, id=a35465a6a76a, from=null, time=null, errorDetail=null, error=null, aux=null)
21:32:43.276 [docker-java-stream--2064336329] DEBUG com.github.dockerjava.zerodep.shaded.org.apache.hc.client5.http.wire - http-outgoing-1 << "bd[\r][\n]"
21:32:43.276 [docker-java-stream--2064336329] DEBUG com.github.dockerjava.zerodep.shaded.org.apache.hc.client5.http.wire - http-outgoing-1 << "{"status":"Extracting","progressDetail":{"current":17694720,"total":29125963},"progress":"[==============================\u003e                    ]  17.69MB/29.13MB","id":"af107e978371"}[\r][\n]"
21:32:43.276 [docker-java-stream--2064336329] DEBUG com.github.dockerjava.zerodep.shaded.org.apache.hc.client5.http.wire - http-outgoing-1 << "[\r][\n]"
21:32:43.277 [docker-java-stream--2064336329] DEBUG com.github.dockerjava.api.command.PullImageResultCallback - ResponseItem(stream=null, status=Extracting, progressDetail=ResponseItem.ProgressDetail(current=17694720, total=29125963, start=null), progress=[==============================>                    ]  17.69MB/29.13MB, id=af107e978371, from=null, time=null, errorDetail=null, error=null, aux=null)
21:32:43.514 [docker-java-stream--2064336329] DEBUG com.github.dockerjava.zerodep.shaded.org.apache.hc.client5.http.wire - http-outgoing-1 << "bd[\r][\n]"
21:32:43.514 [docker-java-stream--2064336329] DEBUG com.github.dockerjava.zerodep.shaded.org.apache.hc.client5.http.wire - http-outgoing-1 << "{"status":"Extracting","progressDetail":{"current":17989632,"total":29125963},"progress":"[==============================\u003e                    ]  17.99MB/29.13MB","id":"af107e978371"}[\r][\n]"
21:32:43.515 [docker-java-stream--2064336329] DEBUG com.github.dockerjava.zerodep.shaded.org.apache.hc.client5.http.wire - http-outgoing-1 << "[\r][\n]"
21:32:43.515 [docker-java-stream--2064336329] DEBUG com.github.dockerjava.api.command.PullImageResultCallback - ResponseItem(stream=null, status=Extracting, progressDetail=ResponseItem.ProgressDetail(current=17989632, total=29125963, start=null), progress=[==============================>                    ]  17.99MB/29.13MB, id=af107e978371, from=null, time=null, errorDetail=null, error=null, aux=null)
21:32:43.607 [docker-java-stream--2064336329] DEBUG com.github.dockerjava.zerodep.shaded.org.apache.hc.client5.http.wire - http-outgoing-1 << "bf[\r][\n]"
21:32:43.607 [docker-java-stream--2064336329] DEBUG com.github.dockerjava.zerodep.shaded.org.apache.hc.client5.http.wire - http-outgoing-1 << "{"status":"Downloading","progressDetail":{"current":73574720,"total":108571409},"progress":"[=================================\u003e                 ]  73.57MB/108.6MB","id":"a35465a6a76a"}[\r][\n]"
21:32:43.607 [docker-java-stream--2064336329] DEBUG com.github.dockerjava.zerodep.shaded.org.apache.hc.client5.http.wire - http-outgoing-1 << "[\r][\n]"
21:32:43.607 [docker-java-stream--2064336329] DEBUG com.github.dockerjava.api.command.PullImageResultCallback - ResponseItem(stream=null, status=Downloading, progressDetail=ResponseItem.ProgressDetail(current=73574720, total=108571409, start=null), progress=[=================================>                 ]  73.57MB/108.6MB, id=a35465a6a76a, from=null, time=null, errorDetail=null, error=null, aux=null)
21:32:43.762 [docker-java-stream--2064336329] DEBUG com.github.dockerjava.zerodep.shaded.org.apache.hc.client5.http.wire - http-outgoing-1 << "bf[\r][\n]"
21:32:43.762 [docker-java-stream--2064336329] DEBUG com.github.dockerjava.zerodep.shaded.org.apache.hc.client5.http.wire - http-outgoing-1 << "{"status":"Downloading","progressDetail":{"current":74115392,"total":108571409},"progress":"[==================================\u003e                ]  74.12MB/108.6MB","id":"a35465a6a76a"}[\r][\n]"
21:32:43.762 [docker-java-stream--2064336329] DEBUG com.github.dockerjava.zerodep.shaded.org.apache.hc.client5.http.wire - http-outgoing-1 << "[\r][\n]"
21:32:43.763 [docker-java-stream--2064336329] DEBUG com.github.dockerjava.api.command.PullImageResultCallback - ResponseItem(stream=null, status=Downloading, progressDetail=ResponseItem.ProgressDetail(current=74115392, total=108571409, start=null), progress=[==================================>                ]  74.12MB/108.6MB, id=a35465a6a76a, from=null, time=null, errorDetail=null, error=null, aux=null)
21:32:43.810 [docker-java-stream--2064336329] DEBUG com.github.dockerjava.zerodep.shaded.org.apache.hc.client5.http.wire - http-outgoing-1 << "bd[\r][\n]"
21:32:43.810 [docker-java-stream--2064336329] DEBUG com.github.dockerjava.zerodep.shaded.org.apache.hc.client5.http.wire - http-outgoing-1 << "{"status":"Extracting","progressDetail":{"current":18284544,"total":29125963},"progress":"[===============================\u003e                   ]  18.28MB/29.13MB","id":"af107e978371"}[\r][\n]"
21:32:43.810 [docker-java-stream--2064336329] DEBUG com.github.dockerjava.zerodep.shaded.org.apache.hc.client5.http.wire - http-outgoing-1 << "[\r][\n]"
21:32:43.810 [docker-java-stream--2064336329] DEBUG com.github.dockerjava.api.command.PullImageResultCallback - ResponseItem(stream=null, status=Extracting, progressDetail=ResponseItem.ProgressDetail(current=18284544, total=29125963, start=null), progress=[===============================>                   ]  18.28MB/29.13MB, id=af107e978371, from=null, time=null, errorDetail=null, error=null, aux=null)
21:32:43.939 [docker-java-stream--2064336329] DEBUG com.github.dockerjava.zerodep.shaded.org.apache.hc.client5.http.wire - http-outgoing-1 << "bf[\r][\n]"
21:32:43.940 [docker-java-stream--2064336329] DEBUG com.github.dockerjava.zerodep.shaded.org.apache.hc.client5.http.wire - http-outgoing-1 << "{"status":"Downloading","progressDetail":{"current":74656064,"total":108571409},"progress":"[==================================\u003e                ]  74.66MB/108.6MB","id":"a35465a6a76a"}[\r][\n]"
21:32:43.940 [docker-java-stream--2064336329] DEBUG com.github.dockerjava.zerodep.shaded.org.apache.hc.client5.http.wire - http-outgoing-1 << "[\r][\n]"
21:32:43.940 [docker-java-stream--2064336329] DEBUG com.github.dockerjava.api.command.PullImageResultCallback - ResponseItem(stream=null, status=Downloading, progressDetail=ResponseItem.ProgressDetail(current=74656064, total=108571409, start=null), progress=[==================================>                ]  74.66MB/108.6MB, id=a35465a6a76a, from=null, time=null, errorDetail=null, error=null, aux=null)
21:32:44.099 [docker-java-stream--2064336329] DEBUG com.github.dockerjava.zerodep.shaded.org.apache.hc.client5.http.wire - http-outgoing-1 << "bd[\r][\n]"
21:32:44.099 [docker-java-stream--2064336329] DEBUG com.github.dockerjava.zerodep.shaded.org.apache.hc.client5.http.wire - http-outgoing-1 << "{"status":"Extracting","progressDetail":{"current":18579456,"total":29125963},"progress":"[===============================\u003e                   ]  18.58MB/29.13MB","id":"af107e978371"}[\r][\n]"
21:32:44.099 [docker-java-stream--2064336329] DEBUG com.github.dockerjava.zerodep.shaded.org.apache.hc.client5.http.wire - http-outgoing-1 << "[\r][\n]"
21:32:44.100 [docker-java-stream--2064336329] DEBUG com.github.dockerjava.api.command.PullImageResultCallback - ResponseItem(stream=null, status=Extracting, progressDetail=ResponseItem.ProgressDetail(current=18579456, total=29125963, start=null), progress=[===============================>                   ]  18.58MB/29.13MB, id=af107e978371, from=null, time=null, errorDetail=null, error=null, aux=null)
21:32:44.395 [docker-java-stream--2064336329] DEBUG com.github.dockerjava.zerodep.shaded.org.apache.hc.client5.http.wire - http-outgoing-1 << "bf[\r][\n]"
21:32:44.395 [docker-java-stream--2064336329] DEBUG com.github.dockerjava.zerodep.shaded.org.apache.hc.client5.http.wire - http-outgoing-1 << "{"status":"Downloading","progressDetail":{"current":75725120,"total":108571409},"progress":"[==================================\u003e                ]  75.73MB/108.6MB","id":"a35465a6a76a"}[\r][\n]"
21:32:44.395 [docker-java-stream--2064336329] DEBUG com.github.dockerjava.zerodep.shaded.org.apache.hc.client5.http.wire - http-outgoing-1 << "[\r][\n]"
21:32:44.395 [docker-java-stream--2064336329] DEBUG com.github.dockerjava.api.command.PullImageResultCallback - ResponseItem(stream=null, status=Downloading, progressDetail=ResponseItem.ProgressDetail(current=75725120, total=108571409, start=null), progress=[==================================>                ]  75.73MB/108.6MB, id=a35465a6a76a, from=null, time=null, errorDetail=null, error=null, aux=null)
21:32:45.237 [docker-java-stream--2064336329] DEBUG com.github.dockerjava.zerodep.shaded.org.apache.hc.client5.http.wire - http-outgoing-1 << "bd[\r][\n]"
21:32:45.237 [docker-java-stream--2064336329] DEBUG com.github.dockerjava.zerodep.shaded.org.apache.hc.client5.http.wire - http-outgoing-1 << "{"status":"Extracting","progressDetail":{"current":18874368,"total":29125963},"progress":"[================================\u003e                  ]  18.87MB/29.13MB","id":"af107e978371"}[\r][\n]"
21:32:45.237 [docker-java-stream--2064336329] DEBUG com.github.dockerjava.zerodep.shaded.org.apache.hc.client5.http.wire - http-outgoing-1 << "[\r][\n]"
21:32:45.239 [docker-java-stream--2064336329] DEBUG com.github.dockerjava.api.command.PullImageResultCallback - ResponseItem(stream=null, status=Extracting, progressDetail=ResponseItem.ProgressDetail(current=18874368, total=29125963, start=null), progress=[================================>                  ]  18.87MB/29.13MB, id=af107e978371, from=null, time=null, errorDetail=null, error=null, aux=null)
21:32:46.091 [docker-java-stream--2064336329] DEBUG com.github.dockerjava.zerodep.shaded.org.apache.hc.client5.http.wire - http-outgoing-1 << "bd[\r][\n]"
21:32:46.091 [docker-java-stream--2064336329] DEBUG com.github.dockerjava.zerodep.shaded.org.apache.hc.client5.http.wire - http-outgoing-1 << "{"status":"Extracting","progressDetail":{"current":19169280,"total":29125963},"progress":"[================================\u003e                  ]  19.17MB/29.13MB","id":"af107e978371"}[\r][\n]"
21:32:46.091 [docker-java-stream--2064336329] DEBUG com.github.dockerjava.zerodep.shaded.org.apache.hc.client5.http.wire - http-outgoing-1 << "[\r][\n]"
21:32:46.092 [docker-java-stream--2064336329] DEBUG com.github.dockerjava.api.command.PullImageResultCallback - ResponseItem(stream=null, status=Extracting, progressDetail=ResponseItem.ProgressDetail(current=19169280, total=29125963, start=null), progress=[================================>                  ]  19.17MB/29.13MB, id=af107e978371, from=null, time=null, errorDetail=null, error=null, aux=null)
21:32:46.223 [docker-java-stream--2064336329] DEBUG com.github.dockerjava.zerodep.shaded.org.apache.hc.client5.http.wire - http-outgoing-1 << "bf[\r][\n]"
21:32:46.223 [docker-java-stream--2064336329] DEBUG com.github.dockerjava.zerodep.shaded.org.apache.hc.client5.http.wire - http-outgoing-1 << "{"status":"Downloading","progressDetail":{"current":76261696,"total":108571409},"progress":"[===================================\u003e               ]  76.26MB/108.6MB","id":"a35465a6a76a"}[\r][\n]"
21:32:46.223 [docker-java-stream--2064336329] DEBUG com.github.dockerjava.zerodep.shaded.org.apache.hc.client5.http.wire - http-outgoing-1 << "[\r][\n]"
21:32:46.224 [docker-java-stream--2064336329] DEBUG com.github.dockerjava.api.command.PullImageResultCallback - ResponseItem(stream=null, status=Downloading, progressDetail=ResponseItem.ProgressDetail(current=76261696, total=108571409, start=null), progress=[===================================>               ]  76.26MB/108.6MB, id=a35465a6a76a, from=null, time=null, errorDetail=null, error=null, aux=null)
21:32:46.474 [docker-java-stream--2064336329] DEBUG com.github.dockerjava.zerodep.shaded.org.apache.hc.client5.http.wire - http-outgoing-1 << "bd[\r][\n]"
21:32:46.474 [docker-java-stream--2064336329] DEBUG com.github.dockerjava.zerodep.shaded.org.apache.hc.client5.http.wire - http-outgoing-1 << "{"status":"Extracting","progressDetail":{"current":19759104,"total":29125963},"progress":"[=================================\u003e                 ]  19.76MB/29.13MB","id":"af107e978371"}[\r][\n]"
21:32:46.474 [docker-java-stream--2064336329] DEBUG com.github.dockerjava.zerodep.shaded.org.apache.hc.client5.http.wire - http-outgoing-1 << "[\r][\n]"
21:32:46.475 [docker-java-stream--2064336329] DEBUG com.github.dockerjava.api.command.PullImageResultCallback - ResponseItem(stream=null, status=Extracting, progressDetail=ResponseItem.ProgressDetail(current=19759104, total=29125963, start=null), progress=[=================================>                 ]  19.76MB/29.13MB, id=af107e978371, from=null, time=null, errorDetail=null, error=null, aux=null)
21:32:46.574 [docker-java-stream--2064336329] DEBUG com.github.dockerjava.zerodep.shaded.org.apache.hc.client5.http.wire - http-outgoing-1 << "bf[\r][\n]"
21:32:46.574 [docker-java-stream--2064336329] DEBUG com.github.dockerjava.zerodep.shaded.org.apache.hc.client5.http.wire - http-outgoing-1 << "{"status":"Downloading","progressDetail":{"current":76802368,"total":108571409},"progress":"[===================================\u003e               ]   76.8MB/108.6MB","id":"a35465a6a76a"}[\r][\n]"
21:32:46.574 [docker-java-stream--2064336329] DEBUG com.github.dockerjava.zerodep.shaded.org.apache.hc.client5.http.wire - http-outgoing-1 << "[\r][\n]"
21:32:46.574 [docker-java-stream--2064336329] DEBUG com.github.dockerjava.api.command.PullImageResultCallback - ResponseItem(stream=null, status=Downloading, progressDetail=ResponseItem.ProgressDetail(current=76802368, total=108571409, start=null), progress=[===================================>               ]   76.8MB/108.6MB, id=a35465a6a76a, from=null, time=null, errorDetail=null, error=null, aux=null)
21:32:46.642 [docker-java-stream--2064336329] DEBUG com.github.dockerjava.zerodep.shaded.org.apache.hc.client5.http.wire - http-outgoing-1 << "bf[\r][\n]"
21:32:46.642 [docker-java-stream--2064336329] DEBUG com.github.dockerjava.zerodep.shaded.org.apache.hc.client5.http.wire - http-outgoing-1 << "{"status":"Downloading","progressDetail":{"current":77343040,"total":108571409},"progress":"[===================================\u003e               ]  77.34MB/108.6MB","id":"a35465a6a76a"}[\r][\n]"
21:32:46.642 [docker-java-stream--2064336329] DEBUG com.github.dockerjava.zerodep.shaded.org.apache.hc.client5.http.wire - http-outgoing-1 << "[\r][\n]"
21:32:46.642 [docker-java-stream--2064336329] DEBUG com.github.dockerjava.api.command.PullImageResultCallback - ResponseItem(stream=null, status=Downloading, progressDetail=ResponseItem.ProgressDetail(current=77343040, total=108571409, start=null), progress=[===================================>               ]  77.34MB/108.6MB, id=a35465a6a76a, from=null, time=null, errorDetail=null, error=null, aux=null)
21:32:46.795 [docker-java-stream--2064336329] DEBUG com.github.dockerjava.zerodep.shaded.org.apache.hc.client5.http.wire - http-outgoing-1 << "bf[\r][\n]"
21:32:46.796 [docker-java-stream--2064336329] DEBUG com.github.dockerjava.zerodep.shaded.org.apache.hc.client5.http.wire - http-outgoing-1 << "{"status":"Downloading","progressDetail":{"current":77883712,"total":108571409},"progress":"[===================================\u003e               ]  77.88MB/108.6MB","id":"a35465a6a76a"}[\r][\n]"
21:32:46.796 [docker-java-stream--2064336329] DEBUG com.github.dockerjava.zerodep.shaded.org.apache.hc.client5.http.wire - http-outgoing-1 << "[\r][\n]"
21:32:46.796 [docker-java-stream--2064336329] DEBUG com.github.dockerjava.api.command.PullImageResultCallback - ResponseItem(stream=null, status=Downloading, progressDetail=ResponseItem.ProgressDetail(current=77883712, total=108571409, start=null), progress=[===================================>               ]  77.88MB/108.6MB, id=a35465a6a76a, from=null, time=null, errorDetail=null, error=null, aux=null)
21:32:46.835 [docker-java-stream--2064336329] DEBUG com.github.dockerjava.zerodep.shaded.org.apache.hc.client5.http.wire - http-outgoing-1 << "bd[\r][\n]"
21:32:46.835 [docker-java-stream--2064336329] DEBUG com.github.dockerjava.zerodep.shaded.org.apache.hc.client5.http.wire - http-outgoing-1 << "{"status":"Extracting","progressDetail":{"current":20054016,"total":29125963},"progress":"[==================================\u003e                ]  20.05MB/29.13MB","id":"af107e978371"}[\r][\n]"
21:32:46.835 [docker-java-stream--2064336329] DEBUG com.github.dockerjava.zerodep.shaded.org.apache.hc.client5.http.wire - http-outgoing-1 << "[\r][\n]"
21:32:46.835 [docker-java-stream--2064336329] DEBUG com.github.dockerjava.api.command.PullImageResultCallback - ResponseItem(stream=null, status=Extracting, progressDetail=ResponseItem.ProgressDetail(current=20054016, total=29125963, start=null), progress=[==================================>                ]  20.05MB/29.13MB, id=af107e978371, from=null, time=null, errorDetail=null, error=null, aux=null)
21:32:47.029 [docker-java-stream--2064336329] DEBUG com.github.dockerjava.zerodep.shaded.org.apache.hc.client5.http.wire - http-outgoing-1 << "bf[\r][\n]"
21:32:47.029 [docker-java-stream--2064336329] DEBUG com.github.dockerjava.zerodep.shaded.org.apache.hc.client5.http.wire - http-outgoing-1 << "{"status":"Downloading","progressDetail":{"current":78424384,"total":108571409},"progress":"[====================================\u003e              ]  78.42MB/108.6MB","id":"a35465a6a76a"}[\r][\n]"
21:32:47.029 [docker-java-stream--2064336329] DEBUG com.github.dockerjava.zerodep.shaded.org.apache.hc.client5.http.wire - http-outgoing-1 << "[\r][\n]"
21:32:47.029 [docker-java-stream--2064336329] DEBUG com.github.dockerjava.api.command.PullImageResultCallback - ResponseItem(stream=null, status=Downloading, progressDetail=ResponseItem.ProgressDetail(current=78424384, total=108571409, start=null), progress=[====================================>              ]  78.42MB/108.6MB, id=a35465a6a76a, from=null, time=null, errorDetail=null, error=null, aux=null)
21:32:47.275 [docker-java-stream--2064336329] DEBUG com.github.dockerjava.zerodep.shaded.org.apache.hc.client5.http.wire - http-outgoing-1 << "17c[\r][\n]"
21:32:47.275 [docker-java-stream--2064336329] DEBUG com.github.dockerjava.zerodep.shaded.org.apache.hc.client5.http.wire - http-outgoing-1 << "{"status":"Extracting","progressDetail":{"current":20348928,"total":29125963},"progress":"[==================================\u003e                ]  20.35MB/29.13MB","id":"af107e978371"}[\r][\n]"
21:32:47.275 [docker-java-stream--2064336329] DEBUG com.github.dockerjava.zerodep.shaded.org.apache.hc.client5.http.wire - http-outgoing-1 << "{"status":"Downloading","progressDetail":{"current":78952768,"total":108571409},"progress":"[====================================\u003e              ]  78.95MB/108.6MB","id":"a35465a6a76a"}[\r][\n]"
21:32:47.275 [docker-java-stream--2064336329] DEBUG com.github.dockerjava.zerodep.shaded.org.apache.hc.client5.http.wire - http-outgoing-1 << "[\r][\n]"
21:32:47.275 [docker-java-stream--2064336329] DEBUG com.github.dockerjava.api.command.PullImageResultCallback - ResponseItem(stream=null, status=Extracting, progressDetail=ResponseItem.ProgressDetail(current=20348928, total=29125963, start=null), progress=[==================================>                ]  20.35MB/29.13MB, id=af107e978371, from=null, time=null, errorDetail=null, error=null, aux=null)
21:32:47.276 [docker-java-stream--2064336329] DEBUG com.github.dockerjava.api.command.PullImageResultCallback - ResponseItem(stream=null, status=Downloading, progressDetail=ResponseItem.ProgressDetail(current=78952768, total=108571409, start=null), progress=[====================================>              ]  78.95MB/108.6MB, id=a35465a6a76a, from=null, time=null, errorDetail=null, error=null, aux=null)
21:32:47.509 [docker-java-stream--2064336329] DEBUG com.github.dockerjava.zerodep.shaded.org.apache.hc.client5.http.wire - http-outgoing-1 << "bf[\r][\n]"
21:32:47.509 [docker-java-stream--2064336329] DEBUG com.github.dockerjava.zerodep.shaded.org.apache.hc.client5.http.wire - http-outgoing-1 << "{"status":"Downloading","progressDetail":{"current":79489344,"total":108571409},"progress":"[====================================\u003e              ]  79.49MB/108.6MB","id":"a35465a6a76a"}[\r][\n]"
21:32:47.509 [docker-java-stream--2064336329] DEBUG com.github.dockerjava.zerodep.shaded.org.apache.hc.client5.http.wire - http-outgoing-1 << "[\r][\n]"
21:32:47.509 [docker-java-stream--2064336329] DEBUG com.github.dockerjava.api.command.PullImageResultCallback - ResponseItem(stream=null, status=Downloading, progressDetail=ResponseItem.ProgressDetail(current=79489344, total=108571409, start=null), progress=[====================================>              ]  79.49MB/108.6MB, id=a35465a6a76a, from=null, time=null, errorDetail=null, error=null, aux=null)
21:32:47.905 [docker-java-stream--2064336329] DEBUG com.github.dockerjava.zerodep.shaded.org.apache.hc.client5.http.wire - http-outgoing-1 << "bd[\r][\n]"
21:32:47.905 [docker-java-stream--2064336329] DEBUG com.github.dockerjava.zerodep.shaded.org.apache.hc.client5.http.wire - http-outgoing-1 << "{"status":"Extracting","progressDetail":{"current":20643840,"total":29125963},"progress":"[===================================\u003e               ]  20.64MB/29.13MB","id":"af107e978371"}[\r][\n]"
21:32:47.905 [docker-java-stream--2064336329] DEBUG com.github.dockerjava.zerodep.shaded.org.apache.hc.client5.http.wire - http-outgoing-1 << "[\r][\n]"
21:32:47.906 [docker-java-stream--2064336329] DEBUG com.github.dockerjava.api.command.PullImageResultCallback - ResponseItem(stream=null, status=Extracting, progressDetail=ResponseItem.ProgressDetail(current=20643840, total=29125963, start=null), progress=[===================================>               ]  20.64MB/29.13MB, id=af107e978371, from=null, time=null, errorDetail=null, error=null, aux=null)
21:32:48.074 [docker-java-stream--2064336329] DEBUG com.github.dockerjava.zerodep.shaded.org.apache.hc.client5.http.wire - http-outgoing-1 << "bf[\r][\n]"
21:32:48.074 [docker-java-stream--2064336329] DEBUG com.github.dockerjava.zerodep.shaded.org.apache.hc.client5.http.wire - http-outgoing-1 << "{"status":"Downloading","progressDetail":{"current":80030016,"total":108571409},"progress":"[====================================\u003e              ]  80.03MB/108.6MB","id":"a35465a6a76a"}[\r][\n]"
21:32:48.074 [docker-java-stream--2064336329] DEBUG com.github.dockerjava.zerodep.shaded.org.apache.hc.client5.http.wire - http-outgoing-1 << "[\r][\n]"
21:32:48.074 [docker-java-stream--2064336329] DEBUG com.github.dockerjava.api.command.PullImageResultCallback - ResponseItem(stream=null, status=Downloading, progressDetail=ResponseItem.ProgressDetail(current=80030016, total=108571409, start=null), progress=[====================================>              ]  80.03MB/108.6MB, id=a35465a6a76a, from=null, time=null, errorDetail=null, error=null, aux=null)
21:32:49.221 [docker-java-stream--2064336329] DEBUG com.github.dockerjava.zerodep.shaded.org.apache.hc.client5.http.wire - http-outgoing-1 << "bf[\r][\n]"
21:32:49.221 [docker-java-stream--2064336329] DEBUG com.github.dockerjava.zerodep.shaded.org.apache.hc.client5.http.wire - http-outgoing-1 << "{"status":"Downloading","progressDetail":{"current":80566592,"total":108571409},"progress":"[=====================================\u003e             ]  80.57MB/108.6MB","id":"a35465a6a76a"}[\r][\n]"
21:32:49.221 [docker-java-stream--2064336329] DEBUG com.github.dockerjava.zerodep.shaded.org.apache.hc.client5.http.wire - http-outgoing-1 << "[\r][\n]"
21:32:49.221 [docker-java-stream--2064336329] DEBUG com.github.dockerjava.api.command.PullImageResultCallback - ResponseItem(stream=null, status=Downloading, progressDetail=ResponseItem.ProgressDetail(current=80566592, total=108571409, start=null), progress=[=====================================>             ]  80.57MB/108.6MB, id=a35465a6a76a, from=null, time=null, errorDetail=null, error=null, aux=null)
21:32:49.301 [docker-java-stream--2064336329] DEBUG com.github.dockerjava.zerodep.shaded.org.apache.hc.client5.http.wire - http-outgoing-1 << "bd[\r][\n]"
21:32:49.301 [docker-java-stream--2064336329] DEBUG com.github.dockerjava.zerodep.shaded.org.apache.hc.client5.http.wire - http-outgoing-1 << "{"status":"Extracting","progressDetail":{"current":20938752,"total":29125963},"progress":"[===================================\u003e               ]  20.94MB/29.13MB","id":"af107e978371"}[\r][\n]"
21:32:49.302 [docker-java-stream--2064336329] DEBUG com.github.dockerjava.zerodep.shaded.org.apache.hc.client5.http.wire - http-outgoing-1 << "[\r][\n]"
21:32:49.303 [docker-java-stream--2064336329] DEBUG com.github.dockerjava.api.command.PullImageResultCallback - ResponseItem(stream=null, status=Extracting, progressDetail=ResponseItem.ProgressDetail(current=20938752, total=29125963, start=null), progress=[===================================>               ]  20.94MB/29.13MB, id=af107e978371, from=null, time=null, errorDetail=null, error=null, aux=null)
21:32:50.120 [docker-java-stream--2064336329] DEBUG com.github.dockerjava.zerodep.shaded.org.apache.hc.client5.http.wire - http-outgoing-1 << "bd[\r][\n]"
21:32:50.120 [docker-java-stream--2064336329] DEBUG com.github.dockerjava.zerodep.shaded.org.apache.hc.client5.http.wire - http-outgoing-1 << "{"status":"Extracting","progressDetail":{"current":21233664,"total":29125963},"progress":"[====================================\u003e              ]  21.23MB/29.13MB","id":"af107e978371"}[\r][\n]"
21:32:50.121 [docker-java-stream--2064336329] DEBUG com.github.dockerjava.zerodep.shaded.org.apache.hc.client5.http.wire - http-outgoing-1 << "[\r][\n]"
21:32:50.121 [docker-java-stream--2064336329] DEBUG com.github.dockerjava.api.command.PullImageResultCallback - ResponseItem(stream=null, status=Extracting, progressDetail=ResponseItem.ProgressDetail(current=21233664, total=29125963, start=null), progress=[====================================>              ]  21.23MB/29.13MB, id=af107e978371, from=null, time=null, errorDetail=null, error=null, aux=null)
21:32:50.217 [docker-java-stream--2064336329] DEBUG com.github.dockerjava.zerodep.shaded.org.apache.hc.client5.http.wire - http-outgoing-1 << "bf[\r][\n]"
21:32:50.217 [docker-java-stream--2064336329] DEBUG com.github.dockerjava.zerodep.shaded.org.apache.hc.client5.http.wire - http-outgoing-1 << "{"status":"Downloading","progressDetail":{"current":81099072,"total":108571409},"progress":"[=====================================\u003e             ]   81.1MB/108.6MB","id":"a35465a6a76a"}[\r][\n]"
21:32:50.217 [docker-java-stream--2064336329] DEBUG com.github.dockerjava.zerodep.shaded.org.apache.hc.client5.http.wire - http-outgoing-1 << "[\r][\n]"
21:32:50.217 [docker-java-stream--2064336329] DEBUG com.github.dockerjava.api.command.PullImageResultCallback - ResponseItem(stream=null, status=Downloading, progressDetail=ResponseItem.ProgressDetail(current=81099072, total=108571409, start=null), progress=[=====================================>             ]   81.1MB/108.6MB, id=a35465a6a76a, from=null, time=null, errorDetail=null, error=null, aux=null)
21:32:50.690 [docker-java-stream--2064336329] DEBUG com.github.dockerjava.zerodep.shaded.org.apache.hc.client5.http.wire - http-outgoing-1 << "bf[\r][\n]"
21:32:50.690 [docker-java-stream--2064336329] DEBUG com.github.dockerjava.zerodep.shaded.org.apache.hc.client5.http.wire - http-outgoing-1 << "{"status":"Downloading","progressDetail":{"current":81639744,"total":108571409},"progress":"[=====================================\u003e             ]  81.64MB/108.6MB","id":"a35465a6a76a"}[\r][\n]"
21:32:50.690 [docker-java-stream--2064336329] DEBUG com.github.dockerjava.zerodep.shaded.org.apache.hc.client5.http.wire - http-outgoing-1 << "[\r][\n]"
21:32:50.691 [docker-java-stream--2064336329] DEBUG com.github.dockerjava.api.command.PullImageResultCallback - ResponseItem(stream=null, status=Downloading, progressDetail=ResponseItem.ProgressDetail(current=81639744, total=108571409, start=null), progress=[=====================================>             ]  81.64MB/108.6MB, id=a35465a6a76a, from=null, time=null, errorDetail=null, error=null, aux=null)
21:32:50.952 [docker-java-stream--2064336329] DEBUG com.github.dockerjava.zerodep.shaded.org.apache.hc.client5.http.wire - http-outgoing-1 << "bd[\r][\n]"
21:32:50.953 [docker-java-stream--2064336329] DEBUG com.github.dockerjava.zerodep.shaded.org.apache.hc.client5.http.wire - http-outgoing-1 << "{"status":"Extracting","progressDetail":{"current":21528576,"total":29125963},"progress":"[====================================\u003e              ]  21.53MB/29.13MB","id":"af107e978371"}[\r][\n]"
21:32:50.953 [docker-java-stream--2064336329] DEBUG com.github.dockerjava.zerodep.shaded.org.apache.hc.client5.http.wire - http-outgoing-1 << "[\r][\n]"
21:32:50.953 [docker-java-stream--2064336329] DEBUG com.github.dockerjava.api.command.PullImageResultCallback - ResponseItem(stream=null, status=Extracting, progressDetail=ResponseItem.ProgressDetail(current=21528576, total=29125963, start=null), progress=[====================================>              ]  21.53MB/29.13MB, id=af107e978371, from=null, time=null, errorDetail=null, error=null, aux=null)
21:32:51.041 [docker-java-stream--2064336329] DEBUG com.github.dockerjava.zerodep.shaded.org.apache.hc.client5.http.wire - http-outgoing-1 << "bf[\r][\n]"
21:32:51.041 [docker-java-stream--2064336329] DEBUG com.github.dockerjava.zerodep.shaded.org.apache.hc.client5.http.wire - http-outgoing-1 << "{"status":"Downloading","progressDetail":{"current":82180416,"total":108571409},"progress":"[=====================================\u003e             ]  82.18MB/108.6MB","id":"a35465a6a76a"}[\r][\n]"
21:32:51.041 [docker-java-stream--2064336329] DEBUG com.github.dockerjava.zerodep.shaded.org.apache.hc.client5.http.wire - http-outgoing-1 << "[\r][\n]"
21:32:51.041 [docker-java-stream--2064336329] DEBUG com.github.dockerjava.api.command.PullImageResultCallback - ResponseItem(stream=null, status=Downloading, progressDetail=ResponseItem.ProgressDetail(current=82180416, total=108571409, start=null), progress=[=====================================>             ]  82.18MB/108.6MB, id=a35465a6a76a, from=null, time=null, errorDetail=null, error=null, aux=null)
21:32:51.213 [docker-java-stream--2064336329] DEBUG com.github.dockerjava.zerodep.shaded.org.apache.hc.client5.http.wire - http-outgoing-1 << "bd[\r][\n]"
21:32:51.213 [docker-java-stream--2064336329] DEBUG com.github.dockerjava.zerodep.shaded.org.apache.hc.client5.http.wire - http-outgoing-1 << "{"status":"Extracting","progressDetail":{"current":21823488,"total":29125963},"progress":"[=====================================\u003e             ]  21.82MB/29.13MB","id":"af107e978371"}[\r][\n]"
21:32:51.213 [docker-java-stream--2064336329] DEBUG com.github.dockerjava.zerodep.shaded.org.apache.hc.client5.http.wire - http-outgoing-1 << "[\r][\n]"
21:32:51.214 [docker-java-stream--2064336329] DEBUG com.github.dockerjava.api.command.PullImageResultCallback - ResponseItem(stream=null, status=Extracting, progressDetail=ResponseItem.ProgressDetail(current=21823488, total=29125963, start=null), progress=[=====================================>             ]  21.82MB/29.13MB, id=af107e978371, from=null, time=null, errorDetail=null, error=null, aux=null)
21:32:51.512 [docker-java-stream--2064336329] DEBUG com.github.dockerjava.zerodep.shaded.org.apache.hc.client5.http.wire - http-outgoing-1 << "bf[\r][\n]"
21:32:51.513 [docker-java-stream--2064336329] DEBUG com.github.dockerjava.zerodep.shaded.org.apache.hc.client5.http.wire - http-outgoing-1 << "{"status":"Downloading","progressDetail":{"current":82716992,"total":108571409},"progress":"[======================================\u003e            ]  82.72MB/108.6MB","id":"a35465a6a76a"}[\r][\n]"
21:32:51.513 [docker-java-stream--2064336329] DEBUG com.github.dockerjava.zerodep.shaded.org.apache.hc.client5.http.wire - http-outgoing-1 << "[\r][\n]"
21:32:51.513 [docker-java-stream--2064336329] DEBUG com.github.dockerjava.api.command.PullImageResultCallback - ResponseItem(stream=null, status=Downloading, progressDetail=ResponseItem.ProgressDetail(current=82716992, total=108571409, start=null), progress=[======================================>            ]  82.72MB/108.6MB, id=a35465a6a76a, from=null, time=null, errorDetail=null, error=null, aux=null)
21:32:51.693 [docker-java-stream--2064336329] DEBUG com.github.dockerjava.zerodep.shaded.org.apache.hc.client5.http.wire - http-outgoing-1 << "bd[\r][\n]"
21:32:51.694 [docker-java-stream--2064336329] DEBUG com.github.dockerjava.zerodep.shaded.org.apache.hc.client5.http.wire - http-outgoing-1 << "{"status":"Extracting","progressDetail":{"current":22118400,"total":29125963},"progress":"[=====================================\u003e             ]  22.12MB/29.13MB","id":"af107e978371"}[\r][\n]"
21:32:51.694 [docker-java-stream--2064336329] DEBUG com.github.dockerjava.zerodep.shaded.org.apache.hc.client5.http.wire - http-outgoing-1 << "[\r][\n]"
21:32:51.694 [docker-java-stream--2064336329] DEBUG com.github.dockerjava.api.command.PullImageResultCallback - ResponseItem(stream=null, status=Extracting, progressDetail=ResponseItem.ProgressDetail(current=22118400, total=29125963, start=null), progress=[=====================================>             ]  22.12MB/29.13MB, id=af107e978371, from=null, time=null, errorDetail=null, error=null, aux=null)
21:32:51.770 [docker-java-stream--2064336329] DEBUG com.github.dockerjava.zerodep.shaded.org.apache.hc.client5.http.wire - http-outgoing-1 << "bf[\r][\n]"
21:32:51.770 [docker-java-stream--2064336329] DEBUG com.github.dockerjava.zerodep.shaded.org.apache.hc.client5.http.wire - http-outgoing-1 << "{"status":"Downloading","progressDetail":{"current":83257664,"total":108571409},"progress":"[======================================\u003e            ]  83.26MB/108.6MB","id":"a35465a6a76a"}[\r][\n]"
21:32:51.770 [docker-java-stream--2064336329] DEBUG com.github.dockerjava.zerodep.shaded.org.apache.hc.client5.http.wire - http-outgoing-1 << "[\r][\n]"
21:32:51.771 [docker-java-stream--2064336329] DEBUG com.github.dockerjava.api.command.PullImageResultCallback - ResponseItem(stream=null, status=Downloading, progressDetail=ResponseItem.ProgressDetail(current=83257664, total=108571409, start=null), progress=[======================================>            ]  83.26MB/108.6MB, id=a35465a6a76a, from=null, time=null, errorDetail=null, error=null, aux=null)
21:32:51.876 [docker-java-stream--2064336329] DEBUG com.github.dockerjava.zerodep.shaded.org.apache.hc.client5.http.wire - http-outgoing-1 << "bd[\r][\n]"
21:32:51.877 [docker-java-stream--2064336329] DEBUG com.github.dockerjava.zerodep.shaded.org.apache.hc.client5.http.wire - http-outgoing-1 << "{"status":"Extracting","progressDetail":{"current":22413312,"total":29125963},"progress":"[======================================\u003e            ]  22.41MB/29.13MB","id":"af107e978371"}[\r][\n]"
21:32:51.877 [docker-java-stream--2064336329] DEBUG com.github.dockerjava.zerodep.shaded.org.apache.hc.client5.http.wire - http-outgoing-1 << "[\r][\n]"
21:32:51.877 [docker-java-stream--2064336329] DEBUG com.github.dockerjava.api.command.PullImageResultCallback - ResponseItem(stream=null, status=Extracting, progressDetail=ResponseItem.ProgressDetail(current=22413312, total=29125963, start=null), progress=[======================================>            ]  22.41MB/29.13MB, id=af107e978371, from=null, time=null, errorDetail=null, error=null, aux=null)
21:32:52.084 [docker-java-stream--2064336329] DEBUG com.github.dockerjava.zerodep.shaded.org.apache.hc.client5.http.wire - http-outgoing-1 << "bf[\r][\n]"
21:32:52.084 [docker-java-stream--2064336329] DEBUG com.github.dockerjava.zerodep.shaded.org.apache.hc.client5.http.wire - http-outgoing-1 << "{"status":"Downloading","progressDetail":{"current":83798336,"total":108571409},"progress":"[======================================\u003e            ]   83.8MB/108.6MB","id":"a35465a6a76a"}[\r][\n]"
21:32:52.098 [docker-java-stream--2064336329] DEBUG com.github.dockerjava.zerodep.shaded.org.apache.hc.client5.http.wire - http-outgoing-1 << "[\r][\n]"
21:32:52.099 [docker-java-stream--2064336329] DEBUG com.github.dockerjava.api.command.PullImageResultCallback - ResponseItem(stream=null, status=Downloading, progressDetail=ResponseItem.ProgressDetail(current=83798336, total=108571409, start=null), progress=[======================================>            ]   83.8MB/108.6MB, id=a35465a6a76a, from=null, time=null, errorDetail=null, error=null, aux=null)
21:32:52.335 [docker-java-stream--2064336329] DEBUG com.github.dockerjava.zerodep.shaded.org.apache.hc.client5.http.wire - http-outgoing-1 << "bd[\r][\n]"
21:32:52.335 [docker-java-stream--2064336329] DEBUG com.github.dockerjava.zerodep.shaded.org.apache.hc.client5.http.wire - http-outgoing-1 << "{"status":"Extracting","progressDetail":{"current":22708224,"total":29125963},"progress":"[======================================\u003e            ]  22.71MB/29.13MB","id":"af107e978371"}[\r][\n]"
21:32:52.335 [docker-java-stream--2064336329] DEBUG com.github.dockerjava.zerodep.shaded.org.apache.hc.client5.http.wire - http-outgoing-1 << "[\r][\n]"
21:32:52.336 [docker-java-stream--2064336329] DEBUG com.github.dockerjava.api.command.PullImageResultCallback - ResponseItem(stream=null, status=Extracting, progressDetail=ResponseItem.ProgressDetail(current=22708224, total=29125963, start=null), progress=[======================================>            ]  22.71MB/29.13MB, id=af107e978371, from=null, time=null, errorDetail=null, error=null, aux=null)
21:32:52.398 [docker-java-stream--2064336329] DEBUG com.github.dockerjava.zerodep.shaded.org.apache.hc.client5.http.wire - http-outgoing-1 << "bf[\r][\n]"
21:32:52.398 [docker-java-stream--2064336329] DEBUG com.github.dockerjava.zerodep.shaded.org.apache.hc.client5.http.wire - http-outgoing-1 << "{"status":"Downloading","progressDetail":{"current":84330816,"total":108571409},"progress":"[======================================\u003e            ]  84.33MB/108.6MB","id":"a35465a6a76a"}[\r][\n]"
21:32:52.398 [docker-java-stream--2064336329] DEBUG com.github.dockerjava.zerodep.shaded.org.apache.hc.client5.http.wire - http-outgoing-1 << "[\r][\n]"
21:32:52.398 [docker-java-stream--2064336329] DEBUG com.github.dockerjava.api.command.PullImageResultCallback - ResponseItem(stream=null, status=Downloading, progressDetail=ResponseItem.ProgressDetail(current=84330816, total=108571409, start=null), progress=[======================================>            ]  84.33MB/108.6MB, id=a35465a6a76a, from=null, time=null, errorDetail=null, error=null, aux=null)
21:32:52.743 [docker-java-stream--2064336329] DEBUG com.github.dockerjava.zerodep.shaded.org.apache.hc.client5.http.wire - http-outgoing-1 << "bf[\r][\n]"
21:32:52.743 [docker-java-stream--2064336329] DEBUG com.github.dockerjava.zerodep.shaded.org.apache.hc.client5.http.wire - http-outgoing-1 << "{"status":"Downloading","progressDetail":{"current":84859200,"total":108571409},"progress":"[=======================================\u003e           ]  84.86MB/108.6MB","id":"a35465a6a76a"}[\r][\n]"
21:32:52.743 [docker-java-stream--2064336329] DEBUG com.github.dockerjava.zerodep.shaded.org.apache.hc.client5.http.wire - http-outgoing-1 << "[\r][\n]"
21:32:52.743 [docker-java-stream--2064336329] DEBUG com.github.dockerjava.api.command.PullImageResultCallback - ResponseItem(stream=null, status=Downloading, progressDetail=ResponseItem.ProgressDetail(current=84859200, total=108571409, start=null), progress=[=======================================>           ]  84.86MB/108.6MB, id=a35465a6a76a, from=null, time=null, errorDetail=null, error=null, aux=null)
21:32:52.892 [docker-java-stream--2064336329] DEBUG com.github.dockerjava.zerodep.shaded.org.apache.hc.client5.http.wire - http-outgoing-1 << "bf[\r][\n]"
21:32:52.893 [docker-java-stream--2064336329] DEBUG com.github.dockerjava.zerodep.shaded.org.apache.hc.client5.http.wire - http-outgoing-1 << "{"status":"Downloading","progressDetail":{"current":85391680,"total":108571409},"progress":"[=======================================\u003e           ]  85.39MB/108.6MB","id":"a35465a6a76a"}[\r][\n]"
21:32:52.893 [docker-java-stream--2064336329] DEBUG com.github.dockerjava.zerodep.shaded.org.apache.hc.client5.http.wire - http-outgoing-1 << "[\r][\n]"
21:32:52.893 [docker-java-stream--2064336329] DEBUG com.github.dockerjava.api.command.PullImageResultCallback - ResponseItem(stream=null, status=Downloading, progressDetail=ResponseItem.ProgressDetail(current=85391680, total=108571409, start=null), progress=[=======================================>           ]  85.39MB/108.6MB, id=a35465a6a76a, from=null, time=null, errorDetail=null, error=null, aux=null)
21:32:53.616 [docker-java-stream--2064336329] DEBUG com.github.dockerjava.zerodep.shaded.org.apache.hc.client5.http.wire - http-outgoing-1 << "bd[\r][\n]"
21:32:53.616 [docker-java-stream--2064336329] DEBUG com.github.dockerjava.zerodep.shaded.org.apache.hc.client5.http.wire - http-outgoing-1 << "{"status":"Extracting","progressDetail":{"current":23003136,"total":29125963},"progress":"[=======================================\u003e           ]     23MB/29.13MB","id":"af107e978371"}[\r][\n]"
21:32:53.616 [docker-java-stream--2064336329] DEBUG com.github.dockerjava.zerodep.shaded.org.apache.hc.client5.http.wire - http-outgoing-1 << "[\r][\n]"
21:32:53.616 [docker-java-stream--2064336329] DEBUG com.github.dockerjava.api.command.PullImageResultCallback - ResponseItem(stream=null, status=Extracting, progressDetail=ResponseItem.ProgressDetail(current=23003136, total=29125963, start=null), progress=[=======================================>           ]     23MB/29.13MB, id=af107e978371, from=null, time=null, errorDetail=null, error=null, aux=null)
21:32:54.442 [docker-java-stream--2064336329] DEBUG com.github.dockerjava.zerodep.shaded.org.apache.hc.client5.http.wire - http-outgoing-1 << "bf[\r][\n]"
21:32:54.442 [docker-java-stream--2064336329] DEBUG com.github.dockerjava.zerodep.shaded.org.apache.hc.client5.http.wire - http-outgoing-1 << "{"status":"Downloading","progressDetail":{"current":85932352,"total":108571409},"progress":"[=======================================\u003e           ]  85.93MB/108.6MB","id":"a35465a6a76a"}[\r][\n]"
21:32:54.442 [docker-java-stream--2064336329] DEBUG com.github.dockerjava.zerodep.shaded.org.apache.hc.client5.http.wire - http-outgoing-1 << "[\r][\n]"
21:32:54.442 [docker-java-stream--2064336329] DEBUG com.github.dockerjava.api.command.PullImageResultCallback - ResponseItem(stream=null, status=Downloading, progressDetail=ResponseItem.ProgressDetail(current=85932352, total=108571409, start=null), progress=[=======================================>           ]  85.93MB/108.6MB, id=a35465a6a76a, from=null, time=null, errorDetail=null, error=null, aux=null)
21:32:55.192 [docker-java-stream--2064336329] DEBUG com.github.dockerjava.zerodep.shaded.org.apache.hc.client5.http.wire - http-outgoing-1 << "bd[\r][\n]"
21:32:55.192 [docker-java-stream--2064336329] DEBUG com.github.dockerjava.zerodep.shaded.org.apache.hc.client5.http.wire - http-outgoing-1 << "{"status":"Extracting","progressDetail":{"current":23298048,"total":29125963},"progress":"[=======================================\u003e           ]   23.3MB/29.13MB","id":"af107e978371"}[\r][\n]"
21:32:55.192 [docker-java-stream--2064336329] DEBUG com.github.dockerjava.zerodep.shaded.org.apache.hc.client5.http.wire - http-outgoing-1 << "[\r][\n]"
21:32:55.192 [docker-java-stream--2064336329] DEBUG com.github.dockerjava.api.command.PullImageResultCallback - ResponseItem(stream=null, status=Extracting, progressDetail=ResponseItem.ProgressDetail(current=23298048, total=29125963, start=null), progress=[=======================================>           ]   23.3MB/29.13MB, id=af107e978371, from=null, time=null, errorDetail=null, error=null, aux=null)
21:32:55.323 [docker-java-stream--2064336329] DEBUG com.github.dockerjava.zerodep.shaded.org.apache.hc.client5.http.wire - http-outgoing-1 << "bf[\r][\n]"
21:32:55.323 [docker-java-stream--2064336329] DEBUG com.github.dockerjava.zerodep.shaded.org.apache.hc.client5.http.wire - http-outgoing-1 << "{"status":"Downloading","progressDetail":{"current":86464832,"total":108571409},"progress":"[=======================================\u003e           ]  86.46MB/108.6MB","id":"a35465a6a76a"}[\r][\n]"
21:32:55.323 [docker-java-stream--2064336329] DEBUG com.github.dockerjava.zerodep.shaded.org.apache.hc.client5.http.wire - http-outgoing-1 << "[\r][\n]"
21:32:55.323 [docker-java-stream--2064336329] DEBUG com.github.dockerjava.api.command.PullImageResultCallback - ResponseItem(stream=null, status=Downloading, progressDetail=ResponseItem.ProgressDetail(current=86464832, total=108571409, start=null), progress=[=======================================>           ]  86.46MB/108.6MB, id=a35465a6a76a, from=null, time=null, errorDetail=null, error=null, aux=null)
21:32:55.971 [docker-java-stream--2064336329] DEBUG com.github.dockerjava.zerodep.shaded.org.apache.hc.client5.http.wire - http-outgoing-1 << "bf[\r][\n]"
21:32:55.971 [docker-java-stream--2064336329] DEBUG com.github.dockerjava.zerodep.shaded.org.apache.hc.client5.http.wire - http-outgoing-1 << "{"status":"Downloading","progressDetail":{"current":87005504,"total":108571409},"progress":"[========================================\u003e          ]  87.01MB/108.6MB","id":"a35465a6a76a"}[\r][\n]"
21:32:55.971 [docker-java-stream--2064336329] DEBUG com.github.dockerjava.zerodep.shaded.org.apache.hc.client5.http.wire - http-outgoing-1 << "[\r][\n]"
21:32:55.971 [docker-java-stream--2064336329] DEBUG com.github.dockerjava.api.command.PullImageResultCallback - ResponseItem(stream=null, status=Downloading, progressDetail=ResponseItem.ProgressDetail(current=87005504, total=108571409, start=null), progress=[========================================>          ]  87.01MB/108.6MB, id=a35465a6a76a, from=null, time=null, errorDetail=null, error=null, aux=null)
21:32:56.111 [docker-java-stream--2064336329] DEBUG com.github.dockerjava.zerodep.shaded.org.apache.hc.client5.http.wire - http-outgoing-1 << "bd[\r][\n]"
21:32:56.111 [docker-java-stream--2064336329] DEBUG com.github.dockerjava.zerodep.shaded.org.apache.hc.client5.http.wire - http-outgoing-1 << "{"status":"Extracting","progressDetail":{"current":23592960,"total":29125963},"progress":"[========================================\u003e          ]  23.59MB/29.13MB","id":"af107e978371"}[\r][\n]"
21:32:56.111 [docker-java-stream--2064336329] DEBUG com.github.dockerjava.zerodep.shaded.org.apache.hc.client5.http.wire - http-outgoing-1 << "[\r][\n]"
21:32:56.112 [docker-java-stream--2064336329] DEBUG com.github.dockerjava.api.command.PullImageResultCallback - ResponseItem(stream=null, status=Extracting, progressDetail=ResponseItem.ProgressDetail(current=23592960, total=29125963, start=null), progress=[========================================>          ]  23.59MB/29.13MB, id=af107e978371, from=null, time=null, errorDetail=null, error=null, aux=null)
21:32:56.320 [docker-java-stream--2064336329] DEBUG com.github.dockerjava.zerodep.shaded.org.apache.hc.client5.http.wire - http-outgoing-1 << "bf[\r][\n]"
21:32:56.320 [docker-java-stream--2064336329] DEBUG com.github.dockerjava.zerodep.shaded.org.apache.hc.client5.http.wire - http-outgoing-1 << "{"status":"Downloading","progressDetail":{"current":87533888,"total":108571409},"progress":"[========================================\u003e          ]  87.53MB/108.6MB","id":"a35465a6a76a"}[\r][\n]"
21:32:56.320 [docker-java-stream--2064336329] DEBUG com.github.dockerjava.zerodep.shaded.org.apache.hc.client5.http.wire - http-outgoing-1 << "[\r][\n]"
21:32:56.321 [docker-java-stream--2064336329] DEBUG com.github.dockerjava.api.command.PullImageResultCallback - ResponseItem(stream=null, status=Downloading, progressDetail=ResponseItem.ProgressDetail(current=87533888, total=108571409, start=null), progress=[========================================>          ]  87.53MB/108.6MB, id=a35465a6a76a, from=null, time=null, errorDetail=null, error=null, aux=null)
21:32:56.633 [docker-java-stream--2064336329] DEBUG com.github.dockerjava.zerodep.shaded.org.apache.hc.client5.http.wire - http-outgoing-1 << "bf[\r][\n]"
21:32:56.707 [docker-java-stream--2064336329] DEBUG com.github.dockerjava.zerodep.shaded.org.apache.hc.client5.http.wire - http-outgoing-1 << "{"status":"Downloading","progressDetail":{"current":88074560,"total":108571409},"progress":"[========================================\u003e          ]  88.07MB/108.6MB","id":"a35465a6a76a"}[\r][\n]"
21:32:56.707 [docker-java-stream--2064336329] DEBUG com.github.dockerjava.zerodep.shaded.org.apache.hc.client5.http.wire - http-outgoing-1 << "[\r][\n]"
21:32:56.707 [docker-java-stream--2064336329] DEBUG com.github.dockerjava.api.command.PullImageResultCallback - ResponseItem(stream=null, status=Downloading, progressDetail=ResponseItem.ProgressDetail(current=88074560, total=108571409, start=null), progress=[========================================>          ]  88.07MB/108.6MB, id=a35465a6a76a, from=null, time=null, errorDetail=null, error=null, aux=null)
21:32:57.303 [docker-java-stream--2064336329] DEBUG com.github.dockerjava.zerodep.shaded.org.apache.hc.client5.http.wire - http-outgoing-1 << "bf[\r][\n]"
21:32:57.303 [docker-java-stream--2064336329] DEBUG com.github.dockerjava.zerodep.shaded.org.apache.hc.client5.http.wire - http-outgoing-1 << "{"status":"Downloading","progressDetail":{"current":88615232,"total":108571409},"progress":"[========================================\u003e          ]  88.62MB/108.6MB","id":"a35465a6a76a"}[\r][\n]"
21:32:57.303 [docker-java-stream--2064336329] DEBUG com.github.dockerjava.zerodep.shaded.org.apache.hc.client5.http.wire - http-outgoing-1 << "[\r][\n]"
21:32:57.303 [docker-java-stream--2064336329] DEBUG com.github.dockerjava.api.command.PullImageResultCallback - ResponseItem(stream=null, status=Downloading, progressDetail=ResponseItem.ProgressDetail(current=88615232, total=108571409, start=null), progress=[========================================>          ]  88.62MB/108.6MB, id=a35465a6a76a, from=null, time=null, errorDetail=null, error=null, aux=null)
21:32:57.489 [docker-java-stream--2064336329] DEBUG com.github.dockerjava.zerodep.shaded.org.apache.hc.client5.http.wire - http-outgoing-1 << "bd[\r][\n]"
21:32:57.489 [docker-java-stream--2064336329] DEBUG com.github.dockerjava.zerodep.shaded.org.apache.hc.client5.http.wire - http-outgoing-1 << "{"status":"Extracting","progressDetail":{"current":23887872,"total":29125963},"progress":"[=========================================\u003e         ]  23.89MB/29.13MB","id":"af107e978371"}[\r][\n]"
21:32:57.489 [docker-java-stream--2064336329] DEBUG com.github.dockerjava.zerodep.shaded.org.apache.hc.client5.http.wire - http-outgoing-1 << "[\r][\n]"
21:32:57.489 [docker-java-stream--2064336329] DEBUG com.github.dockerjava.api.command.PullImageResultCallback - ResponseItem(stream=null, status=Extracting, progressDetail=ResponseItem.ProgressDetail(current=23887872, total=29125963, start=null), progress=[=========================================>         ]  23.89MB/29.13MB, id=af107e978371, from=null, time=null, errorDetail=null, error=null, aux=null)
21:32:58.010 [docker-java-stream--2064336329] DEBUG com.github.dockerjava.zerodep.shaded.org.apache.hc.client5.http.wire - http-outgoing-1 << "bf[\r][\n]"
21:32:58.010 [docker-java-stream--2064336329] DEBUG com.github.dockerjava.zerodep.shaded.org.apache.hc.client5.http.wire - http-outgoing-1 << "{"status":"Downloading","progressDetail":{"current":89155904,"total":108571409},"progress":"[=========================================\u003e         ]  89.16MB/108.6MB","id":"a35465a6a76a"}[\r][\n]"
21:32:58.010 [docker-java-stream--2064336329] DEBUG com.github.dockerjava.zerodep.shaded.org.apache.hc.client5.http.wire - http-outgoing-1 << "[\r][\n]"
21:32:58.011 [docker-java-stream--2064336329] DEBUG com.github.dockerjava.api.command.PullImageResultCallback - ResponseItem(stream=null, status=Downloading, progressDetail=ResponseItem.ProgressDetail(current=89155904, total=108571409, start=null), progress=[=========================================>         ]  89.16MB/108.6MB, id=a35465a6a76a, from=null, time=null, errorDetail=null, error=null, aux=null)
21:32:58.146 [docker-java-stream--2064336329] DEBUG com.github.dockerjava.zerodep.shaded.org.apache.hc.client5.http.wire - http-outgoing-1 << "bd[\r][\n]"
21:32:58.146 [docker-java-stream--2064336329] DEBUG com.github.dockerjava.zerodep.shaded.org.apache.hc.client5.http.wire - http-outgoing-1 << "{"status":"Extracting","progressDetail":{"current":24182784,"total":29125963},"progress":"[=========================================\u003e         ]  24.18MB/29.13MB","id":"af107e978371"}[\r][\n]"
21:32:58.146 [docker-java-stream--2064336329] DEBUG com.github.dockerjava.zerodep.shaded.org.apache.hc.client5.http.wire - http-outgoing-1 << "[\r][\n]"
21:32:58.146 [docker-java-stream--2064336329] DEBUG com.github.dockerjava.api.command.PullImageResultCallback - ResponseItem(stream=null, status=Extracting, progressDetail=ResponseItem.ProgressDetail(current=24182784, total=29125963, start=null), progress=[=========================================>         ]  24.18MB/29.13MB, id=af107e978371, from=null, time=null, errorDetail=null, error=null, aux=null)
21:32:58.898 [docker-java-stream--2064336329] DEBUG com.github.dockerjava.zerodep.shaded.org.apache.hc.client5.http.wire - http-outgoing-1 << "bf[\r][\n]"
21:32:58.898 [docker-java-stream--2064336329] DEBUG com.github.dockerjava.zerodep.shaded.org.apache.hc.client5.http.wire - http-outgoing-1 << "{"status":"Downloading","progressDetail":{"current":89692480,"total":108571409},"progress":"[=========================================\u003e         ]  89.69MB/108.6MB","id":"a35465a6a76a"}[\r][\n]"
21:32:58.898 [docker-java-stream--2064336329] DEBUG com.github.dockerjava.zerodep.shaded.org.apache.hc.client5.http.wire - http-outgoing-1 << "[\r][\n]"
21:32:58.898 [docker-java-stream--2064336329] DEBUG com.github.dockerjava.api.command.PullImageResultCallback - ResponseItem(stream=null, status=Downloading, progressDetail=ResponseItem.ProgressDetail(current=89692480, total=108571409, start=null), progress=[=========================================>         ]  89.69MB/108.6MB, id=a35465a6a76a, from=null, time=null, errorDetail=null, error=null, aux=null)
21:32:59.126 [docker-java-stream--2064336329] DEBUG com.github.dockerjava.zerodep.shaded.org.apache.hc.client5.http.wire - http-outgoing-1 << "bf[\r][\n]"
21:32:59.126 [docker-java-stream--2064336329] DEBUG com.github.dockerjava.zerodep.shaded.org.apache.hc.client5.http.wire - http-outgoing-1 << "{"status":"Downloading","progressDetail":{"current":90233152,"total":108571409},"progress":"[=========================================\u003e         ]  90.23MB/108.6MB","id":"a35465a6a76a"}[\r][\n]"
21:32:59.126 [docker-java-stream--2064336329] DEBUG com.github.dockerjava.zerodep.shaded.org.apache.hc.client5.http.wire - http-outgoing-1 << "[\r][\n]"
21:32:59.126 [docker-java-stream--2064336329] DEBUG com.github.dockerjava.api.command.PullImageResultCallback - ResponseItem(stream=null, status=Downloading, progressDetail=ResponseItem.ProgressDetail(current=90233152, total=108571409, start=null), progress=[=========================================>         ]  90.23MB/108.6MB, id=a35465a6a76a, from=null, time=null, errorDetail=null, error=null, aux=null)
21:32:59.293 [docker-java-stream--2064336329] DEBUG com.github.dockerjava.zerodep.shaded.org.apache.hc.client5.http.wire - http-outgoing-1 << "bf[\r][\n]"
21:32:59.293 [docker-java-stream--2064336329] DEBUG com.github.dockerjava.zerodep.shaded.org.apache.hc.client5.http.wire - http-outgoing-1 << "{"status":"Downloading","progressDetail":{"current":90773824,"total":108571409},"progress":"[=========================================\u003e         ]  90.77MB/108.6MB","id":"a35465a6a76a"}[\r][\n]"
21:32:59.293 [docker-java-stream--2064336329] DEBUG com.github.dockerjava.zerodep.shaded.org.apache.hc.client5.http.wire - http-outgoing-1 << "[\r][\n]"
21:32:59.293 [docker-java-stream--2064336329] DEBUG com.github.dockerjava.api.command.PullImageResultCallback - ResponseItem(stream=null, status=Downloading, progressDetail=ResponseItem.ProgressDetail(current=90773824, total=108571409, start=null), progress=[=========================================>         ]  90.77MB/108.6MB, id=a35465a6a76a, from=null, time=null, errorDetail=null, error=null, aux=null)
21:33:00.069 [docker-java-stream--2064336329] DEBUG com.github.dockerjava.zerodep.shaded.org.apache.hc.client5.http.wire - http-outgoing-1 << "bf[\r][\n]"
21:33:00.069 [docker-java-stream--2064336329] DEBUG com.github.dockerjava.zerodep.shaded.org.apache.hc.client5.http.wire - http-outgoing-1 << "{"status":"Downloading","progressDetail":{"current":91314496,"total":108571409},"progress":"[==========================================\u003e        ]  91.31MB/108.6MB","id":"a35465a6a76a"}[\r][\n]"
21:33:00.070 [docker-java-stream--2064336329] DEBUG com.github.dockerjava.zerodep.shaded.org.apache.hc.client5.http.wire - http-outgoing-1 << "[\r][\n]"
21:33:00.070 [docker-java-stream--2064336329] DEBUG com.github.dockerjava.api.command.PullImageResultCallback - ResponseItem(stream=null, status=Downloading, progressDetail=ResponseItem.ProgressDetail(current=91314496, total=108571409, start=null), progress=[==========================================>        ]  91.31MB/108.6MB, id=a35465a6a76a, from=null, time=null, errorDetail=null, error=null, aux=null)
21:33:00.351 [docker-java-stream--2064336329] DEBUG com.github.dockerjava.zerodep.shaded.org.apache.hc.client5.http.wire - http-outgoing-1 << "bf[\r][\n]"
21:33:00.351 [docker-java-stream--2064336329] DEBUG com.github.dockerjava.zerodep.shaded.org.apache.hc.client5.http.wire - http-outgoing-1 << "{"status":"Downloading","progressDetail":{"current":91842880,"total":108571409},"progress":"[==========================================\u003e        ]  91.84MB/108.6MB","id":"a35465a6a76a"}[\r][\n]"
21:33:00.351 [docker-java-stream--2064336329] DEBUG com.github.dockerjava.zerodep.shaded.org.apache.hc.client5.http.wire - http-outgoing-1 << "[\r][\n]"
21:33:00.355 [docker-java-stream--2064336329] DEBUG com.github.dockerjava.api.command.PullImageResultCallback - ResponseItem(stream=null, status=Downloading, progressDetail=ResponseItem.ProgressDetail(current=91842880, total=108571409, start=null), progress=[==========================================>        ]  91.84MB/108.6MB, id=a35465a6a76a, from=null, time=null, errorDetail=null, error=null, aux=null)
21:33:00.735 [docker-java-stream--2064336329] DEBUG com.github.dockerjava.zerodep.shaded.org.apache.hc.client5.http.wire - http-outgoing-1 << "bf[\r][\n]"
21:33:00.736 [docker-java-stream--2064336329] DEBUG com.github.dockerjava.zerodep.shaded.org.apache.hc.client5.http.wire - http-outgoing-1 << "{"status":"Downloading","progressDetail":{"current":92383552,"total":108571409},"progress":"[==========================================\u003e        ]  92.38MB/108.6MB","id":"a35465a6a76a"}[\r][\n]"
21:33:00.736 [docker-java-stream--2064336329] DEBUG com.github.dockerjava.zerodep.shaded.org.apache.hc.client5.http.wire - http-outgoing-1 << "[\r][\n]"
21:33:00.736 [docker-java-stream--2064336329] DEBUG com.github.dockerjava.api.command.PullImageResultCallback - ResponseItem(stream=null, status=Downloading, progressDetail=ResponseItem.ProgressDetail(current=92383552, total=108571409, start=null), progress=[==========================================>        ]  92.38MB/108.6MB, id=a35465a6a76a, from=null, time=null, errorDetail=null, error=null, aux=null)
21:33:00.745 [docker-java-stream--2064336329] DEBUG com.github.dockerjava.zerodep.shaded.org.apache.hc.client5.http.wire - http-outgoing-1 << "bd[\r][\n]"
21:33:00.745 [docker-java-stream--2064336329] DEBUG com.github.dockerjava.zerodep.shaded.org.apache.hc.client5.http.wire - http-outgoing-1 << "{"status":"Extracting","progressDetail":{"current":24477696,"total":29125963},"progress":"[==========================================\u003e        ]  24.48MB/29.13MB","id":"af107e978371"}[\r][\n]"
21:33:00.745 [docker-java-stream--2064336329] DEBUG com.github.dockerjava.zerodep.shaded.org.apache.hc.client5.http.wire - http-outgoing-1 << "[\r][\n]"
21:33:00.745 [docker-java-stream--2064336329] DEBUG com.github.dockerjava.api.command.PullImageResultCallback - ResponseItem(stream=null, status=Extracting, progressDetail=ResponseItem.ProgressDetail(current=24477696, total=29125963, start=null), progress=[==========================================>        ]  24.48MB/29.13MB, id=af107e978371, from=null, time=null, errorDetail=null, error=null, aux=null)
21:33:01.041 [docker-java-stream--2064336329] DEBUG com.github.dockerjava.zerodep.shaded.org.apache.hc.client5.http.wire - http-outgoing-1 << "bf[\r][\n]"
21:33:01.041 [docker-java-stream--2064336329] DEBUG com.github.dockerjava.zerodep.shaded.org.apache.hc.client5.http.wire - http-outgoing-1 << "{"status":"Downloading","progressDetail":{"current":92924224,"total":108571409},"progress":"[==========================================\u003e        ]  92.92MB/108.6MB","id":"a35465a6a76a"}[\r][\n]"
21:33:01.041 [docker-java-stream--2064336329] DEBUG com.github.dockerjava.zerodep.shaded.org.apache.hc.client5.http.wire - http-outgoing-1 << "[\r][\n]"
21:33:01.041 [docker-java-stream--2064336329] DEBUG com.github.dockerjava.api.command.PullImageResultCallback - ResponseItem(stream=null, status=Downloading, progressDetail=ResponseItem.ProgressDetail(current=92924224, total=108571409, start=null), progress=[==========================================>        ]  92.92MB/108.6MB, id=a35465a6a76a, from=null, time=null, errorDetail=null, error=null, aux=null)
21:33:01.351 [docker-java-stream--2064336329] DEBUG com.github.dockerjava.zerodep.shaded.org.apache.hc.client5.http.wire - http-outgoing-1 << "bf[\r][\n]"
21:33:01.351 [docker-java-stream--2064336329] DEBUG com.github.dockerjava.zerodep.shaded.org.apache.hc.client5.http.wire - http-outgoing-1 << "{"status":"Downloading","progressDetail":{"current":93464896,"total":108571409},"progress":"[===========================================\u003e       ]  93.46MB/108.6MB","id":"a35465a6a76a"}[\r][\n]"
21:33:01.351 [docker-java-stream--2064336329] DEBUG com.github.dockerjava.zerodep.shaded.org.apache.hc.client5.http.wire - http-outgoing-1 << "[\r][\n]"
21:33:01.352 [docker-java-stream--2064336329] DEBUG com.github.dockerjava.api.command.PullImageResultCallback - ResponseItem(stream=null, status=Downloading, progressDetail=ResponseItem.ProgressDetail(current=93464896, total=108571409, start=null), progress=[===========================================>       ]  93.46MB/108.6MB, id=a35465a6a76a, from=null, time=null, errorDetail=null, error=null, aux=null)
21:33:01.672 [docker-java-stream--2064336329] DEBUG com.github.dockerjava.zerodep.shaded.org.apache.hc.client5.http.wire - http-outgoing-1 << "bf[\r][\n]"
21:33:01.673 [docker-java-stream--2064336329] DEBUG com.github.dockerjava.zerodep.shaded.org.apache.hc.client5.http.wire - http-outgoing-1 << "{"status":"Downloading","progressDetail":{"current":94001472,"total":108571409},"progress":"[===========================================\u003e       ]     94MB/108.6MB","id":"a35465a6a76a"}[\r][\n]"
21:33:01.673 [docker-java-stream--2064336329] DEBUG com.github.dockerjava.zerodep.shaded.org.apache.hc.client5.http.wire - http-outgoing-1 << "[\r][\n]"
21:33:01.673 [docker-java-stream--2064336329] DEBUG com.github.dockerjava.api.command.PullImageResultCallback - ResponseItem(stream=null, status=Downloading, progressDetail=ResponseItem.ProgressDetail(current=94001472, total=108571409, start=null), progress=[===========================================>       ]     94MB/108.6MB, id=a35465a6a76a, from=null, time=null, errorDetail=null, error=null, aux=null)
21:33:02.660 [docker-java-stream--2064336329] DEBUG com.github.dockerjava.zerodep.shaded.org.apache.hc.client5.http.wire - http-outgoing-1 << "bf[\r][\n]"
21:33:02.660 [docker-java-stream--2064336329] DEBUG com.github.dockerjava.zerodep.shaded.org.apache.hc.client5.http.wire - http-outgoing-1 << "{"status":"Downloading","progressDetail":{"current":94538048,"total":108571409},"progress":"[===========================================\u003e       ]  94.54MB/108.6MB","id":"a35465a6a76a"}[\r][\n]"
21:33:02.661 [docker-java-stream--2064336329] DEBUG com.github.dockerjava.zerodep.shaded.org.apache.hc.client5.http.wire - http-outgoing-1 << "[\r][\n]"
21:33:02.661 [docker-java-stream--2064336329] DEBUG com.github.dockerjava.api.command.PullImageResultCallback - ResponseItem(stream=null, status=Downloading, progressDetail=ResponseItem.ProgressDetail(current=94538048, total=108571409, start=null), progress=[===========================================>       ]  94.54MB/108.6MB, id=a35465a6a76a, from=null, time=null, errorDetail=null, error=null, aux=null)
21:33:03.152 [docker-java-stream--2064336329] DEBUG com.github.dockerjava.zerodep.shaded.org.apache.hc.client5.http.wire - http-outgoing-1 << "bf[\r][\n]"
21:33:03.152 [docker-java-stream--2064336329] DEBUG com.github.dockerjava.zerodep.shaded.org.apache.hc.client5.http.wire - http-outgoing-1 << "{"status":"Downloading","progressDetail":{"current":95078720,"total":108571409},"progress":"[===========================================\u003e       ]  95.08MB/108.6MB","id":"a35465a6a76a"}[\r][\n]"
21:33:03.152 [docker-java-stream--2064336329] DEBUG com.github.dockerjava.zerodep.shaded.org.apache.hc.client5.http.wire - http-outgoing-1 << "[\r][\n]"
21:33:03.152 [docker-java-stream--2064336329] DEBUG com.github.dockerjava.api.command.PullImageResultCallback - ResponseItem(stream=null, status=Downloading, progressDetail=ResponseItem.ProgressDetail(current=95078720, total=108571409, start=null), progress=[===========================================>       ]  95.08MB/108.6MB, id=a35465a6a76a, from=null, time=null, errorDetail=null, error=null, aux=null)
21:33:03.823 [docker-java-stream--2064336329] DEBUG com.github.dockerjava.zerodep.shaded.org.apache.hc.client5.http.wire - http-outgoing-1 << "bf[\r][\n]"
21:33:03.823 [docker-java-stream--2064336329] DEBUG com.github.dockerjava.zerodep.shaded.org.apache.hc.client5.http.wire - http-outgoing-1 << "{"status":"Downloading","progressDetail":{"current":95619392,"total":108571409},"progress":"[============================================\u003e      ]  95.62MB/108.6MB","id":"a35465a6a76a"}[\r][\n]"
21:33:03.823 [docker-java-stream--2064336329] DEBUG com.github.dockerjava.zerodep.shaded.org.apache.hc.client5.http.wire - http-outgoing-1 << "[\r][\n]"
21:33:03.823 [docker-java-stream--2064336329] DEBUG com.github.dockerjava.api.command.PullImageResultCallback - ResponseItem(stream=null, status=Downloading, progressDetail=ResponseItem.ProgressDetail(current=95619392, total=108571409, start=null), progress=[============================================>      ]  95.62MB/108.6MB, id=a35465a6a76a, from=null, time=null, errorDetail=null, error=null, aux=null)
21:33:04.064 [docker-java-stream--2064336329] DEBUG com.github.dockerjava.zerodep.shaded.org.apache.hc.client5.http.wire - http-outgoing-1 << "bf[\r][\n]"
21:33:04.064 [docker-java-stream--2064336329] DEBUG com.github.dockerjava.zerodep.shaded.org.apache.hc.client5.http.wire - http-outgoing-1 << "{"status":"Downloading","progressDetail":{"current":96147776,"total":108571409},"progress":"[============================================\u003e      ]  96.15MB/108.6MB","id":"a35465a6a76a"}[\r][\n]"
21:33:04.064 [docker-java-stream--2064336329] DEBUG com.github.dockerjava.zerodep.shaded.org.apache.hc.client5.http.wire - http-outgoing-1 << "[\r][\n]"
21:33:04.064 [docker-java-stream--2064336329] DEBUG com.github.dockerjava.api.command.PullImageResultCallback - ResponseItem(stream=null, status=Downloading, progressDetail=ResponseItem.ProgressDetail(current=96147776, total=108571409, start=null), progress=[============================================>      ]  96.15MB/108.6MB, id=a35465a6a76a, from=null, time=null, errorDetail=null, error=null, aux=null)
21:33:04.639 [docker-java-stream--2064336329] DEBUG com.github.dockerjava.zerodep.shaded.org.apache.hc.client5.http.wire - http-outgoing-1 << "bf[\r][\n]"
21:33:04.685 [docker-java-stream--2064336329] DEBUG com.github.dockerjava.zerodep.shaded.org.apache.hc.client5.http.wire - http-outgoing-1 << "{"status":"Downloading","progressDetail":{"current":96684352,"total":108571409},"progress":"[============================================\u003e      ]  96.68MB/108.6MB","id":"a35465a6a76a"}[\r][\n]"
21:33:05.039 [docker-java-stream--2064336329] DEBUG com.github.dockerjava.zerodep.shaded.org.apache.hc.client5.http.wire - http-outgoing-1 << "[\r][\n]"
21:33:05.040 [docker-java-stream--2064336329] DEBUG com.github.dockerjava.api.command.PullImageResultCallback - ResponseItem(stream=null, status=Downloading, progressDetail=ResponseItem.ProgressDetail(current=96684352, total=108571409, start=null), progress=[============================================>      ]  96.68MB/108.6MB, id=a35465a6a76a, from=null, time=null, errorDetail=null, error=null, aux=null)
21:33:05.128 [docker-java-stream--2064336329] DEBUG com.github.dockerjava.zerodep.shaded.org.apache.hc.client5.http.wire - http-outgoing-1 << "bf[\r][\n]"
21:33:05.128 [docker-java-stream--2064336329] DEBUG com.github.dockerjava.zerodep.shaded.org.apache.hc.client5.http.wire - http-outgoing-1 << "{"status":"Downloading","progressDetail":{"current":97225024,"total":108571409},"progress":"[============================================\u003e      ]  97.23MB/108.6MB","id":"a35465a6a76a"}[\r][\n]"
21:33:05.128 [docker-java-stream--2064336329] DEBUG com.github.dockerjava.zerodep.shaded.org.apache.hc.client5.http.wire - http-outgoing-1 << "[\r][\n]"
21:33:05.128 [docker-java-stream--2064336329] DEBUG com.github.dockerjava.api.command.PullImageResultCallback - ResponseItem(stream=null, status=Downloading, progressDetail=ResponseItem.ProgressDetail(current=97225024, total=108571409, start=null), progress=[============================================>      ]  97.23MB/108.6MB, id=a35465a6a76a, from=null, time=null, errorDetail=null, error=null, aux=null)
21:33:06.282 [docker-java-stream--2064336329] DEBUG com.github.dockerjava.zerodep.shaded.org.apache.hc.client5.http.wire - http-outgoing-1 << "bf[\r][\n]"
21:33:06.282 [docker-java-stream--2064336329] DEBUG com.github.dockerjava.zerodep.shaded.org.apache.hc.client5.http.wire - http-outgoing-1 << "{"status":"Downloading","progressDetail":{"current":97757504,"total":108571409},"progress":"[=============================================\u003e     ]  97.76MB/108.6MB","id":"a35465a6a76a"}[\r][\n]"
21:33:06.282 [docker-java-stream--2064336329] DEBUG com.github.dockerjava.zerodep.shaded.org.apache.hc.client5.http.wire - http-outgoing-1 << "[\r][\n]"
21:33:06.282 [docker-java-stream--2064336329] DEBUG com.github.dockerjava.api.command.PullImageResultCallback - ResponseItem(stream=null, status=Downloading, progressDetail=ResponseItem.ProgressDetail(current=97757504, total=108571409, start=null), progress=[=============================================>     ]  97.76MB/108.6MB, id=a35465a6a76a, from=null, time=null, errorDetail=null, error=null, aux=null)
21:33:06.496 [docker-java-stream--2064336329] DEBUG com.github.dockerjava.zerodep.shaded.org.apache.hc.client5.http.wire - http-outgoing-1 << "bf[\r][\n]"
21:33:06.496 [docker-java-stream--2064336329] DEBUG com.github.dockerjava.zerodep.shaded.org.apache.hc.client5.http.wire - http-outgoing-1 << "{"status":"Downloading","progressDetail":{"current":98298176,"total":108571409},"progress":"[=============================================\u003e     ]   98.3MB/108.6MB","id":"a35465a6a76a"}[\r][\n]"
21:33:06.496 [docker-java-stream--2064336329] DEBUG com.github.dockerjava.zerodep.shaded.org.apache.hc.client5.http.wire - http-outgoing-1 << "[\r][\n]"
21:33:06.496 [docker-java-stream--2064336329] DEBUG com.github.dockerjava.api.command.PullImageResultCallback - ResponseItem(stream=null, status=Downloading, progressDetail=ResponseItem.ProgressDetail(current=98298176, total=108571409, start=null), progress=[=============================================>     ]   98.3MB/108.6MB, id=a35465a6a76a, from=null, time=null, errorDetail=null, error=null, aux=null)
21:33:06.939 [docker-java-stream--2064336329] DEBUG com.github.dockerjava.zerodep.shaded.org.apache.hc.client5.http.wire - http-outgoing-1 << "bf[\r][\n]"
21:33:06.939 [docker-java-stream--2064336329] DEBUG com.github.dockerjava.zerodep.shaded.org.apache.hc.client5.http.wire - http-outgoing-1 << "{"status":"Downloading","progressDetail":{"current":98838848,"total":108571409},"progress":"[=============================================\u003e     ]  98.84MB/108.6MB","id":"a35465a6a76a"}[\r][\n]"
21:33:06.939 [docker-java-stream--2064336329] DEBUG com.github.dockerjava.zerodep.shaded.org.apache.hc.client5.http.wire - http-outgoing-1 << "[\r][\n]"
21:33:06.939 [docker-java-stream--2064336329] DEBUG com.github.dockerjava.api.command.PullImageResultCallback - ResponseItem(stream=null, status=Downloading, progressDetail=ResponseItem.ProgressDetail(current=98838848, total=108571409, start=null), progress=[=============================================>     ]  98.84MB/108.6MB, id=a35465a6a76a, from=null, time=null, errorDetail=null, error=null, aux=null)
21:33:07.454 [docker-java-stream--2064336329] DEBUG com.github.dockerjava.zerodep.shaded.org.apache.hc.client5.http.wire - http-outgoing-1 << "bd[\r][\n]"
21:33:07.454 [docker-java-stream--2064336329] DEBUG com.github.dockerjava.zerodep.shaded.org.apache.hc.client5.http.wire - http-outgoing-1 << "{"status":"Extracting","progressDetail":{"current":24772608,"total":29125963},"progress":"[==========================================\u003e        ]  24.77MB/29.13MB","id":"af107e978371"}[\r][\n]"
21:33:07.454 [docker-java-stream--2064336329] DEBUG com.github.dockerjava.zerodep.shaded.org.apache.hc.client5.http.wire - http-outgoing-1 << "[\r][\n]"
21:33:07.454 [docker-java-stream--2064336329] DEBUG com.github.dockerjava.api.command.PullImageResultCallback - ResponseItem(stream=null, status=Extracting, progressDetail=ResponseItem.ProgressDetail(current=24772608, total=29125963, start=null), progress=[==========================================>        ]  24.77MB/29.13MB, id=af107e978371, from=null, time=null, errorDetail=null, error=null, aux=null)
21:33:08.618 [docker-java-stream--2064336329] DEBUG com.github.dockerjava.zerodep.shaded.org.apache.hc.client5.http.wire - http-outgoing-1 << "bf[\r][\n]"
21:33:08.684 [docker-java-stream--2064336329] DEBUG com.github.dockerjava.zerodep.shaded.org.apache.hc.client5.http.wire - http-outgoing-1 << "{"status":"Downloading","progressDetail":{"current":99375424,"total":108571409},"progress":"[=============================================\u003e     ]  99.38MB/108.6MB","id":"a35465a6a76a"}[\r][\n]"
21:33:08.684 [docker-java-stream--2064336329] DEBUG com.github.dockerjava.zerodep.shaded.org.apache.hc.client5.http.wire - http-outgoing-1 << "[\r][\n]"
21:33:08.685 [docker-java-stream--2064336329] DEBUG com.github.dockerjava.api.command.PullImageResultCallback - ResponseItem(stream=null, status=Downloading, progressDetail=ResponseItem.ProgressDetail(current=99375424, total=108571409, start=null), progress=[=============================================>     ]  99.38MB/108.6MB, id=a35465a6a76a, from=null, time=null, errorDetail=null, error=null, aux=null)
21:33:09.870 [docker-java-stream--2064336329] DEBUG com.github.dockerjava.zerodep.shaded.org.apache.hc.client5.http.wire - http-outgoing-1 << "17c[\r][\n]"
21:33:09.870 [docker-java-stream--2064336329] DEBUG com.github.dockerjava.zerodep.shaded.org.apache.hc.client5.http.wire - http-outgoing-1 << "{"status":"Extracting","progressDetail":{"current":25067520,"total":29125963},"progress":"[===========================================\u003e       ]  25.07MB/29.13MB","id":"af107e978371"}[\r][\n]"
21:33:09.870 [docker-java-stream--2064336329] DEBUG com.github.dockerjava.zerodep.shaded.org.apache.hc.client5.http.wire - http-outgoing-1 << "{"status":"Downloading","progressDetail":{"current":99916096,"total":108571409},"progress":"[==============================================\u003e    ]  99.92MB/108.6MB","id":"a35465a6a76a"}[\r][\n]"
21:33:09.870 [docker-java-stream--2064336329] DEBUG com.github.dockerjava.zerodep.shaded.org.apache.hc.client5.http.wire - http-outgoing-1 << "[\r][\n]"
21:33:09.871 [docker-java-stream--2064336329] DEBUG com.github.dockerjava.api.command.PullImageResultCallback - ResponseItem(stream=null, status=Extracting, progressDetail=ResponseItem.ProgressDetail(current=25067520, total=29125963, start=null), progress=[===========================================>       ]  25.07MB/29.13MB, id=af107e978371, from=null, time=null, errorDetail=null, error=null, aux=null)
21:33:09.871 [docker-java-stream--2064336329] DEBUG com.github.dockerjava.api.command.PullImageResultCallback - ResponseItem(stream=null, status=Downloading, progressDetail=ResponseItem.ProgressDetail(current=99916096, total=108571409, start=null), progress=[==============================================>    ]  99.92MB/108.6MB, id=a35465a6a76a, from=null, time=null, errorDetail=null, error=null, aux=null)
21:33:10.898 [docker-java-stream--2064336329] DEBUG com.github.dockerjava.zerodep.shaded.org.apache.hc.client5.http.wire - http-outgoing-1 << "c0[\r][\n]"
21:33:10.899 [docker-java-stream--2064336329] DEBUG com.github.dockerjava.zerodep.shaded.org.apache.hc.client5.http.wire - http-outgoing-1 << "{"status":"Downloading","progressDetail":{"current":100448576,"total":108571409},"progress":"[==============================================\u003e    ]  100.4MB/108.6MB","id":"a35465a6a76a"}[\r][\n]"
21:33:10.899 [docker-java-stream--2064336329] DEBUG com.github.dockerjava.zerodep.shaded.org.apache.hc.client5.http.wire - http-outgoing-1 << "[\r][\n]"
21:33:10.899 [docker-java-stream--2064336329] DEBUG com.github.dockerjava.api.command.PullImageResultCallback - ResponseItem(stream=null, status=Downloading, progressDetail=ResponseItem.ProgressDetail(current=100448576, total=108571409, start=null), progress=[==============================================>    ]  100.4MB/108.6MB, id=a35465a6a76a, from=null, time=null, errorDetail=null, error=null, aux=null)
21:33:11.361 [docker-java-stream--2064336329] DEBUG com.github.dockerjava.zerodep.shaded.org.apache.hc.client5.http.wire - http-outgoing-1 << "c0[\r][\n]"
21:33:11.361 [docker-java-stream--2064336329] DEBUG com.github.dockerjava.zerodep.shaded.org.apache.hc.client5.http.wire - http-outgoing-1 << "{"status":"Downloading","progressDetail":{"current":100985152,"total":108571409},"progress":"[==============================================\u003e    ]    101MB/108.6MB","id":"a35465a6a76a"}[\r][\n]"
21:33:11.361 [docker-java-stream--2064336329] DEBUG com.github.dockerjava.zerodep.shaded.org.apache.hc.client5.http.wire - http-outgoing-1 << "[\r][\n]"
21:33:11.361 [docker-java-stream--2064336329] DEBUG com.github.dockerjava.api.command.PullImageResultCallback - ResponseItem(stream=null, status=Downloading, progressDetail=ResponseItem.ProgressDetail(current=100985152, total=108571409, start=null), progress=[==============================================>    ]    101MB/108.6MB, id=a35465a6a76a, from=null, time=null, errorDetail=null, error=null, aux=null)
21:33:11.423 [docker-java-stream--2064336329] DEBUG com.github.dockerjava.zerodep.shaded.org.apache.hc.client5.http.wire - http-outgoing-1 << "bd[\r][\n]"
21:33:11.423 [docker-java-stream--2064336329] DEBUG com.github.dockerjava.zerodep.shaded.org.apache.hc.client5.http.wire - http-outgoing-1 << "{"status":"Extracting","progressDetail":{"current":25362432,"total":29125963},"progress":"[===========================================\u003e       ]  25.36MB/29.13MB","id":"af107e978371"}[\r][\n]"
21:33:11.423 [docker-java-stream--2064336329] DEBUG com.github.dockerjava.zerodep.shaded.org.apache.hc.client5.http.wire - http-outgoing-1 << "[\r][\n]"
21:33:11.424 [docker-java-stream--2064336329] DEBUG com.github.dockerjava.api.command.PullImageResultCallback - ResponseItem(stream=null, status=Extracting, progressDetail=ResponseItem.ProgressDetail(current=25362432, total=29125963, start=null), progress=[===========================================>       ]  25.36MB/29.13MB, id=af107e978371, from=null, time=null, errorDetail=null, error=null, aux=null)
21:33:11.923 [docker-java-stream--2064336329] DEBUG com.github.dockerjava.zerodep.shaded.org.apache.hc.client5.http.wire - http-outgoing-1 << "c0[\r][\n]"
21:33:11.923 [docker-java-stream--2064336329] DEBUG com.github.dockerjava.zerodep.shaded.org.apache.hc.client5.http.wire - http-outgoing-1 << "{"status":"Downloading","progressDetail":{"current":101525824,"total":108571409},"progress":"[==============================================\u003e    ]  101.5MB/108.6MB","id":"a35465a6a76a"}[\r][\n]"
21:33:11.923 [docker-java-stream--2064336329] DEBUG com.github.dockerjava.zerodep.shaded.org.apache.hc.client5.http.wire - http-outgoing-1 << "[\r][\n]"
21:33:11.923 [docker-java-stream--2064336329] DEBUG com.github.dockerjava.api.command.PullImageResultCallback - ResponseItem(stream=null, status=Downloading, progressDetail=ResponseItem.ProgressDetail(current=101525824, total=108571409, start=null), progress=[==============================================>    ]  101.5MB/108.6MB, id=a35465a6a76a, from=null, time=null, errorDetail=null, error=null, aux=null)
21:33:12.174 [docker-java-stream--2064336329] DEBUG com.github.dockerjava.zerodep.shaded.org.apache.hc.client5.http.wire - http-outgoing-1 << "c0[\r][\n]"
21:33:12.174 [docker-java-stream--2064336329] DEBUG com.github.dockerjava.zerodep.shaded.org.apache.hc.client5.http.wire - http-outgoing-1 << "{"status":"Downloading","progressDetail":{"current":102058304,"total":108571409},"progress":"[===============================================\u003e   ]  102.1MB/108.6MB","id":"a35465a6a76a"}[\r][\n]"
21:33:12.175 [docker-java-stream--2064336329] DEBUG com.github.dockerjava.zerodep.shaded.org.apache.hc.client5.http.wire - http-outgoing-1 << "[\r][\n]"
21:33:12.175 [docker-java-stream--2064336329] DEBUG com.github.dockerjava.api.command.PullImageResultCallback - ResponseItem(stream=null, status=Downloading, progressDetail=ResponseItem.ProgressDetail(current=102058304, total=108571409, start=null), progress=[===============================================>   ]  102.1MB/108.6MB, id=a35465a6a76a, from=null, time=null, errorDetail=null, error=null, aux=null)
21:33:12.469 [docker-java-stream--2064336329] DEBUG com.github.dockerjava.zerodep.shaded.org.apache.hc.client5.http.wire - http-outgoing-1 << "bd[\r][\n]"
21:33:12.469 [docker-java-stream--2064336329] DEBUG com.github.dockerjava.zerodep.shaded.org.apache.hc.client5.http.wire - http-outgoing-1 << "{"status":"Extracting","progressDetail":{"current":25657344,"total":29125963},"progress":"[============================================\u003e      ]  25.66MB/29.13MB","id":"af107e978371"}[\r][\n]"
21:33:12.469 [docker-java-stream--2064336329] DEBUG com.github.dockerjava.zerodep.shaded.org.apache.hc.client5.http.wire - http-outgoing-1 << "[\r][\n]"
21:33:12.470 [docker-java-stream--2064336329] DEBUG com.github.dockerjava.api.command.PullImageResultCallback - ResponseItem(stream=null, status=Extracting, progressDetail=ResponseItem.ProgressDetail(current=25657344, total=29125963, start=null), progress=[============================================>      ]  25.66MB/29.13MB, id=af107e978371, from=null, time=null, errorDetail=null, error=null, aux=null)
21:33:12.560 [docker-java-stream--2064336329] DEBUG com.github.dockerjava.zerodep.shaded.org.apache.hc.client5.http.wire - http-outgoing-1 << "c0[\r][\n]"
21:33:12.560 [docker-java-stream--2064336329] DEBUG com.github.dockerjava.zerodep.shaded.org.apache.hc.client5.http.wire - http-outgoing-1 << "{"status":"Downloading","progressDetail":{"current":102598976,"total":108571409},"progress":"[===============================================\u003e   ]  102.6MB/108.6MB","id":"a35465a6a76a"}[\r][\n]"
21:33:12.561 [docker-java-stream--2064336329] DEBUG com.github.dockerjava.zerodep.shaded.org.apache.hc.client5.http.wire - http-outgoing-1 << "[\r][\n]"
21:33:12.561 [docker-java-stream--2064336329] DEBUG com.github.dockerjava.api.command.PullImageResultCallback - ResponseItem(stream=null, status=Downloading, progressDetail=ResponseItem.ProgressDetail(current=102598976, total=108571409, start=null), progress=[===============================================>   ]  102.6MB/108.6MB, id=a35465a6a76a, from=null, time=null, errorDetail=null, error=null, aux=null)
21:33:12.963 [docker-java-stream--2064336329] DEBUG com.github.dockerjava.zerodep.shaded.org.apache.hc.client5.http.wire - http-outgoing-1 << "bd[\r][\n]"
21:33:12.964 [docker-java-stream--2064336329] DEBUG com.github.dockerjava.zerodep.shaded.org.apache.hc.client5.http.wire - http-outgoing-1 << "{"status":"Extracting","progressDetail":{"current":25952256,"total":29125963},"progress":"[============================================\u003e      ]  25.95MB/29.13MB","id":"af107e978371"}[\r][\n]"
21:33:12.964 [docker-java-stream--2064336329] DEBUG com.github.dockerjava.zerodep.shaded.org.apache.hc.client5.http.wire - http-outgoing-1 << "[\r][\n]"
21:33:12.964 [docker-java-stream--2064336329] DEBUG com.github.dockerjava.api.command.PullImageResultCallback - ResponseItem(stream=null, status=Extracting, progressDetail=ResponseItem.ProgressDetail(current=25952256, total=29125963, start=null), progress=[============================================>      ]  25.95MB/29.13MB, id=af107e978371, from=null, time=null, errorDetail=null, error=null, aux=null)
21:33:13.326 [docker-java-stream--2064336329] DEBUG com.github.dockerjava.zerodep.shaded.org.apache.hc.client5.http.wire - http-outgoing-1 << "c0[\r][\n]"
21:33:13.326 [docker-java-stream--2064336329] DEBUG com.github.dockerjava.zerodep.shaded.org.apache.hc.client5.http.wire - http-outgoing-1 << "{"status":"Downloading","progressDetail":{"current":103131456,"total":108571409},"progress":"[===============================================\u003e   ]  103.1MB/108.6MB","id":"a35465a6a76a"}[\r][\n]"
21:33:13.326 [docker-java-stream--2064336329] DEBUG com.github.dockerjava.zerodep.shaded.org.apache.hc.client5.http.wire - http-outgoing-1 << "[\r][\n]"
21:33:13.326 [docker-java-stream--2064336329] DEBUG com.github.dockerjava.api.command.PullImageResultCallback - ResponseItem(stream=null, status=Downloading, progressDetail=ResponseItem.ProgressDetail(current=103131456, total=108571409, start=null), progress=[===============================================>   ]  103.1MB/108.6MB, id=a35465a6a76a, from=null, time=null, errorDetail=null, error=null, aux=null)
21:33:13.658 [docker-java-stream--2064336329] DEBUG com.github.dockerjava.zerodep.shaded.org.apache.hc.client5.http.wire - http-outgoing-1 << "c0[\r][\n]"
21:33:13.658 [docker-java-stream--2064336329] DEBUG com.github.dockerjava.zerodep.shaded.org.apache.hc.client5.http.wire - http-outgoing-1 << "{"status":"Downloading","progressDetail":{"current":103659840,"total":108571409},"progress":"[===============================================\u003e   ]  103.7MB/108.6MB","id":"a35465a6a76a"}[\r][\n]"
21:33:13.658 [docker-java-stream--2064336329] DEBUG com.github.dockerjava.zerodep.shaded.org.apache.hc.client5.http.wire - http-outgoing-1 << "[\r][\n]"
21:33:13.658 [docker-java-stream--2064336329] DEBUG com.github.dockerjava.api.command.PullImageResultCallback - ResponseItem(stream=null, status=Downloading, progressDetail=ResponseItem.ProgressDetail(current=103659840, total=108571409, start=null), progress=[===============================================>   ]  103.7MB/108.6MB, id=a35465a6a76a, from=null, time=null, errorDetail=null, error=null, aux=null)
21:33:14.033 [docker-java-stream--2064336329] DEBUG com.github.dockerjava.zerodep.shaded.org.apache.hc.client5.http.wire - http-outgoing-1 << "bd[\r][\n]"
21:33:14.033 [docker-java-stream--2064336329] DEBUG com.github.dockerjava.zerodep.shaded.org.apache.hc.client5.http.wire - http-outgoing-1 << "{"status":"Extracting","progressDetail":{"current":26247168,"total":29125963},"progress":"[=============================================\u003e     ]  26.25MB/29.13MB","id":"af107e978371"}[\r][\n]"
21:33:14.033 [docker-java-stream--2064336329] DEBUG com.github.dockerjava.zerodep.shaded.org.apache.hc.client5.http.wire - http-outgoing-1 << "[\r][\n]"
21:33:14.034 [docker-java-stream--2064336329] DEBUG com.github.dockerjava.api.command.PullImageResultCallback - ResponseItem(stream=null, status=Extracting, progressDetail=ResponseItem.ProgressDetail(current=26247168, total=29125963, start=null), progress=[=============================================>     ]  26.25MB/29.13MB, id=af107e978371, from=null, time=null, errorDetail=null, error=null, aux=null)
21:33:14.149 [docker-java-stream--2064336329] DEBUG com.github.dockerjava.zerodep.shaded.org.apache.hc.client5.http.wire - http-outgoing-1 << "c0[\r][\n]"
21:33:14.149 [docker-java-stream--2064336329] DEBUG com.github.dockerjava.zerodep.shaded.org.apache.hc.client5.http.wire - http-outgoing-1 << "{"status":"Downloading","progressDetail":{"current":104200512,"total":108571409},"progress":"[===============================================\u003e   ]  104.2MB/108.6MB","id":"a35465a6a76a"}[\r][\n]"
21:33:14.149 [docker-java-stream--2064336329] DEBUG com.github.dockerjava.zerodep.shaded.org.apache.hc.client5.http.wire - http-outgoing-1 << "[\r][\n]"
21:33:14.149 [docker-java-stream--2064336329] DEBUG com.github.dockerjava.api.command.PullImageResultCallback - ResponseItem(stream=null, status=Downloading, progressDetail=ResponseItem.ProgressDetail(current=104200512, total=108571409, start=null), progress=[===============================================>   ]  104.2MB/108.6MB, id=a35465a6a76a, from=null, time=null, errorDetail=null, error=null, aux=null)
21:33:14.592 [docker-java-stream--2064336329] DEBUG com.github.dockerjava.zerodep.shaded.org.apache.hc.client5.http.wire - http-outgoing-1 << "c0[\r][\n]"
21:33:14.592 [docker-java-stream--2064336329] DEBUG com.github.dockerjava.zerodep.shaded.org.apache.hc.client5.http.wire - http-outgoing-1 << "{"status":"Downloading","progressDetail":{"current":104737088,"total":108571409},"progress":"[================================================\u003e  ]  104.7MB/108.6MB","id":"a35465a6a76a"}[\r][\n]"
21:33:14.592 [docker-java-stream--2064336329] DEBUG com.github.dockerjava.zerodep.shaded.org.apache.hc.client5.http.wire - http-outgoing-1 << "[\r][\n]"
21:33:14.593 [docker-java-stream--2064336329] DEBUG com.github.dockerjava.api.command.PullImageResultCallback - ResponseItem(stream=null, status=Downloading, progressDetail=ResponseItem.ProgressDetail(current=104737088, total=108571409, start=null), progress=[================================================>  ]  104.7MB/108.6MB, id=a35465a6a76a, from=null, time=null, errorDetail=null, error=null, aux=null)
21:33:14.690 [docker-java-stream--2064336329] DEBUG com.github.dockerjava.zerodep.shaded.org.apache.hc.client5.http.wire - http-outgoing-1 << "bd[\r][\n]"
21:33:14.690 [docker-java-stream--2064336329] DEBUG com.github.dockerjava.zerodep.shaded.org.apache.hc.client5.http.wire - http-outgoing-1 << "{"status":"Extracting","progressDetail":{"current":26542080,"total":29125963},"progress":"[=============================================\u003e     ]  26.54MB/29.13MB","id":"af107e978371"}[\r][\n]"
21:33:14.690 [docker-java-stream--2064336329] DEBUG com.github.dockerjava.zerodep.shaded.org.apache.hc.client5.http.wire - http-outgoing-1 << "[\r][\n]"
21:33:14.690 [docker-java-stream--2064336329] DEBUG com.github.dockerjava.api.command.PullImageResultCallback - ResponseItem(stream=null, status=Extracting, progressDetail=ResponseItem.ProgressDetail(current=26542080, total=29125963, start=null), progress=[=============================================>     ]  26.54MB/29.13MB, id=af107e978371, from=null, time=null, errorDetail=null, error=null, aux=null)
21:33:14.703 [docker-java-stream--2064336329] DEBUG com.github.dockerjava.zerodep.shaded.org.apache.hc.client5.http.wire - http-outgoing-1 << "c0[\r][\n]"
21:33:14.703 [docker-java-stream--2064336329] DEBUG com.github.dockerjava.zerodep.shaded.org.apache.hc.client5.http.wire - http-outgoing-1 << "{"status":"Downloading","progressDetail":{"current":105269568,"total":108571409},"progress":"[================================================\u003e  ]  105.3MB/108.6MB","id":"a35465a6a76a"}[\r][\n]"
21:33:14.703 [docker-java-stream--2064336329] DEBUG com.github.dockerjava.zerodep.shaded.org.apache.hc.client5.http.wire - http-outgoing-1 << "[\r][\n]"
21:33:14.704 [docker-java-stream--2064336329] DEBUG com.github.dockerjava.api.command.PullImageResultCallback - ResponseItem(stream=null, status=Downloading, progressDetail=ResponseItem.ProgressDetail(current=105269568, total=108571409, start=null), progress=[================================================>  ]  105.3MB/108.6MB, id=a35465a6a76a, from=null, time=null, errorDetail=null, error=null, aux=null)
21:33:14.915 [docker-java-stream--2064336329] DEBUG com.github.dockerjava.zerodep.shaded.org.apache.hc.client5.http.wire - http-outgoing-1 << "c0[\r][\n]"
21:33:14.915 [docker-java-stream--2064336329] DEBUG com.github.dockerjava.zerodep.shaded.org.apache.hc.client5.http.wire - http-outgoing-1 << "{"status":"Downloading","progressDetail":{"current":105797952,"total":108571409},"progress":"[================================================\u003e  ]  105.8MB/108.6MB","id":"a35465a6a76a"}[\r][\n]"
21:33:14.915 [docker-java-stream--2064336329] DEBUG com.github.dockerjava.zerodep.shaded.org.apache.hc.client5.http.wire - http-outgoing-1 << "[\r][\n]"
21:33:14.916 [docker-java-stream--2064336329] DEBUG com.github.dockerjava.api.command.PullImageResultCallback - ResponseItem(stream=null, status=Downloading, progressDetail=ResponseItem.ProgressDetail(current=105797952, total=108571409, start=null), progress=[================================================>  ]  105.8MB/108.6MB, id=a35465a6a76a, from=null, time=null, errorDetail=null, error=null, aux=null)
21:33:15.154 [docker-java-stream--2064336329] DEBUG com.github.dockerjava.zerodep.shaded.org.apache.hc.client5.http.wire - http-outgoing-1 << "c0[\r][\n]"
21:33:15.154 [docker-java-stream--2064336329] DEBUG com.github.dockerjava.zerodep.shaded.org.apache.hc.client5.http.wire - http-outgoing-1 << "{"status":"Downloading","progressDetail":{"current":106338624,"total":108571409},"progress":"[================================================\u003e  ]  106.3MB/108.6MB","id":"a35465a6a76a"}[\r][\n]"
21:33:15.154 [docker-java-stream--2064336329] DEBUG com.github.dockerjava.zerodep.shaded.org.apache.hc.client5.http.wire - http-outgoing-1 << "[\r][\n]"
21:33:15.155 [docker-java-stream--2064336329] DEBUG com.github.dockerjava.api.command.PullImageResultCallback - ResponseItem(stream=null, status=Downloading, progressDetail=ResponseItem.ProgressDetail(current=106338624, total=108571409, start=null), progress=[================================================>  ]  106.3MB/108.6MB, id=a35465a6a76a, from=null, time=null, errorDetail=null, error=null, aux=null)
21:33:15.275 [docker-java-stream--2064336329] DEBUG com.github.dockerjava.zerodep.shaded.org.apache.hc.client5.http.wire - http-outgoing-1 << "bd[\r][\n]"
21:33:15.407 [docker-java-stream--2064336329] DEBUG com.github.dockerjava.zerodep.shaded.org.apache.hc.client5.http.wire - http-outgoing-1 << "{"status":"Extracting","progressDetail":{"current":26836992,"total":29125963},"progress":"[==============================================\u003e    ]  26.84MB/29.13MB","id":"af107e978371"}[\r][\n]"
21:33:15.407 [docker-java-stream--2064336329] DEBUG com.github.dockerjava.zerodep.shaded.org.apache.hc.client5.http.wire - http-outgoing-1 << "[\r][\n]"
21:33:15.408 [docker-java-stream--2064336329] DEBUG com.github.dockerjava.api.command.PullImageResultCallback - ResponseItem(stream=null, status=Extracting, progressDetail=ResponseItem.ProgressDetail(current=26836992, total=29125963, start=null), progress=[==============================================>    ]  26.84MB/29.13MB, id=af107e978371, from=null, time=null, errorDetail=null, error=null, aux=null)
21:33:15.580 [docker-java-stream--2064336329] DEBUG com.github.dockerjava.zerodep.shaded.org.apache.hc.client5.http.wire - http-outgoing-1 << "c0[\r][\n]"
21:33:15.580 [docker-java-stream--2064336329] DEBUG com.github.dockerjava.zerodep.shaded.org.apache.hc.client5.http.wire - http-outgoing-1 << "{"status":"Downloading","progressDetail":{"current":106871104,"total":108571409},"progress":"[=================================================\u003e ]  106.9MB/108.6MB","id":"a35465a6a76a"}[\r][\n]"
21:33:15.580 [docker-java-stream--2064336329] DEBUG com.github.dockerjava.zerodep.shaded.org.apache.hc.client5.http.wire - http-outgoing-1 << "[\r][\n]"
21:33:15.581 [docker-java-stream--2064336329] DEBUG com.github.dockerjava.api.command.PullImageResultCallback - ResponseItem(stream=null, status=Downloading, progressDetail=ResponseItem.ProgressDetail(current=106871104, total=108571409, start=null), progress=[=================================================> ]  106.9MB/108.6MB, id=a35465a6a76a, from=null, time=null, errorDetail=null, error=null, aux=null)
21:33:16.943 [docker-java-stream--2064336329] DEBUG com.github.dockerjava.zerodep.shaded.org.apache.hc.client5.http.wire - http-outgoing-1 << "c0[\r][\n]"
21:33:16.943 [docker-java-stream--2064336329] DEBUG com.github.dockerjava.zerodep.shaded.org.apache.hc.client5.http.wire - http-outgoing-1 << "{"status":"Downloading","progressDetail":{"current":107407680,"total":108571409},"progress":"[=================================================\u003e ]  107.4MB/108.6MB","id":"a35465a6a76a"}[\r][\n]"
21:33:16.943 [docker-java-stream--2064336329] DEBUG com.github.dockerjava.zerodep.shaded.org.apache.hc.client5.http.wire - http-outgoing-1 << "[\r][\n]"
21:33:16.943 [docker-java-stream--2064336329] DEBUG com.github.dockerjava.api.command.PullImageResultCallback - ResponseItem(stream=null, status=Downloading, progressDetail=ResponseItem.ProgressDetail(current=107407680, total=108571409, start=null), progress=[=================================================> ]  107.4MB/108.6MB, id=a35465a6a76a, from=null, time=null, errorDetail=null, error=null, aux=null)
21:33:18.118 [docker-java-stream--2064336329] DEBUG com.github.dockerjava.zerodep.shaded.org.apache.hc.client5.http.wire - http-outgoing-1 << "c0[\r][\n]"
21:33:18.119 [docker-java-stream--2064336329] DEBUG com.github.dockerjava.zerodep.shaded.org.apache.hc.client5.http.wire - http-outgoing-1 << "{"status":"Downloading","progressDetail":{"current":107940160,"total":108571409},"progress":"[=================================================\u003e ]  107.9MB/108.6MB","id":"a35465a6a76a"}[\r][\n]"
21:33:18.119 [docker-java-stream--2064336329] DEBUG com.github.dockerjava.zerodep.shaded.org.apache.hc.client5.http.wire - http-outgoing-1 << "[\r][\n]"
21:33:18.119 [docker-java-stream--2064336329] DEBUG com.github.dockerjava.api.command.PullImageResultCallback - ResponseItem(stream=null, status=Downloading, progressDetail=ResponseItem.ProgressDetail(current=107940160, total=108571409, start=null), progress=[=================================================> ]  107.9MB/108.6MB, id=a35465a6a76a, from=null, time=null, errorDetail=null, error=null, aux=null)
21:33:18.958 [docker-java-stream--2064336329] DEBUG com.github.dockerjava.zerodep.shaded.org.apache.hc.client5.http.wire - http-outgoing-1 << "bd[\r][\n]"
21:33:18.958 [docker-java-stream--2064336329] DEBUG com.github.dockerjava.zerodep.shaded.org.apache.hc.client5.http.wire - http-outgoing-1 << "{"status":"Extracting","progressDetail":{"current":27131904,"total":29125963},"progress":"[==============================================\u003e    ]  27.13MB/29.13MB","id":"af107e978371"}[\r][\n]"
21:33:18.958 [docker-java-stream--2064336329] DEBUG com.github.dockerjava.zerodep.shaded.org.apache.hc.client5.http.wire - http-outgoing-1 << "[\r][\n]"
21:33:18.959 [docker-java-stream--2064336329] DEBUG com.github.dockerjava.api.command.PullImageResultCallback - ResponseItem(stream=null, status=Extracting, progressDetail=ResponseItem.ProgressDetail(current=27131904, total=29125963, start=null), progress=[==============================================>    ]  27.13MB/29.13MB, id=af107e978371, from=null, time=null, errorDetail=null, error=null, aux=null)
21:33:19.048 [docker-java-stream--2064336329] DEBUG com.github.dockerjava.zerodep.shaded.org.apache.hc.client5.http.wire - http-outgoing-1 << "c0[\r][\n]"
21:33:19.048 [docker-java-stream--2064336329] DEBUG com.github.dockerjava.zerodep.shaded.org.apache.hc.client5.http.wire - http-outgoing-1 << "{"status":"Downloading","progressDetail":{"current":108480832,"total":108571409},"progress":"[=================================================\u003e ]  108.5MB/108.6MB","id":"a35465a6a76a"}[\r][\n]"
21:33:19.048 [docker-java-stream--2064336329] DEBUG com.github.dockerjava.zerodep.shaded.org.apache.hc.client5.http.wire - http-outgoing-1 << "[\r][\n]"
21:33:19.048 [docker-java-stream--2064336329] DEBUG com.github.dockerjava.api.command.PullImageResultCallback - ResponseItem(stream=null, status=Downloading, progressDetail=ResponseItem.ProgressDetail(current=108480832, total=108571409, start=null), progress=[=================================================> ]  108.5MB/108.6MB, id=a35465a6a76a, from=null, time=null, errorDetail=null, error=null, aux=null)
21:33:19.179 [docker-java-stream--2064336329] DEBUG com.github.dockerjava.zerodep.shaded.org.apache.hc.client5.http.wire - http-outgoing-1 << "48[\r][\n]"
21:33:19.179 [docker-java-stream--2064336329] DEBUG com.github.dockerjava.zerodep.shaded.org.apache.hc.client5.http.wire - http-outgoing-1 << "{"status":"Download complete","progressDetail":{},"id":"a35465a6a76a"}[\r][\n]"
21:33:19.179 [docker-java-stream--2064336329] DEBUG com.github.dockerjava.zerodep.shaded.org.apache.hc.client5.http.wire - http-outgoing-1 << "[\r][\n]"
21:33:19.179 [docker-java-stream--2064336329] DEBUG com.github.dockerjava.api.command.PullImageResultCallback - ResponseItem(stream=null, status=Download complete, progressDetail=ResponseItem.ProgressDetail(current=null, total=null, start=null), progress=null, id=a35465a6a76a, from=null, time=null, errorDetail=null, error=null, aux=null)
21:33:19.181 [docker-java-stream--2064336329] INFO tc.postgres:16.1 - Pulling image layers:  0 pending, 14 downloaded,  0 extracted, (144 MB/145 MB)
21:33:19.487 [docker-java-stream--2064336329] DEBUG com.github.dockerjava.zerodep.shaded.org.apache.hc.client5.http.wire - http-outgoing-1 << "bd[\r][\n]"
21:33:19.487 [docker-java-stream--2064336329] DEBUG com.github.dockerjava.zerodep.shaded.org.apache.hc.client5.http.wire - http-outgoing-1 << "{"status":"Extracting","progressDetail":{"current":27426816,"total":29125963},"progress":"[===============================================\u003e   ]  27.43MB/29.13MB","id":"af107e978371"}[\r][\n]"
21:33:19.487 [docker-java-stream--2064336329] DEBUG com.github.dockerjava.zerodep.shaded.org.apache.hc.client5.http.wire - http-outgoing-1 << "[\r][\n]"
21:33:19.487 [docker-java-stream--2064336329] DEBUG com.github.dockerjava.api.command.PullImageResultCallback - ResponseItem(stream=null, status=Extracting, progressDetail=ResponseItem.ProgressDetail(current=27426816, total=29125963, start=null), progress=[===============================================>   ]  27.43MB/29.13MB, id=af107e978371, from=null, time=null, errorDetail=null, error=null, aux=null)
21:33:23.552 [docker-java-stream--2064336329] DEBUG com.github.dockerjava.zerodep.shaded.org.apache.hc.client5.http.wire - http-outgoing-1 << "bd[\r][\n]"
21:33:23.552 [docker-java-stream--2064336329] DEBUG com.github.dockerjava.zerodep.shaded.org.apache.hc.client5.http.wire - http-outgoing-1 << "{"status":"Extracting","progressDetail":{"current":27721728,"total":29125963},"progress":"[===============================================\u003e   ]  27.72MB/29.13MB","id":"af107e978371"}[\r][\n]"
21:33:23.552 [docker-java-stream--2064336329] DEBUG com.github.dockerjava.zerodep.shaded.org.apache.hc.client5.http.wire - http-outgoing-1 << "[\r][\n]"
21:33:23.552 [docker-java-stream--2064336329] DEBUG com.github.dockerjava.api.command.PullImageResultCallback - ResponseItem(stream=null, status=Extracting, progressDetail=ResponseItem.ProgressDetail(current=27721728, total=29125963, start=null), progress=[===============================================>   ]  27.72MB/29.13MB, id=af107e978371, from=null, time=null, errorDetail=null, error=null, aux=null)
21:33:29.054 [docker-java-stream--2064336329] DEBUG com.github.dockerjava.zerodep.shaded.org.apache.hc.client5.http.wire - http-outgoing-1 << "bd[\r][\n]"
21:33:29.054 [docker-java-stream--2064336329] DEBUG com.github.dockerjava.zerodep.shaded.org.apache.hc.client5.http.wire - http-outgoing-1 << "{"status":"Extracting","progressDetail":{"current":28016640,"total":29125963},"progress":"[================================================\u003e  ]  28.02MB/29.13MB","id":"af107e978371"}[\r][\n]"
21:33:29.054 [docker-java-stream--2064336329] DEBUG com.github.dockerjava.zerodep.shaded.org.apache.hc.client5.http.wire - http-outgoing-1 << "[\r][\n]"
21:33:29.055 [docker-java-stream--2064336329] DEBUG com.github.dockerjava.api.command.PullImageResultCallback - ResponseItem(stream=null, status=Extracting, progressDetail=ResponseItem.ProgressDetail(current=28016640, total=29125963, start=null), progress=[================================================>  ]  28.02MB/29.13MB, id=af107e978371, from=null, time=null, errorDetail=null, error=null, aux=null)
21:33:45.657 [docker-java-stream--2064336329] DEBUG com.github.dockerjava.zerodep.shaded.org.apache.hc.client5.http.wire - http-outgoing-1 << "bd[\r][\n]"
21:33:45.658 [docker-java-stream--2064336329] DEBUG com.github.dockerjava.zerodep.shaded.org.apache.hc.client5.http.wire - http-outgoing-1 << "{"status":"Extracting","progressDetail":{"current":28311552,"total":29125963},"progress":"[================================================\u003e  ]  28.31MB/29.13MB","id":"af107e978371"}[\r][\n]"
21:33:45.658 [docker-java-stream--2064336329] DEBUG com.github.dockerjava.zerodep.shaded.org.apache.hc.client5.http.wire - http-outgoing-1 << "[\r][\n]"
21:33:45.659 [docker-java-stream--2064336329] DEBUG com.github.dockerjava.api.command.PullImageResultCallback - ResponseItem(stream=null, status=Extracting, progressDetail=ResponseItem.ProgressDetail(current=28311552, total=29125963, start=null), progress=[================================================>  ]  28.31MB/29.13MB, id=af107e978371, from=null, time=null, errorDetail=null, error=null, aux=null)
21:33:49.268 [docker-java-stream--2064336329] DEBUG com.github.dockerjava.zerodep.shaded.org.apache.hc.client5.http.wire - http-outgoing-1 << "bd[\r][\n]"
21:33:49.269 [docker-java-stream--2064336329] DEBUG com.github.dockerjava.zerodep.shaded.org.apache.hc.client5.http.wire - http-outgoing-1 << "{"status":"Extracting","progressDetail":{"current":28606464,"total":29125963},"progress":"[=================================================\u003e ]  28.61MB/29.13MB","id":"af107e978371"}[\r][\n]"
21:33:49.269 [docker-java-stream--2064336329] DEBUG com.github.dockerjava.zerodep.shaded.org.apache.hc.client5.http.wire - http-outgoing-1 << "[\r][\n]"
21:33:49.269 [docker-java-stream--2064336329] DEBUG com.github.dockerjava.api.command.PullImageResultCallback - ResponseItem(stream=null, status=Extracting, progressDetail=ResponseItem.ProgressDetail(current=28606464, total=29125963, start=null), progress=[=================================================> ]  28.61MB/29.13MB, id=af107e978371, from=null, time=null, errorDetail=null, error=null, aux=null)
21:33:52.043 [docker-java-stream--2064336329] DEBUG com.github.dockerjava.zerodep.shaded.org.apache.hc.client5.http.wire - http-outgoing-1 << "bd[\r][\n]"
21:33:52.043 [docker-java-stream--2064336329] DEBUG com.github.dockerjava.zerodep.shaded.org.apache.hc.client5.http.wire - http-outgoing-1 << "{"status":"Extracting","progressDetail":{"current":28901376,"total":29125963},"progress":"[=================================================\u003e ]   28.9MB/29.13MB","id":"af107e978371"}[\r][\n]"
21:33:52.043 [docker-java-stream--2064336329] DEBUG com.github.dockerjava.zerodep.shaded.org.apache.hc.client5.http.wire - http-outgoing-1 << "[\r][\n]"
21:33:52.044 [docker-java-stream--2064336329] DEBUG com.github.dockerjava.api.command.PullImageResultCallback - ResponseItem(stream=null, status=Extracting, progressDetail=ResponseItem.ProgressDetail(current=28901376, total=29125963, start=null), progress=[=================================================> ]   28.9MB/29.13MB, id=af107e978371, from=null, time=null, errorDetail=null, error=null, aux=null)
21:34:17.607 [docker-java-stream--2064336329] DEBUG com.github.dockerjava.zerodep.shaded.org.apache.hc.client5.http.wire - http-outgoing-1 << "bd[\r][\n]"
21:34:17.607 [docker-java-stream--2064336329] DEBUG com.github.dockerjava.zerodep.shaded.org.apache.hc.client5.http.wire - http-outgoing-1 << "{"status":"Extracting","progressDetail":{"current":29125963,"total":29125963},"progress":"[==================================================\u003e]  29.13MB/29.13MB","id":"af107e978371"}[\r][\n]"
21:34:17.607 [docker-java-stream--2064336329] DEBUG com.github.dockerjava.zerodep.shaded.org.apache.hc.client5.http.wire - http-outgoing-1 << "[\r][\n]"
21:34:17.607 [docker-java-stream--2064336329] DEBUG com.github.dockerjava.api.command.PullImageResultCallback - ResponseItem(stream=null, status=Extracting, progressDetail=ResponseItem.ProgressDetail(current=29125963, total=29125963, start=null), progress=[==================================================>]  29.13MB/29.13MB, id=af107e978371, from=null, time=null, errorDetail=null, error=null, aux=null)
21:34:17.607 [docker-java-stream--2064336329] DEBUG com.github.dockerjava.zerodep.shaded.org.apache.hc.client5.http.wire - http-outgoing-1 << "44[\r][\n]"
21:34:17.607 [docker-java-stream--2064336329] DEBUG com.github.dockerjava.zerodep.shaded.org.apache.hc.client5.http.wire - http-outgoing-1 << "{"status":"Pull complete","progressDetail":{},"id":"af107e978371"}[\r][\n]"
21:34:17.607 [docker-java-stream--2064336329] DEBUG com.github.dockerjava.zerodep.shaded.org.apache.hc.client5.http.wire - http-outgoing-1 << "[\r][\n]"
21:34:17.607 [docker-java-stream--2064336329] DEBUG com.github.dockerjava.zerodep.shaded.org.apache.hc.client5.http.wire - http-outgoing-1 << "b5[\r][\n]"
21:34:17.607 [docker-java-stream--2064336329] DEBUG com.github.dockerjava.zerodep.shaded.org.apache.hc.client5.http.wire - http-outgoing-1 << "{"status":"Extracting","progressDetail":{"current":1165,"total":1165},"progress":"[==================================================\u003e]  1.165kB/1.165kB","id":"85f7bca87921"}[\r][\n]"
21:34:17.607 [docker-java-stream--2064336329] DEBUG com.github.dockerjava.zerodep.shaded.org.apache.hc.client5.http.wire - http-outgoing-1 << "[\r][\n]"
21:34:17.607 [docker-java-stream--2064336329] DEBUG com.github.dockerjava.zerodep.shaded.org.apache.hc.client5.http.wire - http-outgoing-1 << "b5[\r][\n]"
21:34:17.607 [docker-java-stream--2064336329] DEBUG com.github.dockerjava.zerodep.shaded.org.apache.hc.client5.http.wire - http-outgoing-1 << "{"status":"Extracting","progressDetail":{"current":1165,"total":1165},"progress":"[==================================================\u003e]  1.165kB/1.165kB","id":"85f7bca87921"}[\r][\n]"
21:34:17.607 [docker-java-stream--2064336329] DEBUG com.github.dockerjava.zerodep.shaded.org.apache.hc.client5.http.wire - http-outgoing-1 << "[\r][\n]"
21:34:17.607 [docker-java-stream--2064336329] DEBUG com.github.dockerjava.api.command.PullImageResultCallback - ResponseItem(stream=null, status=Pull complete, progressDetail=ResponseItem.ProgressDetail(current=null, total=null, start=null), progress=null, id=af107e978371, from=null, time=null, errorDetail=null, error=null, aux=null)
21:34:17.609 [docker-java-stream--2064336329] INFO tc.postgres:16.1 - Pulling image layers:  0 pending, 14 downloaded,  1 extracted, (144 MB/145 MB)
21:34:17.609 [docker-java-stream--2064336329] DEBUG com.github.dockerjava.api.command.PullImageResultCallback - ResponseItem(stream=null, status=Extracting, progressDetail=ResponseItem.ProgressDetail(current=1165, total=1165, start=null), progress=[==================================================>]  1.165kB/1.165kB, id=85f7bca87921, from=null, time=null, errorDetail=null, error=null, aux=null)
21:34:17.609 [docker-java-stream--2064336329] DEBUG com.github.dockerjava.api.command.PullImageResultCallback - ResponseItem(stream=null, status=Extracting, progressDetail=ResponseItem.ProgressDetail(current=1165, total=1165, start=null), progress=[==================================================>]  1.165kB/1.165kB, id=85f7bca87921, from=null, time=null, errorDetail=null, error=null, aux=null)
21:34:18.519 [docker-java-stream--2064336329] DEBUG com.github.dockerjava.zerodep.shaded.org.apache.hc.client5.http.wire - http-outgoing-1 << "44[\r][\n]"
21:34:18.520 [docker-java-stream--2064336329] DEBUG com.github.dockerjava.zerodep.shaded.org.apache.hc.client5.http.wire - http-outgoing-1 << "{"status":"Pull complete","progressDetail":{},"id":"85f7bca87921"}[\r][\n]"
21:34:18.520 [docker-java-stream--2064336329] DEBUG com.github.dockerjava.zerodep.shaded.org.apache.hc.client5.http.wire - http-outgoing-1 << "[\r][\n]"
21:34:18.520 [docker-java-stream--2064336329] DEBUG com.github.dockerjava.api.command.PullImageResultCallback - ResponseItem(stream=null, status=Pull complete, progressDetail=ResponseItem.ProgressDetail(current=null, total=null, start=null), progress=null, id=85f7bca87921, from=null, time=null, errorDetail=null, error=null, aux=null)
21:34:18.521 [docker-java-stream--2064336329] INFO tc.postgres:16.1 - Pulling image layers:  0 pending, 14 downloaded,  2 extracted, (144 MB/145 MB)
21:34:21.172 [docker-java-stream--2064336329] DEBUG com.github.dockerjava.zerodep.shaded.org.apache.hc.client5.http.wire - http-outgoing-1 << "b9[\r][\n]"
21:34:21.172 [docker-java-stream--2064336329] DEBUG com.github.dockerjava.zerodep.shaded.org.apache.hc.client5.http.wire - http-outgoing-1 << "{"status":"Extracting","progressDetail":{"current":65536,"total":4422601},"progress":"[\u003e                                                  ]  65.54kB/4.423MB","id":"948f1cf08e62"}[\r][\n]"
21:34:21.172 [docker-java-stream--2064336329] DEBUG com.github.dockerjava.zerodep.shaded.org.apache.hc.client5.http.wire - http-outgoing-1 << "[\r][\n]"
21:34:21.172 [docker-java-stream--2064336329] DEBUG com.github.dockerjava.api.command.PullImageResultCallback - ResponseItem(stream=null, status=Extracting, progressDetail=ResponseItem.ProgressDetail(current=65536, total=4422601, start=null), progress=[>                                                  ]  65.54kB/4.423MB, id=948f1cf08e62, from=null, time=null, errorDetail=null, error=null, aux=null)
21:34:21.511 [docker-java-stream--2064336329] DEBUG com.github.dockerjava.zerodep.shaded.org.apache.hc.client5.http.wire - http-outgoing-1 << "ba[\r][\n]"
21:34:21.511 [docker-java-stream--2064336329] DEBUG com.github.dockerjava.zerodep.shaded.org.apache.hc.client5.http.wire - http-outgoing-1 << "{"status":"Extracting","progressDetail":{"current":262144,"total":4422601},"progress":"[==\u003e                                                ]  262.1kB/4.423MB","id":"948f1cf08e62"}[\r][\n]"
21:34:21.511 [docker-java-stream--2064336329] DEBUG com.github.dockerjava.zerodep.shaded.org.apache.hc.client5.http.wire - http-outgoing-1 << "[\r][\n]"
21:34:21.512 [docker-java-stream--2064336329] DEBUG com.github.dockerjava.api.command.PullImageResultCallback - ResponseItem(stream=null, status=Extracting, progressDetail=ResponseItem.ProgressDetail(current=262144, total=4422601, start=null), progress=[==>                                                ]  262.1kB/4.423MB, id=948f1cf08e62, from=null, time=null, errorDetail=null, error=null, aux=null)
21:34:21.760 [docker-java-stream--2064336329] DEBUG com.github.dockerjava.zerodep.shaded.org.apache.hc.client5.http.wire - http-outgoing-1 << "ba[\r][\n]"
21:34:21.761 [docker-java-stream--2064336329] DEBUG com.github.dockerjava.zerodep.shaded.org.apache.hc.client5.http.wire - http-outgoing-1 << "{"status":"Extracting","progressDetail":{"current":327680,"total":4422601},"progress":"[===\u003e                                               ]  327.7kB/4.423MB","id":"948f1cf08e62"}[\r][\n]"
21:34:21.761 [docker-java-stream--2064336329] DEBUG com.github.dockerjava.zerodep.shaded.org.apache.hc.client5.http.wire - http-outgoing-1 << "[\r][\n]"
21:34:21.761 [docker-java-stream--2064336329] DEBUG com.github.dockerjava.api.command.PullImageResultCallback - ResponseItem(stream=null, status=Extracting, progressDetail=ResponseItem.ProgressDetail(current=327680, total=4422601, start=null), progress=[===>                                               ]  327.7kB/4.423MB, id=948f1cf08e62, from=null, time=null, errorDetail=null, error=null, aux=null)
21:34:21.939 [docker-java-stream--2064336329] DEBUG com.github.dockerjava.zerodep.shaded.org.apache.hc.client5.http.wire - http-outgoing-1 << "ba[\r][\n]"
21:34:21.939 [docker-java-stream--2064336329] DEBUG com.github.dockerjava.zerodep.shaded.org.apache.hc.client5.http.wire - http-outgoing-1 << "{"status":"Extracting","progressDetail":{"current":720896,"total":4422601},"progress":"[========\u003e                                          ]  720.9kB/4.423MB","id":"948f1cf08e62"}[\r][\n]"
21:34:21.939 [docker-java-stream--2064336329] DEBUG com.github.dockerjava.zerodep.shaded.org.apache.hc.client5.http.wire - http-outgoing-1 << "[\r][\n]"
21:34:21.939 [docker-java-stream--2064336329] DEBUG com.github.dockerjava.api.command.PullImageResultCallback - ResponseItem(stream=null, status=Extracting, progressDetail=ResponseItem.ProgressDetail(current=720896, total=4422601, start=null), progress=[========>                                          ]  720.9kB/4.423MB, id=948f1cf08e62, from=null, time=null, errorDetail=null, error=null, aux=null)
21:34:22.038 [docker-java-stream--2064336329] DEBUG com.github.dockerjava.zerodep.shaded.org.apache.hc.client5.http.wire - http-outgoing-1 << "bb[\r][\n]"
21:34:22.038 [docker-java-stream--2064336329] DEBUG com.github.dockerjava.zerodep.shaded.org.apache.hc.client5.http.wire - http-outgoing-1 << "{"status":"Extracting","progressDetail":{"current":1114112,"total":4422601},"progress":"[============\u003e                                      ]  1.114MB/4.423MB","id":"948f1cf08e62"}[\r][\n]"
21:34:22.038 [docker-java-stream--2064336329] DEBUG com.github.dockerjava.zerodep.shaded.org.apache.hc.client5.http.wire - http-outgoing-1 << "[\r][\n]"
21:34:22.038 [docker-java-stream--2064336329] DEBUG com.github.dockerjava.api.command.PullImageResultCallback - ResponseItem(stream=null, status=Extracting, progressDetail=ResponseItem.ProgressDetail(current=1114112, total=4422601, start=null), progress=[============>                                      ]  1.114MB/4.423MB, id=948f1cf08e62, from=null, time=null, errorDetail=null, error=null, aux=null)
21:34:22.138 [docker-java-stream--2064336329] DEBUG com.github.dockerjava.zerodep.shaded.org.apache.hc.client5.http.wire - http-outgoing-1 << "bb[\r][\n]"
21:34:22.138 [docker-java-stream--2064336329] DEBUG com.github.dockerjava.zerodep.shaded.org.apache.hc.client5.http.wire - http-outgoing-1 << "{"status":"Extracting","progressDetail":{"current":1835008,"total":4422601},"progress":"[====================\u003e                              ]  1.835MB/4.423MB","id":"948f1cf08e62"}[\r][\n]"
21:34:22.138 [docker-java-stream--2064336329] DEBUG com.github.dockerjava.zerodep.shaded.org.apache.hc.client5.http.wire - http-outgoing-1 << "[\r][\n]"
21:34:22.138 [docker-java-stream--2064336329] DEBUG com.github.dockerjava.api.command.PullImageResultCallback - ResponseItem(stream=null, status=Extracting, progressDetail=ResponseItem.ProgressDetail(current=1835008, total=4422601, start=null), progress=[====================>                              ]  1.835MB/4.423MB, id=948f1cf08e62, from=null, time=null, errorDetail=null, error=null, aux=null)
21:34:22.324 [docker-java-stream--2064336329] DEBUG com.github.dockerjava.zerodep.shaded.org.apache.hc.client5.http.wire - http-outgoing-1 << "bb[\r][\n]"
21:34:22.324 [docker-java-stream--2064336329] DEBUG com.github.dockerjava.zerodep.shaded.org.apache.hc.client5.http.wire - http-outgoing-1 << "{"status":"Extracting","progressDetail":{"current":2162688,"total":4422601},"progress":"[========================\u003e                          ]  2.163MB/4.423MB","id":"948f1cf08e62"}[\r][\n]"
21:34:22.325 [docker-java-stream--2064336329] DEBUG com.github.dockerjava.zerodep.shaded.org.apache.hc.client5.http.wire - http-outgoing-1 << "[\r][\n]"
21:34:22.325 [docker-java-stream--2064336329] DEBUG com.github.dockerjava.api.command.PullImageResultCallback - ResponseItem(stream=null, status=Extracting, progressDetail=ResponseItem.ProgressDetail(current=2162688, total=4422601, start=null), progress=[========================>                          ]  2.163MB/4.423MB, id=948f1cf08e62, from=null, time=null, errorDetail=null, error=null, aux=null)
21:34:22.682 [docker-java-stream--2064336329] DEBUG com.github.dockerjava.zerodep.shaded.org.apache.hc.client5.http.wire - http-outgoing-1 << "bb[\r][\n]"
21:34:22.682 [docker-java-stream--2064336329] DEBUG com.github.dockerjava.zerodep.shaded.org.apache.hc.client5.http.wire - http-outgoing-1 << "{"status":"Extracting","progressDetail":{"current":2686976,"total":4422601},"progress":"[==============================\u003e                    ]  2.687MB/4.423MB","id":"948f1cf08e62"}[\r][\n]"
21:34:22.683 [docker-java-stream--2064336329] DEBUG com.github.dockerjava.zerodep.shaded.org.apache.hc.client5.http.wire - http-outgoing-1 << "[\r][\n]"
21:34:22.683 [docker-java-stream--2064336329] DEBUG com.github.dockerjava.api.command.PullImageResultCallback - ResponseItem(stream=null, status=Extracting, progressDetail=ResponseItem.ProgressDetail(current=2686976, total=4422601, start=null), progress=[==============================>                    ]  2.687MB/4.423MB, id=948f1cf08e62, from=null, time=null, errorDetail=null, error=null, aux=null)
21:34:22.853 [docker-java-stream--2064336329] DEBUG com.github.dockerjava.zerodep.shaded.org.apache.hc.client5.http.wire - http-outgoing-1 << "bb[\r][\n]"
21:34:22.854 [docker-java-stream--2064336329] DEBUG com.github.dockerjava.zerodep.shaded.org.apache.hc.client5.http.wire - http-outgoing-1 << "{"status":"Extracting","progressDetail":{"current":2818048,"total":4422601},"progress":"[===============================\u003e                   ]  2.818MB/4.423MB","id":"948f1cf08e62"}[\r][\n]"
21:34:22.854 [docker-java-stream--2064336329] DEBUG com.github.dockerjava.zerodep.shaded.org.apache.hc.client5.http.wire - http-outgoing-1 << "[\r][\n]"
21:34:22.854 [docker-java-stream--2064336329] DEBUG com.github.dockerjava.api.command.PullImageResultCallback - ResponseItem(stream=null, status=Extracting, progressDetail=ResponseItem.ProgressDetail(current=2818048, total=4422601, start=null), progress=[===============================>                   ]  2.818MB/4.423MB, id=948f1cf08e62, from=null, time=null, errorDetail=null, error=null, aux=null)
21:34:23.241 [docker-java-stream--2064336329] DEBUG com.github.dockerjava.zerodep.shaded.org.apache.hc.client5.http.wire - http-outgoing-1 << "bb[\r][\n]"
21:34:23.241 [docker-java-stream--2064336329] DEBUG com.github.dockerjava.zerodep.shaded.org.apache.hc.client5.http.wire - http-outgoing-1 << "{"status":"Extracting","progressDetail":{"current":2949120,"total":4422601},"progress":"[=================================\u003e                 ]  2.949MB/4.423MB","id":"948f1cf08e62"}[\r][\n]"
21:34:23.242 [docker-java-stream--2064336329] DEBUG com.github.dockerjava.zerodep.shaded.org.apache.hc.client5.http.wire - http-outgoing-1 << "[\r][\n]"
21:34:23.242 [docker-java-stream--2064336329] DEBUG com.github.dockerjava.api.command.PullImageResultCallback - ResponseItem(stream=null, status=Extracting, progressDetail=ResponseItem.ProgressDetail(current=2949120, total=4422601, start=null), progress=[=================================>                 ]  2.949MB/4.423MB, id=948f1cf08e62, from=null, time=null, errorDetail=null, error=null, aux=null)
21:34:23.315 [docker-java-stream--2064336329] DEBUG com.github.dockerjava.zerodep.shaded.org.apache.hc.client5.http.wire - http-outgoing-1 << "bb[\r][\n]"
21:34:23.315 [docker-java-stream--2064336329] DEBUG com.github.dockerjava.zerodep.shaded.org.apache.hc.client5.http.wire - http-outgoing-1 << "{"status":"Extracting","progressDetail":{"current":3014656,"total":4422601},"progress":"[==================================\u003e                ]  3.015MB/4.423MB","id":"948f1cf08e62"}[\r][\n]"
21:34:23.315 [docker-java-stream--2064336329] DEBUG com.github.dockerjava.zerodep.shaded.org.apache.hc.client5.http.wire - http-outgoing-1 << "[\r][\n]"
21:34:23.315 [docker-java-stream--2064336329] DEBUG com.github.dockerjava.api.command.PullImageResultCallback - ResponseItem(stream=null, status=Extracting, progressDetail=ResponseItem.ProgressDetail(current=3014656, total=4422601, start=null), progress=[==================================>                ]  3.015MB/4.423MB, id=948f1cf08e62, from=null, time=null, errorDetail=null, error=null, aux=null)
21:34:23.642 [docker-java-stream--2064336329] DEBUG com.github.dockerjava.zerodep.shaded.org.apache.hc.client5.http.wire - http-outgoing-1 << "bb[\r][\n]"
21:34:23.642 [docker-java-stream--2064336329] DEBUG com.github.dockerjava.zerodep.shaded.org.apache.hc.client5.http.wire - http-outgoing-1 << "{"status":"Extracting","progressDetail":{"current":3080192,"total":4422601},"progress":"[==================================\u003e                ]   3.08MB/4.423MB","id":"948f1cf08e62"}[\r][\n]"
21:34:23.642 [docker-java-stream--2064336329] DEBUG com.github.dockerjava.zerodep.shaded.org.apache.hc.client5.http.wire - http-outgoing-1 << "[\r][\n]"
21:34:23.642 [docker-java-stream--2064336329] DEBUG com.github.dockerjava.api.command.PullImageResultCallback - ResponseItem(stream=null, status=Extracting, progressDetail=ResponseItem.ProgressDetail(current=3080192, total=4422601, start=null), progress=[==================================>                ]   3.08MB/4.423MB, id=948f1cf08e62, from=null, time=null, errorDetail=null, error=null, aux=null)
21:34:23.762 [docker-java-stream--2064336329] DEBUG com.github.dockerjava.zerodep.shaded.org.apache.hc.client5.http.wire - http-outgoing-1 << "bb[\r][\n]"
21:34:23.762 [docker-java-stream--2064336329] DEBUG com.github.dockerjava.zerodep.shaded.org.apache.hc.client5.http.wire - http-outgoing-1 << "{"status":"Extracting","progressDetail":{"current":3145728,"total":4422601},"progress":"[===================================\u003e               ]  3.146MB/4.423MB","id":"948f1cf08e62"}[\r][\n]"
21:34:23.762 [docker-java-stream--2064336329] DEBUG com.github.dockerjava.zerodep.shaded.org.apache.hc.client5.http.wire - http-outgoing-1 << "[\r][\n]"
21:34:23.762 [docker-java-stream--2064336329] DEBUG com.github.dockerjava.api.command.PullImageResultCallback - ResponseItem(stream=null, status=Extracting, progressDetail=ResponseItem.ProgressDetail(current=3145728, total=4422601, start=null), progress=[===================================>               ]  3.146MB/4.423MB, id=948f1cf08e62, from=null, time=null, errorDetail=null, error=null, aux=null)
21:34:23.920 [docker-java-stream--2064336329] DEBUG com.github.dockerjava.zerodep.shaded.org.apache.hc.client5.http.wire - http-outgoing-1 << "bb[\r][\n]"
21:34:23.920 [docker-java-stream--2064336329] DEBUG com.github.dockerjava.zerodep.shaded.org.apache.hc.client5.http.wire - http-outgoing-1 << "{"status":"Extracting","progressDetail":{"current":3276800,"total":4422601},"progress":"[=====================================\u003e             ]  3.277MB/4.423MB","id":"948f1cf08e62"}[\r][\n]"
21:34:23.920 [docker-java-stream--2064336329] DEBUG com.github.dockerjava.zerodep.shaded.org.apache.hc.client5.http.wire - http-outgoing-1 << "[\r][\n]"
21:34:23.920 [docker-java-stream--2064336329] DEBUG com.github.dockerjava.api.command.PullImageResultCallback - ResponseItem(stream=null, status=Extracting, progressDetail=ResponseItem.ProgressDetail(current=3276800, total=4422601, start=null), progress=[=====================================>             ]  3.277MB/4.423MB, id=948f1cf08e62, from=null, time=null, errorDetail=null, error=null, aux=null)
21:34:24.021 [docker-java-stream--2064336329] DEBUG com.github.dockerjava.zerodep.shaded.org.apache.hc.client5.http.wire - http-outgoing-1 << "bb[\r][\n]"
21:34:24.021 [docker-java-stream--2064336329] DEBUG com.github.dockerjava.zerodep.shaded.org.apache.hc.client5.http.wire - http-outgoing-1 << "{"status":"Extracting","progressDetail":{"current":3538944,"total":4422601},"progress":"[========================================\u003e          ]  3.539MB/4.423MB","id":"948f1cf08e62"}[\r][\n]"
21:34:24.021 [docker-java-stream--2064336329] DEBUG com.github.dockerjava.zerodep.shaded.org.apache.hc.client5.http.wire - http-outgoing-1 << "[\r][\n]"
21:34:24.021 [docker-java-stream--2064336329] DEBUG com.github.dockerjava.api.command.PullImageResultCallback - ResponseItem(stream=null, status=Extracting, progressDetail=ResponseItem.ProgressDetail(current=3538944, total=4422601, start=null), progress=[========================================>          ]  3.539MB/4.423MB, id=948f1cf08e62, from=null, time=null, errorDetail=null, error=null, aux=null)
21:34:24.149 [docker-java-stream--2064336329] DEBUG com.github.dockerjava.zerodep.shaded.org.apache.hc.client5.http.wire - http-outgoing-1 << "bb[\r][\n]"
21:34:24.149 [docker-java-stream--2064336329] DEBUG com.github.dockerjava.zerodep.shaded.org.apache.hc.client5.http.wire - http-outgoing-1 << "{"status":"Extracting","progressDetail":{"current":3735552,"total":4422601},"progress":"[==========================================\u003e        ]  3.736MB/4.423MB","id":"948f1cf08e62"}[\r][\n]"
21:34:24.149 [docker-java-stream--2064336329] DEBUG com.github.dockerjava.zerodep.shaded.org.apache.hc.client5.http.wire - http-outgoing-1 << "[\r][\n]"
21:34:24.149 [docker-java-stream--2064336329] DEBUG com.github.dockerjava.api.command.PullImageResultCallback - ResponseItem(stream=null, status=Extracting, progressDetail=ResponseItem.ProgressDetail(current=3735552, total=4422601, start=null), progress=[==========================================>        ]  3.736MB/4.423MB, id=948f1cf08e62, from=null, time=null, errorDetail=null, error=null, aux=null)
21:34:24.696 [docker-java-stream--2064336329] DEBUG com.github.dockerjava.zerodep.shaded.org.apache.hc.client5.http.wire - http-outgoing-1 << "bb[\r][\n]"
21:34:24.696 [docker-java-stream--2064336329] DEBUG com.github.dockerjava.zerodep.shaded.org.apache.hc.client5.http.wire - http-outgoing-1 << "{"status":"Extracting","progressDetail":{"current":4422601,"total":4422601},"progress":"[==================================================\u003e]  4.423MB/4.423MB","id":"948f1cf08e62"}[\r][\n]"
21:34:24.696 [docker-java-stream--2064336329] DEBUG com.github.dockerjava.zerodep.shaded.org.apache.hc.client5.http.wire - http-outgoing-1 << "[\r][\n]"
21:34:24.697 [docker-java-stream--2064336329] DEBUG com.github.dockerjava.api.command.PullImageResultCallback - ResponseItem(stream=null, status=Extracting, progressDetail=ResponseItem.ProgressDetail(current=4422601, total=4422601, start=null), progress=[==================================================>]  4.423MB/4.423MB, id=948f1cf08e62, from=null, time=null, errorDetail=null, error=null, aux=null)
21:34:28.209 [docker-java-stream--2064336329] DEBUG com.github.dockerjava.zerodep.shaded.org.apache.hc.client5.http.wire - http-outgoing-1 << "44[\r][\n]"
21:34:28.209 [docker-java-stream--2064336329] DEBUG com.github.dockerjava.zerodep.shaded.org.apache.hc.client5.http.wire - http-outgoing-1 << "{"status":"Pull complete","progressDetail":{},"id":"948f1cf08e62"}[\r][\n]"
21:34:28.209 [docker-java-stream--2064336329] DEBUG com.github.dockerjava.zerodep.shaded.org.apache.hc.client5.http.wire - http-outgoing-1 << "[\r][\n]"
21:34:28.210 [docker-java-stream--2064336329] DEBUG com.github.dockerjava.api.command.PullImageResultCallback - ResponseItem(stream=null, status=Pull complete, progressDetail=ResponseItem.ProgressDetail(current=null, total=null, start=null), progress=null, id=948f1cf08e62, from=null, time=null, errorDetail=null, error=null, aux=null)
21:34:28.212 [docker-java-stream--2064336329] INFO tc.postgres:16.1 - Pulling image layers:  0 pending, 14 downloaded,  3 extracted, (145 MB/145 MB)
21:34:29.338 [docker-java-stream--2064336329] DEBUG com.github.dockerjava.zerodep.shaded.org.apache.hc.client5.http.wire - http-outgoing-1 << "b9[\r][\n]"
21:34:29.338 [docker-java-stream--2064336329] DEBUG com.github.dockerjava.zerodep.shaded.org.apache.hc.client5.http.wire - http-outgoing-1 << "{"status":"Extracting","progressDetail":{"current":32768,"total":1445272},"progress":"[=\u003e                                                 ]  32.77kB/1.445MB","id":"1a83ab26a0f0"}[\r][\n]"
21:34:29.338 [docker-java-stream--2064336329] DEBUG com.github.dockerjava.zerodep.shaded.org.apache.hc.client5.http.wire - http-outgoing-1 << "[\r][\n]"
21:34:29.338 [docker-java-stream--2064336329] DEBUG com.github.dockerjava.api.command.PullImageResultCallback - ResponseItem(stream=null, status=Extracting, progressDetail=ResponseItem.ProgressDetail(current=32768, total=1445272, start=null), progress=[=>                                                 ]  32.77kB/1.445MB, id=1a83ab26a0f0, from=null, time=null, errorDetail=null, error=null, aux=null)
21:34:29.484 [docker-java-stream--2064336329] DEBUG com.github.dockerjava.zerodep.shaded.org.apache.hc.client5.http.wire - http-outgoing-1 << "ba[\r][\n]"
21:34:29.484 [docker-java-stream--2064336329] DEBUG com.github.dockerjava.zerodep.shaded.org.apache.hc.client5.http.wire - http-outgoing-1 << "{"status":"Extracting","progressDetail":{"current":229376,"total":1445272},"progress":"[=======\u003e                                           ]  229.4kB/1.445MB","id":"1a83ab26a0f0"}[\r][\n]"
21:34:29.484 [docker-java-stream--2064336329] DEBUG com.github.dockerjava.zerodep.shaded.org.apache.hc.client5.http.wire - http-outgoing-1 << "[\r][\n]"
21:34:29.484 [docker-java-stream--2064336329] DEBUG com.github.dockerjava.api.command.PullImageResultCallback - ResponseItem(stream=null, status=Extracting, progressDetail=ResponseItem.ProgressDetail(current=229376, total=1445272, start=null), progress=[=======>                                           ]  229.4kB/1.445MB, id=1a83ab26a0f0, from=null, time=null, errorDetail=null, error=null, aux=null)
21:34:29.990 [docker-java-stream--2064336329] DEBUG com.github.dockerjava.zerodep.shaded.org.apache.hc.client5.http.wire - http-outgoing-1 << "ba[\r][\n]"
21:34:29.990 [docker-java-stream--2064336329] DEBUG com.github.dockerjava.zerodep.shaded.org.apache.hc.client5.http.wire - http-outgoing-1 << "{"status":"Extracting","progressDetail":{"current":262144,"total":1445272},"progress":"[=========\u003e                                         ]  262.1kB/1.445MB","id":"1a83ab26a0f0"}[\r][\n]"
21:34:29.990 [docker-java-stream--2064336329] DEBUG com.github.dockerjava.zerodep.shaded.org.apache.hc.client5.http.wire - http-outgoing-1 << "[\r][\n]"
21:34:29.990 [docker-java-stream--2064336329] DEBUG com.github.dockerjava.api.command.PullImageResultCallback - ResponseItem(stream=null, status=Extracting, progressDetail=ResponseItem.ProgressDetail(current=262144, total=1445272, start=null), progress=[=========>                                         ]  262.1kB/1.445MB, id=1a83ab26a0f0, from=null, time=null, errorDetail=null, error=null, aux=null)
21:34:30.245 [docker-java-stream--2064336329] DEBUG com.github.dockerjava.zerodep.shaded.org.apache.hc.client5.http.wire - http-outgoing-1 << "ba[\r][\n]"
21:34:30.245 [docker-java-stream--2064336329] DEBUG com.github.dockerjava.zerodep.shaded.org.apache.hc.client5.http.wire - http-outgoing-1 << "{"status":"Extracting","progressDetail":{"current":622592,"total":1445272},"progress":"[=====================\u003e                             ]  622.6kB/1.445MB","id":"1a83ab26a0f0"}[\r][\n]"
21:34:30.246 [docker-java-stream--2064336329] DEBUG com.github.dockerjava.zerodep.shaded.org.apache.hc.client5.http.wire - http-outgoing-1 << "[\r][\n]"
21:34:30.246 [docker-java-stream--2064336329] DEBUG com.github.dockerjava.api.command.PullImageResultCallback - ResponseItem(stream=null, status=Extracting, progressDetail=ResponseItem.ProgressDetail(current=622592, total=1445272, start=null), progress=[=====================>                             ]  622.6kB/1.445MB, id=1a83ab26a0f0, from=null, time=null, errorDetail=null, error=null, aux=null)
21:34:30.533 [docker-java-stream--2064336329] DEBUG com.github.dockerjava.zerodep.shaded.org.apache.hc.client5.http.wire - http-outgoing-1 << "ba[\r][\n]"
21:34:30.533 [docker-java-stream--2064336329] DEBUG com.github.dockerjava.zerodep.shaded.org.apache.hc.client5.http.wire - http-outgoing-1 << "{"status":"Extracting","progressDetail":{"current":983040,"total":1445272},"progress":"[==================================\u003e                ]    983kB/1.445MB","id":"1a83ab26a0f0"}[\r][\n]"
21:34:30.533 [docker-java-stream--2064336329] DEBUG com.github.dockerjava.zerodep.shaded.org.apache.hc.client5.http.wire - http-outgoing-1 << "[\r][\n]"
21:34:30.534 [docker-java-stream--2064336329] DEBUG com.github.dockerjava.api.command.PullImageResultCallback - ResponseItem(stream=null, status=Extracting, progressDetail=ResponseItem.ProgressDetail(current=983040, total=1445272, start=null), progress=[==================================>                ]    983kB/1.445MB, id=1a83ab26a0f0, from=null, time=null, errorDetail=null, error=null, aux=null)
21:34:30.783 [docker-java-stream--2064336329] DEBUG com.github.dockerjava.zerodep.shaded.org.apache.hc.client5.http.wire - http-outgoing-1 << "bb[\r][\n]"
21:34:30.783 [docker-java-stream--2064336329] DEBUG com.github.dockerjava.zerodep.shaded.org.apache.hc.client5.http.wire - http-outgoing-1 << "{"status":"Extracting","progressDetail":{"current":1015808,"total":1445272},"progress":"[===================================\u003e               ]  1.016MB/1.445MB","id":"1a83ab26a0f0"}[\r][\n]"
21:34:30.783 [docker-java-stream--2064336329] DEBUG com.github.dockerjava.zerodep.shaded.org.apache.hc.client5.http.wire - http-outgoing-1 << "[\r][\n]"
21:34:30.784 [docker-java-stream--2064336329] DEBUG com.github.dockerjava.api.command.PullImageResultCallback - ResponseItem(stream=null, status=Extracting, progressDetail=ResponseItem.ProgressDetail(current=1015808, total=1445272, start=null), progress=[===================================>               ]  1.016MB/1.445MB, id=1a83ab26a0f0, from=null, time=null, errorDetail=null, error=null, aux=null)
21:34:30.993 [docker-java-stream--2064336329] DEBUG com.github.dockerjava.zerodep.shaded.org.apache.hc.client5.http.wire - http-outgoing-1 << "bb[\r][\n]"
21:34:30.993 [docker-java-stream--2064336329] DEBUG com.github.dockerjava.zerodep.shaded.org.apache.hc.client5.http.wire - http-outgoing-1 << "{"status":"Extracting","progressDetail":{"current":1179648,"total":1445272},"progress":"[========================================\u003e          ]   1.18MB/1.445MB","id":"1a83ab26a0f0"}[\r][\n]"
21:34:30.993 [docker-java-stream--2064336329] DEBUG com.github.dockerjava.zerodep.shaded.org.apache.hc.client5.http.wire - http-outgoing-1 << "[\r][\n]"
21:34:30.993 [docker-java-stream--2064336329] DEBUG com.github.dockerjava.api.command.PullImageResultCallback - ResponseItem(stream=null, status=Extracting, progressDetail=ResponseItem.ProgressDetail(current=1179648, total=1445272, start=null), progress=[========================================>          ]   1.18MB/1.445MB, id=1a83ab26a0f0, from=null, time=null, errorDetail=null, error=null, aux=null)
21:34:31.325 [docker-java-stream--2064336329] DEBUG com.github.dockerjava.zerodep.shaded.org.apache.hc.client5.http.wire - http-outgoing-1 << "bb[\r][\n]"
21:34:31.325 [docker-java-stream--2064336329] DEBUG com.github.dockerjava.zerodep.shaded.org.apache.hc.client5.http.wire - http-outgoing-1 << "{"status":"Extracting","progressDetail":{"current":1212416,"total":1445272},"progress":"[=========================================\u003e         ]  1.212MB/1.445MB","id":"1a83ab26a0f0"}[\r][\n]"
21:34:31.325 [docker-java-stream--2064336329] DEBUG com.github.dockerjava.zerodep.shaded.org.apache.hc.client5.http.wire - http-outgoing-1 << "[\r][\n]"
21:34:31.325 [docker-java-stream--2064336329] DEBUG com.github.dockerjava.api.command.PullImageResultCallback - ResponseItem(stream=null, status=Extracting, progressDetail=ResponseItem.ProgressDetail(current=1212416, total=1445272, start=null), progress=[=========================================>         ]  1.212MB/1.445MB, id=1a83ab26a0f0, from=null, time=null, errorDetail=null, error=null, aux=null)
21:34:31.805 [docker-java-stream--2064336329] DEBUG com.github.dockerjava.zerodep.shaded.org.apache.hc.client5.http.wire - http-outgoing-1 << "176[\r][\n]"
21:34:31.806 [docker-java-stream--2064336329] DEBUG com.github.dockerjava.zerodep.shaded.org.apache.hc.client5.http.wire - http-outgoing-1 << "{"status":"Extracting","progressDetail":{"current":1409024,"total":1445272},"progress":"[================================================\u003e  ]  1.409MB/1.445MB","id":"1a83ab26a0f0"}[\r][\n]"
21:34:31.806 [docker-java-stream--2064336329] DEBUG com.github.dockerjava.zerodep.shaded.org.apache.hc.client5.http.wire - http-outgoing-1 << "{"status":"Extracting","progressDetail":{"current":1445272,"total":1445272},"progress":"[==================================================\u003e]  1.445MB/1.445MB","id":"1a83ab26a0f0"}[\r][\n]"
21:34:31.806 [docker-java-stream--2064336329] DEBUG com.github.dockerjava.zerodep.shaded.org.apache.hc.client5.http.wire - http-outgoing-1 << "[\r][\n]"
21:34:31.806 [docker-java-stream--2064336329] DEBUG com.github.dockerjava.api.command.PullImageResultCallback - ResponseItem(stream=null, status=Extracting, progressDetail=ResponseItem.ProgressDetail(current=1409024, total=1445272, start=null), progress=[================================================>  ]  1.409MB/1.445MB, id=1a83ab26a0f0, from=null, time=null, errorDetail=null, error=null, aux=null)
21:34:31.806 [docker-java-stream--2064336329] DEBUG com.github.dockerjava.api.command.PullImageResultCallback - ResponseItem(stream=null, status=Extracting, progressDetail=ResponseItem.ProgressDetail(current=1445272, total=1445272, start=null), progress=[==================================================>]  1.445MB/1.445MB, id=1a83ab26a0f0, from=null, time=null, errorDetail=null, error=null, aux=null)
21:34:43.928 [docker-java-stream--2064336329] DEBUG com.github.dockerjava.zerodep.shaded.org.apache.hc.client5.http.wire - http-outgoing-1 << "44[\r][\n]"
21:34:43.928 [docker-java-stream--2064336329] DEBUG com.github.dockerjava.zerodep.shaded.org.apache.hc.client5.http.wire - http-outgoing-1 << "{"status":"Pull complete","progressDetail":{},"id":"1a83ab26a0f0"}[\r][\n]"
21:34:43.928 [docker-java-stream--2064336329] DEBUG com.github.dockerjava.zerodep.shaded.org.apache.hc.client5.http.wire - http-outgoing-1 << "[\r][\n]"
21:34:43.928 [docker-java-stream--2064336329] DEBUG com.github.dockerjava.api.command.PullImageResultCallback - ResponseItem(stream=null, status=Pull complete, progressDetail=ResponseItem.ProgressDetail(current=null, total=null, start=null), progress=null, id=1a83ab26a0f0, from=null, time=null, errorDetail=null, error=null, aux=null)
21:34:43.930 [docker-java-stream--2064336329] INFO tc.postgres:16.1 - Pulling image layers:  0 pending, 14 downloaded,  4 extracted, (145 MB/145 MB)
21:34:44.613 [docker-java-stream--2064336329] DEBUG com.github.dockerjava.zerodep.shaded.org.apache.hc.client5.http.wire - http-outgoing-1 << "b9[\r][\n]"
21:34:44.613 [docker-java-stream--2064336329] DEBUG com.github.dockerjava.zerodep.shaded.org.apache.hc.client5.http.wire - http-outgoing-1 << "{"status":"Extracting","progressDetail":{"current":98304,"total":8065496},"progress":"[\u003e                                                  ]   98.3kB/8.065MB","id":"12bab27fafd3"}[\r][\n]"
21:34:44.613 [docker-java-stream--2064336329] DEBUG com.github.dockerjava.zerodep.shaded.org.apache.hc.client5.http.wire - http-outgoing-1 << "[\r][\n]"
21:34:44.614 [docker-java-stream--2064336329] DEBUG com.github.dockerjava.api.command.PullImageResultCallback - ResponseItem(stream=null, status=Extracting, progressDetail=ResponseItem.ProgressDetail(current=98304, total=8065496, start=null), progress=[>                                                  ]   98.3kB/8.065MB, id=12bab27fafd3, from=null, time=null, errorDetail=null, error=null, aux=null)
21:34:44.873 [docker-java-stream--2064336329] DEBUG com.github.dockerjava.zerodep.shaded.org.apache.hc.client5.http.wire - http-outgoing-1 << "ba[\r][\n]"
21:34:44.873 [docker-java-stream--2064336329] DEBUG com.github.dockerjava.zerodep.shaded.org.apache.hc.client5.http.wire - http-outgoing-1 << "{"status":"Extracting","progressDetail":{"current":196608,"total":8065496},"progress":"[=\u003e                                                 ]  196.6kB/8.065MB","id":"12bab27fafd3"}[\r][\n]"
21:34:44.873 [docker-java-stream--2064336329] DEBUG com.github.dockerjava.zerodep.shaded.org.apache.hc.client5.http.wire - http-outgoing-1 << "[\r][\n]"
21:34:44.873 [docker-java-stream--2064336329] DEBUG com.github.dockerjava.api.command.PullImageResultCallback - ResponseItem(stream=null, status=Extracting, progressDetail=ResponseItem.ProgressDetail(current=196608, total=8065496, start=null), progress=[=>                                                 ]  196.6kB/8.065MB, id=12bab27fafd3, from=null, time=null, errorDetail=null, error=null, aux=null)
21:34:45.063 [docker-java-stream--2064336329] DEBUG com.github.dockerjava.zerodep.shaded.org.apache.hc.client5.http.wire - http-outgoing-1 << "ba[\r][\n]"
21:34:45.063 [docker-java-stream--2064336329] DEBUG com.github.dockerjava.zerodep.shaded.org.apache.hc.client5.http.wire - http-outgoing-1 << "{"status":"Extracting","progressDetail":{"current":393216,"total":8065496},"progress":"[==\u003e                                                ]  393.2kB/8.065MB","id":"12bab27fafd3"}[\r][\n]"
21:34:45.063 [docker-java-stream--2064336329] DEBUG com.github.dockerjava.zerodep.shaded.org.apache.hc.client5.http.wire - http-outgoing-1 << "[\r][\n]"
21:34:45.166 [docker-java-stream--2064336329] DEBUG com.github.dockerjava.api.command.PullImageResultCallback - ResponseItem(stream=null, status=Extracting, progressDetail=ResponseItem.ProgressDetail(current=393216, total=8065496, start=null), progress=[==>                                                ]  393.2kB/8.065MB, id=12bab27fafd3, from=null, time=null, errorDetail=null, error=null, aux=null)
21:34:46.167 [docker-java-stream--2064336329] DEBUG com.github.dockerjava.zerodep.shaded.org.apache.hc.client5.http.wire - http-outgoing-1 << "ba[\r][\n]"
21:34:46.167 [docker-java-stream--2064336329] DEBUG com.github.dockerjava.zerodep.shaded.org.apache.hc.client5.http.wire - http-outgoing-1 << "{"status":"Extracting","progressDetail":{"current":688128,"total":8065496},"progress":"[====\u003e                                              ]  688.1kB/8.065MB","id":"12bab27fafd3"}[\r][\n]"
21:34:46.167 [docker-java-stream--2064336329] DEBUG com.github.dockerjava.zerodep.shaded.org.apache.hc.client5.http.wire - http-outgoing-1 << "[\r][\n]"
21:34:46.168 [docker-java-stream--2064336329] DEBUG com.github.dockerjava.api.command.PullImageResultCallback - ResponseItem(stream=null, status=Extracting, progressDetail=ResponseItem.ProgressDetail(current=688128, total=8065496, start=null), progress=[====>                                              ]  688.1kB/8.065MB, id=12bab27fafd3, from=null, time=null, errorDetail=null, error=null, aux=null)
21:34:46.321 [docker-java-stream--2064336329] DEBUG com.github.dockerjava.zerodep.shaded.org.apache.hc.client5.http.wire - http-outgoing-1 << "ba[\r][\n]"
21:34:46.321 [docker-java-stream--2064336329] DEBUG com.github.dockerjava.zerodep.shaded.org.apache.hc.client5.http.wire - http-outgoing-1 << "{"status":"Extracting","progressDetail":{"current":786432,"total":8065496},"progress":"[====\u003e                                              ]  786.4kB/8.065MB","id":"12bab27fafd3"}[\r][\n]"
21:34:46.321 [docker-java-stream--2064336329] DEBUG com.github.dockerjava.zerodep.shaded.org.apache.hc.client5.http.wire - http-outgoing-1 << "[\r][\n]"
21:34:46.323 [docker-java-stream--2064336329] DEBUG com.github.dockerjava.api.command.PullImageResultCallback - ResponseItem(stream=null, status=Extracting, progressDetail=ResponseItem.ProgressDetail(current=786432, total=8065496, start=null), progress=[====>                                              ]  786.4kB/8.065MB, id=12bab27fafd3, from=null, time=null, errorDetail=null, error=null, aux=null)
21:34:47.080 [docker-java-stream--2064336329] DEBUG com.github.dockerjava.zerodep.shaded.org.apache.hc.client5.http.wire - http-outgoing-1 << "ba[\r][\n]"
21:34:47.080 [docker-java-stream--2064336329] DEBUG com.github.dockerjava.zerodep.shaded.org.apache.hc.client5.http.wire - http-outgoing-1 << "{"status":"Extracting","progressDetail":{"current":884736,"total":8065496},"progress":"[=====\u003e                                             ]  884.7kB/8.065MB","id":"12bab27fafd3"}[\r][\n]"
21:34:47.080 [docker-java-stream--2064336329] DEBUG com.github.dockerjava.zerodep.shaded.org.apache.hc.client5.http.wire - http-outgoing-1 << "[\r][\n]"
21:34:47.080 [docker-java-stream--2064336329] DEBUG com.github.dockerjava.api.command.PullImageResultCallback - ResponseItem(stream=null, status=Extracting, progressDetail=ResponseItem.ProgressDetail(current=884736, total=8065496, start=null), progress=[=====>                                             ]  884.7kB/8.065MB, id=12bab27fafd3, from=null, time=null, errorDetail=null, error=null, aux=null)
21:34:47.282 [docker-java-stream--2064336329] DEBUG com.github.dockerjava.zerodep.shaded.org.apache.hc.client5.http.wire - http-outgoing-1 << "bb[\r][\n]"
21:34:47.282 [docker-java-stream--2064336329] DEBUG com.github.dockerjava.zerodep.shaded.org.apache.hc.client5.http.wire - http-outgoing-1 << "{"status":"Extracting","progressDetail":{"current":1179648,"total":8065496},"progress":"[=======\u003e                                           ]   1.18MB/8.065MB","id":"12bab27fafd3"}[\r][\n]"
21:34:47.282 [docker-java-stream--2064336329] DEBUG com.github.dockerjava.zerodep.shaded.org.apache.hc.client5.http.wire - http-outgoing-1 << "[\r][\n]"
21:34:47.283 [docker-java-stream--2064336329] DEBUG com.github.dockerjava.api.command.PullImageResultCallback - ResponseItem(stream=null, status=Extracting, progressDetail=ResponseItem.ProgressDetail(current=1179648, total=8065496, start=null), progress=[=======>                                           ]   1.18MB/8.065MB, id=12bab27fafd3, from=null, time=null, errorDetail=null, error=null, aux=null)
21:34:47.507 [docker-java-stream--2064336329] DEBUG com.github.dockerjava.zerodep.shaded.org.apache.hc.client5.http.wire - http-outgoing-1 << "bb[\r][\n]"
21:34:47.507 [docker-java-stream--2064336329] DEBUG com.github.dockerjava.zerodep.shaded.org.apache.hc.client5.http.wire - http-outgoing-1 << "{"status":"Extracting","progressDetail":{"current":1474560,"total":8065496},"progress":"[=========\u003e                                         ]  1.475MB/8.065MB","id":"12bab27fafd3"}[\r][\n]"
21:34:47.508 [docker-java-stream--2064336329] DEBUG com.github.dockerjava.zerodep.shaded.org.apache.hc.client5.http.wire - http-outgoing-1 << "[\r][\n]"
21:34:47.508 [docker-java-stream--2064336329] DEBUG com.github.dockerjava.api.command.PullImageResultCallback - ResponseItem(stream=null, status=Extracting, progressDetail=ResponseItem.ProgressDetail(current=1474560, total=8065496, start=null), progress=[=========>                                         ]  1.475MB/8.065MB, id=12bab27fafd3, from=null, time=null, errorDetail=null, error=null, aux=null)
21:34:47.659 [docker-java-stream--2064336329] DEBUG com.github.dockerjava.zerodep.shaded.org.apache.hc.client5.http.wire - http-outgoing-1 << "bb[\r][\n]"
21:34:47.659 [docker-java-stream--2064336329] DEBUG com.github.dockerjava.zerodep.shaded.org.apache.hc.client5.http.wire - http-outgoing-1 << "{"status":"Extracting","progressDetail":{"current":1671168,"total":8065496},"progress":"[==========\u003e                                        ]  1.671MB/8.065MB","id":"12bab27fafd3"}[\r][\n]"
21:34:47.659 [docker-java-stream--2064336329] DEBUG com.github.dockerjava.zerodep.shaded.org.apache.hc.client5.http.wire - http-outgoing-1 << "[\r][\n]"
21:34:47.660 [docker-java-stream--2064336329] DEBUG com.github.dockerjava.api.command.PullImageResultCallback - ResponseItem(stream=null, status=Extracting, progressDetail=ResponseItem.ProgressDetail(current=1671168, total=8065496, start=null), progress=[==========>                                        ]  1.671MB/8.065MB, id=12bab27fafd3, from=null, time=null, errorDetail=null, error=null, aux=null)
21:34:48.173 [docker-java-stream--2064336329] DEBUG com.github.dockerjava.zerodep.shaded.org.apache.hc.client5.http.wire - http-outgoing-1 << "bb[\r][\n]"
21:34:48.173 [docker-java-stream--2064336329] DEBUG com.github.dockerjava.zerodep.shaded.org.apache.hc.client5.http.wire - http-outgoing-1 << "{"status":"Extracting","progressDetail":{"current":1769472,"total":8065496},"progress":"[==========\u003e                                        ]  1.769MB/8.065MB","id":"12bab27fafd3"}[\r][\n]"
21:34:48.173 [docker-java-stream--2064336329] DEBUG com.github.dockerjava.zerodep.shaded.org.apache.hc.client5.http.wire - http-outgoing-1 << "[\r][\n]"
21:34:48.173 [docker-java-stream--2064336329] DEBUG com.github.dockerjava.api.command.PullImageResultCallback - ResponseItem(stream=null, status=Extracting, progressDetail=ResponseItem.ProgressDetail(current=1769472, total=8065496, start=null), progress=[==========>                                        ]  1.769MB/8.065MB, id=12bab27fafd3, from=null, time=null, errorDetail=null, error=null, aux=null)
21:34:48.507 [docker-java-stream--2064336329] DEBUG com.github.dockerjava.zerodep.shaded.org.apache.hc.client5.http.wire - http-outgoing-1 << "bb[\r][\n]"
21:34:48.507 [docker-java-stream--2064336329] DEBUG com.github.dockerjava.zerodep.shaded.org.apache.hc.client5.http.wire - http-outgoing-1 << "{"status":"Extracting","progressDetail":{"current":1867776,"total":8065496},"progress":"[===========\u003e                                       ]  1.868MB/8.065MB","id":"12bab27fafd3"}[\r][\n]"
21:34:48.507 [docker-java-stream--2064336329] DEBUG com.github.dockerjava.zerodep.shaded.org.apache.hc.client5.http.wire - http-outgoing-1 << "[\r][\n]"
21:34:48.508 [docker-java-stream--2064336329] DEBUG com.github.dockerjava.api.command.PullImageResultCallback - ResponseItem(stream=null, status=Extracting, progressDetail=ResponseItem.ProgressDetail(current=1867776, total=8065496, start=null), progress=[===========>                                       ]  1.868MB/8.065MB, id=12bab27fafd3, from=null, time=null, errorDetail=null, error=null, aux=null)
21:34:48.635 [docker-java-stream--2064336329] DEBUG com.github.dockerjava.zerodep.shaded.org.apache.hc.client5.http.wire - http-outgoing-1 << "bb[\r][\n]"
21:34:48.635 [docker-java-stream--2064336329] DEBUG com.github.dockerjava.zerodep.shaded.org.apache.hc.client5.http.wire - http-outgoing-1 << "{"status":"Extracting","progressDetail":{"current":2064384,"total":8065496},"progress":"[============\u003e                                      ]  2.064MB/8.065MB","id":"12bab27fafd3"}[\r][\n]"
21:34:48.635 [docker-java-stream--2064336329] DEBUG com.github.dockerjava.zerodep.shaded.org.apache.hc.client5.http.wire - http-outgoing-1 << "[\r][\n]"
21:34:48.947 [docker-java-stream--2064336329] DEBUG com.github.dockerjava.api.command.PullImageResultCallback - ResponseItem(stream=null, status=Extracting, progressDetail=ResponseItem.ProgressDetail(current=2064384, total=8065496, start=null), progress=[============>                                      ]  2.064MB/8.065MB, id=12bab27fafd3, from=null, time=null, errorDetail=null, error=null, aux=null)
21:34:49.006 [docker-java-stream--2064336329] DEBUG com.github.dockerjava.zerodep.shaded.org.apache.hc.client5.http.wire - http-outgoing-1 << "bb[\r][\n]"
21:34:49.006 [docker-java-stream--2064336329] DEBUG com.github.dockerjava.zerodep.shaded.org.apache.hc.client5.http.wire - http-outgoing-1 << "{"status":"Extracting","progressDetail":{"current":2359296,"total":8065496},"progress":"[==============\u003e                                    ]  2.359MB/8.065MB","id":"12bab27fafd3"}[\r][\n]"
21:34:49.006 [docker-java-stream--2064336329] DEBUG com.github.dockerjava.zerodep.shaded.org.apache.hc.client5.http.wire - http-outgoing-1 << "[\r][\n]"
21:34:49.006 [docker-java-stream--2064336329] DEBUG com.github.dockerjava.api.command.PullImageResultCallback - ResponseItem(stream=null, status=Extracting, progressDetail=ResponseItem.ProgressDetail(current=2359296, total=8065496, start=null), progress=[==============>                                    ]  2.359MB/8.065MB, id=12bab27fafd3, from=null, time=null, errorDetail=null, error=null, aux=null)
21:34:49.356 [docker-java-stream--2064336329] DEBUG com.github.dockerjava.zerodep.shaded.org.apache.hc.client5.http.wire - http-outgoing-1 << "bb[\r][\n]"
21:34:49.357 [docker-java-stream--2064336329] DEBUG com.github.dockerjava.zerodep.shaded.org.apache.hc.client5.http.wire - http-outgoing-1 << "{"status":"Extracting","progressDetail":{"current":2654208,"total":8065496},"progress":"[================\u003e                                  ]  2.654MB/8.065MB","id":"12bab27fafd3"}[\r][\n]"
21:34:49.357 [docker-java-stream--2064336329] DEBUG com.github.dockerjava.zerodep.shaded.org.apache.hc.client5.http.wire - http-outgoing-1 << "[\r][\n]"
21:34:49.357 [docker-java-stream--2064336329] DEBUG com.github.dockerjava.api.command.PullImageResultCallback - ResponseItem(stream=null, status=Extracting, progressDetail=ResponseItem.ProgressDetail(current=2654208, total=8065496, start=null), progress=[================>                                  ]  2.654MB/8.065MB, id=12bab27fafd3, from=null, time=null, errorDetail=null, error=null, aux=null)
21:34:49.843 [docker-java-stream--2064336329] DEBUG com.github.dockerjava.zerodep.shaded.org.apache.hc.client5.http.wire - http-outgoing-1 << "bb[\r][\n]"
21:34:49.843 [docker-java-stream--2064336329] DEBUG com.github.dockerjava.zerodep.shaded.org.apache.hc.client5.http.wire - http-outgoing-1 << "{"status":"Extracting","progressDetail":{"current":2850816,"total":8065496},"progress":"[=================\u003e                                 ]  2.851MB/8.065MB","id":"12bab27fafd3"}[\r][\n]"
21:34:49.843 [docker-java-stream--2064336329] DEBUG com.github.dockerjava.zerodep.shaded.org.apache.hc.client5.http.wire - http-outgoing-1 << "[\r][\n]"
21:34:49.843 [docker-java-stream--2064336329] DEBUG com.github.dockerjava.api.command.PullImageResultCallback - ResponseItem(stream=null, status=Extracting, progressDetail=ResponseItem.ProgressDetail(current=2850816, total=8065496, start=null), progress=[=================>                                 ]  2.851MB/8.065MB, id=12bab27fafd3, from=null, time=null, errorDetail=null, error=null, aux=null)
21:34:51.073 [docker-java-stream--2064336329] DEBUG com.github.dockerjava.zerodep.shaded.org.apache.hc.client5.http.wire - http-outgoing-1 << "bb[\r][\n]"
21:34:51.073 [docker-java-stream--2064336329] DEBUG com.github.dockerjava.zerodep.shaded.org.apache.hc.client5.http.wire - http-outgoing-1 << "{"status":"Extracting","progressDetail":{"current":2949120,"total":8065496},"progress":"[==================\u003e                                ]  2.949MB/8.065MB","id":"12bab27fafd3"}[\r][\n]"
21:34:51.073 [docker-java-stream--2064336329] DEBUG com.github.dockerjava.zerodep.shaded.org.apache.hc.client5.http.wire - http-outgoing-1 << "[\r][\n]"
21:34:51.073 [docker-java-stream--2064336329] DEBUG com.github.dockerjava.api.command.PullImageResultCallback - ResponseItem(stream=null, status=Extracting, progressDetail=ResponseItem.ProgressDetail(current=2949120, total=8065496, start=null), progress=[==================>                                ]  2.949MB/8.065MB, id=12bab27fafd3, from=null, time=null, errorDetail=null, error=null, aux=null)
21:34:51.396 [docker-java-stream--2064336329] DEBUG com.github.dockerjava.zerodep.shaded.org.apache.hc.client5.http.wire - http-outgoing-1 << "bb[\r][\n]"
21:34:51.396 [docker-java-stream--2064336329] DEBUG com.github.dockerjava.zerodep.shaded.org.apache.hc.client5.http.wire - http-outgoing-1 << "{"status":"Extracting","progressDetail":{"current":3047424,"total":8065496},"progress":"[==================\u003e                                ]  3.047MB/8.065MB","id":"12bab27fafd3"}[\r][\n]"
21:34:51.396 [docker-java-stream--2064336329] DEBUG com.github.dockerjava.zerodep.shaded.org.apache.hc.client5.http.wire - http-outgoing-1 << "[\r][\n]"
21:34:51.396 [docker-java-stream--2064336329] DEBUG com.github.dockerjava.api.command.PullImageResultCallback - ResponseItem(stream=null, status=Extracting, progressDetail=ResponseItem.ProgressDetail(current=3047424, total=8065496, start=null), progress=[==================>                                ]  3.047MB/8.065MB, id=12bab27fafd3, from=null, time=null, errorDetail=null, error=null, aux=null)
21:34:51.520 [docker-java-stream--2064336329] DEBUG com.github.dockerjava.zerodep.shaded.org.apache.hc.client5.http.wire - http-outgoing-1 << "bb[\r][\n]"
21:34:51.520 [docker-java-stream--2064336329] DEBUG com.github.dockerjava.zerodep.shaded.org.apache.hc.client5.http.wire - http-outgoing-1 << "{"status":"Extracting","progressDetail":{"current":3145728,"total":8065496},"progress":"[===================\u003e                               ]  3.146MB/8.065MB","id":"12bab27fafd3"}[\r][\n]"
21:34:51.520 [docker-java-stream--2064336329] DEBUG com.github.dockerjava.zerodep.shaded.org.apache.hc.client5.http.wire - http-outgoing-1 << "[\r][\n]"
21:34:51.520 [docker-java-stream--2064336329] DEBUG com.github.dockerjava.api.command.PullImageResultCallback - ResponseItem(stream=null, status=Extracting, progressDetail=ResponseItem.ProgressDetail(current=3145728, total=8065496, start=null), progress=[===================>                               ]  3.146MB/8.065MB, id=12bab27fafd3, from=null, time=null, errorDetail=null, error=null, aux=null)
21:34:52.177 [docker-java-stream--2064336329] DEBUG com.github.dockerjava.zerodep.shaded.org.apache.hc.client5.http.wire - http-outgoing-1 << "bb[\r][\n]"
21:34:52.177 [docker-java-stream--2064336329] DEBUG com.github.dockerjava.zerodep.shaded.org.apache.hc.client5.http.wire - http-outgoing-1 << "{"status":"Extracting","progressDetail":{"current":3342336,"total":8065496},"progress":"[====================\u003e                              ]  3.342MB/8.065MB","id":"12bab27fafd3"}[\r][\n]"
21:34:52.178 [docker-java-stream--2064336329] DEBUG com.github.dockerjava.zerodep.shaded.org.apache.hc.client5.http.wire - http-outgoing-1 << "[\r][\n]"
21:34:52.178 [docker-java-stream--2064336329] DEBUG com.github.dockerjava.api.command.PullImageResultCallback - ResponseItem(stream=null, status=Extracting, progressDetail=ResponseItem.ProgressDetail(current=3342336, total=8065496, start=null), progress=[====================>                              ]  3.342MB/8.065MB, id=12bab27fafd3, from=null, time=null, errorDetail=null, error=null, aux=null)
21:34:52.522 [docker-java-stream--2064336329] DEBUG com.github.dockerjava.zerodep.shaded.org.apache.hc.client5.http.wire - http-outgoing-1 << "bb[\r][\n]"
21:34:52.522 [docker-java-stream--2064336329] DEBUG com.github.dockerjava.zerodep.shaded.org.apache.hc.client5.http.wire - http-outgoing-1 << "{"status":"Extracting","progressDetail":{"current":3538944,"total":8065496},"progress":"[=====================\u003e                             ]  3.539MB/8.065MB","id":"12bab27fafd3"}[\r][\n]"
21:34:52.522 [docker-java-stream--2064336329] DEBUG com.github.dockerjava.zerodep.shaded.org.apache.hc.client5.http.wire - http-outgoing-1 << "[\r][\n]"
21:34:52.522 [docker-java-stream--2064336329] DEBUG com.github.dockerjava.api.command.PullImageResultCallback - ResponseItem(stream=null, status=Extracting, progressDetail=ResponseItem.ProgressDetail(current=3538944, total=8065496, start=null), progress=[=====================>                             ]  3.539MB/8.065MB, id=12bab27fafd3, from=null, time=null, errorDetail=null, error=null, aux=null)
21:34:52.838 [docker-java-stream--2064336329] DEBUG com.github.dockerjava.zerodep.shaded.org.apache.hc.client5.http.wire - http-outgoing-1 << "bb[\r][\n]"
21:34:52.838 [docker-java-stream--2064336329] DEBUG com.github.dockerjava.zerodep.shaded.org.apache.hc.client5.http.wire - http-outgoing-1 << "{"status":"Extracting","progressDetail":{"current":3833856,"total":8065496},"progress":"[=======================\u003e                           ]  3.834MB/8.065MB","id":"12bab27fafd3"}[\r][\n]"
21:34:52.838 [docker-java-stream--2064336329] DEBUG com.github.dockerjava.zerodep.shaded.org.apache.hc.client5.http.wire - http-outgoing-1 << "[\r][\n]"
21:34:52.839 [docker-java-stream--2064336329] DEBUG com.github.dockerjava.api.command.PullImageResultCallback - ResponseItem(stream=null, status=Extracting, progressDetail=ResponseItem.ProgressDetail(current=3833856, total=8065496, start=null), progress=[=======================>                           ]  3.834MB/8.065MB, id=12bab27fafd3, from=null, time=null, errorDetail=null, error=null, aux=null)
21:34:53.368 [docker-java-stream--2064336329] DEBUG com.github.dockerjava.zerodep.shaded.org.apache.hc.client5.http.wire - http-outgoing-1 << "bb[\r][\n]"
21:34:53.368 [docker-java-stream--2064336329] DEBUG com.github.dockerjava.zerodep.shaded.org.apache.hc.client5.http.wire - http-outgoing-1 << "{"status":"Extracting","progressDetail":{"current":3932160,"total":8065496},"progress":"[========================\u003e                          ]  3.932MB/8.065MB","id":"12bab27fafd3"}[\r][\n]"
21:34:53.368 [docker-java-stream--2064336329] DEBUG com.github.dockerjava.zerodep.shaded.org.apache.hc.client5.http.wire - http-outgoing-1 << "[\r][\n]"
21:34:53.368 [docker-java-stream--2064336329] DEBUG com.github.dockerjava.api.command.PullImageResultCallback - ResponseItem(stream=null, status=Extracting, progressDetail=ResponseItem.ProgressDetail(current=3932160, total=8065496, start=null), progress=[========================>                          ]  3.932MB/8.065MB, id=12bab27fafd3, from=null, time=null, errorDetail=null, error=null, aux=null)
21:34:54.149 [docker-java-stream--2064336329] DEBUG com.github.dockerjava.zerodep.shaded.org.apache.hc.client5.http.wire - http-outgoing-1 << "bb[\r][\n]"
21:34:54.149 [docker-java-stream--2064336329] DEBUG com.github.dockerjava.zerodep.shaded.org.apache.hc.client5.http.wire - http-outgoing-1 << "{"status":"Extracting","progressDetail":{"current":4030464,"total":8065496},"progress":"[========================\u003e                          ]   4.03MB/8.065MB","id":"12bab27fafd3"}[\r][\n]"
21:34:54.149 [docker-java-stream--2064336329] DEBUG com.github.dockerjava.zerodep.shaded.org.apache.hc.client5.http.wire - http-outgoing-1 << "[\r][\n]"
21:34:54.149 [docker-java-stream--2064336329] DEBUG com.github.dockerjava.api.command.PullImageResultCallback - ResponseItem(stream=null, status=Extracting, progressDetail=ResponseItem.ProgressDetail(current=4030464, total=8065496, start=null), progress=[========================>                          ]   4.03MB/8.065MB, id=12bab27fafd3, from=null, time=null, errorDetail=null, error=null, aux=null)
21:34:55.120 [docker-java-stream--2064336329] DEBUG com.github.dockerjava.zerodep.shaded.org.apache.hc.client5.http.wire - http-outgoing-1 << "bb[\r][\n]"
21:34:55.120 [docker-java-stream--2064336329] DEBUG com.github.dockerjava.zerodep.shaded.org.apache.hc.client5.http.wire - http-outgoing-1 << "{"status":"Extracting","progressDetail":{"current":4128768,"total":8065496},"progress":"[=========================\u003e                         ]  4.129MB/8.065MB","id":"12bab27fafd3"}[\r][\n]"
21:34:55.120 [docker-java-stream--2064336329] DEBUG com.github.dockerjava.zerodep.shaded.org.apache.hc.client5.http.wire - http-outgoing-1 << "[\r][\n]"
21:34:55.121 [docker-java-stream--2064336329] DEBUG com.github.dockerjava.api.command.PullImageResultCallback - ResponseItem(stream=null, status=Extracting, progressDetail=ResponseItem.ProgressDetail(current=4128768, total=8065496, start=null), progress=[=========================>                         ]  4.129MB/8.065MB, id=12bab27fafd3, from=null, time=null, errorDetail=null, error=null, aux=null)
21:34:55.365 [docker-java-stream--2064336329] DEBUG com.github.dockerjava.zerodep.shaded.org.apache.hc.client5.http.wire - http-outgoing-1 << "bb[\r][\n]"
21:34:55.365 [docker-java-stream--2064336329] DEBUG com.github.dockerjava.zerodep.shaded.org.apache.hc.client5.http.wire - http-outgoing-1 << "{"status":"Extracting","progressDetail":{"current":4227072,"total":8065496},"progress":"[==========================\u003e                        ]  4.227MB/8.065MB","id":"12bab27fafd3"}[\r][\n]"
21:34:55.365 [docker-java-stream--2064336329] DEBUG com.github.dockerjava.zerodep.shaded.org.apache.hc.client5.http.wire - http-outgoing-1 << "[\r][\n]"
21:34:55.366 [docker-java-stream--2064336329] DEBUG com.github.dockerjava.api.command.PullImageResultCallback - ResponseItem(stream=null, status=Extracting, progressDetail=ResponseItem.ProgressDetail(current=4227072, total=8065496, start=null), progress=[==========================>                        ]  4.227MB/8.065MB, id=12bab27fafd3, from=null, time=null, errorDetail=null, error=null, aux=null)
21:34:55.609 [docker-java-stream--2064336329] DEBUG com.github.dockerjava.zerodep.shaded.org.apache.hc.client5.http.wire - http-outgoing-1 << "bb[\r][\n]"
21:34:55.609 [docker-java-stream--2064336329] DEBUG com.github.dockerjava.zerodep.shaded.org.apache.hc.client5.http.wire - http-outgoing-1 << "{"status":"Extracting","progressDetail":{"current":4325376,"total":8065496},"progress":"[==========================\u003e                        ]  4.325MB/8.065MB","id":"12bab27fafd3"}[\r][\n]"
21:34:55.609 [docker-java-stream--2064336329] DEBUG com.github.dockerjava.zerodep.shaded.org.apache.hc.client5.http.wire - http-outgoing-1 << "[\r][\n]"
21:34:55.609 [docker-java-stream--2064336329] DEBUG com.github.dockerjava.api.command.PullImageResultCallback - ResponseItem(stream=null, status=Extracting, progressDetail=ResponseItem.ProgressDetail(current=4325376, total=8065496, start=null), progress=[==========================>                        ]  4.325MB/8.065MB, id=12bab27fafd3, from=null, time=null, errorDetail=null, error=null, aux=null)
21:34:57.688 [docker-java-stream--2064336329] DEBUG com.github.dockerjava.zerodep.shaded.org.apache.hc.client5.http.wire - http-outgoing-1 << "bb[\r][\n]"
21:34:57.688 [docker-java-stream--2064336329] DEBUG com.github.dockerjava.zerodep.shaded.org.apache.hc.client5.http.wire - http-outgoing-1 << "{"status":"Extracting","progressDetail":{"current":4423680,"total":8065496},"progress":"[===========================\u003e                       ]  4.424MB/8.065MB","id":"12bab27fafd3"}[\r][\n]"
21:34:57.688 [docker-java-stream--2064336329] DEBUG com.github.dockerjava.zerodep.shaded.org.apache.hc.client5.http.wire - http-outgoing-1 << "[\r][\n]"
21:34:57.688 [docker-java-stream--2064336329] DEBUG com.github.dockerjava.api.command.PullImageResultCallback - ResponseItem(stream=null, status=Extracting, progressDetail=ResponseItem.ProgressDetail(current=4423680, total=8065496, start=null), progress=[===========================>                       ]  4.424MB/8.065MB, id=12bab27fafd3, from=null, time=null, errorDetail=null, error=null, aux=null)
21:35:00.076 [docker-java-stream--2064336329] DEBUG com.github.dockerjava.zerodep.shaded.org.apache.hc.client5.http.wire - http-outgoing-1 << "bb[\r][\n]"
21:35:00.076 [docker-java-stream--2064336329] DEBUG com.github.dockerjava.zerodep.shaded.org.apache.hc.client5.http.wire - http-outgoing-1 << "{"status":"Extracting","progressDetail":{"current":4521984,"total":8065496},"progress":"[============================\u003e                      ]  4.522MB/8.065MB","id":"12bab27fafd3"}[\r][\n]"
21:35:00.076 [docker-java-stream--2064336329] DEBUG com.github.dockerjava.zerodep.shaded.org.apache.hc.client5.http.wire - http-outgoing-1 << "[\r][\n]"
21:35:00.076 [docker-java-stream--2064336329] DEBUG com.github.dockerjava.api.command.PullImageResultCallback - ResponseItem(stream=null, status=Extracting, progressDetail=ResponseItem.ProgressDetail(current=4521984, total=8065496, start=null), progress=[============================>                      ]  4.522MB/8.065MB, id=12bab27fafd3, from=null, time=null, errorDetail=null, error=null, aux=null)
21:35:00.554 [docker-java-stream--2064336329] DEBUG com.github.dockerjava.zerodep.shaded.org.apache.hc.client5.http.wire - http-outgoing-1 << "bb[\r][\n]"
21:35:00.554 [docker-java-stream--2064336329] DEBUG com.github.dockerjava.zerodep.shaded.org.apache.hc.client5.http.wire - http-outgoing-1 << "{"status":"Extracting","progressDetail":{"current":4620288,"total":8065496},"progress":"[============================\u003e                      ]   4.62MB/8.065MB","id":"12bab27fafd3"}[\r][\n]"
21:35:00.554 [docker-java-stream--2064336329] DEBUG com.github.dockerjava.zerodep.shaded.org.apache.hc.client5.http.wire - http-outgoing-1 << "[\r][\n]"
21:35:00.554 [docker-java-stream--2064336329] DEBUG com.github.dockerjava.api.command.PullImageResultCallback - ResponseItem(stream=null, status=Extracting, progressDetail=ResponseItem.ProgressDetail(current=4620288, total=8065496, start=null), progress=[============================>                      ]   4.62MB/8.065MB, id=12bab27fafd3, from=null, time=null, errorDetail=null, error=null, aux=null)
21:35:01.651 [docker-java-stream--2064336329] DEBUG com.github.dockerjava.zerodep.shaded.org.apache.hc.client5.http.wire - http-outgoing-1 << "bb[\r][\n]"
21:35:01.651 [docker-java-stream--2064336329] DEBUG com.github.dockerjava.zerodep.shaded.org.apache.hc.client5.http.wire - http-outgoing-1 << "{"status":"Extracting","progressDetail":{"current":4718592,"total":8065496},"progress":"[=============================\u003e                     ]  4.719MB/8.065MB","id":"12bab27fafd3"}[\r][\n]"
21:35:01.651 [docker-java-stream--2064336329] DEBUG com.github.dockerjava.zerodep.shaded.org.apache.hc.client5.http.wire - http-outgoing-1 << "[\r][\n]"
21:35:01.651 [docker-java-stream--2064336329] DEBUG com.github.dockerjava.api.command.PullImageResultCallback - ResponseItem(stream=null, status=Extracting, progressDetail=ResponseItem.ProgressDetail(current=4718592, total=8065496, start=null), progress=[=============================>                     ]  4.719MB/8.065MB, id=12bab27fafd3, from=null, time=null, errorDetail=null, error=null, aux=null)
21:35:02.592 [docker-java-stream--2064336329] DEBUG com.github.dockerjava.zerodep.shaded.org.apache.hc.client5.http.wire - http-outgoing-1 << "bb[\r][\n]"
21:35:02.592 [docker-java-stream--2064336329] DEBUG com.github.dockerjava.zerodep.shaded.org.apache.hc.client5.http.wire - http-outgoing-1 << "{"status":"Extracting","progressDetail":{"current":4816896,"total":8065496},"progress":"[=============================\u003e                     ]  4.817MB/8.065MB","id":"12bab27fafd3"}[\r][\n]"
21:35:02.592 [docker-java-stream--2064336329] DEBUG com.github.dockerjava.zerodep.shaded.org.apache.hc.client5.http.wire - http-outgoing-1 << "[\r][\n]"
21:35:02.592 [docker-java-stream--2064336329] DEBUG com.github.dockerjava.api.command.PullImageResultCallback - ResponseItem(stream=null, status=Extracting, progressDetail=ResponseItem.ProgressDetail(current=4816896, total=8065496, start=null), progress=[=============================>                     ]  4.817MB/8.065MB, id=12bab27fafd3, from=null, time=null, errorDetail=null, error=null, aux=null)
21:35:02.789 [docker-java-stream--2064336329] DEBUG com.github.dockerjava.zerodep.shaded.org.apache.hc.client5.http.wire - http-outgoing-1 << "bb[\r][\n]"
21:35:02.789 [docker-java-stream--2064336329] DEBUG com.github.dockerjava.zerodep.shaded.org.apache.hc.client5.http.wire - http-outgoing-1 << "{"status":"Extracting","progressDetail":{"current":5111808,"total":8065496},"progress":"[===============================\u003e                   ]  5.112MB/8.065MB","id":"12bab27fafd3"}[\r][\n]"
21:35:02.790 [docker-java-stream--2064336329] DEBUG com.github.dockerjava.zerodep.shaded.org.apache.hc.client5.http.wire - http-outgoing-1 << "[\r][\n]"
21:35:02.790 [docker-java-stream--2064336329] DEBUG com.github.dockerjava.api.command.PullImageResultCallback - ResponseItem(stream=null, status=Extracting, progressDetail=ResponseItem.ProgressDetail(current=5111808, total=8065496, start=null), progress=[===============================>                   ]  5.112MB/8.065MB, id=12bab27fafd3, from=null, time=null, errorDetail=null, error=null, aux=null)
21:35:03.102 [docker-java-stream--2064336329] DEBUG com.github.dockerjava.zerodep.shaded.org.apache.hc.client5.http.wire - http-outgoing-1 << "bb[\r][\n]"
21:35:03.102 [docker-java-stream--2064336329] DEBUG com.github.dockerjava.zerodep.shaded.org.apache.hc.client5.http.wire - http-outgoing-1 << "{"status":"Extracting","progressDetail":{"current":5210112,"total":8065496},"progress":"[================================\u003e                  ]   5.21MB/8.065MB","id":"12bab27fafd3"}[\r][\n]"
21:35:03.102 [docker-java-stream--2064336329] DEBUG com.github.dockerjava.zerodep.shaded.org.apache.hc.client5.http.wire - http-outgoing-1 << "[\r][\n]"
21:35:03.102 [docker-java-stream--2064336329] DEBUG com.github.dockerjava.api.command.PullImageResultCallback - ResponseItem(stream=null, status=Extracting, progressDetail=ResponseItem.ProgressDetail(current=5210112, total=8065496, start=null), progress=[================================>                  ]   5.21MB/8.065MB, id=12bab27fafd3, from=null, time=null, errorDetail=null, error=null, aux=null)
21:35:03.204 [docker-java-stream--2064336329] DEBUG com.github.dockerjava.zerodep.shaded.org.apache.hc.client5.http.wire - http-outgoing-1 << "bb[\r][\n]"
21:35:03.204 [docker-java-stream--2064336329] DEBUG com.github.dockerjava.zerodep.shaded.org.apache.hc.client5.http.wire - http-outgoing-1 << "{"status":"Extracting","progressDetail":{"current":5505024,"total":8065496},"progress":"[==================================\u003e                ]  5.505MB/8.065MB","id":"12bab27fafd3"}[\r][\n]"
21:35:03.204 [docker-java-stream--2064336329] DEBUG com.github.dockerjava.zerodep.shaded.org.apache.hc.client5.http.wire - http-outgoing-1 << "[\r][\n]"
21:35:03.204 [docker-java-stream--2064336329] DEBUG com.github.dockerjava.api.command.PullImageResultCallback - ResponseItem(stream=null, status=Extracting, progressDetail=ResponseItem.ProgressDetail(current=5505024, total=8065496, start=null), progress=[==================================>                ]  5.505MB/8.065MB, id=12bab27fafd3, from=null, time=null, errorDetail=null, error=null, aux=null)
21:35:03.576 [docker-java-stream--2064336329] DEBUG com.github.dockerjava.zerodep.shaded.org.apache.hc.client5.http.wire - http-outgoing-1 << "bb[\r][\n]"
21:35:03.576 [docker-java-stream--2064336329] DEBUG com.github.dockerjava.zerodep.shaded.org.apache.hc.client5.http.wire - http-outgoing-1 << "{"status":"Extracting","progressDetail":{"current":5603328,"total":8065496},"progress":"[==================================\u003e                ]  5.603MB/8.065MB","id":"12bab27fafd3"}[\r][\n]"
21:35:03.576 [docker-java-stream--2064336329] DEBUG com.github.dockerjava.zerodep.shaded.org.apache.hc.client5.http.wire - http-outgoing-1 << "[\r][\n]"
21:35:03.576 [docker-java-stream--2064336329] DEBUG com.github.dockerjava.api.command.PullImageResultCallback - ResponseItem(stream=null, status=Extracting, progressDetail=ResponseItem.ProgressDetail(current=5603328, total=8065496, start=null), progress=[==================================>                ]  5.603MB/8.065MB, id=12bab27fafd3, from=null, time=null, errorDetail=null, error=null, aux=null)
21:35:03.902 [docker-java-stream--2064336329] DEBUG com.github.dockerjava.zerodep.shaded.org.apache.hc.client5.http.wire - http-outgoing-1 << "bb[\r][\n]"
21:35:03.902 [docker-java-stream--2064336329] DEBUG com.github.dockerjava.zerodep.shaded.org.apache.hc.client5.http.wire - http-outgoing-1 << "{"status":"Extracting","progressDetail":{"current":5799936,"total":8065496},"progress":"[===================================\u003e               ]    5.8MB/8.065MB","id":"12bab27fafd3"}[\r][\n]"
21:35:03.903 [docker-java-stream--2064336329] DEBUG com.github.dockerjava.zerodep.shaded.org.apache.hc.client5.http.wire - http-outgoing-1 << "[\r][\n]"
21:35:03.903 [docker-java-stream--2064336329] DEBUG com.github.dockerjava.api.command.PullImageResultCallback - ResponseItem(stream=null, status=Extracting, progressDetail=ResponseItem.ProgressDetail(current=5799936, total=8065496, start=null), progress=[===================================>               ]    5.8MB/8.065MB, id=12bab27fafd3, from=null, time=null, errorDetail=null, error=null, aux=null)
21:35:05.523 [docker-java-stream--2064336329] DEBUG com.github.dockerjava.zerodep.shaded.org.apache.hc.client5.http.wire - http-outgoing-1 << "bb[\r][\n]"
21:35:05.523 [docker-java-stream--2064336329] DEBUG com.github.dockerjava.zerodep.shaded.org.apache.hc.client5.http.wire - http-outgoing-1 << "{"status":"Extracting","progressDetail":{"current":5898240,"total":8065496},"progress":"[====================================\u003e              ]  5.898MB/8.065MB","id":"12bab27fafd3"}[\r][\n]"
21:35:05.523 [docker-java-stream--2064336329] DEBUG com.github.dockerjava.zerodep.shaded.org.apache.hc.client5.http.wire - http-outgoing-1 << "[\r][\n]"
21:35:05.524 [docker-java-stream--2064336329] DEBUG com.github.dockerjava.api.command.PullImageResultCallback - ResponseItem(stream=null, status=Extracting, progressDetail=ResponseItem.ProgressDetail(current=5898240, total=8065496, start=null), progress=[====================================>              ]  5.898MB/8.065MB, id=12bab27fafd3, from=null, time=null, errorDetail=null, error=null, aux=null)
21:35:05.802 [docker-java-stream--2064336329] DEBUG com.github.dockerjava.zerodep.shaded.org.apache.hc.client5.http.wire - http-outgoing-1 << "bb[\r][\n]"
21:35:05.802 [docker-java-stream--2064336329] DEBUG com.github.dockerjava.zerodep.shaded.org.apache.hc.client5.http.wire - http-outgoing-1 << "{"status":"Extracting","progressDetail":{"current":5996544,"total":8065496},"progress":"[=====================================\u003e             ]  5.997MB/8.065MB","id":"12bab27fafd3"}[\r][\n]"
21:35:05.803 [docker-java-stream--2064336329] DEBUG com.github.dockerjava.zerodep.shaded.org.apache.hc.client5.http.wire - http-outgoing-1 << "[\r][\n]"
21:35:05.803 [docker-java-stream--2064336329] DEBUG com.github.dockerjava.api.command.PullImageResultCallback - ResponseItem(stream=null, status=Extracting, progressDetail=ResponseItem.ProgressDetail(current=5996544, total=8065496, start=null), progress=[=====================================>             ]  5.997MB/8.065MB, id=12bab27fafd3, from=null, time=null, errorDetail=null, error=null, aux=null)
21:35:06.211 [docker-java-stream--2064336329] DEBUG com.github.dockerjava.zerodep.shaded.org.apache.hc.client5.http.wire - http-outgoing-1 << "bb[\r][\n]"
21:35:06.211 [docker-java-stream--2064336329] DEBUG com.github.dockerjava.zerodep.shaded.org.apache.hc.client5.http.wire - http-outgoing-1 << "{"status":"Extracting","progressDetail":{"current":6291456,"total":8065496},"progress":"[=======================================\u003e           ]  6.291MB/8.065MB","id":"12bab27fafd3"}[\r][\n]"
21:35:06.211 [docker-java-stream--2064336329] DEBUG com.github.dockerjava.zerodep.shaded.org.apache.hc.client5.http.wire - http-outgoing-1 << "[\r][\n]"
21:35:06.211 [docker-java-stream--2064336329] DEBUG com.github.dockerjava.api.command.PullImageResultCallback - ResponseItem(stream=null, status=Extracting, progressDetail=ResponseItem.ProgressDetail(current=6291456, total=8065496, start=null), progress=[=======================================>           ]  6.291MB/8.065MB, id=12bab27fafd3, from=null, time=null, errorDetail=null, error=null, aux=null)
21:35:06.323 [docker-java-stream--2064336329] DEBUG com.github.dockerjava.zerodep.shaded.org.apache.hc.client5.http.wire - http-outgoing-1 << "bb[\r][\n]"
21:35:06.323 [docker-java-stream--2064336329] DEBUG com.github.dockerjava.zerodep.shaded.org.apache.hc.client5.http.wire - http-outgoing-1 << "{"status":"Extracting","progressDetail":{"current":6389760,"total":8065496},"progress":"[=======================================\u003e           ]   6.39MB/8.065MB","id":"12bab27fafd3"}[\r][\n]"
21:35:06.323 [docker-java-stream--2064336329] DEBUG com.github.dockerjava.zerodep.shaded.org.apache.hc.client5.http.wire - http-outgoing-1 << "[\r][\n]"
21:35:06.323 [docker-java-stream--2064336329] DEBUG com.github.dockerjava.api.command.PullImageResultCallback - ResponseItem(stream=null, status=Extracting, progressDetail=ResponseItem.ProgressDetail(current=6389760, total=8065496, start=null), progress=[=======================================>           ]   6.39MB/8.065MB, id=12bab27fafd3, from=null, time=null, errorDetail=null, error=null, aux=null)
21:35:06.436 [docker-java-stream--2064336329] DEBUG com.github.dockerjava.zerodep.shaded.org.apache.hc.client5.http.wire - http-outgoing-1 << "bb[\r][\n]"
21:35:06.436 [docker-java-stream--2064336329] DEBUG com.github.dockerjava.zerodep.shaded.org.apache.hc.client5.http.wire - http-outgoing-1 << "{"status":"Extracting","progressDetail":{"current":6586368,"total":8065496},"progress":"[========================================\u003e          ]  6.586MB/8.065MB","id":"12bab27fafd3"}[\r][\n]"
21:35:06.436 [docker-java-stream--2064336329] DEBUG com.github.dockerjava.zerodep.shaded.org.apache.hc.client5.http.wire - http-outgoing-1 << "[\r][\n]"
21:35:06.437 [docker-java-stream--2064336329] DEBUG com.github.dockerjava.api.command.PullImageResultCallback - ResponseItem(stream=null, status=Extracting, progressDetail=ResponseItem.ProgressDetail(current=6586368, total=8065496, start=null), progress=[========================================>          ]  6.586MB/8.065MB, id=12bab27fafd3, from=null, time=null, errorDetail=null, error=null, aux=null)
21:35:06.917 [docker-java-stream--2064336329] DEBUG com.github.dockerjava.zerodep.shaded.org.apache.hc.client5.http.wire - http-outgoing-1 << "bb[\r][\n]"
21:35:06.917 [docker-java-stream--2064336329] DEBUG com.github.dockerjava.zerodep.shaded.org.apache.hc.client5.http.wire - http-outgoing-1 << "{"status":"Extracting","progressDetail":{"current":6684672,"total":8065496},"progress":"[=========================================\u003e         ]  6.685MB/8.065MB","id":"12bab27fafd3"}[\r][\n]"
21:35:06.917 [docker-java-stream--2064336329] DEBUG com.github.dockerjava.zerodep.shaded.org.apache.hc.client5.http.wire - http-outgoing-1 << "[\r][\n]"
21:35:06.918 [docker-java-stream--2064336329] DEBUG com.github.dockerjava.api.command.PullImageResultCallback - ResponseItem(stream=null, status=Extracting, progressDetail=ResponseItem.ProgressDetail(current=6684672, total=8065496, start=null), progress=[=========================================>         ]  6.685MB/8.065MB, id=12bab27fafd3, from=null, time=null, errorDetail=null, error=null, aux=null)
21:35:07.817 [docker-java-stream--2064336329] DEBUG com.github.dockerjava.zerodep.shaded.org.apache.hc.client5.http.wire - http-outgoing-1 << "bb[\r][\n]"
21:35:07.817 [docker-java-stream--2064336329] DEBUG com.github.dockerjava.zerodep.shaded.org.apache.hc.client5.http.wire - http-outgoing-1 << "{"status":"Extracting","progressDetail":{"current":6782976,"total":8065496},"progress":"[==========================================\u003e        ]  6.783MB/8.065MB","id":"12bab27fafd3"}[\r][\n]"
21:35:07.817 [docker-java-stream--2064336329] DEBUG com.github.dockerjava.zerodep.shaded.org.apache.hc.client5.http.wire - http-outgoing-1 << "[\r][\n]"
21:35:07.818 [docker-java-stream--2064336329] DEBUG com.github.dockerjava.api.command.PullImageResultCallback - ResponseItem(stream=null, status=Extracting, progressDetail=ResponseItem.ProgressDetail(current=6782976, total=8065496, start=null), progress=[==========================================>        ]  6.783MB/8.065MB, id=12bab27fafd3, from=null, time=null, errorDetail=null, error=null, aux=null)
21:35:08.730 [docker-java-stream--2064336329] DEBUG com.github.dockerjava.zerodep.shaded.org.apache.hc.client5.http.wire - http-outgoing-1 << "bb[\r][\n]"
21:35:08.730 [docker-java-stream--2064336329] DEBUG com.github.dockerjava.zerodep.shaded.org.apache.hc.client5.http.wire - http-outgoing-1 << "{"status":"Extracting","progressDetail":{"current":6881280,"total":8065496},"progress":"[==========================================\u003e        ]  6.881MB/8.065MB","id":"12bab27fafd3"}[\r][\n]"
21:35:08.730 [docker-java-stream--2064336329] DEBUG com.github.dockerjava.zerodep.shaded.org.apache.hc.client5.http.wire - http-outgoing-1 << "[\r][\n]"
21:35:08.731 [docker-java-stream--2064336329] DEBUG com.github.dockerjava.api.command.PullImageResultCallback - ResponseItem(stream=null, status=Extracting, progressDetail=ResponseItem.ProgressDetail(current=6881280, total=8065496, start=null), progress=[==========================================>        ]  6.881MB/8.065MB, id=12bab27fafd3, from=null, time=null, errorDetail=null, error=null, aux=null)
21:35:13.291 [docker-java-stream--2064336329] DEBUG com.github.dockerjava.zerodep.shaded.org.apache.hc.client5.http.wire - http-outgoing-1 << "bb[\r][\n]"
21:35:13.291 [docker-java-stream--2064336329] DEBUG com.github.dockerjava.zerodep.shaded.org.apache.hc.client5.http.wire - http-outgoing-1 << "{"status":"Extracting","progressDetail":{"current":6979584,"total":8065496},"progress":"[===========================================\u003e       ]   6.98MB/8.065MB","id":"12bab27fafd3"}[\r][\n]"
21:35:13.291 [docker-java-stream--2064336329] DEBUG com.github.dockerjava.zerodep.shaded.org.apache.hc.client5.http.wire - http-outgoing-1 << "[\r][\n]"
21:35:13.291 [docker-java-stream--2064336329] DEBUG com.github.dockerjava.api.command.PullImageResultCallback - ResponseItem(stream=null, status=Extracting, progressDetail=ResponseItem.ProgressDetail(current=6979584, total=8065496, start=null), progress=[===========================================>       ]   6.98MB/8.065MB, id=12bab27fafd3, from=null, time=null, errorDetail=null, error=null, aux=null)
21:35:13.764 [docker-java-stream--2064336329] DEBUG com.github.dockerjava.zerodep.shaded.org.apache.hc.client5.http.wire - http-outgoing-1 << "bb[\r][\n]"
21:35:13.765 [docker-java-stream--2064336329] DEBUG com.github.dockerjava.zerodep.shaded.org.apache.hc.client5.http.wire - http-outgoing-1 << "{"status":"Extracting","progressDetail":{"current":7077888,"total":8065496},"progress":"[===========================================\u003e       ]  7.078MB/8.065MB","id":"12bab27fafd3"}[\r][\n]"
21:35:13.765 [docker-java-stream--2064336329] DEBUG com.github.dockerjava.zerodep.shaded.org.apache.hc.client5.http.wire - http-outgoing-1 << "[\r][\n]"
21:35:13.765 [docker-java-stream--2064336329] DEBUG com.github.dockerjava.api.command.PullImageResultCallback - ResponseItem(stream=null, status=Extracting, progressDetail=ResponseItem.ProgressDetail(current=7077888, total=8065496, start=null), progress=[===========================================>       ]  7.078MB/8.065MB, id=12bab27fafd3, from=null, time=null, errorDetail=null, error=null, aux=null)
21:35:13.885 [docker-java-stream--2064336329] DEBUG com.github.dockerjava.zerodep.shaded.org.apache.hc.client5.http.wire - http-outgoing-1 << "bb[\r][\n]"
21:35:13.885 [docker-java-stream--2064336329] DEBUG com.github.dockerjava.zerodep.shaded.org.apache.hc.client5.http.wire - http-outgoing-1 << "{"status":"Extracting","progressDetail":{"current":7176192,"total":8065496},"progress":"[============================================\u003e      ]  7.176MB/8.065MB","id":"12bab27fafd3"}[\r][\n]"
21:35:13.885 [docker-java-stream--2064336329] DEBUG com.github.dockerjava.zerodep.shaded.org.apache.hc.client5.http.wire - http-outgoing-1 << "[\r][\n]"
21:35:13.885 [docker-java-stream--2064336329] DEBUG com.github.dockerjava.api.command.PullImageResultCallback - ResponseItem(stream=null, status=Extracting, progressDetail=ResponseItem.ProgressDetail(current=7176192, total=8065496, start=null), progress=[============================================>      ]  7.176MB/8.065MB, id=12bab27fafd3, from=null, time=null, errorDetail=null, error=null, aux=null)
21:35:14.934 [docker-java-stream--2064336329] DEBUG com.github.dockerjava.zerodep.shaded.org.apache.hc.client5.http.wire - http-outgoing-1 << "bb[\r][\n]"
21:35:14.934 [docker-java-stream--2064336329] DEBUG com.github.dockerjava.zerodep.shaded.org.apache.hc.client5.http.wire - http-outgoing-1 << "{"status":"Extracting","progressDetail":{"current":7274496,"total":8065496},"progress":"[=============================================\u003e     ]  7.274MB/8.065MB","id":"12bab27fafd3"}[\r][\n]"
21:35:14.934 [docker-java-stream--2064336329] DEBUG com.github.dockerjava.zerodep.shaded.org.apache.hc.client5.http.wire - http-outgoing-1 << "[\r][\n]"
21:35:14.934 [docker-java-stream--2064336329] DEBUG com.github.dockerjava.api.command.PullImageResultCallback - ResponseItem(stream=null, status=Extracting, progressDetail=ResponseItem.ProgressDetail(current=7274496, total=8065496, start=null), progress=[=============================================>     ]  7.274MB/8.065MB, id=12bab27fafd3, from=null, time=null, errorDetail=null, error=null, aux=null)
21:35:15.216 [docker-java-stream--2064336329] DEBUG com.github.dockerjava.zerodep.shaded.org.apache.hc.client5.http.wire - http-outgoing-1 << "bb[\r][\n]"
21:35:15.216 [docker-java-stream--2064336329] DEBUG com.github.dockerjava.zerodep.shaded.org.apache.hc.client5.http.wire - http-outgoing-1 << "{"status":"Extracting","progressDetail":{"current":7372800,"total":8065496},"progress":"[=============================================\u003e     ]  7.373MB/8.065MB","id":"12bab27fafd3"}[\r][\n]"
21:35:15.216 [docker-java-stream--2064336329] DEBUG com.github.dockerjava.zerodep.shaded.org.apache.hc.client5.http.wire - http-outgoing-1 << "[\r][\n]"
21:35:15.217 [docker-java-stream--2064336329] DEBUG com.github.dockerjava.api.command.PullImageResultCallback - ResponseItem(stream=null, status=Extracting, progressDetail=ResponseItem.ProgressDetail(current=7372800, total=8065496, start=null), progress=[=============================================>     ]  7.373MB/8.065MB, id=12bab27fafd3, from=null, time=null, errorDetail=null, error=null, aux=null)
21:35:15.514 [docker-java-stream--2064336329] DEBUG com.github.dockerjava.zerodep.shaded.org.apache.hc.client5.http.wire - http-outgoing-1 << "bb[\r][\n]"
21:35:15.514 [docker-java-stream--2064336329] DEBUG com.github.dockerjava.zerodep.shaded.org.apache.hc.client5.http.wire - http-outgoing-1 << "{"status":"Extracting","progressDetail":{"current":7471104,"total":8065496},"progress":"[==============================================\u003e    ]  7.471MB/8.065MB","id":"12bab27fafd3"}[\r][\n]"
21:35:15.515 [docker-java-stream--2064336329] DEBUG com.github.dockerjava.zerodep.shaded.org.apache.hc.client5.http.wire - http-outgoing-1 << "[\r][\n]"
21:35:15.515 [docker-java-stream--2064336329] DEBUG com.github.dockerjava.api.command.PullImageResultCallback - ResponseItem(stream=null, status=Extracting, progressDetail=ResponseItem.ProgressDetail(current=7471104, total=8065496, start=null), progress=[==============================================>    ]  7.471MB/8.065MB, id=12bab27fafd3, from=null, time=null, errorDetail=null, error=null, aux=null)
21:35:16.122 [docker-java-stream--2064336329] DEBUG com.github.dockerjava.zerodep.shaded.org.apache.hc.client5.http.wire - http-outgoing-1 << "bb[\r][\n]"
21:35:16.122 [docker-java-stream--2064336329] DEBUG com.github.dockerjava.zerodep.shaded.org.apache.hc.client5.http.wire - http-outgoing-1 << "{"status":"Extracting","progressDetail":{"current":7667712,"total":8065496},"progress":"[===============================================\u003e   ]  7.668MB/8.065MB","id":"12bab27fafd3"}[\r][\n]"
21:35:16.122 [docker-java-stream--2064336329] DEBUG com.github.dockerjava.zerodep.shaded.org.apache.hc.client5.http.wire - http-outgoing-1 << "[\r][\n]"
21:35:16.122 [docker-java-stream--2064336329] DEBUG com.github.dockerjava.api.command.PullImageResultCallback - ResponseItem(stream=null, status=Extracting, progressDetail=ResponseItem.ProgressDetail(current=7667712, total=8065496, start=null), progress=[===============================================>   ]  7.668MB/8.065MB, id=12bab27fafd3, from=null, time=null, errorDetail=null, error=null, aux=null)
21:35:17.429 [docker-java-stream--2064336329] DEBUG com.github.dockerjava.zerodep.shaded.org.apache.hc.client5.http.wire - http-outgoing-1 << "bb[\r][\n]"
21:35:17.429 [docker-java-stream--2064336329] DEBUG com.github.dockerjava.zerodep.shaded.org.apache.hc.client5.http.wire - http-outgoing-1 << "{"status":"Extracting","progressDetail":{"current":7766016,"total":8065496},"progress":"[================================================\u003e  ]  7.766MB/8.065MB","id":"12bab27fafd3"}[\r][\n]"
21:35:17.429 [docker-java-stream--2064336329] DEBUG com.github.dockerjava.zerodep.shaded.org.apache.hc.client5.http.wire - http-outgoing-1 << "[\r][\n]"
21:35:17.430 [docker-java-stream--2064336329] DEBUG com.github.dockerjava.api.command.PullImageResultCallback - ResponseItem(stream=null, status=Extracting, progressDetail=ResponseItem.ProgressDetail(current=7766016, total=8065496, start=null), progress=[================================================>  ]  7.766MB/8.065MB, id=12bab27fafd3, from=null, time=null, errorDetail=null, error=null, aux=null)
21:35:17.609 [docker-java-stream--2064336329] DEBUG com.github.dockerjava.zerodep.shaded.org.apache.hc.client5.http.wire - http-outgoing-1 << "bb[\r][\n]"
21:35:17.609 [docker-java-stream--2064336329] DEBUG com.github.dockerjava.zerodep.shaded.org.apache.hc.client5.http.wire - http-outgoing-1 << "{"status":"Extracting","progressDetail":{"current":7864320,"total":8065496},"progress":"[================================================\u003e  ]  7.864MB/8.065MB","id":"12bab27fafd3"}[\r][\n]"
21:35:17.609 [docker-java-stream--2064336329] DEBUG com.github.dockerjava.zerodep.shaded.org.apache.hc.client5.http.wire - http-outgoing-1 << "[\r][\n]"
21:35:17.609 [docker-java-stream--2064336329] DEBUG com.github.dockerjava.api.command.PullImageResultCallback - ResponseItem(stream=null, status=Extracting, progressDetail=ResponseItem.ProgressDetail(current=7864320, total=8065496, start=null), progress=[================================================>  ]  7.864MB/8.065MB, id=12bab27fafd3, from=null, time=null, errorDetail=null, error=null, aux=null)
21:35:18.052 [docker-java-stream--2064336329] DEBUG com.github.dockerjava.zerodep.shaded.org.apache.hc.client5.http.wire - http-outgoing-1 << "bb[\r][\n]"
21:35:18.053 [docker-java-stream--2064336329] DEBUG com.github.dockerjava.zerodep.shaded.org.apache.hc.client5.http.wire - http-outgoing-1 << "{"status":"Extracting","progressDetail":{"current":8065496,"total":8065496},"progress":"[==================================================\u003e]  8.065MB/8.065MB","id":"12bab27fafd3"}[\r][\n]"
21:35:18.053 [docker-java-stream--2064336329] DEBUG com.github.dockerjava.zerodep.shaded.org.apache.hc.client5.http.wire - http-outgoing-1 << "[\r][\n]"
21:35:18.053 [docker-java-stream--2064336329] DEBUG com.github.dockerjava.api.command.PullImageResultCallback - ResponseItem(stream=null, status=Extracting, progressDetail=ResponseItem.ProgressDetail(current=8065496, total=8065496, start=null), progress=[==================================================>]  8.065MB/8.065MB, id=12bab27fafd3, from=null, time=null, errorDetail=null, error=null, aux=null)
21:35:20.844 [docker-java-stream--2064336329] DEBUG com.github.dockerjava.zerodep.shaded.org.apache.hc.client5.http.wire - http-outgoing-1 << "44[\r][\n]"
21:35:20.845 [docker-java-stream--2064336329] DEBUG com.github.dockerjava.zerodep.shaded.org.apache.hc.client5.http.wire - http-outgoing-1 << "{"status":"Pull complete","progressDetail":{},"id":"12bab27fafd3"}[\r][\n]"
21:35:20.845 [docker-java-stream--2064336329] DEBUG com.github.dockerjava.zerodep.shaded.org.apache.hc.client5.http.wire - http-outgoing-1 << "[\r][\n]"
21:35:20.845 [docker-java-stream--2064336329] DEBUG com.github.dockerjava.api.command.PullImageResultCallback - ResponseItem(stream=null, status=Pull complete, progressDetail=ResponseItem.ProgressDetail(current=null, total=null, start=null), progress=null, id=12bab27fafd3, from=null, time=null, errorDetail=null, error=null, aux=null)
21:35:20.852 [docker-java-stream--2064336329] INFO tc.postgres:16.1 - Pulling image layers:  0 pending, 14 downloaded,  5 extracted, (145 MB/145 MB)
21:35:24.135 [docker-java-stream--2064336329] DEBUG com.github.dockerjava.zerodep.shaded.org.apache.hc.client5.http.wire - http-outgoing-1 << "172[\r][\n]"
21:35:24.135 [docker-java-stream--2064336329] DEBUG com.github.dockerjava.zerodep.shaded.org.apache.hc.client5.http.wire - http-outgoing-1 << "{"status":"Extracting","progressDetail":{"current":32768,"total":1195120},"progress":"[=\u003e                                                 ]  32.77kB/1.195MB","id":"644cfda281a1"}[\r][\n]"
21:35:24.135 [docker-java-stream--2064336329] DEBUG com.github.dockerjava.zerodep.shaded.org.apache.hc.client5.http.wire - http-outgoing-1 << "{"status":"Extracting","progressDetail":{"current":65536,"total":1195120},"progress":"[==\u003e                                                ]  65.54kB/1.195MB","id":"644cfda281a1"}[\r][\n]"
21:35:24.135 [docker-java-stream--2064336329] DEBUG com.github.dockerjava.zerodep.shaded.org.apache.hc.client5.http.wire - http-outgoing-1 << "[\r][\n]"
21:35:24.135 [docker-java-stream--2064336329] DEBUG com.github.dockerjava.api.command.PullImageResultCallback - ResponseItem(stream=null, status=Extracting, progressDetail=ResponseItem.ProgressDetail(current=32768, total=1195120, start=null), progress=[=>                                                 ]  32.77kB/1.195MB, id=644cfda281a1, from=null, time=null, errorDetail=null, error=null, aux=null)
21:35:24.135 [docker-java-stream--2064336329] DEBUG com.github.dockerjava.api.command.PullImageResultCallback - ResponseItem(stream=null, status=Extracting, progressDetail=ResponseItem.ProgressDetail(current=65536, total=1195120, start=null), progress=[==>                                                ]  65.54kB/1.195MB, id=644cfda281a1, from=null, time=null, errorDetail=null, error=null, aux=null)
21:35:24.435 [docker-java-stream--2064336329] DEBUG com.github.dockerjava.zerodep.shaded.org.apache.hc.client5.http.wire - http-outgoing-1 << "ba[\r][\n]"
21:35:24.435 [docker-java-stream--2064336329] DEBUG com.github.dockerjava.zerodep.shaded.org.apache.hc.client5.http.wire - http-outgoing-1 << "{"status":"Extracting","progressDetail":{"current":131072,"total":1195120},"progress":"[=====\u003e                                             ]  131.1kB/1.195MB","id":"644cfda281a1"}[\r][\n]"
21:35:24.436 [docker-java-stream--2064336329] DEBUG com.github.dockerjava.zerodep.shaded.org.apache.hc.client5.http.wire - http-outgoing-1 << "[\r][\n]"
21:35:24.436 [docker-java-stream--2064336329] DEBUG com.github.dockerjava.api.command.PullImageResultCallback - ResponseItem(stream=null, status=Extracting, progressDetail=ResponseItem.ProgressDetail(current=131072, total=1195120, start=null), progress=[=====>                                             ]  131.1kB/1.195MB, id=644cfda281a1, from=null, time=null, errorDetail=null, error=null, aux=null)
21:35:26.027 [docker-java-stream--2064336329] DEBUG com.github.dockerjava.zerodep.shaded.org.apache.hc.client5.http.wire - http-outgoing-1 << "ba[\r][\n]"
21:35:26.027 [docker-java-stream--2064336329] DEBUG com.github.dockerjava.zerodep.shaded.org.apache.hc.client5.http.wire - http-outgoing-1 << "{"status":"Extracting","progressDetail":{"current":262144,"total":1195120},"progress":"[==========\u003e                                        ]  262.1kB/1.195MB","id":"644cfda281a1"}[\r][\n]"
21:35:26.027 [docker-java-stream--2064336329] DEBUG com.github.dockerjava.zerodep.shaded.org.apache.hc.client5.http.wire - http-outgoing-1 << "[\r][\n]"
21:35:26.027 [docker-java-stream--2064336329] DEBUG com.github.dockerjava.api.command.PullImageResultCallback - ResponseItem(stream=null, status=Extracting, progressDetail=ResponseItem.ProgressDetail(current=262144, total=1195120, start=null), progress=[==========>                                        ]  262.1kB/1.195MB, id=644cfda281a1, from=null, time=null, errorDetail=null, error=null, aux=null)
21:35:26.748 [docker-java-stream--2064336329] DEBUG com.github.dockerjava.zerodep.shaded.org.apache.hc.client5.http.wire - http-outgoing-1 << "174[\r][\n]"
21:35:26.748 [docker-java-stream--2064336329] DEBUG com.github.dockerjava.zerodep.shaded.org.apache.hc.client5.http.wire - http-outgoing-1 << "{"status":"Extracting","progressDetail":{"current":393216,"total":1195120},"progress":"[================\u003e                                  ]  393.2kB/1.195MB","id":"644cfda281a1"}[\r][\n]"
21:35:26.748 [docker-java-stream--2064336329] DEBUG com.github.dockerjava.zerodep.shaded.org.apache.hc.client5.http.wire - http-outgoing-1 << "{"status":"Extracting","progressDetail":{"current":458752,"total":1195120},"progress":"[===================\u003e                               ]  458.8kB/1.195MB","id":"644cfda281a1"}[\r][\n]"
21:35:26.748 [docker-java-stream--2064336329] DEBUG com.github.dockerjava.zerodep.shaded.org.apache.hc.client5.http.wire - http-outgoing-1 << "[\r][\n]"
21:35:26.748 [docker-java-stream--2064336329] DEBUG com.github.dockerjava.api.command.PullImageResultCallback - ResponseItem(stream=null, status=Extracting, progressDetail=ResponseItem.ProgressDetail(current=393216, total=1195120, start=null), progress=[================>                                  ]  393.2kB/1.195MB, id=644cfda281a1, from=null, time=null, errorDetail=null, error=null, aux=null)
21:35:26.748 [docker-java-stream--2064336329] DEBUG com.github.dockerjava.api.command.PullImageResultCallback - ResponseItem(stream=null, status=Extracting, progressDetail=ResponseItem.ProgressDetail(current=458752, total=1195120, start=null), progress=[===================>                               ]  458.8kB/1.195MB, id=644cfda281a1, from=null, time=null, errorDetail=null, error=null, aux=null)
21:35:28.819 [docker-java-stream--2064336329] DEBUG com.github.dockerjava.zerodep.shaded.org.apache.hc.client5.http.wire - http-outgoing-1 << "ba[\r][\n]"
21:35:28.819 [docker-java-stream--2064336329] DEBUG com.github.dockerjava.zerodep.shaded.org.apache.hc.client5.http.wire - http-outgoing-1 << "{"status":"Extracting","progressDetail":{"current":622592,"total":1195120},"progress":"[==========================\u003e                        ]  622.6kB/1.195MB","id":"644cfda281a1"}[\r][\n]"
21:35:28.819 [docker-java-stream--2064336329] DEBUG com.github.dockerjava.zerodep.shaded.org.apache.hc.client5.http.wire - http-outgoing-1 << "[\r][\n]"
21:35:28.819 [docker-java-stream--2064336329] DEBUG com.github.dockerjava.api.command.PullImageResultCallback - ResponseItem(stream=null, status=Extracting, progressDetail=ResponseItem.ProgressDetail(current=622592, total=1195120, start=null), progress=[==========================>                        ]  622.6kB/1.195MB, id=644cfda281a1, from=null, time=null, errorDetail=null, error=null, aux=null)
21:35:29.396 [docker-java-stream--2064336329] DEBUG com.github.dockerjava.zerodep.shaded.org.apache.hc.client5.http.wire - http-outgoing-1 << "ba[\r][\n]"
21:35:29.396 [docker-java-stream--2064336329] DEBUG com.github.dockerjava.zerodep.shaded.org.apache.hc.client5.http.wire - http-outgoing-1 << "{"status":"Extracting","progressDetail":{"current":688128,"total":1195120},"progress":"[============================\u003e                      ]  688.1kB/1.195MB","id":"644cfda281a1"}[\r][\n]"
21:35:29.396 [docker-java-stream--2064336329] DEBUG com.github.dockerjava.zerodep.shaded.org.apache.hc.client5.http.wire - http-outgoing-1 << "[\r][\n]"
21:35:29.396 [docker-java-stream--2064336329] DEBUG com.github.dockerjava.api.command.PullImageResultCallback - ResponseItem(stream=null, status=Extracting, progressDetail=ResponseItem.ProgressDetail(current=688128, total=1195120, start=null), progress=[============================>                      ]  688.1kB/1.195MB, id=644cfda281a1, from=null, time=null, errorDetail=null, error=null, aux=null)
21:35:30.561 [docker-java-stream--2064336329] DEBUG com.github.dockerjava.zerodep.shaded.org.apache.hc.client5.http.wire - http-outgoing-1 << "ba[\r][\n]"
21:35:30.561 [docker-java-stream--2064336329] DEBUG com.github.dockerjava.zerodep.shaded.org.apache.hc.client5.http.wire - http-outgoing-1 << "{"status":"Extracting","progressDetail":{"current":753664,"total":1195120},"progress":"[===============================\u003e                   ]  753.7kB/1.195MB","id":"644cfda281a1"}[\r][\n]"
21:35:30.562 [docker-java-stream--2064336329] DEBUG com.github.dockerjava.zerodep.shaded.org.apache.hc.client5.http.wire - http-outgoing-1 << "[\r][\n]"
21:35:30.562 [docker-java-stream--2064336329] DEBUG com.github.dockerjava.api.command.PullImageResultCallback - ResponseItem(stream=null, status=Extracting, progressDetail=ResponseItem.ProgressDetail(current=753664, total=1195120, start=null), progress=[===============================>                   ]  753.7kB/1.195MB, id=644cfda281a1, from=null, time=null, errorDetail=null, error=null, aux=null)
21:35:31.095 [docker-java-stream--2064336329] DEBUG com.github.dockerjava.zerodep.shaded.org.apache.hc.client5.http.wire - http-outgoing-1 << "ba[\r][\n]"
21:35:31.095 [docker-java-stream--2064336329] DEBUG com.github.dockerjava.zerodep.shaded.org.apache.hc.client5.http.wire - http-outgoing-1 << "{"status":"Extracting","progressDetail":{"current":786432,"total":1195120},"progress":"[================================\u003e                  ]  786.4kB/1.195MB","id":"644cfda281a1"}[\r][\n]"
21:35:31.095 [docker-java-stream--2064336329] DEBUG com.github.dockerjava.zerodep.shaded.org.apache.hc.client5.http.wire - http-outgoing-1 << "[\r][\n]"
21:35:31.095 [docker-java-stream--2064336329] DEBUG com.github.dockerjava.api.command.PullImageResultCallback - ResponseItem(stream=null, status=Extracting, progressDetail=ResponseItem.ProgressDetail(current=786432, total=1195120, start=null), progress=[================================>                  ]  786.4kB/1.195MB, id=644cfda281a1, from=null, time=null, errorDetail=null, error=null, aux=null)
21:35:31.214 [docker-java-stream--2064336329] DEBUG com.github.dockerjava.zerodep.shaded.org.apache.hc.client5.http.wire - http-outgoing-1 << "ba[\r][\n]"
21:35:31.214 [docker-java-stream--2064336329] DEBUG com.github.dockerjava.zerodep.shaded.org.apache.hc.client5.http.wire - http-outgoing-1 << "{"status":"Extracting","progressDetail":{"current":851968,"total":1195120},"progress":"[===================================\u003e               ]    852kB/1.195MB","id":"644cfda281a1"}[\r][\n]"
21:35:31.214 [docker-java-stream--2064336329] DEBUG com.github.dockerjava.zerodep.shaded.org.apache.hc.client5.http.wire - http-outgoing-1 << "[\r][\n]"
21:35:31.215 [docker-java-stream--2064336329] DEBUG com.github.dockerjava.api.command.PullImageResultCallback - ResponseItem(stream=null, status=Extracting, progressDetail=ResponseItem.ProgressDetail(current=851968, total=1195120, start=null), progress=[===================================>               ]    852kB/1.195MB, id=644cfda281a1, from=null, time=null, errorDetail=null, error=null, aux=null)
21:35:32.016 [docker-java-stream--2064336329] DEBUG com.github.dockerjava.zerodep.shaded.org.apache.hc.client5.http.wire - http-outgoing-1 << "ba[\r][\n]"
21:35:32.016 [docker-java-stream--2064336329] DEBUG com.github.dockerjava.zerodep.shaded.org.apache.hc.client5.http.wire - http-outgoing-1 << "{"status":"Extracting","progressDetail":{"current":884736,"total":1195120},"progress":"[=====================================\u003e             ]  884.7kB/1.195MB","id":"644cfda281a1"}[\r][\n]"
21:35:32.016 [docker-java-stream--2064336329] DEBUG com.github.dockerjava.zerodep.shaded.org.apache.hc.client5.http.wire - http-outgoing-1 << "[\r][\n]"
21:35:32.016 [docker-java-stream--2064336329] DEBUG com.github.dockerjava.api.command.PullImageResultCallback - ResponseItem(stream=null, status=Extracting, progressDetail=ResponseItem.ProgressDetail(current=884736, total=1195120, start=null), progress=[=====================================>             ]  884.7kB/1.195MB, id=644cfda281a1, from=null, time=null, errorDetail=null, error=null, aux=null)
21:35:32.296 [docker-java-stream--2064336329] DEBUG com.github.dockerjava.zerodep.shaded.org.apache.hc.client5.http.wire - http-outgoing-1 << "ba[\r][\n]"
21:35:32.296 [docker-java-stream--2064336329] DEBUG com.github.dockerjava.zerodep.shaded.org.apache.hc.client5.http.wire - http-outgoing-1 << "{"status":"Extracting","progressDetail":{"current":917504,"total":1195120},"progress":"[======================================\u003e            ]  917.5kB/1.195MB","id":"644cfda281a1"}[\r][\n]"
21:35:32.296 [docker-java-stream--2064336329] DEBUG com.github.dockerjava.zerodep.shaded.org.apache.hc.client5.http.wire - http-outgoing-1 << "[\r][\n]"
21:35:32.297 [docker-java-stream--2064336329] DEBUG com.github.dockerjava.api.command.PullImageResultCallback - ResponseItem(stream=null, status=Extracting, progressDetail=ResponseItem.ProgressDetail(current=917504, total=1195120, start=null), progress=[======================================>            ]  917.5kB/1.195MB, id=644cfda281a1, from=null, time=null, errorDetail=null, error=null, aux=null)
21:35:32.797 [docker-java-stream--2064336329] DEBUG com.github.dockerjava.zerodep.shaded.org.apache.hc.client5.http.wire - http-outgoing-1 << "ba[\r][\n]"
21:35:32.797 [docker-java-stream--2064336329] DEBUG com.github.dockerjava.zerodep.shaded.org.apache.hc.client5.http.wire - http-outgoing-1 << "{"status":"Extracting","progressDetail":{"current":950272,"total":1195120},"progress":"[=======================================\u003e           ]  950.3kB/1.195MB","id":"644cfda281a1"}[\r][\n]"
21:35:32.797 [docker-java-stream--2064336329] DEBUG com.github.dockerjava.zerodep.shaded.org.apache.hc.client5.http.wire - http-outgoing-1 << "[\r][\n]"
21:35:32.797 [docker-java-stream--2064336329] DEBUG com.github.dockerjava.api.command.PullImageResultCallback - ResponseItem(stream=null, status=Extracting, progressDetail=ResponseItem.ProgressDetail(current=950272, total=1195120, start=null), progress=[=======================================>           ]  950.3kB/1.195MB, id=644cfda281a1, from=null, time=null, errorDetail=null, error=null, aux=null)
21:35:33.589 [docker-java-stream--2064336329] DEBUG com.github.dockerjava.zerodep.shaded.org.apache.hc.client5.http.wire - http-outgoing-1 << "ba[\r][\n]"
21:35:33.589 [docker-java-stream--2064336329] DEBUG com.github.dockerjava.zerodep.shaded.org.apache.hc.client5.http.wire - http-outgoing-1 << "{"status":"Extracting","progressDetail":{"current":983040,"total":1195120},"progress":"[=========================================\u003e         ]    983kB/1.195MB","id":"644cfda281a1"}[\r][\n]"
21:35:33.589 [docker-java-stream--2064336329] DEBUG com.github.dockerjava.zerodep.shaded.org.apache.hc.client5.http.wire - http-outgoing-1 << "[\r][\n]"
21:35:33.589 [docker-java-stream--2064336329] DEBUG com.github.dockerjava.api.command.PullImageResultCallback - ResponseItem(stream=null, status=Extracting, progressDetail=ResponseItem.ProgressDetail(current=983040, total=1195120, start=null), progress=[=========================================>         ]    983kB/1.195MB, id=644cfda281a1, from=null, time=null, errorDetail=null, error=null, aux=null)
21:35:33.889 [docker-java-stream--2064336329] DEBUG com.github.dockerjava.zerodep.shaded.org.apache.hc.client5.http.wire - http-outgoing-1 << "bb[\r][\n]"
21:35:33.889 [docker-java-stream--2064336329] DEBUG com.github.dockerjava.zerodep.shaded.org.apache.hc.client5.http.wire - http-outgoing-1 << "{"status":"Extracting","progressDetail":{"current":1015808,"total":1195120},"progress":"[==========================================\u003e        ]  1.016MB/1.195MB","id":"644cfda281a1"}[\r][\n]"
21:35:33.889 [docker-java-stream--2064336329] DEBUG com.github.dockerjava.zerodep.shaded.org.apache.hc.client5.http.wire - http-outgoing-1 << "[\r][\n]"
21:35:33.889 [docker-java-stream--2064336329] DEBUG com.github.dockerjava.api.command.PullImageResultCallback - ResponseItem(stream=null, status=Extracting, progressDetail=ResponseItem.ProgressDetail(current=1015808, total=1195120, start=null), progress=[==========================================>        ]  1.016MB/1.195MB, id=644cfda281a1, from=null, time=null, errorDetail=null, error=null, aux=null)
21:35:34.534 [docker-java-stream--2064336329] DEBUG com.github.dockerjava.zerodep.shaded.org.apache.hc.client5.http.wire - http-outgoing-1 << "bb[\r][\n]"
21:35:34.534 [docker-java-stream--2064336329] DEBUG com.github.dockerjava.zerodep.shaded.org.apache.hc.client5.http.wire - http-outgoing-1 << "{"status":"Extracting","progressDetail":{"current":1179648,"total":1195120},"progress":"[=================================================\u003e ]   1.18MB/1.195MB","id":"644cfda281a1"}[\r][\n]"
21:35:34.534 [docker-java-stream--2064336329] DEBUG com.github.dockerjava.zerodep.shaded.org.apache.hc.client5.http.wire - http-outgoing-1 << "[\r][\n]"
21:35:34.535 [docker-java-stream--2064336329] DEBUG com.github.dockerjava.api.command.PullImageResultCallback - ResponseItem(stream=null, status=Extracting, progressDetail=ResponseItem.ProgressDetail(current=1179648, total=1195120, start=null), progress=[=================================================> ]   1.18MB/1.195MB, id=644cfda281a1, from=null, time=null, errorDetail=null, error=null, aux=null)
21:35:36.253 [docker-java-stream--2064336329] DEBUG com.github.dockerjava.zerodep.shaded.org.apache.hc.client5.http.wire - http-outgoing-1 << "176[\r][\n]"
21:35:36.254 [docker-java-stream--2064336329] DEBUG com.github.dockerjava.zerodep.shaded.org.apache.hc.client5.http.wire - http-outgoing-1 << "{"status":"Extracting","progressDetail":{"current":1195120,"total":1195120},"progress":"[==================================================\u003e]  1.195MB/1.195MB","id":"644cfda281a1"}[\r][\n]"
21:35:36.254 [docker-java-stream--2064336329] DEBUG com.github.dockerjava.zerodep.shaded.org.apache.hc.client5.http.wire - http-outgoing-1 << "{"status":"Extracting","progressDetail":{"current":1195120,"total":1195120},"progress":"[==================================================\u003e]  1.195MB/1.195MB","id":"644cfda281a1"}[\r][\n]"
21:35:36.254 [docker-java-stream--2064336329] DEBUG com.github.dockerjava.zerodep.shaded.org.apache.hc.client5.http.wire - http-outgoing-1 << "[\r][\n]"
21:35:36.255 [docker-java-stream--2064336329] DEBUG com.github.dockerjava.api.command.PullImageResultCallback - ResponseItem(stream=null, status=Extracting, progressDetail=ResponseItem.ProgressDetail(current=1195120, total=1195120, start=null), progress=[==================================================>]  1.195MB/1.195MB, id=644cfda281a1, from=null, time=null, errorDetail=null, error=null, aux=null)
21:35:36.255 [docker-java-stream--2064336329] DEBUG com.github.dockerjava.api.command.PullImageResultCallback - ResponseItem(stream=null, status=Extracting, progressDetail=ResponseItem.ProgressDetail(current=1195120, total=1195120, start=null), progress=[==================================================>]  1.195MB/1.195MB, id=644cfda281a1, from=null, time=null, errorDetail=null, error=null, aux=null)
21:35:43.150 [docker-java-stream--2064336329] DEBUG com.github.dockerjava.zerodep.shaded.org.apache.hc.client5.http.wire - http-outgoing-1 << "44[\r][\n]"
21:35:43.150 [docker-java-stream--2064336329] DEBUG com.github.dockerjava.zerodep.shaded.org.apache.hc.client5.http.wire - http-outgoing-1 << "{"status":"Pull complete","progressDetail":{},"id":"644cfda281a1"}[\r][\n]"
21:35:43.150 [docker-java-stream--2064336329] DEBUG com.github.dockerjava.zerodep.shaded.org.apache.hc.client5.http.wire - http-outgoing-1 << "[\r][\n]"
21:35:43.150 [docker-java-stream--2064336329] DEBUG com.github.dockerjava.api.command.PullImageResultCallback - ResponseItem(stream=null, status=Pull complete, progressDetail=ResponseItem.ProgressDetail(current=null, total=null, start=null), progress=null, id=644cfda281a1, from=null, time=null, errorDetail=null, error=null, aux=null)
21:35:43.152 [docker-java-stream--2064336329] INFO tc.postgres:16.1 - Pulling image layers:  0 pending, 14 downloaded,  6 extracted, (145 MB/145 MB)
21:35:44.166 [docker-java-stream--2064336329] DEBUG com.github.dockerjava.zerodep.shaded.org.apache.hc.client5.http.wire - http-outgoing-1 << "b0[\r][\n]"
21:35:44.166 [docker-java-stream--2064336329] DEBUG com.github.dockerjava.zerodep.shaded.org.apache.hc.client5.http.wire - http-outgoing-1 << "{"status":"Extracting","progressDetail":{"current":116,"total":116},"progress":"[==================================================\u003e]     116B/116B","id":"03299695f2b9"}[\r][\n]"
21:35:44.167 [docker-java-stream--2064336329] DEBUG com.github.dockerjava.zerodep.shaded.org.apache.hc.client5.http.wire - http-outgoing-1 << "[\r][\n]"
21:35:44.167 [docker-java-stream--2064336329] DEBUG com.github.dockerjava.api.command.PullImageResultCallback - ResponseItem(stream=null, status=Extracting, progressDetail=ResponseItem.ProgressDetail(current=116, total=116, start=null), progress=[==================================================>]     116B/116B, id=03299695f2b9, from=null, time=null, errorDetail=null, error=null, aux=null)
21:35:44.189 [docker-java-stream--2064336329] DEBUG com.github.dockerjava.zerodep.shaded.org.apache.hc.client5.http.wire - http-outgoing-1 << "b0[\r][\n]"
21:35:44.189 [docker-java-stream--2064336329] DEBUG com.github.dockerjava.zerodep.shaded.org.apache.hc.client5.http.wire - http-outgoing-1 << "{"status":"Extracting","progressDetail":{"current":116,"total":116},"progress":"[==================================================\u003e]     116B/116B","id":"03299695f2b9"}[\r][\n]"
21:35:44.189 [docker-java-stream--2064336329] DEBUG com.github.dockerjava.zerodep.shaded.org.apache.hc.client5.http.wire - http-outgoing-1 << "[\r][\n]"
21:35:44.190 [docker-java-stream--2064336329] DEBUG com.github.dockerjava.api.command.PullImageResultCallback - ResponseItem(stream=null, status=Extracting, progressDetail=ResponseItem.ProgressDetail(current=116, total=116, start=null), progress=[==================================================>]     116B/116B, id=03299695f2b9, from=null, time=null, errorDetail=null, error=null, aux=null)
21:35:52.873 [docker-java-stream--2064336329] DEBUG com.github.dockerjava.zerodep.shaded.org.apache.hc.client5.http.wire - http-outgoing-1 << "44[\r][\n]"
21:35:52.874 [docker-java-stream--2064336329] DEBUG com.github.dockerjava.zerodep.shaded.org.apache.hc.client5.http.wire - http-outgoing-1 << "{"status":"Pull complete","progressDetail":{},"id":"03299695f2b9"}[\r][\n]"
21:35:52.874 [docker-java-stream--2064336329] DEBUG com.github.dockerjava.zerodep.shaded.org.apache.hc.client5.http.wire - http-outgoing-1 << "[\r][\n]"
21:35:52.874 [docker-java-stream--2064336329] DEBUG com.github.dockerjava.api.command.PullImageResultCallback - ResponseItem(stream=null, status=Pull complete, progressDetail=ResponseItem.ProgressDetail(current=null, total=null, start=null), progress=null, id=03299695f2b9, from=null, time=null, errorDetail=null, error=null, aux=null)
21:35:52.879 [docker-java-stream--2064336329] INFO tc.postgres:16.1 - Pulling image layers:  0 pending, 14 downloaded,  7 extracted, (145 MB/145 MB)
21:35:56.433 [docker-java-stream--2064336329] DEBUG com.github.dockerjava.zerodep.shaded.org.apache.hc.client5.http.wire - http-outgoing-1 << "b5[\r][\n]"
21:35:56.433 [docker-java-stream--2064336329] DEBUG com.github.dockerjava.zerodep.shaded.org.apache.hc.client5.http.wire - http-outgoing-1 << "{"status":"Extracting","progressDetail":{"current":3142,"total":3142},"progress":"[==================================================\u003e]  3.142kB/3.142kB","id":"6e36bf1505f3"}[\r][\n]"
21:35:56.433 [docker-java-stream--2064336329] DEBUG com.github.dockerjava.zerodep.shaded.org.apache.hc.client5.http.wire - http-outgoing-1 << "[\r][\n]"
21:35:56.433 [docker-java-stream--2064336329] DEBUG com.github.dockerjava.api.command.PullImageResultCallback - ResponseItem(stream=null, status=Extracting, progressDetail=ResponseItem.ProgressDetail(current=3142, total=3142, start=null), progress=[==================================================>]  3.142kB/3.142kB, id=6e36bf1505f3, from=null, time=null, errorDetail=null, error=null, aux=null)
21:35:56.435 [docker-java-stream--2064336329] DEBUG com.github.dockerjava.zerodep.shaded.org.apache.hc.client5.http.wire - http-outgoing-1 << "b5[\r][\n]"
21:35:56.435 [docker-java-stream--2064336329] DEBUG com.github.dockerjava.zerodep.shaded.org.apache.hc.client5.http.wire - http-outgoing-1 << "{"status":"Extracting","progressDetail":{"current":3142,"total":3142},"progress":"[==================================================\u003e]  3.142kB/3.142kB","id":"6e36bf1505f3"}[\r][\n]"
21:35:56.435 [docker-java-stream--2064336329] DEBUG com.github.dockerjava.zerodep.shaded.org.apache.hc.client5.http.wire - http-outgoing-1 << "[\r][\n]"
21:35:56.435 [docker-java-stream--2064336329] DEBUG com.github.dockerjava.api.command.PullImageResultCallback - ResponseItem(stream=null, status=Extracting, progressDetail=ResponseItem.ProgressDetail(current=3142, total=3142, start=null), progress=[==================================================>]  3.142kB/3.142kB, id=6e36bf1505f3, from=null, time=null, errorDetail=null, error=null, aux=null)
21:36:05.935 [docker-java-stream--2064336329] DEBUG com.github.dockerjava.zerodep.shaded.org.apache.hc.client5.http.wire - http-outgoing-1 << "44[\r][\n]"
21:36:05.935 [docker-java-stream--2064336329] DEBUG com.github.dockerjava.zerodep.shaded.org.apache.hc.client5.http.wire - http-outgoing-1 << "{"status":"Pull complete","progressDetail":{},"id":"6e36bf1505f3"}[\r][\n]"
21:36:05.936 [docker-java-stream--2064336329] DEBUG com.github.dockerjava.zerodep.shaded.org.apache.hc.client5.http.wire - http-outgoing-1 << "[\r][\n]"
21:36:05.936 [docker-java-stream--2064336329] DEBUG com.github.dockerjava.api.command.PullImageResultCallback - ResponseItem(stream=null, status=Pull complete, progressDetail=ResponseItem.ProgressDetail(current=null, total=null, start=null), progress=null, id=6e36bf1505f3, from=null, time=null, errorDetail=null, error=null, aux=null)
21:36:05.940 [docker-java-stream--2064336329] INFO tc.postgres:16.1 - Pulling image layers:  0 pending, 14 downloaded,  8 extracted, (145 MB/145 MB)
21:36:11.693 [docker-java-stream--2064336329] DEBUG com.github.dockerjava.zerodep.shaded.org.apache.hc.client5.http.wire - http-outgoing-1 << "bc[\r][\n]"
21:36:11.693 [docker-java-stream--2064336329] DEBUG com.github.dockerjava.zerodep.shaded.org.apache.hc.client5.http.wire - http-outgoing-1 << "{"status":"Extracting","progressDetail":{"current":557056,"total":108571409},"progress":"[\u003e                                                  ]  557.1kB/108.6MB","id":"a35465a6a76a"}[\r][\n]"
21:36:11.693 [docker-java-stream--2064336329] DEBUG com.github.dockerjava.zerodep.shaded.org.apache.hc.client5.http.wire - http-outgoing-1 << "[\r][\n]"
21:36:11.694 [docker-java-stream--2064336329] DEBUG com.github.dockerjava.api.command.PullImageResultCallback - ResponseItem(stream=null, status=Extracting, progressDetail=ResponseItem.ProgressDetail(current=557056, total=108571409, start=null), progress=[>                                                  ]  557.1kB/108.6MB, id=a35465a6a76a, from=null, time=null, errorDetail=null, error=null, aux=null)
21:36:12.938 [docker-java-stream--2064336329] DEBUG com.github.dockerjava.zerodep.shaded.org.apache.hc.client5.http.wire - http-outgoing-1 << "bd[\r][\n]"
21:36:12.938 [docker-java-stream--2064336329] DEBUG com.github.dockerjava.zerodep.shaded.org.apache.hc.client5.http.wire - http-outgoing-1 << "{"status":"Extracting","progressDetail":{"current":1114112,"total":108571409},"progress":"[\u003e                                                  ]  1.114MB/108.6MB","id":"a35465a6a76a"}[\r][\n]"
21:36:12.938 [docker-java-stream--2064336329] DEBUG com.github.dockerjava.zerodep.shaded.org.apache.hc.client5.http.wire - http-outgoing-1 << "[\r][\n]"
21:36:12.938 [docker-java-stream--2064336329] DEBUG com.github.dockerjava.api.command.PullImageResultCallback - ResponseItem(stream=null, status=Extracting, progressDetail=ResponseItem.ProgressDetail(current=1114112, total=108571409, start=null), progress=[>                                                  ]  1.114MB/108.6MB, id=a35465a6a76a, from=null, time=null, errorDetail=null, error=null, aux=null)
21:36:15.459 [docker-java-stream--2064336329] DEBUG com.github.dockerjava.zerodep.shaded.org.apache.hc.client5.http.wire - http-outgoing-1 << "bd[\r][\n]"
21:36:15.459 [docker-java-stream--2064336329] DEBUG com.github.dockerjava.zerodep.shaded.org.apache.hc.client5.http.wire - http-outgoing-1 << "{"status":"Extracting","progressDetail":{"current":1671168,"total":108571409},"progress":"[\u003e                                                  ]  1.671MB/108.6MB","id":"a35465a6a76a"}[\r][\n]"
21:36:15.459 [docker-java-stream--2064336329] DEBUG com.github.dockerjava.zerodep.shaded.org.apache.hc.client5.http.wire - http-outgoing-1 << "[\r][\n]"
21:36:15.459 [docker-java-stream--2064336329] DEBUG com.github.dockerjava.api.command.PullImageResultCallback - ResponseItem(stream=null, status=Extracting, progressDetail=ResponseItem.ProgressDetail(current=1671168, total=108571409, start=null), progress=[>                                                  ]  1.671MB/108.6MB, id=a35465a6a76a, from=null, time=null, errorDetail=null, error=null, aux=null)
21:36:17.365 [docker-java-stream--2064336329] DEBUG com.github.dockerjava.zerodep.shaded.org.apache.hc.client5.http.wire - http-outgoing-1 << "bd[\r][\n]"
21:36:17.365 [docker-java-stream--2064336329] DEBUG com.github.dockerjava.zerodep.shaded.org.apache.hc.client5.http.wire - http-outgoing-1 << "{"status":"Extracting","progressDetail":{"current":2228224,"total":108571409},"progress":"[=\u003e                                                 ]  2.228MB/108.6MB","id":"a35465a6a76a"}[\r][\n]"
21:36:17.365 [docker-java-stream--2064336329] DEBUG com.github.dockerjava.zerodep.shaded.org.apache.hc.client5.http.wire - http-outgoing-1 << "[\r][\n]"
21:36:17.366 [docker-java-stream--2064336329] DEBUG com.github.dockerjava.api.command.PullImageResultCallback - ResponseItem(stream=null, status=Extracting, progressDetail=ResponseItem.ProgressDetail(current=2228224, total=108571409, start=null), progress=[=>                                                 ]  2.228MB/108.6MB, id=a35465a6a76a, from=null, time=null, errorDetail=null, error=null, aux=null)
21:36:22.351 [docker-java-stream--2064336329] DEBUG com.github.dockerjava.zerodep.shaded.org.apache.hc.client5.http.wire - http-outgoing-1 << "bd[\r][\n]"
21:36:22.351 [docker-java-stream--2064336329] DEBUG com.github.dockerjava.zerodep.shaded.org.apache.hc.client5.http.wire - http-outgoing-1 << "{"status":"Extracting","progressDetail":{"current":2785280,"total":108571409},"progress":"[=\u003e                                                 ]  2.785MB/108.6MB","id":"a35465a6a76a"}[\r][\n]"
21:36:22.351 [docker-java-stream--2064336329] DEBUG com.github.dockerjava.zerodep.shaded.org.apache.hc.client5.http.wire - http-outgoing-1 << "[\r][\n]"
21:36:22.351 [docker-java-stream--2064336329] DEBUG com.github.dockerjava.api.command.PullImageResultCallback - ResponseItem(stream=null, status=Extracting, progressDetail=ResponseItem.ProgressDetail(current=2785280, total=108571409, start=null), progress=[=>                                                 ]  2.785MB/108.6MB, id=a35465a6a76a, from=null, time=null, errorDetail=null, error=null, aux=null)
21:36:23.577 [docker-java-stream--2064336329] DEBUG com.github.dockerjava.zerodep.shaded.org.apache.hc.client5.http.wire - http-outgoing-1 << "bd[\r][\n]"
21:36:23.577 [docker-java-stream--2064336329] DEBUG com.github.dockerjava.zerodep.shaded.org.apache.hc.client5.http.wire - http-outgoing-1 << "{"status":"Extracting","progressDetail":{"current":3342336,"total":108571409},"progress":"[=\u003e                                                 ]  3.342MB/108.6MB","id":"a35465a6a76a"}[\r][\n]"
21:36:23.577 [docker-java-stream--2064336329] DEBUG com.github.dockerjava.zerodep.shaded.org.apache.hc.client5.http.wire - http-outgoing-1 << "[\r][\n]"
21:36:23.577 [docker-java-stream--2064336329] DEBUG com.github.dockerjava.api.command.PullImageResultCallback - ResponseItem(stream=null, status=Extracting, progressDetail=ResponseItem.ProgressDetail(current=3342336, total=108571409, start=null), progress=[=>                                                 ]  3.342MB/108.6MB, id=a35465a6a76a, from=null, time=null, errorDetail=null, error=null, aux=null)
21:36:24.689 [docker-java-stream--2064336329] DEBUG com.github.dockerjava.zerodep.shaded.org.apache.hc.client5.http.wire - http-outgoing-1 << "bd[\r][\n]"
21:36:24.689 [docker-java-stream--2064336329] DEBUG com.github.dockerjava.zerodep.shaded.org.apache.hc.client5.http.wire - http-outgoing-1 << "{"status":"Extracting","progressDetail":{"current":3899392,"total":108571409},"progress":"[=\u003e                                                 ]  3.899MB/108.6MB","id":"a35465a6a76a"}[\r][\n]"
21:36:24.689 [docker-java-stream--2064336329] DEBUG com.github.dockerjava.zerodep.shaded.org.apache.hc.client5.http.wire - http-outgoing-1 << "[\r][\n]"
21:36:24.689 [docker-java-stream--2064336329] DEBUG com.github.dockerjava.api.command.PullImageResultCallback - ResponseItem(stream=null, status=Extracting, progressDetail=ResponseItem.ProgressDetail(current=3899392, total=108571409, start=null), progress=[=>                                                 ]  3.899MB/108.6MB, id=a35465a6a76a, from=null, time=null, errorDetail=null, error=null, aux=null)
21:36:26.714 [docker-java-stream--2064336329] DEBUG com.github.dockerjava.zerodep.shaded.org.apache.hc.client5.http.wire - http-outgoing-1 << "bd[\r][\n]"
21:36:26.715 [docker-java-stream--2064336329] DEBUG com.github.dockerjava.zerodep.shaded.org.apache.hc.client5.http.wire - http-outgoing-1 << "{"status":"Extracting","progressDetail":{"current":4456448,"total":108571409},"progress":"[==\u003e                                                ]  4.456MB/108.6MB","id":"a35465a6a76a"}[\r][\n]"
21:36:26.715 [docker-java-stream--2064336329] DEBUG com.github.dockerjava.zerodep.shaded.org.apache.hc.client5.http.wire - http-outgoing-1 << "[\r][\n]"
21:36:26.716 [docker-java-stream--2064336329] DEBUG com.github.dockerjava.api.command.PullImageResultCallback - ResponseItem(stream=null, status=Extracting, progressDetail=ResponseItem.ProgressDetail(current=4456448, total=108571409, start=null), progress=[==>                                                ]  4.456MB/108.6MB, id=a35465a6a76a, from=null, time=null, errorDetail=null, error=null, aux=null)
21:36:28.929 [docker-java-stream--2064336329] DEBUG com.github.dockerjava.zerodep.shaded.org.apache.hc.client5.http.wire - http-outgoing-1 << "bd[\r][\n]"
21:36:28.929 [docker-java-stream--2064336329] DEBUG com.github.dockerjava.zerodep.shaded.org.apache.hc.client5.http.wire - http-outgoing-1 << "{"status":"Extracting","progressDetail":{"current":5013504,"total":108571409},"progress":"[==\u003e                                                ]  5.014MB/108.6MB","id":"a35465a6a76a"}[\r][\n]"
21:36:28.929 [docker-java-stream--2064336329] DEBUG com.github.dockerjava.zerodep.shaded.org.apache.hc.client5.http.wire - http-outgoing-1 << "[\r][\n]"
21:36:28.930 [docker-java-stream--2064336329] DEBUG com.github.dockerjava.api.command.PullImageResultCallback - ResponseItem(stream=null, status=Extracting, progressDetail=ResponseItem.ProgressDetail(current=5013504, total=108571409, start=null), progress=[==>                                                ]  5.014MB/108.6MB, id=a35465a6a76a, from=null, time=null, errorDetail=null, error=null, aux=null)
21:36:30.633 [docker-java-stream--2064336329] DEBUG com.github.dockerjava.zerodep.shaded.org.apache.hc.client5.http.wire - http-outgoing-1 << "bd[\r][\n]"
21:36:30.634 [docker-java-stream--2064336329] DEBUG com.github.dockerjava.zerodep.shaded.org.apache.hc.client5.http.wire - http-outgoing-1 << "{"status":"Extracting","progressDetail":{"current":5570560,"total":108571409},"progress":"[==\u003e                                                ]  5.571MB/108.6MB","id":"a35465a6a76a"}[\r][\n]"
21:36:30.634 [docker-java-stream--2064336329] DEBUG com.github.dockerjava.zerodep.shaded.org.apache.hc.client5.http.wire - http-outgoing-1 << "[\r][\n]"
21:36:30.635 [docker-java-stream--2064336329] DEBUG com.github.dockerjava.api.command.PullImageResultCallback - ResponseItem(stream=null, status=Extracting, progressDetail=ResponseItem.ProgressDetail(current=5570560, total=108571409, start=null), progress=[==>                                                ]  5.571MB/108.6MB, id=a35465a6a76a, from=null, time=null, errorDetail=null, error=null, aux=null)
21:36:31.720 [docker-java-stream--2064336329] DEBUG com.github.dockerjava.zerodep.shaded.org.apache.hc.client5.http.wire - http-outgoing-1 << "bd[\r][\n]"
21:36:31.720 [docker-java-stream--2064336329] DEBUG com.github.dockerjava.zerodep.shaded.org.apache.hc.client5.http.wire - http-outgoing-1 << "{"status":"Extracting","progressDetail":{"current":6127616,"total":108571409},"progress":"[==\u003e                                                ]  6.128MB/108.6MB","id":"a35465a6a76a"}[\r][\n]"
21:36:31.720 [docker-java-stream--2064336329] DEBUG com.github.dockerjava.zerodep.shaded.org.apache.hc.client5.http.wire - http-outgoing-1 << "[\r][\n]"
21:36:31.721 [docker-java-stream--2064336329] DEBUG com.github.dockerjava.api.command.PullImageResultCallback - ResponseItem(stream=null, status=Extracting, progressDetail=ResponseItem.ProgressDetail(current=6127616, total=108571409, start=null), progress=[==>                                                ]  6.128MB/108.6MB, id=a35465a6a76a, from=null, time=null, errorDetail=null, error=null, aux=null)
21:36:35.432 [docker-java-stream--2064336329] DEBUG com.github.dockerjava.zerodep.shaded.org.apache.hc.client5.http.wire - http-outgoing-1 << "bd[\r][\n]"
21:36:35.432 [docker-java-stream--2064336329] DEBUG com.github.dockerjava.zerodep.shaded.org.apache.hc.client5.http.wire - http-outgoing-1 << "{"status":"Extracting","progressDetail":{"current":6684672,"total":108571409},"progress":"[===\u003e                                               ]  6.685MB/108.6MB","id":"a35465a6a76a"}[\r][\n]"
21:36:35.432 [docker-java-stream--2064336329] DEBUG com.github.dockerjava.zerodep.shaded.org.apache.hc.client5.http.wire - http-outgoing-1 << "[\r][\n]"
21:36:35.432 [docker-java-stream--2064336329] DEBUG com.github.dockerjava.api.command.PullImageResultCallback - ResponseItem(stream=null, status=Extracting, progressDetail=ResponseItem.ProgressDetail(current=6684672, total=108571409, start=null), progress=[===>                                               ]  6.685MB/108.6MB, id=a35465a6a76a, from=null, time=null, errorDetail=null, error=null, aux=null)
21:36:43.033 [docker-java-stream--2064336329] DEBUG com.github.dockerjava.zerodep.shaded.org.apache.hc.client5.http.wire - http-outgoing-1 << "bd[\r][\n]"
21:36:43.034 [docker-java-stream--2064336329] DEBUG com.github.dockerjava.zerodep.shaded.org.apache.hc.client5.http.wire - http-outgoing-1 << "{"status":"Extracting","progressDetail":{"current":7241728,"total":108571409},"progress":"[===\u003e                                               ]  7.242MB/108.6MB","id":"a35465a6a76a"}[\r][\n]"
21:36:43.034 [docker-java-stream--2064336329] DEBUG com.github.dockerjava.zerodep.shaded.org.apache.hc.client5.http.wire - http-outgoing-1 << "[\r][\n]"
21:36:43.036 [docker-java-stream--2064336329] DEBUG com.github.dockerjava.api.command.PullImageResultCallback - ResponseItem(stream=null, status=Extracting, progressDetail=ResponseItem.ProgressDetail(current=7241728, total=108571409, start=null), progress=[===>                                               ]  7.242MB/108.6MB, id=a35465a6a76a, from=null, time=null, errorDetail=null, error=null, aux=null)
21:36:46.505 [docker-java-stream--2064336329] DEBUG com.github.dockerjava.zerodep.shaded.org.apache.hc.client5.http.wire - http-outgoing-1 << "bd[\r][\n]"
21:36:46.505 [docker-java-stream--2064336329] DEBUG com.github.dockerjava.zerodep.shaded.org.apache.hc.client5.http.wire - http-outgoing-1 << "{"status":"Extracting","progressDetail":{"current":7798784,"total":108571409},"progress":"[===\u003e                                               ]  7.799MB/108.6MB","id":"a35465a6a76a"}[\r][\n]"
21:36:46.506 [docker-java-stream--2064336329] DEBUG com.github.dockerjava.zerodep.shaded.org.apache.hc.client5.http.wire - http-outgoing-1 << "[\r][\n]"
21:36:46.506 [docker-java-stream--2064336329] DEBUG com.github.dockerjava.api.command.PullImageResultCallback - ResponseItem(stream=null, status=Extracting, progressDetail=ResponseItem.ProgressDetail(current=7798784, total=108571409, start=null), progress=[===>                                               ]  7.799MB/108.6MB, id=a35465a6a76a, from=null, time=null, errorDetail=null, error=null, aux=null)
21:36:52.217 [docker-java-stream--2064336329] DEBUG com.github.dockerjava.zerodep.shaded.org.apache.hc.client5.http.wire - http-outgoing-1 << "bd[\r][\n]"
21:36:52.217 [docker-java-stream--2064336329] DEBUG com.github.dockerjava.zerodep.shaded.org.apache.hc.client5.http.wire - http-outgoing-1 << "{"status":"Extracting","progressDetail":{"current":8355840,"total":108571409},"progress":"[===\u003e                                               ]  8.356MB/108.6MB","id":"a35465a6a76a"}[\r][\n]"
21:36:52.217 [docker-java-stream--2064336329] DEBUG com.github.dockerjava.zerodep.shaded.org.apache.hc.client5.http.wire - http-outgoing-1 << "[\r][\n]"
21:36:52.217 [docker-java-stream--2064336329] DEBUG com.github.dockerjava.api.command.PullImageResultCallback - ResponseItem(stream=null, status=Extracting, progressDetail=ResponseItem.ProgressDetail(current=8355840, total=108571409, start=null), progress=[===>                                               ]  8.356MB/108.6MB, id=a35465a6a76a, from=null, time=null, errorDetail=null, error=null, aux=null)
21:36:54.444 [docker-java-stream--2064336329] DEBUG com.github.dockerjava.zerodep.shaded.org.apache.hc.client5.http.wire - http-outgoing-1 << "bd[\r][\n]"
21:36:54.444 [docker-java-stream--2064336329] DEBUG com.github.dockerjava.zerodep.shaded.org.apache.hc.client5.http.wire - http-outgoing-1 << "{"status":"Extracting","progressDetail":{"current":8912896,"total":108571409},"progress":"[====\u003e                                              ]  8.913MB/108.6MB","id":"a35465a6a76a"}[\r][\n]"
21:36:54.444 [docker-java-stream--2064336329] DEBUG com.github.dockerjava.zerodep.shaded.org.apache.hc.client5.http.wire - http-outgoing-1 << "[\r][\n]"
21:36:54.444 [docker-java-stream--2064336329] DEBUG com.github.dockerjava.api.command.PullImageResultCallback - ResponseItem(stream=null, status=Extracting, progressDetail=ResponseItem.ProgressDetail(current=8912896, total=108571409, start=null), progress=[====>                                              ]  8.913MB/108.6MB, id=a35465a6a76a, from=null, time=null, errorDetail=null, error=null, aux=null)
21:36:59.923 [docker-java-stream--2064336329] DEBUG com.github.dockerjava.zerodep.shaded.org.apache.hc.client5.http.wire - http-outgoing-1 << "bd[\r][\n]"
21:36:59.923 [docker-java-stream--2064336329] DEBUG com.github.dockerjava.zerodep.shaded.org.apache.hc.client5.http.wire - http-outgoing-1 << "{"status":"Extracting","progressDetail":{"current":9469952,"total":108571409},"progress":"[====\u003e                                              ]   9.47MB/108.6MB","id":"a35465a6a76a"}[\r][\n]"
21:36:59.923 [docker-java-stream--2064336329] DEBUG com.github.dockerjava.zerodep.shaded.org.apache.hc.client5.http.wire - http-outgoing-1 << "[\r][\n]"
21:36:59.923 [docker-java-stream--2064336329] DEBUG com.github.dockerjava.api.command.PullImageResultCallback - ResponseItem(stream=null, status=Extracting, progressDetail=ResponseItem.ProgressDetail(current=9469952, total=108571409, start=null), progress=[====>                                              ]   9.47MB/108.6MB, id=a35465a6a76a, from=null, time=null, errorDetail=null, error=null, aux=null)
21:37:02.236 [docker-java-stream--2064336329] DEBUG com.github.dockerjava.zerodep.shaded.org.apache.hc.client5.http.wire - http-outgoing-1 << "be[\r][\n]"
21:37:02.236 [docker-java-stream--2064336329] DEBUG com.github.dockerjava.zerodep.shaded.org.apache.hc.client5.http.wire - http-outgoing-1 << "{"status":"Extracting","progressDetail":{"current":10027008,"total":108571409},"progress":"[====\u003e                                              ]  10.03MB/108.6MB","id":"a35465a6a76a"}[\r][\n]"
21:37:02.236 [docker-java-stream--2064336329] DEBUG com.github.dockerjava.zerodep.shaded.org.apache.hc.client5.http.wire - http-outgoing-1 << "[\r][\n]"
21:37:02.237 [docker-java-stream--2064336329] DEBUG com.github.dockerjava.api.command.PullImageResultCallback - ResponseItem(stream=null, status=Extracting, progressDetail=ResponseItem.ProgressDetail(current=10027008, total=108571409, start=null), progress=[====>                                              ]  10.03MB/108.6MB, id=a35465a6a76a, from=null, time=null, errorDetail=null, error=null, aux=null)
21:37:04.196 [docker-java-stream--2064336329] DEBUG com.github.dockerjava.zerodep.shaded.org.apache.hc.client5.http.wire - http-outgoing-1 << "be[\r][\n]"
21:37:04.197 [docker-java-stream--2064336329] DEBUG com.github.dockerjava.zerodep.shaded.org.apache.hc.client5.http.wire - http-outgoing-1 << "{"status":"Extracting","progressDetail":{"current":10584064,"total":108571409},"progress":"[====\u003e                                              ]  10.58MB/108.6MB","id":"a35465a6a76a"}[\r][\n]"
21:37:04.234 [docker-java-stream--2064336329] DEBUG com.github.dockerjava.zerodep.shaded.org.apache.hc.client5.http.wire - http-outgoing-1 << "[\r][\n]"
21:37:04.235 [docker-java-stream--2064336329] DEBUG com.github.dockerjava.api.command.PullImageResultCallback - ResponseItem(stream=null, status=Extracting, progressDetail=ResponseItem.ProgressDetail(current=10584064, total=108571409, start=null), progress=[====>                                              ]  10.58MB/108.6MB, id=a35465a6a76a, from=null, time=null, errorDetail=null, error=null, aux=null)
21:37:04.725 [docker-java-stream--2064336329] DEBUG com.github.dockerjava.zerodep.shaded.org.apache.hc.client5.http.wire - http-outgoing-1 << "be[\r][\n]"
21:37:04.725 [docker-java-stream--2064336329] DEBUG com.github.dockerjava.zerodep.shaded.org.apache.hc.client5.http.wire - http-outgoing-1 << "{"status":"Extracting","progressDetail":{"current":11141120,"total":108571409},"progress":"[=====\u003e                                             ]  11.14MB/108.6MB","id":"a35465a6a76a"}[\r][\n]"
21:37:04.725 [docker-java-stream--2064336329] DEBUG com.github.dockerjava.zerodep.shaded.org.apache.hc.client5.http.wire - http-outgoing-1 << "[\r][\n]"
21:37:04.725 [docker-java-stream--2064336329] DEBUG com.github.dockerjava.api.command.PullImageResultCallback - ResponseItem(stream=null, status=Extracting, progressDetail=ResponseItem.ProgressDetail(current=11141120, total=108571409, start=null), progress=[=====>                                             ]  11.14MB/108.6MB, id=a35465a6a76a, from=null, time=null, errorDetail=null, error=null, aux=null)
21:37:06.110 [docker-java-stream--2064336329] DEBUG com.github.dockerjava.zerodep.shaded.org.apache.hc.client5.http.wire - http-outgoing-1 << "be[\r][\n]"
21:37:06.110 [docker-java-stream--2064336329] DEBUG com.github.dockerjava.zerodep.shaded.org.apache.hc.client5.http.wire - http-outgoing-1 << "{"status":"Extracting","progressDetail":{"current":11698176,"total":108571409},"progress":"[=====\u003e                                             ]   11.7MB/108.6MB","id":"a35465a6a76a"}[\r][\n]"
21:37:06.110 [docker-java-stream--2064336329] DEBUG com.github.dockerjava.zerodep.shaded.org.apache.hc.client5.http.wire - http-outgoing-1 << "[\r][\n]"
21:37:06.110 [docker-java-stream--2064336329] DEBUG com.github.dockerjava.api.command.PullImageResultCallback - ResponseItem(stream=null, status=Extracting, progressDetail=ResponseItem.ProgressDetail(current=11698176, total=108571409, start=null), progress=[=====>                                             ]   11.7MB/108.6MB, id=a35465a6a76a, from=null, time=null, errorDetail=null, error=null, aux=null)
21:37:07.526 [docker-java-stream--2064336329] DEBUG com.github.dockerjava.zerodep.shaded.org.apache.hc.client5.http.wire - http-outgoing-1 << "be[\r][\n]"
21:37:07.527 [docker-java-stream--2064336329] DEBUG com.github.dockerjava.zerodep.shaded.org.apache.hc.client5.http.wire - http-outgoing-1 << "{"status":"Extracting","progressDetail":{"current":12255232,"total":108571409},"progress":"[=====\u003e                                             ]  12.26MB/108.6MB","id":"a35465a6a76a"}[\r][\n]"
21:37:07.527 [docker-java-stream--2064336329] DEBUG com.github.dockerjava.zerodep.shaded.org.apache.hc.client5.http.wire - http-outgoing-1 << "[\r][\n]"
21:37:07.527 [docker-java-stream--2064336329] DEBUG com.github.dockerjava.api.command.PullImageResultCallback - ResponseItem(stream=null, status=Extracting, progressDetail=ResponseItem.ProgressDetail(current=12255232, total=108571409, start=null), progress=[=====>                                             ]  12.26MB/108.6MB, id=a35465a6a76a, from=null, time=null, errorDetail=null, error=null, aux=null)
21:37:10.759 [docker-java-stream--2064336329] DEBUG com.github.dockerjava.zerodep.shaded.org.apache.hc.client5.http.wire - http-outgoing-1 << "be[\r][\n]"
21:37:10.759 [docker-java-stream--2064336329] DEBUG com.github.dockerjava.zerodep.shaded.org.apache.hc.client5.http.wire - http-outgoing-1 << "{"status":"Extracting","progressDetail":{"current":12812288,"total":108571409},"progress":"[=====\u003e                                             ]  12.81MB/108.6MB","id":"a35465a6a76a"}[\r][\n]"
21:37:10.759 [docker-java-stream--2064336329] DEBUG com.github.dockerjava.zerodep.shaded.org.apache.hc.client5.http.wire - http-outgoing-1 << "[\r][\n]"
21:37:10.759 [docker-java-stream--2064336329] DEBUG com.github.dockerjava.api.command.PullImageResultCallback - ResponseItem(stream=null, status=Extracting, progressDetail=ResponseItem.ProgressDetail(current=12812288, total=108571409, start=null), progress=[=====>                                             ]  12.81MB/108.6MB, id=a35465a6a76a, from=null, time=null, errorDetail=null, error=null, aux=null)
21:37:13.140 [docker-java-stream--2064336329] DEBUG com.github.dockerjava.zerodep.shaded.org.apache.hc.client5.http.wire - http-outgoing-1 << "be[\r][\n]"
21:37:13.140 [docker-java-stream--2064336329] DEBUG com.github.dockerjava.zerodep.shaded.org.apache.hc.client5.http.wire - http-outgoing-1 << "{"status":"Extracting","progressDetail":{"current":13369344,"total":108571409},"progress":"[======\u003e                                            ]  13.37MB/108.6MB","id":"a35465a6a76a"}[\r][\n]"
21:37:13.140 [docker-java-stream--2064336329] DEBUG com.github.dockerjava.zerodep.shaded.org.apache.hc.client5.http.wire - http-outgoing-1 << "[\r][\n]"
21:37:13.140 [docker-java-stream--2064336329] DEBUG com.github.dockerjava.api.command.PullImageResultCallback - ResponseItem(stream=null, status=Extracting, progressDetail=ResponseItem.ProgressDetail(current=13369344, total=108571409, start=null), progress=[======>                                            ]  13.37MB/108.6MB, id=a35465a6a76a, from=null, time=null, errorDetail=null, error=null, aux=null)
21:37:14.923 [docker-java-stream--2064336329] DEBUG com.github.dockerjava.zerodep.shaded.org.apache.hc.client5.http.wire - http-outgoing-1 << "be[\r][\n]"
21:37:14.923 [docker-java-stream--2064336329] DEBUG com.github.dockerjava.zerodep.shaded.org.apache.hc.client5.http.wire - http-outgoing-1 << "{"status":"Extracting","progressDetail":{"current":13926400,"total":108571409},"progress":"[======\u003e                                            ]  13.93MB/108.6MB","id":"a35465a6a76a"}[\r][\n]"
21:37:14.923 [docker-java-stream--2064336329] DEBUG com.github.dockerjava.zerodep.shaded.org.apache.hc.client5.http.wire - http-outgoing-1 << "[\r][\n]"
21:37:14.923 [docker-java-stream--2064336329] DEBUG com.github.dockerjava.api.command.PullImageResultCallback - ResponseItem(stream=null, status=Extracting, progressDetail=ResponseItem.ProgressDetail(current=13926400, total=108571409, start=null), progress=[======>                                            ]  13.93MB/108.6MB, id=a35465a6a76a, from=null, time=null, errorDetail=null, error=null, aux=null)
21:37:28.845 [docker-java-stream--2064336329] DEBUG com.github.dockerjava.zerodep.shaded.org.apache.hc.client5.http.wire - http-outgoing-1 << "be[\r][\n]"
21:37:28.845 [docker-java-stream--2064336329] DEBUG com.github.dockerjava.zerodep.shaded.org.apache.hc.client5.http.wire - http-outgoing-1 << "{"status":"Extracting","progressDetail":{"current":14483456,"total":108571409},"progress":"[======\u003e                                            ]  14.48MB/108.6MB","id":"a35465a6a76a"}[\r][\n]"
21:37:28.845 [docker-java-stream--2064336329] DEBUG com.github.dockerjava.zerodep.shaded.org.apache.hc.client5.http.wire - http-outgoing-1 << "[\r][\n]"
21:37:28.845 [docker-java-stream--2064336329] DEBUG com.github.dockerjava.api.command.PullImageResultCallback - ResponseItem(stream=null, status=Extracting, progressDetail=ResponseItem.ProgressDetail(current=14483456, total=108571409, start=null), progress=[======>                                            ]  14.48MB/108.6MB, id=a35465a6a76a, from=null, time=null, errorDetail=null, error=null, aux=null)
21:37:38.197 [docker-java-stream--2064336329] DEBUG com.github.dockerjava.zerodep.shaded.org.apache.hc.client5.http.wire - http-outgoing-1 << "be[\r][\n]"
21:37:38.197 [docker-java-stream--2064336329] DEBUG com.github.dockerjava.zerodep.shaded.org.apache.hc.client5.http.wire - http-outgoing-1 << "{"status":"Extracting","progressDetail":{"current":15040512,"total":108571409},"progress":"[======\u003e                                            ]  15.04MB/108.6MB","id":"a35465a6a76a"}[\r][\n]"
21:37:38.197 [docker-java-stream--2064336329] DEBUG com.github.dockerjava.zerodep.shaded.org.apache.hc.client5.http.wire - http-outgoing-1 << "[\r][\n]"
21:37:38.197 [docker-java-stream--2064336329] DEBUG com.github.dockerjava.api.command.PullImageResultCallback - ResponseItem(stream=null, status=Extracting, progressDetail=ResponseItem.ProgressDetail(current=15040512, total=108571409, start=null), progress=[======>                                            ]  15.04MB/108.6MB, id=a35465a6a76a, from=null, time=null, errorDetail=null, error=null, aux=null)
21:37:42.188 [docker-java-stream--2064336329] DEBUG com.github.dockerjava.zerodep.shaded.org.apache.hc.client5.http.wire - http-outgoing-1 << "be[\r][\n]"
21:37:42.189 [docker-java-stream--2064336329] DEBUG com.github.dockerjava.zerodep.shaded.org.apache.hc.client5.http.wire - http-outgoing-1 << "{"status":"Extracting","progressDetail":{"current":15597568,"total":108571409},"progress":"[=======\u003e                                           ]   15.6MB/108.6MB","id":"a35465a6a76a"}[\r][\n]"
21:37:42.189 [docker-java-stream--2064336329] DEBUG com.github.dockerjava.zerodep.shaded.org.apache.hc.client5.http.wire - http-outgoing-1 << "[\r][\n]"
21:37:42.189 [docker-java-stream--2064336329] DEBUG com.github.dockerjava.api.command.PullImageResultCallback - ResponseItem(stream=null, status=Extracting, progressDetail=ResponseItem.ProgressDetail(current=15597568, total=108571409, start=null), progress=[=======>                                           ]   15.6MB/108.6MB, id=a35465a6a76a, from=null, time=null, errorDetail=null, error=null, aux=null)
21:37:52.407 [docker-java-stream--2064336329] DEBUG com.github.dockerjava.zerodep.shaded.org.apache.hc.client5.http.wire - http-outgoing-1 << "be[\r][\n]"
21:37:52.407 [docker-java-stream--2064336329] DEBUG com.github.dockerjava.zerodep.shaded.org.apache.hc.client5.http.wire - http-outgoing-1 << "{"status":"Extracting","progressDetail":{"current":16154624,"total":108571409},"progress":"[=======\u003e                                           ]  16.15MB/108.6MB","id":"a35465a6a76a"}[\r][\n]"
21:37:52.407 [docker-java-stream--2064336329] DEBUG com.github.dockerjava.zerodep.shaded.org.apache.hc.client5.http.wire - http-outgoing-1 << "[\r][\n]"
21:37:52.407 [docker-java-stream--2064336329] DEBUG com.github.dockerjava.api.command.PullImageResultCallback - ResponseItem(stream=null, status=Extracting, progressDetail=ResponseItem.ProgressDetail(current=16154624, total=108571409, start=null), progress=[=======>                                           ]  16.15MB/108.6MB, id=a35465a6a76a, from=null, time=null, errorDetail=null, error=null, aux=null)
21:37:57.693 [docker-java-stream--2064336329] DEBUG com.github.dockerjava.zerodep.shaded.org.apache.hc.client5.http.wire - http-outgoing-1 << "be[\r][\n]"
21:37:57.693 [docker-java-stream--2064336329] DEBUG com.github.dockerjava.zerodep.shaded.org.apache.hc.client5.http.wire - http-outgoing-1 << "{"status":"Extracting","progressDetail":{"current":16711680,"total":108571409},"progress":"[=======\u003e                                           ]  16.71MB/108.6MB","id":"a35465a6a76a"}[\r][\n]"
21:37:57.693 [docker-java-stream--2064336329] DEBUG com.github.dockerjava.zerodep.shaded.org.apache.hc.client5.http.wire - http-outgoing-1 << "[\r][\n]"
21:37:57.693 [docker-java-stream--2064336329] DEBUG com.github.dockerjava.api.command.PullImageResultCallback - ResponseItem(stream=null, status=Extracting, progressDetail=ResponseItem.ProgressDetail(current=16711680, total=108571409, start=null), progress=[=======>                                           ]  16.71MB/108.6MB, id=a35465a6a76a, from=null, time=null, errorDetail=null, error=null, aux=null)
21:38:00.093 [docker-java-stream--2064336329] DEBUG com.github.dockerjava.zerodep.shaded.org.apache.hc.client5.http.wire - http-outgoing-1 << "be[\r][\n]"
21:38:00.094 [docker-java-stream--2064336329] DEBUG com.github.dockerjava.zerodep.shaded.org.apache.hc.client5.http.wire - http-outgoing-1 << "{"status":"Extracting","progressDetail":{"current":17268736,"total":108571409},"progress":"[=======\u003e                                           ]  17.27MB/108.6MB","id":"a35465a6a76a"}[\r][\n]"
21:38:00.094 [docker-java-stream--2064336329] DEBUG com.github.dockerjava.zerodep.shaded.org.apache.hc.client5.http.wire - http-outgoing-1 << "[\r][\n]"
21:38:00.094 [docker-java-stream--2064336329] DEBUG com.github.dockerjava.api.command.PullImageResultCallback - ResponseItem(stream=null, status=Extracting, progressDetail=ResponseItem.ProgressDetail(current=17268736, total=108571409, start=null), progress=[=======>                                           ]  17.27MB/108.6MB, id=a35465a6a76a, from=null, time=null, errorDetail=null, error=null, aux=null)
21:38:10.939 [docker-java-stream--2064336329] DEBUG com.github.dockerjava.zerodep.shaded.org.apache.hc.client5.http.wire - http-outgoing-1 << "be[\r][\n]"
21:38:10.939 [docker-java-stream--2064336329] DEBUG com.github.dockerjava.zerodep.shaded.org.apache.hc.client5.http.wire - http-outgoing-1 << "{"status":"Extracting","progressDetail":{"current":17825792,"total":108571409},"progress":"[========\u003e                                          ]  17.83MB/108.6MB","id":"a35465a6a76a"}[\r][\n]"
21:38:10.939 [docker-java-stream--2064336329] DEBUG com.github.dockerjava.zerodep.shaded.org.apache.hc.client5.http.wire - http-outgoing-1 << "[\r][\n]"
21:38:10.941 [docker-java-stream--2064336329] DEBUG com.github.dockerjava.api.command.PullImageResultCallback - ResponseItem(stream=null, status=Extracting, progressDetail=ResponseItem.ProgressDetail(current=17825792, total=108571409, start=null), progress=[========>                                          ]  17.83MB/108.6MB, id=a35465a6a76a, from=null, time=null, errorDetail=null, error=null, aux=null)
21:38:17.451 [docker-java-stream--2064336329] DEBUG com.github.dockerjava.zerodep.shaded.org.apache.hc.client5.http.wire - http-outgoing-1 << "be[\r][\n]"
21:38:17.451 [docker-java-stream--2064336329] DEBUG com.github.dockerjava.zerodep.shaded.org.apache.hc.client5.http.wire - http-outgoing-1 << "{"status":"Extracting","progressDetail":{"current":18382848,"total":108571409},"progress":"[========\u003e                                          ]  18.38MB/108.6MB","id":"a35465a6a76a"}[\r][\n]"
21:38:17.451 [docker-java-stream--2064336329] DEBUG com.github.dockerjava.zerodep.shaded.org.apache.hc.client5.http.wire - http-outgoing-1 << "[\r][\n]"
21:38:17.452 [docker-java-stream--2064336329] DEBUG com.github.dockerjava.api.command.PullImageResultCallback - ResponseItem(stream=null, status=Extracting, progressDetail=ResponseItem.ProgressDetail(current=18382848, total=108571409, start=null), progress=[========>                                          ]  18.38MB/108.6MB, id=a35465a6a76a, from=null, time=null, errorDetail=null, error=null, aux=null)
21:38:22.681 [docker-java-stream--2064336329] DEBUG com.github.dockerjava.zerodep.shaded.org.apache.hc.client5.http.wire - http-outgoing-1 << "be[\r][\n]"
21:38:22.682 [docker-java-stream--2064336329] DEBUG com.github.dockerjava.zerodep.shaded.org.apache.hc.client5.http.wire - http-outgoing-1 << "{"status":"Extracting","progressDetail":{"current":18939904,"total":108571409},"progress":"[========\u003e                                          ]  18.94MB/108.6MB","id":"a35465a6a76a"}[\r][\n]"
21:38:22.682 [docker-java-stream--2064336329] DEBUG com.github.dockerjava.zerodep.shaded.org.apache.hc.client5.http.wire - http-outgoing-1 << "[\r][\n]"
21:38:22.682 [docker-java-stream--2064336329] DEBUG com.github.dockerjava.api.command.PullImageResultCallback - ResponseItem(stream=null, status=Extracting, progressDetail=ResponseItem.ProgressDetail(current=18939904, total=108571409, start=null), progress=[========>                                          ]  18.94MB/108.6MB, id=a35465a6a76a, from=null, time=null, errorDetail=null, error=null, aux=null)
21:38:28.084 [docker-java-stream--2064336329] DEBUG com.github.dockerjava.zerodep.shaded.org.apache.hc.client5.http.wire - http-outgoing-1 << "be[\r][\n]"
21:38:28.084 [docker-java-stream--2064336329] DEBUG com.github.dockerjava.zerodep.shaded.org.apache.hc.client5.http.wire - http-outgoing-1 << "{"status":"Extracting","progressDetail":{"current":19496960,"total":108571409},"progress":"[========\u003e                                          ]   19.5MB/108.6MB","id":"a35465a6a76a"}[\r][\n]"
21:38:28.084 [docker-java-stream--2064336329] DEBUG com.github.dockerjava.zerodep.shaded.org.apache.hc.client5.http.wire - http-outgoing-1 << "[\r][\n]"
21:38:28.085 [docker-java-stream--2064336329] DEBUG com.github.dockerjava.api.command.PullImageResultCallback - ResponseItem(stream=null, status=Extracting, progressDetail=ResponseItem.ProgressDetail(current=19496960, total=108571409, start=null), progress=[========>                                          ]   19.5MB/108.6MB, id=a35465a6a76a, from=null, time=null, errorDetail=null, error=null, aux=null)
21:38:37.775 [docker-java-stream--2064336329] DEBUG com.github.dockerjava.zerodep.shaded.org.apache.hc.client5.http.wire - http-outgoing-1 << "be[\r][\n]"
21:38:37.775 [docker-java-stream--2064336329] DEBUG com.github.dockerjava.zerodep.shaded.org.apache.hc.client5.http.wire - http-outgoing-1 << "{"status":"Extracting","progressDetail":{"current":20054016,"total":108571409},"progress":"[=========\u003e                                         ]  20.05MB/108.6MB","id":"a35465a6a76a"}[\r][\n]"
21:38:37.775 [docker-java-stream--2064336329] DEBUG com.github.dockerjava.zerodep.shaded.org.apache.hc.client5.http.wire - http-outgoing-1 << "[\r][\n]"
21:38:37.775 [docker-java-stream--2064336329] DEBUG com.github.dockerjava.api.command.PullImageResultCallback - ResponseItem(stream=null, status=Extracting, progressDetail=ResponseItem.ProgressDetail(current=20054016, total=108571409, start=null), progress=[=========>                                         ]  20.05MB/108.6MB, id=a35465a6a76a, from=null, time=null, errorDetail=null, error=null, aux=null)
21:38:39.404 [docker-java-stream--2064336329] DEBUG com.github.dockerjava.zerodep.shaded.org.apache.hc.client5.http.wire - http-outgoing-1 << "be[\r][\n]"
21:38:39.404 [docker-java-stream--2064336329] DEBUG com.github.dockerjava.zerodep.shaded.org.apache.hc.client5.http.wire - http-outgoing-1 << "{"status":"Extracting","progressDetail":{"current":20611072,"total":108571409},"progress":"[=========\u003e                                         ]  20.61MB/108.6MB","id":"a35465a6a76a"}[\r][\n]"
21:38:39.404 [docker-java-stream--2064336329] DEBUG com.github.dockerjava.zerodep.shaded.org.apache.hc.client5.http.wire - http-outgoing-1 << "[\r][\n]"
21:38:39.404 [docker-java-stream--2064336329] DEBUG com.github.dockerjava.api.command.PullImageResultCallback - ResponseItem(stream=null, status=Extracting, progressDetail=ResponseItem.ProgressDetail(current=20611072, total=108571409, start=null), progress=[=========>                                         ]  20.61MB/108.6MB, id=a35465a6a76a, from=null, time=null, errorDetail=null, error=null, aux=null)
21:38:41.016 [docker-java-stream--2064336329] DEBUG com.github.dockerjava.zerodep.shaded.org.apache.hc.client5.http.wire - http-outgoing-1 << "be[\r][\n]"
21:38:41.016 [docker-java-stream--2064336329] DEBUG com.github.dockerjava.zerodep.shaded.org.apache.hc.client5.http.wire - http-outgoing-1 << "{"status":"Extracting","progressDetail":{"current":21168128,"total":108571409},"progress":"[=========\u003e                                         ]  21.17MB/108.6MB","id":"a35465a6a76a"}[\r][\n]"
21:38:41.016 [docker-java-stream--2064336329] DEBUG com.github.dockerjava.zerodep.shaded.org.apache.hc.client5.http.wire - http-outgoing-1 << "[\r][\n]"
21:38:41.016 [docker-java-stream--2064336329] DEBUG com.github.dockerjava.api.command.PullImageResultCallback - ResponseItem(stream=null, status=Extracting, progressDetail=ResponseItem.ProgressDetail(current=21168128, total=108571409, start=null), progress=[=========>                                         ]  21.17MB/108.6MB, id=a35465a6a76a, from=null, time=null, errorDetail=null, error=null, aux=null)
21:38:43.793 [docker-java-stream--2064336329] DEBUG com.github.dockerjava.zerodep.shaded.org.apache.hc.client5.http.wire - http-outgoing-1 << "be[\r][\n]"
21:38:43.793 [docker-java-stream--2064336329] DEBUG com.github.dockerjava.zerodep.shaded.org.apache.hc.client5.http.wire - http-outgoing-1 << "{"status":"Extracting","progressDetail":{"current":21725184,"total":108571409},"progress":"[==========\u003e                                        ]  21.73MB/108.6MB","id":"a35465a6a76a"}[\r][\n]"
21:38:43.793 [docker-java-stream--2064336329] DEBUG com.github.dockerjava.zerodep.shaded.org.apache.hc.client5.http.wire - http-outgoing-1 << "[\r][\n]"
21:38:43.793 [docker-java-stream--2064336329] DEBUG com.github.dockerjava.api.command.PullImageResultCallback - ResponseItem(stream=null, status=Extracting, progressDetail=ResponseItem.ProgressDetail(current=21725184, total=108571409, start=null), progress=[==========>                                        ]  21.73MB/108.6MB, id=a35465a6a76a, from=null, time=null, errorDetail=null, error=null, aux=null)
21:38:57.890 [docker-java-stream--2064336329] DEBUG com.github.dockerjava.zerodep.shaded.org.apache.hc.client5.http.wire - http-outgoing-1 << "be[\r][\n]"
21:38:57.891 [docker-java-stream--2064336329] DEBUG com.github.dockerjava.zerodep.shaded.org.apache.hc.client5.http.wire - http-outgoing-1 << "{"status":"Extracting","progressDetail":{"current":22282240,"total":108571409},"progress":"[==========\u003e                                        ]  22.28MB/108.6MB","id":"a35465a6a76a"}[\r][\n]"
21:38:57.891 [docker-java-stream--2064336329] DEBUG com.github.dockerjava.zerodep.shaded.org.apache.hc.client5.http.wire - http-outgoing-1 << "[\r][\n]"
21:38:57.891 [docker-java-stream--2064336329] DEBUG com.github.dockerjava.api.command.PullImageResultCallback - ResponseItem(stream=null, status=Extracting, progressDetail=ResponseItem.ProgressDetail(current=22282240, total=108571409, start=null), progress=[==========>                                        ]  22.28MB/108.6MB, id=a35465a6a76a, from=null, time=null, errorDetail=null, error=null, aux=null)
21:38:59.900 [docker-java-stream--2064336329] DEBUG com.github.dockerjava.zerodep.shaded.org.apache.hc.client5.http.wire - http-outgoing-1 << "be[\r][\n]"
21:38:59.900 [docker-java-stream--2064336329] DEBUG com.github.dockerjava.zerodep.shaded.org.apache.hc.client5.http.wire - http-outgoing-1 << "{"status":"Extracting","progressDetail":{"current":22839296,"total":108571409},"progress":"[==========\u003e                                        ]  22.84MB/108.6MB","id":"a35465a6a76a"}[\r][\n]"
21:38:59.900 [docker-java-stream--2064336329] DEBUG com.github.dockerjava.zerodep.shaded.org.apache.hc.client5.http.wire - http-outgoing-1 << "[\r][\n]"
21:38:59.900 [docker-java-stream--2064336329] DEBUG com.github.dockerjava.api.command.PullImageResultCallback - ResponseItem(stream=null, status=Extracting, progressDetail=ResponseItem.ProgressDetail(current=22839296, total=108571409, start=null), progress=[==========>                                        ]  22.84MB/108.6MB, id=a35465a6a76a, from=null, time=null, errorDetail=null, error=null, aux=null)
21:39:00.911 [docker-java-stream--2064336329] DEBUG com.github.dockerjava.zerodep.shaded.org.apache.hc.client5.http.wire - http-outgoing-1 << "be[\r][\n]"
21:39:00.912 [docker-java-stream--2064336329] DEBUG com.github.dockerjava.zerodep.shaded.org.apache.hc.client5.http.wire - http-outgoing-1 << "{"status":"Extracting","progressDetail":{"current":23396352,"total":108571409},"progress":"[==========\u003e                                        ]   23.4MB/108.6MB","id":"a35465a6a76a"}[\r][\n]"
21:39:00.912 [docker-java-stream--2064336329] DEBUG com.github.dockerjava.zerodep.shaded.org.apache.hc.client5.http.wire - http-outgoing-1 << "[\r][\n]"
21:39:00.912 [docker-java-stream--2064336329] DEBUG com.github.dockerjava.api.command.PullImageResultCallback - ResponseItem(stream=null, status=Extracting, progressDetail=ResponseItem.ProgressDetail(current=23396352, total=108571409, start=null), progress=[==========>                                        ]   23.4MB/108.6MB, id=a35465a6a76a, from=null, time=null, errorDetail=null, error=null, aux=null)
21:39:02.620 [docker-java-stream--2064336329] DEBUG com.github.dockerjava.zerodep.shaded.org.apache.hc.client5.http.wire - http-outgoing-1 << "be[\r][\n]"
21:39:02.620 [docker-java-stream--2064336329] DEBUG com.github.dockerjava.zerodep.shaded.org.apache.hc.client5.http.wire - http-outgoing-1 << "{"status":"Extracting","progressDetail":{"current":23953408,"total":108571409},"progress":"[===========\u003e                                       ]  23.95MB/108.6MB","id":"a35465a6a76a"}[\r][\n]"
21:39:02.620 [docker-java-stream--2064336329] DEBUG com.github.dockerjava.zerodep.shaded.org.apache.hc.client5.http.wire - http-outgoing-1 << "[\r][\n]"
21:39:02.620 [docker-java-stream--2064336329] DEBUG com.github.dockerjava.api.command.PullImageResultCallback - ResponseItem(stream=null, status=Extracting, progressDetail=ResponseItem.ProgressDetail(current=23953408, total=108571409, start=null), progress=[===========>                                       ]  23.95MB/108.6MB, id=a35465a6a76a, from=null, time=null, errorDetail=null, error=null, aux=null)
21:39:04.594 [docker-java-stream--2064336329] DEBUG com.github.dockerjava.zerodep.shaded.org.apache.hc.client5.http.wire - http-outgoing-1 << "be[\r][\n]"
21:39:04.594 [docker-java-stream--2064336329] DEBUG com.github.dockerjava.zerodep.shaded.org.apache.hc.client5.http.wire - http-outgoing-1 << "{"status":"Extracting","progressDetail":{"current":24510464,"total":108571409},"progress":"[===========\u003e                                       ]  24.51MB/108.6MB","id":"a35465a6a76a"}[\r][\n]"
21:39:04.594 [docker-java-stream--2064336329] DEBUG com.github.dockerjava.zerodep.shaded.org.apache.hc.client5.http.wire - http-outgoing-1 << "[\r][\n]"
21:39:04.594 [docker-java-stream--2064336329] DEBUG com.github.dockerjava.api.command.PullImageResultCallback - ResponseItem(stream=null, status=Extracting, progressDetail=ResponseItem.ProgressDetail(current=24510464, total=108571409, start=null), progress=[===========>                                       ]  24.51MB/108.6MB, id=a35465a6a76a, from=null, time=null, errorDetail=null, error=null, aux=null)
21:39:05.886 [docker-java-stream--2064336329] DEBUG com.github.dockerjava.zerodep.shaded.org.apache.hc.client5.http.wire - http-outgoing-1 << "be[\r][\n]"
21:39:05.886 [docker-java-stream--2064336329] DEBUG com.github.dockerjava.zerodep.shaded.org.apache.hc.client5.http.wire - http-outgoing-1 << "{"status":"Extracting","progressDetail":{"current":25067520,"total":108571409},"progress":"[===========\u003e                                       ]  25.07MB/108.6MB","id":"a35465a6a76a"}[\r][\n]"
21:39:05.886 [docker-java-stream--2064336329] DEBUG com.github.dockerjava.zerodep.shaded.org.apache.hc.client5.http.wire - http-outgoing-1 << "[\r][\n]"
21:39:05.886 [docker-java-stream--2064336329] DEBUG com.github.dockerjava.api.command.PullImageResultCallback - ResponseItem(stream=null, status=Extracting, progressDetail=ResponseItem.ProgressDetail(current=25067520, total=108571409, start=null), progress=[===========>                                       ]  25.07MB/108.6MB, id=a35465a6a76a, from=null, time=null, errorDetail=null, error=null, aux=null)
21:39:10.864 [docker-java-stream--2064336329] DEBUG com.github.dockerjava.zerodep.shaded.org.apache.hc.client5.http.wire - http-outgoing-1 << "be[\r][\n]"
21:39:10.864 [docker-java-stream--2064336329] DEBUG com.github.dockerjava.zerodep.shaded.org.apache.hc.client5.http.wire - http-outgoing-1 << "{"status":"Extracting","progressDetail":{"current":25624576,"total":108571409},"progress":"[===========\u003e                                       ]  25.62MB/108.6MB","id":"a35465a6a76a"}[\r][\n]"
21:39:10.864 [docker-java-stream--2064336329] DEBUG com.github.dockerjava.zerodep.shaded.org.apache.hc.client5.http.wire - http-outgoing-1 << "[\r][\n]"
21:39:10.864 [docker-java-stream--2064336329] DEBUG com.github.dockerjava.api.command.PullImageResultCallback - ResponseItem(stream=null, status=Extracting, progressDetail=ResponseItem.ProgressDetail(current=25624576, total=108571409, start=null), progress=[===========>                                       ]  25.62MB/108.6MB, id=a35465a6a76a, from=null, time=null, errorDetail=null, error=null, aux=null)
21:39:16.708 [docker-java-stream--2064336329] DEBUG com.github.dockerjava.zerodep.shaded.org.apache.hc.client5.http.wire - http-outgoing-1 << "be[\r][\n]"
21:39:16.708 [docker-java-stream--2064336329] DEBUG com.github.dockerjava.zerodep.shaded.org.apache.hc.client5.http.wire - http-outgoing-1 << "{"status":"Extracting","progressDetail":{"current":26181632,"total":108571409},"progress":"[============\u003e                                      ]  26.18MB/108.6MB","id":"a35465a6a76a"}[\r][\n]"
21:39:16.708 [docker-java-stream--2064336329] DEBUG com.github.dockerjava.zerodep.shaded.org.apache.hc.client5.http.wire - http-outgoing-1 << "[\r][\n]"
21:39:16.708 [docker-java-stream--2064336329] DEBUG com.github.dockerjava.api.command.PullImageResultCallback - ResponseItem(stream=null, status=Extracting, progressDetail=ResponseItem.ProgressDetail(current=26181632, total=108571409, start=null), progress=[============>                                      ]  26.18MB/108.6MB, id=a35465a6a76a, from=null, time=null, errorDetail=null, error=null, aux=null)
21:39:24.678 [docker-java-stream--2064336329] DEBUG com.github.dockerjava.zerodep.shaded.org.apache.hc.client5.http.wire - http-outgoing-1 << "be[\r][\n]"
21:39:24.678 [docker-java-stream--2064336329] DEBUG com.github.dockerjava.zerodep.shaded.org.apache.hc.client5.http.wire - http-outgoing-1 << "{"status":"Extracting","progressDetail":{"current":26738688,"total":108571409},"progress":"[============\u003e                                      ]  26.74MB/108.6MB","id":"a35465a6a76a"}[\r][\n]"
21:39:24.679 [docker-java-stream--2064336329] DEBUG com.github.dockerjava.zerodep.shaded.org.apache.hc.client5.http.wire - http-outgoing-1 << "[\r][\n]"
21:39:24.679 [docker-java-stream--2064336329] DEBUG com.github.dockerjava.api.command.PullImageResultCallback - ResponseItem(stream=null, status=Extracting, progressDetail=ResponseItem.ProgressDetail(current=26738688, total=108571409, start=null), progress=[============>                                      ]  26.74MB/108.6MB, id=a35465a6a76a, from=null, time=null, errorDetail=null, error=null, aux=null)
21:39:26.350 [docker-java-stream--2064336329] DEBUG com.github.dockerjava.zerodep.shaded.org.apache.hc.client5.http.wire - http-outgoing-1 << "be[\r][\n]"
21:39:26.351 [docker-java-stream--2064336329] DEBUG com.github.dockerjava.zerodep.shaded.org.apache.hc.client5.http.wire - http-outgoing-1 << "{"status":"Extracting","progressDetail":{"current":27295744,"total":108571409},"progress":"[============\u003e                                      ]   27.3MB/108.6MB","id":"a35465a6a76a"}[\r][\n]"
21:39:26.351 [docker-java-stream--2064336329] DEBUG com.github.dockerjava.zerodep.shaded.org.apache.hc.client5.http.wire - http-outgoing-1 << "[\r][\n]"
21:39:26.353 [docker-java-stream--2064336329] DEBUG com.github.dockerjava.api.command.PullImageResultCallback - ResponseItem(stream=null, status=Extracting, progressDetail=ResponseItem.ProgressDetail(current=27295744, total=108571409, start=null), progress=[============>                                      ]   27.3MB/108.6MB, id=a35465a6a76a, from=null, time=null, errorDetail=null, error=null, aux=null)
21:39:28.073 [docker-java-stream--2064336329] DEBUG com.github.dockerjava.zerodep.shaded.org.apache.hc.client5.http.wire - http-outgoing-1 << "be[\r][\n]"
21:39:28.074 [docker-java-stream--2064336329] DEBUG com.github.dockerjava.zerodep.shaded.org.apache.hc.client5.http.wire - http-outgoing-1 << "{"status":"Extracting","progressDetail":{"current":27852800,"total":108571409},"progress":"[============\u003e                                      ]  27.85MB/108.6MB","id":"a35465a6a76a"}[\r][\n]"
21:39:28.074 [docker-java-stream--2064336329] DEBUG com.github.dockerjava.zerodep.shaded.org.apache.hc.client5.http.wire - http-outgoing-1 << "[\r][\n]"
21:39:28.076 [docker-java-stream--2064336329] DEBUG com.github.dockerjava.api.command.PullImageResultCallback - ResponseItem(stream=null, status=Extracting, progressDetail=ResponseItem.ProgressDetail(current=27852800, total=108571409, start=null), progress=[============>                                      ]  27.85MB/108.6MB, id=a35465a6a76a, from=null, time=null, errorDetail=null, error=null, aux=null)
21:39:29.273 [docker-java-stream--2064336329] DEBUG com.github.dockerjava.zerodep.shaded.org.apache.hc.client5.http.wire - http-outgoing-1 << "be[\r][\n]"
21:39:29.273 [docker-java-stream--2064336329] DEBUG com.github.dockerjava.zerodep.shaded.org.apache.hc.client5.http.wire - http-outgoing-1 << "{"status":"Extracting","progressDetail":{"current":28409856,"total":108571409},"progress":"[=============\u003e                                     ]  28.41MB/108.6MB","id":"a35465a6a76a"}[\r][\n]"
21:39:29.273 [docker-java-stream--2064336329] DEBUG com.github.dockerjava.zerodep.shaded.org.apache.hc.client5.http.wire - http-outgoing-1 << "[\r][\n]"
21:39:29.274 [docker-java-stream--2064336329] DEBUG com.github.dockerjava.api.command.PullImageResultCallback - ResponseItem(stream=null, status=Extracting, progressDetail=ResponseItem.ProgressDetail(current=28409856, total=108571409, start=null), progress=[=============>                                     ]  28.41MB/108.6MB, id=a35465a6a76a, from=null, time=null, errorDetail=null, error=null, aux=null)
21:39:30.249 [docker-java-stream--2064336329] DEBUG com.github.dockerjava.zerodep.shaded.org.apache.hc.client5.http.wire - http-outgoing-1 << "be[\r][\n]"
21:39:30.249 [docker-java-stream--2064336329] DEBUG com.github.dockerjava.zerodep.shaded.org.apache.hc.client5.http.wire - http-outgoing-1 << "{"status":"Extracting","progressDetail":{"current":28966912,"total":108571409},"progress":"[=============\u003e                                     ]  28.97MB/108.6MB","id":"a35465a6a76a"}[\r][\n]"
21:39:30.250 [docker-java-stream--2064336329] DEBUG com.github.dockerjava.zerodep.shaded.org.apache.hc.client5.http.wire - http-outgoing-1 << "[\r][\n]"
21:39:30.250 [docker-java-stream--2064336329] DEBUG com.github.dockerjava.api.command.PullImageResultCallback - ResponseItem(stream=null, status=Extracting, progressDetail=ResponseItem.ProgressDetail(current=28966912, total=108571409, start=null), progress=[=============>                                     ]  28.97MB/108.6MB, id=a35465a6a76a, from=null, time=null, errorDetail=null, error=null, aux=null)
21:39:31.565 [docker-java-stream--2064336329] DEBUG com.github.dockerjava.zerodep.shaded.org.apache.hc.client5.http.wire - http-outgoing-1 << "be[\r][\n]"
21:39:31.565 [docker-java-stream--2064336329] DEBUG com.github.dockerjava.zerodep.shaded.org.apache.hc.client5.http.wire - http-outgoing-1 << "{"status":"Extracting","progressDetail":{"current":29523968,"total":108571409},"progress":"[=============\u003e                                     ]  29.52MB/108.6MB","id":"a35465a6a76a"}[\r][\n]"
21:39:31.750 [docker-java-stream--2064336329] DEBUG com.github.dockerjava.zerodep.shaded.org.apache.hc.client5.http.wire - http-outgoing-1 << "[\r][\n]"
21:39:31.750 [docker-java-stream--2064336329] DEBUG com.github.dockerjava.api.command.PullImageResultCallback - ResponseItem(stream=null, status=Extracting, progressDetail=ResponseItem.ProgressDetail(current=29523968, total=108571409, start=null), progress=[=============>                                     ]  29.52MB/108.6MB, id=a35465a6a76a, from=null, time=null, errorDetail=null, error=null, aux=null)
21:39:32.745 [docker-java-stream--2064336329] DEBUG com.github.dockerjava.zerodep.shaded.org.apache.hc.client5.http.wire - http-outgoing-1 << "be[\r][\n]"
21:39:32.746 [docker-java-stream--2064336329] DEBUG com.github.dockerjava.zerodep.shaded.org.apache.hc.client5.http.wire - http-outgoing-1 << "{"status":"Extracting","progressDetail":{"current":30081024,"total":108571409},"progress":"[=============\u003e                                     ]  30.08MB/108.6MB","id":"a35465a6a76a"}[\r][\n]"
21:39:32.746 [docker-java-stream--2064336329] DEBUG com.github.dockerjava.zerodep.shaded.org.apache.hc.client5.http.wire - http-outgoing-1 << "[\r][\n]"
21:39:32.746 [docker-java-stream--2064336329] DEBUG com.github.dockerjava.api.command.PullImageResultCallback - ResponseItem(stream=null, status=Extracting, progressDetail=ResponseItem.ProgressDetail(current=30081024, total=108571409, start=null), progress=[=============>                                     ]  30.08MB/108.6MB, id=a35465a6a76a, from=null, time=null, errorDetail=null, error=null, aux=null)
21:39:35.012 [docker-java-stream--2064336329] DEBUG com.github.dockerjava.zerodep.shaded.org.apache.hc.client5.http.wire - http-outgoing-1 << "be[\r][\n]"
21:39:35.012 [docker-java-stream--2064336329] DEBUG com.github.dockerjava.zerodep.shaded.org.apache.hc.client5.http.wire - http-outgoing-1 << "{"status":"Extracting","progressDetail":{"current":30638080,"total":108571409},"progress":"[==============\u003e                                    ]  30.64MB/108.6MB","id":"a35465a6a76a"}[\r][\n]"
21:39:35.012 [docker-java-stream--2064336329] DEBUG com.github.dockerjava.zerodep.shaded.org.apache.hc.client5.http.wire - http-outgoing-1 << "[\r][\n]"
21:39:35.013 [docker-java-stream--2064336329] DEBUG com.github.dockerjava.api.command.PullImageResultCallback - ResponseItem(stream=null, status=Extracting, progressDetail=ResponseItem.ProgressDetail(current=30638080, total=108571409, start=null), progress=[==============>                                    ]  30.64MB/108.6MB, id=a35465a6a76a, from=null, time=null, errorDetail=null, error=null, aux=null)
21:39:35.859 [docker-java-stream--2064336329] DEBUG com.github.dockerjava.zerodep.shaded.org.apache.hc.client5.http.wire - http-outgoing-1 << "be[\r][\n]"
21:39:35.860 [docker-java-stream--2064336329] DEBUG com.github.dockerjava.zerodep.shaded.org.apache.hc.client5.http.wire - http-outgoing-1 << "{"status":"Extracting","progressDetail":{"current":31195136,"total":108571409},"progress":"[==============\u003e                                    ]   31.2MB/108.6MB","id":"a35465a6a76a"}[\r][\n]"
21:39:35.860 [docker-java-stream--2064336329] DEBUG com.github.dockerjava.zerodep.shaded.org.apache.hc.client5.http.wire - http-outgoing-1 << "[\r][\n]"
21:39:35.861 [docker-java-stream--2064336329] DEBUG com.github.dockerjava.api.command.PullImageResultCallback - ResponseItem(stream=null, status=Extracting, progressDetail=ResponseItem.ProgressDetail(current=31195136, total=108571409, start=null), progress=[==============>                                    ]   31.2MB/108.6MB, id=a35465a6a76a, from=null, time=null, errorDetail=null, error=null, aux=null)
21:39:36.561 [docker-java-stream--2064336329] DEBUG com.github.dockerjava.zerodep.shaded.org.apache.hc.client5.http.wire - http-outgoing-1 << "be[\r][\n]"
21:39:36.561 [docker-java-stream--2064336329] DEBUG com.github.dockerjava.zerodep.shaded.org.apache.hc.client5.http.wire - http-outgoing-1 << "{"status":"Extracting","progressDetail":{"current":31752192,"total":108571409},"progress":"[==============\u003e                                    ]  31.75MB/108.6MB","id":"a35465a6a76a"}[\r][\n]"
21:39:36.561 [docker-java-stream--2064336329] DEBUG com.github.dockerjava.zerodep.shaded.org.apache.hc.client5.http.wire - http-outgoing-1 << "[\r][\n]"
21:39:36.561 [docker-java-stream--2064336329] DEBUG com.github.dockerjava.api.command.PullImageResultCallback - ResponseItem(stream=null, status=Extracting, progressDetail=ResponseItem.ProgressDetail(current=31752192, total=108571409, start=null), progress=[==============>                                    ]  31.75MB/108.6MB, id=a35465a6a76a, from=null, time=null, errorDetail=null, error=null, aux=null)
21:39:37.108 [docker-java-stream--2064336329] DEBUG com.github.dockerjava.zerodep.shaded.org.apache.hc.client5.http.wire - http-outgoing-1 << "be[\r][\n]"
21:39:37.108 [docker-java-stream--2064336329] DEBUG com.github.dockerjava.zerodep.shaded.org.apache.hc.client5.http.wire - http-outgoing-1 << "{"status":"Extracting","progressDetail":{"current":32309248,"total":108571409},"progress":"[==============\u003e                                    ]  32.31MB/108.6MB","id":"a35465a6a76a"}[\r][\n]"
21:39:37.108 [docker-java-stream--2064336329] DEBUG com.github.dockerjava.zerodep.shaded.org.apache.hc.client5.http.wire - http-outgoing-1 << "[\r][\n]"
21:39:37.108 [docker-java-stream--2064336329] DEBUG com.github.dockerjava.api.command.PullImageResultCallback - ResponseItem(stream=null, status=Extracting, progressDetail=ResponseItem.ProgressDetail(current=32309248, total=108571409, start=null), progress=[==============>                                    ]  32.31MB/108.6MB, id=a35465a6a76a, from=null, time=null, errorDetail=null, error=null, aux=null)
21:39:37.311 [docker-java-stream--2064336329] DEBUG com.github.dockerjava.zerodep.shaded.org.apache.hc.client5.http.wire - http-outgoing-1 << "be[\r][\n]"
21:39:37.311 [docker-java-stream--2064336329] DEBUG com.github.dockerjava.zerodep.shaded.org.apache.hc.client5.http.wire - http-outgoing-1 << "{"status":"Extracting","progressDetail":{"current":32866304,"total":108571409},"progress":"[===============\u003e                                   ]  32.87MB/108.6MB","id":"a35465a6a76a"}[\r][\n]"
21:39:37.311 [docker-java-stream--2064336329] DEBUG com.github.dockerjava.zerodep.shaded.org.apache.hc.client5.http.wire - http-outgoing-1 << "[\r][\n]"
21:39:37.325 [docker-java-stream--2064336329] DEBUG com.github.dockerjava.api.command.PullImageResultCallback - ResponseItem(stream=null, status=Extracting, progressDetail=ResponseItem.ProgressDetail(current=32866304, total=108571409, start=null), progress=[===============>                                   ]  32.87MB/108.6MB, id=a35465a6a76a, from=null, time=null, errorDetail=null, error=null, aux=null)
21:39:38.739 [docker-java-stream--2064336329] DEBUG com.github.dockerjava.zerodep.shaded.org.apache.hc.client5.http.wire - http-outgoing-1 << "be[\r][\n]"
21:39:38.739 [docker-java-stream--2064336329] DEBUG com.github.dockerjava.zerodep.shaded.org.apache.hc.client5.http.wire - http-outgoing-1 << "{"status":"Extracting","progressDetail":{"current":33423360,"total":108571409},"progress":"[===============\u003e                                   ]  33.42MB/108.6MB","id":"a35465a6a76a"}[\r][\n]"
21:39:38.739 [docker-java-stream--2064336329] DEBUG com.github.dockerjava.zerodep.shaded.org.apache.hc.client5.http.wire - http-outgoing-1 << "[\r][\n]"
21:39:38.740 [docker-java-stream--2064336329] DEBUG com.github.dockerjava.api.command.PullImageResultCallback - ResponseItem(stream=null, status=Extracting, progressDetail=ResponseItem.ProgressDetail(current=33423360, total=108571409, start=null), progress=[===============>                                   ]  33.42MB/108.6MB, id=a35465a6a76a, from=null, time=null, errorDetail=null, error=null, aux=null)
21:39:42.368 [docker-java-stream--2064336329] DEBUG com.github.dockerjava.zerodep.shaded.org.apache.hc.client5.http.wire - http-outgoing-1 << "be[\r][\n]"
21:39:42.368 [docker-java-stream--2064336329] DEBUG com.github.dockerjava.zerodep.shaded.org.apache.hc.client5.http.wire - http-outgoing-1 << "{"status":"Extracting","progressDetail":{"current":33980416,"total":108571409},"progress":"[===============\u003e                                   ]  33.98MB/108.6MB","id":"a35465a6a76a"}[\r][\n]"
21:39:42.368 [docker-java-stream--2064336329] DEBUG com.github.dockerjava.zerodep.shaded.org.apache.hc.client5.http.wire - http-outgoing-1 << "[\r][\n]"
21:39:42.368 [docker-java-stream--2064336329] DEBUG com.github.dockerjava.api.command.PullImageResultCallback - ResponseItem(stream=null, status=Extracting, progressDetail=ResponseItem.ProgressDetail(current=33980416, total=108571409, start=null), progress=[===============>                                   ]  33.98MB/108.6MB, id=a35465a6a76a, from=null, time=null, errorDetail=null, error=null, aux=null)
21:39:44.527 [docker-java-stream--2064336329] DEBUG com.github.dockerjava.zerodep.shaded.org.apache.hc.client5.http.wire - http-outgoing-1 << "be[\r][\n]"
21:39:44.527 [docker-java-stream--2064336329] DEBUG com.github.dockerjava.zerodep.shaded.org.apache.hc.client5.http.wire - http-outgoing-1 << "{"status":"Extracting","progressDetail":{"current":34537472,"total":108571409},"progress":"[===============\u003e                                   ]  34.54MB/108.6MB","id":"a35465a6a76a"}[\r][\n]"
21:39:44.527 [docker-java-stream--2064336329] DEBUG com.github.dockerjava.zerodep.shaded.org.apache.hc.client5.http.wire - http-outgoing-1 << "[\r][\n]"
21:39:44.527 [docker-java-stream--2064336329] DEBUG com.github.dockerjava.api.command.PullImageResultCallback - ResponseItem(stream=null, status=Extracting, progressDetail=ResponseItem.ProgressDetail(current=34537472, total=108571409, start=null), progress=[===============>                                   ]  34.54MB/108.6MB, id=a35465a6a76a, from=null, time=null, errorDetail=null, error=null, aux=null)
21:39:46.423 [docker-java-stream--2064336329] DEBUG com.github.dockerjava.zerodep.shaded.org.apache.hc.client5.http.wire - http-outgoing-1 << "be[\r][\n]"
21:39:46.425 [docker-java-stream--2064336329] DEBUG com.github.dockerjava.zerodep.shaded.org.apache.hc.client5.http.wire - http-outgoing-1 << "{"status":"Extracting","progressDetail":{"current":35094528,"total":108571409},"progress":"[================\u003e                                  ]  35.09MB/108.6MB","id":"a35465a6a76a"}[\r][\n]"
21:39:46.608 [docker-java-stream--2064336329] DEBUG com.github.dockerjava.zerodep.shaded.org.apache.hc.client5.http.wire - http-outgoing-1 << "[\r][\n]"
21:39:46.608 [docker-java-stream--2064336329] DEBUG com.github.dockerjava.api.command.PullImageResultCallback - ResponseItem(stream=null, status=Extracting, progressDetail=ResponseItem.ProgressDetail(current=35094528, total=108571409, start=null), progress=[================>                                  ]  35.09MB/108.6MB, id=a35465a6a76a, from=null, time=null, errorDetail=null, error=null, aux=null)
21:39:48.754 [docker-java-stream--2064336329] DEBUG com.github.dockerjava.zerodep.shaded.org.apache.hc.client5.http.wire - http-outgoing-1 << "be[\r][\n]"
21:39:48.755 [docker-java-stream--2064336329] DEBUG com.github.dockerjava.zerodep.shaded.org.apache.hc.client5.http.wire - http-outgoing-1 << "{"status":"Extracting","progressDetail":{"current":35651584,"total":108571409},"progress":"[================\u003e                                  ]  35.65MB/108.6MB","id":"a35465a6a76a"}[\r][\n]"
21:39:48.755 [docker-java-stream--2064336329] DEBUG com.github.dockerjava.zerodep.shaded.org.apache.hc.client5.http.wire - http-outgoing-1 << "[\r][\n]"
21:39:48.755 [docker-java-stream--2064336329] DEBUG com.github.dockerjava.api.command.PullImageResultCallback - ResponseItem(stream=null, status=Extracting, progressDetail=ResponseItem.ProgressDetail(current=35651584, total=108571409, start=null), progress=[================>                                  ]  35.65MB/108.6MB, id=a35465a6a76a, from=null, time=null, errorDetail=null, error=null, aux=null)
21:39:50.776 [docker-java-stream--2064336329] DEBUG com.github.dockerjava.zerodep.shaded.org.apache.hc.client5.http.wire - http-outgoing-1 << "be[\r][\n]"
21:39:50.776 [docker-java-stream--2064336329] DEBUG com.github.dockerjava.zerodep.shaded.org.apache.hc.client5.http.wire - http-outgoing-1 << "{"status":"Extracting","progressDetail":{"current":36208640,"total":108571409},"progress":"[================\u003e                                  ]  36.21MB/108.6MB","id":"a35465a6a76a"}[\r][\n]"
21:39:50.776 [docker-java-stream--2064336329] DEBUG com.github.dockerjava.zerodep.shaded.org.apache.hc.client5.http.wire - http-outgoing-1 << "[\r][\n]"
21:39:50.777 [docker-java-stream--2064336329] DEBUG com.github.dockerjava.api.command.PullImageResultCallback - ResponseItem(stream=null, status=Extracting, progressDetail=ResponseItem.ProgressDetail(current=36208640, total=108571409, start=null), progress=[================>                                  ]  36.21MB/108.6MB, id=a35465a6a76a, from=null, time=null, errorDetail=null, error=null, aux=null)
21:39:51.630 [docker-java-stream--2064336329] DEBUG com.github.dockerjava.zerodep.shaded.org.apache.hc.client5.http.wire - http-outgoing-1 << "be[\r][\n]"
21:39:51.630 [docker-java-stream--2064336329] DEBUG com.github.dockerjava.zerodep.shaded.org.apache.hc.client5.http.wire - http-outgoing-1 << "{"status":"Extracting","progressDetail":{"current":36765696,"total":108571409},"progress":"[================\u003e                                  ]  36.77MB/108.6MB","id":"a35465a6a76a"}[\r][\n]"
21:39:51.630 [docker-java-stream--2064336329] DEBUG com.github.dockerjava.zerodep.shaded.org.apache.hc.client5.http.wire - http-outgoing-1 << "[\r][\n]"
21:39:51.630 [docker-java-stream--2064336329] DEBUG com.github.dockerjava.api.command.PullImageResultCallback - ResponseItem(stream=null, status=Extracting, progressDetail=ResponseItem.ProgressDetail(current=36765696, total=108571409, start=null), progress=[================>                                  ]  36.77MB/108.6MB, id=a35465a6a76a, from=null, time=null, errorDetail=null, error=null, aux=null)
21:39:52.846 [docker-java-stream--2064336329] DEBUG com.github.dockerjava.zerodep.shaded.org.apache.hc.client5.http.wire - http-outgoing-1 << "be[\r][\n]"
21:39:52.846 [docker-java-stream--2064336329] DEBUG com.github.dockerjava.zerodep.shaded.org.apache.hc.client5.http.wire - http-outgoing-1 << "{"status":"Extracting","progressDetail":{"current":37322752,"total":108571409},"progress":"[=================\u003e                                 ]  37.32MB/108.6MB","id":"a35465a6a76a"}[\r][\n]"
21:39:52.846 [docker-java-stream--2064336329] DEBUG com.github.dockerjava.zerodep.shaded.org.apache.hc.client5.http.wire - http-outgoing-1 << "[\r][\n]"
21:39:52.859 [docker-java-stream--2064336329] DEBUG com.github.dockerjava.api.command.PullImageResultCallback - ResponseItem(stream=null, status=Extracting, progressDetail=ResponseItem.ProgressDetail(current=37322752, total=108571409, start=null), progress=[=================>                                 ]  37.32MB/108.6MB, id=a35465a6a76a, from=null, time=null, errorDetail=null, error=null, aux=null)
21:39:54.378 [docker-java-stream--2064336329] DEBUG com.github.dockerjava.zerodep.shaded.org.apache.hc.client5.http.wire - http-outgoing-1 << "be[\r][\n]"
21:39:54.379 [docker-java-stream--2064336329] DEBUG com.github.dockerjava.zerodep.shaded.org.apache.hc.client5.http.wire - http-outgoing-1 << "{"status":"Extracting","progressDetail":{"current":37879808,"total":108571409},"progress":"[=================\u003e                                 ]  37.88MB/108.6MB","id":"a35465a6a76a"}[\r][\n]"
21:39:54.379 [docker-java-stream--2064336329] DEBUG com.github.dockerjava.zerodep.shaded.org.apache.hc.client5.http.wire - http-outgoing-1 << "[\r][\n]"
21:39:54.536 [docker-java-stream--2064336329] DEBUG com.github.dockerjava.api.command.PullImageResultCallback - ResponseItem(stream=null, status=Extracting, progressDetail=ResponseItem.ProgressDetail(current=37879808, total=108571409, start=null), progress=[=================>                                 ]  37.88MB/108.6MB, id=a35465a6a76a, from=null, time=null, errorDetail=null, error=null, aux=null)
21:39:55.574 [docker-java-stream--2064336329] DEBUG com.github.dockerjava.zerodep.shaded.org.apache.hc.client5.http.wire - http-outgoing-1 << "be[\r][\n]"
21:39:55.574 [docker-java-stream--2064336329] DEBUG com.github.dockerjava.zerodep.shaded.org.apache.hc.client5.http.wire - http-outgoing-1 << "{"status":"Extracting","progressDetail":{"current":38436864,"total":108571409},"progress":"[=================\u003e                                 ]  38.44MB/108.6MB","id":"a35465a6a76a"}[\r][\n]"
21:39:55.574 [docker-java-stream--2064336329] DEBUG com.github.dockerjava.zerodep.shaded.org.apache.hc.client5.http.wire - http-outgoing-1 << "[\r][\n]"
21:39:55.576 [docker-java-stream--2064336329] DEBUG com.github.dockerjava.api.command.PullImageResultCallback - ResponseItem(stream=null, status=Extracting, progressDetail=ResponseItem.ProgressDetail(current=38436864, total=108571409, start=null), progress=[=================>                                 ]  38.44MB/108.6MB, id=a35465a6a76a, from=null, time=null, errorDetail=null, error=null, aux=null)
21:39:56.963 [docker-java-stream--2064336329] DEBUG com.github.dockerjava.zerodep.shaded.org.apache.hc.client5.http.wire - http-outgoing-1 << "be[\r][\n]"
21:39:56.963 [docker-java-stream--2064336329] DEBUG com.github.dockerjava.zerodep.shaded.org.apache.hc.client5.http.wire - http-outgoing-1 << "{"status":"Extracting","progressDetail":{"current":38993920,"total":108571409},"progress":"[=================\u003e                                 ]  38.99MB/108.6MB","id":"a35465a6a76a"}[\r][\n]"
21:39:56.963 [docker-java-stream--2064336329] DEBUG com.github.dockerjava.zerodep.shaded.org.apache.hc.client5.http.wire - http-outgoing-1 << "[\r][\n]"
21:39:56.963 [docker-java-stream--2064336329] DEBUG com.github.dockerjava.api.command.PullImageResultCallback - ResponseItem(stream=null, status=Extracting, progressDetail=ResponseItem.ProgressDetail(current=38993920, total=108571409, start=null), progress=[=================>                                 ]  38.99MB/108.6MB, id=a35465a6a76a, from=null, time=null, errorDetail=null, error=null, aux=null)
21:39:58.072 [docker-java-stream--2064336329] DEBUG com.github.dockerjava.zerodep.shaded.org.apache.hc.client5.http.wire - http-outgoing-1 << "be[\r][\n]"
21:39:58.072 [docker-java-stream--2064336329] DEBUG com.github.dockerjava.zerodep.shaded.org.apache.hc.client5.http.wire - http-outgoing-1 << "{"status":"Extracting","progressDetail":{"current":39550976,"total":108571409},"progress":"[==================\u003e                                ]  39.55MB/108.6MB","id":"a35465a6a76a"}[\r][\n]"
21:39:58.072 [docker-java-stream--2064336329] DEBUG com.github.dockerjava.zerodep.shaded.org.apache.hc.client5.http.wire - http-outgoing-1 << "[\r][\n]"
21:39:58.073 [docker-java-stream--2064336329] DEBUG com.github.dockerjava.api.command.PullImageResultCallback - ResponseItem(stream=null, status=Extracting, progressDetail=ResponseItem.ProgressDetail(current=39550976, total=108571409, start=null), progress=[==================>                                ]  39.55MB/108.6MB, id=a35465a6a76a, from=null, time=null, errorDetail=null, error=null, aux=null)
21:39:59.146 [docker-java-stream--2064336329] DEBUG com.github.dockerjava.zerodep.shaded.org.apache.hc.client5.http.wire - http-outgoing-1 << "be[\r][\n]"
21:39:59.146 [docker-java-stream--2064336329] DEBUG com.github.dockerjava.zerodep.shaded.org.apache.hc.client5.http.wire - http-outgoing-1 << "{"status":"Extracting","progressDetail":{"current":40108032,"total":108571409},"progress":"[==================\u003e                                ]  40.11MB/108.6MB","id":"a35465a6a76a"}[\r][\n]"
21:39:59.146 [docker-java-stream--2064336329] DEBUG com.github.dockerjava.zerodep.shaded.org.apache.hc.client5.http.wire - http-outgoing-1 << "[\r][\n]"
21:39:59.146 [docker-java-stream--2064336329] DEBUG com.github.dockerjava.api.command.PullImageResultCallback - ResponseItem(stream=null, status=Extracting, progressDetail=ResponseItem.ProgressDetail(current=40108032, total=108571409, start=null), progress=[==================>                                ]  40.11MB/108.6MB, id=a35465a6a76a, from=null, time=null, errorDetail=null, error=null, aux=null)
21:40:00.826 [docker-java-stream--2064336329] DEBUG com.github.dockerjava.zerodep.shaded.org.apache.hc.client5.http.wire - http-outgoing-1 << "be[\r][\n]"
21:40:00.826 [docker-java-stream--2064336329] DEBUG com.github.dockerjava.zerodep.shaded.org.apache.hc.client5.http.wire - http-outgoing-1 << "{"status":"Extracting","progressDetail":{"current":40665088,"total":108571409},"progress":"[==================\u003e                                ]  40.67MB/108.6MB","id":"a35465a6a76a"}[\r][\n]"
21:40:00.826 [docker-java-stream--2064336329] DEBUG com.github.dockerjava.zerodep.shaded.org.apache.hc.client5.http.wire - http-outgoing-1 << "[\r][\n]"
21:40:00.827 [docker-java-stream--2064336329] DEBUG com.github.dockerjava.api.command.PullImageResultCallback - ResponseItem(stream=null, status=Extracting, progressDetail=ResponseItem.ProgressDetail(current=40665088, total=108571409, start=null), progress=[==================>                                ]  40.67MB/108.6MB, id=a35465a6a76a, from=null, time=null, errorDetail=null, error=null, aux=null)
21:40:02.096 [docker-java-stream--2064336329] DEBUG com.github.dockerjava.zerodep.shaded.org.apache.hc.client5.http.wire - http-outgoing-1 << "be[\r][\n]"
21:40:02.096 [docker-java-stream--2064336329] DEBUG com.github.dockerjava.zerodep.shaded.org.apache.hc.client5.http.wire - http-outgoing-1 << "{"status":"Extracting","progressDetail":{"current":41222144,"total":108571409},"progress":"[==================\u003e                                ]  41.22MB/108.6MB","id":"a35465a6a76a"}[\r][\n]"
21:40:02.096 [docker-java-stream--2064336329] DEBUG com.github.dockerjava.zerodep.shaded.org.apache.hc.client5.http.wire - http-outgoing-1 << "[\r][\n]"
21:40:02.096 [docker-java-stream--2064336329] DEBUG com.github.dockerjava.api.command.PullImageResultCallback - ResponseItem(stream=null, status=Extracting, progressDetail=ResponseItem.ProgressDetail(current=41222144, total=108571409, start=null), progress=[==================>                                ]  41.22MB/108.6MB, id=a35465a6a76a, from=null, time=null, errorDetail=null, error=null, aux=null)
21:40:02.915 [docker-java-stream--2064336329] DEBUG com.github.dockerjava.zerodep.shaded.org.apache.hc.client5.http.wire - http-outgoing-1 << "be[\r][\n]"
21:40:02.915 [docker-java-stream--2064336329] DEBUG com.github.dockerjava.zerodep.shaded.org.apache.hc.client5.http.wire - http-outgoing-1 << "{"status":"Extracting","progressDetail":{"current":41779200,"total":108571409},"progress":"[===================\u003e                               ]  41.78MB/108.6MB","id":"a35465a6a76a"}[\r][\n]"
21:40:02.915 [docker-java-stream--2064336329] DEBUG com.github.dockerjava.zerodep.shaded.org.apache.hc.client5.http.wire - http-outgoing-1 << "[\r][\n]"
21:40:02.915 [docker-java-stream--2064336329] DEBUG com.github.dockerjava.api.command.PullImageResultCallback - ResponseItem(stream=null, status=Extracting, progressDetail=ResponseItem.ProgressDetail(current=41779200, total=108571409, start=null), progress=[===================>                               ]  41.78MB/108.6MB, id=a35465a6a76a, from=null, time=null, errorDetail=null, error=null, aux=null)
21:40:04.427 [docker-java-stream--2064336329] DEBUG com.github.dockerjava.zerodep.shaded.org.apache.hc.client5.http.wire - http-outgoing-1 << "be[\r][\n]"
21:40:04.427 [docker-java-stream--2064336329] DEBUG com.github.dockerjava.zerodep.shaded.org.apache.hc.client5.http.wire - http-outgoing-1 << "{"status":"Extracting","progressDetail":{"current":42336256,"total":108571409},"progress":"[===================\u003e                               ]  42.34MB/108.6MB","id":"a35465a6a76a"}[\r][\n]"
21:40:04.427 [docker-java-stream--2064336329] DEBUG com.github.dockerjava.zerodep.shaded.org.apache.hc.client5.http.wire - http-outgoing-1 << "[\r][\n]"
21:40:04.428 [docker-java-stream--2064336329] DEBUG com.github.dockerjava.api.command.PullImageResultCallback - ResponseItem(stream=null, status=Extracting, progressDetail=ResponseItem.ProgressDetail(current=42336256, total=108571409, start=null), progress=[===================>                               ]  42.34MB/108.6MB, id=a35465a6a76a, from=null, time=null, errorDetail=null, error=null, aux=null)
21:40:05.813 [docker-java-stream--2064336329] DEBUG com.github.dockerjava.zerodep.shaded.org.apache.hc.client5.http.wire - http-outgoing-1 << "be[\r][\n]"
21:40:05.813 [docker-java-stream--2064336329] DEBUG com.github.dockerjava.zerodep.shaded.org.apache.hc.client5.http.wire - http-outgoing-1 << "{"status":"Extracting","progressDetail":{"current":42893312,"total":108571409},"progress":"[===================\u003e                               ]  42.89MB/108.6MB","id":"a35465a6a76a"}[\r][\n]"
21:40:05.813 [docker-java-stream--2064336329] DEBUG com.github.dockerjava.zerodep.shaded.org.apache.hc.client5.http.wire - http-outgoing-1 << "[\r][\n]"
21:40:05.813 [docker-java-stream--2064336329] DEBUG com.github.dockerjava.api.command.PullImageResultCallback - ResponseItem(stream=null, status=Extracting, progressDetail=ResponseItem.ProgressDetail(current=42893312, total=108571409, start=null), progress=[===================>                               ]  42.89MB/108.6MB, id=a35465a6a76a, from=null, time=null, errorDetail=null, error=null, aux=null)
21:40:10.533 [docker-java-stream--2064336329] DEBUG com.github.dockerjava.zerodep.shaded.org.apache.hc.client5.http.wire - http-outgoing-1 << "be[\r][\n]"
21:40:10.533 [docker-java-stream--2064336329] DEBUG com.github.dockerjava.zerodep.shaded.org.apache.hc.client5.http.wire - http-outgoing-1 << "{"status":"Extracting","progressDetail":{"current":43450368,"total":108571409},"progress":"[====================\u003e                              ]  43.45MB/108.6MB","id":"a35465a6a76a"}[\r][\n]"
21:40:10.533 [docker-java-stream--2064336329] DEBUG com.github.dockerjava.zerodep.shaded.org.apache.hc.client5.http.wire - http-outgoing-1 << "[\r][\n]"
21:40:10.534 [docker-java-stream--2064336329] DEBUG com.github.dockerjava.api.command.PullImageResultCallback - ResponseItem(stream=null, status=Extracting, progressDetail=ResponseItem.ProgressDetail(current=43450368, total=108571409, start=null), progress=[====================>                              ]  43.45MB/108.6MB, id=a35465a6a76a, from=null, time=null, errorDetail=null, error=null, aux=null)
21:40:12.795 [docker-java-stream--2064336329] DEBUG com.github.dockerjava.zerodep.shaded.org.apache.hc.client5.http.wire - http-outgoing-1 << "be[\r][\n]"
21:40:12.795 [docker-java-stream--2064336329] DEBUG com.github.dockerjava.zerodep.shaded.org.apache.hc.client5.http.wire - http-outgoing-1 << "{"status":"Extracting","progressDetail":{"current":44007424,"total":108571409},"progress":"[====================\u003e                              ]  44.01MB/108.6MB","id":"a35465a6a76a"}[\r][\n]"
21:40:12.795 [docker-java-stream--2064336329] DEBUG com.github.dockerjava.zerodep.shaded.org.apache.hc.client5.http.wire - http-outgoing-1 << "[\r][\n]"
21:40:12.795 [docker-java-stream--2064336329] DEBUG com.github.dockerjava.api.command.PullImageResultCallback - ResponseItem(stream=null, status=Extracting, progressDetail=ResponseItem.ProgressDetail(current=44007424, total=108571409, start=null), progress=[====================>                              ]  44.01MB/108.6MB, id=a35465a6a76a, from=null, time=null, errorDetail=null, error=null, aux=null)
21:40:14.444 [docker-java-stream--2064336329] DEBUG com.github.dockerjava.zerodep.shaded.org.apache.hc.client5.http.wire - http-outgoing-1 << "be[\r][\n]"
21:40:14.444 [docker-java-stream--2064336329] DEBUG com.github.dockerjava.zerodep.shaded.org.apache.hc.client5.http.wire - http-outgoing-1 << "{"status":"Extracting","progressDetail":{"current":44564480,"total":108571409},"progress":"[====================\u003e                              ]  44.56MB/108.6MB","id":"a35465a6a76a"}[\r][\n]"
21:40:14.444 [docker-java-stream--2064336329] DEBUG com.github.dockerjava.zerodep.shaded.org.apache.hc.client5.http.wire - http-outgoing-1 << "[\r][\n]"
21:40:14.445 [docker-java-stream--2064336329] DEBUG com.github.dockerjava.api.command.PullImageResultCallback - ResponseItem(stream=null, status=Extracting, progressDetail=ResponseItem.ProgressDetail(current=44564480, total=108571409, start=null), progress=[====================>                              ]  44.56MB/108.6MB, id=a35465a6a76a, from=null, time=null, errorDetail=null, error=null, aux=null)
21:40:16.144 [docker-java-stream--2064336329] DEBUG com.github.dockerjava.zerodep.shaded.org.apache.hc.client5.http.wire - http-outgoing-1 << "be[\r][\n]"
21:40:16.145 [docker-java-stream--2064336329] DEBUG com.github.dockerjava.zerodep.shaded.org.apache.hc.client5.http.wire - http-outgoing-1 << "{"status":"Extracting","progressDetail":{"current":45121536,"total":108571409},"progress":"[====================\u003e                              ]  45.12MB/108.6MB","id":"a35465a6a76a"}[\r][\n]"
21:40:16.145 [docker-java-stream--2064336329] DEBUG com.github.dockerjava.zerodep.shaded.org.apache.hc.client5.http.wire - http-outgoing-1 << "[\r][\n]"
21:40:16.145 [docker-java-stream--2064336329] DEBUG com.github.dockerjava.api.command.PullImageResultCallback - ResponseItem(stream=null, status=Extracting, progressDetail=ResponseItem.ProgressDetail(current=45121536, total=108571409, start=null), progress=[====================>                              ]  45.12MB/108.6MB, id=a35465a6a76a, from=null, time=null, errorDetail=null, error=null, aux=null)
21:40:17.388 [docker-java-stream--2064336329] DEBUG com.github.dockerjava.zerodep.shaded.org.apache.hc.client5.http.wire - http-outgoing-1 << "be[\r][\n]"
21:40:17.388 [docker-java-stream--2064336329] DEBUG com.github.dockerjava.zerodep.shaded.org.apache.hc.client5.http.wire - http-outgoing-1 << "{"status":"Extracting","progressDetail":{"current":45678592,"total":108571409},"progress":"[=====================\u003e                             ]  45.68MB/108.6MB","id":"a35465a6a76a"}[\r][\n]"
21:40:17.388 [docker-java-stream--2064336329] DEBUG com.github.dockerjava.zerodep.shaded.org.apache.hc.client5.http.wire - http-outgoing-1 << "[\r][\n]"
21:40:17.388 [docker-java-stream--2064336329] DEBUG com.github.dockerjava.api.command.PullImageResultCallback - ResponseItem(stream=null, status=Extracting, progressDetail=ResponseItem.ProgressDetail(current=45678592, total=108571409, start=null), progress=[=====================>                             ]  45.68MB/108.6MB, id=a35465a6a76a, from=null, time=null, errorDetail=null, error=null, aux=null)
21:40:17.991 [docker-java-stream--2064336329] DEBUG com.github.dockerjava.zerodep.shaded.org.apache.hc.client5.http.wire - http-outgoing-1 << "be[\r][\n]"
21:40:17.992 [docker-java-stream--2064336329] DEBUG com.github.dockerjava.zerodep.shaded.org.apache.hc.client5.http.wire - http-outgoing-1 << "{"status":"Extracting","progressDetail":{"current":46235648,"total":108571409},"progress":"[=====================\u003e                             ]  46.24MB/108.6MB","id":"a35465a6a76a"}[\r][\n]"
21:40:17.992 [docker-java-stream--2064336329] DEBUG com.github.dockerjava.zerodep.shaded.org.apache.hc.client5.http.wire - http-outgoing-1 << "[\r][\n]"
21:40:18.007 [docker-java-stream--2064336329] DEBUG com.github.dockerjava.api.command.PullImageResultCallback - ResponseItem(stream=null, status=Extracting, progressDetail=ResponseItem.ProgressDetail(current=46235648, total=108571409, start=null), progress=[=====================>                             ]  46.24MB/108.6MB, id=a35465a6a76a, from=null, time=null, errorDetail=null, error=null, aux=null)
21:40:18.845 [docker-java-stream--2064336329] DEBUG com.github.dockerjava.zerodep.shaded.org.apache.hc.client5.http.wire - http-outgoing-1 << "be[\r][\n]"
21:40:18.845 [docker-java-stream--2064336329] DEBUG com.github.dockerjava.zerodep.shaded.org.apache.hc.client5.http.wire - http-outgoing-1 << "{"status":"Extracting","progressDetail":{"current":46792704,"total":108571409},"progress":"[=====================\u003e                             ]  46.79MB/108.6MB","id":"a35465a6a76a"}[\r][\n]"
21:40:18.845 [docker-java-stream--2064336329] DEBUG com.github.dockerjava.zerodep.shaded.org.apache.hc.client5.http.wire - http-outgoing-1 << "[\r][\n]"
21:40:18.845 [docker-java-stream--2064336329] DEBUG com.github.dockerjava.api.command.PullImageResultCallback - ResponseItem(stream=null, status=Extracting, progressDetail=ResponseItem.ProgressDetail(current=46792704, total=108571409, start=null), progress=[=====================>                             ]  46.79MB/108.6MB, id=a35465a6a76a, from=null, time=null, errorDetail=null, error=null, aux=null)
21:40:19.327 [docker-java-stream--2064336329] DEBUG com.github.dockerjava.zerodep.shaded.org.apache.hc.client5.http.wire - http-outgoing-1 << "be[\r][\n]"
21:40:19.327 [docker-java-stream--2064336329] DEBUG com.github.dockerjava.zerodep.shaded.org.apache.hc.client5.http.wire - http-outgoing-1 << "{"status":"Extracting","progressDetail":{"current":47349760,"total":108571409},"progress":"[=====================\u003e                             ]  47.35MB/108.6MB","id":"a35465a6a76a"}[\r][\n]"
21:40:19.327 [docker-java-stream--2064336329] DEBUG com.github.dockerjava.zerodep.shaded.org.apache.hc.client5.http.wire - http-outgoing-1 << "[\r][\n]"
21:40:19.489 [docker-java-stream--2064336329] DEBUG com.github.dockerjava.api.command.PullImageResultCallback - ResponseItem(stream=null, status=Extracting, progressDetail=ResponseItem.ProgressDetail(current=47349760, total=108571409, start=null), progress=[=====================>                             ]  47.35MB/108.6MB, id=a35465a6a76a, from=null, time=null, errorDetail=null, error=null, aux=null)
21:40:20.318 [docker-java-stream--2064336329] DEBUG com.github.dockerjava.zerodep.shaded.org.apache.hc.client5.http.wire - http-outgoing-1 << "be[\r][\n]"
21:40:20.318 [docker-java-stream--2064336329] DEBUG com.github.dockerjava.zerodep.shaded.org.apache.hc.client5.http.wire - http-outgoing-1 << "{"status":"Extracting","progressDetail":{"current":47906816,"total":108571409},"progress":"[======================\u003e                            ]  47.91MB/108.6MB","id":"a35465a6a76a"}[\r][\n]"
21:40:20.318 [docker-java-stream--2064336329] DEBUG com.github.dockerjava.zerodep.shaded.org.apache.hc.client5.http.wire - http-outgoing-1 << "[\r][\n]"
21:40:20.319 [docker-java-stream--2064336329] DEBUG com.github.dockerjava.api.command.PullImageResultCallback - ResponseItem(stream=null, status=Extracting, progressDetail=ResponseItem.ProgressDetail(current=47906816, total=108571409, start=null), progress=[======================>                            ]  47.91MB/108.6MB, id=a35465a6a76a, from=null, time=null, errorDetail=null, error=null, aux=null)
21:40:21.229 [docker-java-stream--2064336329] DEBUG com.github.dockerjava.zerodep.shaded.org.apache.hc.client5.http.wire - http-outgoing-1 << "be[\r][\n]"
21:40:21.229 [docker-java-stream--2064336329] DEBUG com.github.dockerjava.zerodep.shaded.org.apache.hc.client5.http.wire - http-outgoing-1 << "{"status":"Extracting","progressDetail":{"current":48463872,"total":108571409},"progress":"[======================\u003e                            ]  48.46MB/108.6MB","id":"a35465a6a76a"}[\r][\n]"
21:40:21.229 [docker-java-stream--2064336329] DEBUG com.github.dockerjava.zerodep.shaded.org.apache.hc.client5.http.wire - http-outgoing-1 << "[\r][\n]"
21:40:21.230 [docker-java-stream--2064336329] DEBUG com.github.dockerjava.api.command.PullImageResultCallback - ResponseItem(stream=null, status=Extracting, progressDetail=ResponseItem.ProgressDetail(current=48463872, total=108571409, start=null), progress=[======================>                            ]  48.46MB/108.6MB, id=a35465a6a76a, from=null, time=null, errorDetail=null, error=null, aux=null)
21:40:21.944 [docker-java-stream--2064336329] DEBUG com.github.dockerjava.zerodep.shaded.org.apache.hc.client5.http.wire - http-outgoing-1 << "be[\r][\n]"
21:40:21.944 [docker-java-stream--2064336329] DEBUG com.github.dockerjava.zerodep.shaded.org.apache.hc.client5.http.wire - http-outgoing-1 << "{"status":"Extracting","progressDetail":{"current":49020928,"total":108571409},"progress":"[======================\u003e                            ]  49.02MB/108.6MB","id":"a35465a6a76a"}[\r][\n]"
21:40:21.944 [docker-java-stream--2064336329] DEBUG com.github.dockerjava.zerodep.shaded.org.apache.hc.client5.http.wire - http-outgoing-1 << "[\r][\n]"
21:40:21.986 [docker-java-stream--2064336329] DEBUG com.github.dockerjava.api.command.PullImageResultCallback - ResponseItem(stream=null, status=Extracting, progressDetail=ResponseItem.ProgressDetail(current=49020928, total=108571409, start=null), progress=[======================>                            ]  49.02MB/108.6MB, id=a35465a6a76a, from=null, time=null, errorDetail=null, error=null, aux=null)
21:40:26.138 [docker-java-stream--2064336329] DEBUG com.github.dockerjava.zerodep.shaded.org.apache.hc.client5.http.wire - http-outgoing-1 << "be[\r][\n]"
21:40:26.139 [docker-java-stream--2064336329] DEBUG com.github.dockerjava.zerodep.shaded.org.apache.hc.client5.http.wire - http-outgoing-1 << "{"status":"Extracting","progressDetail":{"current":49577984,"total":108571409},"progress":"[======================\u003e                            ]  49.58MB/108.6MB","id":"a35465a6a76a"}[\r][\n]"
21:40:26.139 [docker-java-stream--2064336329] DEBUG com.github.dockerjava.zerodep.shaded.org.apache.hc.client5.http.wire - http-outgoing-1 << "[\r][\n]"
21:40:26.241 [docker-java-stream--2064336329] DEBUG com.github.dockerjava.api.command.PullImageResultCallback - ResponseItem(stream=null, status=Extracting, progressDetail=ResponseItem.ProgressDetail(current=49577984, total=108571409, start=null), progress=[======================>                            ]  49.58MB/108.6MB, id=a35465a6a76a, from=null, time=null, errorDetail=null, error=null, aux=null)
21:40:29.488 [docker-java-stream--2064336329] DEBUG com.github.dockerjava.zerodep.shaded.org.apache.hc.client5.http.wire - http-outgoing-1 << "be[\r][\n]"
21:40:29.488 [docker-java-stream--2064336329] DEBUG com.github.dockerjava.zerodep.shaded.org.apache.hc.client5.http.wire - http-outgoing-1 << "{"status":"Extracting","progressDetail":{"current":50135040,"total":108571409},"progress":"[=======================\u003e                           ]  50.14MB/108.6MB","id":"a35465a6a76a"}[\r][\n]"
21:40:29.489 [docker-java-stream--2064336329] DEBUG com.github.dockerjava.zerodep.shaded.org.apache.hc.client5.http.wire - http-outgoing-1 << "[\r][\n]"
21:40:29.490 [docker-java-stream--2064336329] DEBUG com.github.dockerjava.api.command.PullImageResultCallback - ResponseItem(stream=null, status=Extracting, progressDetail=ResponseItem.ProgressDetail(current=50135040, total=108571409, start=null), progress=[=======================>                           ]  50.14MB/108.6MB, id=a35465a6a76a, from=null, time=null, errorDetail=null, error=null, aux=null)
21:40:30.511 [docker-java-stream--2064336329] DEBUG com.github.dockerjava.zerodep.shaded.org.apache.hc.client5.http.wire - http-outgoing-1 << "be[\r][\n]"
21:40:30.511 [docker-java-stream--2064336329] DEBUG com.github.dockerjava.zerodep.shaded.org.apache.hc.client5.http.wire - http-outgoing-1 << "{"status":"Extracting","progressDetail":{"current":50692096,"total":108571409},"progress":"[=======================\u003e                           ]  50.69MB/108.6MB","id":"a35465a6a76a"}[\r][\n]"
21:40:30.511 [docker-java-stream--2064336329] DEBUG com.github.dockerjava.zerodep.shaded.org.apache.hc.client5.http.wire - http-outgoing-1 << "[\r][\n]"
21:40:30.716 [docker-java-stream--2064336329] DEBUG com.github.dockerjava.api.command.PullImageResultCallback - ResponseItem(stream=null, status=Extracting, progressDetail=ResponseItem.ProgressDetail(current=50692096, total=108571409, start=null), progress=[=======================>                           ]  50.69MB/108.6MB, id=a35465a6a76a, from=null, time=null, errorDetail=null, error=null, aux=null)
21:40:31.543 [docker-java-stream--2064336329] DEBUG com.github.dockerjava.zerodep.shaded.org.apache.hc.client5.http.wire - http-outgoing-1 << "be[\r][\n]"
21:40:31.543 [docker-java-stream--2064336329] DEBUG com.github.dockerjava.zerodep.shaded.org.apache.hc.client5.http.wire - http-outgoing-1 << "{"status":"Extracting","progressDetail":{"current":51249152,"total":108571409},"progress":"[=======================\u003e                           ]  51.25MB/108.6MB","id":"a35465a6a76a"}[\r][\n]"
21:40:31.543 [docker-java-stream--2064336329] DEBUG com.github.dockerjava.zerodep.shaded.org.apache.hc.client5.http.wire - http-outgoing-1 << "[\r][\n]"
21:40:31.588 [docker-java-stream--2064336329] DEBUG com.github.dockerjava.api.command.PullImageResultCallback - ResponseItem(stream=null, status=Extracting, progressDetail=ResponseItem.ProgressDetail(current=51249152, total=108571409, start=null), progress=[=======================>                           ]  51.25MB/108.6MB, id=a35465a6a76a, from=null, time=null, errorDetail=null, error=null, aux=null)
21:40:33.806 [docker-java-stream--2064336329] DEBUG com.github.dockerjava.zerodep.shaded.org.apache.hc.client5.http.wire - http-outgoing-1 << "be[\r][\n]"
21:40:33.806 [docker-java-stream--2064336329] DEBUG com.github.dockerjava.zerodep.shaded.org.apache.hc.client5.http.wire - http-outgoing-1 << "{"status":"Extracting","progressDetail":{"current":51806208,"total":108571409},"progress":"[=======================\u003e                           ]  51.81MB/108.6MB","id":"a35465a6a76a"}[\r][\n]"
21:40:33.806 [docker-java-stream--2064336329] DEBUG com.github.dockerjava.zerodep.shaded.org.apache.hc.client5.http.wire - http-outgoing-1 << "[\r][\n]"
21:40:33.806 [docker-java-stream--2064336329] DEBUG com.github.dockerjava.api.command.PullImageResultCallback - ResponseItem(stream=null, status=Extracting, progressDetail=ResponseItem.ProgressDetail(current=51806208, total=108571409, start=null), progress=[=======================>                           ]  51.81MB/108.6MB, id=a35465a6a76a, from=null, time=null, errorDetail=null, error=null, aux=null)
21:40:36.999 [docker-java-stream--2064336329] DEBUG com.github.dockerjava.zerodep.shaded.org.apache.hc.client5.http.wire - http-outgoing-1 << "be[\r][\n]"
21:40:36.999 [docker-java-stream--2064336329] DEBUG com.github.dockerjava.zerodep.shaded.org.apache.hc.client5.http.wire - http-outgoing-1 << "{"status":"Extracting","progressDetail":{"current":52363264,"total":108571409},"progress":"[========================\u003e                          ]  52.36MB/108.6MB","id":"a35465a6a76a"}[\r][\n]"
21:40:36.999 [docker-java-stream--2064336329] DEBUG com.github.dockerjava.zerodep.shaded.org.apache.hc.client5.http.wire - http-outgoing-1 << "[\r][\n]"
21:40:36.999 [docker-java-stream--2064336329] DEBUG com.github.dockerjava.api.command.PullImageResultCallback - ResponseItem(stream=null, status=Extracting, progressDetail=ResponseItem.ProgressDetail(current=52363264, total=108571409, start=null), progress=[========================>                          ]  52.36MB/108.6MB, id=a35465a6a76a, from=null, time=null, errorDetail=null, error=null, aux=null)
21:40:38.938 [docker-java-stream--2064336329] DEBUG com.github.dockerjava.zerodep.shaded.org.apache.hc.client5.http.wire - http-outgoing-1 << "be[\r][\n]"
21:40:38.939 [docker-java-stream--2064336329] DEBUG com.github.dockerjava.zerodep.shaded.org.apache.hc.client5.http.wire - http-outgoing-1 << "{"status":"Extracting","progressDetail":{"current":52920320,"total":108571409},"progress":"[========================\u003e                          ]  52.92MB/108.6MB","id":"a35465a6a76a"}[\r][\n]"
21:40:38.939 [docker-java-stream--2064336329] DEBUG com.github.dockerjava.zerodep.shaded.org.apache.hc.client5.http.wire - http-outgoing-1 << "[\r][\n]"
21:40:38.939 [docker-java-stream--2064336329] DEBUG com.github.dockerjava.api.command.PullImageResultCallback - ResponseItem(stream=null, status=Extracting, progressDetail=ResponseItem.ProgressDetail(current=52920320, total=108571409, start=null), progress=[========================>                          ]  52.92MB/108.6MB, id=a35465a6a76a, from=null, time=null, errorDetail=null, error=null, aux=null)
21:40:39.680 [docker-java-stream--2064336329] DEBUG com.github.dockerjava.zerodep.shaded.org.apache.hc.client5.http.wire - http-outgoing-1 << "be[\r][\n]"
21:40:39.680 [docker-java-stream--2064336329] DEBUG com.github.dockerjava.zerodep.shaded.org.apache.hc.client5.http.wire - http-outgoing-1 << "{"status":"Extracting","progressDetail":{"current":53477376,"total":108571409},"progress":"[========================\u003e                          ]  53.48MB/108.6MB","id":"a35465a6a76a"}[\r][\n]"
21:40:39.680 [docker-java-stream--2064336329] DEBUG com.github.dockerjava.zerodep.shaded.org.apache.hc.client5.http.wire - http-outgoing-1 << "[\r][\n]"
21:40:39.680 [docker-java-stream--2064336329] DEBUG com.github.dockerjava.api.command.PullImageResultCallback - ResponseItem(stream=null, status=Extracting, progressDetail=ResponseItem.ProgressDetail(current=53477376, total=108571409, start=null), progress=[========================>                          ]  53.48MB/108.6MB, id=a35465a6a76a, from=null, time=null, errorDetail=null, error=null, aux=null)
21:40:40.780 [docker-java-stream--2064336329] DEBUG com.github.dockerjava.zerodep.shaded.org.apache.hc.client5.http.wire - http-outgoing-1 << "be[\r][\n]"
21:40:40.781 [docker-java-stream--2064336329] DEBUG com.github.dockerjava.zerodep.shaded.org.apache.hc.client5.http.wire - http-outgoing-1 << "{"status":"Extracting","progressDetail":{"current":54034432,"total":108571409},"progress":"[========================\u003e                          ]  54.03MB/108.6MB","id":"a35465a6a76a"}[\r][\n]"
21:40:40.781 [docker-java-stream--2064336329] DEBUG com.github.dockerjava.zerodep.shaded.org.apache.hc.client5.http.wire - http-outgoing-1 << "[\r][\n]"
21:40:40.781 [docker-java-stream--2064336329] DEBUG com.github.dockerjava.api.command.PullImageResultCallback - ResponseItem(stream=null, status=Extracting, progressDetail=ResponseItem.ProgressDetail(current=54034432, total=108571409, start=null), progress=[========================>                          ]  54.03MB/108.6MB, id=a35465a6a76a, from=null, time=null, errorDetail=null, error=null, aux=null)
21:40:46.710 [docker-java-stream--2064336329] DEBUG com.github.dockerjava.zerodep.shaded.org.apache.hc.client5.http.wire - http-outgoing-1 << "be[\r][\n]"
21:40:46.710 [docker-java-stream--2064336329] DEBUG com.github.dockerjava.zerodep.shaded.org.apache.hc.client5.http.wire - http-outgoing-1 << "{"status":"Extracting","progressDetail":{"current":54591488,"total":108571409},"progress":"[=========================\u003e                         ]  54.59MB/108.6MB","id":"a35465a6a76a"}[\r][\n]"
21:40:46.710 [docker-java-stream--2064336329] DEBUG com.github.dockerjava.zerodep.shaded.org.apache.hc.client5.http.wire - http-outgoing-1 << "[\r][\n]"
21:40:46.711 [docker-java-stream--2064336329] DEBUG com.github.dockerjava.api.command.PullImageResultCallback - ResponseItem(stream=null, status=Extracting, progressDetail=ResponseItem.ProgressDetail(current=54591488, total=108571409, start=null), progress=[=========================>                         ]  54.59MB/108.6MB, id=a35465a6a76a, from=null, time=null, errorDetail=null, error=null, aux=null)
21:40:53.670 [docker-java-stream--2064336329] DEBUG com.github.dockerjava.zerodep.shaded.org.apache.hc.client5.http.wire - http-outgoing-1 << "be[\r][\n]"
21:40:53.670 [docker-java-stream--2064336329] DEBUG com.github.dockerjava.zerodep.shaded.org.apache.hc.client5.http.wire - http-outgoing-1 << "{"status":"Extracting","progressDetail":{"current":55148544,"total":108571409},"progress":"[=========================\u003e                         ]  55.15MB/108.6MB","id":"a35465a6a76a"}[\r][\n]"
21:40:53.670 [docker-java-stream--2064336329] DEBUG com.github.dockerjava.zerodep.shaded.org.apache.hc.client5.http.wire - http-outgoing-1 << "[\r][\n]"
21:40:53.927 [docker-java-stream--2064336329] DEBUG com.github.dockerjava.api.command.PullImageResultCallback - ResponseItem(stream=null, status=Extracting, progressDetail=ResponseItem.ProgressDetail(current=55148544, total=108571409, start=null), progress=[=========================>                         ]  55.15MB/108.6MB, id=a35465a6a76a, from=null, time=null, errorDetail=null, error=null, aux=null)
21:40:56.913 [docker-java-stream--2064336329] DEBUG com.github.dockerjava.zerodep.shaded.org.apache.hc.client5.http.wire - http-outgoing-1 << "be[\r][\n]"
21:40:56.913 [docker-java-stream--2064336329] DEBUG com.github.dockerjava.zerodep.shaded.org.apache.hc.client5.http.wire - http-outgoing-1 << "{"status":"Extracting","progressDetail":{"current":55705600,"total":108571409},"progress":"[=========================\u003e                         ]  55.71MB/108.6MB","id":"a35465a6a76a"}[\r][\n]"
21:40:56.913 [docker-java-stream--2064336329] DEBUG com.github.dockerjava.zerodep.shaded.org.apache.hc.client5.http.wire - http-outgoing-1 << "[\r][\n]"
21:40:57.185 [docker-java-stream--2064336329] DEBUG com.github.dockerjava.api.command.PullImageResultCallback - ResponseItem(stream=null, status=Extracting, progressDetail=ResponseItem.ProgressDetail(current=55705600, total=108571409, start=null), progress=[=========================>                         ]  55.71MB/108.6MB, id=a35465a6a76a, from=null, time=null, errorDetail=null, error=null, aux=null)
21:41:11.385 [docker-java-stream--2064336329] DEBUG com.github.dockerjava.zerodep.shaded.org.apache.hc.client5.http.wire - http-outgoing-1 << "be[\r][\n]"
21:41:11.385 [docker-java-stream--2064336329] DEBUG com.github.dockerjava.zerodep.shaded.org.apache.hc.client5.http.wire - http-outgoing-1 << "{"status":"Extracting","progressDetail":{"current":56262656,"total":108571409},"progress":"[=========================\u003e                         ]  56.26MB/108.6MB","id":"a35465a6a76a"}[\r][\n]"
21:41:11.385 [docker-java-stream--2064336329] DEBUG com.github.dockerjava.zerodep.shaded.org.apache.hc.client5.http.wire - http-outgoing-1 << "[\r][\n]"
21:41:11.549 [docker-java-stream--2064336329] DEBUG com.github.dockerjava.api.command.PullImageResultCallback - ResponseItem(stream=null, status=Extracting, progressDetail=ResponseItem.ProgressDetail(current=56262656, total=108571409, start=null), progress=[=========================>                         ]  56.26MB/108.6MB, id=a35465a6a76a, from=null, time=null, errorDetail=null, error=null, aux=null)
21:41:13.313 [docker-java-stream--2064336329] DEBUG com.github.dockerjava.zerodep.shaded.org.apache.hc.client5.http.wire - http-outgoing-1 << "be[\r][\n]"
21:41:13.313 [docker-java-stream--2064336329] DEBUG com.github.dockerjava.zerodep.shaded.org.apache.hc.client5.http.wire - http-outgoing-1 << "{"status":"Extracting","progressDetail":{"current":56819712,"total":108571409},"progress":"[==========================\u003e                        ]  56.82MB/108.6MB","id":"a35465a6a76a"}[\r][\n]"
21:41:13.313 [docker-java-stream--2064336329] DEBUG com.github.dockerjava.zerodep.shaded.org.apache.hc.client5.http.wire - http-outgoing-1 << "[\r][\n]"
21:41:13.313 [docker-java-stream--2064336329] DEBUG com.github.dockerjava.api.command.PullImageResultCallback - ResponseItem(stream=null, status=Extracting, progressDetail=ResponseItem.ProgressDetail(current=56819712, total=108571409, start=null), progress=[==========================>                        ]  56.82MB/108.6MB, id=a35465a6a76a, from=null, time=null, errorDetail=null, error=null, aux=null)
21:41:14.963 [docker-java-stream--2064336329] DEBUG com.github.dockerjava.zerodep.shaded.org.apache.hc.client5.http.wire - http-outgoing-1 << "be[\r][\n]"
21:41:14.963 [docker-java-stream--2064336329] DEBUG com.github.dockerjava.zerodep.shaded.org.apache.hc.client5.http.wire - http-outgoing-1 << "{"status":"Extracting","progressDetail":{"current":57376768,"total":108571409},"progress":"[==========================\u003e                        ]  57.38MB/108.6MB","id":"a35465a6a76a"}[\r][\n]"
21:41:14.964 [docker-java-stream--2064336329] DEBUG com.github.dockerjava.zerodep.shaded.org.apache.hc.client5.http.wire - http-outgoing-1 << "[\r][\n]"
21:41:14.964 [docker-java-stream--2064336329] DEBUG com.github.dockerjava.api.command.PullImageResultCallback - ResponseItem(stream=null, status=Extracting, progressDetail=ResponseItem.ProgressDetail(current=57376768, total=108571409, start=null), progress=[==========================>                        ]  57.38MB/108.6MB, id=a35465a6a76a, from=null, time=null, errorDetail=null, error=null, aux=null)
21:41:15.669 [docker-java-stream--2064336329] DEBUG com.github.dockerjava.zerodep.shaded.org.apache.hc.client5.http.wire - http-outgoing-1 << "be[\r][\n]"
21:41:15.669 [docker-java-stream--2064336329] DEBUG com.github.dockerjava.zerodep.shaded.org.apache.hc.client5.http.wire - http-outgoing-1 << "{"status":"Extracting","progressDetail":{"current":57933824,"total":108571409},"progress":"[==========================\u003e                        ]  57.93MB/108.6MB","id":"a35465a6a76a"}[\r][\n]"
21:41:15.669 [docker-java-stream--2064336329] DEBUG com.github.dockerjava.zerodep.shaded.org.apache.hc.client5.http.wire - http-outgoing-1 << "[\r][\n]"
21:41:15.670 [docker-java-stream--2064336329] DEBUG com.github.dockerjava.api.command.PullImageResultCallback - ResponseItem(stream=null, status=Extracting, progressDetail=ResponseItem.ProgressDetail(current=57933824, total=108571409, start=null), progress=[==========================>                        ]  57.93MB/108.6MB, id=a35465a6a76a, from=null, time=null, errorDetail=null, error=null, aux=null)
21:41:16.749 [docker-java-stream--2064336329] DEBUG com.github.dockerjava.zerodep.shaded.org.apache.hc.client5.http.wire - http-outgoing-1 << "be[\r][\n]"
21:41:16.749 [docker-java-stream--2064336329] DEBUG com.github.dockerjava.zerodep.shaded.org.apache.hc.client5.http.wire - http-outgoing-1 << "{"status":"Extracting","progressDetail":{"current":58490880,"total":108571409},"progress":"[==========================\u003e                        ]  58.49MB/108.6MB","id":"a35465a6a76a"}[\r][\n]"
21:41:16.749 [docker-java-stream--2064336329] DEBUG com.github.dockerjava.zerodep.shaded.org.apache.hc.client5.http.wire - http-outgoing-1 << "[\r][\n]"
21:41:16.947 [docker-java-stream--2064336329] DEBUG com.github.dockerjava.api.command.PullImageResultCallback - ResponseItem(stream=null, status=Extracting, progressDetail=ResponseItem.ProgressDetail(current=58490880, total=108571409, start=null), progress=[==========================>                        ]  58.49MB/108.6MB, id=a35465a6a76a, from=null, time=null, errorDetail=null, error=null, aux=null)
21:41:24.937 [docker-java-stream--2064336329] DEBUG com.github.dockerjava.zerodep.shaded.org.apache.hc.client5.http.wire - http-outgoing-1 << "be[\r][\n]"
21:41:24.937 [docker-java-stream--2064336329] DEBUG com.github.dockerjava.zerodep.shaded.org.apache.hc.client5.http.wire - http-outgoing-1 << "{"status":"Extracting","progressDetail":{"current":59047936,"total":108571409},"progress":"[===========================\u003e                       ]  59.05MB/108.6MB","id":"a35465a6a76a"}[\r][\n]"
21:41:24.937 [docker-java-stream--2064336329] DEBUG com.github.dockerjava.zerodep.shaded.org.apache.hc.client5.http.wire - http-outgoing-1 << "[\r][\n]"
21:41:24.940 [docker-java-stream--2064336329] DEBUG com.github.dockerjava.api.command.PullImageResultCallback - ResponseItem(stream=null, status=Extracting, progressDetail=ResponseItem.ProgressDetail(current=59047936, total=108571409, start=null), progress=[===========================>                       ]  59.05MB/108.6MB, id=a35465a6a76a, from=null, time=null, errorDetail=null, error=null, aux=null)
21:41:27.375 [docker-java-stream--2064336329] DEBUG com.github.dockerjava.zerodep.shaded.org.apache.hc.client5.http.wire - http-outgoing-1 << "be[\r][\n]"
21:41:27.375 [docker-java-stream--2064336329] DEBUG com.github.dockerjava.zerodep.shaded.org.apache.hc.client5.http.wire - http-outgoing-1 << "{"status":"Extracting","progressDetail":{"current":59604992,"total":108571409},"progress":"[===========================\u003e                       ]   59.6MB/108.6MB","id":"a35465a6a76a"}[\r][\n]"
21:41:27.375 [docker-java-stream--2064336329] DEBUG com.github.dockerjava.zerodep.shaded.org.apache.hc.client5.http.wire - http-outgoing-1 << "[\r][\n]"
21:41:27.375 [docker-java-stream--2064336329] DEBUG com.github.dockerjava.api.command.PullImageResultCallback - ResponseItem(stream=null, status=Extracting, progressDetail=ResponseItem.ProgressDetail(current=59604992, total=108571409, start=null), progress=[===========================>                       ]   59.6MB/108.6MB, id=a35465a6a76a, from=null, time=null, errorDetail=null, error=null, aux=null)
21:41:31.224 [docker-java-stream--2064336329] DEBUG com.github.dockerjava.zerodep.shaded.org.apache.hc.client5.http.wire - http-outgoing-1 << "be[\r][\n]"
21:41:31.225 [docker-java-stream--2064336329] DEBUG com.github.dockerjava.zerodep.shaded.org.apache.hc.client5.http.wire - http-outgoing-1 << "{"status":"Extracting","progressDetail":{"current":60162048,"total":108571409},"progress":"[===========================\u003e                       ]  60.16MB/108.6MB","id":"a35465a6a76a"}[\r][\n]"
21:41:31.225 [docker-java-stream--2064336329] DEBUG com.github.dockerjava.zerodep.shaded.org.apache.hc.client5.http.wire - http-outgoing-1 << "[\r][\n]"
21:41:31.225 [docker-java-stream--2064336329] DEBUG com.github.dockerjava.api.command.PullImageResultCallback - ResponseItem(stream=null, status=Extracting, progressDetail=ResponseItem.ProgressDetail(current=60162048, total=108571409, start=null), progress=[===========================>                       ]  60.16MB/108.6MB, id=a35465a6a76a, from=null, time=null, errorDetail=null, error=null, aux=null)
21:41:33.662 [docker-java-stream--2064336329] DEBUG com.github.dockerjava.zerodep.shaded.org.apache.hc.client5.http.wire - http-outgoing-1 << "be[\r][\n]"
21:41:33.662 [docker-java-stream--2064336329] DEBUG com.github.dockerjava.zerodep.shaded.org.apache.hc.client5.http.wire - http-outgoing-1 << "{"status":"Extracting","progressDetail":{"current":60719104,"total":108571409},"progress":"[===========================\u003e                       ]  60.72MB/108.6MB","id":"a35465a6a76a"}[\r][\n]"
21:41:33.662 [docker-java-stream--2064336329] DEBUG com.github.dockerjava.zerodep.shaded.org.apache.hc.client5.http.wire - http-outgoing-1 << "[\r][\n]"
21:41:33.662 [docker-java-stream--2064336329] DEBUG com.github.dockerjava.api.command.PullImageResultCallback - ResponseItem(stream=null, status=Extracting, progressDetail=ResponseItem.ProgressDetail(current=60719104, total=108571409, start=null), progress=[===========================>                       ]  60.72MB/108.6MB, id=a35465a6a76a, from=null, time=null, errorDetail=null, error=null, aux=null)
21:41:38.455 [docker-java-stream--2064336329] DEBUG com.github.dockerjava.zerodep.shaded.org.apache.hc.client5.http.wire - http-outgoing-1 << "be[\r][\n]"
21:41:38.455 [docker-java-stream--2064336329] DEBUG com.github.dockerjava.zerodep.shaded.org.apache.hc.client5.http.wire - http-outgoing-1 << "{"status":"Extracting","progressDetail":{"current":61276160,"total":108571409},"progress":"[============================\u003e                      ]  61.28MB/108.6MB","id":"a35465a6a76a"}[\r][\n]"
21:41:38.455 [docker-java-stream--2064336329] DEBUG com.github.dockerjava.zerodep.shaded.org.apache.hc.client5.http.wire - http-outgoing-1 << "[\r][\n]"
21:41:38.455 [docker-java-stream--2064336329] DEBUG com.github.dockerjava.api.command.PullImageResultCallback - ResponseItem(stream=null, status=Extracting, progressDetail=ResponseItem.ProgressDetail(current=61276160, total=108571409, start=null), progress=[============================>                      ]  61.28MB/108.6MB, id=a35465a6a76a, from=null, time=null, errorDetail=null, error=null, aux=null)
21:41:42.287 [docker-java-stream--2064336329] DEBUG com.github.dockerjava.zerodep.shaded.org.apache.hc.client5.http.wire - http-outgoing-1 << "be[\r][\n]"
21:41:42.287 [docker-java-stream--2064336329] DEBUG com.github.dockerjava.zerodep.shaded.org.apache.hc.client5.http.wire - http-outgoing-1 << "{"status":"Extracting","progressDetail":{"current":61833216,"total":108571409},"progress":"[============================\u003e                      ]  61.83MB/108.6MB","id":"a35465a6a76a"}[\r][\n]"
21:41:42.287 [docker-java-stream--2064336329] DEBUG com.github.dockerjava.zerodep.shaded.org.apache.hc.client5.http.wire - http-outgoing-1 << "[\r][\n]"
21:41:42.287 [docker-java-stream--2064336329] DEBUG com.github.dockerjava.api.command.PullImageResultCallback - ResponseItem(stream=null, status=Extracting, progressDetail=ResponseItem.ProgressDetail(current=61833216, total=108571409, start=null), progress=[============================>                      ]  61.83MB/108.6MB, id=a35465a6a76a, from=null, time=null, errorDetail=null, error=null, aux=null)
21:41:42.717 [docker-java-stream--2064336329] DEBUG com.github.dockerjava.zerodep.shaded.org.apache.hc.client5.http.wire - http-outgoing-1 << "be[\r][\n]"
21:41:42.717 [docker-java-stream--2064336329] DEBUG com.github.dockerjava.zerodep.shaded.org.apache.hc.client5.http.wire - http-outgoing-1 << "{"status":"Extracting","progressDetail":{"current":62390272,"total":108571409},"progress":"[============================\u003e                      ]  62.39MB/108.6MB","id":"a35465a6a76a"}[\r][\n]"
21:41:42.717 [docker-java-stream--2064336329] DEBUG com.github.dockerjava.zerodep.shaded.org.apache.hc.client5.http.wire - http-outgoing-1 << "[\r][\n]"
21:41:42.717 [docker-java-stream--2064336329] DEBUG com.github.dockerjava.api.command.PullImageResultCallback - ResponseItem(stream=null, status=Extracting, progressDetail=ResponseItem.ProgressDetail(current=62390272, total=108571409, start=null), progress=[============================>                      ]  62.39MB/108.6MB, id=a35465a6a76a, from=null, time=null, errorDetail=null, error=null, aux=null)
21:41:43.173 [docker-java-stream--2064336329] DEBUG com.github.dockerjava.zerodep.shaded.org.apache.hc.client5.http.wire - http-outgoing-1 << "be[\r][\n]"
21:41:43.173 [docker-java-stream--2064336329] DEBUG com.github.dockerjava.zerodep.shaded.org.apache.hc.client5.http.wire - http-outgoing-1 << "{"status":"Extracting","progressDetail":{"current":62947328,"total":108571409},"progress":"[============================\u003e                      ]  62.95MB/108.6MB","id":"a35465a6a76a"}[\r][\n]"
21:41:43.173 [docker-java-stream--2064336329] DEBUG com.github.dockerjava.zerodep.shaded.org.apache.hc.client5.http.wire - http-outgoing-1 << "[\r][\n]"
21:41:43.173 [docker-java-stream--2064336329] DEBUG com.github.dockerjava.api.command.PullImageResultCallback - ResponseItem(stream=null, status=Extracting, progressDetail=ResponseItem.ProgressDetail(current=62947328, total=108571409, start=null), progress=[============================>                      ]  62.95MB/108.6MB, id=a35465a6a76a, from=null, time=null, errorDetail=null, error=null, aux=null)
21:41:44.161 [docker-java-stream--2064336329] DEBUG com.github.dockerjava.zerodep.shaded.org.apache.hc.client5.http.wire - http-outgoing-1 << "be[\r][\n]"
21:41:44.161 [docker-java-stream--2064336329] DEBUG com.github.dockerjava.zerodep.shaded.org.apache.hc.client5.http.wire - http-outgoing-1 << "{"status":"Extracting","progressDetail":{"current":63504384,"total":108571409},"progress":"[=============================\u003e                     ]   63.5MB/108.6MB","id":"a35465a6a76a"}[\r][\n]"
21:41:44.161 [docker-java-stream--2064336329] DEBUG com.github.dockerjava.zerodep.shaded.org.apache.hc.client5.http.wire - http-outgoing-1 << "[\r][\n]"
21:41:44.162 [docker-java-stream--2064336329] DEBUG com.github.dockerjava.api.command.PullImageResultCallback - ResponseItem(stream=null, status=Extracting, progressDetail=ResponseItem.ProgressDetail(current=63504384, total=108571409, start=null), progress=[=============================>                     ]   63.5MB/108.6MB, id=a35465a6a76a, from=null, time=null, errorDetail=null, error=null, aux=null)
21:41:44.408 [docker-java-stream--2064336329] DEBUG com.github.dockerjava.zerodep.shaded.org.apache.hc.client5.http.wire - http-outgoing-1 << "be[\r][\n]"
21:41:44.410 [docker-java-stream--2064336329] DEBUG com.github.dockerjava.zerodep.shaded.org.apache.hc.client5.http.wire - http-outgoing-1 << "{"status":"Extracting","progressDetail":{"current":64061440,"total":108571409},"progress":"[=============================\u003e                     ]  64.06MB/108.6MB","id":"a35465a6a76a"}[\r][\n]"
21:41:44.410 [docker-java-stream--2064336329] DEBUG com.github.dockerjava.zerodep.shaded.org.apache.hc.client5.http.wire - http-outgoing-1 << "[\r][\n]"
21:41:44.410 [docker-java-stream--2064336329] DEBUG com.github.dockerjava.api.command.PullImageResultCallback - ResponseItem(stream=null, status=Extracting, progressDetail=ResponseItem.ProgressDetail(current=64061440, total=108571409, start=null), progress=[=============================>                     ]  64.06MB/108.6MB, id=a35465a6a76a, from=null, time=null, errorDetail=null, error=null, aux=null)
21:41:45.584 [docker-java-stream--2064336329] DEBUG com.github.dockerjava.zerodep.shaded.org.apache.hc.client5.http.wire - http-outgoing-1 << "be[\r][\n]"
21:41:45.584 [docker-java-stream--2064336329] DEBUG com.github.dockerjava.zerodep.shaded.org.apache.hc.client5.http.wire - http-outgoing-1 << "{"status":"Extracting","progressDetail":{"current":64618496,"total":108571409},"progress":"[=============================\u003e                     ]  64.62MB/108.6MB","id":"a35465a6a76a"}[\r][\n]"
21:41:45.584 [docker-java-stream--2064336329] DEBUG com.github.dockerjava.zerodep.shaded.org.apache.hc.client5.http.wire - http-outgoing-1 << "[\r][\n]"
21:41:45.585 [docker-java-stream--2064336329] DEBUG com.github.dockerjava.api.command.PullImageResultCallback - ResponseItem(stream=null, status=Extracting, progressDetail=ResponseItem.ProgressDetail(current=64618496, total=108571409, start=null), progress=[=============================>                     ]  64.62MB/108.6MB, id=a35465a6a76a, from=null, time=null, errorDetail=null, error=null, aux=null)
21:41:46.881 [docker-java-stream--2064336329] DEBUG com.github.dockerjava.zerodep.shaded.org.apache.hc.client5.http.wire - http-outgoing-1 << "be[\r][\n]"
21:41:46.881 [docker-java-stream--2064336329] DEBUG com.github.dockerjava.zerodep.shaded.org.apache.hc.client5.http.wire - http-outgoing-1 << "{"status":"Extracting","progressDetail":{"current":65175552,"total":108571409},"progress":"[==============================\u003e                    ]  65.18MB/108.6MB","id":"a35465a6a76a"}[\r][\n]"
21:41:46.881 [docker-java-stream--2064336329] DEBUG com.github.dockerjava.zerodep.shaded.org.apache.hc.client5.http.wire - http-outgoing-1 << "[\r][\n]"
21:41:46.882 [docker-java-stream--2064336329] DEBUG com.github.dockerjava.api.command.PullImageResultCallback - ResponseItem(stream=null, status=Extracting, progressDetail=ResponseItem.ProgressDetail(current=65175552, total=108571409, start=null), progress=[==============================>                    ]  65.18MB/108.6MB, id=a35465a6a76a, from=null, time=null, errorDetail=null, error=null, aux=null)
21:41:48.448 [docker-java-stream--2064336329] DEBUG com.github.dockerjava.zerodep.shaded.org.apache.hc.client5.http.wire - http-outgoing-1 << "be[\r][\n]"
21:41:48.448 [docker-java-stream--2064336329] DEBUG com.github.dockerjava.zerodep.shaded.org.apache.hc.client5.http.wire - http-outgoing-1 << "{"status":"Extracting","progressDetail":{"current":65732608,"total":108571409},"progress":"[==============================\u003e                    ]  65.73MB/108.6MB","id":"a35465a6a76a"}[\r][\n]"
21:41:48.448 [docker-java-stream--2064336329] DEBUG com.github.dockerjava.zerodep.shaded.org.apache.hc.client5.http.wire - http-outgoing-1 << "[\r][\n]"
21:41:48.449 [docker-java-stream--2064336329] DEBUG com.github.dockerjava.api.command.PullImageResultCallback - ResponseItem(stream=null, status=Extracting, progressDetail=ResponseItem.ProgressDetail(current=65732608, total=108571409, start=null), progress=[==============================>                    ]  65.73MB/108.6MB, id=a35465a6a76a, from=null, time=null, errorDetail=null, error=null, aux=null)
21:41:56.447 [docker-java-stream--2064336329] DEBUG com.github.dockerjava.zerodep.shaded.org.apache.hc.client5.http.wire - http-outgoing-1 << "be[\r][\n]"
21:41:56.447 [docker-java-stream--2064336329] DEBUG com.github.dockerjava.zerodep.shaded.org.apache.hc.client5.http.wire - http-outgoing-1 << "{"status":"Extracting","progressDetail":{"current":66289664,"total":108571409},"progress":"[==============================\u003e                    ]  66.29MB/108.6MB","id":"a35465a6a76a"}[\r][\n]"
21:41:56.448 [docker-java-stream--2064336329] DEBUG com.github.dockerjava.zerodep.shaded.org.apache.hc.client5.http.wire - http-outgoing-1 << "[\r][\n]"
21:41:56.448 [docker-java-stream--2064336329] DEBUG com.github.dockerjava.api.command.PullImageResultCallback - ResponseItem(stream=null, status=Extracting, progressDetail=ResponseItem.ProgressDetail(current=66289664, total=108571409, start=null), progress=[==============================>                    ]  66.29MB/108.6MB, id=a35465a6a76a, from=null, time=null, errorDetail=null, error=null, aux=null)
21:41:58.396 [docker-java-stream--2064336329] DEBUG com.github.dockerjava.zerodep.shaded.org.apache.hc.client5.http.wire - http-outgoing-1 << "be[\r][\n]"
21:41:58.396 [docker-java-stream--2064336329] DEBUG com.github.dockerjava.zerodep.shaded.org.apache.hc.client5.http.wire - http-outgoing-1 << "{"status":"Extracting","progressDetail":{"current":66846720,"total":108571409},"progress":"[==============================\u003e                    ]  66.85MB/108.6MB","id":"a35465a6a76a"}[\r][\n]"
21:41:58.396 [docker-java-stream--2064336329] DEBUG com.github.dockerjava.zerodep.shaded.org.apache.hc.client5.http.wire - http-outgoing-1 << "[\r][\n]"
21:41:58.407 [docker-java-stream--2064336329] DEBUG com.github.dockerjava.api.command.PullImageResultCallback - ResponseItem(stream=null, status=Extracting, progressDetail=ResponseItem.ProgressDetail(current=66846720, total=108571409, start=null), progress=[==============================>                    ]  66.85MB/108.6MB, id=a35465a6a76a, from=null, time=null, errorDetail=null, error=null, aux=null)
21:41:58.741 [docker-java-stream--2064336329] DEBUG com.github.dockerjava.zerodep.shaded.org.apache.hc.client5.http.wire - http-outgoing-1 << "be[\r][\n]"
21:41:58.741 [docker-java-stream--2064336329] DEBUG com.github.dockerjava.zerodep.shaded.org.apache.hc.client5.http.wire - http-outgoing-1 << "{"status":"Extracting","progressDetail":{"current":67403776,"total":108571409},"progress":"[===============================\u003e                   ]   67.4MB/108.6MB","id":"a35465a6a76a"}[\r][\n]"
21:41:58.741 [docker-java-stream--2064336329] DEBUG com.github.dockerjava.zerodep.shaded.org.apache.hc.client5.http.wire - http-outgoing-1 << "[\r][\n]"
21:41:58.741 [docker-java-stream--2064336329] DEBUG com.github.dockerjava.api.command.PullImageResultCallback - ResponseItem(stream=null, status=Extracting, progressDetail=ResponseItem.ProgressDetail(current=67403776, total=108571409, start=null), progress=[===============================>                   ]   67.4MB/108.6MB, id=a35465a6a76a, from=null, time=null, errorDetail=null, error=null, aux=null)
21:41:59.283 [docker-java-stream--2064336329] DEBUG com.github.dockerjava.zerodep.shaded.org.apache.hc.client5.http.wire - http-outgoing-1 << "be[\r][\n]"
21:41:59.283 [docker-java-stream--2064336329] DEBUG com.github.dockerjava.zerodep.shaded.org.apache.hc.client5.http.wire - http-outgoing-1 << "{"status":"Extracting","progressDetail":{"current":67960832,"total":108571409},"progress":"[===============================\u003e                   ]  67.96MB/108.6MB","id":"a35465a6a76a"}[\r][\n]"
21:41:59.283 [docker-java-stream--2064336329] DEBUG com.github.dockerjava.zerodep.shaded.org.apache.hc.client5.http.wire - http-outgoing-1 << "[\r][\n]"
21:41:59.284 [docker-java-stream--2064336329] DEBUG com.github.dockerjava.api.command.PullImageResultCallback - ResponseItem(stream=null, status=Extracting, progressDetail=ResponseItem.ProgressDetail(current=67960832, total=108571409, start=null), progress=[===============================>                   ]  67.96MB/108.6MB, id=a35465a6a76a, from=null, time=null, errorDetail=null, error=null, aux=null)
21:41:59.496 [docker-java-stream--2064336329] DEBUG com.github.dockerjava.zerodep.shaded.org.apache.hc.client5.http.wire - http-outgoing-1 << "be[\r][\n]"
21:41:59.496 [docker-java-stream--2064336329] DEBUG com.github.dockerjava.zerodep.shaded.org.apache.hc.client5.http.wire - http-outgoing-1 << "{"status":"Extracting","progressDetail":{"current":68517888,"total":108571409},"progress":"[===============================\u003e                   ]  68.52MB/108.6MB","id":"a35465a6a76a"}[\r][\n]"
21:41:59.496 [docker-java-stream--2064336329] DEBUG com.github.dockerjava.zerodep.shaded.org.apache.hc.client5.http.wire - http-outgoing-1 << "[\r][\n]"
21:41:59.497 [docker-java-stream--2064336329] DEBUG com.github.dockerjava.api.command.PullImageResultCallback - ResponseItem(stream=null, status=Extracting, progressDetail=ResponseItem.ProgressDetail(current=68517888, total=108571409, start=null), progress=[===============================>                   ]  68.52MB/108.6MB, id=a35465a6a76a, from=null, time=null, errorDetail=null, error=null, aux=null)
21:41:59.869 [docker-java-stream--2064336329] DEBUG com.github.dockerjava.zerodep.shaded.org.apache.hc.client5.http.wire - http-outgoing-1 << "be[\r][\n]"
21:41:59.869 [docker-java-stream--2064336329] DEBUG com.github.dockerjava.zerodep.shaded.org.apache.hc.client5.http.wire - http-outgoing-1 << "{"status":"Extracting","progressDetail":{"current":69074944,"total":108571409},"progress":"[===============================\u003e                   ]  69.07MB/108.6MB","id":"a35465a6a76a"}[\r][\n]"
21:41:59.869 [docker-java-stream--2064336329] DEBUG com.github.dockerjava.zerodep.shaded.org.apache.hc.client5.http.wire - http-outgoing-1 << "[\r][\n]"
21:41:59.870 [docker-java-stream--2064336329] DEBUG com.github.dockerjava.api.command.PullImageResultCallback - ResponseItem(stream=null, status=Extracting, progressDetail=ResponseItem.ProgressDetail(current=69074944, total=108571409, start=null), progress=[===============================>                   ]  69.07MB/108.6MB, id=a35465a6a76a, from=null, time=null, errorDetail=null, error=null, aux=null)
21:42:02.113 [docker-java-stream--2064336329] DEBUG com.github.dockerjava.zerodep.shaded.org.apache.hc.client5.http.wire - http-outgoing-1 << "be[\r][\n]"
21:42:02.113 [docker-java-stream--2064336329] DEBUG com.github.dockerjava.zerodep.shaded.org.apache.hc.client5.http.wire - http-outgoing-1 << "{"status":"Extracting","progressDetail":{"current":69632000,"total":108571409},"progress":"[================================\u003e                  ]  69.63MB/108.6MB","id":"a35465a6a76a"}[\r][\n]"
21:42:02.113 [docker-java-stream--2064336329] DEBUG com.github.dockerjava.zerodep.shaded.org.apache.hc.client5.http.wire - http-outgoing-1 << "[\r][\n]"
21:42:02.113 [docker-java-stream--2064336329] DEBUG com.github.dockerjava.api.command.PullImageResultCallback - ResponseItem(stream=null, status=Extracting, progressDetail=ResponseItem.ProgressDetail(current=69632000, total=108571409, start=null), progress=[================================>                  ]  69.63MB/108.6MB, id=a35465a6a76a, from=null, time=null, errorDetail=null, error=null, aux=null)
21:42:03.790 [docker-java-stream--2064336329] DEBUG com.github.dockerjava.zerodep.shaded.org.apache.hc.client5.http.wire - http-outgoing-1 << "be[\r][\n]"
21:42:03.790 [docker-java-stream--2064336329] DEBUG com.github.dockerjava.zerodep.shaded.org.apache.hc.client5.http.wire - http-outgoing-1 << "{"status":"Extracting","progressDetail":{"current":70189056,"total":108571409},"progress":"[================================\u003e                  ]  70.19MB/108.6MB","id":"a35465a6a76a"}[\r][\n]"
21:42:03.791 [docker-java-stream--2064336329] DEBUG com.github.dockerjava.zerodep.shaded.org.apache.hc.client5.http.wire - http-outgoing-1 << "[\r][\n]"
21:42:03.791 [docker-java-stream--2064336329] DEBUG com.github.dockerjava.api.command.PullImageResultCallback - ResponseItem(stream=null, status=Extracting, progressDetail=ResponseItem.ProgressDetail(current=70189056, total=108571409, start=null), progress=[================================>                  ]  70.19MB/108.6MB, id=a35465a6a76a, from=null, time=null, errorDetail=null, error=null, aux=null)
21:42:04.418 [docker-java-stream--2064336329] DEBUG com.github.dockerjava.zerodep.shaded.org.apache.hc.client5.http.wire - http-outgoing-1 << "be[\r][\n]"
21:42:04.418 [docker-java-stream--2064336329] DEBUG com.github.dockerjava.zerodep.shaded.org.apache.hc.client5.http.wire - http-outgoing-1 << "{"status":"Extracting","progressDetail":{"current":70746112,"total":108571409},"progress":"[================================\u003e                  ]  70.75MB/108.6MB","id":"a35465a6a76a"}[\r][\n]"
21:42:04.418 [docker-java-stream--2064336329] DEBUG com.github.dockerjava.zerodep.shaded.org.apache.hc.client5.http.wire - http-outgoing-1 << "[\r][\n]"
21:42:04.418 [docker-java-stream--2064336329] DEBUG com.github.dockerjava.api.command.PullImageResultCallback - ResponseItem(stream=null, status=Extracting, progressDetail=ResponseItem.ProgressDetail(current=70746112, total=108571409, start=null), progress=[================================>                  ]  70.75MB/108.6MB, id=a35465a6a76a, from=null, time=null, errorDetail=null, error=null, aux=null)
21:42:05.354 [docker-java-stream--2064336329] DEBUG com.github.dockerjava.zerodep.shaded.org.apache.hc.client5.http.wire - http-outgoing-1 << "be[\r][\n]"
21:42:05.354 [docker-java-stream--2064336329] DEBUG com.github.dockerjava.zerodep.shaded.org.apache.hc.client5.http.wire - http-outgoing-1 << "{"status":"Extracting","progressDetail":{"current":71303168,"total":108571409},"progress":"[================================\u003e                  ]   71.3MB/108.6MB","id":"a35465a6a76a"}[\r][\n]"
21:42:05.354 [docker-java-stream--2064336329] DEBUG com.github.dockerjava.zerodep.shaded.org.apache.hc.client5.http.wire - http-outgoing-1 << "[\r][\n]"
21:42:05.354 [docker-java-stream--2064336329] DEBUG com.github.dockerjava.api.command.PullImageResultCallback - ResponseItem(stream=null, status=Extracting, progressDetail=ResponseItem.ProgressDetail(current=71303168, total=108571409, start=null), progress=[================================>                  ]   71.3MB/108.6MB, id=a35465a6a76a, from=null, time=null, errorDetail=null, error=null, aux=null)
21:42:07.490 [docker-java-stream--2064336329] DEBUG com.github.dockerjava.zerodep.shaded.org.apache.hc.client5.http.wire - http-outgoing-1 << "be[\r][\n]"
21:42:07.490 [docker-java-stream--2064336329] DEBUG com.github.dockerjava.zerodep.shaded.org.apache.hc.client5.http.wire - http-outgoing-1 << "{"status":"Extracting","progressDetail":{"current":71860224,"total":108571409},"progress":"[=================================\u003e                 ]  71.86MB/108.6MB","id":"a35465a6a76a"}[\r][\n]"
21:42:07.490 [docker-java-stream--2064336329] DEBUG com.github.dockerjava.zerodep.shaded.org.apache.hc.client5.http.wire - http-outgoing-1 << "[\r][\n]"
21:42:07.490 [docker-java-stream--2064336329] DEBUG com.github.dockerjava.api.command.PullImageResultCallback - ResponseItem(stream=null, status=Extracting, progressDetail=ResponseItem.ProgressDetail(current=71860224, total=108571409, start=null), progress=[=================================>                 ]  71.86MB/108.6MB, id=a35465a6a76a, from=null, time=null, errorDetail=null, error=null, aux=null)
21:42:09.567 [docker-java-stream--2064336329] DEBUG com.github.dockerjava.zerodep.shaded.org.apache.hc.client5.http.wire - http-outgoing-1 << "be[\r][\n]"
21:42:09.567 [docker-java-stream--2064336329] DEBUG com.github.dockerjava.zerodep.shaded.org.apache.hc.client5.http.wire - http-outgoing-1 << "{"status":"Extracting","progressDetail":{"current":72417280,"total":108571409},"progress":"[=================================\u003e                 ]  72.42MB/108.6MB","id":"a35465a6a76a"}[\r][\n]"
21:42:09.567 [docker-java-stream--2064336329] DEBUG com.github.dockerjava.zerodep.shaded.org.apache.hc.client5.http.wire - http-outgoing-1 << "[\r][\n]"
21:42:09.568 [docker-java-stream--2064336329] DEBUG com.github.dockerjava.api.command.PullImageResultCallback - ResponseItem(stream=null, status=Extracting, progressDetail=ResponseItem.ProgressDetail(current=72417280, total=108571409, start=null), progress=[=================================>                 ]  72.42MB/108.6MB, id=a35465a6a76a, from=null, time=null, errorDetail=null, error=null, aux=null)
21:42:10.557 [docker-java-stream--2064336329] DEBUG com.github.dockerjava.zerodep.shaded.org.apache.hc.client5.http.wire - http-outgoing-1 << "be[\r][\n]"
21:42:10.557 [docker-java-stream--2064336329] DEBUG com.github.dockerjava.zerodep.shaded.org.apache.hc.client5.http.wire - http-outgoing-1 << "{"status":"Extracting","progressDetail":{"current":72974336,"total":108571409},"progress":"[=================================\u003e                 ]  72.97MB/108.6MB","id":"a35465a6a76a"}[\r][\n]"
21:42:10.557 [docker-java-stream--2064336329] DEBUG com.github.dockerjava.zerodep.shaded.org.apache.hc.client5.http.wire - http-outgoing-1 << "[\r][\n]"
21:42:10.557 [docker-java-stream--2064336329] DEBUG com.github.dockerjava.api.command.PullImageResultCallback - ResponseItem(stream=null, status=Extracting, progressDetail=ResponseItem.ProgressDetail(current=72974336, total=108571409, start=null), progress=[=================================>                 ]  72.97MB/108.6MB, id=a35465a6a76a, from=null, time=null, errorDetail=null, error=null, aux=null)
21:42:10.999 [docker-java-stream--2064336329] DEBUG com.github.dockerjava.zerodep.shaded.org.apache.hc.client5.http.wire - http-outgoing-1 << "be[\r][\n]"
21:42:10.999 [docker-java-stream--2064336329] DEBUG com.github.dockerjava.zerodep.shaded.org.apache.hc.client5.http.wire - http-outgoing-1 << "{"status":"Extracting","progressDetail":{"current":73531392,"total":108571409},"progress":"[=================================\u003e                 ]  73.53MB/108.6MB","id":"a35465a6a76a"}[\r][\n]"
21:42:10.999 [docker-java-stream--2064336329] DEBUG com.github.dockerjava.zerodep.shaded.org.apache.hc.client5.http.wire - http-outgoing-1 << "[\r][\n]"
21:42:10.999 [docker-java-stream--2064336329] DEBUG com.github.dockerjava.api.command.PullImageResultCallback - ResponseItem(stream=null, status=Extracting, progressDetail=ResponseItem.ProgressDetail(current=73531392, total=108571409, start=null), progress=[=================================>                 ]  73.53MB/108.6MB, id=a35465a6a76a, from=null, time=null, errorDetail=null, error=null, aux=null)
21:42:11.435 [docker-java-stream--2064336329] DEBUG com.github.dockerjava.zerodep.shaded.org.apache.hc.client5.http.wire - http-outgoing-1 << "be[\r][\n]"
21:42:11.435 [docker-java-stream--2064336329] DEBUG com.github.dockerjava.zerodep.shaded.org.apache.hc.client5.http.wire - http-outgoing-1 << "{"status":"Extracting","progressDetail":{"current":74088448,"total":108571409},"progress":"[==================================\u003e                ]  74.09MB/108.6MB","id":"a35465a6a76a"}[\r][\n]"
21:42:11.435 [docker-java-stream--2064336329] DEBUG com.github.dockerjava.zerodep.shaded.org.apache.hc.client5.http.wire - http-outgoing-1 << "[\r][\n]"
21:42:11.436 [docker-java-stream--2064336329] DEBUG com.github.dockerjava.api.command.PullImageResultCallback - ResponseItem(stream=null, status=Extracting, progressDetail=ResponseItem.ProgressDetail(current=74088448, total=108571409, start=null), progress=[==================================>                ]  74.09MB/108.6MB, id=a35465a6a76a, from=null, time=null, errorDetail=null, error=null, aux=null)
21:42:13.680 [docker-java-stream--2064336329] DEBUG com.github.dockerjava.zerodep.shaded.org.apache.hc.client5.http.wire - http-outgoing-1 << "be[\r][\n]"
21:42:13.680 [docker-java-stream--2064336329] DEBUG com.github.dockerjava.zerodep.shaded.org.apache.hc.client5.http.wire - http-outgoing-1 << "{"status":"Extracting","progressDetail":{"current":75202560,"total":108571409},"progress":"[==================================\u003e                ]   75.2MB/108.6MB","id":"a35465a6a76a"}[\r][\n]"
21:42:13.681 [docker-java-stream--2064336329] DEBUG com.github.dockerjava.zerodep.shaded.org.apache.hc.client5.http.wire - http-outgoing-1 << "[\r][\n]"
21:42:13.749 [docker-java-stream--2064336329] DEBUG com.github.dockerjava.api.command.PullImageResultCallback - ResponseItem(stream=null, status=Extracting, progressDetail=ResponseItem.ProgressDetail(current=75202560, total=108571409, start=null), progress=[==================================>                ]   75.2MB/108.6MB, id=a35465a6a76a, from=null, time=null, errorDetail=null, error=null, aux=null)
21:42:14.938 [docker-java-stream--2064336329] DEBUG com.github.dockerjava.zerodep.shaded.org.apache.hc.client5.http.wire - http-outgoing-1 << "be[\r][\n]"
21:42:14.938 [docker-java-stream--2064336329] DEBUG com.github.dockerjava.zerodep.shaded.org.apache.hc.client5.http.wire - http-outgoing-1 << "{"status":"Extracting","progressDetail":{"current":75759616,"total":108571409},"progress":"[==================================\u003e                ]  75.76MB/108.6MB","id":"a35465a6a76a"}[\r][\n]"
21:42:14.938 [docker-java-stream--2064336329] DEBUG com.github.dockerjava.zerodep.shaded.org.apache.hc.client5.http.wire - http-outgoing-1 << "[\r][\n]"
21:42:14.938 [docker-java-stream--2064336329] DEBUG com.github.dockerjava.api.command.PullImageResultCallback - ResponseItem(stream=null, status=Extracting, progressDetail=ResponseItem.ProgressDetail(current=75759616, total=108571409, start=null), progress=[==================================>                ]  75.76MB/108.6MB, id=a35465a6a76a, from=null, time=null, errorDetail=null, error=null, aux=null)
21:42:15.596 [docker-java-stream--2064336329] DEBUG com.github.dockerjava.zerodep.shaded.org.apache.hc.client5.http.wire - http-outgoing-1 << "be[\r][\n]"
21:42:15.596 [docker-java-stream--2064336329] DEBUG com.github.dockerjava.zerodep.shaded.org.apache.hc.client5.http.wire - http-outgoing-1 << "{"status":"Extracting","progressDetail":{"current":76316672,"total":108571409},"progress":"[===================================\u003e               ]  76.32MB/108.6MB","id":"a35465a6a76a"}[\r][\n]"
21:42:15.596 [docker-java-stream--2064336329] DEBUG com.github.dockerjava.zerodep.shaded.org.apache.hc.client5.http.wire - http-outgoing-1 << "[\r][\n]"
21:42:15.596 [docker-java-stream--2064336329] DEBUG com.github.dockerjava.api.command.PullImageResultCallback - ResponseItem(stream=null, status=Extracting, progressDetail=ResponseItem.ProgressDetail(current=76316672, total=108571409, start=null), progress=[===================================>               ]  76.32MB/108.6MB, id=a35465a6a76a, from=null, time=null, errorDetail=null, error=null, aux=null)
21:42:16.506 [docker-java-stream--2064336329] DEBUG com.github.dockerjava.zerodep.shaded.org.apache.hc.client5.http.wire - http-outgoing-1 << "be[\r][\n]"
21:42:16.506 [docker-java-stream--2064336329] DEBUG com.github.dockerjava.zerodep.shaded.org.apache.hc.client5.http.wire - http-outgoing-1 << "{"status":"Extracting","progressDetail":{"current":76873728,"total":108571409},"progress":"[===================================\u003e               ]  76.87MB/108.6MB","id":"a35465a6a76a"}[\r][\n]"
21:42:16.506 [docker-java-stream--2064336329] DEBUG com.github.dockerjava.zerodep.shaded.org.apache.hc.client5.http.wire - http-outgoing-1 << "[\r][\n]"
21:42:16.506 [docker-java-stream--2064336329] DEBUG com.github.dockerjava.api.command.PullImageResultCallback - ResponseItem(stream=null, status=Extracting, progressDetail=ResponseItem.ProgressDetail(current=76873728, total=108571409, start=null), progress=[===================================>               ]  76.87MB/108.6MB, id=a35465a6a76a, from=null, time=null, errorDetail=null, error=null, aux=null)
21:42:17.609 [docker-java-stream--2064336329] DEBUG com.github.dockerjava.zerodep.shaded.org.apache.hc.client5.http.wire - http-outgoing-1 << "be[\r][\n]"
21:42:17.609 [docker-java-stream--2064336329] DEBUG com.github.dockerjava.zerodep.shaded.org.apache.hc.client5.http.wire - http-outgoing-1 << "{"status":"Extracting","progressDetail":{"current":77430784,"total":108571409},"progress":"[===================================\u003e               ]  77.43MB/108.6MB","id":"a35465a6a76a"}[\r][\n]"
21:42:17.610 [docker-java-stream--2064336329] DEBUG com.github.dockerjava.zerodep.shaded.org.apache.hc.client5.http.wire - http-outgoing-1 << "[\r][\n]"
21:42:17.611 [docker-java-stream--2064336329] DEBUG com.github.dockerjava.api.command.PullImageResultCallback - ResponseItem(stream=null, status=Extracting, progressDetail=ResponseItem.ProgressDetail(current=77430784, total=108571409, start=null), progress=[===================================>               ]  77.43MB/108.6MB, id=a35465a6a76a, from=null, time=null, errorDetail=null, error=null, aux=null)
21:42:19.564 [docker-java-stream--2064336329] DEBUG com.github.dockerjava.zerodep.shaded.org.apache.hc.client5.http.wire - http-outgoing-1 << "be[\r][\n]"
21:42:19.565 [docker-java-stream--2064336329] DEBUG com.github.dockerjava.zerodep.shaded.org.apache.hc.client5.http.wire - http-outgoing-1 << "{"status":"Extracting","progressDetail":{"current":77987840,"total":108571409},"progress":"[===================================\u003e               ]  77.99MB/108.6MB","id":"a35465a6a76a"}[\r][\n]"
21:42:19.565 [docker-java-stream--2064336329] DEBUG com.github.dockerjava.zerodep.shaded.org.apache.hc.client5.http.wire - http-outgoing-1 << "[\r][\n]"
21:42:19.565 [docker-java-stream--2064336329] DEBUG com.github.dockerjava.api.command.PullImageResultCallback - ResponseItem(stream=null, status=Extracting, progressDetail=ResponseItem.ProgressDetail(current=77987840, total=108571409, start=null), progress=[===================================>               ]  77.99MB/108.6MB, id=a35465a6a76a, from=null, time=null, errorDetail=null, error=null, aux=null)
21:42:20.821 [docker-java-stream--2064336329] DEBUG com.github.dockerjava.zerodep.shaded.org.apache.hc.client5.http.wire - http-outgoing-1 << "be[\r][\n]"
21:42:20.821 [docker-java-stream--2064336329] DEBUG com.github.dockerjava.zerodep.shaded.org.apache.hc.client5.http.wire - http-outgoing-1 << "{"status":"Extracting","progressDetail":{"current":78544896,"total":108571409},"progress":"[====================================\u003e              ]  78.54MB/108.6MB","id":"a35465a6a76a"}[\r][\n]"
21:42:20.821 [docker-java-stream--2064336329] DEBUG com.github.dockerjava.zerodep.shaded.org.apache.hc.client5.http.wire - http-outgoing-1 << "[\r][\n]"
21:42:20.821 [docker-java-stream--2064336329] DEBUG com.github.dockerjava.api.command.PullImageResultCallback - ResponseItem(stream=null, status=Extracting, progressDetail=ResponseItem.ProgressDetail(current=78544896, total=108571409, start=null), progress=[====================================>              ]  78.54MB/108.6MB, id=a35465a6a76a, from=null, time=null, errorDetail=null, error=null, aux=null)
21:42:22.484 [docker-java-stream--2064336329] DEBUG com.github.dockerjava.zerodep.shaded.org.apache.hc.client5.http.wire - http-outgoing-1 << "be[\r][\n]"
21:42:22.484 [docker-java-stream--2064336329] DEBUG com.github.dockerjava.zerodep.shaded.org.apache.hc.client5.http.wire - http-outgoing-1 << "{"status":"Extracting","progressDetail":{"current":79101952,"total":108571409},"progress":"[====================================\u003e              ]   79.1MB/108.6MB","id":"a35465a6a76a"}[\r][\n]"
21:42:22.484 [docker-java-stream--2064336329] DEBUG com.github.dockerjava.zerodep.shaded.org.apache.hc.client5.http.wire - http-outgoing-1 << "[\r][\n]"
21:42:22.485 [docker-java-stream--2064336329] DEBUG com.github.dockerjava.api.command.PullImageResultCallback - ResponseItem(stream=null, status=Extracting, progressDetail=ResponseItem.ProgressDetail(current=79101952, total=108571409, start=null), progress=[====================================>              ]   79.1MB/108.6MB, id=a35465a6a76a, from=null, time=null, errorDetail=null, error=null, aux=null)
21:42:22.788 [docker-java-stream--2064336329] DEBUG com.github.dockerjava.zerodep.shaded.org.apache.hc.client5.http.wire - http-outgoing-1 << "be[\r][\n]"
21:42:22.788 [docker-java-stream--2064336329] DEBUG com.github.dockerjava.zerodep.shaded.org.apache.hc.client5.http.wire - http-outgoing-1 << "{"status":"Extracting","progressDetail":{"current":79659008,"total":108571409},"progress":"[====================================\u003e              ]  79.66MB/108.6MB","id":"a35465a6a76a"}[\r][\n]"
21:42:22.788 [docker-java-stream--2064336329] DEBUG com.github.dockerjava.zerodep.shaded.org.apache.hc.client5.http.wire - http-outgoing-1 << "[\r][\n]"
21:42:22.788 [docker-java-stream--2064336329] DEBUG com.github.dockerjava.api.command.PullImageResultCallback - ResponseItem(stream=null, status=Extracting, progressDetail=ResponseItem.ProgressDetail(current=79659008, total=108571409, start=null), progress=[====================================>              ]  79.66MB/108.6MB, id=a35465a6a76a, from=null, time=null, errorDetail=null, error=null, aux=null)
21:42:23.343 [docker-java-stream--2064336329] DEBUG com.github.dockerjava.zerodep.shaded.org.apache.hc.client5.http.wire - http-outgoing-1 << "be[\r][\n]"
21:42:23.343 [docker-java-stream--2064336329] DEBUG com.github.dockerjava.zerodep.shaded.org.apache.hc.client5.http.wire - http-outgoing-1 << "{"status":"Extracting","progressDetail":{"current":80216064,"total":108571409},"progress":"[====================================\u003e              ]  80.22MB/108.6MB","id":"a35465a6a76a"}[\r][\n]"
21:42:23.344 [docker-java-stream--2064336329] DEBUG com.github.dockerjava.zerodep.shaded.org.apache.hc.client5.http.wire - http-outgoing-1 << "[\r][\n]"
21:42:23.344 [docker-java-stream--2064336329] DEBUG com.github.dockerjava.api.command.PullImageResultCallback - ResponseItem(stream=null, status=Extracting, progressDetail=ResponseItem.ProgressDetail(current=80216064, total=108571409, start=null), progress=[====================================>              ]  80.22MB/108.6MB, id=a35465a6a76a, from=null, time=null, errorDetail=null, error=null, aux=null)
21:42:25.850 [docker-java-stream--2064336329] DEBUG com.github.dockerjava.zerodep.shaded.org.apache.hc.client5.http.wire - http-outgoing-1 << "be[\r][\n]"
21:42:25.850 [docker-java-stream--2064336329] DEBUG com.github.dockerjava.zerodep.shaded.org.apache.hc.client5.http.wire - http-outgoing-1 << "{"status":"Extracting","progressDetail":{"current":80773120,"total":108571409},"progress":"[=====================================\u003e             ]  80.77MB/108.6MB","id":"a35465a6a76a"}[\r][\n]"
21:42:25.850 [docker-java-stream--2064336329] DEBUG com.github.dockerjava.zerodep.shaded.org.apache.hc.client5.http.wire - http-outgoing-1 << "[\r][\n]"
21:42:25.932 [docker-java-stream--2064336329] DEBUG com.github.dockerjava.api.command.PullImageResultCallback - ResponseItem(stream=null, status=Extracting, progressDetail=ResponseItem.ProgressDetail(current=80773120, total=108571409, start=null), progress=[=====================================>             ]  80.77MB/108.6MB, id=a35465a6a76a, from=null, time=null, errorDetail=null, error=null, aux=null)
21:42:27.382 [docker-java-stream--2064336329] DEBUG com.github.dockerjava.zerodep.shaded.org.apache.hc.client5.http.wire - http-outgoing-1 << "be[\r][\n]"
21:42:27.383 [docker-java-stream--2064336329] DEBUG com.github.dockerjava.zerodep.shaded.org.apache.hc.client5.http.wire - http-outgoing-1 << "{"status":"Extracting","progressDetail":{"current":81330176,"total":108571409},"progress":"[=====================================\u003e             ]  81.33MB/108.6MB","id":"a35465a6a76a"}[\r][\n]"
21:42:27.383 [docker-java-stream--2064336329] DEBUG com.github.dockerjava.zerodep.shaded.org.apache.hc.client5.http.wire - http-outgoing-1 << "[\r][\n]"
21:42:27.384 [docker-java-stream--2064336329] DEBUG com.github.dockerjava.api.command.PullImageResultCallback - ResponseItem(stream=null, status=Extracting, progressDetail=ResponseItem.ProgressDetail(current=81330176, total=108571409, start=null), progress=[=====================================>             ]  81.33MB/108.6MB, id=a35465a6a76a, from=null, time=null, errorDetail=null, error=null, aux=null)
21:42:27.893 [docker-java-stream--2064336329] DEBUG com.github.dockerjava.zerodep.shaded.org.apache.hc.client5.http.wire - http-outgoing-1 << "be[\r][\n]"
21:42:27.893 [docker-java-stream--2064336329] DEBUG com.github.dockerjava.zerodep.shaded.org.apache.hc.client5.http.wire - http-outgoing-1 << "{"status":"Extracting","progressDetail":{"current":81887232,"total":108571409},"progress":"[=====================================\u003e             ]  81.89MB/108.6MB","id":"a35465a6a76a"}[\r][\n]"
21:42:27.893 [docker-java-stream--2064336329] DEBUG com.github.dockerjava.zerodep.shaded.org.apache.hc.client5.http.wire - http-outgoing-1 << "[\r][\n]"
21:42:27.893 [docker-java-stream--2064336329] DEBUG com.github.dockerjava.api.command.PullImageResultCallback - ResponseItem(stream=null, status=Extracting, progressDetail=ResponseItem.ProgressDetail(current=81887232, total=108571409, start=null), progress=[=====================================>             ]  81.89MB/108.6MB, id=a35465a6a76a, from=null, time=null, errorDetail=null, error=null, aux=null)
21:42:28.287 [docker-java-stream--2064336329] DEBUG com.github.dockerjava.zerodep.shaded.org.apache.hc.client5.http.wire - http-outgoing-1 << "be[\r][\n]"
21:42:28.287 [docker-java-stream--2064336329] DEBUG com.github.dockerjava.zerodep.shaded.org.apache.hc.client5.http.wire - http-outgoing-1 << "{"status":"Extracting","progressDetail":{"current":82444288,"total":108571409},"progress":"[=====================================\u003e             ]  82.44MB/108.6MB","id":"a35465a6a76a"}[\r][\n]"
21:42:28.287 [docker-java-stream--2064336329] DEBUG com.github.dockerjava.zerodep.shaded.org.apache.hc.client5.http.wire - http-outgoing-1 << "[\r][\n]"
21:42:28.288 [docker-java-stream--2064336329] DEBUG com.github.dockerjava.api.command.PullImageResultCallback - ResponseItem(stream=null, status=Extracting, progressDetail=ResponseItem.ProgressDetail(current=82444288, total=108571409, start=null), progress=[=====================================>             ]  82.44MB/108.6MB, id=a35465a6a76a, from=null, time=null, errorDetail=null, error=null, aux=null)
21:42:28.757 [docker-java-stream--2064336329] DEBUG com.github.dockerjava.zerodep.shaded.org.apache.hc.client5.http.wire - http-outgoing-1 << "be[\r][\n]"
21:42:28.757 [docker-java-stream--2064336329] DEBUG com.github.dockerjava.zerodep.shaded.org.apache.hc.client5.http.wire - http-outgoing-1 << "{"status":"Extracting","progressDetail":{"current":83001344,"total":108571409},"progress":"[======================================\u003e            ]     83MB/108.6MB","id":"a35465a6a76a"}[\r][\n]"
21:42:28.770 [docker-java-stream--2064336329] DEBUG com.github.dockerjava.zerodep.shaded.org.apache.hc.client5.http.wire - http-outgoing-1 << "[\r][\n]"
21:42:28.771 [docker-java-stream--2064336329] DEBUG com.github.dockerjava.api.command.PullImageResultCallback - ResponseItem(stream=null, status=Extracting, progressDetail=ResponseItem.ProgressDetail(current=83001344, total=108571409, start=null), progress=[======================================>            ]     83MB/108.6MB, id=a35465a6a76a, from=null, time=null, errorDetail=null, error=null, aux=null)
21:42:29.113 [docker-java-stream--2064336329] DEBUG com.github.dockerjava.zerodep.shaded.org.apache.hc.client5.http.wire - http-outgoing-1 << "be[\r][\n]"
21:42:29.113 [docker-java-stream--2064336329] DEBUG com.github.dockerjava.zerodep.shaded.org.apache.hc.client5.http.wire - http-outgoing-1 << "{"status":"Extracting","progressDetail":{"current":83558400,"total":108571409},"progress":"[======================================\u003e            ]  83.56MB/108.6MB","id":"a35465a6a76a"}[\r][\n]"
21:42:29.113 [docker-java-stream--2064336329] DEBUG com.github.dockerjava.zerodep.shaded.org.apache.hc.client5.http.wire - http-outgoing-1 << "[\r][\n]"
21:42:29.113 [docker-java-stream--2064336329] DEBUG com.github.dockerjava.api.command.PullImageResultCallback - ResponseItem(stream=null, status=Extracting, progressDetail=ResponseItem.ProgressDetail(current=83558400, total=108571409, start=null), progress=[======================================>            ]  83.56MB/108.6MB, id=a35465a6a76a, from=null, time=null, errorDetail=null, error=null, aux=null)
21:42:29.490 [docker-java-stream--2064336329] DEBUG com.github.dockerjava.zerodep.shaded.org.apache.hc.client5.http.wire - http-outgoing-1 << "be[\r][\n]"
21:42:29.491 [docker-java-stream--2064336329] DEBUG com.github.dockerjava.zerodep.shaded.org.apache.hc.client5.http.wire - http-outgoing-1 << "{"status":"Extracting","progressDetail":{"current":84115456,"total":108571409},"progress":"[======================================\u003e            ]  84.12MB/108.6MB","id":"a35465a6a76a"}[\r][\n]"
21:42:29.491 [docker-java-stream--2064336329] DEBUG com.github.dockerjava.zerodep.shaded.org.apache.hc.client5.http.wire - http-outgoing-1 << "[\r][\n]"
21:42:29.491 [docker-java-stream--2064336329] DEBUG com.github.dockerjava.api.command.PullImageResultCallback - ResponseItem(stream=null, status=Extracting, progressDetail=ResponseItem.ProgressDetail(current=84115456, total=108571409, start=null), progress=[======================================>            ]  84.12MB/108.6MB, id=a35465a6a76a, from=null, time=null, errorDetail=null, error=null, aux=null)
21:42:30.169 [docker-java-stream--2064336329] DEBUG com.github.dockerjava.zerodep.shaded.org.apache.hc.client5.http.wire - http-outgoing-1 << "be[\r][\n]"
21:42:30.170 [docker-java-stream--2064336329] DEBUG com.github.dockerjava.zerodep.shaded.org.apache.hc.client5.http.wire - http-outgoing-1 << "{"status":"Extracting","progressDetail":{"current":84672512,"total":108571409},"progress":"[======================================\u003e            ]  84.67MB/108.6MB","id":"a35465a6a76a"}[\r][\n]"
21:42:30.170 [docker-java-stream--2064336329] DEBUG com.github.dockerjava.zerodep.shaded.org.apache.hc.client5.http.wire - http-outgoing-1 << "[\r][\n]"
21:42:30.170 [docker-java-stream--2064336329] DEBUG com.github.dockerjava.api.command.PullImageResultCallback - ResponseItem(stream=null, status=Extracting, progressDetail=ResponseItem.ProgressDetail(current=84672512, total=108571409, start=null), progress=[======================================>            ]  84.67MB/108.6MB, id=a35465a6a76a, from=null, time=null, errorDetail=null, error=null, aux=null)
21:42:31.265 [docker-java-stream--2064336329] DEBUG com.github.dockerjava.zerodep.shaded.org.apache.hc.client5.http.wire - http-outgoing-1 << "be[\r][\n]"
21:42:31.265 [docker-java-stream--2064336329] DEBUG com.github.dockerjava.zerodep.shaded.org.apache.hc.client5.http.wire - http-outgoing-1 << "{"status":"Extracting","progressDetail":{"current":85229568,"total":108571409},"progress":"[=======================================\u003e           ]  85.23MB/108.6MB","id":"a35465a6a76a"}[\r][\n]"
21:42:31.265 [docker-java-stream--2064336329] DEBUG com.github.dockerjava.zerodep.shaded.org.apache.hc.client5.http.wire - http-outgoing-1 << "[\r][\n]"
21:42:31.266 [docker-java-stream--2064336329] DEBUG com.github.dockerjava.api.command.PullImageResultCallback - ResponseItem(stream=null, status=Extracting, progressDetail=ResponseItem.ProgressDetail(current=85229568, total=108571409, start=null), progress=[=======================================>           ]  85.23MB/108.6MB, id=a35465a6a76a, from=null, time=null, errorDetail=null, error=null, aux=null)
21:42:31.976 [docker-java-stream--2064336329] DEBUG com.github.dockerjava.zerodep.shaded.org.apache.hc.client5.http.wire - http-outgoing-1 << "be[\r][\n]"
21:42:31.976 [docker-java-stream--2064336329] DEBUG com.github.dockerjava.zerodep.shaded.org.apache.hc.client5.http.wire - http-outgoing-1 << "{"status":"Extracting","progressDetail":{"current":85786624,"total":108571409},"progress":"[=======================================\u003e           ]  85.79MB/108.6MB","id":"a35465a6a76a"}[\r][\n]"
21:42:31.998 [docker-java-stream--2064336329] DEBUG com.github.dockerjava.zerodep.shaded.org.apache.hc.client5.http.wire - http-outgoing-1 << "[\r][\n]"
21:42:31.998 [docker-java-stream--2064336329] DEBUG com.github.dockerjava.api.command.PullImageResultCallback - ResponseItem(stream=null, status=Extracting, progressDetail=ResponseItem.ProgressDetail(current=85786624, total=108571409, start=null), progress=[=======================================>           ]  85.79MB/108.6MB, id=a35465a6a76a, from=null, time=null, errorDetail=null, error=null, aux=null)
21:42:32.379 [docker-java-stream--2064336329] DEBUG com.github.dockerjava.zerodep.shaded.org.apache.hc.client5.http.wire - http-outgoing-1 << "be[\r][\n]"
21:42:32.379 [docker-java-stream--2064336329] DEBUG com.github.dockerjava.zerodep.shaded.org.apache.hc.client5.http.wire - http-outgoing-1 << "{"status":"Extracting","progressDetail":{"current":86343680,"total":108571409},"progress":"[=======================================\u003e           ]  86.34MB/108.6MB","id":"a35465a6a76a"}[\r][\n]"
21:42:32.379 [docker-java-stream--2064336329] DEBUG com.github.dockerjava.zerodep.shaded.org.apache.hc.client5.http.wire - http-outgoing-1 << "[\r][\n]"
21:42:32.379 [docker-java-stream--2064336329] DEBUG com.github.dockerjava.api.command.PullImageResultCallback - ResponseItem(stream=null, status=Extracting, progressDetail=ResponseItem.ProgressDetail(current=86343680, total=108571409, start=null), progress=[=======================================>           ]  86.34MB/108.6MB, id=a35465a6a76a, from=null, time=null, errorDetail=null, error=null, aux=null)
21:42:32.618 [docker-java-stream--2064336329] DEBUG com.github.dockerjava.zerodep.shaded.org.apache.hc.client5.http.wire - http-outgoing-1 << "be[\r][\n]"
21:42:32.618 [docker-java-stream--2064336329] DEBUG com.github.dockerjava.zerodep.shaded.org.apache.hc.client5.http.wire - http-outgoing-1 << "{"status":"Extracting","progressDetail":{"current":86900736,"total":108571409},"progress":"[========================================\u003e          ]   86.9MB/108.6MB","id":"a35465a6a76a"}[\r][\n]"
21:42:32.618 [docker-java-stream--2064336329] DEBUG com.github.dockerjava.zerodep.shaded.org.apache.hc.client5.http.wire - http-outgoing-1 << "[\r][\n]"
21:42:32.618 [docker-java-stream--2064336329] DEBUG com.github.dockerjava.api.command.PullImageResultCallback - ResponseItem(stream=null, status=Extracting, progressDetail=ResponseItem.ProgressDetail(current=86900736, total=108571409, start=null), progress=[========================================>          ]   86.9MB/108.6MB, id=a35465a6a76a, from=null, time=null, errorDetail=null, error=null, aux=null)
21:42:32.840 [docker-java-stream--2064336329] DEBUG com.github.dockerjava.zerodep.shaded.org.apache.hc.client5.http.wire - http-outgoing-1 << "be[\r][\n]"
21:42:32.841 [docker-java-stream--2064336329] DEBUG com.github.dockerjava.zerodep.shaded.org.apache.hc.client5.http.wire - http-outgoing-1 << "{"status":"Extracting","progressDetail":{"current":87457792,"total":108571409},"progress":"[========================================\u003e          ]  87.46MB/108.6MB","id":"a35465a6a76a"}[\r][\n]"
21:42:32.841 [docker-java-stream--2064336329] DEBUG com.github.dockerjava.zerodep.shaded.org.apache.hc.client5.http.wire - http-outgoing-1 << "[\r][\n]"
21:42:32.841 [docker-java-stream--2064336329] DEBUG com.github.dockerjava.api.command.PullImageResultCallback - ResponseItem(stream=null, status=Extracting, progressDetail=ResponseItem.ProgressDetail(current=87457792, total=108571409, start=null), progress=[========================================>          ]  87.46MB/108.6MB, id=a35465a6a76a, from=null, time=null, errorDetail=null, error=null, aux=null)
21:42:33.008 [docker-java-stream--2064336329] DEBUG com.github.dockerjava.zerodep.shaded.org.apache.hc.client5.http.wire - http-outgoing-1 << "be[\r][\n]"
21:42:33.008 [docker-java-stream--2064336329] DEBUG com.github.dockerjava.zerodep.shaded.org.apache.hc.client5.http.wire - http-outgoing-1 << "{"status":"Extracting","progressDetail":{"current":88014848,"total":108571409},"progress":"[========================================\u003e          ]  88.01MB/108.6MB","id":"a35465a6a76a"}[\r][\n]"
21:42:33.008 [docker-java-stream--2064336329] DEBUG com.github.dockerjava.zerodep.shaded.org.apache.hc.client5.http.wire - http-outgoing-1 << "[\r][\n]"
21:42:33.008 [docker-java-stream--2064336329] DEBUG com.github.dockerjava.api.command.PullImageResultCallback - ResponseItem(stream=null, status=Extracting, progressDetail=ResponseItem.ProgressDetail(current=88014848, total=108571409, start=null), progress=[========================================>          ]  88.01MB/108.6MB, id=a35465a6a76a, from=null, time=null, errorDetail=null, error=null, aux=null)
21:42:33.581 [docker-java-stream--2064336329] DEBUG com.github.dockerjava.zerodep.shaded.org.apache.hc.client5.http.wire - http-outgoing-1 << "be[\r][\n]"
21:42:33.593 [docker-java-stream--2064336329] DEBUG com.github.dockerjava.zerodep.shaded.org.apache.hc.client5.http.wire - http-outgoing-1 << "{"status":"Extracting","progressDetail":{"current":88571904,"total":108571409},"progress":"[========================================\u003e          ]  88.57MB/108.6MB","id":"a35465a6a76a"}[\r][\n]"
21:42:33.593 [docker-java-stream--2064336329] DEBUG com.github.dockerjava.zerodep.shaded.org.apache.hc.client5.http.wire - http-outgoing-1 << "[\r][\n]"
21:42:33.593 [docker-java-stream--2064336329] DEBUG com.github.dockerjava.api.command.PullImageResultCallback - ResponseItem(stream=null, status=Extracting, progressDetail=ResponseItem.ProgressDetail(current=88571904, total=108571409, start=null), progress=[========================================>          ]  88.57MB/108.6MB, id=a35465a6a76a, from=null, time=null, errorDetail=null, error=null, aux=null)
21:42:37.767 [docker-java-stream--2064336329] DEBUG com.github.dockerjava.zerodep.shaded.org.apache.hc.client5.http.wire - http-outgoing-1 << "be[\r][\n]"
21:42:37.818 [docker-java-stream--2064336329] DEBUG com.github.dockerjava.zerodep.shaded.org.apache.hc.client5.http.wire - http-outgoing-1 << "{"status":"Extracting","progressDetail":{"current":89128960,"total":108571409},"progress":"[=========================================\u003e         ]  89.13MB/108.6MB","id":"a35465a6a76a"}[\r][\n]"
21:42:38.071 [docker-java-stream--2064336329] DEBUG com.github.dockerjava.zerodep.shaded.org.apache.hc.client5.http.wire - http-outgoing-1 << "[\r][\n]"
21:42:38.071 [docker-java-stream--2064336329] DEBUG com.github.dockerjava.api.command.PullImageResultCallback - ResponseItem(stream=null, status=Extracting, progressDetail=ResponseItem.ProgressDetail(current=89128960, total=108571409, start=null), progress=[=========================================>         ]  89.13MB/108.6MB, id=a35465a6a76a, from=null, time=null, errorDetail=null, error=null, aux=null)
21:42:41.751 [docker-java-stream--2064336329] DEBUG com.github.dockerjava.zerodep.shaded.org.apache.hc.client5.http.wire - http-outgoing-1 << "be[\r][\n]"
21:42:41.752 [docker-java-stream--2064336329] DEBUG com.github.dockerjava.zerodep.shaded.org.apache.hc.client5.http.wire - http-outgoing-1 << "{"status":"Extracting","progressDetail":{"current":89686016,"total":108571409},"progress":"[=========================================\u003e         ]  89.69MB/108.6MB","id":"a35465a6a76a"}[\r][\n]"
21:42:41.753 [docker-java-stream--2064336329] DEBUG com.github.dockerjava.zerodep.shaded.org.apache.hc.client5.http.wire - http-outgoing-1 << "[\r][\n]"
21:42:41.757 [docker-java-stream--2064336329] DEBUG com.github.dockerjava.api.command.PullImageResultCallback - ResponseItem(stream=null, status=Extracting, progressDetail=ResponseItem.ProgressDetail(current=89686016, total=108571409, start=null), progress=[=========================================>         ]  89.69MB/108.6MB, id=a35465a6a76a, from=null, time=null, errorDetail=null, error=null, aux=null)
21:42:44.427 [docker-java-stream--2064336329] DEBUG com.github.dockerjava.zerodep.shaded.org.apache.hc.client5.http.wire - http-outgoing-1 << "be[\r][\n]"
21:42:44.427 [docker-java-stream--2064336329] DEBUG com.github.dockerjava.zerodep.shaded.org.apache.hc.client5.http.wire - http-outgoing-1 << "{"status":"Extracting","progressDetail":{"current":90243072,"total":108571409},"progress":"[=========================================\u003e         ]  90.24MB/108.6MB","id":"a35465a6a76a"}[\r][\n]"
21:42:44.427 [docker-java-stream--2064336329] DEBUG com.github.dockerjava.zerodep.shaded.org.apache.hc.client5.http.wire - http-outgoing-1 << "[\r][\n]"
21:42:44.428 [docker-java-stream--2064336329] DEBUG com.github.dockerjava.api.command.PullImageResultCallback - ResponseItem(stream=null, status=Extracting, progressDetail=ResponseItem.ProgressDetail(current=90243072, total=108571409, start=null), progress=[=========================================>         ]  90.24MB/108.6MB, id=a35465a6a76a, from=null, time=null, errorDetail=null, error=null, aux=null)
21:42:45.441 [docker-java-stream--2064336329] DEBUG com.github.dockerjava.zerodep.shaded.org.apache.hc.client5.http.wire - http-outgoing-1 << "be[\r][\n]"
21:42:45.441 [docker-java-stream--2064336329] DEBUG com.github.dockerjava.zerodep.shaded.org.apache.hc.client5.http.wire - http-outgoing-1 << "{"status":"Extracting","progressDetail":{"current":90800128,"total":108571409},"progress":"[=========================================\u003e         ]   90.8MB/108.6MB","id":"a35465a6a76a"}[\r][\n]"
21:42:45.441 [docker-java-stream--2064336329] DEBUG com.github.dockerjava.zerodep.shaded.org.apache.hc.client5.http.wire - http-outgoing-1 << "[\r][\n]"
21:42:45.442 [docker-java-stream--2064336329] DEBUG com.github.dockerjava.api.command.PullImageResultCallback - ResponseItem(stream=null, status=Extracting, progressDetail=ResponseItem.ProgressDetail(current=90800128, total=108571409, start=null), progress=[=========================================>         ]   90.8MB/108.6MB, id=a35465a6a76a, from=null, time=null, errorDetail=null, error=null, aux=null)
21:42:47.868 [docker-java-stream--2064336329] DEBUG com.github.dockerjava.zerodep.shaded.org.apache.hc.client5.http.wire - http-outgoing-1 << "be[\r][\n]"
21:42:47.868 [docker-java-stream--2064336329] DEBUG com.github.dockerjava.zerodep.shaded.org.apache.hc.client5.http.wire - http-outgoing-1 << "{"status":"Extracting","progressDetail":{"current":91357184,"total":108571409},"progress":"[==========================================\u003e        ]  91.36MB/108.6MB","id":"a35465a6a76a"}[\r][\n]"
21:42:47.868 [docker-java-stream--2064336329] DEBUG com.github.dockerjava.zerodep.shaded.org.apache.hc.client5.http.wire - http-outgoing-1 << "[\r][\n]"
21:42:47.869 [docker-java-stream--2064336329] DEBUG com.github.dockerjava.api.command.PullImageResultCallback - ResponseItem(stream=null, status=Extracting, progressDetail=ResponseItem.ProgressDetail(current=91357184, total=108571409, start=null), progress=[==========================================>        ]  91.36MB/108.6MB, id=a35465a6a76a, from=null, time=null, errorDetail=null, error=null, aux=null)
21:42:48.569 [docker-java-stream--2064336329] DEBUG com.github.dockerjava.zerodep.shaded.org.apache.hc.client5.http.wire - http-outgoing-1 << "be[\r][\n]"
21:42:48.569 [docker-java-stream--2064336329] DEBUG com.github.dockerjava.zerodep.shaded.org.apache.hc.client5.http.wire - http-outgoing-1 << "{"status":"Extracting","progressDetail":{"current":91914240,"total":108571409},"progress":"[==========================================\u003e        ]  91.91MB/108.6MB","id":"a35465a6a76a"}[\r][\n]"
21:42:48.569 [docker-java-stream--2064336329] DEBUG com.github.dockerjava.zerodep.shaded.org.apache.hc.client5.http.wire - http-outgoing-1 << "[\r][\n]"
21:42:48.569 [docker-java-stream--2064336329] DEBUG com.github.dockerjava.api.command.PullImageResultCallback - ResponseItem(stream=null, status=Extracting, progressDetail=ResponseItem.ProgressDetail(current=91914240, total=108571409, start=null), progress=[==========================================>        ]  91.91MB/108.6MB, id=a35465a6a76a, from=null, time=null, errorDetail=null, error=null, aux=null)
21:43:04.498 [docker-java-stream--2064336329] DEBUG com.github.dockerjava.zerodep.shaded.org.apache.hc.client5.http.wire - http-outgoing-1 << "be[\r][\n]"
21:43:04.498 [docker-java-stream--2064336329] DEBUG com.github.dockerjava.zerodep.shaded.org.apache.hc.client5.http.wire - http-outgoing-1 << "{"status":"Extracting","progressDetail":{"current":92471296,"total":108571409},"progress":"[==========================================\u003e        ]  92.47MB/108.6MB","id":"a35465a6a76a"}[\r][\n]"
21:43:04.498 [docker-java-stream--2064336329] DEBUG com.github.dockerjava.zerodep.shaded.org.apache.hc.client5.http.wire - http-outgoing-1 << "[\r][\n]"
21:43:04.498 [docker-java-stream--2064336329] DEBUG com.github.dockerjava.api.command.PullImageResultCallback - ResponseItem(stream=null, status=Extracting, progressDetail=ResponseItem.ProgressDetail(current=92471296, total=108571409, start=null), progress=[==========================================>        ]  92.47MB/108.6MB, id=a35465a6a76a, from=null, time=null, errorDetail=null, error=null, aux=null)
21:43:15.846 [docker-java-stream--2064336329] DEBUG com.github.dockerjava.zerodep.shaded.org.apache.hc.client5.http.wire - http-outgoing-1 << "be[\r][\n]"
21:43:15.847 [docker-java-stream--2064336329] DEBUG com.github.dockerjava.zerodep.shaded.org.apache.hc.client5.http.wire - http-outgoing-1 << "{"status":"Extracting","progressDetail":{"current":93028352,"total":108571409},"progress":"[==========================================\u003e        ]  93.03MB/108.6MB","id":"a35465a6a76a"}[\r][\n]"
21:43:15.847 [docker-java-stream--2064336329] DEBUG com.github.dockerjava.zerodep.shaded.org.apache.hc.client5.http.wire - http-outgoing-1 << "[\r][\n]"
21:43:15.847 [docker-java-stream--2064336329] DEBUG com.github.dockerjava.api.command.PullImageResultCallback - ResponseItem(stream=null, status=Extracting, progressDetail=ResponseItem.ProgressDetail(current=93028352, total=108571409, start=null), progress=[==========================================>        ]  93.03MB/108.6MB, id=a35465a6a76a, from=null, time=null, errorDetail=null, error=null, aux=null)
21:43:20.781 [docker-java-stream--2064336329] DEBUG com.github.dockerjava.zerodep.shaded.org.apache.hc.client5.http.wire - http-outgoing-1 << "be[\r][\n]"
21:43:20.781 [docker-java-stream--2064336329] DEBUG com.github.dockerjava.zerodep.shaded.org.apache.hc.client5.http.wire - http-outgoing-1 << "{"status":"Extracting","progressDetail":{"current":93585408,"total":108571409},"progress":"[===========================================\u003e       ]  93.59MB/108.6MB","id":"a35465a6a76a"}[\r][\n]"
21:43:20.781 [docker-java-stream--2064336329] DEBUG com.github.dockerjava.zerodep.shaded.org.apache.hc.client5.http.wire - http-outgoing-1 << "[\r][\n]"
21:43:20.782 [docker-java-stream--2064336329] DEBUG com.github.dockerjava.api.command.PullImageResultCallback - ResponseItem(stream=null, status=Extracting, progressDetail=ResponseItem.ProgressDetail(current=93585408, total=108571409, start=null), progress=[===========================================>       ]  93.59MB/108.6MB, id=a35465a6a76a, from=null, time=null, errorDetail=null, error=null, aux=null)
21:43:24.339 [docker-java-stream--2064336329] DEBUG com.github.dockerjava.zerodep.shaded.org.apache.hc.client5.http.wire - http-outgoing-1 << "be[\r][\n]"
21:43:24.339 [docker-java-stream--2064336329] DEBUG com.github.dockerjava.zerodep.shaded.org.apache.hc.client5.http.wire - http-outgoing-1 << "{"status":"Extracting","progressDetail":{"current":94142464,"total":108571409},"progress":"[===========================================\u003e       ]  94.14MB/108.6MB","id":"a35465a6a76a"}[\r][\n]"
21:43:24.339 [docker-java-stream--2064336329] DEBUG com.github.dockerjava.zerodep.shaded.org.apache.hc.client5.http.wire - http-outgoing-1 << "[\r][\n]"
21:43:24.340 [docker-java-stream--2064336329] DEBUG com.github.dockerjava.api.command.PullImageResultCallback - ResponseItem(stream=null, status=Extracting, progressDetail=ResponseItem.ProgressDetail(current=94142464, total=108571409, start=null), progress=[===========================================>       ]  94.14MB/108.6MB, id=a35465a6a76a, from=null, time=null, errorDetail=null, error=null, aux=null)
21:43:27.714 [docker-java-stream--2064336329] DEBUG com.github.dockerjava.zerodep.shaded.org.apache.hc.client5.http.wire - http-outgoing-1 << "be[\r][\n]"
21:43:27.714 [docker-java-stream--2064336329] DEBUG com.github.dockerjava.zerodep.shaded.org.apache.hc.client5.http.wire - http-outgoing-1 << "{"status":"Extracting","progressDetail":{"current":94699520,"total":108571409},"progress":"[===========================================\u003e       ]   94.7MB/108.6MB","id":"a35465a6a76a"}[\r][\n]"
21:43:27.714 [docker-java-stream--2064336329] DEBUG com.github.dockerjava.zerodep.shaded.org.apache.hc.client5.http.wire - http-outgoing-1 << "[\r][\n]"
21:43:27.715 [docker-java-stream--2064336329] DEBUG com.github.dockerjava.api.command.PullImageResultCallback - ResponseItem(stream=null, status=Extracting, progressDetail=ResponseItem.ProgressDetail(current=94699520, total=108571409, start=null), progress=[===========================================>       ]   94.7MB/108.6MB, id=a35465a6a76a, from=null, time=null, errorDetail=null, error=null, aux=null)
21:43:30.262 [docker-java-stream--2064336329] DEBUG com.github.dockerjava.zerodep.shaded.org.apache.hc.client5.http.wire - http-outgoing-1 << "be[\r][\n]"
21:43:30.263 [docker-java-stream--2064336329] DEBUG com.github.dockerjava.zerodep.shaded.org.apache.hc.client5.http.wire - http-outgoing-1 << "{"status":"Extracting","progressDetail":{"current":95256576,"total":108571409},"progress":"[===========================================\u003e       ]  95.26MB/108.6MB","id":"a35465a6a76a"}[\r][\n]"
21:43:30.263 [docker-java-stream--2064336329] DEBUG com.github.dockerjava.zerodep.shaded.org.apache.hc.client5.http.wire - http-outgoing-1 << "[\r][\n]"
21:43:30.264 [docker-java-stream--2064336329] DEBUG com.github.dockerjava.api.command.PullImageResultCallback - ResponseItem(stream=null, status=Extracting, progressDetail=ResponseItem.ProgressDetail(current=95256576, total=108571409, start=null), progress=[===========================================>       ]  95.26MB/108.6MB, id=a35465a6a76a, from=null, time=null, errorDetail=null, error=null, aux=null)
21:43:39.782 [docker-java-stream--2064336329] DEBUG com.github.dockerjava.zerodep.shaded.org.apache.hc.client5.http.wire - http-outgoing-1 << "be[\r][\n]"
21:43:39.782 [docker-java-stream--2064336329] DEBUG com.github.dockerjava.zerodep.shaded.org.apache.hc.client5.http.wire - http-outgoing-1 << "{"status":"Extracting","progressDetail":{"current":95813632,"total":108571409},"progress":"[============================================\u003e      ]  95.81MB/108.6MB","id":"a35465a6a76a"}[\r][\n]"
21:43:39.782 [docker-java-stream--2064336329] DEBUG com.github.dockerjava.zerodep.shaded.org.apache.hc.client5.http.wire - http-outgoing-1 << "[\r][\n]"
21:43:39.782 [docker-java-stream--2064336329] DEBUG com.github.dockerjava.api.command.PullImageResultCallback - ResponseItem(stream=null, status=Extracting, progressDetail=ResponseItem.ProgressDetail(current=95813632, total=108571409, start=null), progress=[============================================>      ]  95.81MB/108.6MB, id=a35465a6a76a, from=null, time=null, errorDetail=null, error=null, aux=null)
21:43:44.748 [docker-java-stream--2064336329] DEBUG com.github.dockerjava.zerodep.shaded.org.apache.hc.client5.http.wire - http-outgoing-1 << "be[\r][\n]"
21:43:44.748 [docker-java-stream--2064336329] DEBUG com.github.dockerjava.zerodep.shaded.org.apache.hc.client5.http.wire - http-outgoing-1 << "{"status":"Extracting","progressDetail":{"current":96370688,"total":108571409},"progress":"[============================================\u003e      ]  96.37MB/108.6MB","id":"a35465a6a76a"}[\r][\n]"
21:43:44.748 [docker-java-stream--2064336329] DEBUG com.github.dockerjava.zerodep.shaded.org.apache.hc.client5.http.wire - http-outgoing-1 << "[\r][\n]"
21:43:44.749 [docker-java-stream--2064336329] DEBUG com.github.dockerjava.api.command.PullImageResultCallback - ResponseItem(stream=null, status=Extracting, progressDetail=ResponseItem.ProgressDetail(current=96370688, total=108571409, start=null), progress=[============================================>      ]  96.37MB/108.6MB, id=a35465a6a76a, from=null, time=null, errorDetail=null, error=null, aux=null)
21:43:49.590 [docker-java-stream--2064336329] DEBUG com.github.dockerjava.zerodep.shaded.org.apache.hc.client5.http.wire - http-outgoing-1 << "be[\r][\n]"
21:43:49.591 [docker-java-stream--2064336329] DEBUG com.github.dockerjava.zerodep.shaded.org.apache.hc.client5.http.wire - http-outgoing-1 << "{"status":"Extracting","progressDetail":{"current":96927744,"total":108571409},"progress":"[============================================\u003e      ]  96.93MB/108.6MB","id":"a35465a6a76a"}[\r][\n]"
21:43:49.591 [docker-java-stream--2064336329] DEBUG com.github.dockerjava.zerodep.shaded.org.apache.hc.client5.http.wire - http-outgoing-1 << "[\r][\n]"
21:43:49.593 [docker-java-stream--2064336329] DEBUG com.github.dockerjava.api.command.PullImageResultCallback - ResponseItem(stream=null, status=Extracting, progressDetail=ResponseItem.ProgressDetail(current=96927744, total=108571409, start=null), progress=[============================================>      ]  96.93MB/108.6MB, id=a35465a6a76a, from=null, time=null, errorDetail=null, error=null, aux=null)
21:43:50.610 [docker-java-stream--2064336329] DEBUG com.github.dockerjava.zerodep.shaded.org.apache.hc.client5.http.wire - http-outgoing-1 << "be[\r][\n]"
21:43:50.611 [docker-java-stream--2064336329] DEBUG com.github.dockerjava.zerodep.shaded.org.apache.hc.client5.http.wire - http-outgoing-1 << "{"status":"Extracting","progressDetail":{"current":97484800,"total":108571409},"progress":"[============================================\u003e      ]  97.48MB/108.6MB","id":"a35465a6a76a"}[\r][\n]"
21:43:50.611 [docker-java-stream--2064336329] DEBUG com.github.dockerjava.zerodep.shaded.org.apache.hc.client5.http.wire - http-outgoing-1 << "[\r][\n]"
21:43:50.611 [docker-java-stream--2064336329] DEBUG com.github.dockerjava.api.command.PullImageResultCallback - ResponseItem(stream=null, status=Extracting, progressDetail=ResponseItem.ProgressDetail(current=97484800, total=108571409, start=null), progress=[============================================>      ]  97.48MB/108.6MB, id=a35465a6a76a, from=null, time=null, errorDetail=null, error=null, aux=null)
21:43:52.551 [docker-java-stream--2064336329] DEBUG com.github.dockerjava.zerodep.shaded.org.apache.hc.client5.http.wire - http-outgoing-1 << "be[\r][\n]"
21:43:52.551 [docker-java-stream--2064336329] DEBUG com.github.dockerjava.zerodep.shaded.org.apache.hc.client5.http.wire - http-outgoing-1 << "{"status":"Extracting","progressDetail":{"current":98041856,"total":108571409},"progress":"[=============================================\u003e     ]  98.04MB/108.6MB","id":"a35465a6a76a"}[\r][\n]"
21:43:52.551 [docker-java-stream--2064336329] DEBUG com.github.dockerjava.zerodep.shaded.org.apache.hc.client5.http.wire - http-outgoing-1 << "[\r][\n]"
21:43:52.552 [docker-java-stream--2064336329] DEBUG com.github.dockerjava.api.command.PullImageResultCallback - ResponseItem(stream=null, status=Extracting, progressDetail=ResponseItem.ProgressDetail(current=98041856, total=108571409, start=null), progress=[=============================================>     ]  98.04MB/108.6MB, id=a35465a6a76a, from=null, time=null, errorDetail=null, error=null, aux=null)
21:43:55.050 [docker-java-stream--2064336329] DEBUG com.github.dockerjava.zerodep.shaded.org.apache.hc.client5.http.wire - http-outgoing-1 << "be[\r][\n]"
21:43:55.050 [docker-java-stream--2064336329] DEBUG com.github.dockerjava.zerodep.shaded.org.apache.hc.client5.http.wire - http-outgoing-1 << "{"status":"Extracting","progressDetail":{"current":98598912,"total":108571409},"progress":"[=============================================\u003e     ]   98.6MB/108.6MB","id":"a35465a6a76a"}[\r][\n]"
21:43:55.050 [docker-java-stream--2064336329] DEBUG com.github.dockerjava.zerodep.shaded.org.apache.hc.client5.http.wire - http-outgoing-1 << "[\r][\n]"
21:43:55.050 [docker-java-stream--2064336329] DEBUG com.github.dockerjava.api.command.PullImageResultCallback - ResponseItem(stream=null, status=Extracting, progressDetail=ResponseItem.ProgressDetail(current=98598912, total=108571409, start=null), progress=[=============================================>     ]   98.6MB/108.6MB, id=a35465a6a76a, from=null, time=null, errorDetail=null, error=null, aux=null)
21:43:56.178 [docker-java-stream--2064336329] DEBUG com.github.dockerjava.zerodep.shaded.org.apache.hc.client5.http.wire - http-outgoing-1 << "be[\r][\n]"
21:43:56.178 [docker-java-stream--2064336329] DEBUG com.github.dockerjava.zerodep.shaded.org.apache.hc.client5.http.wire - http-outgoing-1 << "{"status":"Extracting","progressDetail":{"current":99155968,"total":108571409},"progress":"[=============================================\u003e     ]  99.16MB/108.6MB","id":"a35465a6a76a"}[\r][\n]"
21:43:56.178 [docker-java-stream--2064336329] DEBUG com.github.dockerjava.zerodep.shaded.org.apache.hc.client5.http.wire - http-outgoing-1 << "[\r][\n]"
21:43:56.178 [docker-java-stream--2064336329] DEBUG com.github.dockerjava.api.command.PullImageResultCallback - ResponseItem(stream=null, status=Extracting, progressDetail=ResponseItem.ProgressDetail(current=99155968, total=108571409, start=null), progress=[=============================================>     ]  99.16MB/108.6MB, id=a35465a6a76a, from=null, time=null, errorDetail=null, error=null, aux=null)
21:43:57.361 [docker-java-stream--2064336329] DEBUG com.github.dockerjava.zerodep.shaded.org.apache.hc.client5.http.wire - http-outgoing-1 << "be[\r][\n]"
21:43:57.361 [docker-java-stream--2064336329] DEBUG com.github.dockerjava.zerodep.shaded.org.apache.hc.client5.http.wire - http-outgoing-1 << "{"status":"Extracting","progressDetail":{"current":99713024,"total":108571409},"progress":"[=============================================\u003e     ]  99.71MB/108.6MB","id":"a35465a6a76a"}[\r][\n]"
21:43:57.361 [docker-java-stream--2064336329] DEBUG com.github.dockerjava.zerodep.shaded.org.apache.hc.client5.http.wire - http-outgoing-1 << "[\r][\n]"
21:43:57.362 [docker-java-stream--2064336329] DEBUG com.github.dockerjava.api.command.PullImageResultCallback - ResponseItem(stream=null, status=Extracting, progressDetail=ResponseItem.ProgressDetail(current=99713024, total=108571409, start=null), progress=[=============================================>     ]  99.71MB/108.6MB, id=a35465a6a76a, from=null, time=null, errorDetail=null, error=null, aux=null)
21:43:58.419 [docker-java-stream--2064336329] DEBUG com.github.dockerjava.zerodep.shaded.org.apache.hc.client5.http.wire - http-outgoing-1 << "bf[\r][\n]"
21:43:58.419 [docker-java-stream--2064336329] DEBUG com.github.dockerjava.zerodep.shaded.org.apache.hc.client5.http.wire - http-outgoing-1 << "{"status":"Extracting","progressDetail":{"current":100270080,"total":108571409},"progress":"[==============================================\u003e    ]  100.3MB/108.6MB","id":"a35465a6a76a"}[\r][\n]"
21:43:58.419 [docker-java-stream--2064336329] DEBUG com.github.dockerjava.zerodep.shaded.org.apache.hc.client5.http.wire - http-outgoing-1 << "[\r][\n]"
21:43:58.420 [docker-java-stream--2064336329] DEBUG com.github.dockerjava.api.command.PullImageResultCallback - ResponseItem(stream=null, status=Extracting, progressDetail=ResponseItem.ProgressDetail(current=100270080, total=108571409, start=null), progress=[==============================================>    ]  100.3MB/108.6MB, id=a35465a6a76a, from=null, time=null, errorDetail=null, error=null, aux=null)
21:43:59.408 [docker-java-stream--2064336329] DEBUG com.github.dockerjava.zerodep.shaded.org.apache.hc.client5.http.wire - http-outgoing-1 << "bf[\r][\n]"
21:43:59.408 [docker-java-stream--2064336329] DEBUG com.github.dockerjava.zerodep.shaded.org.apache.hc.client5.http.wire - http-outgoing-1 << "{"status":"Extracting","progressDetail":{"current":100827136,"total":108571409},"progress":"[==============================================\u003e    ]  100.8MB/108.6MB","id":"a35465a6a76a"}[\r][\n]"
21:43:59.431 [docker-java-stream--2064336329] DEBUG com.github.dockerjava.zerodep.shaded.org.apache.hc.client5.http.wire - http-outgoing-1 << "[\r][\n]"
21:43:59.431 [docker-java-stream--2064336329] DEBUG com.github.dockerjava.api.command.PullImageResultCallback - ResponseItem(stream=null, status=Extracting, progressDetail=ResponseItem.ProgressDetail(current=100827136, total=108571409, start=null), progress=[==============================================>    ]  100.8MB/108.6MB, id=a35465a6a76a, from=null, time=null, errorDetail=null, error=null, aux=null)
21:44:01.678 [docker-java-stream--2064336329] DEBUG com.github.dockerjava.zerodep.shaded.org.apache.hc.client5.http.wire - http-outgoing-1 << "bf[\r][\n]"
21:44:01.678 [docker-java-stream--2064336329] DEBUG com.github.dockerjava.zerodep.shaded.org.apache.hc.client5.http.wire - http-outgoing-1 << "{"status":"Extracting","progressDetail":{"current":101384192,"total":108571409},"progress":"[==============================================\u003e    ]  101.4MB/108.6MB","id":"a35465a6a76a"}[\r][\n]"
21:44:01.678 [docker-java-stream--2064336329] DEBUG com.github.dockerjava.zerodep.shaded.org.apache.hc.client5.http.wire - http-outgoing-1 << "[\r][\n]"
21:44:01.679 [docker-java-stream--2064336329] DEBUG com.github.dockerjava.api.command.PullImageResultCallback - ResponseItem(stream=null, status=Extracting, progressDetail=ResponseItem.ProgressDetail(current=101384192, total=108571409, start=null), progress=[==============================================>    ]  101.4MB/108.6MB, id=a35465a6a76a, from=null, time=null, errorDetail=null, error=null, aux=null)
21:44:05.658 [docker-java-stream--2064336329] DEBUG com.github.dockerjava.zerodep.shaded.org.apache.hc.client5.http.wire - http-outgoing-1 << "bf[\r][\n]"
21:44:05.658 [docker-java-stream--2064336329] DEBUG com.github.dockerjava.zerodep.shaded.org.apache.hc.client5.http.wire - http-outgoing-1 << "{"status":"Extracting","progressDetail":{"current":101941248,"total":108571409},"progress":"[==============================================\u003e    ]  101.9MB/108.6MB","id":"a35465a6a76a"}[\r][\n]"
21:44:05.658 [docker-java-stream--2064336329] DEBUG com.github.dockerjava.zerodep.shaded.org.apache.hc.client5.http.wire - http-outgoing-1 << "[\r][\n]"
21:44:05.658 [docker-java-stream--2064336329] DEBUG com.github.dockerjava.api.command.PullImageResultCallback - ResponseItem(stream=null, status=Extracting, progressDetail=ResponseItem.ProgressDetail(current=101941248, total=108571409, start=null), progress=[==============================================>    ]  101.9MB/108.6MB, id=a35465a6a76a, from=null, time=null, errorDetail=null, error=null, aux=null)
21:44:07.535 [docker-java-stream--2064336329] DEBUG com.github.dockerjava.zerodep.shaded.org.apache.hc.client5.http.wire - http-outgoing-1 << "bf[\r][\n]"
21:44:07.535 [docker-java-stream--2064336329] DEBUG com.github.dockerjava.zerodep.shaded.org.apache.hc.client5.http.wire - http-outgoing-1 << "{"status":"Extracting","progressDetail":{"current":102498304,"total":108571409},"progress":"[===============================================\u003e   ]  102.5MB/108.6MB","id":"a35465a6a76a"}[\r][\n]"
21:44:07.535 [docker-java-stream--2064336329] DEBUG com.github.dockerjava.zerodep.shaded.org.apache.hc.client5.http.wire - http-outgoing-1 << "[\r][\n]"
21:44:07.535 [docker-java-stream--2064336329] DEBUG com.github.dockerjava.api.command.PullImageResultCallback - ResponseItem(stream=null, status=Extracting, progressDetail=ResponseItem.ProgressDetail(current=102498304, total=108571409, start=null), progress=[===============================================>   ]  102.5MB/108.6MB, id=a35465a6a76a, from=null, time=null, errorDetail=null, error=null, aux=null)
21:44:10.478 [docker-java-stream--2064336329] DEBUG com.github.dockerjava.zerodep.shaded.org.apache.hc.client5.http.wire - http-outgoing-1 << "bf[\r][\n]"
21:44:10.478 [docker-java-stream--2064336329] DEBUG com.github.dockerjava.zerodep.shaded.org.apache.hc.client5.http.wire - http-outgoing-1 << "{"status":"Extracting","progressDetail":{"current":103055360,"total":108571409},"progress":"[===============================================\u003e   ]  103.1MB/108.6MB","id":"a35465a6a76a"}[\r][\n]"
21:44:10.478 [docker-java-stream--2064336329] DEBUG com.github.dockerjava.zerodep.shaded.org.apache.hc.client5.http.wire - http-outgoing-1 << "[\r][\n]"
21:44:10.478 [docker-java-stream--2064336329] DEBUG com.github.dockerjava.api.command.PullImageResultCallback - ResponseItem(stream=null, status=Extracting, progressDetail=ResponseItem.ProgressDetail(current=103055360, total=108571409, start=null), progress=[===============================================>   ]  103.1MB/108.6MB, id=a35465a6a76a, from=null, time=null, errorDetail=null, error=null, aux=null)
21:44:14.524 [docker-java-stream--2064336329] DEBUG com.github.dockerjava.zerodep.shaded.org.apache.hc.client5.http.wire - http-outgoing-1 << "bf[\r][\n]"
21:44:14.524 [docker-java-stream--2064336329] DEBUG com.github.dockerjava.zerodep.shaded.org.apache.hc.client5.http.wire - http-outgoing-1 << "{"status":"Extracting","progressDetail":{"current":103612416,"total":108571409},"progress":"[===============================================\u003e   ]  103.6MB/108.6MB","id":"a35465a6a76a"}[\r][\n]"
21:44:14.524 [docker-java-stream--2064336329] DEBUG com.github.dockerjava.zerodep.shaded.org.apache.hc.client5.http.wire - http-outgoing-1 << "[\r][\n]"
21:44:14.524 [docker-java-stream--2064336329] DEBUG com.github.dockerjava.api.command.PullImageResultCallback - ResponseItem(stream=null, status=Extracting, progressDetail=ResponseItem.ProgressDetail(current=103612416, total=108571409, start=null), progress=[===============================================>   ]  103.6MB/108.6MB, id=a35465a6a76a, from=null, time=null, errorDetail=null, error=null, aux=null)
21:44:21.502 [docker-java-stream--2064336329] DEBUG com.github.dockerjava.zerodep.shaded.org.apache.hc.client5.http.wire - http-outgoing-1 << "bf[\r][\n]"
21:44:21.502 [docker-java-stream--2064336329] DEBUG com.github.dockerjava.zerodep.shaded.org.apache.hc.client5.http.wire - http-outgoing-1 << "{"status":"Extracting","progressDetail":{"current":104169472,"total":108571409},"progress":"[===============================================\u003e   ]  104.2MB/108.6MB","id":"a35465a6a76a"}[\r][\n]"
21:44:21.502 [docker-java-stream--2064336329] DEBUG com.github.dockerjava.zerodep.shaded.org.apache.hc.client5.http.wire - http-outgoing-1 << "[\r][\n]"
21:44:21.504 [docker-java-stream--2064336329] DEBUG com.github.dockerjava.api.command.PullImageResultCallback - ResponseItem(stream=null, status=Extracting, progressDetail=ResponseItem.ProgressDetail(current=104169472, total=108571409, start=null), progress=[===============================================>   ]  104.2MB/108.6MB, id=a35465a6a76a, from=null, time=null, errorDetail=null, error=null, aux=null)
21:44:25.490 [docker-java-stream--2064336329] DEBUG com.github.dockerjava.zerodep.shaded.org.apache.hc.client5.http.wire - http-outgoing-1 << "bf[\r][\n]"
21:44:25.490 [docker-java-stream--2064336329] DEBUG com.github.dockerjava.zerodep.shaded.org.apache.hc.client5.http.wire - http-outgoing-1 << "{"status":"Extracting","progressDetail":{"current":104726528,"total":108571409},"progress":"[================================================\u003e  ]  104.7MB/108.6MB","id":"a35465a6a76a"}[\r][\n]"
21:44:25.490 [docker-java-stream--2064336329] DEBUG com.github.dockerjava.zerodep.shaded.org.apache.hc.client5.http.wire - http-outgoing-1 << "[\r][\n]"
21:44:25.490 [docker-java-stream--2064336329] DEBUG com.github.dockerjava.api.command.PullImageResultCallback - ResponseItem(stream=null, status=Extracting, progressDetail=ResponseItem.ProgressDetail(current=104726528, total=108571409, start=null), progress=[================================================>  ]  104.7MB/108.6MB, id=a35465a6a76a, from=null, time=null, errorDetail=null, error=null, aux=null)
21:44:30.889 [docker-java-stream--2064336329] DEBUG com.github.dockerjava.zerodep.shaded.org.apache.hc.client5.http.wire - http-outgoing-1 << "bf[\r][\n]"
21:44:30.889 [docker-java-stream--2064336329] DEBUG com.github.dockerjava.zerodep.shaded.org.apache.hc.client5.http.wire - http-outgoing-1 << "{"status":"Extracting","progressDetail":{"current":105283584,"total":108571409},"progress":"[================================================\u003e  ]  105.3MB/108.6MB","id":"a35465a6a76a"}[\r][\n]"
21:44:30.889 [docker-java-stream--2064336329] DEBUG com.github.dockerjava.zerodep.shaded.org.apache.hc.client5.http.wire - http-outgoing-1 << "[\r][\n]"
21:44:30.890 [docker-java-stream--2064336329] DEBUG com.github.dockerjava.api.command.PullImageResultCallback - ResponseItem(stream=null, status=Extracting, progressDetail=ResponseItem.ProgressDetail(current=105283584, total=108571409, start=null), progress=[================================================>  ]  105.3MB/108.6MB, id=a35465a6a76a, from=null, time=null, errorDetail=null, error=null, aux=null)
21:44:34.284 [docker-java-stream--2064336329] DEBUG com.github.dockerjava.zerodep.shaded.org.apache.hc.client5.http.wire - http-outgoing-1 << "bf[\r][\n]"
21:44:34.284 [docker-java-stream--2064336329] DEBUG com.github.dockerjava.zerodep.shaded.org.apache.hc.client5.http.wire - http-outgoing-1 << "{"status":"Extracting","progressDetail":{"current":105840640,"total":108571409},"progress":"[================================================\u003e  ]  105.8MB/108.6MB","id":"a35465a6a76a"}[\r][\n]"
21:44:34.284 [docker-java-stream--2064336329] DEBUG com.github.dockerjava.zerodep.shaded.org.apache.hc.client5.http.wire - http-outgoing-1 << "[\r][\n]"
21:44:34.285 [docker-java-stream--2064336329] DEBUG com.github.dockerjava.api.command.PullImageResultCallback - ResponseItem(stream=null, status=Extracting, progressDetail=ResponseItem.ProgressDetail(current=105840640, total=108571409, start=null), progress=[================================================>  ]  105.8MB/108.6MB, id=a35465a6a76a, from=null, time=null, errorDetail=null, error=null, aux=null)
21:44:37.999 [docker-java-stream--2064336329] DEBUG com.github.dockerjava.zerodep.shaded.org.apache.hc.client5.http.wire - http-outgoing-1 << "bf[\r][\n]"
21:44:37.999 [docker-java-stream--2064336329] DEBUG com.github.dockerjava.zerodep.shaded.org.apache.hc.client5.http.wire - http-outgoing-1 << "{"status":"Extracting","progressDetail":{"current":106397696,"total":108571409},"progress":"[================================================\u003e  ]  106.4MB/108.6MB","id":"a35465a6a76a"}[\r][\n]"
21:44:37.999 [docker-java-stream--2064336329] DEBUG com.github.dockerjava.zerodep.shaded.org.apache.hc.client5.http.wire - http-outgoing-1 << "[\r][\n]"
21:44:37.999 [docker-java-stream--2064336329] DEBUG com.github.dockerjava.api.command.PullImageResultCallback - ResponseItem(stream=null, status=Extracting, progressDetail=ResponseItem.ProgressDetail(current=106397696, total=108571409, start=null), progress=[================================================>  ]  106.4MB/108.6MB, id=a35465a6a76a, from=null, time=null, errorDetail=null, error=null, aux=null)
21:44:54.397 [docker-java-stream--2064336329] DEBUG com.github.dockerjava.zerodep.shaded.org.apache.hc.client5.http.wire - http-outgoing-1 << "bf[\r][\n]"
21:44:54.397 [docker-java-stream--2064336329] DEBUG com.github.dockerjava.zerodep.shaded.org.apache.hc.client5.http.wire - http-outgoing-1 << "{"status":"Extracting","progressDetail":{"current":106954752,"total":108571409},"progress":"[=================================================\u003e ]    107MB/108.6MB","id":"a35465a6a76a"}[\r][\n]"
21:44:54.397 [docker-java-stream--2064336329] DEBUG com.github.dockerjava.zerodep.shaded.org.apache.hc.client5.http.wire - http-outgoing-1 << "[\r][\n]"
21:44:54.398 [docker-java-stream--2064336329] DEBUG com.github.dockerjava.api.command.PullImageResultCallback - ResponseItem(stream=null, status=Extracting, progressDetail=ResponseItem.ProgressDetail(current=106954752, total=108571409, start=null), progress=[=================================================> ]    107MB/108.6MB, id=a35465a6a76a, from=null, time=null, errorDetail=null, error=null, aux=null)
21:45:12.114 [docker-java-stream--2064336329] DEBUG com.github.dockerjava.zerodep.shaded.org.apache.hc.client5.http.wire - http-outgoing-1 << "bf[\r][\n]"
21:45:12.114 [docker-java-stream--2064336329] DEBUG com.github.dockerjava.zerodep.shaded.org.apache.hc.client5.http.wire - http-outgoing-1 << "{"status":"Extracting","progressDetail":{"current":107511808,"total":108571409},"progress":"[=================================================\u003e ]  107.5MB/108.6MB","id":"a35465a6a76a"}[\r][\n]"
21:45:12.114 [docker-java-stream--2064336329] DEBUG com.github.dockerjava.zerodep.shaded.org.apache.hc.client5.http.wire - http-outgoing-1 << "[\r][\n]"
21:45:12.114 [docker-java-stream--2064336329] DEBUG com.github.dockerjava.api.command.PullImageResultCallback - ResponseItem(stream=null, status=Extracting, progressDetail=ResponseItem.ProgressDetail(current=107511808, total=108571409, start=null), progress=[=================================================> ]  107.5MB/108.6MB, id=a35465a6a76a, from=null, time=null, errorDetail=null, error=null, aux=null)
21:45:44.420 [testcontainers-pull-watchdog-2] ERROR tc.postgres:16.1 - Docker image pull has not made progress in 30s - aborting pull
21:45:46.827 [docker-java-stream--2064336329] DEBUG com.github.dockerjava.zerodep.shaded.org.apache.hc.client5.http.wire - http-outgoing-1 << "bf[\r][\n]"
21:45:49.614 [docker-java-stream--2064336329] DEBUG com.github.dockerjava.zerodep.shaded.org.apache.hc.client5.http.wire - http-outgoing-1 << "{"status":"Extracting","progressDetail":{"current":108068864,"total":108571409},"progress":"[=================================================\u003e ]  108.1MB/108.6MB","id":"a35465a6a76a"}[\r][\n]"
21:45:49.614 [docker-java-stream--2064336329] DEBUG com.github.dockerjava.zerodep.shaded.org.apache.hc.client5.http.wire - http-outgoing-1 << "[\r][\n]"
21:45:49.615 [docker-java-stream--2064336329] DEBUG com.github.dockerjava.api.command.PullImageResultCallback - ResponseItem(stream=null, status=Extracting, progressDetail=ResponseItem.ProgressDetail(current=108068864, total=108571409, start=null), progress=[=================================================> ]  108.1MB/108.6MB, id=a35465a6a76a, from=null, time=null, errorDetail=null, error=null, aux=null)
21:46:04.594 [docker-java-stream--2064336329] DEBUG com.github.dockerjava.zerodep.shaded.org.apache.hc.client5.http.wire - http-outgoing-1 << "bf[\r][\n]"
21:46:04.595 [docker-java-stream--2064336329] DEBUG com.github.dockerjava.zerodep.shaded.org.apache.hc.client5.http.wire - http-outgoing-1 << "{"status":"Extracting","progressDetail":{"current":108571409,"total":108571409},"progress":"[==================================================\u003e]  108.6MB/108.6MB","id":"a35465a6a76a"}[\r][\n]"
21:46:04.595 [docker-java-stream--2064336329] DEBUG com.github.dockerjava.zerodep.shaded.org.apache.hc.client5.http.wire - http-outgoing-1 << "[\r][\n]"
21:46:04.595 [docker-java-stream--2064336329] DEBUG com.github.dockerjava.api.command.PullImageResultCallback - ResponseItem(stream=null, status=Extracting, progressDetail=ResponseItem.ProgressDetail(current=108571409, total=108571409, start=null), progress=[==================================================>]  108.6MB/108.6MB, id=a35465a6a76a, from=null, time=null, errorDetail=null, error=null, aux=null)
21:46:30.370 [docker-java-stream--2064336329] DEBUG com.github.dockerjava.zerodep.shaded.org.apache.hc.client5.http.wire - http-outgoing-1 << "44[\r][\n]"
21:46:30.370 [docker-java-stream--2064336329] DEBUG com.github.dockerjava.zerodep.shaded.org.apache.hc.client5.http.wire - http-outgoing-1 << "{"status":"Pull complete","progressDetail":{},"id":"a35465a6a76a"}[\r][\n]"
21:46:30.370 [docker-java-stream--2064336329] DEBUG com.github.dockerjava.zerodep.shaded.org.apache.hc.client5.http.wire - http-outgoing-1 << "[\r][\n]"
21:46:30.370 [docker-java-stream--2064336329] DEBUG com.github.dockerjava.api.command.PullImageResultCallback - ResponseItem(stream=null, status=Pull complete, progressDetail=ResponseItem.ProgressDetail(current=null, total=null, start=null), progress=null, id=a35465a6a76a, from=null, time=null, errorDetail=null, error=null, aux=null)
21:46:34.879 [testcontainers-pull-watchdog-2] DEBUG com.github.dockerjava.zerodep.shaded.org.apache.hc.client5.http.impl.classic.InternalHttpClient - ep-0000000E: cancel
21:46:36.061 [testcontainers-pull-watchdog-2] DEBUG com.github.dockerjava.zerodep.shaded.org.apache.hc.client5.http.impl.io.DefaultManagedHttpClientConnection - http-outgoing-1: close connection IMMEDIATE
21:46:36.425 [Test worker] WARN tc.postgres:16.1 - Retrying pull for image: postgres:16.1 (-856s remaining)
21:46:41.486 [testcontainers-pull-watchdog-2] DEBUG com.github.dockerjava.zerodep.shaded.org.apache.hc.client5.http.impl.classic.InternalHttpClient - ep-0000000E: endpoint closed
21:46:41.486 [testcontainers-pull-watchdog-2] DEBUG com.github.dockerjava.zerodep.shaded.org.apache.hc.client5.http.impl.classic.InternalHttpClient - ep-0000000E: discarding endpoint
21:46:41.623 [testcontainers-pull-watchdog-2] DEBUG com.github.dockerjava.zerodep.shaded.org.apache.hc.client5.http.impl.io.PoolingHttpClientConnectionManager - ep-0000000E: releasing endpoint
21:46:41.623 [testcontainers-pull-watchdog-2] DEBUG com.github.dockerjava.zerodep.shaded.org.apache.hc.client5.http.impl.io.PoolingHttpClientConnectionManager - ep-0000000E: connection is not kept alive
21:46:43.293 [testcontainers-pull-watchdog-2] DEBUG com.github.dockerjava.zerodep.shaded.org.apache.hc.client5.http.impl.io.PoolingHttpClientConnectionManager - ep-0000000E: connection released [route: {}->npipe://localhost:2375][total available: 0; route allocated: 0 of 2147483647; total allocated: 0 of 2147483647]
21:46:47.561 [Test worker] ERROR tc.postgres:16.1 - Failed to pull image: postgres:16.1. Please check output of `docker pull postgres:16.1`
java.lang.InterruptedException: null
	at java.base/java.util.concurrent.locks.AbstractQueuedSynchronizer.acquireSharedInterruptibly(AbstractQueuedSynchronizer.java:1048)
	at java.base/java.util.concurrent.CountDownLatch.await(CountDownLatch.java:230)
	at com.github.dockerjava.api.async.ResultCallbackTemplate.awaitCompletion(ResultCallbackTemplate.java:91)
	at org.testcontainers.images.TimeLimitedLoggedPullImageResultCallback.awaitCompletion(TimeLimitedLoggedPullImageResultCallback.java:58)
	at org.testcontainers.images.RemoteDockerImage.resolve(RemoteDockerImage.java:90)
	at org.testcontainers.images.RemoteDockerImage.resolve(RemoteDockerImage.java:28)
	at org.testcontainers.utility.LazyFuture.getResolvedValue(LazyFuture.java:19)
	at org.testcontainers.utility.LazyFuture.get(LazyFuture.java:41)
	at org.testcontainers.containers.GenericContainer.getDockerImageName(GenericContainer.java:1406)
	at org.testcontainers.containers.GenericContainer.logger(GenericContainer.java:662)
	at org.testcontainers.containers.GenericContainer.doStart(GenericContainer.java:331)
	at org.testcontainers.containers.GenericContainer.start(GenericContainer.java:322)
	at com.dmdev.spring.integration.IntegrationTestBase.runContainer(IntegrationTestBase.java:18)
	at java.base/jdk.internal.reflect.NativeMethodAccessorImpl.invoke0(Native Method)
	at java.base/jdk.internal.reflect.NativeMethodAccessorImpl.invoke(NativeMethodAccessorImpl.java:77)
	at java.base/jdk.internal.reflect.DelegatingMethodAccessorImpl.invoke(DelegatingMethodAccessorImpl.java:43)
	at java.base/java.lang.reflect.Method.invoke(Method.java:568)
	at org.junit.platform.commons.util.ReflectionUtils.invokeMethod(ReflectionUtils.java:725)
	at org.junit.jupiter.engine.execution.MethodInvocation.proceed(MethodInvocation.java:60)
	at org.junit.jupiter.engine.execution.InvocationInterceptorChain$ValidatingInvocation.proceed(InvocationInterceptorChain.java:131)
	at org.junit.jupiter.engine.extension.TimeoutExtension.intercept(TimeoutExtension.java:149)
	at org.junit.jupiter.engine.extension.TimeoutExtension.interceptLifecycleMethod(TimeoutExtension.java:126)
	at org.junit.jupiter.engine.extension.TimeoutExtension.interceptBeforeAllMethod(TimeoutExtension.java:68)
	at org.junit.jupiter.engine.execution.ExecutableInvoker$ReflectiveInterceptorCall.lambda$ofVoidMethod$0(ExecutableInvoker.java:115)
	at org.junit.jupiter.engine.execution.ExecutableInvoker.lambda$invoke$0(ExecutableInvoker.java:105)
	at org.junit.jupiter.engine.execution.InvocationInterceptorChain$InterceptedInvocation.proceed(InvocationInterceptorChain.java:106)
	at org.junit.jupiter.engine.execution.InvocationInterceptorChain.proceed(InvocationInterceptorChain.java:64)
	at org.junit.jupiter.engine.execution.InvocationInterceptorChain.chainAndInvoke(InvocationInterceptorChain.java:45)
	at org.junit.jupiter.engine.execution.InvocationInterceptorChain.invoke(InvocationInterceptorChain.java:37)
	at org.junit.jupiter.engine.execution.ExecutableInvoker.invoke(ExecutableInvoker.java:104)
	at org.junit.jupiter.engine.execution.ExecutableInvoker.invoke(ExecutableInvoker.java:98)
	at org.junit.jupiter.engine.descriptor.ClassBasedTestDescriptor.lambda$invokeBeforeAllMethods$11(ClassBasedTestDescriptor.java:397)
	at org.junit.platform.engine.support.hierarchical.ThrowableCollector.execute(ThrowableCollector.java:73)
	at org.junit.jupiter.engine.descriptor.ClassBasedTestDescriptor.invokeBeforeAllMethods(ClassBasedTestDescriptor.java:395)
	at org.junit.jupiter.engine.descriptor.ClassBasedTestDescriptor.before(ClassBasedTestDescriptor.java:209)
	at org.junit.jupiter.engine.descriptor.ClassBasedTestDescriptor.before(ClassBasedTestDescriptor.java:80)
	at org.junit.platform.engine.support.hierarchical.NodeTestTask.lambda$executeRecursively$6(NodeTestTask.java:148)
	at org.junit.platform.engine.support.hierarchical.ThrowableCollector.execute(ThrowableCollector.java:73)
	at org.junit.platform.engine.support.hierarchical.NodeTestTask.lambda$executeRecursively$8(NodeTestTask.java:141)
	at org.junit.platform.engine.support.hierarchical.Node.around(Node.java:137)
	at org.junit.platform.engine.support.hierarchical.NodeTestTask.lambda$executeRecursively$9(NodeTestTask.java:139)
	at org.junit.platform.engine.support.hierarchical.ThrowableCollector.execute(ThrowableCollector.java:73)
	at org.junit.platform.engine.support.hierarchical.NodeTestTask.executeRecursively(NodeTestTask.java:138)
	at org.junit.platform.engine.support.hierarchical.NodeTestTask.execute(NodeTestTask.java:95)
	at java.base/java.util.ArrayList.forEach(ArrayList.java:1511)
	at org.junit.platform.engine.support.hierarchical.SameThreadHierarchicalTestExecutorService.invokeAll(SameThreadHierarchicalTestExecutorService.java:41)
	at org.junit.platform.engine.support.hierarchical.NodeTestTask.lambda$executeRecursively$6(NodeTestTask.java:155)
	at org.junit.platform.engine.support.hierarchical.ThrowableCollector.execute(ThrowableCollector.java:73)
	at org.junit.platform.engine.support.hierarchical.NodeTestTask.lambda$executeRecursively$8(NodeTestTask.java:141)
	at org.junit.platform.engine.support.hierarchical.Node.around(Node.java:137)
	at org.junit.platform.engine.support.hierarchical.NodeTestTask.lambda$executeRecursively$9(NodeTestTask.java:139)
	at org.junit.platform.engine.support.hierarchical.ThrowableCollector.execute(ThrowableCollector.java:73)
	at org.junit.platform.engine.support.hierarchical.NodeTestTask.executeRecursively(NodeTestTask.java:138)
	at org.junit.platform.engine.support.hierarchical.NodeTestTask.execute(NodeTestTask.java:95)
	at org.junit.platform.engine.support.hierarchical.SameThreadHierarchicalTestExecutorService.submit(SameThreadHierarchicalTestExecutorService.java:35)
	at org.junit.platform.engine.support.hierarchical.HierarchicalTestExecutor.execute(HierarchicalTestExecutor.java:57)
	at org.junit.platform.engine.support.hierarchical.HierarchicalTestEngine.execute(HierarchicalTestEngine.java:54)
	at org.junit.platform.launcher.core.EngineExecutionOrchestrator.execute(EngineExecutionOrchestrator.java:108)
	at org.junit.platform.launcher.core.EngineExecutionOrchestrator.execute(EngineExecutionOrchestrator.java:88)
	at org.junit.platform.launcher.core.EngineExecutionOrchestrator.lambda$execute$0(EngineExecutionOrchestrator.java:54)
	at org.junit.platform.launcher.core.EngineExecutionOrchestrator.withInterceptedStreams(EngineExecutionOrchestrator.java:67)
	at org.junit.platform.launcher.core.EngineExecutionOrchestrator.execute(EngineExecutionOrchestrator.java:52)
	at org.junit.platform.launcher.core.DefaultLauncher.execute(DefaultLauncher.java:96)
	at org.junit.platform.launcher.core.DefaultLauncher.execute(DefaultLauncher.java:75)
	at org.gradle.api.internal.tasks.testing.junitplatform.JUnitPlatformTestClassProcessor$CollectAllTestClassesExecutor.processAllTestClasses(JUnitPlatformTestClassProcessor.java:99)
	at org.gradle.api.internal.tasks.testing.junitplatform.JUnitPlatformTestClassProcessor$CollectAllTestClassesExecutor.access$000(JUnitPlatformTestClassProcessor.java:79)
	at org.gradle.api.internal.tasks.testing.junitplatform.JUnitPlatformTestClassProcessor.stop(JUnitPlatformTestClassProcessor.java:75)
	at org.gradle.api.internal.tasks.testing.SuiteTestClassProcessor.stop(SuiteTestClassProcessor.java:61)
	at java.base/jdk.internal.reflect.NativeMethodAccessorImpl.invoke0(Native Method)
	at java.base/jdk.internal.reflect.NativeMethodAccessorImpl.invoke(NativeMethodAccessorImpl.java:77)
	at java.base/jdk.internal.reflect.DelegatingMethodAccessorImpl.invoke(DelegatingMethodAccessorImpl.java:43)
	at java.base/java.lang.reflect.Method.invoke(Method.java:568)
	at org.gradle.internal.dispatch.ReflectionDispatch.dispatch(ReflectionDispatch.java:36)
	at org.gradle.internal.dispatch.ReflectionDispatch.dispatch(ReflectionDispatch.java:24)
	at org.gradle.internal.dispatch.ContextClassLoaderDispatch.dispatch(ContextClassLoaderDispatch.java:33)
	at org.gradle.internal.dispatch.ProxyDispatchAdapter$DispatchingInvocationHandler.invoke(ProxyDispatchAdapter.java:94)
	at jdk.proxy1/jdk.proxy1.$Proxy2.stop(Unknown Source)
	at org.gradle.api.internal.tasks.testing.worker.TestWorker$3.run(TestWorker.java:193)
	at org.gradle.api.internal.tasks.testing.worker.TestWorker.executeAndMaintainThreadName(TestWorker.java:129)
	at org.gradle.api.internal.tasks.testing.worker.TestWorker.execute(TestWorker.java:100)
	at org.gradle.api.internal.tasks.testing.worker.TestWorker.execute(TestWorker.java:60)
	at org.gradle.process.internal.worker.child.ActionExecutionWorker.execute(ActionExecutionWorker.java:56)
	at org.gradle.process.internal.worker.child.SystemApplicationClassLoaderWorker.call(SystemApplicationClassLoaderWorker.java:133)
	at org.gradle.process.internal.worker.child.SystemApplicationClassLoaderWorker.call(SystemApplicationClassLoaderWorker.java:71)
	at worker.org.gradle.process.internal.worker.GradleWorkerMain.run(GradleWorkerMain.java:69)
	at worker.org.gradle.process.internal.worker.GradleWorkerMain.main(GradleWorkerMain.java:74)
21:46:48.439 [docker-java-stream--2064336329] INFO tc.postgres:16.1 - Pulling image layers:  0 pending, 14 downloaded,  9 extracted, (145 MB/145 MB)
21:46:53.351 [docker-java-stream--2064336329] DEBUG com.github.dockerjava.zerodep.shaded.org.apache.hc.client5.http.wire - http-outgoing-1 << "[read] I/O error: java.nio.channels.ClosedChannelException"
21:46:53.351 [testcontainers-pull-watchdog-2] DEBUG com.github.dockerjava.zerodep.shaded.org.apache.hc.client5.http.wire - http-outgoing-1 << "[read] I/O error: java.nio.channels.ClosedChannelException"
21:46:53.437 [docker-java-stream--2064336329] INFO tc.postgres:16.1 - Pull complete. 14 layers, pulled in 984s (downloaded 145 MB at 151 KB/s)
21:46:56.326 [testcontainers-pull-watchdog-2] DEBUG com.github.dockerjava.zerodep.ApacheDockerHttpClientImpl$ApacheResponse - Failed to close the response
java.io.IOException: java.nio.channels.ClosedChannelException
	at java.base/java.nio.channels.Channels$2.read(Channels.java:240)
	at com.github.dockerjava.zerodep.shaded.org.apache.hc.client5.http.impl.io.LoggingInputStream.read(LoggingInputStream.java:81)
	at com.github.dockerjava.zerodep.shaded.org.apache.hc.core5.http.impl.io.SessionInputBufferImpl.fillBuffer(SessionInputBufferImpl.java:149)
	at com.github.dockerjava.zerodep.shaded.org.apache.hc.core5.http.impl.io.SessionInputBufferImpl.readLine(SessionInputBufferImpl.java:280)
	at com.github.dockerjava.zerodep.shaded.org.apache.hc.core5.http.impl.io.ChunkedInputStream.getChunkSize(ChunkedInputStream.java:261)
	at com.github.dockerjava.zerodep.shaded.org.apache.hc.core5.http.impl.io.ChunkedInputStream.nextChunk(ChunkedInputStream.java:222)
	at com.github.dockerjava.zerodep.shaded.org.apache.hc.core5.http.impl.io.ChunkedInputStream.read(ChunkedInputStream.java:147)
	at com.github.dockerjava.zerodep.shaded.org.apache.hc.core5.http.impl.io.ChunkedInputStream.close(ChunkedInputStream.java:314)
	at com.github.dockerjava.zerodep.shaded.org.apache.hc.core5.io.Closer.close(Closer.java:48)
	at com.github.dockerjava.zerodep.shaded.org.apache.hc.core5.http.impl.io.IncomingHttpEntity.close(IncomingHttpEntity.java:111)
	at com.github.dockerjava.zerodep.shaded.org.apache.hc.core5.http.io.entity.HttpEntityWrapper.close(HttpEntityWrapper.java:120)
	at com.github.dockerjava.zerodep.shaded.org.apache.hc.core5.io.Closer.close(Closer.java:48)
	at com.github.dockerjava.zerodep.shaded.org.apache.hc.core5.http.message.BasicClassicHttpResponse.close(BasicClassicHttpResponse.java:93)
	at com.github.dockerjava.zerodep.shaded.org.apache.hc.client5.http.impl.classic.CloseableHttpResponse.close(CloseableHttpResponse.java:200)
	at com.github.dockerjava.zerodep.ApacheDockerHttpClientImpl$ApacheResponse.close(ApacheDockerHttpClientImpl.java:256)
	at org.testcontainers.shaded.com.github.dockerjava.core.DefaultInvocationBuilder.lambda$null$0(DefaultInvocationBuilder.java:272)
	at com.github.dockerjava.api.async.ResultCallbackTemplate.close(ResultCallbackTemplate.java:77)
	at org.testcontainers.images.TimeLimitedLoggedPullImageResultCallback.abortPull(TimeLimitedLoggedPullImageResultCallback.java:122)
	at java.base/java.util.concurrent.Executors$RunnableAdapter.call(Executors.java:539)
	at java.base/java.util.concurrent.FutureTask.run(FutureTask.java:264)
	at java.base/java.util.concurrent.ScheduledThreadPoolExecutor$ScheduledFutureTask.run(ScheduledThreadPoolExecutor.java:304)
	at java.base/java.util.concurrent.ThreadPoolExecutor.runWorker(ThreadPoolExecutor.java:1136)
	at java.base/java.util.concurrent.ThreadPoolExecutor$Worker.run(ThreadPoolExecutor.java:635)
	at java.base/java.lang.Thread.run(Thread.java:833)
Caused by: java.nio.channels.ClosedChannelException: null
	at java.base/sun.nio.ch.WindowsAsynchronousFileChannelImpl.implRead(WindowsAsynchronousFileChannelImpl.java:516)
	at java.base/sun.nio.ch.AsynchronousFileChannelImpl.read(AsynchronousFileChannelImpl.java:229)
	at com.github.dockerjava.transport.NamedPipeSocket$AsynchronousFileByteChannel.read(NamedPipeSocket.java:117)
	at java.base/java.nio.channels.Channels$2.read(Channels.java:238)
	... 23 common frames omitted
21:47:05.049 [Test worker] DEBUG org.testcontainers.utility.PrefixingImageNameSubstitutor - No prefix is configured
21:47:05.221 [Test worker] DEBUG org.testcontainers.utility.ImageNameSubstitutor - Did not find a substitute image for postgres:16.1 (using image substitutor: DefaultImageNameSubstitutor (composite of 'ConfigurationFileImageNameSubstitutor' and 'PrefixingImageNameSubstitutor'))
21:47:05.514 [Test worker] DEBUG org.testcontainers.utility.PrefixingImageNameSubstitutor - No prefix is configured
21:47:05.514 [Test worker] DEBUG org.testcontainers.utility.ImageNameSubstitutor - Did not find a substitute image for postgres:16.1 (using image substitutor: DefaultImageNameSubstitutor (composite of 'ConfigurationFileImageNameSubstitutor' and 'PrefixingImageNameSubstitutor'))
21:47:05.679 [Test worker] DEBUG tc.postgres:16.1 - postgres:16.1 is not in image name cache, updating...
21:47:05.930 [Test worker] DEBUG org.testcontainers.shaded.com.github.dockerjava.core.command.AbstrDockerCmd - Cmd: postgres:16.1
21:47:12.562 [Test worker] DEBUG com.github.dockerjava.zerodep.shaded.org.apache.hc.client5.http.impl.classic.InternalHttpClient - ex-00000010: preparing request execution
21:47:12.804 [Test worker] DEBUG com.github.dockerjava.zerodep.shaded.org.apache.hc.client5.http.protocol.RequestAddCookies - Cookie spec selected: strict
21:47:13.953 [Test worker] DEBUG com.github.dockerjava.zerodep.shaded.org.apache.hc.client5.http.protocol.RequestAuthCache - Auth cache not set in the context
21:47:13.953 [Test worker] DEBUG com.github.dockerjava.zerodep.shaded.org.apache.hc.client5.http.impl.classic.ProtocolExec - ex-00000010: target auth state: UNCHALLENGED
21:47:13.954 [Test worker] DEBUG com.github.dockerjava.zerodep.shaded.org.apache.hc.client5.http.impl.classic.ProtocolExec - ex-00000010: proxy auth state: UNCHALLENGED
21:47:14.022 [Test worker] DEBUG com.github.dockerjava.zerodep.shaded.org.apache.hc.client5.http.impl.classic.ConnectExec - ex-00000010: acquiring connection with route {}->npipe://localhost:2375
21:47:14.022 [Test worker] DEBUG com.github.dockerjava.zerodep.shaded.org.apache.hc.client5.http.impl.classic.InternalHttpClient - ex-00000010: acquiring endpoint (3 MINUTES)
21:47:14.038 [Test worker] DEBUG com.github.dockerjava.zerodep.shaded.org.apache.hc.client5.http.impl.io.PoolingHttpClientConnectionManager - ex-00000010: endpoint lease request (3 MINUTES) [route: {}->npipe://localhost:2375][total available: 0; route allocated: 0 of 2147483647; total allocated: 0 of 2147483647]
21:47:14.371 [Test worker] DEBUG com.github.dockerjava.zerodep.shaded.org.apache.hc.client5.http.impl.io.PoolingHttpClientConnectionManager - ex-00000010: endpoint leased [route: {}->npipe://localhost:2375][total available: 0; route allocated: 1 of 2147483647; total allocated: 1 of 2147483647]
21:47:14.770 [Test worker] DEBUG com.github.dockerjava.zerodep.shaded.org.apache.hc.client5.http.impl.io.PoolingHttpClientConnectionManager - ex-00000010: acquired ep-0000000F
21:47:14.770 [Test worker] DEBUG com.github.dockerjava.zerodep.shaded.org.apache.hc.client5.http.impl.classic.InternalHttpClient - ex-00000010: acquired endpoint ep-0000000F
21:47:14.770 [Test worker] DEBUG com.github.dockerjava.zerodep.shaded.org.apache.hc.client5.http.impl.classic.ConnectExec - ex-00000010: opening connection {}->npipe://localhost:2375
21:47:14.770 [Test worker] DEBUG com.github.dockerjava.zerodep.shaded.org.apache.hc.client5.http.impl.classic.InternalHttpClient - ep-0000000F: connecting endpoint (3 MINUTES)
21:47:14.771 [Test worker] DEBUG com.github.dockerjava.zerodep.shaded.org.apache.hc.client5.http.impl.io.PoolingHttpClientConnectionManager - ep-0000000F: connecting endpoint to npipe://localhost:2375 (3 MINUTES)
21:47:21.522 [Test worker] DEBUG com.github.dockerjava.zerodep.shaded.org.apache.hc.client5.http.impl.io.DefaultHttpClientConnectionOperator - http-outgoing-2: connecting to localhost/127.0.0.1:2375
21:47:26.900 [Test worker] DEBUG com.github.dockerjava.zerodep.shaded.org.apache.hc.client5.http.impl.io.DefaultHttpClientConnectionOperator - http-outgoing-2: connection established 
21:47:26.900 [Test worker] DEBUG com.github.dockerjava.zerodep.shaded.org.apache.hc.client5.http.impl.io.PoolingHttpClientConnectionManager - ep-0000000F: connected http-outgoing-2
21:47:26.900 [Test worker] DEBUG com.github.dockerjava.zerodep.shaded.org.apache.hc.client5.http.impl.classic.InternalHttpClient - ep-0000000F: endpoint connected
21:47:26.971 [Test worker] DEBUG com.github.dockerjava.zerodep.shaded.org.apache.hc.client5.http.impl.classic.MainClientExec - ex-00000010: executing GET /v1.32/images/postgres:16.1/json HTTP/1.1
21:47:26.972 [Test worker] DEBUG com.github.dockerjava.zerodep.shaded.org.apache.hc.client5.http.impl.classic.InternalHttpClient - ep-0000000F: start execution ex-00000010
21:47:26.972 [Test worker] DEBUG com.github.dockerjava.zerodep.shaded.org.apache.hc.client5.http.impl.io.PoolingHttpClientConnectionManager - ep-0000000F: executing exchange ex-00000010 over http-outgoing-2
21:47:27.728 [Test worker] DEBUG com.github.dockerjava.zerodep.shaded.org.apache.hc.client5.http.headers - http-outgoing-2 >> GET /v1.32/images/postgres:16.1/json HTTP/1.1
21:47:27.729 [Test worker] DEBUG com.github.dockerjava.zerodep.shaded.org.apache.hc.client5.http.headers - http-outgoing-2 >> accept: application/json
21:47:27.729 [Test worker] DEBUG com.github.dockerjava.zerodep.shaded.org.apache.hc.client5.http.headers - http-outgoing-2 >> x-tc-sid: 029223a2-cbcc-4152-a4af-44e10b2f5a25
21:47:27.729 [Test worker] DEBUG com.github.dockerjava.zerodep.shaded.org.apache.hc.client5.http.headers - http-outgoing-2 >> Accept-Encoding: gzip, x-gzip, deflate
21:47:27.729 [Test worker] DEBUG com.github.dockerjava.zerodep.shaded.org.apache.hc.client5.http.headers - http-outgoing-2 >> Host: localhost:2375
21:47:27.729 [Test worker] DEBUG com.github.dockerjava.zerodep.shaded.org.apache.hc.client5.http.headers - http-outgoing-2 >> Connection: keep-alive
21:47:27.729 [Test worker] DEBUG com.github.dockerjava.zerodep.shaded.org.apache.hc.client5.http.headers - http-outgoing-2 >> User-Agent: Apache-HttpClient/5.0.3 (Java/17)
21:47:27.729 [Test worker] DEBUG com.github.dockerjava.zerodep.shaded.org.apache.hc.client5.http.wire - http-outgoing-2 >> "GET /v1.32/images/postgres:16.1/json HTTP/1.1[\r][\n]"
21:47:27.729 [Test worker] DEBUG com.github.dockerjava.zerodep.shaded.org.apache.hc.client5.http.wire - http-outgoing-2 >> "accept: application/json[\r][\n]"
21:47:27.729 [Test worker] DEBUG com.github.dockerjava.zerodep.shaded.org.apache.hc.client5.http.wire - http-outgoing-2 >> "x-tc-sid: 029223a2-cbcc-4152-a4af-44e10b2f5a25[\r][\n]"
21:47:27.729 [Test worker] DEBUG com.github.dockerjava.zerodep.shaded.org.apache.hc.client5.http.wire - http-outgoing-2 >> "Accept-Encoding: gzip, x-gzip, deflate[\r][\n]"
21:47:27.729 [Test worker] DEBUG com.github.dockerjava.zerodep.shaded.org.apache.hc.client5.http.wire - http-outgoing-2 >> "Host: localhost:2375[\r][\n]"
21:47:27.729 [Test worker] DEBUG com.github.dockerjava.zerodep.shaded.org.apache.hc.client5.http.wire - http-outgoing-2 >> "Connection: keep-alive[\r][\n]"
21:47:27.729 [Test worker] DEBUG com.github.dockerjava.zerodep.shaded.org.apache.hc.client5.http.wire - http-outgoing-2 >> "User-Agent: Apache-HttpClient/5.0.3 (Java/17)[\r][\n]"
21:47:27.729 [Test worker] DEBUG com.github.dockerjava.zerodep.shaded.org.apache.hc.client5.http.wire - http-outgoing-2 >> "[\r][\n]"
21:47:33.994 [Test worker] DEBUG com.github.dockerjava.zerodep.shaded.org.apache.hc.client5.http.wire - http-outgoing-2 << "HTTP/1.1 404 Not Found[\r][\n]"
21:47:33.994 [Test worker] DEBUG com.github.dockerjava.zerodep.shaded.org.apache.hc.client5.http.wire - http-outgoing-2 << "Api-Version: 1.43[\r][\n]"
21:47:33.994 [Test worker] DEBUG com.github.dockerjava.zerodep.shaded.org.apache.hc.client5.http.wire - http-outgoing-2 << "Content-Type: application/json[\r][\n]"
21:47:33.994 [Test worker] DEBUG com.github.dockerjava.zerodep.shaded.org.apache.hc.client5.http.wire - http-outgoing-2 << "Date: Tue, 26 Dec 2023 18:47:33 GMT[\r][\n]"
21:47:33.994 [Test worker] DEBUG com.github.dockerjava.zerodep.shaded.org.apache.hc.client5.http.wire - http-outgoing-2 << "Docker-Experimental: false[\r][\n]"
21:47:33.994 [Test worker] DEBUG com.github.dockerjava.zerodep.shaded.org.apache.hc.client5.http.wire - http-outgoing-2 << "Ostype: linux[\r][\n]"
21:47:33.994 [Test worker] DEBUG com.github.dockerjava.zerodep.shaded.org.apache.hc.client5.http.wire - http-outgoing-2 << "Server: Docker/24.0.6 (linux)[\r][\n]"
21:47:33.994 [Test worker] DEBUG com.github.dockerjava.zerodep.shaded.org.apache.hc.client5.http.wire - http-outgoing-2 << "Transfer-Encoding: chunked[\r][\n]"
21:47:33.994 [Test worker] DEBUG com.github.dockerjava.zerodep.shaded.org.apache.hc.client5.http.wire - http-outgoing-2 << "[\r][\n]"
21:47:34.218 [Test worker] DEBUG com.github.dockerjava.zerodep.shaded.org.apache.hc.client5.http.headers - http-outgoing-2 << HTTP/1.1 404 Not Found
21:47:34.218 [Test worker] DEBUG com.github.dockerjava.zerodep.shaded.org.apache.hc.client5.http.headers - http-outgoing-2 << Api-Version: 1.43
21:47:34.218 [Test worker] DEBUG com.github.dockerjava.zerodep.shaded.org.apache.hc.client5.http.headers - http-outgoing-2 << Content-Type: application/json
21:47:34.218 [Test worker] DEBUG com.github.dockerjava.zerodep.shaded.org.apache.hc.client5.http.headers - http-outgoing-2 << Date: Tue, 26 Dec 2023 18:47:33 GMT
21:47:34.218 [Test worker] DEBUG com.github.dockerjava.zerodep.shaded.org.apache.hc.client5.http.headers - http-outgoing-2 << Docker-Experimental: false
21:47:34.218 [Test worker] DEBUG com.github.dockerjava.zerodep.shaded.org.apache.hc.client5.http.headers - http-outgoing-2 << Ostype: linux
21:47:34.218 [Test worker] DEBUG com.github.dockerjava.zerodep.shaded.org.apache.hc.client5.http.headers - http-outgoing-2 << Server: Docker/24.0.6 (linux)
21:47:34.218 [Test worker] DEBUG com.github.dockerjava.zerodep.shaded.org.apache.hc.client5.http.headers - http-outgoing-2 << Transfer-Encoding: chunked
21:47:34.251 [Test worker] DEBUG com.github.dockerjava.zerodep.shaded.org.apache.hc.client5.http.impl.classic.MainClientExec - ex-00000010: connection can be kept alive for 3 MINUTES
21:47:35.915 [Test worker] DEBUG com.github.dockerjava.zerodep.shaded.org.apache.hc.client5.http.wire - http-outgoing-2 << "2b[\r][\n]"
21:47:35.915 [Test worker] DEBUG com.github.dockerjava.zerodep.shaded.org.apache.hc.client5.http.wire - http-outgoing-2 << "{"message":"No such image: postgres:16.1"}[\n]"
21:47:35.915 [Test worker] DEBUG com.github.dockerjava.zerodep.shaded.org.apache.hc.client5.http.wire - http-outgoing-2 << "[\r][\n]"
21:47:35.915 [Test worker] DEBUG com.github.dockerjava.zerodep.shaded.org.apache.hc.client5.http.wire - http-outgoing-2 << "0[\r][\n]"
21:47:35.915 [Test worker] DEBUG com.github.dockerjava.zerodep.shaded.org.apache.hc.client5.http.wire - http-outgoing-2 << "[\r][\n]"
21:47:35.915 [Test worker] DEBUG com.github.dockerjava.zerodep.shaded.org.apache.hc.client5.http.impl.classic.InternalHttpClient - ep-0000000F: releasing valid endpoint
21:47:35.915 [Test worker] DEBUG com.github.dockerjava.zerodep.shaded.org.apache.hc.client5.http.impl.io.PoolingHttpClientConnectionManager - ep-0000000F: releasing endpoint
21:47:35.915 [Test worker] DEBUG com.github.dockerjava.zerodep.shaded.org.apache.hc.client5.http.impl.io.PoolingHttpClientConnectionManager - ep-0000000F: connection http-outgoing-2 can be kept alive for 3 MINUTES
21:47:36.276 [Test worker] DEBUG com.github.dockerjava.zerodep.shaded.org.apache.hc.client5.http.impl.io.PoolingHttpClientConnectionManager - ep-0000000F: connection released [route: {}->npipe://localhost:2375][total available: 1; route allocated: 1 of 2147483647; total allocated: 1 of 2147483647]
21:47:36.423 [Test worker] DEBUG org.testcontainers.images.AbstractImagePullPolicy - Not available locally, should pull image: postgres:16.1
21:47:36.423 [Test worker] INFO tc.postgres:16.1 - Pulling docker image: postgres:16.1. Please be patient; this may take some time but only needs to be done once.
21:47:36.947 [Test worker] DEBUG org.testcontainers.utility.RegistryAuthLocator - Looking up auth config for image: postgres:latest at registry: https://index.docker.io/v1/
21:47:36.999 [Test worker] DEBUG org.testcontainers.utility.RegistryAuthLocator - No matching Auth Configs - falling back to defaultAuthConfig [null]
21:47:36.999 [Test worker] DEBUG org.testcontainers.dockerclient.AuthDelegatingDockerClientConfig - Effective auth config [null]
21:47:45.835 [docker-java-stream--2064336329] DEBUG com.github.dockerjava.zerodep.shaded.org.apache.hc.client5.http.impl.classic.InternalHttpClient - ex-00000011: preparing request execution
21:47:45.836 [docker-java-stream--2064336329] DEBUG com.github.dockerjava.zerodep.shaded.org.apache.hc.client5.http.protocol.RequestAddCookies - Cookie spec selected: strict
21:47:45.836 [docker-java-stream--2064336329] DEBUG com.github.dockerjava.zerodep.shaded.org.apache.hc.client5.http.protocol.RequestAuthCache - Auth cache not set in the context
21:47:45.879 [docker-java-stream--2064336329] DEBUG com.github.dockerjava.zerodep.shaded.org.apache.hc.client5.http.impl.classic.ProtocolExec - ex-00000011: target auth state: UNCHALLENGED
21:47:45.879 [docker-java-stream--2064336329] DEBUG com.github.dockerjava.zerodep.shaded.org.apache.hc.client5.http.impl.classic.ProtocolExec - ex-00000011: proxy auth state: UNCHALLENGED
21:47:45.879 [docker-java-stream--2064336329] DEBUG com.github.dockerjava.zerodep.shaded.org.apache.hc.client5.http.impl.classic.ConnectExec - ex-00000011: acquiring connection with route {}->npipe://localhost:2375
21:47:45.879 [docker-java-stream--2064336329] DEBUG com.github.dockerjava.zerodep.shaded.org.apache.hc.client5.http.impl.classic.InternalHttpClient - ex-00000011: acquiring endpoint (3 MINUTES)
21:47:45.879 [docker-java-stream--2064336329] DEBUG com.github.dockerjava.zerodep.shaded.org.apache.hc.client5.http.impl.io.PoolingHttpClientConnectionManager - ex-00000011: endpoint lease request (3 MINUTES) [route: {}->npipe://localhost:2375][total available: 1; route allocated: 1 of 2147483647; total allocated: 1 of 2147483647]
21:47:45.927 [docker-java-stream--2064336329] DEBUG com.github.dockerjava.zerodep.shaded.org.apache.hc.client5.http.impl.io.PoolingHttpClientConnectionManager - ex-00000011: endpoint leased [route: {}->npipe://localhost:2375][total available: 0; route allocated: 1 of 2147483647; total allocated: 1 of 2147483647]
21:47:45.928 [docker-java-stream--2064336329] DEBUG com.github.dockerjava.zerodep.shaded.org.apache.hc.client5.http.impl.io.PoolingHttpClientConnectionManager - ex-00000011: acquired ep-00000010
21:47:45.928 [docker-java-stream--2064336329] DEBUG com.github.dockerjava.zerodep.shaded.org.apache.hc.client5.http.impl.classic.InternalHttpClient - ex-00000011: acquired endpoint ep-00000010
21:47:45.928 [docker-java-stream--2064336329] DEBUG com.github.dockerjava.zerodep.shaded.org.apache.hc.client5.http.impl.classic.MainClientExec - ex-00000011: executing POST /v1.32/images/create?fromImage=postgres&tag=16.1 HTTP/1.1
21:47:45.928 [docker-java-stream--2064336329] DEBUG com.github.dockerjava.zerodep.shaded.org.apache.hc.client5.http.impl.classic.InternalHttpClient - ep-00000010: start execution ex-00000011
21:47:45.928 [docker-java-stream--2064336329] DEBUG com.github.dockerjava.zerodep.shaded.org.apache.hc.client5.http.impl.io.PoolingHttpClientConnectionManager - ep-00000010: executing exchange ex-00000011 over http-outgoing-2
21:47:45.929 [docker-java-stream--2064336329] DEBUG com.github.dockerjava.zerodep.shaded.org.apache.hc.client5.http.headers - http-outgoing-2 >> POST /v1.32/images/create?fromImage=postgres&tag=16.1 HTTP/1.1
21:47:45.929 [docker-java-stream--2064336329] DEBUG com.github.dockerjava.zerodep.shaded.org.apache.hc.client5.http.headers - http-outgoing-2 >> accept: application/octet-stream
21:47:46.374 [docker-java-stream--2064336329] DEBUG com.github.dockerjava.zerodep.shaded.org.apache.hc.client5.http.headers - http-outgoing-2 >> content-type: application/json
21:47:46.374 [docker-java-stream--2064336329] DEBUG com.github.dockerjava.zerodep.shaded.org.apache.hc.client5.http.headers - http-outgoing-2 >> x-tc-sid: 029223a2-cbcc-4152-a4af-44e10b2f5a25
21:47:46.401 [docker-java-stream--2064336329] DEBUG com.github.dockerjava.zerodep.shaded.org.apache.hc.client5.http.headers - http-outgoing-2 >> Accept-Encoding: gzip, x-gzip, deflate
21:47:46.401 [docker-java-stream--2064336329] DEBUG com.github.dockerjava.zerodep.shaded.org.apache.hc.client5.http.headers - http-outgoing-2 >> Host: localhost:2375
21:47:46.401 [docker-java-stream--2064336329] DEBUG com.github.dockerjava.zerodep.shaded.org.apache.hc.client5.http.headers - http-outgoing-2 >> Connection: keep-alive
21:47:46.401 [docker-java-stream--2064336329] DEBUG com.github.dockerjava.zerodep.shaded.org.apache.hc.client5.http.headers - http-outgoing-2 >> User-Agent: Apache-HttpClient/5.0.3 (Java/17)
21:47:46.401 [docker-java-stream--2064336329] DEBUG com.github.dockerjava.zerodep.shaded.org.apache.hc.client5.http.wire - http-outgoing-2 >> "POST /v1.32/images/create?fromImage=postgres&tag=16.1 HTTP/1.1[\r][\n]"
21:47:46.401 [docker-java-stream--2064336329] DEBUG com.github.dockerjava.zerodep.shaded.org.apache.hc.client5.http.wire - http-outgoing-2 >> "accept: application/octet-stream[\r][\n]"
21:47:46.401 [docker-java-stream--2064336329] DEBUG com.github.dockerjava.zerodep.shaded.org.apache.hc.client5.http.wire - http-outgoing-2 >> "content-type: application/json[\r][\n]"
21:47:46.401 [docker-java-stream--2064336329] DEBUG com.github.dockerjava.zerodep.shaded.org.apache.hc.client5.http.wire - http-outgoing-2 >> "x-tc-sid: 029223a2-cbcc-4152-a4af-44e10b2f5a25[\r][\n]"
21:47:46.401 [docker-java-stream--2064336329] DEBUG com.github.dockerjava.zerodep.shaded.org.apache.hc.client5.http.wire - http-outgoing-2 >> "Accept-Encoding: gzip, x-gzip, deflate[\r][\n]"
21:47:46.401 [docker-java-stream--2064336329] DEBUG com.github.dockerjava.zerodep.shaded.org.apache.hc.client5.http.wire - http-outgoing-2 >> "Host: localhost:2375[\r][\n]"
21:47:46.401 [docker-java-stream--2064336329] DEBUG com.github.dockerjava.zerodep.shaded.org.apache.hc.client5.http.wire - http-outgoing-2 >> "Connection: keep-alive[\r][\n]"
21:47:46.401 [docker-java-stream--2064336329] DEBUG com.github.dockerjava.zerodep.shaded.org.apache.hc.client5.http.wire - http-outgoing-2 >> "User-Agent: Apache-HttpClient/5.0.3 (Java/17)[\r][\n]"
21:47:46.401 [docker-java-stream--2064336329] DEBUG com.github.dockerjava.zerodep.shaded.org.apache.hc.client5.http.wire - http-outgoing-2 >> "[\r][\n]"
21:49:02.379 [docker-java-stream--2064336329] DEBUG com.github.dockerjava.zerodep.shaded.org.apache.hc.client5.http.wire - http-outgoing-2 << "HTTP/1.1 200 OK[\r][\n]"
21:49:02.379 [docker-java-stream--2064336329] DEBUG com.github.dockerjava.zerodep.shaded.org.apache.hc.client5.http.wire - http-outgoing-2 << "Api-Version: 1.43[\r][\n]"
21:49:02.379 [docker-java-stream--2064336329] DEBUG com.github.dockerjava.zerodep.shaded.org.apache.hc.client5.http.wire - http-outgoing-2 << "Content-Type: application/json[\r][\n]"
21:49:02.379 [docker-java-stream--2064336329] DEBUG com.github.dockerjava.zerodep.shaded.org.apache.hc.client5.http.wire - http-outgoing-2 << "Date: Tue, 26 Dec 2023 18:49:01 GMT[\r][\n]"
21:49:02.379 [docker-java-stream--2064336329] DEBUG com.github.dockerjava.zerodep.shaded.org.apache.hc.client5.http.wire - http-outgoing-2 << "Docker-Experimental: false[\r][\n]"
21:49:02.379 [docker-java-stream--2064336329] DEBUG com.github.dockerjava.zerodep.shaded.org.apache.hc.client5.http.wire - http-outgoing-2 << "Ostype: linux[\r][\n]"
21:49:02.379 [docker-java-stream--2064336329] DEBUG com.github.dockerjava.zerodep.shaded.org.apache.hc.client5.http.wire - http-outgoing-2 << "Server: Docker/24.0.6 (linux)[\r][\n]"
21:49:02.379 [docker-java-stream--2064336329] DEBUG com.github.dockerjava.zerodep.shaded.org.apache.hc.client5.http.wire - http-outgoing-2 << "Transfer-Encoding: chunked[\r][\n]"
21:49:02.379 [docker-java-stream--2064336329] DEBUG com.github.dockerjava.zerodep.shaded.org.apache.hc.client5.http.wire - http-outgoing-2 << "[\r][\n]"
21:49:02.380 [docker-java-stream--2064336329] DEBUG com.github.dockerjava.zerodep.shaded.org.apache.hc.client5.http.headers - http-outgoing-2 << HTTP/1.1 200 OK
21:49:02.380 [docker-java-stream--2064336329] DEBUG com.github.dockerjava.zerodep.shaded.org.apache.hc.client5.http.headers - http-outgoing-2 << Api-Version: 1.43
21:49:02.380 [docker-java-stream--2064336329] DEBUG com.github.dockerjava.zerodep.shaded.org.apache.hc.client5.http.headers - http-outgoing-2 << Content-Type: application/json
21:49:02.380 [docker-java-stream--2064336329] DEBUG com.github.dockerjava.zerodep.shaded.org.apache.hc.client5.http.headers - http-outgoing-2 << Date: Tue, 26 Dec 2023 18:49:01 GMT
21:49:02.380 [docker-java-stream--2064336329] DEBUG com.github.dockerjava.zerodep.shaded.org.apache.hc.client5.http.headers - http-outgoing-2 << Docker-Experimental: false
21:49:02.380 [docker-java-stream--2064336329] DEBUG com.github.dockerjava.zerodep.shaded.org.apache.hc.client5.http.headers - http-outgoing-2 << Ostype: linux
21:49:02.380 [docker-java-stream--2064336329] DEBUG com.github.dockerjava.zerodep.shaded.org.apache.hc.client5.http.headers - http-outgoing-2 << Server: Docker/24.0.6 (linux)
21:49:02.380 [docker-java-stream--2064336329] DEBUG com.github.dockerjava.zerodep.shaded.org.apache.hc.client5.http.headers - http-outgoing-2 << Transfer-Encoding: chunked
21:49:02.380 [docker-java-stream--2064336329] DEBUG com.github.dockerjava.zerodep.shaded.org.apache.hc.client5.http.impl.classic.MainClientExec - ex-00000011: connection can be kept alive for 3 MINUTES
21:49:02.403 [docker-java-stream--2064336329] INFO tc.postgres:16.1 - Starting to pull image
21:49:03.792 [docker-java-stream--2064336329] DEBUG com.github.dockerjava.zerodep.shaded.org.apache.hc.client5.http.wire - http-outgoing-2 << "38[\r][\n]"
21:49:03.792 [docker-java-stream--2064336329] DEBUG com.github.dockerjava.zerodep.shaded.org.apache.hc.client5.http.wire - http-outgoing-2 << "{"status":"Pulling from library/postgres","id":"16.1"}[\r][\n]"
21:49:03.792 [docker-java-stream--2064336329] DEBUG com.github.dockerjava.zerodep.shaded.org.apache.hc.client5.http.wire - http-outgoing-2 << "[\r][\n]"
21:49:05.242 [docker-java-stream--2064336329] DEBUG com.github.dockerjava.api.command.PullImageResultCallback - ResponseItem(stream=null, status=Pulling from library/postgres, progressDetail=null, progress=null, id=16.1, from=null, time=null, errorDetail=null, error=null, aux=null)
21:49:05.243 [docker-java-stream--2064336329] INFO tc.postgres:16.1 - Pulling image layers:  0 pending,  0 downloaded,  0 extracted, (0 bytes/0 bytes)
21:49:32.384 [testcontainers-pull-watchdog-3] ERROR tc.postgres:16.1 - Docker image pull has not made progress in 30s - aborting pull
21:49:32.384 [testcontainers-pull-watchdog-3] DEBUG com.github.dockerjava.zerodep.shaded.org.apache.hc.client5.http.impl.classic.InternalHttpClient - ep-00000010: cancel
21:49:32.384 [Test worker] WARN tc.postgres:16.1 - Retrying pull for image: postgres:16.1 (4s remaining)
21:49:32.384 [testcontainers-pull-watchdog-3] DEBUG com.github.dockerjava.zerodep.shaded.org.apache.hc.client5.http.impl.io.DefaultManagedHttpClientConnection - http-outgoing-2: close connection IMMEDIATE
21:49:32.384 [Test worker] DEBUG org.testcontainers.utility.RegistryAuthLocator - Looking up auth config for image: postgres:latest at registry: https://index.docker.io/v1/
21:49:32.384 [Test worker] DEBUG org.testcontainers.utility.RegistryAuthLocator - No matching Auth Configs - falling back to defaultAuthConfig [null]
21:49:32.384 [Test worker] DEBUG org.testcontainers.dockerclient.AuthDelegatingDockerClientConfig - Effective auth config [null]
21:49:32.581 [testcontainers-pull-watchdog-3] DEBUG com.github.dockerjava.zerodep.shaded.org.apache.hc.client5.http.impl.classic.InternalHttpClient - ep-00000010: endpoint closed
21:49:32.581 [testcontainers-pull-watchdog-3] DEBUG com.github.dockerjava.zerodep.shaded.org.apache.hc.client5.http.impl.classic.InternalHttpClient - ep-00000010: discarding endpoint
21:49:32.581 [testcontainers-pull-watchdog-3] DEBUG com.github.dockerjava.zerodep.shaded.org.apache.hc.client5.http.impl.io.PoolingHttpClientConnectionManager - ep-00000010: releasing endpoint
21:49:32.581 [testcontainers-pull-watchdog-3] DEBUG com.github.dockerjava.zerodep.shaded.org.apache.hc.client5.http.impl.io.PoolingHttpClientConnectionManager - ep-00000010: connection is not kept alive
21:49:32.581 [testcontainers-pull-watchdog-3] DEBUG com.github.dockerjava.zerodep.shaded.org.apache.hc.client5.http.impl.io.PoolingHttpClientConnectionManager - ep-00000010: connection released [route: {}->npipe://localhost:2375][total available: 0; route allocated: 0 of 2147483647; total allocated: 0 of 2147483647]
21:49:32.581 [docker-java-stream--2064336329] DEBUG com.github.dockerjava.zerodep.shaded.org.apache.hc.client5.http.impl.classic.InternalHttpClient - ex-00000012: preparing request execution
21:49:32.581 [docker-java-stream--2064336329] DEBUG com.github.dockerjava.zerodep.shaded.org.apache.hc.client5.http.protocol.RequestAddCookies - Cookie spec selected: strict
21:49:32.581 [docker-java-stream--2064336329] DEBUG com.github.dockerjava.zerodep.shaded.org.apache.hc.client5.http.protocol.RequestAuthCache - Auth cache not set in the context
21:49:32.581 [docker-java-stream--2064336329] DEBUG com.github.dockerjava.zerodep.shaded.org.apache.hc.client5.http.impl.classic.ProtocolExec - ex-00000012: target auth state: UNCHALLENGED
21:49:32.581 [docker-java-stream--2064336329] DEBUG com.github.dockerjava.zerodep.shaded.org.apache.hc.client5.http.impl.classic.ProtocolExec - ex-00000012: proxy auth state: UNCHALLENGED
21:49:32.581 [docker-java-stream--2064336329] DEBUG com.github.dockerjava.zerodep.shaded.org.apache.hc.client5.http.impl.classic.ConnectExec - ex-00000012: acquiring connection with route {}->npipe://localhost:2375
21:49:32.582 [docker-java-stream--2064336329] DEBUG com.github.dockerjava.zerodep.shaded.org.apache.hc.client5.http.impl.classic.InternalHttpClient - ex-00000012: acquiring endpoint (3 MINUTES)
21:49:33.104 [docker-java-stream--2064336329] DEBUG com.github.dockerjava.zerodep.shaded.org.apache.hc.client5.http.impl.io.PoolingHttpClientConnectionManager - ex-00000012: endpoint lease request (3 MINUTES) [route: {}->npipe://localhost:2375][total available: 0; route allocated: 0 of 2147483647; total allocated: 0 of 2147483647]
21:49:33.105 [docker-java-stream--2064336329] DEBUG com.github.dockerjava.zerodep.shaded.org.apache.hc.client5.http.impl.io.PoolingHttpClientConnectionManager - ex-00000012: endpoint leased [route: {}->npipe://localhost:2375][total available: 0; route allocated: 1 of 2147483647; total allocated: 1 of 2147483647]
21:49:33.106 [docker-java-stream--2064336329] DEBUG com.github.dockerjava.zerodep.shaded.org.apache.hc.client5.http.impl.io.PoolingHttpClientConnectionManager - ex-00000012: acquired ep-00000011
21:49:33.106 [docker-java-stream--2064336329] DEBUG com.github.dockerjava.zerodep.shaded.org.apache.hc.client5.http.impl.classic.InternalHttpClient - ex-00000012: acquired endpoint ep-00000011
21:49:33.106 [docker-java-stream--2064336329] DEBUG com.github.dockerjava.zerodep.shaded.org.apache.hc.client5.http.impl.classic.ConnectExec - ex-00000012: opening connection {}->npipe://localhost:2375
21:49:33.106 [docker-java-stream--2064336329] DEBUG com.github.dockerjava.zerodep.shaded.org.apache.hc.client5.http.impl.classic.InternalHttpClient - ep-00000011: connecting endpoint (3 MINUTES)
21:49:33.107 [docker-java-stream--2064336329] DEBUG com.github.dockerjava.zerodep.shaded.org.apache.hc.client5.http.impl.io.PoolingHttpClientConnectionManager - ep-00000011: connecting endpoint to npipe://localhost:2375 (3 MINUTES)
21:49:33.115 [docker-java-stream--2064336329] DEBUG com.github.dockerjava.zerodep.shaded.org.apache.hc.client5.http.wire - http-outgoing-2 << "end of stream"
21:49:33.115 [testcontainers-pull-watchdog-3] DEBUG com.github.dockerjava.zerodep.shaded.org.apache.hc.client5.http.wire - http-outgoing-2 << "[read] I/O error: java.nio.channels.ClosedChannelException"
21:49:33.354 [testcontainers-pull-watchdog-3] DEBUG com.github.dockerjava.zerodep.ApacheDockerHttpClientImpl$ApacheResponse - Failed to close the response
java.io.IOException: java.nio.channels.ClosedChannelException
	at java.base/java.nio.channels.Channels$2.read(Channels.java:240)
	at com.github.dockerjava.zerodep.shaded.org.apache.hc.client5.http.impl.io.LoggingInputStream.read(LoggingInputStream.java:81)
	at com.github.dockerjava.zerodep.shaded.org.apache.hc.core5.http.impl.io.SessionInputBufferImpl.fillBuffer(SessionInputBufferImpl.java:149)
	at com.github.dockerjava.zerodep.shaded.org.apache.hc.core5.http.impl.io.SessionInputBufferImpl.readLine(SessionInputBufferImpl.java:280)
	at com.github.dockerjava.zerodep.shaded.org.apache.hc.core5.http.impl.io.ChunkedInputStream.getChunkSize(ChunkedInputStream.java:261)
	at com.github.dockerjava.zerodep.shaded.org.apache.hc.core5.http.impl.io.ChunkedInputStream.nextChunk(ChunkedInputStream.java:222)
	at com.github.dockerjava.zerodep.shaded.org.apache.hc.core5.http.impl.io.ChunkedInputStream.read(ChunkedInputStream.java:147)
	at com.github.dockerjava.zerodep.shaded.org.apache.hc.core5.http.impl.io.ChunkedInputStream.close(ChunkedInputStream.java:314)
	at com.github.dockerjava.zerodep.shaded.org.apache.hc.core5.io.Closer.close(Closer.java:48)
	at com.github.dockerjava.zerodep.shaded.org.apache.hc.core5.http.impl.io.IncomingHttpEntity.close(IncomingHttpEntity.java:111)
	at com.github.dockerjava.zerodep.shaded.org.apache.hc.core5.http.io.entity.HttpEntityWrapper.close(HttpEntityWrapper.java:120)
	at com.github.dockerjava.zerodep.shaded.org.apache.hc.core5.io.Closer.close(Closer.java:48)
	at com.github.dockerjava.zerodep.shaded.org.apache.hc.core5.http.message.BasicClassicHttpResponse.close(BasicClassicHttpResponse.java:93)
	at com.github.dockerjava.zerodep.shaded.org.apache.hc.client5.http.impl.classic.CloseableHttpResponse.close(CloseableHttpResponse.java:200)
	at com.github.dockerjava.zerodep.ApacheDockerHttpClientImpl$ApacheResponse.close(ApacheDockerHttpClientImpl.java:256)
	at org.testcontainers.shaded.com.github.dockerjava.core.DefaultInvocationBuilder.lambda$null$0(DefaultInvocationBuilder.java:272)
	at com.github.dockerjava.api.async.ResultCallbackTemplate.close(ResultCallbackTemplate.java:77)
	at org.testcontainers.images.TimeLimitedLoggedPullImageResultCallback.abortPull(TimeLimitedLoggedPullImageResultCallback.java:122)
	at java.base/java.util.concurrent.Executors$RunnableAdapter.call(Executors.java:539)
	at java.base/java.util.concurrent.FutureTask.run(FutureTask.java:264)
	at java.base/java.util.concurrent.ScheduledThreadPoolExecutor$ScheduledFutureTask.run(ScheduledThreadPoolExecutor.java:304)
	at java.base/java.util.concurrent.ThreadPoolExecutor.runWorker(ThreadPoolExecutor.java:1136)
	at java.base/java.util.concurrent.ThreadPoolExecutor$Worker.run(ThreadPoolExecutor.java:635)
	at java.base/java.lang.Thread.run(Thread.java:833)
Caused by: java.nio.channels.ClosedChannelException: null
	at java.base/sun.nio.ch.WindowsAsynchronousFileChannelImpl.implRead(WindowsAsynchronousFileChannelImpl.java:516)
	at java.base/sun.nio.ch.AsynchronousFileChannelImpl.read(AsynchronousFileChannelImpl.java:229)
	at com.github.dockerjava.transport.NamedPipeSocket$AsynchronousFileByteChannel.read(NamedPipeSocket.java:117)
	at java.base/java.nio.channels.Channels$2.read(Channels.java:238)
	... 23 common frames omitted
21:49:33.433 [docker-java-stream--2064336329] DEBUG com.github.dockerjava.zerodep.shaded.org.apache.hc.client5.http.impl.io.DefaultHttpClientConnectionOperator - http-outgoing-3: connecting to localhost/127.0.0.1:2375
21:49:34.387 [docker-java-stream--2064336329] DEBUG com.github.dockerjava.zerodep.shaded.org.apache.hc.client5.http.impl.io.DefaultHttpClientConnectionOperator - http-outgoing-3: connection established 
21:49:34.387 [docker-java-stream--2064336329] DEBUG com.github.dockerjava.zerodep.shaded.org.apache.hc.client5.http.impl.io.PoolingHttpClientConnectionManager - ep-00000011: connected http-outgoing-3
21:49:34.387 [docker-java-stream--2064336329] DEBUG com.github.dockerjava.zerodep.shaded.org.apache.hc.client5.http.impl.classic.InternalHttpClient - ep-00000011: endpoint connected
21:49:34.387 [docker-java-stream--2064336329] DEBUG com.github.dockerjava.zerodep.shaded.org.apache.hc.client5.http.impl.classic.MainClientExec - ex-00000012: executing POST /v1.32/images/create?fromImage=postgres&tag=16.1 HTTP/1.1
21:49:34.387 [docker-java-stream--2064336329] DEBUG com.github.dockerjava.zerodep.shaded.org.apache.hc.client5.http.impl.classic.InternalHttpClient - ep-00000011: start execution ex-00000012
21:49:34.387 [docker-java-stream--2064336329] DEBUG com.github.dockerjava.zerodep.shaded.org.apache.hc.client5.http.impl.io.PoolingHttpClientConnectionManager - ep-00000011: executing exchange ex-00000012 over http-outgoing-3
21:49:34.388 [docker-java-stream--2064336329] DEBUG com.github.dockerjava.zerodep.shaded.org.apache.hc.client5.http.headers - http-outgoing-3 >> POST /v1.32/images/create?fromImage=postgres&tag=16.1 HTTP/1.1
21:49:34.388 [docker-java-stream--2064336329] DEBUG com.github.dockerjava.zerodep.shaded.org.apache.hc.client5.http.headers - http-outgoing-3 >> accept: application/octet-stream
21:49:34.388 [docker-java-stream--2064336329] DEBUG com.github.dockerjava.zerodep.shaded.org.apache.hc.client5.http.headers - http-outgoing-3 >> content-type: application/json
21:49:34.388 [docker-java-stream--2064336329] DEBUG com.github.dockerjava.zerodep.shaded.org.apache.hc.client5.http.headers - http-outgoing-3 >> x-tc-sid: 029223a2-cbcc-4152-a4af-44e10b2f5a25
21:49:34.388 [docker-java-stream--2064336329] DEBUG com.github.dockerjava.zerodep.shaded.org.apache.hc.client5.http.headers - http-outgoing-3 >> Accept-Encoding: gzip, x-gzip, deflate
21:49:34.388 [docker-java-stream--2064336329] DEBUG com.github.dockerjava.zerodep.shaded.org.apache.hc.client5.http.headers - http-outgoing-3 >> Host: localhost:2375
21:49:34.388 [docker-java-stream--2064336329] DEBUG com.github.dockerjava.zerodep.shaded.org.apache.hc.client5.http.headers - http-outgoing-3 >> Connection: keep-alive
21:49:34.388 [docker-java-stream--2064336329] DEBUG com.github.dockerjava.zerodep.shaded.org.apache.hc.client5.http.headers - http-outgoing-3 >> User-Agent: Apache-HttpClient/5.0.3 (Java/17)
21:49:34.388 [docker-java-stream--2064336329] DEBUG com.github.dockerjava.zerodep.shaded.org.apache.hc.client5.http.wire - http-outgoing-3 >> "POST /v1.32/images/create?fromImage=postgres&tag=16.1 HTTP/1.1[\r][\n]"
21:49:34.388 [docker-java-stream--2064336329] DEBUG com.github.dockerjava.zerodep.shaded.org.apache.hc.client5.http.wire - http-outgoing-3 >> "accept: application/octet-stream[\r][\n]"
21:49:34.388 [docker-java-stream--2064336329] DEBUG com.github.dockerjava.zerodep.shaded.org.apache.hc.client5.http.wire - http-outgoing-3 >> "content-type: application/json[\r][\n]"
21:49:34.388 [docker-java-stream--2064336329] DEBUG com.github.dockerjava.zerodep.shaded.org.apache.hc.client5.http.wire - http-outgoing-3 >> "x-tc-sid: 029223a2-cbcc-4152-a4af-44e10b2f5a25[\r][\n]"
21:49:34.388 [docker-java-stream--2064336329] DEBUG com.github.dockerjava.zerodep.shaded.org.apache.hc.client5.http.wire - http-outgoing-3 >> "Accept-Encoding: gzip, x-gzip, deflate[\r][\n]"
21:49:34.388 [docker-java-stream--2064336329] DEBUG com.github.dockerjava.zerodep.shaded.org.apache.hc.client5.http.wire - http-outgoing-3 >> "Host: localhost:2375[\r][\n]"
21:49:34.388 [docker-java-stream--2064336329] DEBUG com.github.dockerjava.zerodep.shaded.org.apache.hc.client5.http.wire - http-outgoing-3 >> "Connection: keep-alive[\r][\n]"
21:49:34.389 [docker-java-stream--2064336329] DEBUG com.github.dockerjava.zerodep.shaded.org.apache.hc.client5.http.wire - http-outgoing-3 >> "User-Agent: Apache-HttpClient/5.0.3 (Java/17)[\r][\n]"
21:49:34.389 [docker-java-stream--2064336329] DEBUG com.github.dockerjava.zerodep.shaded.org.apache.hc.client5.http.wire - http-outgoing-3 >> "[\r][\n]"
21:49:45.427 [docker-java-stream--2064336329] DEBUG com.github.dockerjava.zerodep.shaded.org.apache.hc.client5.http.wire - http-outgoing-3 << "HTTP/1.1 200 OK[\r][\n]"
21:49:45.427 [docker-java-stream--2064336329] DEBUG com.github.dockerjava.zerodep.shaded.org.apache.hc.client5.http.wire - http-outgoing-3 << "Api-Version: 1.43[\r][\n]"
21:49:48.022 [docker-java-stream--2064336329] DEBUG com.github.dockerjava.zerodep.shaded.org.apache.hc.client5.http.wire - http-outgoing-3 << "Content-Type: application/json[\r][\n]"
21:49:48.022 [docker-java-stream--2064336329] DEBUG com.github.dockerjava.zerodep.shaded.org.apache.hc.client5.http.wire - http-outgoing-3 << "Date: Tue, 26 Dec 2023 18:49:45 GMT[\r][\n]"
21:49:48.022 [docker-java-stream--2064336329] DEBUG com.github.dockerjava.zerodep.shaded.org.apache.hc.client5.http.wire - http-outgoing-3 << "Docker-Experimental: false[\r][\n]"
21:49:48.022 [docker-java-stream--2064336329] DEBUG com.github.dockerjava.zerodep.shaded.org.apache.hc.client5.http.wire - http-outgoing-3 << "Ostype: linux[\r][\n]"
21:49:48.022 [docker-java-stream--2064336329] DEBUG com.github.dockerjava.zerodep.shaded.org.apache.hc.client5.http.wire - http-outgoing-3 << "Server: Docker/24.0.6 (linux)[\r][\n]"
21:49:48.022 [docker-java-stream--2064336329] DEBUG com.github.dockerjava.zerodep.shaded.org.apache.hc.client5.http.wire - http-outgoing-3 << "Transfer-Encoding: chunked[\r][\n]"
21:49:48.022 [docker-java-stream--2064336329] DEBUG com.github.dockerjava.zerodep.shaded.org.apache.hc.client5.http.wire - http-outgoing-3 << "[\r][\n]"
21:49:48.022 [docker-java-stream--2064336329] DEBUG com.github.dockerjava.zerodep.shaded.org.apache.hc.client5.http.headers - http-outgoing-3 << HTTP/1.1 200 OK
21:49:48.022 [docker-java-stream--2064336329] DEBUG com.github.dockerjava.zerodep.shaded.org.apache.hc.client5.http.headers - http-outgoing-3 << Api-Version: 1.43
21:49:48.022 [docker-java-stream--2064336329] DEBUG com.github.dockerjava.zerodep.shaded.org.apache.hc.client5.http.headers - http-outgoing-3 << Content-Type: application/json
21:49:48.022 [docker-java-stream--2064336329] DEBUG com.github.dockerjava.zerodep.shaded.org.apache.hc.client5.http.headers - http-outgoing-3 << Date: Tue, 26 Dec 2023 18:49:45 GMT
21:49:48.022 [docker-java-stream--2064336329] DEBUG com.github.dockerjava.zerodep.shaded.org.apache.hc.client5.http.headers - http-outgoing-3 << Docker-Experimental: false
21:49:48.022 [docker-java-stream--2064336329] DEBUG com.github.dockerjava.zerodep.shaded.org.apache.hc.client5.http.headers - http-outgoing-3 << Ostype: linux
21:49:48.022 [docker-java-stream--2064336329] DEBUG com.github.dockerjava.zerodep.shaded.org.apache.hc.client5.http.headers - http-outgoing-3 << Server: Docker/24.0.6 (linux)
21:49:48.022 [docker-java-stream--2064336329] DEBUG com.github.dockerjava.zerodep.shaded.org.apache.hc.client5.http.headers - http-outgoing-3 << Transfer-Encoding: chunked
21:49:48.023 [docker-java-stream--2064336329] DEBUG com.github.dockerjava.zerodep.shaded.org.apache.hc.client5.http.impl.classic.MainClientExec - ex-00000012: connection can be kept alive for 3 MINUTES
21:49:48.023 [docker-java-stream--2064336329] INFO tc.postgres:16.1 - Starting to pull image
21:49:48.023 [docker-java-stream--2064336329] DEBUG com.github.dockerjava.zerodep.shaded.org.apache.hc.client5.http.wire - http-outgoing-3 << "38[\r][\n]"
21:49:48.023 [docker-java-stream--2064336329] DEBUG com.github.dockerjava.zerodep.shaded.org.apache.hc.client5.http.wire - http-outgoing-3 << "{"status":"Pulling from library/postgres","id":"16.1"}[\r][\n]"
21:49:48.023 [docker-java-stream--2064336329] DEBUG com.github.dockerjava.zerodep.shaded.org.apache.hc.client5.http.wire - http-outgoing-3 << "[\r][\n]"
21:49:48.023 [docker-java-stream--2064336329] DEBUG com.github.dockerjava.zerodep.shaded.org.apache.hc.client5.http.wire - http-outgoing-3 << "25b[\r][\n]"
21:49:48.023 [docker-java-stream--2064336329] DEBUG com.github.dockerjava.zerodep.shaded.org.apache.hc.client5.http.wire - http-outgoing-3 << "{"status":"Pulling fs layer","progressDetail":{},"id":"af107e978371"}[\r][\n]"
21:49:48.023 [docker-java-stream--2064336329] DEBUG com.github.dockerjava.zerodep.shaded.org.apache.hc.client5.http.wire - http-outgoing-3 << "{"status":"Pulling fs layer","progressDetail":{},"id":"85f7bca87921"}[\r][\n]"
21:49:48.023 [docker-java-stream--2064336329] DEBUG com.github.dockerjava.zerodep.shaded.org.apache.hc.client5.http.wire - http-outgoing-3 << "{"status":"Pulling fs layer","progressDetail":{},"id":"948f1cf08e62"}[\r][\n]"
21:49:48.023 [docker-java-stream--2064336329] DEBUG com.github.dockerjava.zerodep.shaded.org.apache.hc.client5.http.wire - http-outgoing-3 << "{"status":"Pulling fs layer","progressDetail":{},"id":"1a83ab26a0f0"}[\r][\n]"
21:49:48.023 [docker-java-stream--2064336329] DEBUG com.github.dockerjava.zerodep.shaded.org.apache.hc.client5.http.wire - http-outgoing-3 << "{"status":"Pulling fs layer","progressDetail":{},"id":"12bab27fafd3"}[\r][\n]"
21:49:48.024 [docker-java-stream--2064336329] DEBUG com.github.dockerjava.zerodep.shaded.org.apache.hc.client5.http.wire - http-outgoing-3 << "{"status":"Waiting","progressDetail":{},"id":"af107e978371"}[\r][\n]"
21:49:48.024 [docker-java-stream--2064336329] DEBUG com.github.dockerjava.zerodep.shaded.org.apache.hc.client5.http.wire - http-outgoing-3 << "{"status":"Waiting","progressDetail":{},"id":"85f7bca87921"}[\r][\n]"
21:49:48.024 [docker-java-stream--2064336329] DEBUG com.github.dockerjava.zerodep.shaded.org.apache.hc.client5.http.wire - http-outgoing-3 << "{"status":"Waiting","progressDetail":{},"id":"948f1cf08e62"}[\r][\n]"
21:49:48.024 [docker-java-stream--2064336329] DEBUG com.github.dockerjava.zerodep.shaded.org.apache.hc.client5.http.wire - http-outgoing-3 << "{"status":"Waiting","progressDetail":{},"id":"1a83ab26a0f0"}[\r][\n]"
21:49:48.024 [docker-java-stream--2064336329] DEBUG com.github.dockerjava.zerodep.shaded.org.apache.hc.client5.http.wire - http-outgoing-3 << "[\r][\n]"
21:49:48.024 [docker-java-stream--2064336329] DEBUG com.github.dockerjava.zerodep.shaded.org.apache.hc.client5.http.wire - http-outgoing-3 << "85[\r][\n]"
21:49:48.024 [docker-java-stream--2064336329] DEBUG com.github.dockerjava.zerodep.shaded.org.apache.hc.client5.http.wire - http-outgoing-3 << "{"status":"Waiting","progressDetail":{},"id":"12bab27fafd3"}[\r][\n]"
21:49:48.024 [docker-java-stream--2064336329] DEBUG com.github.dockerjava.zerodep.shaded.org.apache.hc.client5.http.wire - http-outgoing-3 << "{"status":"Pulling fs layer","progressDetail":{},"id":"644cfda281a1"}[\r][\n]"
21:49:48.024 [docker-java-stream--2064336329] DEBUG com.github.dockerjava.zerodep.shaded.org.apache.hc.client5.http.wire - http-outgoing-3 << "[\r][\n]"
21:49:48.024 [docker-java-stream--2064336329] DEBUG com.github.dockerjava.zerodep.shaded.org.apache.hc.client5.http.wire - http-outgoing-3 << "3e[\r][\n]"
21:49:48.024 [docker-java-stream--2064336329] DEBUG com.github.dockerjava.zerodep.shaded.org.apache.hc.client5.http.wire - http-outgoing-3 << "{"status":"Waiting","progressDetail":{},"id":"644cfda281a1"}[\r][\n]"
21:49:48.024 [docker-java-stream--2064336329] DEBUG com.github.dockerjava.zerodep.shaded.org.apache.hc.client5.http.wire - http-outgoing-3 << "[\r][\n]"
21:49:48.024 [docker-java-stream--2064336329] DEBUG com.github.dockerjava.zerodep.shaded.org.apache.hc.client5.http.wire - http-outgoing-3 << "cc[\r][\n]"
21:49:48.024 [docker-java-stream--2064336329] DEBUG com.github.dockerjava.zerodep.shaded.org.apache.hc.client5.http.wire - http-outgoing-3 << "{"status":"Pulling fs layer","progressDetail":{},"id":"03299695f2b9"}[\r][\n]"
21:49:48.024 [docker-java-stream--2064336329] DEBUG com.github.dockerjava.zerodep.shaded.org.apache.hc.client5.http.wire - http-outgoing-3 << "{"status":"Pulling fs layer","progressDetail":{},"id":"6e36bf1505f3"}[\r][\n]"
21:49:48.024 [docker-java-stream--2064336329] DEBUG com.github.dockerjava.zerodep.shaded.org.apache.hc.client5.http.wire - http-outgoing-3 << "{"status":"Waiting","progressDetail":{},"id":"03299695f2b9"}[\r][\n]"
21:49:48.024 [docker-java-stream--2064336329] DEBUG com.github.dockerjava.zerodep.shaded.org.apache.hc.client5.http.wire - http-outgoing-3 << "[\r][\n]"
21:49:48.024 [docker-java-stream--2064336329] DEBUG com.github.dockerjava.zerodep.shaded.org.apache.hc.client5.http.wire - http-outgoing-3 << "85[\r][\n]"
21:49:48.024 [docker-java-stream--2064336329] DEBUG com.github.dockerjava.zerodep.shaded.org.apache.hc.client5.http.wire - http-outgoing-3 << "{"status":"Waiting","progressDetail":{},"id":"6e36bf1505f3"}[\r][\n]"
21:49:48.024 [docker-java-stream--2064336329] DEBUG com.github.dockerjava.zerodep.shaded.org.apache.hc.client5.http.wire - http-outgoing-3 << "{"status":"Pulling fs layer","progressDetail":{},"id":"a35465a6a76a"}[\r][\n]"
21:49:48.024 [docker-java-stream--2064336329] DEBUG com.github.dockerjava.zerodep.shaded.org.apache.hc.client5.http.wire - http-outgoing-3 << "[\r][\n]"
21:49:48.024 [docker-java-stream--2064336329] DEBUG com.github.dockerjava.zerodep.shaded.org.apache.hc.client5.http.wire - http-outgoing-3 << "3e[\r][\n]"
21:49:48.024 [docker-java-stream--2064336329] DEBUG com.github.dockerjava.zerodep.shaded.org.apache.hc.client5.http.wire - http-outgoing-3 << "{"status":"Waiting","progressDetail":{},"id":"a35465a6a76a"}[\r][\n]"
21:49:48.024 [docker-java-stream--2064336329] DEBUG com.github.dockerjava.zerodep.shaded.org.apache.hc.client5.http.wire - http-outgoing-3 << "[\r][\n]"
21:49:48.024 [docker-java-stream--2064336329] DEBUG com.github.dockerjava.zerodep.shaded.org.apache.hc.client5.http.wire - http-outgoing-3 << "47[\r][\n]"
21:49:48.024 [docker-java-stream--2064336329] DEBUG com.github.dockerjava.zerodep.shaded.org.apache.hc.client5.http.wire - http-outgoing-3 << "{"status":"Pulling fs layer","progressDetail":{},"id":"83b026289c5c"}[\r][\n]"
21:49:48.024 [docker-java-stream--2064336329] DEBUG com.github.dockerjava.zerodep.shaded.org.apache.hc.client5.http.wire - http-outgoing-3 << "[\r][\n]"
21:49:48.024 [docker-java-stream--2064336329] DEBUG com.github.dockerjava.zerodep.shaded.org.apache.hc.client5.http.wire - http-outgoing-3 << "3e[\r][\n]"
21:49:48.024 [docker-java-stream--2064336329] DEBUG com.github.dockerjava.zerodep.shaded.org.apache.hc.client5.http.wire - http-outgoing-3 << "{"status":"Waiting","progressDetail":{},"id":"83b026289c5c"}[\r][\n]"
21:49:48.024 [docker-java-stream--2064336329] DEBUG com.github.dockerjava.zerodep.shaded.org.apache.hc.client5.http.wire - http-outgoing-3 << "[\r][\n]"
21:49:48.024 [docker-java-stream--2064336329] DEBUG com.github.dockerjava.zerodep.shaded.org.apache.hc.client5.http.wire - http-outgoing-3 << "47[\r][\n]"
21:49:48.024 [docker-java-stream--2064336329] DEBUG com.github.dockerjava.zerodep.shaded.org.apache.hc.client5.http.wire - http-outgoing-3 << "{"status":"Pulling fs layer","progressDetail":{},"id":"c158e73dda41"}[\r][\n]"
21:49:48.024 [docker-java-stream--2064336329] DEBUG com.github.dockerjava.zerodep.shaded.org.apache.hc.client5.http.wire - http-outgoing-3 << "[\r][\n]"
21:49:48.024 [docker-java-stream--2064336329] DEBUG com.github.dockerjava.zerodep.shaded.org.apache.hc.client5.http.wire - http-outgoing-3 << "20b[\r][\n]"
21:49:48.024 [docker-java-stream--2064336329] DEBUG com.github.dockerjava.zerodep.shaded.org.apache.hc.client5.http.wire - http-outgoing-3 << "{"status":"Waiting","progressDetail":{},"id":"c158e73dda41"}[\r][\n]"
21:49:48.024 [docker-java-stream--2064336329] DEBUG com.github.dockerjava.zerodep.shaded.org.apache.hc.client5.http.wire - http-outgoing-3 << "{"status":"Pulling fs layer","progressDetail":{},"id":"264ae53c0064"}[\r][\n]"
21:49:48.024 [docker-java-stream--2064336329] DEBUG com.github.dockerjava.zerodep.shaded.org.apache.hc.client5.http.wire - http-outgoing-3 << "{"status":"Pulling fs layer","progressDetail":{},"id":"2e3c2c5fbb6d"}[\r][\n]"
21:49:48.024 [docker-java-stream--2064336329] DEBUG com.github.dockerjava.zerodep.shaded.org.apache.hc.client5.http.wire - http-outgoing-3 << "{"status":"Waiting","progressDetail":{},"id":"2e3c2c5fbb6d"}[\r][\n]"
21:49:48.024 [docker-java-stream--2064336329] DEBUG com.github.dockerjava.zerodep.shaded.org.apache.hc.client5.http.wire - http-outgoing-3 << "{"status":"Waiting","progressDetail":{},"id":"264ae53c0064"}[\r][\n]"
21:49:48.024 [docker-java-stream--2064336329] DEBUG com.github.dockerjava.zerodep.shaded.org.apache.hc.client5.http.wire - http-outgoing-3 << "{"status":"Pulling fs layer","progressDetail":{},"id":"08c5357f23b5"}[\r][\n]"
21:49:48.024 [docker-java-stream--2064336329] DEBUG com.github.dockerjava.zerodep.shaded.org.apache.hc.client5.http.wire - http-outgoing-3 << "{"status":"Waiting","progressDetail":{},"id":"2e3c2c5fbb6d"}[\r][\n]"
21:49:48.024 [docker-java-stream--2064336329] DEBUG com.github.dockerjava.zerodep.shaded.org.apache.hc.client5.http.wire - http-outgoing-3 << "{"status":"Waiting","progressDetail":{},"id":"08c5357f23b5"}[\r][\n]"
21:49:48.024 [docker-java-stream--2064336329] DEBUG com.github.dockerjava.zerodep.shaded.org.apache.hc.client5.http.wire - http-outgoing-3 << "[\r][\n]"
21:49:48.024 [docker-java-stream--2064336329] DEBUG com.github.dockerjava.api.command.PullImageResultCallback - ResponseItem(stream=null, status=Pulling from library/postgres, progressDetail=null, progress=null, id=16.1, from=null, time=null, errorDetail=null, error=null, aux=null)
21:49:48.025 [docker-java-stream--2064336329] INFO tc.postgres:16.1 - Pulling image layers:  0 pending,  0 downloaded,  0 extracted, (0 bytes/0 bytes)
21:49:48.025 [docker-java-stream--2064336329] DEBUG com.github.dockerjava.api.command.PullImageResultCallback - ResponseItem(stream=null, status=Pulling fs layer, progressDetail=ResponseItem.ProgressDetail(current=null, total=null, start=null), progress=null, id=af107e978371, from=null, time=null, errorDetail=null, error=null, aux=null)
21:49:48.025 [docker-java-stream--2064336329] DEBUG com.github.dockerjava.api.command.PullImageResultCallback - ResponseItem(stream=null, status=Pulling fs layer, progressDetail=ResponseItem.ProgressDetail(current=null, total=null, start=null), progress=null, id=85f7bca87921, from=null, time=null, errorDetail=null, error=null, aux=null)
21:49:48.025 [docker-java-stream--2064336329] DEBUG com.github.dockerjava.api.command.PullImageResultCallback - ResponseItem(stream=null, status=Pulling fs layer, progressDetail=ResponseItem.ProgressDetail(current=null, total=null, start=null), progress=null, id=948f1cf08e62, from=null, time=null, errorDetail=null, error=null, aux=null)
21:49:48.056 [docker-java-stream--2064336329] DEBUG com.github.dockerjava.api.command.PullImageResultCallback - ResponseItem(stream=null, status=Pulling fs layer, progressDetail=ResponseItem.ProgressDetail(current=null, total=null, start=null), progress=null, id=1a83ab26a0f0, from=null, time=null, errorDetail=null, error=null, aux=null)
21:49:48.056 [docker-java-stream--2064336329] DEBUG com.github.dockerjava.api.command.PullImageResultCallback - ResponseItem(stream=null, status=Pulling fs layer, progressDetail=ResponseItem.ProgressDetail(current=null, total=null, start=null), progress=null, id=12bab27fafd3, from=null, time=null, errorDetail=null, error=null, aux=null)
21:49:48.056 [docker-java-stream--2064336329] DEBUG com.github.dockerjava.api.command.PullImageResultCallback - ResponseItem(stream=null, status=Waiting, progressDetail=ResponseItem.ProgressDetail(current=null, total=null, start=null), progress=null, id=af107e978371, from=null, time=null, errorDetail=null, error=null, aux=null)
21:49:48.056 [docker-java-stream--2064336329] DEBUG com.github.dockerjava.api.command.PullImageResultCallback - ResponseItem(stream=null, status=Waiting, progressDetail=ResponseItem.ProgressDetail(current=null, total=null, start=null), progress=null, id=85f7bca87921, from=null, time=null, errorDetail=null, error=null, aux=null)
21:49:48.056 [docker-java-stream--2064336329] DEBUG com.github.dockerjava.api.command.PullImageResultCallback - ResponseItem(stream=null, status=Waiting, progressDetail=ResponseItem.ProgressDetail(current=null, total=null, start=null), progress=null, id=948f1cf08e62, from=null, time=null, errorDetail=null, error=null, aux=null)
21:49:48.056 [docker-java-stream--2064336329] DEBUG com.github.dockerjava.api.command.PullImageResultCallback - ResponseItem(stream=null, status=Waiting, progressDetail=ResponseItem.ProgressDetail(current=null, total=null, start=null), progress=null, id=1a83ab26a0f0, from=null, time=null, errorDetail=null, error=null, aux=null)
21:49:48.057 [docker-java-stream--2064336329] DEBUG com.github.dockerjava.api.command.PullImageResultCallback - ResponseItem(stream=null, status=Waiting, progressDetail=ResponseItem.ProgressDetail(current=null, total=null, start=null), progress=null, id=12bab27fafd3, from=null, time=null, errorDetail=null, error=null, aux=null)
21:49:48.057 [docker-java-stream--2064336329] DEBUG com.github.dockerjava.api.command.PullImageResultCallback - ResponseItem(stream=null, status=Pulling fs layer, progressDetail=ResponseItem.ProgressDetail(current=null, total=null, start=null), progress=null, id=644cfda281a1, from=null, time=null, errorDetail=null, error=null, aux=null)
21:49:48.057 [docker-java-stream--2064336329] DEBUG com.github.dockerjava.api.command.PullImageResultCallback - ResponseItem(stream=null, status=Waiting, progressDetail=ResponseItem.ProgressDetail(current=null, total=null, start=null), progress=null, id=644cfda281a1, from=null, time=null, errorDetail=null, error=null, aux=null)
21:49:48.057 [docker-java-stream--2064336329] DEBUG com.github.dockerjava.api.command.PullImageResultCallback - ResponseItem(stream=null, status=Pulling fs layer, progressDetail=ResponseItem.ProgressDetail(current=null, total=null, start=null), progress=null, id=03299695f2b9, from=null, time=null, errorDetail=null, error=null, aux=null)
21:49:48.057 [docker-java-stream--2064336329] DEBUG com.github.dockerjava.api.command.PullImageResultCallback - ResponseItem(stream=null, status=Pulling fs layer, progressDetail=ResponseItem.ProgressDetail(current=null, total=null, start=null), progress=null, id=6e36bf1505f3, from=null, time=null, errorDetail=null, error=null, aux=null)
21:49:48.057 [docker-java-stream--2064336329] DEBUG com.github.dockerjava.api.command.PullImageResultCallback - ResponseItem(stream=null, status=Waiting, progressDetail=ResponseItem.ProgressDetail(current=null, total=null, start=null), progress=null, id=03299695f2b9, from=null, time=null, errorDetail=null, error=null, aux=null)
21:49:48.057 [docker-java-stream--2064336329] DEBUG com.github.dockerjava.api.command.PullImageResultCallback - ResponseItem(stream=null, status=Waiting, progressDetail=ResponseItem.ProgressDetail(current=null, total=null, start=null), progress=null, id=6e36bf1505f3, from=null, time=null, errorDetail=null, error=null, aux=null)
21:49:48.057 [docker-java-stream--2064336329] DEBUG com.github.dockerjava.api.command.PullImageResultCallback - ResponseItem(stream=null, status=Pulling fs layer, progressDetail=ResponseItem.ProgressDetail(current=null, total=null, start=null), progress=null, id=a35465a6a76a, from=null, time=null, errorDetail=null, error=null, aux=null)
21:49:48.057 [docker-java-stream--2064336329] DEBUG com.github.dockerjava.api.command.PullImageResultCallback - ResponseItem(stream=null, status=Waiting, progressDetail=ResponseItem.ProgressDetail(current=null, total=null, start=null), progress=null, id=a35465a6a76a, from=null, time=null, errorDetail=null, error=null, aux=null)
21:49:48.057 [docker-java-stream--2064336329] DEBUG com.github.dockerjava.api.command.PullImageResultCallback - ResponseItem(stream=null, status=Pulling fs layer, progressDetail=ResponseItem.ProgressDetail(current=null, total=null, start=null), progress=null, id=83b026289c5c, from=null, time=null, errorDetail=null, error=null, aux=null)
21:49:48.057 [docker-java-stream--2064336329] DEBUG com.github.dockerjava.api.command.PullImageResultCallback - ResponseItem(stream=null, status=Waiting, progressDetail=ResponseItem.ProgressDetail(current=null, total=null, start=null), progress=null, id=83b026289c5c, from=null, time=null, errorDetail=null, error=null, aux=null)
21:49:48.057 [docker-java-stream--2064336329] DEBUG com.github.dockerjava.api.command.PullImageResultCallback - ResponseItem(stream=null, status=Pulling fs layer, progressDetail=ResponseItem.ProgressDetail(current=null, total=null, start=null), progress=null, id=c158e73dda41, from=null, time=null, errorDetail=null, error=null, aux=null)
21:49:48.057 [docker-java-stream--2064336329] DEBUG com.github.dockerjava.api.command.PullImageResultCallback - ResponseItem(stream=null, status=Waiting, progressDetail=ResponseItem.ProgressDetail(current=null, total=null, start=null), progress=null, id=c158e73dda41, from=null, time=null, errorDetail=null, error=null, aux=null)
21:49:48.057 [docker-java-stream--2064336329] DEBUG com.github.dockerjava.api.command.PullImageResultCallback - ResponseItem(stream=null, status=Pulling fs layer, progressDetail=ResponseItem.ProgressDetail(current=null, total=null, start=null), progress=null, id=264ae53c0064, from=null, time=null, errorDetail=null, error=null, aux=null)
21:49:48.057 [docker-java-stream--2064336329] DEBUG com.github.dockerjava.api.command.PullImageResultCallback - ResponseItem(stream=null, status=Pulling fs layer, progressDetail=ResponseItem.ProgressDetail(current=null, total=null, start=null), progress=null, id=2e3c2c5fbb6d, from=null, time=null, errorDetail=null, error=null, aux=null)
21:49:48.057 [docker-java-stream--2064336329] DEBUG com.github.dockerjava.api.command.PullImageResultCallback - ResponseItem(stream=null, status=Waiting, progressDetail=ResponseItem.ProgressDetail(current=null, total=null, start=null), progress=null, id=2e3c2c5fbb6d, from=null, time=null, errorDetail=null, error=null, aux=null)
21:49:48.057 [docker-java-stream--2064336329] DEBUG com.github.dockerjava.api.command.PullImageResultCallback - ResponseItem(stream=null, status=Waiting, progressDetail=ResponseItem.ProgressDetail(current=null, total=null, start=null), progress=null, id=264ae53c0064, from=null, time=null, errorDetail=null, error=null, aux=null)
21:49:48.057 [docker-java-stream--2064336329] DEBUG com.github.dockerjava.api.command.PullImageResultCallback - ResponseItem(stream=null, status=Pulling fs layer, progressDetail=ResponseItem.ProgressDetail(current=null, total=null, start=null), progress=null, id=08c5357f23b5, from=null, time=null, errorDetail=null, error=null, aux=null)
21:49:48.057 [docker-java-stream--2064336329] DEBUG com.github.dockerjava.api.command.PullImageResultCallback - ResponseItem(stream=null, status=Waiting, progressDetail=ResponseItem.ProgressDetail(current=null, total=null, start=null), progress=null, id=2e3c2c5fbb6d, from=null, time=null, errorDetail=null, error=null, aux=null)
21:49:48.057 [docker-java-stream--2064336329] DEBUG com.github.dockerjava.api.command.PullImageResultCallback - ResponseItem(stream=null, status=Waiting, progressDetail=ResponseItem.ProgressDetail(current=null, total=null, start=null), progress=null, id=08c5357f23b5, from=null, time=null, errorDetail=null, error=null, aux=null)
21:49:49.657 [docker-java-stream--2064336329] DEBUG com.github.dockerjava.zerodep.shaded.org.apache.hc.client5.http.wire - http-outgoing-3 << "fd[\r][\n]"
21:49:49.657 [docker-java-stream--2064336329] DEBUG com.github.dockerjava.zerodep.shaded.org.apache.hc.client5.http.wire - http-outgoing-3 << "{"status":"Downloading","progressDetail":{"current":720,"total":1165},"progress":"[==============================\u003e                    ]     720B/1.165kB","id":"85f7bca87921"}[\r][\n]"
21:49:49.657 [docker-java-stream--2064336329] DEBUG com.github.dockerjava.zerodep.shaded.org.apache.hc.client5.http.wire - http-outgoing-3 << "{"status":"Download complete","progressDetail":{},"id":"85f7bca87921"}[\r][\n]"
21:49:49.657 [docker-java-stream--2064336329] DEBUG com.github.dockerjava.zerodep.shaded.org.apache.hc.client5.http.wire - http-outgoing-3 << "[\r][\n]"
21:49:49.657 [docker-java-stream--2064336329] DEBUG com.github.dockerjava.api.command.PullImageResultCallback - ResponseItem(stream=null, status=Downloading, progressDetail=ResponseItem.ProgressDetail(current=720, total=1165, start=null), progress=[==============================>                    ]     720B/1.165kB, id=85f7bca87921, from=null, time=null, errorDetail=null, error=null, aux=null)
21:49:49.698 [docker-java-stream--2064336329] DEBUG com.github.dockerjava.api.command.PullImageResultCallback - ResponseItem(stream=null, status=Download complete, progressDetail=ResponseItem.ProgressDetail(current=null, total=null, start=null), progress=null, id=85f7bca87921, from=null, time=null, errorDetail=null, error=null, aux=null)
21:49:49.699 [docker-java-stream--2064336329] INFO tc.postgres:16.1 - Pulling image layers: 13 pending,  1 downloaded,  0 extracted, (720 bytes/? MB)
21:49:50.742 [docker-java-stream--2064336329] DEBUG com.github.dockerjava.zerodep.shaded.org.apache.hc.client5.http.wire - http-outgoing-3 << "bc[\r][\n]"
21:49:50.742 [docker-java-stream--2064336329] DEBUG com.github.dockerjava.zerodep.shaded.org.apache.hc.client5.http.wire - http-outgoing-3 << "{"status":"Downloading","progressDetail":{"current":302308,"total":29125963},"progress":"[\u003e                                                  ]  302.3kB/29.13MB","id":"af107e978371"}[\r][\n]"
21:49:50.742 [docker-java-stream--2064336329] DEBUG com.github.dockerjava.zerodep.shaded.org.apache.hc.client5.http.wire - http-outgoing-3 << "[\r][\n]"
21:49:50.742 [docker-java-stream--2064336329] DEBUG com.github.dockerjava.api.command.PullImageResultCallback - ResponseItem(stream=null, status=Downloading, progressDetail=ResponseItem.ProgressDetail(current=302308, total=29125963, start=null), progress=[>                                                  ]  302.3kB/29.13MB, id=af107e978371, from=null, time=null, errorDetail=null, error=null, aux=null)
21:49:50.801 [docker-java-stream--2064336329] DEBUG com.github.dockerjava.zerodep.shaded.org.apache.hc.client5.http.wire - http-outgoing-3 << "bc[\r][\n]"
21:49:50.801 [docker-java-stream--2064336329] DEBUG com.github.dockerjava.zerodep.shaded.org.apache.hc.client5.http.wire - http-outgoing-3 << "{"status":"Downloading","progressDetail":{"current":597220,"total":29125963},"progress":"[=\u003e                                                 ]  597.2kB/29.13MB","id":"af107e978371"}[\r][\n]"
21:49:50.801 [docker-java-stream--2064336329] DEBUG com.github.dockerjava.zerodep.shaded.org.apache.hc.client5.http.wire - http-outgoing-3 << "[\r][\n]"
21:49:50.801 [docker-java-stream--2064336329] DEBUG com.github.dockerjava.api.command.PullImageResultCallback - ResponseItem(stream=null, status=Downloading, progressDetail=ResponseItem.ProgressDetail(current=597220, total=29125963, start=null), progress=[=>                                                 ]  597.2kB/29.13MB, id=af107e978371, from=null, time=null, errorDetail=null, error=null, aux=null)
21:49:51.051 [docker-java-stream--2064336329] DEBUG com.github.dockerjava.zerodep.shaded.org.apache.hc.client5.http.wire - http-outgoing-3 << "bc[\r][\n]"
21:49:51.051 [docker-java-stream--2064336329] DEBUG com.github.dockerjava.zerodep.shaded.org.apache.hc.client5.http.wire - http-outgoing-3 << "{"status":"Downloading","progressDetail":{"current":891205,"total":29125963},"progress":"[=\u003e                                                 ]  891.2kB/29.13MB","id":"af107e978371"}[\r][\n]"
21:49:51.051 [docker-java-stream--2064336329] DEBUG com.github.dockerjava.zerodep.shaded.org.apache.hc.client5.http.wire - http-outgoing-3 << "[\r][\n]"
21:49:51.051 [docker-java-stream--2064336329] DEBUG com.github.dockerjava.api.command.PullImageResultCallback - ResponseItem(stream=null, status=Downloading, progressDetail=ResponseItem.ProgressDetail(current=891205, total=29125963, start=null), progress=[=>                                                 ]  891.2kB/29.13MB, id=af107e978371, from=null, time=null, errorDetail=null, error=null, aux=null)
21:49:51.083 [docker-java-stream--2064336329] DEBUG com.github.dockerjava.zerodep.shaded.org.apache.hc.client5.http.wire - http-outgoing-3 << "ba[\r][\n]"
21:49:51.083 [docker-java-stream--2064336329] DEBUG com.github.dockerjava.zerodep.shaded.org.apache.hc.client5.http.wire - http-outgoing-3 << "{"status":"Downloading","progressDetail":{"current":44348,"total":4422601},"progress":"[\u003e                                                  ]  44.35kB/4.423MB","id":"948f1cf08e62"}[\r][\n]"
21:49:51.083 [docker-java-stream--2064336329] DEBUG com.github.dockerjava.zerodep.shaded.org.apache.hc.client5.http.wire - http-outgoing-3 << "[\r][\n]"
21:49:51.083 [docker-java-stream--2064336329] DEBUG com.github.dockerjava.api.command.PullImageResultCallback - ResponseItem(stream=null, status=Downloading, progressDetail=ResponseItem.ProgressDetail(current=44348, total=4422601, start=null), progress=[>                                                  ]  44.35kB/4.423MB, id=948f1cf08e62, from=null, time=null, errorDetail=null, error=null, aux=null)
21:49:51.217 [docker-java-stream--2064336329] DEBUG com.github.dockerjava.zerodep.shaded.org.apache.hc.client5.http.wire - http-outgoing-3 << "bd[\r][\n]"
21:49:51.217 [docker-java-stream--2064336329] DEBUG com.github.dockerjava.zerodep.shaded.org.apache.hc.client5.http.wire - http-outgoing-3 << "{"status":"Downloading","progressDetail":{"current":1190213,"total":29125963},"progress":"[==\u003e                                                ]   1.19MB/29.13MB","id":"af107e978371"}[\r][\n]"
21:49:51.217 [docker-java-stream--2064336329] DEBUG com.github.dockerjava.zerodep.shaded.org.apache.hc.client5.http.wire - http-outgoing-3 << "[\r][\n]"
21:49:51.217 [docker-java-stream--2064336329] DEBUG com.github.dockerjava.api.command.PullImageResultCallback - ResponseItem(stream=null, status=Downloading, progressDetail=ResponseItem.ProgressDetail(current=1190213, total=29125963, start=null), progress=[==>                                                ]   1.19MB/29.13MB, id=af107e978371, from=null, time=null, errorDetail=null, error=null, aux=null)
21:49:51.643 [docker-java-stream--2064336329] DEBUG com.github.dockerjava.zerodep.shaded.org.apache.hc.client5.http.wire - http-outgoing-3 << "bb[\r][\n]"
21:49:51.643 [docker-java-stream--2064336329] DEBUG com.github.dockerjava.zerodep.shaded.org.apache.hc.client5.http.wire - http-outgoing-3 << "{"status":"Downloading","progressDetail":{"current":228635,"total":4422601},"progress":"[==\u003e                                                ]  228.6kB/4.423MB","id":"948f1cf08e62"}[\r][\n]"
21:49:51.643 [docker-java-stream--2064336329] DEBUG com.github.dockerjava.zerodep.shaded.org.apache.hc.client5.http.wire - http-outgoing-3 << "[\r][\n]"
21:49:51.643 [docker-java-stream--2064336329] DEBUG com.github.dockerjava.api.command.PullImageResultCallback - ResponseItem(stream=null, status=Downloading, progressDetail=ResponseItem.ProgressDetail(current=228635, total=4422601, start=null), progress=[==>                                                ]  228.6kB/4.423MB, id=948f1cf08e62, from=null, time=null, errorDetail=null, error=null, aux=null)
21:49:51.737 [docker-java-stream--2064336329] DEBUG com.github.dockerjava.zerodep.shaded.org.apache.hc.client5.http.wire - http-outgoing-3 << "bb[\r][\n]"
21:49:51.737 [docker-java-stream--2064336329] DEBUG com.github.dockerjava.zerodep.shaded.org.apache.hc.client5.http.wire - http-outgoing-3 << "{"status":"Downloading","progressDetail":{"current":277733,"total":4422601},"progress":"[===\u003e                                               ]  277.7kB/4.423MB","id":"948f1cf08e62"}[\r][\n]"
21:49:51.738 [docker-java-stream--2064336329] DEBUG com.github.dockerjava.zerodep.shaded.org.apache.hc.client5.http.wire - http-outgoing-3 << "[\r][\n]"
21:49:51.738 [docker-java-stream--2064336329] DEBUG com.github.dockerjava.api.command.PullImageResultCallback - ResponseItem(stream=null, status=Downloading, progressDetail=ResponseItem.ProgressDetail(current=277733, total=4422601, start=null), progress=[===>                                               ]  277.7kB/4.423MB, id=948f1cf08e62, from=null, time=null, errorDetail=null, error=null, aux=null)
21:49:53.540 [docker-java-stream--2064336329] DEBUG com.github.dockerjava.zerodep.shaded.org.apache.hc.client5.http.wire - http-outgoing-3 << "178[\r][\n]"
21:49:53.540 [docker-java-stream--2064336329] DEBUG com.github.dockerjava.zerodep.shaded.org.apache.hc.client5.http.wire - http-outgoing-3 << "{"status":"Downloading","progressDetail":{"current":1493317,"total":29125963},"progress":"[==\u003e                                                ]  1.493MB/29.13MB","id":"af107e978371"}[\r][\n]"
21:49:53.540 [docker-java-stream--2064336329] DEBUG com.github.dockerjava.zerodep.shaded.org.apache.hc.client5.http.wire - http-outgoing-3 << "{"status":"Downloading","progressDetail":{"current":425189,"total":4422601},"progress":"[====\u003e                                              ]  425.2kB/4.423MB","id":"948f1cf08e62"}[\r][\n]"
21:49:53.540 [docker-java-stream--2064336329] DEBUG com.github.dockerjava.zerodep.shaded.org.apache.hc.client5.http.wire - http-outgoing-3 << "[\r][\n]"
21:49:53.540 [docker-java-stream--2064336329] DEBUG com.github.dockerjava.api.command.PullImageResultCallback - ResponseItem(stream=null, status=Downloading, progressDetail=ResponseItem.ProgressDetail(current=1493317, total=29125963, start=null), progress=[==>                                                ]  1.493MB/29.13MB, id=af107e978371, from=null, time=null, errorDetail=null, error=null, aux=null)
21:49:53.540 [docker-java-stream--2064336329] DEBUG com.github.dockerjava.api.command.PullImageResultCallback - ResponseItem(stream=null, status=Downloading, progressDetail=ResponseItem.ProgressDetail(current=425189, total=4422601, start=null), progress=[====>                                              ]  425.2kB/4.423MB, id=948f1cf08e62, from=null, time=null, errorDetail=null, error=null, aux=null)
21:49:54.061 [docker-java-stream--2064336329] DEBUG com.github.dockerjava.zerodep.shaded.org.apache.hc.client5.http.wire - http-outgoing-3 << "3aa[\r][\n]"
21:49:54.061 [docker-java-stream--2064336329] DEBUG com.github.dockerjava.zerodep.shaded.org.apache.hc.client5.http.wire - http-outgoing-3 << "{"status":"Downloading","progressDetail":{"current":1796421,"total":29125963},"progress":"[===\u003e                                               ]  1.796MB/29.13MB","id":"af107e978371"}[\r][\n]"
21:49:54.061 [docker-java-stream--2064336329] DEBUG com.github.dockerjava.zerodep.shaded.org.apache.hc.client5.http.wire - http-outgoing-3 << "{"status":"Downloading","progressDetail":{"current":474341,"total":4422601},"progress":"[=====\u003e                                             ]  474.3kB/4.423MB","id":"948f1cf08e62"}[\r][\n]"
21:49:54.061 [docker-java-stream--2064336329] DEBUG com.github.dockerjava.zerodep.shaded.org.apache.hc.client5.http.wire - http-outgoing-3 << "{"status":"Downloading","progressDetail":{"current":2091333,"total":29125963},"progress":"[===\u003e                                               ]  2.091MB/29.13MB","id":"af107e978371"}[\r][\n]"
21:49:54.061 [docker-java-stream--2064336329] DEBUG com.github.dockerjava.zerodep.shaded.org.apache.hc.client5.http.wire - http-outgoing-3 << "{"status":"Downloading","progressDetail":{"current":621797,"total":4422601},"progress":"[=======\u003e                                           ]  621.8kB/4.423MB","id":"948f1cf08e62"}[\r][\n]"
21:49:54.061 [docker-java-stream--2064336329] DEBUG com.github.dockerjava.zerodep.shaded.org.apache.hc.client5.http.wire - http-outgoing-3 << "{"status":"Downloading","progressDetail":{"current":15778,"total":1445272},"progress":"[\u003e                                                  ]  15.78kB/1.445MB","id":"1a83ab26a0f0"}[\r][\n]"
21:49:54.061 [docker-java-stream--2064336329] DEBUG com.github.dockerjava.zerodep.shaded.org.apache.hc.client5.http.wire - http-outgoing-3 << "[\r][\n]"
21:49:54.061 [docker-java-stream--2064336329] DEBUG com.github.dockerjava.api.command.PullImageResultCallback - ResponseItem(stream=null, status=Downloading, progressDetail=ResponseItem.ProgressDetail(current=1796421, total=29125963, start=null), progress=[===>                                               ]  1.796MB/29.13MB, id=af107e978371, from=null, time=null, errorDetail=null, error=null, aux=null)
21:49:54.061 [docker-java-stream--2064336329] DEBUG com.github.dockerjava.api.command.PullImageResultCallback - ResponseItem(stream=null, status=Downloading, progressDetail=ResponseItem.ProgressDetail(current=474341, total=4422601, start=null), progress=[=====>                                             ]  474.3kB/4.423MB, id=948f1cf08e62, from=null, time=null, errorDetail=null, error=null, aux=null)
21:49:54.061 [docker-java-stream--2064336329] DEBUG com.github.dockerjava.api.command.PullImageResultCallback - ResponseItem(stream=null, status=Downloading, progressDetail=ResponseItem.ProgressDetail(current=2091333, total=29125963, start=null), progress=[===>                                               ]  2.091MB/29.13MB, id=af107e978371, from=null, time=null, errorDetail=null, error=null, aux=null)
21:49:54.061 [docker-java-stream--2064336329] DEBUG com.github.dockerjava.api.command.PullImageResultCallback - ResponseItem(stream=null, status=Downloading, progressDetail=ResponseItem.ProgressDetail(current=621797, total=4422601, start=null), progress=[=======>                                           ]  621.8kB/4.423MB, id=948f1cf08e62, from=null, time=null, errorDetail=null, error=null, aux=null)
21:49:54.061 [docker-java-stream--2064336329] DEBUG com.github.dockerjava.api.command.PullImageResultCallback - ResponseItem(stream=null, status=Downloading, progressDetail=ResponseItem.ProgressDetail(current=15778, total=1445272, start=null), progress=[>                                                  ]  15.78kB/1.445MB, id=1a83ab26a0f0, from=null, time=null, errorDetail=null, error=null, aux=null)
21:49:54.396 [docker-java-stream--2064336329] DEBUG com.github.dockerjava.zerodep.shaded.org.apache.hc.client5.http.wire - http-outgoing-3 << "bd[\r][\n]"
21:49:54.396 [docker-java-stream--2064336329] DEBUG com.github.dockerjava.zerodep.shaded.org.apache.hc.client5.http.wire - http-outgoing-3 << "{"status":"Downloading","progressDetail":{"current":2386245,"total":29125963},"progress":"[====\u003e                                              ]  2.386MB/29.13MB","id":"af107e978371"}[\r][\n]"
21:49:54.396 [docker-java-stream--2064336329] DEBUG com.github.dockerjava.zerodep.shaded.org.apache.hc.client5.http.wire - http-outgoing-3 << "[\r][\n]"
21:49:54.485 [docker-java-stream--2064336329] DEBUG com.github.dockerjava.api.command.PullImageResultCallback - ResponseItem(stream=null, status=Downloading, progressDetail=ResponseItem.ProgressDetail(current=2386245, total=29125963, start=null), progress=[====>                                              ]  2.386MB/29.13MB, id=af107e978371, from=null, time=null, errorDetail=null, error=null, aux=null)
21:49:54.485 [docker-java-stream--2064336329] DEBUG com.github.dockerjava.zerodep.shaded.org.apache.hc.client5.http.wire - http-outgoing-3 << "ba[\r][\n]"
21:49:54.485 [docker-java-stream--2064336329] DEBUG com.github.dockerjava.zerodep.shaded.org.apache.hc.client5.http.wire - http-outgoing-3 << "{"status":"Downloading","progressDetail":{"current":63759,"total":1445272},"progress":"[==\u003e                                                ]  63.76kB/1.445MB","id":"1a83ab26a0f0"}[\r][\n]"
21:49:54.485 [docker-java-stream--2064336329] DEBUG com.github.dockerjava.zerodep.shaded.org.apache.hc.client5.http.wire - http-outgoing-3 << "[\r][\n]"
21:49:54.485 [docker-java-stream--2064336329] DEBUG com.github.dockerjava.zerodep.shaded.org.apache.hc.client5.http.wire - http-outgoing-3 << "bb[\r][\n]"
21:49:54.485 [docker-java-stream--2064336329] DEBUG com.github.dockerjava.zerodep.shaded.org.apache.hc.client5.http.wire - http-outgoing-3 << "{"status":"Downloading","progressDetail":{"current":965861,"total":4422601},"progress":"[==========\u003e                                        ]  965.9kB/4.423MB","id":"948f1cf08e62"}[\r][\n]"
21:49:54.485 [docker-java-stream--2064336329] DEBUG com.github.dockerjava.zerodep.shaded.org.apache.hc.client5.http.wire - http-outgoing-3 << "[\r][\n]"
21:49:54.485 [docker-java-stream--2064336329] DEBUG com.github.dockerjava.zerodep.shaded.org.apache.hc.client5.http.wire - http-outgoing-3 << "bd[\r][\n]"
21:49:54.485 [docker-java-stream--2064336329] DEBUG com.github.dockerjava.zerodep.shaded.org.apache.hc.client5.http.wire - http-outgoing-3 << "{"status":"Downloading","progressDetail":{"current":2689349,"total":29125963},"progress":"[====\u003e                                              ]  2.689MB/29.13MB","id":"af107e978371"}[\r][\n]"
21:49:54.485 [docker-java-stream--2064336329] DEBUG com.github.dockerjava.zerodep.shaded.org.apache.hc.client5.http.wire - http-outgoing-3 << "[\r][\n]"
21:49:54.486 [docker-java-stream--2064336329] DEBUG com.github.dockerjava.api.command.PullImageResultCallback - ResponseItem(stream=null, status=Downloading, progressDetail=ResponseItem.ProgressDetail(current=63759, total=1445272, start=null), progress=[==>                                                ]  63.76kB/1.445MB, id=1a83ab26a0f0, from=null, time=null, errorDetail=null, error=null, aux=null)
21:49:54.486 [docker-java-stream--2064336329] DEBUG com.github.dockerjava.api.command.PullImageResultCallback - ResponseItem(stream=null, status=Downloading, progressDetail=ResponseItem.ProgressDetail(current=965861, total=4422601, start=null), progress=[==========>                                        ]  965.9kB/4.423MB, id=948f1cf08e62, from=null, time=null, errorDetail=null, error=null, aux=null)
21:49:54.486 [docker-java-stream--2064336329] DEBUG com.github.dockerjava.api.command.PullImageResultCallback - ResponseItem(stream=null, status=Downloading, progressDetail=ResponseItem.ProgressDetail(current=2689349, total=29125963, start=null), progress=[====>                                              ]  2.689MB/29.13MB, id=af107e978371, from=null, time=null, errorDetail=null, error=null, aux=null)
21:49:54.509 [docker-java-stream--2064336329] DEBUG com.github.dockerjava.zerodep.shaded.org.apache.hc.client5.http.wire - http-outgoing-3 << "bb[\r][\n]"
21:49:54.510 [docker-java-stream--2064336329] DEBUG com.github.dockerjava.zerodep.shaded.org.apache.hc.client5.http.wire - http-outgoing-3 << "{"status":"Downloading","progressDetail":{"current":261404,"total":1445272},"progress":"[=========\u003e                                         ]  261.4kB/1.445MB","id":"1a83ab26a0f0"}[\r][\n]"
21:49:54.510 [docker-java-stream--2064336329] DEBUG com.github.dockerjava.zerodep.shaded.org.apache.hc.client5.http.wire - http-outgoing-3 << "[\r][\n]"
21:49:54.510 [docker-java-stream--2064336329] DEBUG com.github.dockerjava.api.command.PullImageResultCallback - ResponseItem(stream=null, status=Downloading, progressDetail=ResponseItem.ProgressDetail(current=261404, total=1445272, start=null), progress=[=========>                                         ]  261.4kB/1.445MB, id=1a83ab26a0f0, from=null, time=null, errorDetail=null, error=null, aux=null)
21:49:54.727 [docker-java-stream--2064336329] DEBUG com.github.dockerjava.zerodep.shaded.org.apache.hc.client5.http.wire - http-outgoing-3 << "177[\r][\n]"
21:49:54.727 [docker-java-stream--2064336329] DEBUG com.github.dockerjava.zerodep.shaded.org.apache.hc.client5.http.wire - http-outgoing-3 << "{"status":"Downloading","progressDetail":{"current":294172,"total":1445272},"progress":"[==========\u003e                                        ]  294.2kB/1.445MB","id":"1a83ab26a0f0"}[\r][\n]"
21:49:54.727 [docker-java-stream--2064336329] DEBUG com.github.dockerjava.zerodep.shaded.org.apache.hc.client5.http.wire - http-outgoing-3 << "{"status":"Downloading","progressDetail":{"current":1415499,"total":4422601},"progress":"[================\u003e                                  ]  1.415MB/4.423MB","id":"948f1cf08e62"}[\r][\n]"
21:49:54.727 [docker-java-stream--2064336329] DEBUG com.github.dockerjava.zerodep.shaded.org.apache.hc.client5.http.wire - http-outgoing-3 << "[\r][\n]"
21:49:54.727 [docker-java-stream--2064336329] DEBUG com.github.dockerjava.api.command.PullImageResultCallback - ResponseItem(stream=null, status=Downloading, progressDetail=ResponseItem.ProgressDetail(current=294172, total=1445272, start=null), progress=[==========>                                        ]  294.2kB/1.445MB, id=1a83ab26a0f0, from=null, time=null, errorDetail=null, error=null, aux=null)
21:49:54.727 [docker-java-stream--2064336329] DEBUG com.github.dockerjava.api.command.PullImageResultCallback - ResponseItem(stream=null, status=Downloading, progressDetail=ResponseItem.ProgressDetail(current=1415499, total=4422601, start=null), progress=[================>                                  ]  1.415MB/4.423MB, id=948f1cf08e62, from=null, time=null, errorDetail=null, error=null, aux=null)
21:49:55.122 [docker-java-stream--2064336329] DEBUG com.github.dockerjava.zerodep.shaded.org.apache.hc.client5.http.wire - http-outgoing-3 << "bb[\r][\n]"
21:49:55.122 [docker-java-stream--2064336329] DEBUG com.github.dockerjava.zerodep.shaded.org.apache.hc.client5.http.wire - http-outgoing-3 << "{"status":"Downloading","progressDetail":{"current":326940,"total":1445272},"progress":"[===========\u003e                                       ]  326.9kB/1.445MB","id":"1a83ab26a0f0"}[\r][\n]"
21:49:55.122 [docker-java-stream--2064336329] DEBUG com.github.dockerjava.zerodep.shaded.org.apache.hc.client5.http.wire - http-outgoing-3 << "[\r][\n]"
21:49:55.122 [docker-java-stream--2064336329] DEBUG com.github.dockerjava.api.command.PullImageResultCallback - ResponseItem(stream=null, status=Downloading, progressDetail=ResponseItem.ProgressDetail(current=326940, total=1445272, start=null), progress=[===========>                                       ]  326.9kB/1.445MB, id=1a83ab26a0f0, from=null, time=null, errorDetail=null, error=null, aux=null)
21:49:55.132 [docker-java-stream--2064336329] DEBUG com.github.dockerjava.zerodep.shaded.org.apache.hc.client5.http.wire - http-outgoing-3 << "bc[\r][\n]"
21:49:55.133 [docker-java-stream--2064336329] DEBUG com.github.dockerjava.zerodep.shaded.org.apache.hc.client5.http.wire - http-outgoing-3 << "{"status":"Downloading","progressDetail":{"current":1513803,"total":4422601},"progress":"[=================\u003e                                 ]  1.514MB/4.423MB","id":"948f1cf08e62"}[\r][\n]"
21:49:55.133 [docker-java-stream--2064336329] DEBUG com.github.dockerjava.zerodep.shaded.org.apache.hc.client5.http.wire - http-outgoing-3 << "[\r][\n]"
21:49:55.133 [docker-java-stream--2064336329] DEBUG com.github.dockerjava.api.command.PullImageResultCallback - ResponseItem(stream=null, status=Downloading, progressDetail=ResponseItem.ProgressDetail(current=1513803, total=4422601, start=null), progress=[=================>                                 ]  1.514MB/4.423MB, id=948f1cf08e62, from=null, time=null, errorDetail=null, error=null, aux=null)
21:49:55.203 [docker-java-stream--2064336329] DEBUG com.github.dockerjava.zerodep.shaded.org.apache.hc.client5.http.wire - http-outgoing-3 << "bd[\r][\n]"
21:49:55.203 [docker-java-stream--2064336329] DEBUG com.github.dockerjava.zerodep.shaded.org.apache.hc.client5.http.wire - http-outgoing-3 << "{"status":"Downloading","progressDetail":{"current":2992453,"total":29125963},"progress":"[=====\u003e                                             ]  2.992MB/29.13MB","id":"af107e978371"}[\r][\n]"
21:49:55.203 [docker-java-stream--2064336329] DEBUG com.github.dockerjava.zerodep.shaded.org.apache.hc.client5.http.wire - http-outgoing-3 << "[\r][\n]"
21:49:55.203 [docker-java-stream--2064336329] DEBUG com.github.dockerjava.api.command.PullImageResultCallback - ResponseItem(stream=null, status=Downloading, progressDetail=ResponseItem.ProgressDetail(current=2992453, total=29125963, start=null), progress=[=====>                                             ]  2.992MB/29.13MB, id=af107e978371, from=null, time=null, errorDetail=null, error=null, aux=null)
21:49:55.273 [docker-java-stream--2064336329] DEBUG com.github.dockerjava.zerodep.shaded.org.apache.hc.client5.http.wire - http-outgoing-3 << "bb[\r][\n]"
21:49:55.273 [docker-java-stream--2064336329] DEBUG com.github.dockerjava.zerodep.shaded.org.apache.hc.client5.http.wire - http-outgoing-3 << "{"status":"Downloading","progressDetail":{"current":376092,"total":1445272},"progress":"[=============\u003e                                     ]  376.1kB/1.445MB","id":"1a83ab26a0f0"}[\r][\n]"
21:49:55.273 [docker-java-stream--2064336329] DEBUG com.github.dockerjava.zerodep.shaded.org.apache.hc.client5.http.wire - http-outgoing-3 << "[\r][\n]"
21:49:55.273 [docker-java-stream--2064336329] DEBUG com.github.dockerjava.api.command.PullImageResultCallback - ResponseItem(stream=null, status=Downloading, progressDetail=ResponseItem.ProgressDetail(current=376092, total=1445272, start=null), progress=[=============>                                     ]  376.1kB/1.445MB, id=1a83ab26a0f0, from=null, time=null, errorDetail=null, error=null, aux=null)
21:49:55.379 [docker-java-stream--2064336329] DEBUG com.github.dockerjava.zerodep.shaded.org.apache.hc.client5.http.wire - http-outgoing-3 << "bb[\r][\n]"
21:49:55.379 [docker-java-stream--2064336329] DEBUG com.github.dockerjava.zerodep.shaded.org.apache.hc.client5.http.wire - http-outgoing-3 << "{"status":"Downloading","progressDetail":{"current":408806,"total":1445272},"progress":"[==============\u003e                                    ]  408.8kB/1.445MB","id":"1a83ab26a0f0"}[\r][\n]"
21:49:55.379 [docker-java-stream--2064336329] DEBUG com.github.dockerjava.zerodep.shaded.org.apache.hc.client5.http.wire - http-outgoing-3 << "[\r][\n]"
21:49:55.379 [docker-java-stream--2064336329] DEBUG com.github.dockerjava.api.command.PullImageResultCallback - ResponseItem(stream=null, status=Downloading, progressDetail=ResponseItem.ProgressDetail(current=408806, total=1445272, start=null), progress=[==============>                                    ]  408.8kB/1.445MB, id=1a83ab26a0f0, from=null, time=null, errorDetail=null, error=null, aux=null)
21:49:55.524 [docker-java-stream--2064336329] DEBUG com.github.dockerjava.zerodep.shaded.org.apache.hc.client5.http.wire - http-outgoing-3 << "bc[\r][\n]"
21:49:55.524 [docker-java-stream--2064336329] DEBUG com.github.dockerjava.zerodep.shaded.org.apache.hc.client5.http.wire - http-outgoing-3 << "{"status":"Downloading","progressDetail":{"current":1608011,"total":4422601},"progress":"[==================\u003e                                ]  1.608MB/4.423MB","id":"948f1cf08e62"}[\r][\n]"
21:49:55.524 [docker-java-stream--2064336329] DEBUG com.github.dockerjava.zerodep.shaded.org.apache.hc.client5.http.wire - http-outgoing-3 << "[\r][\n]"
21:49:55.524 [docker-java-stream--2064336329] DEBUG com.github.dockerjava.api.command.PullImageResultCallback - ResponseItem(stream=null, status=Downloading, progressDetail=ResponseItem.ProgressDetail(current=1608011, total=4422601, start=null), progress=[==================>                                ]  1.608MB/4.423MB, id=948f1cf08e62, from=null, time=null, errorDetail=null, error=null, aux=null)
21:49:55.703 [docker-java-stream--2064336329] DEBUG com.github.dockerjava.zerodep.shaded.org.apache.hc.client5.http.wire - http-outgoing-3 << "177[\r][\n]"
21:49:55.703 [docker-java-stream--2064336329] DEBUG com.github.dockerjava.zerodep.shaded.org.apache.hc.client5.http.wire - http-outgoing-3 << "{"status":"Downloading","progressDetail":{"current":490726,"total":1445272},"progress":"[================\u003e                                  ]  490.7kB/1.445MB","id":"1a83ab26a0f0"}[\r][\n]"
21:49:55.703 [docker-java-stream--2064336329] DEBUG com.github.dockerjava.zerodep.shaded.org.apache.hc.client5.http.wire - http-outgoing-3 << "{"status":"Downloading","progressDetail":{"current":1657163,"total":4422601},"progress":"[==================\u003e                                ]  1.657MB/4.423MB","id":"948f1cf08e62"}[\r][\n]"
21:49:56.048 [docker-java-stream--2064336329] DEBUG com.github.dockerjava.zerodep.shaded.org.apache.hc.client5.http.wire - http-outgoing-3 << "[\r][\n]"
21:49:56.049 [docker-java-stream--2064336329] DEBUG com.github.dockerjava.api.command.PullImageResultCallback - ResponseItem(stream=null, status=Downloading, progressDetail=ResponseItem.ProgressDetail(current=490726, total=1445272, start=null), progress=[================>                                  ]  490.7kB/1.445MB, id=1a83ab26a0f0, from=null, time=null, errorDetail=null, error=null, aux=null)
21:49:56.049 [docker-java-stream--2064336329] DEBUG com.github.dockerjava.api.command.PullImageResultCallback - ResponseItem(stream=null, status=Downloading, progressDetail=ResponseItem.ProgressDetail(current=1657163, total=4422601, start=null), progress=[==================>                                ]  1.657MB/4.423MB, id=948f1cf08e62, from=null, time=null, errorDetail=null, error=null, aux=null)
21:49:56.049 [docker-java-stream--2064336329] DEBUG com.github.dockerjava.zerodep.shaded.org.apache.hc.client5.http.wire - http-outgoing-3 << "bb[\r][\n]"
21:49:56.049 [docker-java-stream--2064336329] DEBUG com.github.dockerjava.zerodep.shaded.org.apache.hc.client5.http.wire - http-outgoing-3 << "{"status":"Downloading","progressDetail":{"current":507110,"total":1445272},"progress":"[=================\u003e                                 ]  507.1kB/1.445MB","id":"1a83ab26a0f0"}[\r][\n]"
21:49:56.049 [docker-java-stream--2064336329] DEBUG com.github.dockerjava.zerodep.shaded.org.apache.hc.client5.http.wire - http-outgoing-3 << "[\r][\n]"
21:49:56.049 [docker-java-stream--2064336329] DEBUG com.github.dockerjava.zerodep.shaded.org.apache.hc.client5.http.wire - http-outgoing-3 << "234[\r][\n]"
21:49:56.049 [docker-java-stream--2064336329] DEBUG com.github.dockerjava.zerodep.shaded.org.apache.hc.client5.http.wire - http-outgoing-3 << "{"status":"Downloading","progressDetail":{"current":3291461,"total":29125963},"progress":"[=====\u003e                                             ]  3.291MB/29.13MB","id":"af107e978371"}[\r][\n]"
21:49:56.049 [docker-java-stream--2064336329] DEBUG com.github.dockerjava.zerodep.shaded.org.apache.hc.client5.http.wire - http-outgoing-3 << "{"status":"Downloading","progressDetail":{"current":1804619,"total":4422601},"progress":"[====================\u003e                              ]  1.805MB/4.423MB","id":"948f1cf08e62"}[\r][\n]"
21:49:56.049 [docker-java-stream--2064336329] DEBUG com.github.dockerjava.zerodep.shaded.org.apache.hc.client5.http.wire - http-outgoing-3 << "{"status":"Downloading","progressDetail":{"current":589030,"total":1445272},"progress":"[====================\u003e                              ]    589kB/1.445MB","id":"1a83ab26a0f0"}[\r][\n]"
21:49:56.049 [docker-java-stream--2064336329] DEBUG com.github.dockerjava.zerodep.shaded.org.apache.hc.client5.http.wire - http-outgoing-3 << "[\r][\n]"
21:49:56.049 [docker-java-stream--2064336329] DEBUG com.github.dockerjava.api.command.PullImageResultCallback - ResponseItem(stream=null, status=Downloading, progressDetail=ResponseItem.ProgressDetail(current=507110, total=1445272, start=null), progress=[=================>                                 ]  507.1kB/1.445MB, id=1a83ab26a0f0, from=null, time=null, errorDetail=null, error=null, aux=null)
21:49:56.049 [docker-java-stream--2064336329] DEBUG com.github.dockerjava.api.command.PullImageResultCallback - ResponseItem(stream=null, status=Downloading, progressDetail=ResponseItem.ProgressDetail(current=3291461, total=29125963, start=null), progress=[=====>                                             ]  3.291MB/29.13MB, id=af107e978371, from=null, time=null, errorDetail=null, error=null, aux=null)
21:49:56.049 [docker-java-stream--2064336329] DEBUG com.github.dockerjava.api.command.PullImageResultCallback - ResponseItem(stream=null, status=Downloading, progressDetail=ResponseItem.ProgressDetail(current=1804619, total=4422601, start=null), progress=[====================>                              ]  1.805MB/4.423MB, id=948f1cf08e62, from=null, time=null, errorDetail=null, error=null, aux=null)
21:49:56.049 [docker-java-stream--2064336329] DEBUG com.github.dockerjava.api.command.PullImageResultCallback - ResponseItem(stream=null, status=Downloading, progressDetail=ResponseItem.ProgressDetail(current=589030, total=1445272, start=null), progress=[====================>                              ]    589kB/1.445MB, id=1a83ab26a0f0, from=null, time=null, errorDetail=null, error=null, aux=null)
21:49:56.251 [docker-java-stream--2064336329] DEBUG com.github.dockerjava.zerodep.shaded.org.apache.hc.client5.http.wire - http-outgoing-3 << "bc[\r][\n]"
21:49:56.251 [docker-java-stream--2064336329] DEBUG com.github.dockerjava.zerodep.shaded.org.apache.hc.client5.http.wire - http-outgoing-3 << "{"status":"Downloading","progressDetail":{"current":2001227,"total":4422601},"progress":"[======================\u003e                            ]  2.001MB/4.423MB","id":"948f1cf08e62"}[\r][\n]"
21:49:56.251 [docker-java-stream--2064336329] DEBUG com.github.dockerjava.zerodep.shaded.org.apache.hc.client5.http.wire - http-outgoing-3 << "[\r][\n]"
21:49:56.251 [docker-java-stream--2064336329] DEBUG com.github.dockerjava.api.command.PullImageResultCallback - ResponseItem(stream=null, status=Downloading, progressDetail=ResponseItem.ProgressDetail(current=2001227, total=4422601, start=null), progress=[======================>                            ]  2.001MB/4.423MB, id=948f1cf08e62, from=null, time=null, errorDetail=null, error=null, aux=null)
21:49:56.386 [docker-java-stream--2064336329] DEBUG com.github.dockerjava.zerodep.shaded.org.apache.hc.client5.http.wire - http-outgoing-3 << "bb[\r][\n]"
21:49:56.386 [docker-java-stream--2064336329] DEBUG com.github.dockerjava.zerodep.shaded.org.apache.hc.client5.http.wire - http-outgoing-3 << "{"status":"Downloading","progressDetail":{"current":720102,"total":1445272},"progress":"[========================\u003e                          ]  720.1kB/1.445MB","id":"1a83ab26a0f0"}[\r][\n]"
21:49:56.386 [docker-java-stream--2064336329] DEBUG com.github.dockerjava.zerodep.shaded.org.apache.hc.client5.http.wire - http-outgoing-3 << "[\r][\n]"
21:49:56.386 [docker-java-stream--2064336329] DEBUG com.github.dockerjava.api.command.PullImageResultCallback - ResponseItem(stream=null, status=Downloading, progressDetail=ResponseItem.ProgressDetail(current=720102, total=1445272, start=null), progress=[========================>                          ]  720.1kB/1.445MB, id=1a83ab26a0f0, from=null, time=null, errorDetail=null, error=null, aux=null)
21:49:56.916 [docker-java-stream--2064336329] DEBUG com.github.dockerjava.zerodep.shaded.org.apache.hc.client5.http.wire - http-outgoing-3 << "234[\r][\n]"
21:49:56.916 [docker-java-stream--2064336329] DEBUG com.github.dockerjava.zerodep.shaded.org.apache.hc.client5.http.wire - http-outgoing-3 << "{"status":"Downloading","progressDetail":{"current":2050379,"total":4422601},"progress":"[=======================\u003e                           ]   2.05MB/4.423MB","id":"948f1cf08e62"}[\r][\n]"
21:49:56.916 [docker-java-stream--2064336329] DEBUG com.github.dockerjava.zerodep.shaded.org.apache.hc.client5.http.wire - http-outgoing-3 << "{"status":"Downloading","progressDetail":{"current":752870,"total":1445272},"progress":"[==========================\u003e                        ]  752.9kB/1.445MB","id":"1a83ab26a0f0"}[\r][\n]"
21:49:56.916 [docker-java-stream--2064336329] DEBUG com.github.dockerjava.zerodep.shaded.org.apache.hc.client5.http.wire - http-outgoing-3 << "{"status":"Downloading","progressDetail":{"current":3586373,"total":29125963},"progress":"[======\u003e                                            ]  3.586MB/29.13MB","id":"af107e978371"}[\r][\n]"
21:49:56.916 [docker-java-stream--2064336329] DEBUG com.github.dockerjava.zerodep.shaded.org.apache.hc.client5.http.wire - http-outgoing-3 << "[\r][\n]"
21:49:56.916 [docker-java-stream--2064336329] DEBUG com.github.dockerjava.api.command.PullImageResultCallback - ResponseItem(stream=null, status=Downloading, progressDetail=ResponseItem.ProgressDetail(current=2050379, total=4422601, start=null), progress=[=======================>                           ]   2.05MB/4.423MB, id=948f1cf08e62, from=null, time=null, errorDetail=null, error=null, aux=null)
21:49:56.916 [docker-java-stream--2064336329] DEBUG com.github.dockerjava.api.command.PullImageResultCallback - ResponseItem(stream=null, status=Downloading, progressDetail=ResponseItem.ProgressDetail(current=752870, total=1445272, start=null), progress=[==========================>                        ]  752.9kB/1.445MB, id=1a83ab26a0f0, from=null, time=null, errorDetail=null, error=null, aux=null)
21:49:56.916 [docker-java-stream--2064336329] DEBUG com.github.dockerjava.api.command.PullImageResultCallback - ResponseItem(stream=null, status=Downloading, progressDetail=ResponseItem.ProgressDetail(current=3586373, total=29125963, start=null), progress=[======>                                            ]  3.586MB/29.13MB, id=af107e978371, from=null, time=null, errorDetail=null, error=null, aux=null)
21:49:56.934 [docker-java-stream--2064336329] DEBUG com.github.dockerjava.zerodep.shaded.org.apache.hc.client5.http.wire - http-outgoing-3 << "bb[\r][\n]"
21:49:56.934 [docker-java-stream--2064336329] DEBUG com.github.dockerjava.zerodep.shaded.org.apache.hc.client5.http.wire - http-outgoing-3 << "{"status":"Downloading","progressDetail":{"current":802022,"total":1445272},"progress":"[===========================\u003e                       ]    802kB/1.445MB","id":"1a83ab26a0f0"}[\r][\n]"
21:49:56.934 [docker-java-stream--2064336329] DEBUG com.github.dockerjava.zerodep.shaded.org.apache.hc.client5.http.wire - http-outgoing-3 << "[\r][\n]"
21:49:56.934 [docker-java-stream--2064336329] DEBUG com.github.dockerjava.api.command.PullImageResultCallback - ResponseItem(stream=null, status=Downloading, progressDetail=ResponseItem.ProgressDetail(current=802022, total=1445272, start=null), progress=[===========================>                       ]    802kB/1.445MB, id=1a83ab26a0f0, from=null, time=null, errorDetail=null, error=null, aux=null)
21:49:56.936 [docker-java-stream--2064336329] DEBUG com.github.dockerjava.zerodep.shaded.org.apache.hc.client5.http.wire - http-outgoing-3 << "bc[\r][\n]"
21:49:56.936 [docker-java-stream--2064336329] DEBUG com.github.dockerjava.zerodep.shaded.org.apache.hc.client5.http.wire - http-outgoing-3 << "{"status":"Downloading","progressDetail":{"current":2148683,"total":4422601},"progress":"[========================\u003e                          ]  2.149MB/4.423MB","id":"948f1cf08e62"}[\r][\n]"
21:49:56.936 [docker-java-stream--2064336329] DEBUG com.github.dockerjava.zerodep.shaded.org.apache.hc.client5.http.wire - http-outgoing-3 << "[\r][\n]"
21:49:56.937 [docker-java-stream--2064336329] DEBUG com.github.dockerjava.api.command.PullImageResultCallback - ResponseItem(stream=null, status=Downloading, progressDetail=ResponseItem.ProgressDetail(current=2148683, total=4422601, start=null), progress=[========================>                          ]  2.149MB/4.423MB, id=948f1cf08e62, from=null, time=null, errorDetail=null, error=null, aux=null)
21:49:57.141 [docker-java-stream--2064336329] DEBUG com.github.dockerjava.zerodep.shaded.org.apache.hc.client5.http.wire - http-outgoing-3 << "bb[\r][\n]"
21:49:57.141 [docker-java-stream--2064336329] DEBUG com.github.dockerjava.zerodep.shaded.org.apache.hc.client5.http.wire - http-outgoing-3 << "{"status":"Downloading","progressDetail":{"current":834790,"total":1445272},"progress":"[============================\u003e                      ]  834.8kB/1.445MB","id":"1a83ab26a0f0"}[\r][\n]"
21:49:57.141 [docker-java-stream--2064336329] DEBUG com.github.dockerjava.zerodep.shaded.org.apache.hc.client5.http.wire - http-outgoing-3 << "[\r][\n]"
21:49:57.141 [docker-java-stream--2064336329] DEBUG com.github.dockerjava.api.command.PullImageResultCallback - ResponseItem(stream=null, status=Downloading, progressDetail=ResponseItem.ProgressDetail(current=834790, total=1445272, start=null), progress=[============================>                      ]  834.8kB/1.445MB, id=1a83ab26a0f0, from=null, time=null, errorDetail=null, error=null, aux=null)
21:49:57.143 [docker-java-stream--2064336329] DEBUG com.github.dockerjava.zerodep.shaded.org.apache.hc.client5.http.wire - http-outgoing-3 << "bc[\r][\n]"
21:49:57.143 [docker-java-stream--2064336329] DEBUG com.github.dockerjava.zerodep.shaded.org.apache.hc.client5.http.wire - http-outgoing-3 << "{"status":"Downloading","progressDetail":{"current":2197835,"total":4422601},"progress":"[========================\u003e                          ]  2.198MB/4.423MB","id":"948f1cf08e62"}[\r][\n]"
21:49:57.143 [docker-java-stream--2064336329] DEBUG com.github.dockerjava.zerodep.shaded.org.apache.hc.client5.http.wire - http-outgoing-3 << "[\r][\n]"
21:49:57.143 [docker-java-stream--2064336329] DEBUG com.github.dockerjava.api.command.PullImageResultCallback - ResponseItem(stream=null, status=Downloading, progressDetail=ResponseItem.ProgressDetail(current=2197835, total=4422601, start=null), progress=[========================>                          ]  2.198MB/4.423MB, id=948f1cf08e62, from=null, time=null, errorDetail=null, error=null, aux=null)
21:49:57.432 [docker-java-stream--2064336329] DEBUG com.github.dockerjava.zerodep.shaded.org.apache.hc.client5.http.wire - http-outgoing-3 << "bb[\r][\n]"
21:49:57.432 [docker-java-stream--2064336329] DEBUG com.github.dockerjava.zerodep.shaded.org.apache.hc.client5.http.wire - http-outgoing-3 << "{"status":"Downloading","progressDetail":{"current":883942,"total":1445272},"progress":"[==============================\u003e                    ]  883.9kB/1.445MB","id":"1a83ab26a0f0"}[\r][\n]"
21:49:57.432 [docker-java-stream--2064336329] DEBUG com.github.dockerjava.zerodep.shaded.org.apache.hc.client5.http.wire - http-outgoing-3 << "[\r][\n]"
21:49:57.432 [docker-java-stream--2064336329] DEBUG com.github.dockerjava.api.command.PullImageResultCallback - ResponseItem(stream=null, status=Downloading, progressDetail=ResponseItem.ProgressDetail(current=883942, total=1445272, start=null), progress=[==============================>                    ]  883.9kB/1.445MB, id=1a83ab26a0f0, from=null, time=null, errorDetail=null, error=null, aux=null)
21:49:57.642 [docker-java-stream--2064336329] DEBUG com.github.dockerjava.zerodep.shaded.org.apache.hc.client5.http.wire - http-outgoing-3 << "177[\r][\n]"
21:49:57.642 [docker-java-stream--2064336329] DEBUG com.github.dockerjava.zerodep.shaded.org.apache.hc.client5.http.wire - http-outgoing-3 << "{"status":"Downloading","progressDetail":{"current":2296139,"total":4422601},"progress":"[=========================\u003e                         ]  2.296MB/4.423MB","id":"948f1cf08e62"}[\r][\n]"
21:49:57.642 [docker-java-stream--2064336329] DEBUG com.github.dockerjava.zerodep.shaded.org.apache.hc.client5.http.wire - http-outgoing-3 << "{"status":"Downloading","progressDetail":{"current":900326,"total":1445272},"progress":"[===============================\u003e                   ]  900.3kB/1.445MB","id":"1a83ab26a0f0"}[\r][\n]"
21:49:57.642 [docker-java-stream--2064336329] DEBUG com.github.dockerjava.zerodep.shaded.org.apache.hc.client5.http.wire - http-outgoing-3 << "[\r][\n]"
21:49:57.685 [docker-java-stream--2064336329] DEBUG com.github.dockerjava.api.command.PullImageResultCallback - ResponseItem(stream=null, status=Downloading, progressDetail=ResponseItem.ProgressDetail(current=2296139, total=4422601, start=null), progress=[=========================>                         ]  2.296MB/4.423MB, id=948f1cf08e62, from=null, time=null, errorDetail=null, error=null, aux=null)
21:49:57.685 [docker-java-stream--2064336329] DEBUG com.github.dockerjava.api.command.PullImageResultCallback - ResponseItem(stream=null, status=Downloading, progressDetail=ResponseItem.ProgressDetail(current=900326, total=1445272, start=null), progress=[===============================>                   ]  900.3kB/1.445MB, id=1a83ab26a0f0, from=null, time=null, errorDetail=null, error=null, aux=null)
21:49:57.871 [docker-java-stream--2064336329] DEBUG com.github.dockerjava.zerodep.shaded.org.apache.hc.client5.http.wire - http-outgoing-3 << "178[\r][\n]"
21:49:57.871 [docker-java-stream--2064336329] DEBUG com.github.dockerjava.zerodep.shaded.org.apache.hc.client5.http.wire - http-outgoing-3 << "{"status":"Downloading","progressDetail":{"current":1027302,"total":1445272},"progress":"[===================================\u003e               ]  1.027MB/1.445MB","id":"1a83ab26a0f0"}[\r][\n]"
21:49:57.871 [docker-java-stream--2064336329] DEBUG com.github.dockerjava.zerodep.shaded.org.apache.hc.client5.http.wire - http-outgoing-3 << "{"status":"Downloading","progressDetail":{"current":2443595,"total":4422601},"progress":"[===========================\u003e                       ]  2.444MB/4.423MB","id":"948f1cf08e62"}[\r][\n]"
21:49:57.871 [docker-java-stream--2064336329] DEBUG com.github.dockerjava.zerodep.shaded.org.apache.hc.client5.http.wire - http-outgoing-3 << "[\r][\n]"
21:49:57.872 [docker-java-stream--2064336329] DEBUG com.github.dockerjava.api.command.PullImageResultCallback - ResponseItem(stream=null, status=Downloading, progressDetail=ResponseItem.ProgressDetail(current=1027302, total=1445272, start=null), progress=[===================================>               ]  1.027MB/1.445MB, id=1a83ab26a0f0, from=null, time=null, errorDetail=null, error=null, aux=null)
21:49:57.872 [docker-java-stream--2064336329] DEBUG com.github.dockerjava.api.command.PullImageResultCallback - ResponseItem(stream=null, status=Downloading, progressDetail=ResponseItem.ProgressDetail(current=2443595, total=4422601, start=null), progress=[===========================>                       ]  2.444MB/4.423MB, id=948f1cf08e62, from=null, time=null, errorDetail=null, error=null, aux=null)
21:49:59.145 [docker-java-stream--2064336329] DEBUG com.github.dockerjava.zerodep.shaded.org.apache.hc.client5.http.wire - http-outgoing-3 << "179[\r][\n]"
21:49:59.145 [docker-java-stream--2064336329] DEBUG com.github.dockerjava.zerodep.shaded.org.apache.hc.client5.http.wire - http-outgoing-3 << "{"status":"Downloading","progressDetail":{"current":3893573,"total":29125963},"progress":"[======\u003e                                            ]  3.894MB/29.13MB","id":"af107e978371"}[\r][\n]"
21:49:59.145 [docker-java-stream--2064336329] DEBUG com.github.dockerjava.zerodep.shaded.org.apache.hc.client5.http.wire - http-outgoing-3 << "{"status":"Downloading","progressDetail":{"current":1092838,"total":1445272},"progress":"[=====================================\u003e             ]  1.093MB/1.445MB","id":"1a83ab26a0f0"}[\r][\n]"
21:49:59.145 [docker-java-stream--2064336329] DEBUG com.github.dockerjava.zerodep.shaded.org.apache.hc.client5.http.wire - http-outgoing-3 << "[\r][\n]"
21:49:59.884 [docker-java-stream--2064336329] DEBUG com.github.dockerjava.api.command.PullImageResultCallback - ResponseItem(stream=null, status=Downloading, progressDetail=ResponseItem.ProgressDetail(current=3893573, total=29125963, start=null), progress=[======>                                            ]  3.894MB/29.13MB, id=af107e978371, from=null, time=null, errorDetail=null, error=null, aux=null)
21:49:59.884 [docker-java-stream--2064336329] DEBUG com.github.dockerjava.api.command.PullImageResultCallback - ResponseItem(stream=null, status=Downloading, progressDetail=ResponseItem.ProgressDetail(current=1092838, total=1445272, start=null), progress=[=====================================>             ]  1.093MB/1.445MB, id=1a83ab26a0f0, from=null, time=null, errorDetail=null, error=null, aux=null)
21:50:02.804 [docker-java-stream--2064336329] DEBUG com.github.dockerjava.zerodep.shaded.org.apache.hc.client5.http.wire - http-outgoing-3 << "468[\r][\n]"
21:50:02.804 [docker-java-stream--2064336329] DEBUG com.github.dockerjava.zerodep.shaded.org.apache.hc.client5.http.wire - http-outgoing-3 << "{"status":"Downloading","progressDetail":{"current":1109222,"total":1445272},"progress":"[======================================\u003e            ]  1.109MB/1.445MB","id":"1a83ab26a0f0"}[\r][\n]"
21:50:02.804 [docker-java-stream--2064336329] DEBUG com.github.dockerjava.zerodep.shaded.org.apache.hc.client5.http.wire - http-outgoing-3 << "{"status":"Downloading","progressDetail":{"current":2541899,"total":4422601},"progress":"[============================\u003e                      ]  2.542MB/4.423MB","id":"948f1cf08e62"}[\r][\n]"
21:50:02.804 [docker-java-stream--2064336329] DEBUG com.github.dockerjava.zerodep.shaded.org.apache.hc.client5.http.wire - http-outgoing-3 << "{"status":"Downloading","progressDetail":{"current":1169736,"total":1445272},"progress":"[========================================\u003e          ]   1.17MB/1.445MB","id":"1a83ab26a0f0"}[\r][\n]"
21:50:02.805 [docker-java-stream--2064336329] DEBUG com.github.dockerjava.zerodep.shaded.org.apache.hc.client5.http.wire - http-outgoing-3 << "{"status":"Downloading","progressDetail":{"current":2591051,"total":4422601},"progress":"[=============================\u003e                     ]  2.591MB/4.423MB","id":"948f1cf08e62"}[\r][\n]"
21:50:02.805 [docker-java-stream--2064336329] DEBUG com.github.dockerjava.zerodep.shaded.org.apache.hc.client5.http.wire - http-outgoing-3 << "{"status":"Downloading","progressDetail":{"current":1186120,"total":1445272},"progress":"[=========================================\u003e         ]  1.186MB/1.445MB","id":"1a83ab26a0f0"}[\r][\n]"
21:50:02.805 [docker-java-stream--2064336329] DEBUG com.github.dockerjava.zerodep.shaded.org.apache.hc.client5.http.wire - http-outgoing-3 << "{"status":"Downloading","progressDetail":{"current":1202504,"total":1445272},"progress":"[=========================================\u003e         ]  1.203MB/1.445MB","id":"1a83ab26a0f0"}[\r][\n]"
21:50:02.805 [docker-java-stream--2064336329] DEBUG com.github.dockerjava.zerodep.shaded.org.apache.hc.client5.http.wire - http-outgoing-3 << "[\r][\n]"
21:50:02.805 [docker-java-stream--2064336329] DEBUG com.github.dockerjava.api.command.PullImageResultCallback - ResponseItem(stream=null, status=Downloading, progressDetail=ResponseItem.ProgressDetail(current=1109222, total=1445272, start=null), progress=[======================================>            ]  1.109MB/1.445MB, id=1a83ab26a0f0, from=null, time=null, errorDetail=null, error=null, aux=null)
21:50:04.903 [docker-java-stream--2064336329] DEBUG com.github.dockerjava.api.command.PullImageResultCallback - ResponseItem(stream=null, status=Downloading, progressDetail=ResponseItem.ProgressDetail(current=2541899, total=4422601, start=null), progress=[============================>                      ]  2.542MB/4.423MB, id=948f1cf08e62, from=null, time=null, errorDetail=null, error=null, aux=null)
21:50:04.903 [docker-java-stream--2064336329] DEBUG com.github.dockerjava.api.command.PullImageResultCallback - ResponseItem(stream=null, status=Downloading, progressDetail=ResponseItem.ProgressDetail(current=1169736, total=1445272, start=null), progress=[========================================>          ]   1.17MB/1.445MB, id=1a83ab26a0f0, from=null, time=null, errorDetail=null, error=null, aux=null)
21:50:04.903 [docker-java-stream--2064336329] DEBUG com.github.dockerjava.api.command.PullImageResultCallback - ResponseItem(stream=null, status=Downloading, progressDetail=ResponseItem.ProgressDetail(current=2591051, total=4422601, start=null), progress=[=============================>                     ]  2.591MB/4.423MB, id=948f1cf08e62, from=null, time=null, errorDetail=null, error=null, aux=null)
21:50:04.903 [docker-java-stream--2064336329] DEBUG com.github.dockerjava.api.command.PullImageResultCallback - ResponseItem(stream=null, status=Downloading, progressDetail=ResponseItem.ProgressDetail(current=1186120, total=1445272, start=null), progress=[=========================================>         ]  1.186MB/1.445MB, id=1a83ab26a0f0, from=null, time=null, errorDetail=null, error=null, aux=null)
21:50:04.904 [docker-java-stream--2064336329] DEBUG com.github.dockerjava.api.command.PullImageResultCallback - ResponseItem(stream=null, status=Downloading, progressDetail=ResponseItem.ProgressDetail(current=1202504, total=1445272, start=null), progress=[=========================================>         ]  1.203MB/1.445MB, id=1a83ab26a0f0, from=null, time=null, errorDetail=null, error=null, aux=null)
21:50:04.904 [docker-java-stream--2064336329] DEBUG com.github.dockerjava.zerodep.shaded.org.apache.hc.client5.http.wire - http-outgoing-3 << "bc[\r][\n]"
21:50:04.904 [docker-java-stream--2064336329] DEBUG com.github.dockerjava.zerodep.shaded.org.apache.hc.client5.http.wire - http-outgoing-3 << "{"status":"Downloading","progressDetail":{"current":1218888,"total":1445272},"progress":"[==========================================\u003e        ]  1.219MB/1.445MB","id":"1a83ab26a0f0"}[\r][\n]"
21:50:04.904 [docker-java-stream--2064336329] DEBUG com.github.dockerjava.zerodep.shaded.org.apache.hc.client5.http.wire - http-outgoing-3 << "[\r][\n]"
21:50:04.904 [docker-java-stream--2064336329] DEBUG com.github.dockerjava.zerodep.shaded.org.apache.hc.client5.http.wire - http-outgoing-3 << "bc[\r][\n]"
21:50:04.904 [docker-java-stream--2064336329] DEBUG com.github.dockerjava.zerodep.shaded.org.apache.hc.client5.http.wire - http-outgoing-3 << "{"status":"Downloading","progressDetail":{"current":1235272,"total":1445272},"progress":"[==========================================\u003e        ]  1.235MB/1.445MB","id":"1a83ab26a0f0"}[\r][\n]"
21:50:04.904 [docker-java-stream--2064336329] DEBUG com.github.dockerjava.zerodep.shaded.org.apache.hc.client5.http.wire - http-outgoing-3 << "[\r][\n]"
21:50:04.904 [docker-java-stream--2064336329] DEBUG com.github.dockerjava.api.command.PullImageResultCallback - ResponseItem(stream=null, status=Downloading, progressDetail=ResponseItem.ProgressDetail(current=1218888, total=1445272, start=null), progress=[==========================================>        ]  1.219MB/1.445MB, id=1a83ab26a0f0, from=null, time=null, errorDetail=null, error=null, aux=null)
21:50:04.904 [docker-java-stream--2064336329] DEBUG com.github.dockerjava.api.command.PullImageResultCallback - ResponseItem(stream=null, status=Downloading, progressDetail=ResponseItem.ProgressDetail(current=1235272, total=1445272, start=null), progress=[==========================================>        ]  1.235MB/1.445MB, id=1a83ab26a0f0, from=null, time=null, errorDetail=null, error=null, aux=null)
21:50:09.833 [docker-java-stream--2064336329] DEBUG com.github.dockerjava.zerodep.shaded.org.apache.hc.client5.http.wire - http-outgoing-3 << "235[\r][\n]"
21:50:09.833 [docker-java-stream--2064336329] DEBUG com.github.dockerjava.zerodep.shaded.org.apache.hc.client5.http.wire - http-outgoing-3 << "{"status":"Downloading","progressDetail":{"current":1251656,"total":1445272},"progress":"[===========================================\u003e       ]  1.252MB/1.445MB","id":"1a83ab26a0f0"}[\r][\n]"
21:50:09.833 [docker-java-stream--2064336329] DEBUG com.github.dockerjava.zerodep.shaded.org.apache.hc.client5.http.wire - http-outgoing-3 << "{"status":"Downloading","progressDetail":{"current":2640203,"total":4422601},"progress":"[=============================\u003e                     ]   2.64MB/4.423MB","id":"948f1cf08e62"}[\r][\n]"
21:50:09.833 [docker-java-stream--2064336329] DEBUG com.github.dockerjava.zerodep.shaded.org.apache.hc.client5.http.wire - http-outgoing-3 << "{"status":"Downloading","progressDetail":{"current":4196677,"total":29125963},"progress":"[=======\u003e                                           ]  4.197MB/29.13MB","id":"af107e978371"}[\r][\n]"
21:50:09.833 [docker-java-stream--2064336329] DEBUG com.github.dockerjava.zerodep.shaded.org.apache.hc.client5.http.wire - http-outgoing-3 << "[\r][\n]"
21:50:09.833 [docker-java-stream--2064336329] DEBUG com.github.dockerjava.api.command.PullImageResultCallback - ResponseItem(stream=null, status=Downloading, progressDetail=ResponseItem.ProgressDetail(current=1251656, total=1445272, start=null), progress=[===========================================>       ]  1.252MB/1.445MB, id=1a83ab26a0f0, from=null, time=null, errorDetail=null, error=null, aux=null)
21:50:09.833 [docker-java-stream--2064336329] DEBUG com.github.dockerjava.api.command.PullImageResultCallback - ResponseItem(stream=null, status=Downloading, progressDetail=ResponseItem.ProgressDetail(current=2640203, total=4422601, start=null), progress=[=============================>                     ]   2.64MB/4.423MB, id=948f1cf08e62, from=null, time=null, errorDetail=null, error=null, aux=null)
21:50:09.833 [docker-java-stream--2064336329] DEBUG com.github.dockerjava.api.command.PullImageResultCallback - ResponseItem(stream=null, status=Downloading, progressDetail=ResponseItem.ProgressDetail(current=4196677, total=29125963, start=null), progress=[=======>                                           ]  4.197MB/29.13MB, id=af107e978371, from=null, time=null, errorDetail=null, error=null, aux=null)
21:50:10.885 [docker-java-stream--2064336329] DEBUG com.github.dockerjava.zerodep.shaded.org.apache.hc.client5.http.wire - http-outgoing-3 << "3ac[\r][\n]"
21:50:10.885 [docker-java-stream--2064336329] DEBUG com.github.dockerjava.zerodep.shaded.org.apache.hc.client5.http.wire - http-outgoing-3 << "{"status":"Downloading","progressDetail":{"current":1349960,"total":1445272},"progress":"[==============================================\u003e    ]   1.35MB/1.445MB","id":"1a83ab26a0f0"}[\r][\n]"
21:50:10.885 [docker-java-stream--2064336329] DEBUG com.github.dockerjava.zerodep.shaded.org.apache.hc.client5.http.wire - http-outgoing-3 << "{"status":"Downloading","progressDetail":{"current":2939211,"total":4422601},"progress":"[=================================\u003e                 ]  2.939MB/4.423MB","id":"948f1cf08e62"}[\r][\n]"
21:50:10.885 [docker-java-stream--2064336329] DEBUG com.github.dockerjava.zerodep.shaded.org.apache.hc.client5.http.wire - http-outgoing-3 << "{"status":"Downloading","progressDetail":{"current":3086667,"total":4422601},"progress":"[==================================\u003e                ]  3.087MB/4.423MB","id":"948f1cf08e62"}[\r][\n]"
21:50:10.885 [docker-java-stream--2064336329] DEBUG com.github.dockerjava.zerodep.shaded.org.apache.hc.client5.http.wire - http-outgoing-3 << "{"status":"Downloading","progressDetail":{"current":1415496,"total":1445272},"progress":"[================================================\u003e  ]  1.415MB/1.445MB","id":"1a83ab26a0f0"}[\r][\n]"
21:50:10.885 [docker-java-stream--2064336329] DEBUG com.github.dockerjava.zerodep.shaded.org.apache.hc.client5.http.wire - http-outgoing-3 << "{"status":"Downloading","progressDetail":{"current":3135819,"total":4422601},"progress":"[===================================\u003e               ]  3.136MB/4.423MB","id":"948f1cf08e62"}[\r][\n]"
21:50:10.885 [docker-java-stream--2064336329] DEBUG com.github.dockerjava.zerodep.shaded.org.apache.hc.client5.http.wire - http-outgoing-3 << "[\r][\n]"
21:50:10.885 [docker-java-stream--2064336329] DEBUG com.github.dockerjava.api.command.PullImageResultCallback - ResponseItem(stream=null, status=Downloading, progressDetail=ResponseItem.ProgressDetail(current=1349960, total=1445272, start=null), progress=[==============================================>    ]   1.35MB/1.445MB, id=1a83ab26a0f0, from=null, time=null, errorDetail=null, error=null, aux=null)
21:50:10.886 [docker-java-stream--2064336329] DEBUG com.github.dockerjava.api.command.PullImageResultCallback - ResponseItem(stream=null, status=Downloading, progressDetail=ResponseItem.ProgressDetail(current=2939211, total=4422601, start=null), progress=[=================================>                 ]  2.939MB/4.423MB, id=948f1cf08e62, from=null, time=null, errorDetail=null, error=null, aux=null)
21:50:10.886 [docker-java-stream--2064336329] DEBUG com.github.dockerjava.api.command.PullImageResultCallback - ResponseItem(stream=null, status=Downloading, progressDetail=ResponseItem.ProgressDetail(current=3086667, total=4422601, start=null), progress=[==================================>                ]  3.087MB/4.423MB, id=948f1cf08e62, from=null, time=null, errorDetail=null, error=null, aux=null)
21:50:10.886 [docker-java-stream--2064336329] DEBUG com.github.dockerjava.api.command.PullImageResultCallback - ResponseItem(stream=null, status=Downloading, progressDetail=ResponseItem.ProgressDetail(current=1415496, total=1445272, start=null), progress=[================================================>  ]  1.415MB/1.445MB, id=1a83ab26a0f0, from=null, time=null, errorDetail=null, error=null, aux=null)
21:50:10.886 [docker-java-stream--2064336329] DEBUG com.github.dockerjava.api.command.PullImageResultCallback - ResponseItem(stream=null, status=Downloading, progressDetail=ResponseItem.ProgressDetail(current=3135819, total=4422601, start=null), progress=[===================================>               ]  3.136MB/4.423MB, id=948f1cf08e62, from=null, time=null, errorDetail=null, error=null, aux=null)
21:50:11.988 [docker-java-stream--2064336329] DEBUG com.github.dockerjava.zerodep.shaded.org.apache.hc.client5.http.wire - http-outgoing-3 << "27d[\r][\n]"
21:50:11.988 [docker-java-stream--2064336329] DEBUG com.github.dockerjava.zerodep.shaded.org.apache.hc.client5.http.wire - http-outgoing-3 << "{"status":"Downloading","progressDetail":{"current":4503877,"total":29125963},"progress":"[=======\u003e                                           ]  4.504MB/29.13MB","id":"af107e978371"}[\r][\n]"
21:50:11.988 [docker-java-stream--2064336329] DEBUG com.github.dockerjava.zerodep.shaded.org.apache.hc.client5.http.wire - http-outgoing-3 << "{"status":"Downloading","progressDetail":{"current":1431880,"total":1445272},"progress":"[=================================================\u003e ]  1.432MB/1.445MB","id":"1a83ab26a0f0"}[\r][\n]"
21:50:11.988 [docker-java-stream--2064336329] DEBUG com.github.dockerjava.zerodep.shaded.org.apache.hc.client5.http.wire - http-outgoing-3 << "{"status":"Download complete","progressDetail":{},"id":"1a83ab26a0f0"}[\r][\n]"
21:50:11.988 [docker-java-stream--2064336329] DEBUG com.github.dockerjava.zerodep.shaded.org.apache.hc.client5.http.wire - http-outgoing-3 << "{"status":"Downloading","progressDetail":{"current":3234123,"total":4422601},"progress":"[====================================\u003e              ]  3.234MB/4.423MB","id":"948f1cf08e62"}[\r][\n]"
21:50:11.988 [docker-java-stream--2064336329] DEBUG com.github.dockerjava.zerodep.shaded.org.apache.hc.client5.http.wire - http-outgoing-3 << "[\r][\n]"
21:50:11.988 [docker-java-stream--2064336329] DEBUG com.github.dockerjava.api.command.PullImageResultCallback - ResponseItem(stream=null, status=Downloading, progressDetail=ResponseItem.ProgressDetail(current=4503877, total=29125963, start=null), progress=[=======>                                           ]  4.504MB/29.13MB, id=af107e978371, from=null, time=null, errorDetail=null, error=null, aux=null)
21:50:12.017 [docker-java-stream--2064336329] DEBUG com.github.dockerjava.api.command.PullImageResultCallback - ResponseItem(stream=null, status=Downloading, progressDetail=ResponseItem.ProgressDetail(current=1431880, total=1445272, start=null), progress=[=================================================> ]  1.432MB/1.445MB, id=1a83ab26a0f0, from=null, time=null, errorDetail=null, error=null, aux=null)
21:50:12.017 [docker-java-stream--2064336329] DEBUG com.github.dockerjava.api.command.PullImageResultCallback - ResponseItem(stream=null, status=Download complete, progressDetail=ResponseItem.ProgressDetail(current=null, total=null, start=null), progress=null, id=1a83ab26a0f0, from=null, time=null, errorDetail=null, error=null, aux=null)
21:50:12.198 [docker-java-stream--2064336329] INFO tc.postgres:16.1 - Pulling image layers: 12 pending,  2 downloaded,  0 extracted, (8 MB/? MB)
21:50:12.198 [docker-java-stream--2064336329] DEBUG com.github.dockerjava.api.command.PullImageResultCallback - ResponseItem(stream=null, status=Downloading, progressDetail=ResponseItem.ProgressDetail(current=3234123, total=4422601, start=null), progress=[====================================>              ]  3.234MB/4.423MB, id=948f1cf08e62, from=null, time=null, errorDetail=null, error=null, aux=null)
21:50:13.134 [docker-java-stream--2064336329] DEBUG com.github.dockerjava.zerodep.shaded.org.apache.hc.client5.http.wire - http-outgoing-3 << "2f0[\r][\n]"
21:50:13.134 [docker-java-stream--2064336329] DEBUG com.github.dockerjava.zerodep.shaded.org.apache.hc.client5.http.wire - http-outgoing-3 << "{"status":"Downloading","progressDetail":{"current":3283275,"total":4422601},"progress":"[=====================================\u003e             ]  3.283MB/4.423MB","id":"948f1cf08e62"}[\r][\n]"
21:50:13.134 [docker-java-stream--2064336329] DEBUG com.github.dockerjava.zerodep.shaded.org.apache.hc.client5.http.wire - http-outgoing-3 << "{"status":"Downloading","progressDetail":{"current":3332427,"total":4422601},"progress":"[=====================================\u003e             ]  3.332MB/4.423MB","id":"948f1cf08e62"}[\r][\n]"
21:50:13.134 [docker-java-stream--2064336329] DEBUG com.github.dockerjava.zerodep.shaded.org.apache.hc.client5.http.wire - http-outgoing-3 << "{"status":"Downloading","progressDetail":{"current":3381579,"total":4422601},"progress":"[======================================\u003e            ]  3.382MB/4.423MB","id":"948f1cf08e62"}[\r][\n]"
21:50:13.134 [docker-java-stream--2064336329] DEBUG com.github.dockerjava.zerodep.shaded.org.apache.hc.client5.http.wire - http-outgoing-3 << "{"status":"Downloading","progressDetail":{"current":3430731,"total":4422601},"progress":"[======================================\u003e            ]  3.431MB/4.423MB","id":"948f1cf08e62"}[\r][\n]"
21:50:13.134 [docker-java-stream--2064336329] DEBUG com.github.dockerjava.zerodep.shaded.org.apache.hc.client5.http.wire - http-outgoing-3 << "[\r][\n]"
21:50:13.134 [docker-java-stream--2064336329] DEBUG com.github.dockerjava.api.command.PullImageResultCallback - ResponseItem(stream=null, status=Downloading, progressDetail=ResponseItem.ProgressDetail(current=3283275, total=4422601, start=null), progress=[=====================================>             ]  3.283MB/4.423MB, id=948f1cf08e62, from=null, time=null, errorDetail=null, error=null, aux=null)
21:50:13.134 [docker-java-stream--2064336329] DEBUG com.github.dockerjava.api.command.PullImageResultCallback - ResponseItem(stream=null, status=Downloading, progressDetail=ResponseItem.ProgressDetail(current=3332427, total=4422601, start=null), progress=[=====================================>             ]  3.332MB/4.423MB, id=948f1cf08e62, from=null, time=null, errorDetail=null, error=null, aux=null)
21:50:13.134 [docker-java-stream--2064336329] DEBUG com.github.dockerjava.api.command.PullImageResultCallback - ResponseItem(stream=null, status=Downloading, progressDetail=ResponseItem.ProgressDetail(current=3381579, total=4422601, start=null), progress=[======================================>            ]  3.382MB/4.423MB, id=948f1cf08e62, from=null, time=null, errorDetail=null, error=null, aux=null)
21:50:13.134 [docker-java-stream--2064336329] DEBUG com.github.dockerjava.api.command.PullImageResultCallback - ResponseItem(stream=null, status=Downloading, progressDetail=ResponseItem.ProgressDetail(current=3430731, total=4422601, start=null), progress=[======================================>            ]  3.431MB/4.423MB, id=948f1cf08e62, from=null, time=null, errorDetail=null, error=null, aux=null)
21:50:13.379 [docker-java-stream--2064336329] DEBUG com.github.dockerjava.zerodep.shaded.org.apache.hc.client5.http.wire - http-outgoing-3 << "2f1[\r][\n]"
21:50:13.379 [docker-java-stream--2064336329] DEBUG com.github.dockerjava.zerodep.shaded.org.apache.hc.client5.http.wire - http-outgoing-3 << "{"status":"Downloading","progressDetail":{"current":3479883,"total":4422601},"progress":"[=======================================\u003e           ]   3.48MB/4.423MB","id":"948f1cf08e62"}[\r][\n]"
21:50:13.379 [docker-java-stream--2064336329] DEBUG com.github.dockerjava.zerodep.shaded.org.apache.hc.client5.http.wire - http-outgoing-3 << "{"status":"Downloading","progressDetail":{"current":3529035,"total":4422601},"progress":"[=======================================\u003e           ]  3.529MB/4.423MB","id":"948f1cf08e62"}[\r][\n]"
21:50:13.379 [docker-java-stream--2064336329] DEBUG com.github.dockerjava.zerodep.shaded.org.apache.hc.client5.http.wire - http-outgoing-3 << "{"status":"Downloading","progressDetail":{"current":4802885,"total":29125963},"progress":"[========\u003e                                          ]  4.803MB/29.13MB","id":"af107e978371"}[\r][\n]"
21:50:13.379 [docker-java-stream--2064336329] DEBUG com.github.dockerjava.zerodep.shaded.org.apache.hc.client5.http.wire - http-outgoing-3 << "{"status":"Downloading","progressDetail":{"current":3684683,"total":4422601},"progress":"[=========================================\u003e         ]  3.685MB/4.423MB","id":"948f1cf08e62"}[\r][\n]"
21:50:13.379 [docker-java-stream--2064336329] DEBUG com.github.dockerjava.zerodep.shaded.org.apache.hc.client5.http.wire - http-outgoing-3 << "[\r][\n]"
21:50:13.379 [docker-java-stream--2064336329] DEBUG com.github.dockerjava.api.command.PullImageResultCallback - ResponseItem(stream=null, status=Downloading, progressDetail=ResponseItem.ProgressDetail(current=3479883, total=4422601, start=null), progress=[=======================================>           ]   3.48MB/4.423MB, id=948f1cf08e62, from=null, time=null, errorDetail=null, error=null, aux=null)
21:50:13.379 [docker-java-stream--2064336329] DEBUG com.github.dockerjava.api.command.PullImageResultCallback - ResponseItem(stream=null, status=Downloading, progressDetail=ResponseItem.ProgressDetail(current=3529035, total=4422601, start=null), progress=[=======================================>           ]  3.529MB/4.423MB, id=948f1cf08e62, from=null, time=null, errorDetail=null, error=null, aux=null)
21:50:13.379 [docker-java-stream--2064336329] DEBUG com.github.dockerjava.api.command.PullImageResultCallback - ResponseItem(stream=null, status=Downloading, progressDetail=ResponseItem.ProgressDetail(current=4802885, total=29125963, start=null), progress=[========>                                          ]  4.803MB/29.13MB, id=af107e978371, from=null, time=null, errorDetail=null, error=null, aux=null)
21:50:13.379 [docker-java-stream--2064336329] DEBUG com.github.dockerjava.api.command.PullImageResultCallback - ResponseItem(stream=null, status=Downloading, progressDetail=ResponseItem.ProgressDetail(current=3684683, total=4422601, start=null), progress=[=========================================>         ]  3.685MB/4.423MB, id=948f1cf08e62, from=null, time=null, errorDetail=null, error=null, aux=null)
21:50:13.412 [docker-java-stream--2064336329] DEBUG com.github.dockerjava.zerodep.shaded.org.apache.hc.client5.http.wire - http-outgoing-3 << "bd[\r][\n]"
21:50:13.412 [docker-java-stream--2064336329] DEBUG com.github.dockerjava.zerodep.shaded.org.apache.hc.client5.http.wire - http-outgoing-3 << "{"status":"Downloading","progressDetail":{"current":5097797,"total":29125963},"progress":"[========\u003e                                          ]  5.098MB/29.13MB","id":"af107e978371"}[\r][\n]"
21:50:13.412 [docker-java-stream--2064336329] DEBUG com.github.dockerjava.zerodep.shaded.org.apache.hc.client5.http.wire - http-outgoing-3 << "[\r][\n]"
21:50:13.412 [docker-java-stream--2064336329] DEBUG com.github.dockerjava.api.command.PullImageResultCallback - ResponseItem(stream=null, status=Downloading, progressDetail=ResponseItem.ProgressDetail(current=5097797, total=29125963, start=null), progress=[========>                                          ]  5.098MB/29.13MB, id=af107e978371, from=null, time=null, errorDetail=null, error=null, aux=null)
21:50:13.850 [docker-java-stream--2064336329] DEBUG com.github.dockerjava.zerodep.shaded.org.apache.hc.client5.http.wire - http-outgoing-3 << "1c1[\r][\n]"
21:50:13.850 [docker-java-stream--2064336329] DEBUG com.github.dockerjava.zerodep.shaded.org.apache.hc.client5.http.wire - http-outgoing-3 << "{"status":"Downloading","progressDetail":{"current":5400901,"total":29125963},"progress":"[=========\u003e                                         ]  5.401MB/29.13MB","id":"af107e978371"}[\r][\n]"
21:50:14.049 [docker-java-stream--2064336329] DEBUG com.github.dockerjava.zerodep.shaded.org.apache.hc.client5.http.wire - http-outgoing-3 << "{"status":"Downloading","progressDetail":{"current":4221259,"total":4422601},"progress":"[===============================================\u003e   ]  4.221MB/4.423MB","id":"948f1cf08e62"}[\r][\n]"
21:50:14.049 [docker-java-stream--2064336329] DEBUG com.github.dockerjava.zerodep.shaded.org.apache.hc.client5.http.wire - http-outgoing-3 << "{"status":"Download complete","progressDetail":{},"id":"948f1cf08e62"}[\r][\n]"
21:50:14.049 [docker-java-stream--2064336329] DEBUG com.github.dockerjava.zerodep.shaded.org.apache.hc.client5.http.wire - http-outgoing-3 << "[\r][\n]"
21:50:14.049 [docker-java-stream--2064336329] DEBUG com.github.dockerjava.api.command.PullImageResultCallback - ResponseItem(stream=null, status=Downloading, progressDetail=ResponseItem.ProgressDetail(current=5400901, total=29125963, start=null), progress=[=========>                                         ]  5.401MB/29.13MB, id=af107e978371, from=null, time=null, errorDetail=null, error=null, aux=null)
21:50:14.049 [docker-java-stream--2064336329] DEBUG com.github.dockerjava.api.command.PullImageResultCallback - ResponseItem(stream=null, status=Downloading, progressDetail=ResponseItem.ProgressDetail(current=4221259, total=4422601, start=null), progress=[===============================================>   ]  4.221MB/4.423MB, id=948f1cf08e62, from=null, time=null, errorDetail=null, error=null, aux=null)
21:50:14.049 [docker-java-stream--2064336329] DEBUG com.github.dockerjava.api.command.PullImageResultCallback - ResponseItem(stream=null, status=Download complete, progressDetail=ResponseItem.ProgressDetail(current=null, total=null, start=null), progress=null, id=948f1cf08e62, from=null, time=null, errorDetail=null, error=null, aux=null)
21:50:14.049 [docker-java-stream--2064336329] INFO tc.postgres:16.1 - Pulling image layers: 11 pending,  3 downloaded,  0 extracted, (10 MB/? MB)
21:50:14.883 [docker-java-stream--2064336329] DEBUG com.github.dockerjava.zerodep.shaded.org.apache.hc.client5.http.wire - http-outgoing-3 << "bd[\r][\n]"
21:50:14.883 [docker-java-stream--2064336329] DEBUG com.github.dockerjava.zerodep.shaded.org.apache.hc.client5.http.wire - http-outgoing-3 << "{"status":"Downloading","progressDetail":{"current":5704005,"total":29125963},"progress":"[=========\u003e                                         ]  5.704MB/29.13MB","id":"af107e978371"}[\r][\n]"
21:50:14.883 [docker-java-stream--2064336329] DEBUG com.github.dockerjava.zerodep.shaded.org.apache.hc.client5.http.wire - http-outgoing-3 << "[\r][\n]"
21:50:14.970 [docker-java-stream--2064336329] DEBUG com.github.dockerjava.api.command.PullImageResultCallback - ResponseItem(stream=null, status=Downloading, progressDetail=ResponseItem.ProgressDetail(current=5704005, total=29125963, start=null), progress=[=========>                                         ]  5.704MB/29.13MB, id=af107e978371, from=null, time=null, errorDetail=null, error=null, aux=null)
21:50:22.288 [docker-java-stream--2064336329] DEBUG com.github.dockerjava.zerodep.shaded.org.apache.hc.client5.http.wire - http-outgoing-3 << "bd[\r][\n]"
21:50:22.288 [docker-java-stream--2064336329] DEBUG com.github.dockerjava.zerodep.shaded.org.apache.hc.client5.http.wire - http-outgoing-3 << "{"status":"Downloading","progressDetail":{"current":6007109,"total":29125963},"progress":"[==========\u003e                                        ]  6.007MB/29.13MB","id":"af107e978371"}[\r][\n]"
21:50:22.288 [docker-java-stream--2064336329] DEBUG com.github.dockerjava.zerodep.shaded.org.apache.hc.client5.http.wire - http-outgoing-3 << "[\r][\n]"
21:50:22.289 [docker-java-stream--2064336329] DEBUG com.github.dockerjava.api.command.PullImageResultCallback - ResponseItem(stream=null, status=Downloading, progressDetail=ResponseItem.ProgressDetail(current=6007109, total=29125963, start=null), progress=[==========>                                        ]  6.007MB/29.13MB, id=af107e978371, from=null, time=null, errorDetail=null, error=null, aux=null)
21:50:22.311 [docker-java-stream--2064336329] DEBUG com.github.dockerjava.zerodep.shaded.org.apache.hc.client5.http.wire - http-outgoing-3 << "bd[\r][\n]"
21:50:22.311 [docker-java-stream--2064336329] DEBUG com.github.dockerjava.zerodep.shaded.org.apache.hc.client5.http.wire - http-outgoing-3 << "{"status":"Downloading","progressDetail":{"current":6306117,"total":29125963},"progress":"[==========\u003e                                        ]  6.306MB/29.13MB","id":"af107e978371"}[\r][\n]"
21:50:22.311 [docker-java-stream--2064336329] DEBUG com.github.dockerjava.zerodep.shaded.org.apache.hc.client5.http.wire - http-outgoing-3 << "[\r][\n]"
21:50:22.311 [docker-java-stream--2064336329] DEBUG com.github.dockerjava.api.command.PullImageResultCallback - ResponseItem(stream=null, status=Downloading, progressDetail=ResponseItem.ProgressDetail(current=6306117, total=29125963, start=null), progress=[==========>                                        ]  6.306MB/29.13MB, id=af107e978371, from=null, time=null, errorDetail=null, error=null, aux=null)
21:50:24.546 [docker-java-stream--2064336329] DEBUG com.github.dockerjava.zerodep.shaded.org.apache.hc.client5.http.wire - http-outgoing-3 << "bd[\r][\n]"
21:50:24.547 [docker-java-stream--2064336329] DEBUG com.github.dockerjava.zerodep.shaded.org.apache.hc.client5.http.wire - http-outgoing-3 << "{"status":"Downloading","progressDetail":{"current":6895941,"total":29125963},"progress":"[===========\u003e                                       ]  6.896MB/29.13MB","id":"af107e978371"}[\r][\n]"
21:50:24.547 [docker-java-stream--2064336329] DEBUG com.github.dockerjava.zerodep.shaded.org.apache.hc.client5.http.wire - http-outgoing-3 << "[\r][\n]"
21:50:25.461 [docker-java-stream--2064336329] DEBUG com.github.dockerjava.api.command.PullImageResultCallback - ResponseItem(stream=null, status=Downloading, progressDetail=ResponseItem.ProgressDetail(current=6895941, total=29125963, start=null), progress=[===========>                                       ]  6.896MB/29.13MB, id=af107e978371, from=null, time=null, errorDetail=null, error=null, aux=null)
21:50:26.373 [docker-java-stream--2064336329] DEBUG com.github.dockerjava.zerodep.shaded.org.apache.hc.client5.http.wire - http-outgoing-3 << "bd[\r][\n]"
21:50:26.373 [docker-java-stream--2064336329] DEBUG com.github.dockerjava.zerodep.shaded.org.apache.hc.client5.http.wire - http-outgoing-3 << "{"status":"Downloading","progressDetail":{"current":7190853,"total":29125963},"progress":"[============\u003e                                      ]  7.191MB/29.13MB","id":"af107e978371"}[\r][\n]"
21:50:26.373 [docker-java-stream--2064336329] DEBUG com.github.dockerjava.zerodep.shaded.org.apache.hc.client5.http.wire - http-outgoing-3 << "[\r][\n]"
21:50:26.692 [docker-java-stream--2064336329] DEBUG com.github.dockerjava.api.command.PullImageResultCallback - ResponseItem(stream=null, status=Downloading, progressDetail=ResponseItem.ProgressDetail(current=7190853, total=29125963, start=null), progress=[============>                                      ]  7.191MB/29.13MB, id=af107e978371, from=null, time=null, errorDetail=null, error=null, aux=null)
21:50:27.317 [docker-java-stream--2064336329] DEBUG com.github.dockerjava.zerodep.shaded.org.apache.hc.client5.http.wire - http-outgoing-3 << "bd[\r][\n]"
21:50:27.317 [docker-java-stream--2064336329] DEBUG com.github.dockerjava.zerodep.shaded.org.apache.hc.client5.http.wire - http-outgoing-3 << "{"status":"Downloading","progressDetail":{"current":7485765,"total":29125963},"progress":"[============\u003e                                      ]  7.486MB/29.13MB","id":"af107e978371"}[\r][\n]"
21:50:27.317 [docker-java-stream--2064336329] DEBUG com.github.dockerjava.zerodep.shaded.org.apache.hc.client5.http.wire - http-outgoing-3 << "[\r][\n]"
21:50:27.318 [docker-java-stream--2064336329] DEBUG com.github.dockerjava.api.command.PullImageResultCallback - ResponseItem(stream=null, status=Downloading, progressDetail=ResponseItem.ProgressDetail(current=7485765, total=29125963, start=null), progress=[============>                                      ]  7.486MB/29.13MB, id=af107e978371, from=null, time=null, errorDetail=null, error=null, aux=null)
21:50:28.775 [docker-java-stream--2064336329] DEBUG com.github.dockerjava.zerodep.shaded.org.apache.hc.client5.http.wire - http-outgoing-3 << "ba[\r][\n]"
21:50:28.775 [docker-java-stream--2064336329] DEBUG com.github.dockerjava.zerodep.shaded.org.apache.hc.client5.http.wire - http-outgoing-3 << "{"status":"Downloading","progressDetail":{"current":13039,"total":1195120},"progress":"[\u003e                                                  ]  13.04kB/1.195MB","id":"644cfda281a1"}[\r][\n]"
21:50:28.775 [docker-java-stream--2064336329] DEBUG com.github.dockerjava.zerodep.shaded.org.apache.hc.client5.http.wire - http-outgoing-3 << "[\r][\n]"
21:50:28.775 [docker-java-stream--2064336329] DEBUG com.github.dockerjava.api.command.PullImageResultCallback - ResponseItem(stream=null, status=Downloading, progressDetail=ResponseItem.ProgressDetail(current=13039, total=1195120, start=null), progress=[>                                                  ]  13.04kB/1.195MB, id=644cfda281a1, from=null, time=null, errorDetail=null, error=null, aux=null)
21:50:29.003 [docker-java-stream--2064336329] DEBUG com.github.dockerjava.zerodep.shaded.org.apache.hc.client5.http.wire - http-outgoing-3 << "231[\r][\n]"
21:50:29.003 [docker-java-stream--2064336329] DEBUG com.github.dockerjava.zerodep.shaded.org.apache.hc.client5.http.wire - http-outgoing-3 << "{"status":"Downloading","progressDetail":{"current":25360,"total":1195120},"progress":"[=\u003e                                                 ]  25.36kB/1.195MB","id":"644cfda281a1"}[\r][\n]"
21:50:29.003 [docker-java-stream--2064336329] DEBUG com.github.dockerjava.zerodep.shaded.org.apache.hc.client5.http.wire - http-outgoing-3 << "{"status":"Downloading","progressDetail":{"current":7780677,"total":29125963},"progress":"[=============\u003e                                     ]  7.781MB/29.13MB","id":"af107e978371"}[\r][\n]"
21:50:29.003 [docker-java-stream--2064336329] DEBUG com.github.dockerjava.zerodep.shaded.org.apache.hc.client5.http.wire - http-outgoing-3 << "{"status":"Downloading","progressDetail":{"current":81710,"total":8065496},"progress":"[\u003e                                                  ]  81.71kB/8.065MB","id":"12bab27fafd3"}[\r][\n]"
21:50:29.003 [docker-java-stream--2064336329] DEBUG com.github.dockerjava.zerodep.shaded.org.apache.hc.client5.http.wire - http-outgoing-3 << "[\r][\n]"
21:50:29.004 [docker-java-stream--2064336329] DEBUG com.github.dockerjava.api.command.PullImageResultCallback - ResponseItem(stream=null, status=Downloading, progressDetail=ResponseItem.ProgressDetail(current=25360, total=1195120, start=null), progress=[=>                                                 ]  25.36kB/1.195MB, id=644cfda281a1, from=null, time=null, errorDetail=null, error=null, aux=null)
21:50:29.004 [docker-java-stream--2064336329] DEBUG com.github.dockerjava.api.command.PullImageResultCallback - ResponseItem(stream=null, status=Downloading, progressDetail=ResponseItem.ProgressDetail(current=7780677, total=29125963, start=null), progress=[=============>                                     ]  7.781MB/29.13MB, id=af107e978371, from=null, time=null, errorDetail=null, error=null, aux=null)
21:50:29.004 [docker-java-stream--2064336329] DEBUG com.github.dockerjava.api.command.PullImageResultCallback - ResponseItem(stream=null, status=Downloading, progressDetail=ResponseItem.ProgressDetail(current=81710, total=8065496, start=null), progress=[>                                                  ]  81.71kB/8.065MB, id=12bab27fafd3, from=null, time=null, errorDetail=null, error=null, aux=null)
21:50:29.015 [docker-java-stream--2064336329] DEBUG com.github.dockerjava.zerodep.shaded.org.apache.hc.client5.http.wire - http-outgoing-3 << "bb[\r][\n]"
21:50:29.015 [docker-java-stream--2064336329] DEBUG com.github.dockerjava.zerodep.shaded.org.apache.hc.client5.http.wire - http-outgoing-3 << "{"status":"Downloading","progressDetail":{"current":490778,"total":8065496},"progress":"[===\u003e                                               ]  490.8kB/8.065MB","id":"12bab27fafd3"}[\r][\n]"
21:50:29.015 [docker-java-stream--2064336329] DEBUG com.github.dockerjava.zerodep.shaded.org.apache.hc.client5.http.wire - http-outgoing-3 << "[\r][\n]"
21:50:29.015 [docker-java-stream--2064336329] DEBUG com.github.dockerjava.api.command.PullImageResultCallback - ResponseItem(stream=null, status=Downloading, progressDetail=ResponseItem.ProgressDetail(current=490778, total=8065496, start=null), progress=[===>                                               ]  490.8kB/8.065MB, id=12bab27fafd3, from=null, time=null, errorDetail=null, error=null, aux=null)
21:50:29.654 [docker-java-stream--2064336329] DEBUG com.github.dockerjava.zerodep.shaded.org.apache.hc.client5.http.wire - http-outgoing-3 << "2ed[\r][\n]"
21:50:29.654 [docker-java-stream--2064336329] DEBUG com.github.dockerjava.zerodep.shaded.org.apache.hc.client5.http.wire - http-outgoing-3 << "{"status":"Downloading","progressDetail":{"current":63758,"total":1195120},"progress":"[==\u003e                                                ]  63.76kB/1.195MB","id":"644cfda281a1"}[\r][\n]"
21:50:29.654 [docker-java-stream--2064336329] DEBUG com.github.dockerjava.zerodep.shaded.org.apache.hc.client5.http.wire - http-outgoing-3 << "{"status":"Downloading","progressDetail":{"current":744676,"total":8065496},"progress":"[====\u003e                                              ]  744.7kB/8.065MB","id":"12bab27fafd3"}[\r][\n]"
21:50:29.654 [docker-java-stream--2064336329] DEBUG com.github.dockerjava.zerodep.shaded.org.apache.hc.client5.http.wire - http-outgoing-3 << "{"status":"Downloading","progressDetail":{"current":826596,"total":8065496},"progress":"[=====\u003e                                             ]  826.6kB/8.065MB","id":"12bab27fafd3"}[\r][\n]"
21:50:29.654 [docker-java-stream--2064336329] DEBUG com.github.dockerjava.zerodep.shaded.org.apache.hc.client5.http.wire - http-outgoing-3 << "{"status":"Downloading","progressDetail":{"current":8669509,"total":29125963},"progress":"[==============\u003e                                    ]   8.67MB/29.13MB","id":"af107e978371"}[\r][\n]"
21:50:29.654 [docker-java-stream--2064336329] DEBUG com.github.dockerjava.zerodep.shaded.org.apache.hc.client5.http.wire - http-outgoing-3 << "[\r][\n]"
21:50:29.654 [docker-java-stream--2064336329] DEBUG com.github.dockerjava.api.command.PullImageResultCallback - ResponseItem(stream=null, status=Downloading, progressDetail=ResponseItem.ProgressDetail(current=63758, total=1195120, start=null), progress=[==>                                                ]  63.76kB/1.195MB, id=644cfda281a1, from=null, time=null, errorDetail=null, error=null, aux=null)
21:50:29.654 [docker-java-stream--2064336329] DEBUG com.github.dockerjava.api.command.PullImageResultCallback - ResponseItem(stream=null, status=Downloading, progressDetail=ResponseItem.ProgressDetail(current=744676, total=8065496, start=null), progress=[====>                                              ]  744.7kB/8.065MB, id=12bab27fafd3, from=null, time=null, errorDetail=null, error=null, aux=null)
21:50:29.654 [docker-java-stream--2064336329] DEBUG com.github.dockerjava.api.command.PullImageResultCallback - ResponseItem(stream=null, status=Downloading, progressDetail=ResponseItem.ProgressDetail(current=826596, total=8065496, start=null), progress=[=====>                                             ]  826.6kB/8.065MB, id=12bab27fafd3, from=null, time=null, errorDetail=null, error=null, aux=null)
21:50:29.654 [docker-java-stream--2064336329] DEBUG com.github.dockerjava.api.command.PullImageResultCallback - ResponseItem(stream=null, status=Downloading, progressDetail=ResponseItem.ProgressDetail(current=8669509, total=29125963, start=null), progress=[==============>                                    ]   8.67MB/29.13MB, id=af107e978371, from=null, time=null, errorDetail=null, error=null, aux=null)
21:50:30.168 [docker-java-stream--2064336329] DEBUG com.github.dockerjava.zerodep.shaded.org.apache.hc.client5.http.wire - http-outgoing-3 << "232[\r][\n]"
21:50:30.168 [docker-java-stream--2064336329] DEBUG com.github.dockerjava.zerodep.shaded.org.apache.hc.client5.http.wire - http-outgoing-3 << "{"status":"Downloading","progressDetail":{"current":993608,"total":8065496},"progress":"[======\u003e                                            ]  993.6kB/8.065MB","id":"12bab27fafd3"}[\r][\n]"
21:50:30.168 [docker-java-stream--2064336329] DEBUG com.github.dockerjava.zerodep.shaded.org.apache.hc.client5.http.wire - http-outgoing-3 << "{"status":"Downloading","progressDetail":{"current":77482,"total":1195120},"progress":"[===\u003e                                               ]  77.48kB/1.195MB","id":"644cfda281a1"}[\r][\n]"
21:50:30.168 [docker-java-stream--2064336329] DEBUG com.github.dockerjava.zerodep.shaded.org.apache.hc.client5.http.wire - http-outgoing-3 << "{"status":"Downloading","progressDetail":{"current":8972613,"total":29125963},"progress":"[===============\u003e                                   ]  8.973MB/29.13MB","id":"af107e978371"}[\r][\n]"
21:50:30.168 [docker-java-stream--2064336329] DEBUG com.github.dockerjava.zerodep.shaded.org.apache.hc.client5.http.wire - http-outgoing-3 << "[\r][\n]"
21:50:30.175 [docker-java-stream--2064336329] DEBUG com.github.dockerjava.api.command.PullImageResultCallback - ResponseItem(stream=null, status=Downloading, progressDetail=ResponseItem.ProgressDetail(current=993608, total=8065496, start=null), progress=[======>                                            ]  993.6kB/8.065MB, id=12bab27fafd3, from=null, time=null, errorDetail=null, error=null, aux=null)
21:50:30.189 [docker-java-stream--2064336329] DEBUG com.github.dockerjava.api.command.PullImageResultCallback - ResponseItem(stream=null, status=Downloading, progressDetail=ResponseItem.ProgressDetail(current=77482, total=1195120, start=null), progress=[===>                                               ]  77.48kB/1.195MB, id=644cfda281a1, from=null, time=null, errorDetail=null, error=null, aux=null)
21:50:30.189 [docker-java-stream--2064336329] DEBUG com.github.dockerjava.api.command.PullImageResultCallback - ResponseItem(stream=null, status=Downloading, progressDetail=ResponseItem.ProgressDetail(current=8972613, total=29125963, start=null), progress=[===============>                                   ]  8.973MB/29.13MB, id=af107e978371, from=null, time=null, errorDetail=null, error=null, aux=null)
21:50:30.203 [docker-java-stream--2064336329] DEBUG com.github.dockerjava.zerodep.shaded.org.apache.hc.client5.http.wire - http-outgoing-3 << "176[\r][\n]"
21:50:30.203 [docker-java-stream--2064336329] DEBUG com.github.dockerjava.zerodep.shaded.org.apache.hc.client5.http.wire - http-outgoing-3 << "{"status":"Downloading","progressDetail":{"current":90169,"total":1195120},"progress":"[===\u003e                                               ]  90.17kB/1.195MB","id":"644cfda281a1"}[\r][\n]"
21:50:30.203 [docker-java-stream--2064336329] DEBUG com.github.dockerjava.zerodep.shaded.org.apache.hc.client5.http.wire - http-outgoing-3 << "{"status":"Downloading","progressDetail":{"current":1157448,"total":8065496},"progress":"[=======\u003e                                           ]  1.157MB/8.065MB","id":"12bab27fafd3"}[\r][\n]"
21:50:30.203 [docker-java-stream--2064336329] DEBUG com.github.dockerjava.zerodep.shaded.org.apache.hc.client5.http.wire - http-outgoing-3 << "[\r][\n]"
21:50:30.356 [docker-java-stream--2064336329] DEBUG com.github.dockerjava.api.command.PullImageResultCallback - ResponseItem(stream=null, status=Downloading, progressDetail=ResponseItem.ProgressDetail(current=90169, total=1195120, start=null), progress=[===>                                               ]  90.17kB/1.195MB, id=644cfda281a1, from=null, time=null, errorDetail=null, error=null, aux=null)
21:50:30.356 [docker-java-stream--2064336329] DEBUG com.github.dockerjava.api.command.PullImageResultCallback - ResponseItem(stream=null, status=Downloading, progressDetail=ResponseItem.ProgressDetail(current=1157448, total=8065496, start=null), progress=[=======>                                           ]  1.157MB/8.065MB, id=12bab27fafd3, from=null, time=null, errorDetail=null, error=null, aux=null)
21:50:30.525 [docker-java-stream--2064336329] DEBUG com.github.dockerjava.zerodep.shaded.org.apache.hc.client5.http.wire - http-outgoing-3 << "bb[\r][\n]"
21:50:30.525 [docker-java-stream--2064336329] DEBUG com.github.dockerjava.zerodep.shaded.org.apache.hc.client5.http.wire - http-outgoing-3 << "{"status":"Downloading","progressDetail":{"current":106021,"total":1195120},"progress":"[====\u003e                                              ]    106kB/1.195MB","id":"644cfda281a1"}[\r][\n]"
21:50:30.525 [docker-java-stream--2064336329] DEBUG com.github.dockerjava.zerodep.shaded.org.apache.hc.client5.http.wire - http-outgoing-3 << "[\r][\n]"
21:50:30.525 [docker-java-stream--2064336329] DEBUG com.github.dockerjava.api.command.PullImageResultCallback - ResponseItem(stream=null, status=Downloading, progressDetail=ResponseItem.ProgressDetail(current=106021, total=1195120, start=null), progress=[====>                                              ]    106kB/1.195MB, id=644cfda281a1, from=null, time=null, errorDetail=null, error=null, aux=null)
21:50:30.723 [docker-java-stream--2064336329] DEBUG com.github.dockerjava.zerodep.shaded.org.apache.hc.client5.http.wire - http-outgoing-3 << "bb[\r][\n]"
21:50:30.723 [docker-java-stream--2064336329] DEBUG com.github.dockerjava.zerodep.shaded.org.apache.hc.client5.http.wire - http-outgoing-3 << "{"status":"Downloading","progressDetail":{"current":134560,"total":1195120},"progress":"[=====\u003e                                             ]  134.6kB/1.195MB","id":"644cfda281a1"}[\r][\n]"
21:50:30.723 [docker-java-stream--2064336329] DEBUG com.github.dockerjava.zerodep.shaded.org.apache.hc.client5.http.wire - http-outgoing-3 << "[\r][\n]"
21:50:30.810 [docker-java-stream--2064336329] DEBUG com.github.dockerjava.api.command.PullImageResultCallback - ResponseItem(stream=null, status=Downloading, progressDetail=ResponseItem.ProgressDetail(current=134560, total=1195120, start=null), progress=[=====>                                             ]  134.6kB/1.195MB, id=644cfda281a1, from=null, time=null, errorDetail=null, error=null, aux=null)
21:50:30.810 [docker-java-stream--2064336329] DEBUG com.github.dockerjava.zerodep.shaded.org.apache.hc.client5.http.wire - http-outgoing-3 << "bb[\r][\n]"
21:50:30.810 [docker-java-stream--2064336329] DEBUG com.github.dockerjava.zerodep.shaded.org.apache.hc.client5.http.wire - http-outgoing-3 << "{"status":"Downloading","progressDetail":{"current":159934,"total":1195120},"progress":"[======\u003e                                            ]  159.9kB/1.195MB","id":"644cfda281a1"}[\r][\n]"
21:50:30.810 [docker-java-stream--2064336329] DEBUG com.github.dockerjava.zerodep.shaded.org.apache.hc.client5.http.wire - http-outgoing-3 << "[\r][\n]"
21:50:30.810 [docker-java-stream--2064336329] DEBUG com.github.dockerjava.zerodep.shaded.org.apache.hc.client5.http.wire - http-outgoing-3 << "bd[\r][\n]"
21:50:30.810 [docker-java-stream--2064336329] DEBUG com.github.dockerjava.zerodep.shaded.org.apache.hc.client5.http.wire - http-outgoing-3 << "{"status":"Downloading","progressDetail":{"current":9267525,"total":29125963},"progress":"[===============\u003e                                   ]  9.268MB/29.13MB","id":"af107e978371"}[\r][\n]"
21:50:30.810 [docker-java-stream--2064336329] DEBUG com.github.dockerjava.zerodep.shaded.org.apache.hc.client5.http.wire - http-outgoing-3 << "[\r][\n]"
21:50:30.810 [docker-java-stream--2064336329] DEBUG com.github.dockerjava.api.command.PullImageResultCallback - ResponseItem(stream=null, status=Downloading, progressDetail=ResponseItem.ProgressDetail(current=159934, total=1195120, start=null), progress=[======>                                            ]  159.9kB/1.195MB, id=644cfda281a1, from=null, time=null, errorDetail=null, error=null, aux=null)
21:50:30.810 [docker-java-stream--2064336329] DEBUG com.github.dockerjava.api.command.PullImageResultCallback - ResponseItem(stream=null, status=Downloading, progressDetail=ResponseItem.ProgressDetail(current=9267525, total=29125963, start=null), progress=[===============>                                   ]  9.268MB/29.13MB, id=af107e978371, from=null, time=null, errorDetail=null, error=null, aux=null)
21:50:30.895 [docker-java-stream--2064336329] DEBUG com.github.dockerjava.zerodep.shaded.org.apache.hc.client5.http.wire - http-outgoing-3 << "bc[\r][\n]"
21:50:30.895 [docker-java-stream--2064336329] DEBUG com.github.dockerjava.zerodep.shaded.org.apache.hc.client5.http.wire - http-outgoing-3 << "{"status":"Downloading","progressDetail":{"current":1407304,"total":8065496},"progress":"[========\u003e                                          ]  1.407MB/8.065MB","id":"12bab27fafd3"}[\r][\n]"
21:50:30.895 [docker-java-stream--2064336329] DEBUG com.github.dockerjava.zerodep.shaded.org.apache.hc.client5.http.wire - http-outgoing-3 << "[\r][\n]"
21:50:30.895 [docker-java-stream--2064336329] DEBUG com.github.dockerjava.api.command.PullImageResultCallback - ResponseItem(stream=null, status=Downloading, progressDetail=ResponseItem.ProgressDetail(current=1407304, total=8065496, start=null), progress=[========>                                          ]  1.407MB/8.065MB, id=12bab27fafd3, from=null, time=null, errorDetail=null, error=null, aux=null)
21:50:31.000 [docker-java-stream--2064336329] DEBUG com.github.dockerjava.zerodep.shaded.org.apache.hc.client5.http.wire - http-outgoing-3 << "bb[\r][\n]"
21:50:31.000 [docker-java-stream--2064336329] DEBUG com.github.dockerjava.zerodep.shaded.org.apache.hc.client5.http.wire - http-outgoing-3 << "{"status":"Downloading","progressDetail":{"current":568549,"total":1195120},"progress":"[=======================\u003e                           ]  568.5kB/1.195MB","id":"644cfda281a1"}[\r][\n]"
21:50:31.000 [docker-java-stream--2064336329] DEBUG com.github.dockerjava.zerodep.shaded.org.apache.hc.client5.http.wire - http-outgoing-3 << "[\r][\n]"
21:50:31.000 [docker-java-stream--2064336329] DEBUG com.github.dockerjava.api.command.PullImageResultCallback - ResponseItem(stream=null, status=Downloading, progressDetail=ResponseItem.ProgressDetail(current=568549, total=1195120, start=null), progress=[=======================>                           ]  568.5kB/1.195MB, id=644cfda281a1, from=null, time=null, errorDetail=null, error=null, aux=null)
21:50:31.253 [docker-java-stream--2064336329] DEBUG com.github.dockerjava.zerodep.shaded.org.apache.hc.client5.http.wire - http-outgoing-3 << "bc[\r][\n]"
21:50:31.253 [docker-java-stream--2064336329] DEBUG com.github.dockerjava.zerodep.shaded.org.apache.hc.client5.http.wire - http-outgoing-3 << "{"status":"Downloading","progressDetail":{"current":1023205,"total":1195120},"progress":"[==========================================\u003e        ]  1.023MB/1.195MB","id":"644cfda281a1"}[\r][\n]"
21:50:31.253 [docker-java-stream--2064336329] DEBUG com.github.dockerjava.zerodep.shaded.org.apache.hc.client5.http.wire - http-outgoing-3 << "[\r][\n]"
21:50:31.253 [docker-java-stream--2064336329] DEBUG com.github.dockerjava.api.command.PullImageResultCallback - ResponseItem(stream=null, status=Downloading, progressDetail=ResponseItem.ProgressDetail(current=1023205, total=1195120, start=null), progress=[==========================================>        ]  1.023MB/1.195MB, id=644cfda281a1, from=null, time=null, errorDetail=null, error=null, aux=null)
21:50:31.258 [docker-java-stream--2064336329] DEBUG com.github.dockerjava.zerodep.shaded.org.apache.hc.client5.http.wire - http-outgoing-3 << "bc[\r][\n]"
21:50:31.258 [docker-java-stream--2064336329] DEBUG com.github.dockerjava.zerodep.shaded.org.apache.hc.client5.http.wire - http-outgoing-3 << "{"status":"Downloading","progressDetail":{"current":2074952,"total":8065496},"progress":"[============\u003e                                      ]  2.075MB/8.065MB","id":"12bab27fafd3"}[\r][\n]"
21:50:31.258 [docker-java-stream--2064336329] DEBUG com.github.dockerjava.zerodep.shaded.org.apache.hc.client5.http.wire - http-outgoing-3 << "[\r][\n]"
21:50:31.258 [docker-java-stream--2064336329] DEBUG com.github.dockerjava.api.command.PullImageResultCallback - ResponseItem(stream=null, status=Downloading, progressDetail=ResponseItem.ProgressDetail(current=2074952, total=8065496, start=null), progress=[============>                                      ]  2.075MB/8.065MB, id=12bab27fafd3, from=null, time=null, errorDetail=null, error=null, aux=null)
21:50:32.790 [docker-java-stream--2064336329] DEBUG com.github.dockerjava.zerodep.shaded.org.apache.hc.client5.http.wire - http-outgoing-3 << "178[\r][\n]"
21:50:32.790 [docker-java-stream--2064336329] DEBUG com.github.dockerjava.zerodep.shaded.org.apache.hc.client5.http.wire - http-outgoing-3 << "{"status":"Downloading","progressDetail":{"current":1088741,"total":1195120},"progress":"[=============================================\u003e     ]  1.089MB/1.195MB","id":"644cfda281a1"}[\r][\n]"
21:50:32.791 [docker-java-stream--2064336329] DEBUG com.github.dockerjava.zerodep.shaded.org.apache.hc.client5.http.wire - http-outgoing-3 << "{"status":"Downloading","progressDetail":{"current":1105125,"total":1195120},"progress":"[==============================================\u003e    ]  1.105MB/1.195MB","id":"644cfda281a1"}[\r][\n]"
21:50:32.791 [docker-java-stream--2064336329] DEBUG com.github.dockerjava.zerodep.shaded.org.apache.hc.client5.http.wire - http-outgoing-3 << "[\r][\n]"
21:50:32.791 [docker-java-stream--2064336329] DEBUG com.github.dockerjava.api.command.PullImageResultCallback - ResponseItem(stream=null, status=Downloading, progressDetail=ResponseItem.ProgressDetail(current=1088741, total=1195120, start=null), progress=[=============================================>     ]  1.089MB/1.195MB, id=644cfda281a1, from=null, time=null, errorDetail=null, error=null, aux=null)
21:50:32.791 [docker-java-stream--2064336329] DEBUG com.github.dockerjava.api.command.PullImageResultCallback - ResponseItem(stream=null, status=Downloading, progressDetail=ResponseItem.ProgressDetail(current=1105125, total=1195120, start=null), progress=[==============================================>    ]  1.105MB/1.195MB, id=644cfda281a1, from=null, time=null, errorDetail=null, error=null, aux=null)
21:50:32.795 [docker-java-stream--2064336329] DEBUG com.github.dockerjava.zerodep.shaded.org.apache.hc.client5.http.wire - http-outgoing-3 << "bd[\r][\n]"
21:50:32.795 [docker-java-stream--2064336329] DEBUG com.github.dockerjava.zerodep.shaded.org.apache.hc.client5.http.wire - http-outgoing-3 << "{"status":"Downloading","progressDetail":{"current":9857349,"total":29125963},"progress":"[================\u003e                                  ]  9.857MB/29.13MB","id":"af107e978371"}[\r][\n]"
21:50:32.795 [docker-java-stream--2064336329] DEBUG com.github.dockerjava.zerodep.shaded.org.apache.hc.client5.http.wire - http-outgoing-3 << "[\r][\n]"
21:50:32.796 [docker-java-stream--2064336329] DEBUG com.github.dockerjava.api.command.PullImageResultCallback - ResponseItem(stream=null, status=Downloading, progressDetail=ResponseItem.ProgressDetail(current=9857349, total=29125963, start=null), progress=[================>                                  ]  9.857MB/29.13MB, id=af107e978371, from=null, time=null, errorDetail=null, error=null, aux=null)
21:50:35.668 [docker-java-stream--2064336329] DEBUG com.github.dockerjava.zerodep.shaded.org.apache.hc.client5.http.wire - http-outgoing-3 << "bc[\r][\n]"
21:50:35.668 [docker-java-stream--2064336329] DEBUG com.github.dockerjava.zerodep.shaded.org.apache.hc.client5.http.wire - http-outgoing-3 << "{"status":"Downloading","progressDetail":{"current":1154277,"total":1195120},"progress":"[================================================\u003e  ]  1.154MB/1.195MB","id":"644cfda281a1"}[\r][\n]"
21:50:35.668 [docker-java-stream--2064336329] DEBUG com.github.dockerjava.zerodep.shaded.org.apache.hc.client5.http.wire - http-outgoing-3 << "[\r][\n]"
21:50:35.668 [docker-java-stream--2064336329] DEBUG com.github.dockerjava.api.command.PullImageResultCallback - ResponseItem(stream=null, status=Downloading, progressDetail=ResponseItem.ProgressDetail(current=1154277, total=1195120, start=null), progress=[================================================>  ]  1.154MB/1.195MB, id=644cfda281a1, from=null, time=null, errorDetail=null, error=null, aux=null)
21:50:35.674 [docker-java-stream--2064336329] DEBUG com.github.dockerjava.zerodep.shaded.org.apache.hc.client5.http.wire - http-outgoing-3 << "209[\r][\n]"
21:50:35.675 [docker-java-stream--2064336329] DEBUG com.github.dockerjava.zerodep.shaded.org.apache.hc.client5.http.wire - http-outgoing-3 << "{"status":"Downloading","progressDetail":{"current":1170661,"total":1195120},"progress":"[================================================\u003e  ]  1.171MB/1.195MB","id":"644cfda281a1"}[\r][\n]"
21:50:35.675 [docker-java-stream--2064336329] DEBUG com.github.dockerjava.zerodep.shaded.org.apache.hc.client5.http.wire - http-outgoing-3 << "{"status":"Verifying Checksum","progressDetail":{},"id":"644cfda281a1"}[\r][\n]"
21:50:35.675 [docker-java-stream--2064336329] DEBUG com.github.dockerjava.zerodep.shaded.org.apache.hc.client5.http.wire - http-outgoing-3 << "{"status":"Download complete","progressDetail":{},"id":"644cfda281a1"}[\r][\n]"
21:50:35.675 [docker-java-stream--2064336329] DEBUG com.github.dockerjava.zerodep.shaded.org.apache.hc.client5.http.wire - http-outgoing-3 << "{"status":"Downloading","progressDetail":{"current":2156872,"total":8065496},"progress":"[=============\u003e                                     ]  2.157MB/8.065MB","id":"12bab27fafd3"}[\r][\n]"
21:50:35.675 [docker-java-stream--2064336329] DEBUG com.github.dockerjava.zerodep.shaded.org.apache.hc.client5.http.wire - http-outgoing-3 << "[\r][\n]"
21:50:35.675 [docker-java-stream--2064336329] DEBUG com.github.dockerjava.api.command.PullImageResultCallback - ResponseItem(stream=null, status=Downloading, progressDetail=ResponseItem.ProgressDetail(current=1170661, total=1195120, start=null), progress=[================================================>  ]  1.171MB/1.195MB, id=644cfda281a1, from=null, time=null, errorDetail=null, error=null, aux=null)
21:50:35.675 [docker-java-stream--2064336329] DEBUG com.github.dockerjava.api.command.PullImageResultCallback - ResponseItem(stream=null, status=Verifying Checksum, progressDetail=ResponseItem.ProgressDetail(current=null, total=null, start=null), progress=null, id=644cfda281a1, from=null, time=null, errorDetail=null, error=null, aux=null)
21:50:35.675 [docker-java-stream--2064336329] DEBUG com.github.dockerjava.api.command.PullImageResultCallback - ResponseItem(stream=null, status=Download complete, progressDetail=ResponseItem.ProgressDetail(current=null, total=null, start=null), progress=null, id=644cfda281a1, from=null, time=null, errorDetail=null, error=null, aux=null)
21:50:35.675 [docker-java-stream--2064336329] INFO tc.postgres:16.1 - Pulling image layers: 10 pending,  4 downloaded,  0 extracted, (17 MB/? MB)
21:50:35.676 [docker-java-stream--2064336329] DEBUG com.github.dockerjava.api.command.PullImageResultCallback - ResponseItem(stream=null, status=Downloading, progressDetail=ResponseItem.ProgressDetail(current=2156872, total=8065496, start=null), progress=[=============>                                     ]  2.157MB/8.065MB, id=12bab27fafd3, from=null, time=null, errorDetail=null, error=null, aux=null)
21:50:38.570 [docker-java-stream--2064336329] DEBUG com.github.dockerjava.zerodep.shaded.org.apache.hc.client5.http.wire - http-outgoing-3 << "46e[\r][\n]"
21:50:38.570 [docker-java-stream--2064336329] DEBUG com.github.dockerjava.zerodep.shaded.org.apache.hc.client5.http.wire - http-outgoing-3 << "{"status":"Downloading","progressDetail":{"current":10152261,"total":29125963},"progress":"[=================\u003e                                 ]  10.15MB/29.13MB","id":"af107e978371"}[\r][\n]"
21:50:38.570 [docker-java-stream--2064336329] DEBUG com.github.dockerjava.zerodep.shaded.org.apache.hc.client5.http.wire - http-outgoing-3 << "{"status":"Downloading","progressDetail":{"current":2402632,"total":8065496},"progress":"[==============\u003e                                    ]  2.403MB/8.065MB","id":"12bab27fafd3"}[\r][\n]"
21:50:38.570 [docker-java-stream--2064336329] DEBUG com.github.dockerjava.zerodep.shaded.org.apache.hc.client5.http.wire - http-outgoing-3 << "{"status":"Downloading","progressDetail":{"current":2484552,"total":8065496},"progress":"[===============\u003e                                   ]  2.485MB/8.065MB","id":"12bab27fafd3"}[\r][\n]"
21:50:38.570 [docker-java-stream--2064336329] DEBUG com.github.dockerjava.zerodep.shaded.org.apache.hc.client5.http.wire - http-outgoing-3 << "{"status":"Downloading","progressDetail":{"current":10455365,"total":29125963},"progress":"[=================\u003e                                 ]  10.46MB/29.13MB","id":"af107e978371"}[\r][\n]"
21:50:38.570 [docker-java-stream--2064336329] DEBUG com.github.dockerjava.zerodep.shaded.org.apache.hc.client5.http.wire - http-outgoing-3 << "{"status":"Downloading","progressDetail":{"current":2660680,"total":8065496},"progress":"[================\u003e                                  ]  2.661MB/8.065MB","id":"12bab27fafd3"}[\r][\n]"
21:50:38.570 [docker-java-stream--2064336329] DEBUG com.github.dockerjava.zerodep.shaded.org.apache.hc.client5.http.wire - http-outgoing-3 << "{"status":"Downloading","progressDetail":{"current":10750277,"total":29125963},"progress":"[==================\u003e                                ]  10.75MB/29.13MB","id":"af107e978371"}[\r][\n]"
21:50:38.570 [docker-java-stream--2064336329] DEBUG com.github.dockerjava.zerodep.shaded.org.apache.hc.client5.http.wire - http-outgoing-3 << "[\r][\n]"
21:50:38.571 [docker-java-stream--2064336329] DEBUG com.github.dockerjava.api.command.PullImageResultCallback - ResponseItem(stream=null, status=Downloading, progressDetail=ResponseItem.ProgressDetail(current=10152261, total=29125963, start=null), progress=[=================>                                 ]  10.15MB/29.13MB, id=af107e978371, from=null, time=null, errorDetail=null, error=null, aux=null)
21:50:38.987 [docker-java-stream--2064336329] DEBUG com.github.dockerjava.api.command.PullImageResultCallback - ResponseItem(stream=null, status=Downloading, progressDetail=ResponseItem.ProgressDetail(current=2402632, total=8065496, start=null), progress=[==============>                                    ]  2.403MB/8.065MB, id=12bab27fafd3, from=null, time=null, errorDetail=null, error=null, aux=null)
21:50:38.987 [docker-java-stream--2064336329] DEBUG com.github.dockerjava.api.command.PullImageResultCallback - ResponseItem(stream=null, status=Downloading, progressDetail=ResponseItem.ProgressDetail(current=2484552, total=8065496, start=null), progress=[===============>                                   ]  2.485MB/8.065MB, id=12bab27fafd3, from=null, time=null, errorDetail=null, error=null, aux=null)
21:50:38.987 [docker-java-stream--2064336329] DEBUG com.github.dockerjava.api.command.PullImageResultCallback - ResponseItem(stream=null, status=Downloading, progressDetail=ResponseItem.ProgressDetail(current=10455365, total=29125963, start=null), progress=[=================>                                 ]  10.46MB/29.13MB, id=af107e978371, from=null, time=null, errorDetail=null, error=null, aux=null)
21:50:38.987 [docker-java-stream--2064336329] DEBUG com.github.dockerjava.api.command.PullImageResultCallback - ResponseItem(stream=null, status=Downloading, progressDetail=ResponseItem.ProgressDetail(current=2660680, total=8065496, start=null), progress=[================>                                  ]  2.661MB/8.065MB, id=12bab27fafd3, from=null, time=null, errorDetail=null, error=null, aux=null)
21:50:38.987 [docker-java-stream--2064336329] DEBUG com.github.dockerjava.api.command.PullImageResultCallback - ResponseItem(stream=null, status=Downloading, progressDetail=ResponseItem.ProgressDetail(current=10750277, total=29125963, start=null), progress=[==================>                                ]  10.75MB/29.13MB, id=af107e978371, from=null, time=null, errorDetail=null, error=null, aux=null)
21:50:38.987 [docker-java-stream--2064336329] DEBUG com.github.dockerjava.zerodep.shaded.org.apache.hc.client5.http.wire - http-outgoing-3 << "bc[\r][\n]"
21:50:38.987 [docker-java-stream--2064336329] DEBUG com.github.dockerjava.zerodep.shaded.org.apache.hc.client5.http.wire - http-outgoing-3 << "{"status":"Downloading","progressDetail":{"current":3164488,"total":8065496},"progress":"[===================\u003e                               ]  3.164MB/8.065MB","id":"12bab27fafd3"}[\r][\n]"
21:50:38.987 [docker-java-stream--2064336329] DEBUG com.github.dockerjava.zerodep.shaded.org.apache.hc.client5.http.wire - http-outgoing-3 << "[\r][\n]"
21:50:38.987 [docker-java-stream--2064336329] DEBUG com.github.dockerjava.zerodep.shaded.org.apache.hc.client5.http.wire - http-outgoing-3 << "17a[\r][\n]"
21:50:38.987 [docker-java-stream--2064336329] DEBUG com.github.dockerjava.zerodep.shaded.org.apache.hc.client5.http.wire - http-outgoing-3 << "{"status":"Downloading","progressDetail":{"current":3410248,"total":8065496},"progress":"[=====================\u003e                             ]   3.41MB/8.065MB","id":"12bab27fafd3"}[\r][\n]"
21:50:38.987 [docker-java-stream--2064336329] DEBUG com.github.dockerjava.zerodep.shaded.org.apache.hc.client5.http.wire - http-outgoing-3 << "{"status":"Downloading","progressDetail":{"current":11635013,"total":29125963},"progress":"[===================\u003e                               ]  11.64MB/29.13MB","id":"af107e978371"}[\r][\n]"
21:50:38.987 [docker-java-stream--2064336329] DEBUG com.github.dockerjava.zerodep.shaded.org.apache.hc.client5.http.wire - http-outgoing-3 << "[\r][\n]"
21:50:38.987 [docker-java-stream--2064336329] DEBUG com.github.dockerjava.api.command.PullImageResultCallback - ResponseItem(stream=null, status=Downloading, progressDetail=ResponseItem.ProgressDetail(current=3164488, total=8065496, start=null), progress=[===================>                               ]  3.164MB/8.065MB, id=12bab27fafd3, from=null, time=null, errorDetail=null, error=null, aux=null)
21:50:38.987 [docker-java-stream--2064336329] DEBUG com.github.dockerjava.api.command.PullImageResultCallback - ResponseItem(stream=null, status=Downloading, progressDetail=ResponseItem.ProgressDetail(current=3410248, total=8065496, start=null), progress=[=====================>                             ]   3.41MB/8.065MB, id=12bab27fafd3, from=null, time=null, errorDetail=null, error=null, aux=null)
21:50:38.987 [docker-java-stream--2064336329] DEBUG com.github.dockerjava.api.command.PullImageResultCallback - ResponseItem(stream=null, status=Downloading, progressDetail=ResponseItem.ProgressDetail(current=11635013, total=29125963, start=null), progress=[===================>                               ]  11.64MB/29.13MB, id=af107e978371, from=null, time=null, errorDetail=null, error=null, aux=null)
21:50:39.402 [docker-java-stream--2064336329] DEBUG com.github.dockerjava.zerodep.shaded.org.apache.hc.client5.http.wire - http-outgoing-3 << "236[\r][\n]"
21:50:39.955 [docker-java-stream--2064336329] DEBUG com.github.dockerjava.zerodep.shaded.org.apache.hc.client5.http.wire - http-outgoing-3 << "{"status":"Downloading","progressDetail":{"current":11929925,"total":29125963},"progress":"[====================\u003e                              ]  11.93MB/29.13MB","id":"af107e978371"}[\r][\n]"
21:50:39.955 [docker-java-stream--2064336329] DEBUG com.github.dockerjava.zerodep.shaded.org.apache.hc.client5.http.wire - http-outgoing-3 << "{"status":"Downloading","progressDetail":{"current":3492168,"total":8065496},"progress":"[=====================\u003e                             ]  3.492MB/8.065MB","id":"12bab27fafd3"}[\r][\n]"
21:50:39.955 [docker-java-stream--2064336329] DEBUG com.github.dockerjava.zerodep.shaded.org.apache.hc.client5.http.wire - http-outgoing-3 << "{"status":"Downloading","progressDetail":{"current":3737928,"total":8065496},"progress":"[=======================\u003e                           ]  3.738MB/8.065MB","id":"12bab27fafd3"}[\r][\n]"
21:50:39.955 [docker-java-stream--2064336329] DEBUG com.github.dockerjava.zerodep.shaded.org.apache.hc.client5.http.wire - http-outgoing-3 << "[\r][\n]"
21:50:39.955 [docker-java-stream--2064336329] DEBUG com.github.dockerjava.api.command.PullImageResultCallback - ResponseItem(stream=null, status=Downloading, progressDetail=ResponseItem.ProgressDetail(current=11929925, total=29125963, start=null), progress=[====================>                              ]  11.93MB/29.13MB, id=af107e978371, from=null, time=null, errorDetail=null, error=null, aux=null)
21:50:39.955 [docker-java-stream--2064336329] DEBUG com.github.dockerjava.api.command.PullImageResultCallback - ResponseItem(stream=null, status=Downloading, progressDetail=ResponseItem.ProgressDetail(current=3492168, total=8065496, start=null), progress=[=====================>                             ]  3.492MB/8.065MB, id=12bab27fafd3, from=null, time=null, errorDetail=null, error=null, aux=null)
21:50:39.955 [docker-java-stream--2064336329] DEBUG com.github.dockerjava.api.command.PullImageResultCallback - ResponseItem(stream=null, status=Downloading, progressDetail=ResponseItem.ProgressDetail(current=3737928, total=8065496, start=null), progress=[=======================>                           ]  3.738MB/8.065MB, id=12bab27fafd3, from=null, time=null, errorDetail=null, error=null, aux=null)
21:50:39.955 [docker-java-stream--2064336329] DEBUG com.github.dockerjava.zerodep.shaded.org.apache.hc.client5.http.wire - http-outgoing-3 << "be[\r][\n]"
21:50:39.955 [docker-java-stream--2064336329] DEBUG com.github.dockerjava.zerodep.shaded.org.apache.hc.client5.http.wire - http-outgoing-3 << "{"status":"Downloading","progressDetail":{"current":12224837,"total":29125963},"progress":"[====================\u003e                              ]  12.22MB/29.13MB","id":"af107e978371"}[\r][\n]"
21:50:39.955 [docker-java-stream--2064336329] DEBUG com.github.dockerjava.zerodep.shaded.org.apache.hc.client5.http.wire - http-outgoing-3 << "[\r][\n]"
21:50:39.955 [docker-java-stream--2064336329] DEBUG com.github.dockerjava.zerodep.shaded.org.apache.hc.client5.http.wire - http-outgoing-3 << "bc[\r][\n]"
21:50:39.955 [docker-java-stream--2064336329] DEBUG com.github.dockerjava.zerodep.shaded.org.apache.hc.client5.http.wire - http-outgoing-3 << "{"status":"Downloading","progressDetail":{"current":3909960,"total":8065496},"progress":"[========================\u003e                          ]   3.91MB/8.065MB","id":"12bab27fafd3"}[\r][\n]"
21:50:39.955 [docker-java-stream--2064336329] DEBUG com.github.dockerjava.zerodep.shaded.org.apache.hc.client5.http.wire - http-outgoing-3 << "[\r][\n]"
21:50:40.020 [docker-java-stream--2064336329] DEBUG com.github.dockerjava.api.command.PullImageResultCallback - ResponseItem(stream=null, status=Downloading, progressDetail=ResponseItem.ProgressDetail(current=12224837, total=29125963, start=null), progress=[====================>                              ]  12.22MB/29.13MB, id=af107e978371, from=null, time=null, errorDetail=null, error=null, aux=null)
21:50:40.020 [docker-java-stream--2064336329] DEBUG com.github.dockerjava.api.command.PullImageResultCallback - ResponseItem(stream=null, status=Downloading, progressDetail=ResponseItem.ProgressDetail(current=3909960, total=8065496, start=null), progress=[========================>                          ]   3.91MB/8.065MB, id=12bab27fafd3, from=null, time=null, errorDetail=null, error=null, aux=null)
21:50:40.026 [docker-java-stream--2064336329] DEBUG com.github.dockerjava.zerodep.shaded.org.apache.hc.client5.http.wire - http-outgoing-3 << "bc[\r][\n]"
21:50:40.026 [docker-java-stream--2064336329] DEBUG com.github.dockerjava.zerodep.shaded.org.apache.hc.client5.http.wire - http-outgoing-3 << "{"status":"Downloading","progressDetail":{"current":4237640,"total":8065496},"progress":"[==========================\u003e                        ]  4.238MB/8.065MB","id":"12bab27fafd3"}[\r][\n]"
21:50:40.026 [docker-java-stream--2064336329] DEBUG com.github.dockerjava.zerodep.shaded.org.apache.hc.client5.http.wire - http-outgoing-3 << "[\r][\n]"
21:50:40.026 [docker-java-stream--2064336329] DEBUG com.github.dockerjava.api.command.PullImageResultCallback - ResponseItem(stream=null, status=Downloading, progressDetail=ResponseItem.ProgressDetail(current=4237640, total=8065496, start=null), progress=[==========================>                        ]  4.238MB/8.065MB, id=12bab27fafd3, from=null, time=null, errorDetail=null, error=null, aux=null)
21:50:40.075 [docker-java-stream--2064336329] DEBUG com.github.dockerjava.zerodep.shaded.org.apache.hc.client5.http.wire - http-outgoing-3 << "be[\r][\n]"
21:50:40.265 [docker-java-stream--2064336329] DEBUG com.github.dockerjava.zerodep.shaded.org.apache.hc.client5.http.wire - http-outgoing-3 << "{"status":"Downloading","progressDetail":{"current":12527941,"total":29125963},"progress":"[=====================\u003e                             ]  12.53MB/29.13MB","id":"af107e978371"}[\r][\n]"
21:50:40.265 [docker-java-stream--2064336329] DEBUG com.github.dockerjava.zerodep.shaded.org.apache.hc.client5.http.wire - http-outgoing-3 << "[\r][\n]"
21:50:40.265 [docker-java-stream--2064336329] DEBUG com.github.dockerjava.api.command.PullImageResultCallback - ResponseItem(stream=null, status=Downloading, progressDetail=ResponseItem.ProgressDetail(current=12527941, total=29125963, start=null), progress=[=====================>                             ]  12.53MB/29.13MB, id=af107e978371, from=null, time=null, errorDetail=null, error=null, aux=null)
21:50:40.265 [docker-java-stream--2064336329] DEBUG com.github.dockerjava.zerodep.shaded.org.apache.hc.client5.http.wire - http-outgoing-3 << "142[\r][\n]"
21:50:40.265 [docker-java-stream--2064336329] DEBUG com.github.dockerjava.zerodep.shaded.org.apache.hc.client5.http.wire - http-outgoing-3 << "{"status":"Downloading","progressDetail":{"current":116,"total":116},"progress":"[==================================================\u003e]     116B/116B","id":"03299695f2b9"}[\r][\n]"
21:50:40.265 [docker-java-stream--2064336329] DEBUG com.github.dockerjava.zerodep.shaded.org.apache.hc.client5.http.wire - http-outgoing-3 << "{"status":"Verifying Checksum","progressDetail":{},"id":"03299695f2b9"}[\r][\n]"
21:50:40.265 [docker-java-stream--2064336329] DEBUG com.github.dockerjava.zerodep.shaded.org.apache.hc.client5.http.wire - http-outgoing-3 << "{"status":"Download complete","progressDetail":{},"id":"03299695f2b9"}[\r][\n]"
21:50:40.265 [docker-java-stream--2064336329] DEBUG com.github.dockerjava.zerodep.shaded.org.apache.hc.client5.http.wire - http-outgoing-3 << "[\r][\n]"
21:50:40.265 [docker-java-stream--2064336329] DEBUG com.github.dockerjava.zerodep.shaded.org.apache.hc.client5.http.wire - http-outgoing-3 << "17a[\r][\n]"
21:50:40.265 [docker-java-stream--2064336329] DEBUG com.github.dockerjava.zerodep.shaded.org.apache.hc.client5.http.wire - http-outgoing-3 << "{"status":"Downloading","progressDetail":{"current":12831045,"total":29125963},"progress":"[======================\u003e                            ]  12.83MB/29.13MB","id":"af107e978371"}[\r][\n]"
21:50:40.265 [docker-java-stream--2064336329] DEBUG com.github.dockerjava.zerodep.shaded.org.apache.hc.client5.http.wire - http-outgoing-3 << "{"status":"Downloading","progressDetail":{"current":4811080,"total":8065496},"progress":"[=============================\u003e                     ]  4.811MB/8.065MB","id":"12bab27fafd3"}[\r][\n]"
21:50:40.265 [docker-java-stream--2064336329] DEBUG com.github.dockerjava.zerodep.shaded.org.apache.hc.client5.http.wire - http-outgoing-3 << "[\r][\n]"
21:50:40.265 [docker-java-stream--2064336329] DEBUG com.github.dockerjava.api.command.PullImageResultCallback - ResponseItem(stream=null, status=Downloading, progressDetail=ResponseItem.ProgressDetail(current=116, total=116, start=null), progress=[==================================================>]     116B/116B, id=03299695f2b9, from=null, time=null, errorDetail=null, error=null, aux=null)
21:50:40.265 [docker-java-stream--2064336329] DEBUG com.github.dockerjava.api.command.PullImageResultCallback - ResponseItem(stream=null, status=Verifying Checksum, progressDetail=ResponseItem.ProgressDetail(current=null, total=null, start=null), progress=null, id=03299695f2b9, from=null, time=null, errorDetail=null, error=null, aux=null)
21:50:40.265 [docker-java-stream--2064336329] DEBUG com.github.dockerjava.api.command.PullImageResultCallback - ResponseItem(stream=null, status=Download complete, progressDetail=ResponseItem.ProgressDetail(current=null, total=null, start=null), progress=null, id=03299695f2b9, from=null, time=null, errorDetail=null, error=null, aux=null)
21:50:40.267 [docker-java-stream--2064336329] INFO tc.postgres:16.1 - Pulling image layers:  9 pending,  5 downloaded,  0 extracted, (22 MB/? MB)
21:50:40.267 [docker-java-stream--2064336329] DEBUG com.github.dockerjava.api.command.PullImageResultCallback - ResponseItem(stream=null, status=Downloading, progressDetail=ResponseItem.ProgressDetail(current=12831045, total=29125963, start=null), progress=[======================>                            ]  12.83MB/29.13MB, id=af107e978371, from=null, time=null, errorDetail=null, error=null, aux=null)
21:50:40.267 [docker-java-stream--2064336329] DEBUG com.github.dockerjava.api.command.PullImageResultCallback - ResponseItem(stream=null, status=Downloading, progressDetail=ResponseItem.ProgressDetail(current=4811080, total=8065496, start=null), progress=[=============================>                     ]  4.811MB/8.065MB, id=12bab27fafd3, from=null, time=null, errorDetail=null, error=null, aux=null)
21:50:40.343 [docker-java-stream--2064336329] DEBUG com.github.dockerjava.zerodep.shaded.org.apache.hc.client5.http.wire - http-outgoing-3 << "17a[\r][\n]"
21:50:40.343 [docker-java-stream--2064336329] DEBUG com.github.dockerjava.zerodep.shaded.org.apache.hc.client5.http.wire - http-outgoing-3 << "{"status":"Downloading","progressDetail":{"current":13130053,"total":29125963},"progress":"[======================\u003e                            ]  13.13MB/29.13MB","id":"af107e978371"}[\r][\n]"
21:50:40.343 [docker-java-stream--2064336329] DEBUG com.github.dockerjava.zerodep.shaded.org.apache.hc.client5.http.wire - http-outgoing-3 << "{"status":"Downloading","progressDetail":{"current":4974920,"total":8065496},"progress":"[==============================\u003e                    ]  4.975MB/8.065MB","id":"12bab27fafd3"}[\r][\n]"
21:50:40.343 [docker-java-stream--2064336329] DEBUG com.github.dockerjava.zerodep.shaded.org.apache.hc.client5.http.wire - http-outgoing-3 << "[\r][\n]"
21:50:40.343 [docker-java-stream--2064336329] DEBUG com.github.dockerjava.api.command.PullImageResultCallback - ResponseItem(stream=null, status=Downloading, progressDetail=ResponseItem.ProgressDetail(current=13130053, total=29125963, start=null), progress=[======================>                            ]  13.13MB/29.13MB, id=af107e978371, from=null, time=null, errorDetail=null, error=null, aux=null)
21:50:40.343 [docker-java-stream--2064336329] DEBUG com.github.dockerjava.api.command.PullImageResultCallback - ResponseItem(stream=null, status=Downloading, progressDetail=ResponseItem.ProgressDetail(current=4974920, total=8065496, start=null), progress=[==============================>                    ]  4.975MB/8.065MB, id=12bab27fafd3, from=null, time=null, errorDetail=null, error=null, aux=null)
21:50:40.533 [docker-java-stream--2064336329] DEBUG com.github.dockerjava.zerodep.shaded.org.apache.hc.client5.http.wire - http-outgoing-3 << "bc[\r][\n]"
21:50:40.533 [docker-java-stream--2064336329] DEBUG com.github.dockerjava.zerodep.shaded.org.apache.hc.client5.http.wire - http-outgoing-3 << "{"status":"Downloading","progressDetail":{"current":5056840,"total":8065496},"progress":"[===============================\u003e                   ]  5.057MB/8.065MB","id":"12bab27fafd3"}[\r][\n]"
21:50:40.533 [docker-java-stream--2064336329] DEBUG com.github.dockerjava.zerodep.shaded.org.apache.hc.client5.http.wire - http-outgoing-3 << "[\r][\n]"
21:50:40.534 [docker-java-stream--2064336329] DEBUG com.github.dockerjava.api.command.PullImageResultCallback - ResponseItem(stream=null, status=Downloading, progressDetail=ResponseItem.ProgressDetail(current=5056840, total=8065496, start=null), progress=[===============================>                   ]  5.057MB/8.065MB, id=12bab27fafd3, from=null, time=null, errorDetail=null, error=null, aux=null)
21:50:40.565 [docker-java-stream--2064336329] DEBUG com.github.dockerjava.zerodep.shaded.org.apache.hc.client5.http.wire - http-outgoing-3 << "be[\r][\n]"
21:50:40.565 [docker-java-stream--2064336329] DEBUG com.github.dockerjava.zerodep.shaded.org.apache.hc.client5.http.wire - http-outgoing-3 << "{"status":"Downloading","progressDetail":{"current":13433157,"total":29125963},"progress":"[=======================\u003e                           ]  13.43MB/29.13MB","id":"af107e978371"}[\r][\n]"
21:50:40.565 [docker-java-stream--2064336329] DEBUG com.github.dockerjava.zerodep.shaded.org.apache.hc.client5.http.wire - http-outgoing-3 << "[\r][\n]"
21:50:40.566 [docker-java-stream--2064336329] DEBUG com.github.dockerjava.api.command.PullImageResultCallback - ResponseItem(stream=null, status=Downloading, progressDetail=ResponseItem.ProgressDetail(current=13433157, total=29125963, start=null), progress=[=======================>                           ]  13.43MB/29.13MB, id=af107e978371, from=null, time=null, errorDetail=null, error=null, aux=null)
21:50:41.626 [docker-java-stream--2064336329] DEBUG com.github.dockerjava.zerodep.shaded.org.apache.hc.client5.http.wire - http-outgoing-3 << "be[\r][\n]"
21:50:41.626 [docker-java-stream--2064336329] DEBUG com.github.dockerjava.zerodep.shaded.org.apache.hc.client5.http.wire - http-outgoing-3 << "{"status":"Downloading","progressDetail":{"current":13736261,"total":29125963},"progress":"[=======================\u003e                           ]  13.74MB/29.13MB","id":"af107e978371"}[\r][\n]"
21:50:41.626 [docker-java-stream--2064336329] DEBUG com.github.dockerjava.zerodep.shaded.org.apache.hc.client5.http.wire - http-outgoing-3 << "[\r][\n]"
21:50:41.889 [docker-java-stream--2064336329] DEBUG com.github.dockerjava.api.command.PullImageResultCallback - ResponseItem(stream=null, status=Downloading, progressDetail=ResponseItem.ProgressDetail(current=13736261, total=29125963, start=null), progress=[=======================>                           ]  13.74MB/29.13MB, id=af107e978371, from=null, time=null, errorDetail=null, error=null, aux=null)
21:50:42.354 [docker-java-stream--2064336329] DEBUG com.github.dockerjava.zerodep.shaded.org.apache.hc.client5.http.wire - http-outgoing-3 << "bc[\r][\n]"
21:50:42.354 [docker-java-stream--2064336329] DEBUG com.github.dockerjava.zerodep.shaded.org.apache.hc.client5.http.wire - http-outgoing-3 << "{"status":"Downloading","progressDetail":{"current":5302600,"total":8065496},"progress":"[================================\u003e                  ]  5.303MB/8.065MB","id":"12bab27fafd3"}[\r][\n]"
21:50:42.354 [docker-java-stream--2064336329] DEBUG com.github.dockerjava.zerodep.shaded.org.apache.hc.client5.http.wire - http-outgoing-3 << "[\r][\n]"
21:50:42.387 [docker-java-stream--2064336329] DEBUG com.github.dockerjava.api.command.PullImageResultCallback - ResponseItem(stream=null, status=Downloading, progressDetail=ResponseItem.ProgressDetail(current=5302600, total=8065496, start=null), progress=[================================>                  ]  5.303MB/8.065MB, id=12bab27fafd3, from=null, time=null, errorDetail=null, error=null, aux=null)
21:50:42.477 [docker-java-stream--2064336329] DEBUG com.github.dockerjava.zerodep.shaded.org.apache.hc.client5.http.wire - http-outgoing-3 << "be[\r][\n]"
21:50:42.477 [docker-java-stream--2064336329] DEBUG com.github.dockerjava.zerodep.shaded.org.apache.hc.client5.http.wire - http-outgoing-3 << "{"status":"Downloading","progressDetail":{"current":14334277,"total":29125963},"progress":"[========================\u003e                          ]  14.33MB/29.13MB","id":"af107e978371"}[\r][\n]"
21:50:42.477 [docker-java-stream--2064336329] DEBUG com.github.dockerjava.zerodep.shaded.org.apache.hc.client5.http.wire - http-outgoing-3 << "[\r][\n]"
21:50:42.477 [docker-java-stream--2064336329] DEBUG com.github.dockerjava.api.command.PullImageResultCallback - ResponseItem(stream=null, status=Downloading, progressDetail=ResponseItem.ProgressDetail(current=14334277, total=29125963, start=null), progress=[========================>                          ]  14.33MB/29.13MB, id=af107e978371, from=null, time=null, errorDetail=null, error=null, aux=null)
21:50:42.573 [docker-java-stream--2064336329] DEBUG com.github.dockerjava.zerodep.shaded.org.apache.hc.client5.http.wire - http-outgoing-3 << "bc[\r][\n]"
21:50:42.573 [docker-java-stream--2064336329] DEBUG com.github.dockerjava.zerodep.shaded.org.apache.hc.client5.http.wire - http-outgoing-3 << "{"status":"Downloading","progressDetail":{"current":6449480,"total":8065496},"progress":"[=======================================\u003e           ]  6.449MB/8.065MB","id":"12bab27fafd3"}[\r][\n]"
21:50:42.598 [docker-java-stream--2064336329] DEBUG com.github.dockerjava.zerodep.shaded.org.apache.hc.client5.http.wire - http-outgoing-3 << "[\r][\n]"
21:50:42.631 [docker-java-stream--2064336329] DEBUG com.github.dockerjava.api.command.PullImageResultCallback - ResponseItem(stream=null, status=Downloading, progressDetail=ResponseItem.ProgressDetail(current=6449480, total=8065496, start=null), progress=[=======================================>           ]  6.449MB/8.065MB, id=12bab27fafd3, from=null, time=null, errorDetail=null, error=null, aux=null)
21:50:42.996 [docker-java-stream--2064336329] DEBUG com.github.dockerjava.zerodep.shaded.org.apache.hc.client5.http.wire - http-outgoing-3 << "be[\r][\n]"
21:50:42.996 [docker-java-stream--2064336329] DEBUG com.github.dockerjava.zerodep.shaded.org.apache.hc.client5.http.wire - http-outgoing-3 << "{"status":"Downloading","progressDetail":{"current":14932293,"total":29125963},"progress":"[=========================\u003e                         ]  14.93MB/29.13MB","id":"af107e978371"}[\r][\n]"
21:50:42.996 [docker-java-stream--2064336329] DEBUG com.github.dockerjava.zerodep.shaded.org.apache.hc.client5.http.wire - http-outgoing-3 << "[\r][\n]"
21:50:42.996 [docker-java-stream--2064336329] DEBUG com.github.dockerjava.api.command.PullImageResultCallback - ResponseItem(stream=null, status=Downloading, progressDetail=ResponseItem.ProgressDetail(current=14932293, total=29125963, start=null), progress=[=========================>                         ]  14.93MB/29.13MB, id=af107e978371, from=null, time=null, errorDetail=null, error=null, aux=null)
21:50:43.203 [docker-java-stream--2064336329] DEBUG com.github.dockerjava.zerodep.shaded.org.apache.hc.client5.http.wire - http-outgoing-3 << "1b3[\r][\n]"
21:50:43.203 [docker-java-stream--2064336329] DEBUG com.github.dockerjava.zerodep.shaded.org.apache.hc.client5.http.wire - http-outgoing-3 << "{"status":"Downloading","progressDetail":{"current":723,"total":3142},"progress":"[===========\u003e                                       ]     723B/3.142kB","id":"6e36bf1505f3"}[\r][\n]"
21:50:43.203 [docker-java-stream--2064336329] DEBUG com.github.dockerjava.zerodep.shaded.org.apache.hc.client5.http.wire - http-outgoing-3 << "{"status":"Downloading","progressDetail":{"current":3142,"total":3142},"progress":"[==================================================\u003e]  3.142kB/3.142kB","id":"6e36bf1505f3"}[\r][\n]"
21:50:43.203 [docker-java-stream--2064336329] DEBUG com.github.dockerjava.zerodep.shaded.org.apache.hc.client5.http.wire - http-outgoing-3 << "{"status":"Download complete","progressDetail":{},"id":"6e36bf1505f3"}[\r][\n]"
21:50:43.203 [docker-java-stream--2064336329] DEBUG com.github.dockerjava.zerodep.shaded.org.apache.hc.client5.http.wire - http-outgoing-3 << "[\r][\n]"
21:50:43.204 [docker-java-stream--2064336329] DEBUG com.github.dockerjava.api.command.PullImageResultCallback - ResponseItem(stream=null, status=Downloading, progressDetail=ResponseItem.ProgressDetail(current=723, total=3142, start=null), progress=[===========>                                       ]     723B/3.142kB, id=6e36bf1505f3, from=null, time=null, errorDetail=null, error=null, aux=null)
21:50:43.204 [docker-java-stream--2064336329] DEBUG com.github.dockerjava.api.command.PullImageResultCallback - ResponseItem(stream=null, status=Downloading, progressDetail=ResponseItem.ProgressDetail(current=3142, total=3142, start=null), progress=[==================================================>]  3.142kB/3.142kB, id=6e36bf1505f3, from=null, time=null, errorDetail=null, error=null, aux=null)
21:50:43.204 [docker-java-stream--2064336329] DEBUG com.github.dockerjava.api.command.PullImageResultCallback - ResponseItem(stream=null, status=Download complete, progressDetail=ResponseItem.ProgressDetail(current=null, total=null, start=null), progress=null, id=6e36bf1505f3, from=null, time=null, errorDetail=null, error=null, aux=null)
21:50:43.212 [docker-java-stream--2064336329] INFO tc.postgres:16.1 - Pulling image layers:  8 pending,  6 downloaded,  0 extracted, (26 MB/? MB)
21:50:43.681 [docker-java-stream--2064336329] DEBUG com.github.dockerjava.zerodep.shaded.org.apache.hc.client5.http.wire - http-outgoing-3 << "be[\r][\n]"
21:50:43.682 [docker-java-stream--2064336329] DEBUG com.github.dockerjava.zerodep.shaded.org.apache.hc.client5.http.wire - http-outgoing-3 << "{"status":"Downloading","progressDetail":{"current":15227205,"total":29125963},"progress":"[==========================\u003e                        ]  15.23MB/29.13MB","id":"af107e978371"}[\r][\n]"
21:50:43.682 [docker-java-stream--2064336329] DEBUG com.github.dockerjava.zerodep.shaded.org.apache.hc.client5.http.wire - http-outgoing-3 << "[\r][\n]"
21:50:43.682 [docker-java-stream--2064336329] DEBUG com.github.dockerjava.api.command.PullImageResultCallback - ResponseItem(stream=null, status=Downloading, progressDetail=ResponseItem.ProgressDetail(current=15227205, total=29125963, start=null), progress=[==========================>                        ]  15.23MB/29.13MB, id=af107e978371, from=null, time=null, errorDetail=null, error=null, aux=null)
21:50:44.024 [docker-java-stream--2064336329] DEBUG com.github.dockerjava.zerodep.shaded.org.apache.hc.client5.http.wire - http-outgoing-3 << "bc[\r][\n]"
21:50:44.024 [docker-java-stream--2064336329] DEBUG com.github.dockerjava.zerodep.shaded.org.apache.hc.client5.http.wire - http-outgoing-3 << "{"status":"Downloading","progressDetail":{"current":6539592,"total":8065496},"progress":"[========================================\u003e          ]   6.54MB/8.065MB","id":"12bab27fafd3"}[\r][\n]"
21:50:44.024 [docker-java-stream--2064336329] DEBUG com.github.dockerjava.zerodep.shaded.org.apache.hc.client5.http.wire - http-outgoing-3 << "[\r][\n]"
21:50:44.024 [docker-java-stream--2064336329] DEBUG com.github.dockerjava.api.command.PullImageResultCallback - ResponseItem(stream=null, status=Downloading, progressDetail=ResponseItem.ProgressDetail(current=6539592, total=8065496, start=null), progress=[========================================>          ]   6.54MB/8.065MB, id=12bab27fafd3, from=null, time=null, errorDetail=null, error=null, aux=null)
21:50:44.267 [docker-java-stream--2064336329] DEBUG com.github.dockerjava.zerodep.shaded.org.apache.hc.client5.http.wire - http-outgoing-3 << "bc[\r][\n]"
21:50:44.267 [docker-java-stream--2064336329] DEBUG com.github.dockerjava.zerodep.shaded.org.apache.hc.client5.http.wire - http-outgoing-3 << "{"status":"Downloading","progressDetail":{"current":6621512,"total":8065496},"progress":"[=========================================\u003e         ]  6.622MB/8.065MB","id":"12bab27fafd3"}[\r][\n]"
21:50:44.267 [docker-java-stream--2064336329] DEBUG com.github.dockerjava.zerodep.shaded.org.apache.hc.client5.http.wire - http-outgoing-3 << "[\r][\n]"
21:50:44.267 [docker-java-stream--2064336329] DEBUG com.github.dockerjava.api.command.PullImageResultCallback - ResponseItem(stream=null, status=Downloading, progressDetail=ResponseItem.ProgressDetail(current=6621512, total=8065496, start=null), progress=[=========================================>         ]  6.622MB/8.065MB, id=12bab27fafd3, from=null, time=null, errorDetail=null, error=null, aux=null)
21:50:44.467 [docker-java-stream--2064336329] DEBUG com.github.dockerjava.zerodep.shaded.org.apache.hc.client5.http.wire - http-outgoing-3 << "bc[\r][\n]"
21:50:44.468 [docker-java-stream--2064336329] DEBUG com.github.dockerjava.zerodep.shaded.org.apache.hc.client5.http.wire - http-outgoing-3 << "{"status":"Downloading","progressDetail":{"current":7932232,"total":8065496},"progress":"[=================================================\u003e ]  7.932MB/8.065MB","id":"12bab27fafd3"}[\r][\n]"
21:50:44.468 [docker-java-stream--2064336329] DEBUG com.github.dockerjava.zerodep.shaded.org.apache.hc.client5.http.wire - http-outgoing-3 << "[\r][\n]"
21:50:44.468 [docker-java-stream--2064336329] DEBUG com.github.dockerjava.api.command.PullImageResultCallback - ResponseItem(stream=null, status=Downloading, progressDetail=ResponseItem.ProgressDetail(current=7932232, total=8065496, start=null), progress=[=================================================> ]  7.932MB/8.065MB, id=12bab27fafd3, from=null, time=null, errorDetail=null, error=null, aux=null)
21:50:44.728 [docker-java-stream--2064336329] DEBUG com.github.dockerjava.zerodep.shaded.org.apache.hc.client5.http.wire - http-outgoing-3 << "91[\r][\n]"
21:50:44.728 [docker-java-stream--2064336329] DEBUG com.github.dockerjava.zerodep.shaded.org.apache.hc.client5.http.wire - http-outgoing-3 << "{"status":"Verifying Checksum","progressDetail":{},"id":"12bab27fafd3"}[\r][\n]"
21:50:44.728 [docker-java-stream--2064336329] DEBUG com.github.dockerjava.zerodep.shaded.org.apache.hc.client5.http.wire - http-outgoing-3 << "{"status":"Download complete","progressDetail":{},"id":"12bab27fafd3"}[\r][\n]"
21:50:44.728 [docker-java-stream--2064336329] DEBUG com.github.dockerjava.zerodep.shaded.org.apache.hc.client5.http.wire - http-outgoing-3 << "[\r][\n]"
21:50:44.728 [docker-java-stream--2064336329] DEBUG com.github.dockerjava.api.command.PullImageResultCallback - ResponseItem(stream=null, status=Verifying Checksum, progressDetail=ResponseItem.ProgressDetail(current=null, total=null, start=null), progress=null, id=12bab27fafd3, from=null, time=null, errorDetail=null, error=null, aux=null)
21:50:44.728 [docker-java-stream--2064336329] DEBUG com.github.dockerjava.api.command.PullImageResultCallback - ResponseItem(stream=null, status=Download complete, progressDetail=ResponseItem.ProgressDetail(current=null, total=null, start=null), progress=null, id=12bab27fafd3, from=null, time=null, errorDetail=null, error=null, aux=null)
21:50:44.729 [docker-java-stream--2064336329] INFO tc.postgres:16.1 - Pulling image layers:  7 pending,  7 downloaded,  0 extracted, (28 MB/? MB)
21:50:46.695 [docker-java-stream--2064336329] DEBUG com.github.dockerjava.zerodep.shaded.org.apache.hc.client5.http.wire - http-outgoing-3 << "be[\r][\n]"
21:50:46.695 [docker-java-stream--2064336329] DEBUG com.github.dockerjava.zerodep.shaded.org.apache.hc.client5.http.wire - http-outgoing-3 << "{"status":"Downloading","progressDetail":{"current":15534405,"total":29125963},"progress":"[==========================\u003e                        ]  15.53MB/29.13MB","id":"af107e978371"}[\r][\n]"
21:50:46.695 [docker-java-stream--2064336329] DEBUG com.github.dockerjava.zerodep.shaded.org.apache.hc.client5.http.wire - http-outgoing-3 << "[\r][\n]"
21:50:46.696 [docker-java-stream--2064336329] DEBUG com.github.dockerjava.api.command.PullImageResultCallback - ResponseItem(stream=null, status=Downloading, progressDetail=ResponseItem.ProgressDetail(current=15534405, total=29125963, start=null), progress=[==========================>                        ]  15.53MB/29.13MB, id=af107e978371, from=null, time=null, errorDetail=null, error=null, aux=null)
21:50:47.456 [docker-java-stream--2064336329] DEBUG com.github.dockerjava.zerodep.shaded.org.apache.hc.client5.http.wire - http-outgoing-3 << "be[\r][\n]"
21:50:47.456 [docker-java-stream--2064336329] DEBUG com.github.dockerjava.zerodep.shaded.org.apache.hc.client5.http.wire - http-outgoing-3 << "{"status":"Downloading","progressDetail":{"current":15837509,"total":29125963},"progress":"[===========================\u003e                       ]  15.84MB/29.13MB","id":"af107e978371"}[\r][\n]"
21:50:47.456 [docker-java-stream--2064336329] DEBUG com.github.dockerjava.zerodep.shaded.org.apache.hc.client5.http.wire - http-outgoing-3 << "[\r][\n]"
21:50:47.456 [docker-java-stream--2064336329] DEBUG com.github.dockerjava.api.command.PullImageResultCallback - ResponseItem(stream=null, status=Downloading, progressDetail=ResponseItem.ProgressDetail(current=15837509, total=29125963, start=null), progress=[===========================>                       ]  15.84MB/29.13MB, id=af107e978371, from=null, time=null, errorDetail=null, error=null, aux=null)
21:50:48.923 [docker-java-stream--2064336329] DEBUG com.github.dockerjava.zerodep.shaded.org.apache.hc.client5.http.wire - http-outgoing-3 << "be[\r][\n]"
21:50:48.923 [docker-java-stream--2064336329] DEBUG com.github.dockerjava.zerodep.shaded.org.apache.hc.client5.http.wire - http-outgoing-3 << "{"status":"Downloading","progressDetail":{"current":17037637,"total":29125963},"progress":"[=============================\u003e                     ]  17.04MB/29.13MB","id":"af107e978371"}[\r][\n]"
21:50:48.923 [docker-java-stream--2064336329] DEBUG com.github.dockerjava.zerodep.shaded.org.apache.hc.client5.http.wire - http-outgoing-3 << "[\r][\n]"
21:50:48.923 [docker-java-stream--2064336329] DEBUG com.github.dockerjava.api.command.PullImageResultCallback - ResponseItem(stream=null, status=Downloading, progressDetail=ResponseItem.ProgressDetail(current=17037637, total=29125963, start=null), progress=[=============================>                     ]  17.04MB/29.13MB, id=af107e978371, from=null, time=null, errorDetail=null, error=null, aux=null)
21:50:49.840 [docker-java-stream--2064336329] DEBUG com.github.dockerjava.zerodep.shaded.org.apache.hc.client5.http.wire - http-outgoing-3 << "be[\r][\n]"
21:50:49.840 [docker-java-stream--2064336329] DEBUG com.github.dockerjava.zerodep.shaded.org.apache.hc.client5.http.wire - http-outgoing-3 << "{"status":"Downloading","progressDetail":{"current":17332549,"total":29125963},"progress":"[=============================\u003e                     ]  17.33MB/29.13MB","id":"af107e978371"}[\r][\n]"
21:50:49.840 [docker-java-stream--2064336329] DEBUG com.github.dockerjava.zerodep.shaded.org.apache.hc.client5.http.wire - http-outgoing-3 << "[\r][\n]"
21:50:49.840 [docker-java-stream--2064336329] DEBUG com.github.dockerjava.api.command.PullImageResultCallback - ResponseItem(stream=null, status=Downloading, progressDetail=ResponseItem.ProgressDetail(current=17332549, total=29125963, start=null), progress=[=============================>                     ]  17.33MB/29.13MB, id=af107e978371, from=null, time=null, errorDetail=null, error=null, aux=null)
21:50:50.102 [docker-java-stream--2064336329] DEBUG com.github.dockerjava.zerodep.shaded.org.apache.hc.client5.http.wire - http-outgoing-3 << "be[\r][\n]"
21:50:50.102 [docker-java-stream--2064336329] DEBUG com.github.dockerjava.zerodep.shaded.org.apache.hc.client5.http.wire - http-outgoing-3 << "{"status":"Downloading","progressDetail":{"current":18229573,"total":29125963},"progress":"[===============================\u003e                   ]  18.23MB/29.13MB","id":"af107e978371"}[\r][\n]"
21:50:50.102 [docker-java-stream--2064336329] DEBUG com.github.dockerjava.zerodep.shaded.org.apache.hc.client5.http.wire - http-outgoing-3 << "[\r][\n]"
21:50:50.103 [docker-java-stream--2064336329] DEBUG com.github.dockerjava.api.command.PullImageResultCallback - ResponseItem(stream=null, status=Downloading, progressDetail=ResponseItem.ProgressDetail(current=18229573, total=29125963, start=null), progress=[===============================>                   ]  18.23MB/29.13MB, id=af107e978371, from=null, time=null, errorDetail=null, error=null, aux=null)
21:50:50.312 [docker-java-stream--2064336329] DEBUG com.github.dockerjava.zerodep.shaded.org.apache.hc.client5.http.wire - http-outgoing-3 << "be[\r][\n]"
21:50:50.312 [docker-java-stream--2064336329] DEBUG com.github.dockerjava.zerodep.shaded.org.apache.hc.client5.http.wire - http-outgoing-3 << "{"status":"Downloading","progressDetail":{"current":19130693,"total":29125963},"progress":"[================================\u003e                  ]  19.13MB/29.13MB","id":"af107e978371"}[\r][\n]"
21:50:50.312 [docker-java-stream--2064336329] DEBUG com.github.dockerjava.zerodep.shaded.org.apache.hc.client5.http.wire - http-outgoing-3 << "[\r][\n]"
21:50:50.312 [docker-java-stream--2064336329] DEBUG com.github.dockerjava.api.command.PullImageResultCallback - ResponseItem(stream=null, status=Downloading, progressDetail=ResponseItem.ProgressDetail(current=19130693, total=29125963, start=null), progress=[================================>                  ]  19.13MB/29.13MB, id=af107e978371, from=null, time=null, errorDetail=null, error=null, aux=null)
21:50:50.327 [docker-java-stream--2064336329] DEBUG com.github.dockerjava.zerodep.shaded.org.apache.hc.client5.http.wire - http-outgoing-3 << "b5[\r][\n]"
21:50:50.327 [docker-java-stream--2064336329] DEBUG com.github.dockerjava.zerodep.shaded.org.apache.hc.client5.http.wire - http-outgoing-3 << "{"status":"Downloading","progressDetail":{"current":722,"total":9925},"progress":"[===\u003e                                               ]     722B/9.925kB","id":"83b026289c5c"}[\r][\n]"
21:50:50.327 [docker-java-stream--2064336329] DEBUG com.github.dockerjava.zerodep.shaded.org.apache.hc.client5.http.wire - http-outgoing-3 << "[\r][\n]"
21:50:50.328 [docker-java-stream--2064336329] DEBUG com.github.dockerjava.api.command.PullImageResultCallback - ResponseItem(stream=null, status=Downloading, progressDetail=ResponseItem.ProgressDetail(current=722, total=9925, start=null), progress=[===>                                               ]     722B/9.925kB, id=83b026289c5c, from=null, time=null, errorDetail=null, error=null, aux=null)
21:50:50.347 [docker-java-stream--2064336329] DEBUG com.github.dockerjava.zerodep.shaded.org.apache.hc.client5.http.wire - http-outgoing-3 << "bd[\r][\n]"
21:50:50.347 [docker-java-stream--2064336329] DEBUG com.github.dockerjava.zerodep.shaded.org.apache.hc.client5.http.wire - http-outgoing-3 << "{"status":"Downloading","progressDetail":{"current":539872,"total":108571409},"progress":"[\u003e                                                  ]  539.9kB/108.6MB","id":"a35465a6a76a"}[\r][\n]"
21:50:50.347 [docker-java-stream--2064336329] DEBUG com.github.dockerjava.zerodep.shaded.org.apache.hc.client5.http.wire - http-outgoing-3 << "[\r][\n]"
21:50:50.347 [docker-java-stream--2064336329] DEBUG com.github.dockerjava.api.command.PullImageResultCallback - ResponseItem(stream=null, status=Downloading, progressDetail=ResponseItem.ProgressDetail(current=539872, total=108571409, start=null), progress=[>                                                  ]  539.9kB/108.6MB, id=a35465a6a76a, from=null, time=null, errorDetail=null, error=null, aux=null)
21:50:50.526 [docker-java-stream--2064336329] DEBUG com.github.dockerjava.zerodep.shaded.org.apache.hc.client5.http.wire - http-outgoing-3 << "b6[\r][\n]"
21:50:50.526 [docker-java-stream--2064336329] DEBUG com.github.dockerjava.zerodep.shaded.org.apache.hc.client5.http.wire - http-outgoing-3 << "{"status":"Downloading","progressDetail":{"current":6198,"total":9925},"progress":"[===============================\u003e                   ]  6.198kB/9.925kB","id":"83b026289c5c"}[\r][\n]"
21:50:50.526 [docker-java-stream--2064336329] DEBUG com.github.dockerjava.zerodep.shaded.org.apache.hc.client5.http.wire - http-outgoing-3 << "[\r][\n]"
21:50:50.526 [docker-java-stream--2064336329] DEBUG com.github.dockerjava.api.command.PullImageResultCallback - ResponseItem(stream=null, status=Downloading, progressDetail=ResponseItem.ProgressDetail(current=6198, total=9925, start=null), progress=[===============================>                   ]  6.198kB/9.925kB, id=83b026289c5c, from=null, time=null, errorDetail=null, error=null, aux=null)
21:50:50.765 [docker-java-stream--2064336329] DEBUG com.github.dockerjava.zerodep.shaded.org.apache.hc.client5.http.wire - http-outgoing-3 << "147[\r][\n]"
21:50:50.765 [docker-java-stream--2064336329] DEBUG com.github.dockerjava.zerodep.shaded.org.apache.hc.client5.http.wire - http-outgoing-3 << "{"status":"Downloading","progressDetail":{"current":9925,"total":9925},"progress":"[==================================================\u003e]  9.925kB/9.925kB","id":"83b026289c5c"}[\r][\n]"
21:50:50.765 [docker-java-stream--2064336329] DEBUG com.github.dockerjava.zerodep.shaded.org.apache.hc.client5.http.wire - http-outgoing-3 << "{"status":"Verifying Checksum","progressDetail":{},"id":"83b026289c5c"}[\r][\n]"
21:50:50.765 [docker-java-stream--2064336329] DEBUG com.github.dockerjava.zerodep.shaded.org.apache.hc.client5.http.wire - http-outgoing-3 << "{"status":"Download complete","progressDetail":{},"id":"83b026289c5c"}[\r][\n]"
21:50:50.765 [docker-java-stream--2064336329] DEBUG com.github.dockerjava.zerodep.shaded.org.apache.hc.client5.http.wire - http-outgoing-3 << "[\r][\n]"
21:50:50.765 [docker-java-stream--2064336329] DEBUG com.github.dockerjava.api.command.PullImageResultCallback - ResponseItem(stream=null, status=Downloading, progressDetail=ResponseItem.ProgressDetail(current=9925, total=9925, start=null), progress=[==================================================>]  9.925kB/9.925kB, id=83b026289c5c, from=null, time=null, errorDetail=null, error=null, aux=null)
21:50:50.765 [docker-java-stream--2064336329] DEBUG com.github.dockerjava.api.command.PullImageResultCallback - ResponseItem(stream=null, status=Verifying Checksum, progressDetail=ResponseItem.ProgressDetail(current=null, total=null, start=null), progress=null, id=83b026289c5c, from=null, time=null, errorDetail=null, error=null, aux=null)
21:50:50.765 [docker-java-stream--2064336329] DEBUG com.github.dockerjava.api.command.PullImageResultCallback - ResponseItem(stream=null, status=Download complete, progressDetail=ResponseItem.ProgressDetail(current=null, total=null, start=null), progress=null, id=83b026289c5c, from=null, time=null, errorDetail=null, error=null, aux=null)
21:50:50.767 [docker-java-stream--2064336329] INFO tc.postgres:16.1 - Pulling image layers:  6 pending,  8 downloaded,  0 extracted, (32 MB/? MB)
21:50:50.850 [docker-java-stream--2064336329] DEBUG com.github.dockerjava.zerodep.shaded.org.apache.hc.client5.http.wire - http-outgoing-3 << "be[\r][\n]"
21:50:50.850 [docker-java-stream--2064336329] DEBUG com.github.dockerjava.zerodep.shaded.org.apache.hc.client5.http.wire - http-outgoing-3 << "{"status":"Downloading","progressDetail":{"current":20326725,"total":29125963},"progress":"[==================================\u003e                ]  20.33MB/29.13MB","id":"af107e978371"}[\r][\n]"
21:50:50.850 [docker-java-stream--2064336329] DEBUG com.github.dockerjava.zerodep.shaded.org.apache.hc.client5.http.wire - http-outgoing-3 << "[\r][\n]"
21:50:50.850 [docker-java-stream--2064336329] DEBUG com.github.dockerjava.api.command.PullImageResultCallback - ResponseItem(stream=null, status=Downloading, progressDetail=ResponseItem.ProgressDetail(current=20326725, total=29125963, start=null), progress=[==================================>                ]  20.33MB/29.13MB, id=af107e978371, from=null, time=null, errorDetail=null, error=null, aux=null)
21:50:51.648 [docker-java-stream--2064336329] DEBUG com.github.dockerjava.zerodep.shaded.org.apache.hc.client5.http.wire - http-outgoing-3 << "be[\r][\n]"
21:50:51.648 [docker-java-stream--2064336329] DEBUG com.github.dockerjava.zerodep.shaded.org.apache.hc.client5.http.wire - http-outgoing-3 << "{"status":"Downloading","progressDetail":{"current":1075520,"total":108571409},"progress":"[\u003e                                                  ]  1.076MB/108.6MB","id":"a35465a6a76a"}[\r][\n]"
21:50:51.648 [docker-java-stream--2064336329] DEBUG com.github.dockerjava.zerodep.shaded.org.apache.hc.client5.http.wire - http-outgoing-3 << "[\r][\n]"
21:50:51.648 [docker-java-stream--2064336329] DEBUG com.github.dockerjava.api.command.PullImageResultCallback - ResponseItem(stream=null, status=Downloading, progressDetail=ResponseItem.ProgressDetail(current=1075520, total=108571409, start=null), progress=[>                                                  ]  1.076MB/108.6MB, id=a35465a6a76a, from=null, time=null, errorDetail=null, error=null, aux=null)
21:50:52.104 [docker-java-stream--2064336329] DEBUG com.github.dockerjava.zerodep.shaded.org.apache.hc.client5.http.wire - http-outgoing-3 << "be[\r][\n]"
21:50:52.104 [docker-java-stream--2064336329] DEBUG com.github.dockerjava.zerodep.shaded.org.apache.hc.client5.http.wire - http-outgoing-3 << "{"status":"Downloading","progressDetail":{"current":20941125,"total":29125963},"progress":"[===================================\u003e               ]  20.94MB/29.13MB","id":"af107e978371"}[\r][\n]"
21:50:52.104 [docker-java-stream--2064336329] DEBUG com.github.dockerjava.zerodep.shaded.org.apache.hc.client5.http.wire - http-outgoing-3 << "[\r][\n]"
21:50:52.104 [docker-java-stream--2064336329] DEBUG com.github.dockerjava.api.command.PullImageResultCallback - ResponseItem(stream=null, status=Downloading, progressDetail=ResponseItem.ProgressDetail(current=20941125, total=29125963, start=null), progress=[===================================>               ]  20.94MB/29.13MB, id=af107e978371, from=null, time=null, errorDetail=null, error=null, aux=null)
21:50:52.263 [docker-java-stream--2064336329] DEBUG com.github.dockerjava.zerodep.shaded.org.apache.hc.client5.http.wire - http-outgoing-3 << "be[\r][\n]"
21:50:52.263 [docker-java-stream--2064336329] DEBUG com.github.dockerjava.zerodep.shaded.org.apache.hc.client5.http.wire - http-outgoing-3 << "{"status":"Downloading","progressDetail":{"current":21248325,"total":29125963},"progress":"[====================================\u003e              ]  21.25MB/29.13MB","id":"af107e978371"}[\r][\n]"
21:50:52.263 [docker-java-stream--2064336329] DEBUG com.github.dockerjava.zerodep.shaded.org.apache.hc.client5.http.wire - http-outgoing-3 << "[\r][\n]"
21:50:52.263 [docker-java-stream--2064336329] DEBUG com.github.dockerjava.api.command.PullImageResultCallback - ResponseItem(stream=null, status=Downloading, progressDetail=ResponseItem.ProgressDetail(current=21248325, total=29125963, start=null), progress=[====================================>              ]  21.25MB/29.13MB, id=af107e978371, from=null, time=null, errorDetail=null, error=null, aux=null)
21:50:52.340 [docker-java-stream--2064336329] DEBUG com.github.dockerjava.zerodep.shaded.org.apache.hc.client5.http.wire - http-outgoing-3 << "be[\r][\n]"
21:50:52.340 [docker-java-stream--2064336329] DEBUG com.github.dockerjava.zerodep.shaded.org.apache.hc.client5.http.wire - http-outgoing-3 << "{"status":"Downloading","progressDetail":{"current":1616192,"total":108571409},"progress":"[\u003e                                                  ]  1.616MB/108.6MB","id":"a35465a6a76a"}[\r][\n]"
21:50:52.340 [docker-java-stream--2064336329] DEBUG com.github.dockerjava.zerodep.shaded.org.apache.hc.client5.http.wire - http-outgoing-3 << "[\r][\n]"
21:50:52.340 [docker-java-stream--2064336329] DEBUG com.github.dockerjava.api.command.PullImageResultCallback - ResponseItem(stream=null, status=Downloading, progressDetail=ResponseItem.ProgressDetail(current=1616192, total=108571409, start=null), progress=[>                                                  ]  1.616MB/108.6MB, id=a35465a6a76a, from=null, time=null, errorDetail=null, error=null, aux=null)
21:50:52.821 [docker-java-stream--2064336329] DEBUG com.github.dockerjava.zerodep.shaded.org.apache.hc.client5.http.wire - http-outgoing-3 << "be[\r][\n]"
21:50:52.821 [docker-java-stream--2064336329] DEBUG com.github.dockerjava.zerodep.shaded.org.apache.hc.client5.http.wire - http-outgoing-3 << "{"status":"Downloading","progressDetail":{"current":21842245,"total":29125963},"progress":"[=====================================\u003e             ]  21.84MB/29.13MB","id":"af107e978371"}[\r][\n]"
21:50:52.821 [docker-java-stream--2064336329] DEBUG com.github.dockerjava.zerodep.shaded.org.apache.hc.client5.http.wire - http-outgoing-3 << "[\r][\n]"
21:50:52.821 [docker-java-stream--2064336329] DEBUG com.github.dockerjava.api.command.PullImageResultCallback - ResponseItem(stream=null, status=Downloading, progressDetail=ResponseItem.ProgressDetail(current=21842245, total=29125963, start=null), progress=[=====================================>             ]  21.84MB/29.13MB, id=af107e978371, from=null, time=null, errorDetail=null, error=null, aux=null)
21:50:54.406 [docker-java-stream--2064336329] DEBUG com.github.dockerjava.zerodep.shaded.org.apache.hc.client5.http.wire - http-outgoing-3 << "be[\r][\n]"
21:50:54.538 [docker-java-stream--2064336329] DEBUG com.github.dockerjava.zerodep.shaded.org.apache.hc.client5.http.wire - http-outgoing-3 << "{"status":"Downloading","progressDetail":{"current":22444357,"total":29125963},"progress":"[======================================\u003e            ]  22.44MB/29.13MB","id":"af107e978371"}[\r][\n]"
21:50:54.538 [docker-java-stream--2064336329] DEBUG com.github.dockerjava.zerodep.shaded.org.apache.hc.client5.http.wire - http-outgoing-3 << "[\r][\n]"
21:50:54.538 [docker-java-stream--2064336329] DEBUG com.github.dockerjava.api.command.PullImageResultCallback - ResponseItem(stream=null, status=Downloading, progressDetail=ResponseItem.ProgressDetail(current=22444357, total=29125963, start=null), progress=[======================================>            ]  22.44MB/29.13MB, id=af107e978371, from=null, time=null, errorDetail=null, error=null, aux=null)
21:50:54.669 [docker-java-stream--2064336329] DEBUG com.github.dockerjava.zerodep.shaded.org.apache.hc.client5.http.wire - http-outgoing-3 << "be[\r][\n]"
21:50:54.670 [docker-java-stream--2064336329] DEBUG com.github.dockerjava.zerodep.shaded.org.apache.hc.client5.http.wire - http-outgoing-3 << "{"status":"Downloading","progressDetail":{"current":2156864,"total":108571409},"progress":"[\u003e                                                  ]  2.157MB/108.6MB","id":"a35465a6a76a"}[\r][\n]"
21:50:54.670 [docker-java-stream--2064336329] DEBUG com.github.dockerjava.zerodep.shaded.org.apache.hc.client5.http.wire - http-outgoing-3 << "[\r][\n]"
21:50:54.670 [docker-java-stream--2064336329] DEBUG com.github.dockerjava.api.command.PullImageResultCallback - ResponseItem(stream=null, status=Downloading, progressDetail=ResponseItem.ProgressDetail(current=2156864, total=108571409, start=null), progress=[>                                                  ]  2.157MB/108.6MB, id=a35465a6a76a, from=null, time=null, errorDetail=null, error=null, aux=null)
21:50:54.774 [docker-java-stream--2064336329] DEBUG com.github.dockerjava.zerodep.shaded.org.apache.hc.client5.http.wire - http-outgoing-3 << "be[\r][\n]"
21:50:54.774 [docker-java-stream--2064336329] DEBUG com.github.dockerjava.zerodep.shaded.org.apache.hc.client5.http.wire - http-outgoing-3 << "{"status":"Downloading","progressDetail":{"current":22743365,"total":29125963},"progress":"[=======================================\u003e           ]  22.74MB/29.13MB","id":"af107e978371"}[\r][\n]"
21:50:54.774 [docker-java-stream--2064336329] DEBUG com.github.dockerjava.zerodep.shaded.org.apache.hc.client5.http.wire - http-outgoing-3 << "[\r][\n]"
21:50:54.774 [docker-java-stream--2064336329] DEBUG com.github.dockerjava.api.command.PullImageResultCallback - ResponseItem(stream=null, status=Downloading, progressDetail=ResponseItem.ProgressDetail(current=22743365, total=29125963, start=null), progress=[=======================================>           ]  22.74MB/29.13MB, id=af107e978371, from=null, time=null, errorDetail=null, error=null, aux=null)
21:50:54.877 [docker-java-stream--2064336329] DEBUG com.github.dockerjava.zerodep.shaded.org.apache.hc.client5.http.wire - http-outgoing-3 << "be[\r][\n]"
21:50:54.877 [docker-java-stream--2064336329] DEBUG com.github.dockerjava.zerodep.shaded.org.apache.hc.client5.http.wire - http-outgoing-3 << "{"status":"Downloading","progressDetail":{"current":23038277,"total":29125963},"progress":"[=======================================\u003e           ]  23.04MB/29.13MB","id":"af107e978371"}[\r][\n]"
21:50:54.877 [docker-java-stream--2064336329] DEBUG com.github.dockerjava.zerodep.shaded.org.apache.hc.client5.http.wire - http-outgoing-3 << "[\r][\n]"
21:50:54.877 [docker-java-stream--2064336329] DEBUG com.github.dockerjava.api.command.PullImageResultCallback - ResponseItem(stream=null, status=Downloading, progressDetail=ResponseItem.ProgressDetail(current=23038277, total=29125963, start=null), progress=[=======================================>           ]  23.04MB/29.13MB, id=af107e978371, from=null, time=null, errorDetail=null, error=null, aux=null)
21:50:54.915 [docker-java-stream--2064336329] DEBUG com.github.dockerjava.zerodep.shaded.org.apache.hc.client5.http.wire - http-outgoing-3 << "be[\r][\n]"
21:50:54.915 [docker-java-stream--2064336329] DEBUG com.github.dockerjava.zerodep.shaded.org.apache.hc.client5.http.wire - http-outgoing-3 << "{"status":"Downloading","progressDetail":{"current":3217728,"total":108571409},"progress":"[=\u003e                                                 ]  3.218MB/108.6MB","id":"a35465a6a76a"}[\r][\n]"
21:50:54.915 [docker-java-stream--2064336329] DEBUG com.github.dockerjava.zerodep.shaded.org.apache.hc.client5.http.wire - http-outgoing-3 << "[\r][\n]"
21:50:54.915 [docker-java-stream--2064336329] DEBUG com.github.dockerjava.api.command.PullImageResultCallback - ResponseItem(stream=null, status=Downloading, progressDetail=ResponseItem.ProgressDetail(current=3217728, total=108571409, start=null), progress=[=>                                                 ]  3.218MB/108.6MB, id=a35465a6a76a, from=null, time=null, errorDetail=null, error=null, aux=null)
21:50:55.025 [docker-java-stream--2064336329] DEBUG com.github.dockerjava.zerodep.shaded.org.apache.hc.client5.http.wire - http-outgoing-3 << "200[\r][\n]"
21:50:55.026 [docker-java-stream--2064336329] DEBUG com.github.dockerjava.zerodep.shaded.org.apache.hc.client5.http.wire - http-outgoing-3 << "{"status":"Downloading","progressDetail":{"current":128,"total":128},"progress":"[==================================================\u003e]     128B/128B","id":"c158e73dda41"}[\r][\n]"
21:50:55.026 [docker-java-stream--2064336329] DEBUG com.github.dockerjava.zerodep.shaded.org.apache.hc.client5.http.wire - http-outgoing-3 << "{"status":"Downloading","progressDetail":{"current":23636293,"total":29125963},"progress":"[========================================\u003e          ]  23.64MB/29.13MB","id":"af107e978371"}[\r][\n]"
21:50:55.026 [docker-java-stream--2064336329] DEBUG com.github.dockerjava.zerodep.shaded.org.apache.hc.client5.http.wire - http-outgoing-3 << "{"status":"Verifying Checksum","progressDetail":{},"id":"c158e73dda41"}[\r][\n]"
21:50:55.026 [docker-java-stream--2064336329] DEBUG com.github.dockerjava.zerodep.shaded.org.apache.hc.client5.http.wire - http-outgoing-3 << "{"status":"Download complete","progressDetail":{},"id":"c158e73dda41"}[\r][\n]"
21:50:55.026 [docker-java-stream--2064336329] DEBUG com.github.dockerjava.zerodep.shaded.org.apache.hc.client5.http.wire - http-outgoing-3 << "[\r][\n]"
21:50:55.026 [docker-java-stream--2064336329] DEBUG com.github.dockerjava.api.command.PullImageResultCallback - ResponseItem(stream=null, status=Downloading, progressDetail=ResponseItem.ProgressDetail(current=128, total=128, start=null), progress=[==================================================>]     128B/128B, id=c158e73dda41, from=null, time=null, errorDetail=null, error=null, aux=null)
21:50:55.026 [docker-java-stream--2064336329] DEBUG com.github.dockerjava.api.command.PullImageResultCallback - ResponseItem(stream=null, status=Downloading, progressDetail=ResponseItem.ProgressDetail(current=23636293, total=29125963, start=null), progress=[========================================>          ]  23.64MB/29.13MB, id=af107e978371, from=null, time=null, errorDetail=null, error=null, aux=null)
21:50:55.026 [docker-java-stream--2064336329] DEBUG com.github.dockerjava.api.command.PullImageResultCallback - ResponseItem(stream=null, status=Verifying Checksum, progressDetail=ResponseItem.ProgressDetail(current=null, total=null, start=null), progress=null, id=c158e73dda41, from=null, time=null, errorDetail=null, error=null, aux=null)
21:50:55.026 [docker-java-stream--2064336329] DEBUG com.github.dockerjava.api.command.PullImageResultCallback - ResponseItem(stream=null, status=Download complete, progressDetail=ResponseItem.ProgressDetail(current=null, total=null, start=null), progress=null, id=c158e73dda41, from=null, time=null, errorDetail=null, error=null, aux=null)
21:50:55.027 [docker-java-stream--2064336329] INFO tc.postgres:16.1 - Pulling image layers:  5 pending,  9 downloaded,  0 extracted, (39 MB/? MB)
21:50:55.183 [docker-java-stream--2064336329] DEBUG com.github.dockerjava.zerodep.shaded.org.apache.hc.client5.http.wire - http-outgoing-3 << "be[\r][\n]"
21:50:55.183 [docker-java-stream--2064336329] DEBUG com.github.dockerjava.zerodep.shaded.org.apache.hc.client5.http.wire - http-outgoing-3 << "{"status":"Downloading","progressDetail":{"current":23931205,"total":29125963},"progress":"[=========================================\u003e         ]  23.93MB/29.13MB","id":"af107e978371"}[\r][\n]"
21:50:55.184 [docker-java-stream--2064336329] DEBUG com.github.dockerjava.zerodep.shaded.org.apache.hc.client5.http.wire - http-outgoing-3 << "[\r][\n]"
21:50:55.184 [docker-java-stream--2064336329] DEBUG com.github.dockerjava.api.command.PullImageResultCallback - ResponseItem(stream=null, status=Downloading, progressDetail=ResponseItem.ProgressDetail(current=23931205, total=29125963, start=null), progress=[=========================================>         ]  23.93MB/29.13MB, id=af107e978371, from=null, time=null, errorDetail=null, error=null, aux=null)
21:50:55.295 [docker-java-stream--2064336329] DEBUG com.github.dockerjava.zerodep.shaded.org.apache.hc.client5.http.wire - http-outgoing-3 << "be[\r][\n]"
21:50:55.295 [docker-java-stream--2064336329] DEBUG com.github.dockerjava.zerodep.shaded.org.apache.hc.client5.http.wire - http-outgoing-3 << "{"status":"Downloading","progressDetail":{"current":3754304,"total":108571409},"progress":"[=\u003e                                                 ]  3.754MB/108.6MB","id":"a35465a6a76a"}[\r][\n]"
21:50:55.295 [docker-java-stream--2064336329] DEBUG com.github.dockerjava.zerodep.shaded.org.apache.hc.client5.http.wire - http-outgoing-3 << "[\r][\n]"
21:50:55.296 [docker-java-stream--2064336329] DEBUG com.github.dockerjava.api.command.PullImageResultCallback - ResponseItem(stream=null, status=Downloading, progressDetail=ResponseItem.ProgressDetail(current=3754304, total=108571409, start=null), progress=[=>                                                 ]  3.754MB/108.6MB, id=a35465a6a76a, from=null, time=null, errorDetail=null, error=null, aux=null)
21:50:55.383 [docker-java-stream--2064336329] DEBUG com.github.dockerjava.zerodep.shaded.org.apache.hc.client5.http.wire - http-outgoing-3 << "be[\r][\n]"
21:50:55.383 [docker-java-stream--2064336329] DEBUG com.github.dockerjava.zerodep.shaded.org.apache.hc.client5.http.wire - http-outgoing-3 << "{"status":"Downloading","progressDetail":{"current":4282688,"total":108571409},"progress":"[=\u003e                                                 ]  4.283MB/108.6MB","id":"a35465a6a76a"}[\r][\n]"
21:50:55.383 [docker-java-stream--2064336329] DEBUG com.github.dockerjava.zerodep.shaded.org.apache.hc.client5.http.wire - http-outgoing-3 << "[\r][\n]"
21:50:55.384 [docker-java-stream--2064336329] DEBUG com.github.dockerjava.api.command.PullImageResultCallback - ResponseItem(stream=null, status=Downloading, progressDetail=ResponseItem.ProgressDetail(current=4282688, total=108571409, start=null), progress=[=>                                                 ]  4.283MB/108.6MB, id=a35465a6a76a, from=null, time=null, errorDetail=null, error=null, aux=null)
21:50:55.620 [docker-java-stream--2064336329] DEBUG com.github.dockerjava.zerodep.shaded.org.apache.hc.client5.http.wire - http-outgoing-3 << "be[\r][\n]"
21:50:55.620 [docker-java-stream--2064336329] DEBUG com.github.dockerjava.zerodep.shaded.org.apache.hc.client5.http.wire - http-outgoing-3 << "{"status":"Downloading","progressDetail":{"current":24230213,"total":29125963},"progress":"[=========================================\u003e         ]  24.23MB/29.13MB","id":"af107e978371"}[\r][\n]"
21:50:55.620 [docker-java-stream--2064336329] DEBUG com.github.dockerjava.zerodep.shaded.org.apache.hc.client5.http.wire - http-outgoing-3 << "[\r][\n]"
21:50:55.620 [docker-java-stream--2064336329] DEBUG com.github.dockerjava.api.command.PullImageResultCallback - ResponseItem(stream=null, status=Downloading, progressDetail=ResponseItem.ProgressDetail(current=24230213, total=29125963, start=null), progress=[=========================================>         ]  24.23MB/29.13MB, id=af107e978371, from=null, time=null, errorDetail=null, error=null, aux=null)
21:50:57.863 [docker-java-stream--2064336329] DEBUG com.github.dockerjava.zerodep.shaded.org.apache.hc.client5.http.wire - http-outgoing-3 << "be[\r][\n]"
21:50:57.863 [docker-java-stream--2064336329] DEBUG com.github.dockerjava.zerodep.shaded.org.apache.hc.client5.http.wire - http-outgoing-3 << "{"status":"Downloading","progressDetail":{"current":4823360,"total":108571409},"progress":"[==\u003e                                                ]  4.823MB/108.6MB","id":"a35465a6a76a"}[\r][\n]"
21:50:57.863 [docker-java-stream--2064336329] DEBUG com.github.dockerjava.zerodep.shaded.org.apache.hc.client5.http.wire - http-outgoing-3 << "[\r][\n]"
21:50:57.863 [docker-java-stream--2064336329] DEBUG com.github.dockerjava.api.command.PullImageResultCallback - ResponseItem(stream=null, status=Downloading, progressDetail=ResponseItem.ProgressDetail(current=4823360, total=108571409, start=null), progress=[==>                                                ]  4.823MB/108.6MB, id=a35465a6a76a, from=null, time=null, errorDetail=null, error=null, aux=null)
21:50:57.867 [docker-java-stream--2064336329] DEBUG com.github.dockerjava.zerodep.shaded.org.apache.hc.client5.http.wire - http-outgoing-3 << "be[\r][\n]"
21:50:57.867 [docker-java-stream--2064336329] DEBUG com.github.dockerjava.zerodep.shaded.org.apache.hc.client5.http.wire - http-outgoing-3 << "{"status":"Downloading","progressDetail":{"current":24537413,"total":29125963},"progress":"[==========================================\u003e        ]  24.54MB/29.13MB","id":"af107e978371"}[\r][\n]"
21:50:57.867 [docker-java-stream--2064336329] DEBUG com.github.dockerjava.zerodep.shaded.org.apache.hc.client5.http.wire - http-outgoing-3 << "[\r][\n]"
21:50:57.868 [docker-java-stream--2064336329] DEBUG com.github.dockerjava.api.command.PullImageResultCallback - ResponseItem(stream=null, status=Downloading, progressDetail=ResponseItem.ProgressDetail(current=24537413, total=29125963, start=null), progress=[==========================================>        ]  24.54MB/29.13MB, id=af107e978371, from=null, time=null, errorDetail=null, error=null, aux=null)
21:50:58.924 [docker-java-stream--2064336329] DEBUG com.github.dockerjava.zerodep.shaded.org.apache.hc.client5.http.wire - http-outgoing-3 << "17c[\r][\n]"
21:50:58.924 [docker-java-stream--2064336329] DEBUG com.github.dockerjava.zerodep.shaded.org.apache.hc.client5.http.wire - http-outgoing-3 << "{"status":"Downloading","progressDetail":{"current":26327365,"total":29125963},"progress":"[=============================================\u003e     ]  26.33MB/29.13MB","id":"af107e978371"}[\r][\n]"
21:50:58.924 [docker-java-stream--2064336329] DEBUG com.github.dockerjava.zerodep.shaded.org.apache.hc.client5.http.wire - http-outgoing-3 << "{"status":"Downloading","progressDetail":{"current":5351744,"total":108571409},"progress":"[==\u003e                                                ]  5.352MB/108.6MB","id":"a35465a6a76a"}[\r][\n]"
21:50:58.924 [docker-java-stream--2064336329] DEBUG com.github.dockerjava.zerodep.shaded.org.apache.hc.client5.http.wire - http-outgoing-3 << "[\r][\n]"
21:50:58.924 [docker-java-stream--2064336329] DEBUG com.github.dockerjava.api.command.PullImageResultCallback - ResponseItem(stream=null, status=Downloading, progressDetail=ResponseItem.ProgressDetail(current=26327365, total=29125963, start=null), progress=[=============================================>     ]  26.33MB/29.13MB, id=af107e978371, from=null, time=null, errorDetail=null, error=null, aux=null)
21:50:58.924 [docker-java-stream--2064336329] DEBUG com.github.dockerjava.api.command.PullImageResultCallback - ResponseItem(stream=null, status=Downloading, progressDetail=ResponseItem.ProgressDetail(current=5351744, total=108571409, start=null), progress=[==>                                                ]  5.352MB/108.6MB, id=a35465a6a76a, from=null, time=null, errorDetail=null, error=null, aux=null)
21:50:59.116 [docker-java-stream--2064336329] DEBUG com.github.dockerjava.zerodep.shaded.org.apache.hc.client5.http.wire - http-outgoing-3 << "17c[\r][\n]"
21:50:59.116 [docker-java-stream--2064336329] DEBUG com.github.dockerjava.zerodep.shaded.org.apache.hc.client5.http.wire - http-outgoing-3 << "{"status":"Downloading","progressDetail":{"current":26921285,"total":29125963},"progress":"[==============================================\u003e    ]  26.92MB/29.13MB","id":"af107e978371"}[\r][\n]"
21:50:59.116 [docker-java-stream--2064336329] DEBUG com.github.dockerjava.zerodep.shaded.org.apache.hc.client5.http.wire - http-outgoing-3 << "{"status":"Downloading","progressDetail":{"current":27220293,"total":29125963},"progress":"[==============================================\u003e    ]  27.22MB/29.13MB","id":"af107e978371"}[\r][\n]"
21:50:59.116 [docker-java-stream--2064336329] DEBUG com.github.dockerjava.zerodep.shaded.org.apache.hc.client5.http.wire - http-outgoing-3 << "[\r][\n]"
21:50:59.116 [docker-java-stream--2064336329] DEBUG com.github.dockerjava.api.command.PullImageResultCallback - ResponseItem(stream=null, status=Downloading, progressDetail=ResponseItem.ProgressDetail(current=26921285, total=29125963, start=null), progress=[==============================================>    ]  26.92MB/29.13MB, id=af107e978371, from=null, time=null, errorDetail=null, error=null, aux=null)
21:50:59.116 [docker-java-stream--2064336329] DEBUG com.github.dockerjava.api.command.PullImageResultCallback - ResponseItem(stream=null, status=Downloading, progressDetail=ResponseItem.ProgressDetail(current=27220293, total=29125963, start=null), progress=[==============================================>    ]  27.22MB/29.13MB, id=af107e978371, from=null, time=null, errorDetail=null, error=null, aux=null)
21:50:59.905 [docker-java-stream--2064336329] DEBUG com.github.dockerjava.zerodep.shaded.org.apache.hc.client5.http.wire - http-outgoing-3 << "be[\r][\n]"
21:50:59.905 [docker-java-stream--2064336329] DEBUG com.github.dockerjava.zerodep.shaded.org.apache.hc.client5.http.wire - http-outgoing-3 << "{"status":"Downloading","progressDetail":{"current":5880128,"total":108571409},"progress":"[==\u003e                                                ]   5.88MB/108.6MB","id":"a35465a6a76a"}[\r][\n]"
21:50:59.905 [docker-java-stream--2064336329] DEBUG com.github.dockerjava.zerodep.shaded.org.apache.hc.client5.http.wire - http-outgoing-3 << "[\r][\n]"
21:50:59.905 [docker-java-stream--2064336329] DEBUG com.github.dockerjava.api.command.PullImageResultCallback - ResponseItem(stream=null, status=Downloading, progressDetail=ResponseItem.ProgressDetail(current=5880128, total=108571409, start=null), progress=[==>                                                ]   5.88MB/108.6MB, id=a35465a6a76a, from=null, time=null, errorDetail=null, error=null, aux=null)
21:50:59.963 [docker-java-stream--2064336329] DEBUG com.github.dockerjava.zerodep.shaded.org.apache.hc.client5.http.wire - http-outgoing-3 << "b1[\r][\n]"
21:50:59.963 [docker-java-stream--2064336329] DEBUG com.github.dockerjava.zerodep.shaded.org.apache.hc.client5.http.wire - http-outgoing-3 << "{"status":"Downloading","progressDetail":{"current":169,"total":169},"progress":"[==================================================\u003e]     169B/169B","id":"264ae53c0064"}[\r][\n]"
21:50:59.963 [docker-java-stream--2064336329] DEBUG com.github.dockerjava.zerodep.shaded.org.apache.hc.client5.http.wire - http-outgoing-3 << "[\r][\n]"
21:50:59.963 [docker-java-stream--2064336329] DEBUG com.github.dockerjava.api.command.PullImageResultCallback - ResponseItem(stream=null, status=Downloading, progressDetail=ResponseItem.ProgressDetail(current=169, total=169, start=null), progress=[==================================================>]     169B/169B, id=264ae53c0064, from=null, time=null, errorDetail=null, error=null, aux=null)
21:50:59.991 [docker-java-stream--2064336329] DEBUG com.github.dockerjava.zerodep.shaded.org.apache.hc.client5.http.wire - http-outgoing-3 << "48[\r][\n]"
21:50:59.991 [docker-java-stream--2064336329] DEBUG com.github.dockerjava.zerodep.shaded.org.apache.hc.client5.http.wire - http-outgoing-3 << "{"status":"Download complete","progressDetail":{},"id":"264ae53c0064"}[\r][\n]"
21:50:59.991 [docker-java-stream--2064336329] DEBUG com.github.dockerjava.zerodep.shaded.org.apache.hc.client5.http.wire - http-outgoing-3 << "[\r][\n]"
21:50:59.992 [docker-java-stream--2064336329] DEBUG com.github.dockerjava.api.command.PullImageResultCallback - ResponseItem(stream=null, status=Download complete, progressDetail=ResponseItem.ProgressDetail(current=null, total=null, start=null), progress=null, id=264ae53c0064, from=null, time=null, errorDetail=null, error=null, aux=null)
21:51:02.402 [docker-java-stream--2064336329] INFO tc.postgres:16.1 - Pulling image layers:  4 pending, 10 downloaded,  0 extracted, (45 MB/? MB)
21:51:02.402 [docker-java-stream--2064336329] DEBUG com.github.dockerjava.zerodep.shaded.org.apache.hc.client5.http.wire - http-outgoing-3 << "be[\r][\n]"
21:51:02.402 [docker-java-stream--2064336329] DEBUG com.github.dockerjava.zerodep.shaded.org.apache.hc.client5.http.wire - http-outgoing-3 << "{"status":"Downloading","progressDetail":{"current":6408512,"total":108571409},"progress":"[==\u003e                                                ]  6.409MB/108.6MB","id":"a35465a6a76a"}[\r][\n]"
21:51:02.402 [docker-java-stream--2064336329] DEBUG com.github.dockerjava.zerodep.shaded.org.apache.hc.client5.http.wire - http-outgoing-3 << "[\r][\n]"
21:51:02.913 [docker-java-stream--2064336329] DEBUG com.github.dockerjava.zerodep.shaded.org.apache.hc.client5.http.wire - http-outgoing-3 << "be[\r][\n]"
21:51:02.913 [docker-java-stream--2064336329] DEBUG com.github.dockerjava.zerodep.shaded.org.apache.hc.client5.http.wire - http-outgoing-3 << "{"status":"Downloading","progressDetail":{"current":27515205,"total":29125963},"progress":"[===============================================\u003e   ]  27.52MB/29.13MB","id":"af107e978371"}[\r][\n]"
21:51:02.913 [docker-java-stream--2064336329] DEBUG com.github.dockerjava.zerodep.shaded.org.apache.hc.client5.http.wire - http-outgoing-3 << "[\r][\n]"
21:51:02.913 [docker-java-stream--2064336329] DEBUG com.github.dockerjava.zerodep.shaded.org.apache.hc.client5.http.wire - http-outgoing-3 << "be[\r][\n]"
21:51:02.913 [docker-java-stream--2064336329] DEBUG com.github.dockerjava.zerodep.shaded.org.apache.hc.client5.http.wire - http-outgoing-3 << "{"status":"Downloading","progressDetail":{"current":6949184,"total":108571409},"progress":"[===\u003e                                               ]  6.949MB/108.6MB","id":"a35465a6a76a"}[\r][\n]"
21:51:02.913 [docker-java-stream--2064336329] DEBUG com.github.dockerjava.zerodep.shaded.org.apache.hc.client5.http.wire - http-outgoing-3 << "[\r][\n]"
21:51:02.913 [docker-java-stream--2064336329] DEBUG com.github.dockerjava.zerodep.shaded.org.apache.hc.client5.http.wire - http-outgoing-3 << "49[\r][\n]"
21:51:02.913 [docker-java-stream--2064336329] DEBUG com.github.dockerjava.zerodep.shaded.org.apache.hc.client5.http.wire - http-outgoing-3 << "{"status":"Verifying Checksum","progressDetail":{},"id":"af107e978371"}[\r][\n]"
21:51:02.913 [docker-java-stream--2064336329] DEBUG com.github.dockerjava.zerodep.shaded.org.apache.hc.client5.http.wire - http-outgoing-3 << "[\r][\n]"
21:51:02.913 [docker-java-stream--2064336329] DEBUG com.github.dockerjava.zerodep.shaded.org.apache.hc.client5.http.wire - http-outgoing-3 << "48[\r][\n]"
21:51:02.913 [docker-java-stream--2064336329] DEBUG com.github.dockerjava.zerodep.shaded.org.apache.hc.client5.http.wire - http-outgoing-3 << "{"status":"Download complete","progressDetail":{},"id":"af107e978371"}[\r][\n]"
21:51:02.913 [docker-java-stream--2064336329] DEBUG com.github.dockerjava.zerodep.shaded.org.apache.hc.client5.http.wire - http-outgoing-3 << "[\r][\n]"
21:51:02.913 [docker-java-stream--2064336329] DEBUG com.github.dockerjava.zerodep.shaded.org.apache.hc.client5.http.wire - http-outgoing-3 << "be[\r][\n]"
21:51:02.913 [docker-java-stream--2064336329] DEBUG com.github.dockerjava.zerodep.shaded.org.apache.hc.client5.http.wire - http-outgoing-3 << "{"status":"Downloading","progressDetail":{"current":7489856,"total":108571409},"progress":"[===\u003e                                               ]   7.49MB/108.6MB","id":"a35465a6a76a"}[\r][\n]"
21:51:02.913 [docker-java-stream--2064336329] DEBUG com.github.dockerjava.zerodep.shaded.org.apache.hc.client5.http.wire - http-outgoing-3 << "[\r][\n]"
21:51:02.913 [docker-java-stream--2064336329] DEBUG com.github.dockerjava.api.command.PullImageResultCallback - ResponseItem(stream=null, status=Downloading, progressDetail=ResponseItem.ProgressDetail(current=6408512, total=108571409, start=null), progress=[==>                                                ]  6.409MB/108.6MB, id=a35465a6a76a, from=null, time=null, errorDetail=null, error=null, aux=null)
21:51:02.913 [docker-java-stream--2064336329] DEBUG com.github.dockerjava.api.command.PullImageResultCallback - ResponseItem(stream=null, status=Downloading, progressDetail=ResponseItem.ProgressDetail(current=27515205, total=29125963, start=null), progress=[===============================================>   ]  27.52MB/29.13MB, id=af107e978371, from=null, time=null, errorDetail=null, error=null, aux=null)
21:51:02.983 [docker-java-stream--2064336329] DEBUG com.github.dockerjava.api.command.PullImageResultCallback - ResponseItem(stream=null, status=Downloading, progressDetail=ResponseItem.ProgressDetail(current=6949184, total=108571409, start=null), progress=[===>                                               ]  6.949MB/108.6MB, id=a35465a6a76a, from=null, time=null, errorDetail=null, error=null, aux=null)
21:51:03.634 [docker-java-stream--2064336329] DEBUG com.github.dockerjava.api.command.PullImageResultCallback - ResponseItem(stream=null, status=Verifying Checksum, progressDetail=ResponseItem.ProgressDetail(current=null, total=null, start=null), progress=null, id=af107e978371, from=null, time=null, errorDetail=null, error=null, aux=null)
21:51:03.670 [docker-java-stream--2064336329] DEBUG com.github.dockerjava.api.command.PullImageResultCallback - ResponseItem(stream=null, status=Download complete, progressDetail=ResponseItem.ProgressDetail(current=null, total=null, start=null), progress=null, id=af107e978371, from=null, time=null, errorDetail=null, error=null, aux=null)
21:51:03.852 [docker-java-stream--2064336329] INFO tc.postgres:16.1 - Pulling image layers:  3 pending, 11 downloaded,  0 extracted, (46 MB/? MB)
21:51:03.853 [docker-java-stream--2064336329] DEBUG com.github.dockerjava.api.command.PullImageResultCallback - ResponseItem(stream=null, status=Downloading, progressDetail=ResponseItem.ProgressDetail(current=7489856, total=108571409, start=null), progress=[===>                                               ]   7.49MB/108.6MB, id=a35465a6a76a, from=null, time=null, errorDetail=null, error=null, aux=null)
21:51:03.853 [docker-java-stream--2064336329] DEBUG com.github.dockerjava.zerodep.shaded.org.apache.hc.client5.http.wire - http-outgoing-3 << "be[\r][\n]"
21:51:03.853 [docker-java-stream--2064336329] DEBUG com.github.dockerjava.zerodep.shaded.org.apache.hc.client5.http.wire - http-outgoing-3 << "{"status":"Downloading","progressDetail":{"current":8026432,"total":108571409},"progress":"[===\u003e                                               ]  8.026MB/108.6MB","id":"a35465a6a76a"}[\r][\n]"
21:51:03.853 [docker-java-stream--2064336329] DEBUG com.github.dockerjava.zerodep.shaded.org.apache.hc.client5.http.wire - http-outgoing-3 << "[\r][\n]"
21:51:03.853 [docker-java-stream--2064336329] DEBUG com.github.dockerjava.zerodep.shaded.org.apache.hc.client5.http.wire - http-outgoing-3 << "bb[\r][\n]"
21:51:03.853 [docker-java-stream--2064336329] DEBUG com.github.dockerjava.zerodep.shaded.org.apache.hc.client5.http.wire - http-outgoing-3 << "{"status":"Extracting","progressDetail":{"current":294912,"total":29125963},"progress":"[\u003e                                                  ]  294.9kB/29.13MB","id":"af107e978371"}[\r][\n]"
21:51:03.853 [docker-java-stream--2064336329] DEBUG com.github.dockerjava.zerodep.shaded.org.apache.hc.client5.http.wire - http-outgoing-3 << "[\r][\n]"
21:51:03.853 [docker-java-stream--2064336329] DEBUG com.github.dockerjava.zerodep.shaded.org.apache.hc.client5.http.wire - http-outgoing-3 << "bc[\r][\n]"
21:51:03.853 [docker-java-stream--2064336329] DEBUG com.github.dockerjava.zerodep.shaded.org.apache.hc.client5.http.wire - http-outgoing-3 << "{"status":"Extracting","progressDetail":{"current":1769472,"total":29125963},"progress":"[===\u003e                                               ]  1.769MB/29.13MB","id":"af107e978371"}[\r][\n]"
21:51:03.853 [docker-java-stream--2064336329] DEBUG com.github.dockerjava.zerodep.shaded.org.apache.hc.client5.http.wire - http-outgoing-3 << "[\r][\n]"
21:51:03.853 [docker-java-stream--2064336329] DEBUG com.github.dockerjava.api.command.PullImageResultCallback - ResponseItem(stream=null, status=Downloading, progressDetail=ResponseItem.ProgressDetail(current=8026432, total=108571409, start=null), progress=[===>                                               ]  8.026MB/108.6MB, id=a35465a6a76a, from=null, time=null, errorDetail=null, error=null, aux=null)
21:51:03.853 [docker-java-stream--2064336329] DEBUG com.github.dockerjava.api.command.PullImageResultCallback - ResponseItem(stream=null, status=Extracting, progressDetail=ResponseItem.ProgressDetail(current=294912, total=29125963, start=null), progress=[>                                                  ]  294.9kB/29.13MB, id=af107e978371, from=null, time=null, errorDetail=null, error=null, aux=null)
21:51:03.853 [docker-java-stream--2064336329] DEBUG com.github.dockerjava.api.command.PullImageResultCallback - ResponseItem(stream=null, status=Extracting, progressDetail=ResponseItem.ProgressDetail(current=1769472, total=29125963, start=null), progress=[===>                                               ]  1.769MB/29.13MB, id=af107e978371, from=null, time=null, errorDetail=null, error=null, aux=null)
21:51:04.720 [docker-java-stream--2064336329] DEBUG com.github.dockerjava.zerodep.shaded.org.apache.hc.client5.http.wire - http-outgoing-3 << "1bb[\r][\n]"
21:51:04.720 [docker-java-stream--2064336329] DEBUG com.github.dockerjava.zerodep.shaded.org.apache.hc.client5.http.wire - http-outgoing-3 << "{"status":"Downloading","progressDetail":{"current":8563008,"total":108571409},"progress":"[===\u003e                                               ]  8.563MB/108.6MB","id":"a35465a6a76a"}[\r][\n]"
21:51:04.720 [docker-java-stream--2064336329] DEBUG com.github.dockerjava.zerodep.shaded.org.apache.hc.client5.http.wire - http-outgoing-3 << "{"status":"Downloading","progressDetail":{"current":720,"total":5341},"progress":"[======\u003e                                            ]     720B/5.341kB","id":"2e3c2c5fbb6d"}[\r][\n]"
21:51:04.720 [docker-java-stream--2064336329] DEBUG com.github.dockerjava.zerodep.shaded.org.apache.hc.client5.http.wire - http-outgoing-3 << "{"status":"Download complete","progressDetail":{},"id":"08c5357f23b5"}[\r][\n]"
21:51:04.885 [docker-java-stream--2064336329] DEBUG com.github.dockerjava.zerodep.shaded.org.apache.hc.client5.http.wire - http-outgoing-3 << "[\r][\n]"
21:51:04.885 [docker-java-stream--2064336329] DEBUG com.github.dockerjava.api.command.PullImageResultCallback - ResponseItem(stream=null, status=Downloading, progressDetail=ResponseItem.ProgressDetail(current=8563008, total=108571409, start=null), progress=[===>                                               ]  8.563MB/108.6MB, id=a35465a6a76a, from=null, time=null, errorDetail=null, error=null, aux=null)
21:51:04.885 [docker-java-stream--2064336329] DEBUG com.github.dockerjava.api.command.PullImageResultCallback - ResponseItem(stream=null, status=Downloading, progressDetail=ResponseItem.ProgressDetail(current=720, total=5341, start=null), progress=[======>                                            ]     720B/5.341kB, id=2e3c2c5fbb6d, from=null, time=null, errorDetail=null, error=null, aux=null)
21:51:04.886 [docker-java-stream--2064336329] DEBUG com.github.dockerjava.api.command.PullImageResultCallback - ResponseItem(stream=null, status=Download complete, progressDetail=ResponseItem.ProgressDetail(current=null, total=null, start=null), progress=null, id=08c5357f23b5, from=null, time=null, errorDetail=null, error=null, aux=null)
21:51:04.887 [docker-java-stream--2064336329] INFO tc.postgres:16.1 - Pulling image layers:  2 pending, 12 downloaded,  0 extracted, (48 MB/? MB)
21:51:04.887 [docker-java-stream--2064336329] DEBUG com.github.dockerjava.zerodep.shaded.org.apache.hc.client5.http.wire - http-outgoing-3 << "48[\r][\n]"
21:51:04.887 [docker-java-stream--2064336329] DEBUG com.github.dockerjava.zerodep.shaded.org.apache.hc.client5.http.wire - http-outgoing-3 << "{"status":"Download complete","progressDetail":{},"id":"2e3c2c5fbb6d"}[\r][\n]"
21:51:04.887 [docker-java-stream--2064336329] DEBUG com.github.dockerjava.zerodep.shaded.org.apache.hc.client5.http.wire - http-outgoing-3 << "[\r][\n]"
21:51:04.887 [docker-java-stream--2064336329] DEBUG com.github.dockerjava.api.command.PullImageResultCallback - ResponseItem(stream=null, status=Download complete, progressDetail=ResponseItem.ProgressDetail(current=null, total=null, start=null), progress=null, id=2e3c2c5fbb6d, from=null, time=null, errorDetail=null, error=null, aux=null)
21:51:04.887 [docker-java-stream--2064336329] INFO tc.postgres:16.1 - Pulling image layers:  1 pending, 13 downloaded,  0 extracted, (48 MB/? MB)
21:51:06.635 [docker-java-stream--2064336329] DEBUG com.github.dockerjava.zerodep.shaded.org.apache.hc.client5.http.wire - http-outgoing-3 << "234[\r][\n]"
21:51:06.635 [docker-java-stream--2064336329] DEBUG com.github.dockerjava.zerodep.shaded.org.apache.hc.client5.http.wire - http-outgoing-3 << "{"status":"Extracting","progressDetail":{"current":2359296,"total":29125963},"progress":"[====\u003e                                              ]  2.359MB/29.13MB","id":"af107e978371"}[\r][\n]"
21:51:06.635 [docker-java-stream--2064336329] DEBUG com.github.dockerjava.zerodep.shaded.org.apache.hc.client5.http.wire - http-outgoing-3 << "{"status":"Extracting","progressDetail":{"current":4128768,"total":29125963},"progress":"[=======\u003e                                           ]  4.129MB/29.13MB","id":"af107e978371"}[\r][\n]"
21:51:06.635 [docker-java-stream--2064336329] DEBUG com.github.dockerjava.zerodep.shaded.org.apache.hc.client5.http.wire - http-outgoing-3 << "{"status":"Extracting","progressDetail":{"current":4718592,"total":29125963},"progress":"[========\u003e                                          ]  4.719MB/29.13MB","id":"af107e978371"}[\r][\n]"
21:51:06.635 [docker-java-stream--2064336329] DEBUG com.github.dockerjava.zerodep.shaded.org.apache.hc.client5.http.wire - http-outgoing-3 << "[\r][\n]"
21:51:06.635 [docker-java-stream--2064336329] DEBUG com.github.dockerjava.api.command.PullImageResultCallback - ResponseItem(stream=null, status=Extracting, progressDetail=ResponseItem.ProgressDetail(current=2359296, total=29125963, start=null), progress=[====>                                              ]  2.359MB/29.13MB, id=af107e978371, from=null, time=null, errorDetail=null, error=null, aux=null)
21:51:06.635 [docker-java-stream--2064336329] DEBUG com.github.dockerjava.api.command.PullImageResultCallback - ResponseItem(stream=null, status=Extracting, progressDetail=ResponseItem.ProgressDetail(current=4128768, total=29125963, start=null), progress=[=======>                                           ]  4.129MB/29.13MB, id=af107e978371, from=null, time=null, errorDetail=null, error=null, aux=null)
21:51:06.635 [docker-java-stream--2064336329] DEBUG com.github.dockerjava.api.command.PullImageResultCallback - ResponseItem(stream=null, status=Extracting, progressDetail=ResponseItem.ProgressDetail(current=4718592, total=29125963, start=null), progress=[========>                                          ]  4.719MB/29.13MB, id=af107e978371, from=null, time=null, errorDetail=null, error=null, aux=null)
21:51:08.194 [docker-java-stream--2064336329] DEBUG com.github.dockerjava.zerodep.shaded.org.apache.hc.client5.http.wire - http-outgoing-3 << "17a[\r][\n]"
21:51:08.401 [docker-java-stream--2064336329] DEBUG com.github.dockerjava.zerodep.shaded.org.apache.hc.client5.http.wire - http-outgoing-3 << "{"status":"Downloading","progressDetail":{"current":9632064,"total":108571409},"progress":"[====\u003e                                              ]  9.632MB/108.6MB","id":"a35465a6a76a"}[\r][\n]"
21:51:08.401 [docker-java-stream--2064336329] DEBUG com.github.dockerjava.zerodep.shaded.org.apache.hc.client5.http.wire - http-outgoing-3 << "{"status":"Extracting","progressDetail":{"current":5013504,"total":29125963},"progress":"[========\u003e                                          ]  5.014MB/29.13MB","id":"af107e978371"}[\r][\n]"
21:51:08.401 [docker-java-stream--2064336329] DEBUG com.github.dockerjava.zerodep.shaded.org.apache.hc.client5.http.wire - http-outgoing-3 << "[\r][\n]"
21:51:08.401 [docker-java-stream--2064336329] DEBUG com.github.dockerjava.api.command.PullImageResultCallback - ResponseItem(stream=null, status=Downloading, progressDetail=ResponseItem.ProgressDetail(current=9632064, total=108571409, start=null), progress=[====>                                              ]  9.632MB/108.6MB, id=a35465a6a76a, from=null, time=null, errorDetail=null, error=null, aux=null)
21:51:08.401 [docker-java-stream--2064336329] DEBUG com.github.dockerjava.api.command.PullImageResultCallback - ResponseItem(stream=null, status=Extracting, progressDetail=ResponseItem.ProgressDetail(current=5013504, total=29125963, start=null), progress=[========>                                          ]  5.014MB/29.13MB, id=af107e978371, from=null, time=null, errorDetail=null, error=null, aux=null)
21:51:08.865 [docker-java-stream--2064336329] DEBUG com.github.dockerjava.zerodep.shaded.org.apache.hc.client5.http.wire - http-outgoing-3 << "17b[\r][\n]"
21:51:08.865 [docker-java-stream--2064336329] DEBUG com.github.dockerjava.zerodep.shaded.org.apache.hc.client5.http.wire - http-outgoing-3 << "{"status":"Extracting","progressDetail":{"current":5308416,"total":29125963},"progress":"[=========\u003e                                         ]  5.308MB/29.13MB","id":"af107e978371"}[\r][\n]"
21:51:08.865 [docker-java-stream--2064336329] DEBUG com.github.dockerjava.zerodep.shaded.org.apache.hc.client5.http.wire - http-outgoing-3 << "{"status":"Downloading","progressDetail":{"current":10697024,"total":108571409},"progress":"[====\u003e                                              ]   10.7MB/108.6MB","id":"a35465a6a76a"}[\r][\n]"
21:51:08.865 [docker-java-stream--2064336329] DEBUG com.github.dockerjava.zerodep.shaded.org.apache.hc.client5.http.wire - http-outgoing-3 << "[\r][\n]"
21:51:08.865 [docker-java-stream--2064336329] DEBUG com.github.dockerjava.api.command.PullImageResultCallback - ResponseItem(stream=null, status=Extracting, progressDetail=ResponseItem.ProgressDetail(current=5308416, total=29125963, start=null), progress=[=========>                                         ]  5.308MB/29.13MB, id=af107e978371, from=null, time=null, errorDetail=null, error=null, aux=null)
21:51:08.865 [docker-java-stream--2064336329] DEBUG com.github.dockerjava.api.command.PullImageResultCallback - ResponseItem(stream=null, status=Downloading, progressDetail=ResponseItem.ProgressDetail(current=10697024, total=108571409, start=null), progress=[====>                                              ]   10.7MB/108.6MB, id=a35465a6a76a, from=null, time=null, errorDetail=null, error=null, aux=null)
21:51:08.866 [docker-java-stream--2064336329] DEBUG com.github.dockerjava.zerodep.shaded.org.apache.hc.client5.http.wire - http-outgoing-3 << "bc[\r][\n]"
21:51:08.866 [docker-java-stream--2064336329] DEBUG com.github.dockerjava.zerodep.shaded.org.apache.hc.client5.http.wire - http-outgoing-3 << "{"status":"Extracting","progressDetail":{"current":5603328,"total":29125963},"progress":"[=========\u003e                                         ]  5.603MB/29.13MB","id":"af107e978371"}[\r][\n]"
21:51:08.866 [docker-java-stream--2064336329] DEBUG com.github.dockerjava.zerodep.shaded.org.apache.hc.client5.http.wire - http-outgoing-3 << "[\r][\n]"
21:51:08.866 [docker-java-stream--2064336329] DEBUG com.github.dockerjava.api.command.PullImageResultCallback - ResponseItem(stream=null, status=Extracting, progressDetail=ResponseItem.ProgressDetail(current=5603328, total=29125963, start=null), progress=[=========>                                         ]  5.603MB/29.13MB, id=af107e978371, from=null, time=null, errorDetail=null, error=null, aux=null)
21:51:09.670 [docker-java-stream--2064336329] DEBUG com.github.dockerjava.zerodep.shaded.org.apache.hc.client5.http.wire - http-outgoing-3 << "bc[\r][\n]"
21:51:09.670 [docker-java-stream--2064336329] DEBUG com.github.dockerjava.zerodep.shaded.org.apache.hc.client5.http.wire - http-outgoing-3 << "{"status":"Extracting","progressDetail":{"current":7077888,"total":29125963},"progress":"[============\u003e                                      ]  7.078MB/29.13MB","id":"af107e978371"}[\r][\n]"
21:51:09.670 [docker-java-stream--2064336329] DEBUG com.github.dockerjava.zerodep.shaded.org.apache.hc.client5.http.wire - http-outgoing-3 << "[\r][\n]"
21:51:09.671 [docker-java-stream--2064336329] DEBUG com.github.dockerjava.api.command.PullImageResultCallback - ResponseItem(stream=null, status=Extracting, progressDetail=ResponseItem.ProgressDetail(current=7077888, total=29125963, start=null), progress=[============>                                      ]  7.078MB/29.13MB, id=af107e978371, from=null, time=null, errorDetail=null, error=null, aux=null)
21:51:10.430 [docker-java-stream--2064336329] DEBUG com.github.dockerjava.zerodep.shaded.org.apache.hc.client5.http.wire - http-outgoing-3 << "bf[\r][\n]"
21:51:10.430 [docker-java-stream--2064336329] DEBUG com.github.dockerjava.zerodep.shaded.org.apache.hc.client5.http.wire - http-outgoing-3 << "{"status":"Downloading","progressDetail":{"current":11237696,"total":108571409},"progress":"[=====\u003e                                             ]  11.24MB/108.6MB","id":"a35465a6a76a"}[\r][\n]"
21:51:10.430 [docker-java-stream--2064336329] DEBUG com.github.dockerjava.zerodep.shaded.org.apache.hc.client5.http.wire - http-outgoing-3 << "[\r][\n]"
21:51:10.430 [docker-java-stream--2064336329] DEBUG com.github.dockerjava.api.command.PullImageResultCallback - ResponseItem(stream=null, status=Downloading, progressDetail=ResponseItem.ProgressDetail(current=11237696, total=108571409, start=null), progress=[=====>                                             ]  11.24MB/108.6MB, id=a35465a6a76a, from=null, time=null, errorDetail=null, error=null, aux=null)
21:51:14.575 [docker-java-stream--2064336329] DEBUG com.github.dockerjava.zerodep.shaded.org.apache.hc.client5.http.wire - http-outgoing-3 << "bc[\r][\n]"
21:51:14.575 [docker-java-stream--2064336329] DEBUG com.github.dockerjava.zerodep.shaded.org.apache.hc.client5.http.wire - http-outgoing-3 << "{"status":"Extracting","progressDetail":{"current":7667712,"total":29125963},"progress":"[=============\u003e                                     ]  7.668MB/29.13MB","id":"af107e978371"}[\r][\n]"
21:51:14.575 [docker-java-stream--2064336329] DEBUG com.github.dockerjava.zerodep.shaded.org.apache.hc.client5.http.wire - http-outgoing-3 << "[\r][\n]"
21:51:14.576 [docker-java-stream--2064336329] DEBUG com.github.dockerjava.api.command.PullImageResultCallback - ResponseItem(stream=null, status=Extracting, progressDetail=ResponseItem.ProgressDetail(current=7667712, total=29125963, start=null), progress=[=============>                                     ]  7.668MB/29.13MB, id=af107e978371, from=null, time=null, errorDetail=null, error=null, aux=null)
21:51:14.580 [docker-java-stream--2064336329] DEBUG com.github.dockerjava.zerodep.shaded.org.apache.hc.client5.http.wire - http-outgoing-3 << "bf[\r][\n]"
21:51:14.580 [docker-java-stream--2064336329] DEBUG com.github.dockerjava.zerodep.shaded.org.apache.hc.client5.http.wire - http-outgoing-3 << "{"status":"Downloading","progressDetail":{"current":11766080,"total":108571409},"progress":"[=====\u003e                                             ]  11.77MB/108.6MB","id":"a35465a6a76a"}[\r][\n]"
21:51:14.580 [docker-java-stream--2064336329] DEBUG com.github.dockerjava.zerodep.shaded.org.apache.hc.client5.http.wire - http-outgoing-3 << "[\r][\n]"
21:51:14.581 [docker-java-stream--2064336329] DEBUG com.github.dockerjava.api.command.PullImageResultCallback - ResponseItem(stream=null, status=Downloading, progressDetail=ResponseItem.ProgressDetail(current=11766080, total=108571409, start=null), progress=[=====>                                             ]  11.77MB/108.6MB, id=a35465a6a76a, from=null, time=null, errorDetail=null, error=null, aux=null)
21:51:17.477 [docker-java-stream--2064336329] DEBUG com.github.dockerjava.zerodep.shaded.org.apache.hc.client5.http.wire - http-outgoing-3 << "bc[\r][\n]"
21:51:17.477 [docker-java-stream--2064336329] DEBUG com.github.dockerjava.zerodep.shaded.org.apache.hc.client5.http.wire - http-outgoing-3 << "{"status":"Extracting","progressDetail":{"current":7962624,"total":29125963},"progress":"[=============\u003e                                     ]  7.963MB/29.13MB","id":"af107e978371"}[\r][\n]"
21:51:17.477 [docker-java-stream--2064336329] DEBUG com.github.dockerjava.zerodep.shaded.org.apache.hc.client5.http.wire - http-outgoing-3 << "[\r][\n]"
21:51:17.478 [docker-java-stream--2064336329] DEBUG com.github.dockerjava.api.command.PullImageResultCallback - ResponseItem(stream=null, status=Extracting, progressDetail=ResponseItem.ProgressDetail(current=7962624, total=29125963, start=null), progress=[=============>                                     ]  7.963MB/29.13MB, id=af107e978371, from=null, time=null, errorDetail=null, error=null, aux=null)
21:51:17.760 [docker-java-stream--2064336329] DEBUG com.github.dockerjava.zerodep.shaded.org.apache.hc.client5.http.wire - http-outgoing-3 << "bc[\r][\n]"
21:51:17.760 [docker-java-stream--2064336329] DEBUG com.github.dockerjava.zerodep.shaded.org.apache.hc.client5.http.wire - http-outgoing-3 << "{"status":"Extracting","progressDetail":{"current":8847360,"total":29125963},"progress":"[===============\u003e                                   ]  8.847MB/29.13MB","id":"af107e978371"}[\r][\n]"
21:51:17.760 [docker-java-stream--2064336329] DEBUG com.github.dockerjava.zerodep.shaded.org.apache.hc.client5.http.wire - http-outgoing-3 << "[\r][\n]"
21:51:17.761 [docker-java-stream--2064336329] DEBUG com.github.dockerjava.api.command.PullImageResultCallback - ResponseItem(stream=null, status=Extracting, progressDetail=ResponseItem.ProgressDetail(current=8847360, total=29125963, start=null), progress=[===============>                                   ]  8.847MB/29.13MB, id=af107e978371, from=null, time=null, errorDetail=null, error=null, aux=null)
21:51:18.646 [docker-java-stream--2064336329] DEBUG com.github.dockerjava.zerodep.shaded.org.apache.hc.client5.http.wire - http-outgoing-3 << "bc[\r][\n]"
21:51:18.646 [docker-java-stream--2064336329] DEBUG com.github.dockerjava.zerodep.shaded.org.apache.hc.client5.http.wire - http-outgoing-3 << "{"status":"Extracting","progressDetail":{"current":9437184,"total":29125963},"progress":"[================\u003e                                  ]  9.437MB/29.13MB","id":"af107e978371"}[\r][\n]"
21:51:18.646 [docker-java-stream--2064336329] DEBUG com.github.dockerjava.zerodep.shaded.org.apache.hc.client5.http.wire - http-outgoing-3 << "[\r][\n]"
21:51:18.646 [docker-java-stream--2064336329] DEBUG com.github.dockerjava.api.command.PullImageResultCallback - ResponseItem(stream=null, status=Extracting, progressDetail=ResponseItem.ProgressDetail(current=9437184, total=29125963, start=null), progress=[================>                                  ]  9.437MB/29.13MB, id=af107e978371, from=null, time=null, errorDetail=null, error=null, aux=null)
21:51:19.341 [docker-java-stream--2064336329] DEBUG com.github.dockerjava.zerodep.shaded.org.apache.hc.client5.http.wire - http-outgoing-3 << "bf[\r][\n]"
21:51:19.341 [docker-java-stream--2064336329] DEBUG com.github.dockerjava.zerodep.shaded.org.apache.hc.client5.http.wire - http-outgoing-3 << "{"status":"Downloading","progressDetail":{"current":12302656,"total":108571409},"progress":"[=====\u003e                                             ]   12.3MB/108.6MB","id":"a35465a6a76a"}[\r][\n]"
21:51:19.341 [docker-java-stream--2064336329] DEBUG com.github.dockerjava.zerodep.shaded.org.apache.hc.client5.http.wire - http-outgoing-3 << "[\r][\n]"
21:51:19.341 [docker-java-stream--2064336329] DEBUG com.github.dockerjava.api.command.PullImageResultCallback - ResponseItem(stream=null, status=Downloading, progressDetail=ResponseItem.ProgressDetail(current=12302656, total=108571409, start=null), progress=[=====>                                             ]   12.3MB/108.6MB, id=a35465a6a76a, from=null, time=null, errorDetail=null, error=null, aux=null)
21:51:22.786 [docker-java-stream--2064336329] DEBUG com.github.dockerjava.zerodep.shaded.org.apache.hc.client5.http.wire - http-outgoing-3 << "bf[\r][\n]"
21:51:22.786 [docker-java-stream--2064336329] DEBUG com.github.dockerjava.zerodep.shaded.org.apache.hc.client5.http.wire - http-outgoing-3 << "{"status":"Downloading","progressDetail":{"current":12835136,"total":108571409},"progress":"[=====\u003e                                             ]  12.84MB/108.6MB","id":"a35465a6a76a"}[\r][\n]"
21:51:22.786 [docker-java-stream--2064336329] DEBUG com.github.dockerjava.zerodep.shaded.org.apache.hc.client5.http.wire - http-outgoing-3 << "[\r][\n]"
21:51:22.787 [docker-java-stream--2064336329] DEBUG com.github.dockerjava.api.command.PullImageResultCallback - ResponseItem(stream=null, status=Downloading, progressDetail=ResponseItem.ProgressDetail(current=12835136, total=108571409, start=null), progress=[=====>                                             ]  12.84MB/108.6MB, id=a35465a6a76a, from=null, time=null, errorDetail=null, error=null, aux=null)
21:51:23.618 [docker-java-stream--2064336329] DEBUG com.github.dockerjava.zerodep.shaded.org.apache.hc.client5.http.wire - http-outgoing-3 << "bc[\r][\n]"
21:51:23.618 [docker-java-stream--2064336329] DEBUG com.github.dockerjava.zerodep.shaded.org.apache.hc.client5.http.wire - http-outgoing-3 << "{"status":"Extracting","progressDetail":{"current":9732096,"total":29125963},"progress":"[================\u003e                                  ]  9.732MB/29.13MB","id":"af107e978371"}[\r][\n]"
21:51:23.618 [docker-java-stream--2064336329] DEBUG com.github.dockerjava.zerodep.shaded.org.apache.hc.client5.http.wire - http-outgoing-3 << "[\r][\n]"
21:51:23.618 [docker-java-stream--2064336329] DEBUG com.github.dockerjava.api.command.PullImageResultCallback - ResponseItem(stream=null, status=Extracting, progressDetail=ResponseItem.ProgressDetail(current=9732096, total=29125963, start=null), progress=[================>                                  ]  9.732MB/29.13MB, id=af107e978371, from=null, time=null, errorDetail=null, error=null, aux=null)
21:51:24.639 [docker-java-stream--2064336329] DEBUG com.github.dockerjava.zerodep.shaded.org.apache.hc.client5.http.wire - http-outgoing-3 << "bd[\r][\n]"
21:51:24.639 [docker-java-stream--2064336329] DEBUG com.github.dockerjava.zerodep.shaded.org.apache.hc.client5.http.wire - http-outgoing-3 << "{"status":"Extracting","progressDetail":{"current":10027008,"total":29125963},"progress":"[=================\u003e                                 ]  10.03MB/29.13MB","id":"af107e978371"}[\r][\n]"
21:51:24.639 [docker-java-stream--2064336329] DEBUG com.github.dockerjava.zerodep.shaded.org.apache.hc.client5.http.wire - http-outgoing-3 << "[\r][\n]"
21:51:24.640 [docker-java-stream--2064336329] DEBUG com.github.dockerjava.api.command.PullImageResultCallback - ResponseItem(stream=null, status=Extracting, progressDetail=ResponseItem.ProgressDetail(current=10027008, total=29125963, start=null), progress=[=================>                                 ]  10.03MB/29.13MB, id=af107e978371, from=null, time=null, errorDetail=null, error=null, aux=null)
21:51:24.913 [docker-java-stream--2064336329] DEBUG com.github.dockerjava.zerodep.shaded.org.apache.hc.client5.http.wire - http-outgoing-3 << "bf[\r][\n]"
21:51:24.913 [docker-java-stream--2064336329] DEBUG com.github.dockerjava.zerodep.shaded.org.apache.hc.client5.http.wire - http-outgoing-3 << "{"status":"Downloading","progressDetail":{"current":13367616,"total":108571409},"progress":"[======\u003e                                            ]  13.37MB/108.6MB","id":"a35465a6a76a"}[\r][\n]"
21:51:24.913 [docker-java-stream--2064336329] DEBUG com.github.dockerjava.zerodep.shaded.org.apache.hc.client5.http.wire - http-outgoing-3 << "[\r][\n]"
21:51:24.913 [docker-java-stream--2064336329] DEBUG com.github.dockerjava.api.command.PullImageResultCallback - ResponseItem(stream=null, status=Downloading, progressDetail=ResponseItem.ProgressDetail(current=13367616, total=108571409, start=null), progress=[======>                                            ]  13.37MB/108.6MB, id=a35465a6a76a, from=null, time=null, errorDetail=null, error=null, aux=null)
21:51:25.463 [docker-java-stream--2064336329] DEBUG com.github.dockerjava.zerodep.shaded.org.apache.hc.client5.http.wire - http-outgoing-3 << "bd[\r][\n]"
21:51:25.463 [docker-java-stream--2064336329] DEBUG com.github.dockerjava.zerodep.shaded.org.apache.hc.client5.http.wire - http-outgoing-3 << "{"status":"Extracting","progressDetail":{"current":10911744,"total":29125963},"progress":"[==================\u003e                                ]  10.91MB/29.13MB","id":"af107e978371"}[\r][\n]"
21:51:25.463 [docker-java-stream--2064336329] DEBUG com.github.dockerjava.zerodep.shaded.org.apache.hc.client5.http.wire - http-outgoing-3 << "[\r][\n]"
21:51:25.463 [docker-java-stream--2064336329] DEBUG com.github.dockerjava.api.command.PullImageResultCallback - ResponseItem(stream=null, status=Extracting, progressDetail=ResponseItem.ProgressDetail(current=10911744, total=29125963, start=null), progress=[==================>                                ]  10.91MB/29.13MB, id=af107e978371, from=null, time=null, errorDetail=null, error=null, aux=null)
21:51:26.419 [docker-java-stream--2064336329] DEBUG com.github.dockerjava.zerodep.shaded.org.apache.hc.client5.http.wire - http-outgoing-3 << "bd[\r][\n]"
21:51:26.419 [docker-java-stream--2064336329] DEBUG com.github.dockerjava.zerodep.shaded.org.apache.hc.client5.http.wire - http-outgoing-3 << "{"status":"Extracting","progressDetail":{"current":11206656,"total":29125963},"progress":"[===================\u003e                               ]  11.21MB/29.13MB","id":"af107e978371"}[\r][\n]"
21:51:26.419 [docker-java-stream--2064336329] DEBUG com.github.dockerjava.zerodep.shaded.org.apache.hc.client5.http.wire - http-outgoing-3 << "[\r][\n]"
21:51:26.419 [docker-java-stream--2064336329] DEBUG com.github.dockerjava.api.command.PullImageResultCallback - ResponseItem(stream=null, status=Extracting, progressDetail=ResponseItem.ProgressDetail(current=11206656, total=29125963, start=null), progress=[===================>                               ]  11.21MB/29.13MB, id=af107e978371, from=null, time=null, errorDetail=null, error=null, aux=null)
21:51:31.020 [docker-java-stream--2064336329] DEBUG com.github.dockerjava.zerodep.shaded.org.apache.hc.client5.http.wire - http-outgoing-3 << "bf[\r][\n]"
21:51:31.020 [docker-java-stream--2064336329] DEBUG com.github.dockerjava.zerodep.shaded.org.apache.hc.client5.http.wire - http-outgoing-3 << "{"status":"Downloading","progressDetail":{"current":13904192,"total":108571409},"progress":"[======\u003e                                            ]   13.9MB/108.6MB","id":"a35465a6a76a"}[\r][\n]"
21:51:31.020 [docker-java-stream--2064336329] DEBUG com.github.dockerjava.zerodep.shaded.org.apache.hc.client5.http.wire - http-outgoing-3 << "[\r][\n]"
21:51:31.020 [docker-java-stream--2064336329] DEBUG com.github.dockerjava.api.command.PullImageResultCallback - ResponseItem(stream=null, status=Downloading, progressDetail=ResponseItem.ProgressDetail(current=13904192, total=108571409, start=null), progress=[======>                                            ]   13.9MB/108.6MB, id=a35465a6a76a, from=null, time=null, errorDetail=null, error=null, aux=null)
21:51:31.809 [docker-java-stream--2064336329] DEBUG com.github.dockerjava.zerodep.shaded.org.apache.hc.client5.http.wire - http-outgoing-3 << "bf[\r][\n]"
21:51:31.809 [docker-java-stream--2064336329] DEBUG com.github.dockerjava.zerodep.shaded.org.apache.hc.client5.http.wire - http-outgoing-3 << "{"status":"Downloading","progressDetail":{"current":14960960,"total":108571409},"progress":"[======\u003e                                            ]  14.96MB/108.6MB","id":"a35465a6a76a"}[\r][\n]"
21:51:31.810 [docker-java-stream--2064336329] DEBUG com.github.dockerjava.zerodep.shaded.org.apache.hc.client5.http.wire - http-outgoing-3 << "[\r][\n]"
21:51:31.810 [docker-java-stream--2064336329] DEBUG com.github.dockerjava.api.command.PullImageResultCallback - ResponseItem(stream=null, status=Downloading, progressDetail=ResponseItem.ProgressDetail(current=14960960, total=108571409, start=null), progress=[======>                                            ]  14.96MB/108.6MB, id=a35465a6a76a, from=null, time=null, errorDetail=null, error=null, aux=null)
21:51:35.162 [docker-java-stream--2064336329] DEBUG com.github.dockerjava.zerodep.shaded.org.apache.hc.client5.http.wire - http-outgoing-3 << "bd[\r][\n]"
21:51:35.162 [docker-java-stream--2064336329] DEBUG com.github.dockerjava.zerodep.shaded.org.apache.hc.client5.http.wire - http-outgoing-3 << "{"status":"Extracting","progressDetail":{"current":11501568,"total":29125963},"progress":"[===================\u003e                               ]   11.5MB/29.13MB","id":"af107e978371"}[\r][\n]"
21:51:35.162 [docker-java-stream--2064336329] DEBUG com.github.dockerjava.zerodep.shaded.org.apache.hc.client5.http.wire - http-outgoing-3 << "[\r][\n]"
21:51:35.162 [docker-java-stream--2064336329] DEBUG com.github.dockerjava.api.command.PullImageResultCallback - ResponseItem(stream=null, status=Extracting, progressDetail=ResponseItem.ProgressDetail(current=11501568, total=29125963, start=null), progress=[===================>                               ]   11.5MB/29.13MB, id=af107e978371, from=null, time=null, errorDetail=null, error=null, aux=null)
21:51:35.165 [docker-java-stream--2064336329] DEBUG com.github.dockerjava.zerodep.shaded.org.apache.hc.client5.http.wire - http-outgoing-3 << "bf[\r][\n]"
21:51:35.165 [docker-java-stream--2064336329] DEBUG com.github.dockerjava.zerodep.shaded.org.apache.hc.client5.http.wire - http-outgoing-3 << "{"status":"Downloading","progressDetail":{"current":15497536,"total":108571409},"progress":"[=======\u003e                                           ]   15.5MB/108.6MB","id":"a35465a6a76a"}[\r][\n]"
21:51:35.165 [docker-java-stream--2064336329] DEBUG com.github.dockerjava.zerodep.shaded.org.apache.hc.client5.http.wire - http-outgoing-3 << "[\r][\n]"
21:51:35.165 [docker-java-stream--2064336329] DEBUG com.github.dockerjava.api.command.PullImageResultCallback - ResponseItem(stream=null, status=Downloading, progressDetail=ResponseItem.ProgressDetail(current=15497536, total=108571409, start=null), progress=[=======>                                           ]   15.5MB/108.6MB, id=a35465a6a76a, from=null, time=null, errorDetail=null, error=null, aux=null)
21:51:35.641 [docker-java-stream--2064336329] DEBUG com.github.dockerjava.zerodep.shaded.org.apache.hc.client5.http.wire - http-outgoing-3 << "bf[\r][\n]"
21:51:35.641 [docker-java-stream--2064336329] DEBUG com.github.dockerjava.zerodep.shaded.org.apache.hc.client5.http.wire - http-outgoing-3 << "{"status":"Downloading","progressDetail":{"current":16038208,"total":108571409},"progress":"[=======\u003e                                           ]  16.04MB/108.6MB","id":"a35465a6a76a"}[\r][\n]"
21:51:35.641 [docker-java-stream--2064336329] DEBUG com.github.dockerjava.zerodep.shaded.org.apache.hc.client5.http.wire - http-outgoing-3 << "[\r][\n]"
21:51:35.642 [docker-java-stream--2064336329] DEBUG com.github.dockerjava.api.command.PullImageResultCallback - ResponseItem(stream=null, status=Downloading, progressDetail=ResponseItem.ProgressDetail(current=16038208, total=108571409, start=null), progress=[=======>                                           ]  16.04MB/108.6MB, id=a35465a6a76a, from=null, time=null, errorDetail=null, error=null, aux=null)
21:51:38.862 [docker-java-stream--2064336329] DEBUG com.github.dockerjava.zerodep.shaded.org.apache.hc.client5.http.wire - http-outgoing-3 << "bd[\r][\n]"
21:51:38.862 [docker-java-stream--2064336329] DEBUG com.github.dockerjava.zerodep.shaded.org.apache.hc.client5.http.wire - http-outgoing-3 << "{"status":"Extracting","progressDetail":{"current":11796480,"total":29125963},"progress":"[====================\u003e                              ]   11.8MB/29.13MB","id":"af107e978371"}[\r][\n]"
21:51:38.862 [docker-java-stream--2064336329] DEBUG com.github.dockerjava.zerodep.shaded.org.apache.hc.client5.http.wire - http-outgoing-3 << "[\r][\n]"
21:51:38.862 [docker-java-stream--2064336329] DEBUG com.github.dockerjava.api.command.PullImageResultCallback - ResponseItem(stream=null, status=Extracting, progressDetail=ResponseItem.ProgressDetail(current=11796480, total=29125963, start=null), progress=[====================>                              ]   11.8MB/29.13MB, id=af107e978371, from=null, time=null, errorDetail=null, error=null, aux=null)
21:51:41.085 [docker-java-stream--2064336329] DEBUG com.github.dockerjava.zerodep.shaded.org.apache.hc.client5.http.wire - http-outgoing-3 << "17c[\r][\n]"
21:51:41.085 [docker-java-stream--2064336329] DEBUG com.github.dockerjava.zerodep.shaded.org.apache.hc.client5.http.wire - http-outgoing-3 << "{"status":"Extracting","progressDetail":{"current":12091392,"total":29125963},"progress":"[====================\u003e                              ]  12.09MB/29.13MB","id":"af107e978371"}[\r][\n]"
21:51:41.085 [docker-java-stream--2064336329] DEBUG com.github.dockerjava.zerodep.shaded.org.apache.hc.client5.http.wire - http-outgoing-3 << "{"status":"Downloading","progressDetail":{"current":16574784,"total":108571409},"progress":"[=======\u003e                                           ]  16.57MB/108.6MB","id":"a35465a6a76a"}[\r][\n]"
21:51:41.085 [docker-java-stream--2064336329] DEBUG com.github.dockerjava.zerodep.shaded.org.apache.hc.client5.http.wire - http-outgoing-3 << "[\r][\n]"
21:51:41.086 [docker-java-stream--2064336329] DEBUG com.github.dockerjava.api.command.PullImageResultCallback - ResponseItem(stream=null, status=Extracting, progressDetail=ResponseItem.ProgressDetail(current=12091392, total=29125963, start=null), progress=[====================>                              ]  12.09MB/29.13MB, id=af107e978371, from=null, time=null, errorDetail=null, error=null, aux=null)
21:51:41.086 [docker-java-stream--2064336329] DEBUG com.github.dockerjava.api.command.PullImageResultCallback - ResponseItem(stream=null, status=Downloading, progressDetail=ResponseItem.ProgressDetail(current=16574784, total=108571409, start=null), progress=[=======>                                           ]  16.57MB/108.6MB, id=a35465a6a76a, from=null, time=null, errorDetail=null, error=null, aux=null)
21:51:44.188 [docker-java-stream--2064336329] DEBUG com.github.dockerjava.zerodep.shaded.org.apache.hc.client5.http.wire - http-outgoing-3 << "17c[\r][\n]"
21:51:44.188 [docker-java-stream--2064336329] DEBUG com.github.dockerjava.zerodep.shaded.org.apache.hc.client5.http.wire - http-outgoing-3 << "{"status":"Downloading","progressDetail":{"current":18192704,"total":108571409},"progress":"[========\u003e                                          ]  18.19MB/108.6MB","id":"a35465a6a76a"}[\r][\n]"
21:51:44.188 [docker-java-stream--2064336329] DEBUG com.github.dockerjava.zerodep.shaded.org.apache.hc.client5.http.wire - http-outgoing-3 << "{"status":"Extracting","progressDetail":{"current":12386304,"total":29125963},"progress":"[=====================\u003e                             ]  12.39MB/29.13MB","id":"af107e978371"}[\r][\n]"
21:51:44.188 [docker-java-stream--2064336329] DEBUG com.github.dockerjava.zerodep.shaded.org.apache.hc.client5.http.wire - http-outgoing-3 << "[\r][\n]"
21:51:44.189 [docker-java-stream--2064336329] DEBUG com.github.dockerjava.api.command.PullImageResultCallback - ResponseItem(stream=null, status=Downloading, progressDetail=ResponseItem.ProgressDetail(current=18192704, total=108571409, start=null), progress=[========>                                          ]  18.19MB/108.6MB, id=a35465a6a76a, from=null, time=null, errorDetail=null, error=null, aux=null)
21:51:44.189 [docker-java-stream--2064336329] DEBUG com.github.dockerjava.api.command.PullImageResultCallback - ResponseItem(stream=null, status=Extracting, progressDetail=ResponseItem.ProgressDetail(current=12386304, total=29125963, start=null), progress=[=====================>                             ]  12.39MB/29.13MB, id=af107e978371, from=null, time=null, errorDetail=null, error=null, aux=null)
21:51:45.124 [docker-java-stream--2064336329] DEBUG com.github.dockerjava.zerodep.shaded.org.apache.hc.client5.http.wire - http-outgoing-3 << "bf[\r][\n]"
21:51:45.124 [docker-java-stream--2064336329] DEBUG com.github.dockerjava.zerodep.shaded.org.apache.hc.client5.http.wire - http-outgoing-3 << "{"status":"Downloading","progressDetail":{"current":18721088,"total":108571409},"progress":"[========\u003e                                          ]  18.72MB/108.6MB","id":"a35465a6a76a"}[\r][\n]"
21:51:45.124 [docker-java-stream--2064336329] DEBUG com.github.dockerjava.zerodep.shaded.org.apache.hc.client5.http.wire - http-outgoing-3 << "[\r][\n]"
21:51:45.125 [docker-java-stream--2064336329] DEBUG com.github.dockerjava.api.command.PullImageResultCallback - ResponseItem(stream=null, status=Downloading, progressDetail=ResponseItem.ProgressDetail(current=18721088, total=108571409, start=null), progress=[========>                                          ]  18.72MB/108.6MB, id=a35465a6a76a, from=null, time=null, errorDetail=null, error=null, aux=null)
21:51:45.582 [docker-java-stream--2064336329] DEBUG com.github.dockerjava.zerodep.shaded.org.apache.hc.client5.http.wire - http-outgoing-3 << "bd[\r][\n]"
21:51:45.582 [docker-java-stream--2064336329] DEBUG com.github.dockerjava.zerodep.shaded.org.apache.hc.client5.http.wire - http-outgoing-3 << "{"status":"Extracting","progressDetail":{"current":12681216,"total":29125963},"progress":"[=====================\u003e                             ]  12.68MB/29.13MB","id":"af107e978371"}[\r][\n]"
21:51:45.582 [docker-java-stream--2064336329] DEBUG com.github.dockerjava.zerodep.shaded.org.apache.hc.client5.http.wire - http-outgoing-3 << "[\r][\n]"
21:51:45.582 [docker-java-stream--2064336329] DEBUG com.github.dockerjava.api.command.PullImageResultCallback - ResponseItem(stream=null, status=Extracting, progressDetail=ResponseItem.ProgressDetail(current=12681216, total=29125963, start=null), progress=[=====================>                             ]  12.68MB/29.13MB, id=af107e978371, from=null, time=null, errorDetail=null, error=null, aux=null)
21:51:46.252 [docker-java-stream--2064336329] DEBUG com.github.dockerjava.zerodep.shaded.org.apache.hc.client5.http.wire - http-outgoing-3 << "bf[\r][\n]"
21:51:46.252 [docker-java-stream--2064336329] DEBUG com.github.dockerjava.zerodep.shaded.org.apache.hc.client5.http.wire - http-outgoing-3 << "{"status":"Downloading","progressDetail":{"current":19257664,"total":108571409},"progress":"[========\u003e                                          ]  19.26MB/108.6MB","id":"a35465a6a76a"}[\r][\n]"
21:51:46.252 [docker-java-stream--2064336329] DEBUG com.github.dockerjava.zerodep.shaded.org.apache.hc.client5.http.wire - http-outgoing-3 << "[\r][\n]"
21:51:46.252 [docker-java-stream--2064336329] DEBUG com.github.dockerjava.api.command.PullImageResultCallback - ResponseItem(stream=null, status=Downloading, progressDetail=ResponseItem.ProgressDetail(current=19257664, total=108571409, start=null), progress=[========>                                          ]  19.26MB/108.6MB, id=a35465a6a76a, from=null, time=null, errorDetail=null, error=null, aux=null)
21:51:48.223 [docker-java-stream--2064336329] DEBUG com.github.dockerjava.zerodep.shaded.org.apache.hc.client5.http.wire - http-outgoing-3 << "bf[\r][\n]"
21:51:48.223 [docker-java-stream--2064336329] DEBUG com.github.dockerjava.zerodep.shaded.org.apache.hc.client5.http.wire - http-outgoing-3 << "{"status":"Downloading","progressDetail":{"current":19794240,"total":108571409},"progress":"[=========\u003e                                         ]  19.79MB/108.6MB","id":"a35465a6a76a"}[\r][\n]"
21:51:48.223 [docker-java-stream--2064336329] DEBUG com.github.dockerjava.zerodep.shaded.org.apache.hc.client5.http.wire - http-outgoing-3 << "[\r][\n]"
21:51:48.223 [docker-java-stream--2064336329] DEBUG com.github.dockerjava.api.command.PullImageResultCallback - ResponseItem(stream=null, status=Downloading, progressDetail=ResponseItem.ProgressDetail(current=19794240, total=108571409, start=null), progress=[=========>                                         ]  19.79MB/108.6MB, id=a35465a6a76a, from=null, time=null, errorDetail=null, error=null, aux=null)
21:51:49.209 [docker-java-stream--2064336329] DEBUG com.github.dockerjava.zerodep.shaded.org.apache.hc.client5.http.wire - http-outgoing-3 << "bf[\r][\n]"
21:51:49.209 [docker-java-stream--2064336329] DEBUG com.github.dockerjava.zerodep.shaded.org.apache.hc.client5.http.wire - http-outgoing-3 << "{"status":"Downloading","progressDetail":{"current":20330816,"total":108571409},"progress":"[=========\u003e                                         ]  20.33MB/108.6MB","id":"a35465a6a76a"}[\r][\n]"
21:51:49.209 [docker-java-stream--2064336329] DEBUG com.github.dockerjava.zerodep.shaded.org.apache.hc.client5.http.wire - http-outgoing-3 << "[\r][\n]"
21:51:49.210 [docker-java-stream--2064336329] DEBUG com.github.dockerjava.api.command.PullImageResultCallback - ResponseItem(stream=null, status=Downloading, progressDetail=ResponseItem.ProgressDetail(current=20330816, total=108571409, start=null), progress=[=========>                                         ]  20.33MB/108.6MB, id=a35465a6a76a, from=null, time=null, errorDetail=null, error=null, aux=null)
21:51:50.149 [docker-java-stream--2064336329] DEBUG com.github.dockerjava.zerodep.shaded.org.apache.hc.client5.http.wire - http-outgoing-3 << "bd[\r][\n]"
21:51:50.149 [docker-java-stream--2064336329] DEBUG com.github.dockerjava.zerodep.shaded.org.apache.hc.client5.http.wire - http-outgoing-3 << "{"status":"Extracting","progressDetail":{"current":12976128,"total":29125963},"progress":"[======================\u003e                            ]  12.98MB/29.13MB","id":"af107e978371"}[\r][\n]"
21:51:50.149 [docker-java-stream--2064336329] DEBUG com.github.dockerjava.zerodep.shaded.org.apache.hc.client5.http.wire - http-outgoing-3 << "[\r][\n]"
21:51:50.149 [docker-java-stream--2064336329] DEBUG com.github.dockerjava.api.command.PullImageResultCallback - ResponseItem(stream=null, status=Extracting, progressDetail=ResponseItem.ProgressDetail(current=12976128, total=29125963, start=null), progress=[======================>                            ]  12.98MB/29.13MB, id=af107e978371, from=null, time=null, errorDetail=null, error=null, aux=null)
21:51:51.395 [docker-java-stream--2064336329] DEBUG com.github.dockerjava.zerodep.shaded.org.apache.hc.client5.http.wire - http-outgoing-3 << "bd[\r][\n]"
21:51:51.395 [docker-java-stream--2064336329] DEBUG com.github.dockerjava.zerodep.shaded.org.apache.hc.client5.http.wire - http-outgoing-3 << "{"status":"Extracting","progressDetail":{"current":13271040,"total":29125963},"progress":"[======================\u003e                            ]  13.27MB/29.13MB","id":"af107e978371"}[\r][\n]"
21:51:51.395 [docker-java-stream--2064336329] DEBUG com.github.dockerjava.zerodep.shaded.org.apache.hc.client5.http.wire - http-outgoing-3 << "[\r][\n]"
21:51:51.469 [docker-java-stream--2064336329] DEBUG com.github.dockerjava.api.command.PullImageResultCallback - ResponseItem(stream=null, status=Extracting, progressDetail=ResponseItem.ProgressDetail(current=13271040, total=29125963, start=null), progress=[======================>                            ]  13.27MB/29.13MB, id=af107e978371, from=null, time=null, errorDetail=null, error=null, aux=null)
21:51:52.809 [docker-java-stream--2064336329] DEBUG com.github.dockerjava.zerodep.shaded.org.apache.hc.client5.http.wire - http-outgoing-3 << "bd[\r][\n]"
21:51:52.809 [docker-java-stream--2064336329] DEBUG com.github.dockerjava.zerodep.shaded.org.apache.hc.client5.http.wire - http-outgoing-3 << "{"status":"Extracting","progressDetail":{"current":13565952,"total":29125963},"progress":"[=======================\u003e                           ]  13.57MB/29.13MB","id":"af107e978371"}[\r][\n]"
21:51:52.809 [docker-java-stream--2064336329] DEBUG com.github.dockerjava.zerodep.shaded.org.apache.hc.client5.http.wire - http-outgoing-3 << "[\r][\n]"
21:51:52.810 [docker-java-stream--2064336329] DEBUG com.github.dockerjava.api.command.PullImageResultCallback - ResponseItem(stream=null, status=Extracting, progressDetail=ResponseItem.ProgressDetail(current=13565952, total=29125963, start=null), progress=[=======================>                           ]  13.57MB/29.13MB, id=af107e978371, from=null, time=null, errorDetail=null, error=null, aux=null)
21:51:53.773 [docker-java-stream--2064336329] DEBUG com.github.dockerjava.zerodep.shaded.org.apache.hc.client5.http.wire - http-outgoing-3 << "bd[\r][\n]"
21:51:53.773 [docker-java-stream--2064336329] DEBUG com.github.dockerjava.zerodep.shaded.org.apache.hc.client5.http.wire - http-outgoing-3 << "{"status":"Extracting","progressDetail":{"current":13860864,"total":29125963},"progress":"[=======================\u003e                           ]  13.86MB/29.13MB","id":"af107e978371"}[\r][\n]"
21:51:53.773 [docker-java-stream--2064336329] DEBUG com.github.dockerjava.zerodep.shaded.org.apache.hc.client5.http.wire - http-outgoing-3 << "[\r][\n]"
21:51:53.773 [docker-java-stream--2064336329] DEBUG com.github.dockerjava.api.command.PullImageResultCallback - ResponseItem(stream=null, status=Extracting, progressDetail=ResponseItem.ProgressDetail(current=13860864, total=29125963, start=null), progress=[=======================>                           ]  13.86MB/29.13MB, id=af107e978371, from=null, time=null, errorDetail=null, error=null, aux=null)
21:51:54.243 [docker-java-stream--2064336329] DEBUG com.github.dockerjava.zerodep.shaded.org.apache.hc.client5.http.wire - http-outgoing-3 << "17c[\r][\n]"
21:51:54.243 [docker-java-stream--2064336329] DEBUG com.github.dockerjava.zerodep.shaded.org.apache.hc.client5.http.wire - http-outgoing-3 << "{"status":"Downloading","progressDetail":{"current":20871488,"total":108571409},"progress":"[=========\u003e                                         ]  20.87MB/108.6MB","id":"a35465a6a76a"}[\r][\n]"
21:51:54.243 [docker-java-stream--2064336329] DEBUG com.github.dockerjava.zerodep.shaded.org.apache.hc.client5.http.wire - http-outgoing-3 << "{"status":"Extracting","progressDetail":{"current":14155776,"total":29125963},"progress":"[========================\u003e                          ]  14.16MB/29.13MB","id":"af107e978371"}[\r][\n]"
21:51:54.243 [docker-java-stream--2064336329] DEBUG com.github.dockerjava.zerodep.shaded.org.apache.hc.client5.http.wire - http-outgoing-3 << "[\r][\n]"
21:51:54.887 [docker-java-stream--2064336329] DEBUG com.github.dockerjava.api.command.PullImageResultCallback - ResponseItem(stream=null, status=Downloading, progressDetail=ResponseItem.ProgressDetail(current=20871488, total=108571409, start=null), progress=[=========>                                         ]  20.87MB/108.6MB, id=a35465a6a76a, from=null, time=null, errorDetail=null, error=null, aux=null)
21:51:54.887 [docker-java-stream--2064336329] DEBUG com.github.dockerjava.api.command.PullImageResultCallback - ResponseItem(stream=null, status=Extracting, progressDetail=ResponseItem.ProgressDetail(current=14155776, total=29125963, start=null), progress=[========================>                          ]  14.16MB/29.13MB, id=af107e978371, from=null, time=null, errorDetail=null, error=null, aux=null)
21:51:55.863 [docker-java-stream--2064336329] DEBUG com.github.dockerjava.zerodep.shaded.org.apache.hc.client5.http.wire - http-outgoing-3 << "bd[\r][\n]"
21:51:55.863 [docker-java-stream--2064336329] DEBUG com.github.dockerjava.zerodep.shaded.org.apache.hc.client5.http.wire - http-outgoing-3 << "{"status":"Extracting","progressDetail":{"current":14450688,"total":29125963},"progress":"[========================\u003e                          ]  14.45MB/29.13MB","id":"af107e978371"}[\r][\n]"
21:51:55.863 [docker-java-stream--2064336329] DEBUG com.github.dockerjava.zerodep.shaded.org.apache.hc.client5.http.wire - http-outgoing-3 << "[\r][\n]"
21:51:55.864 [docker-java-stream--2064336329] DEBUG com.github.dockerjava.api.command.PullImageResultCallback - ResponseItem(stream=null, status=Extracting, progressDetail=ResponseItem.ProgressDetail(current=14450688, total=29125963, start=null), progress=[========================>                          ]  14.45MB/29.13MB, id=af107e978371, from=null, time=null, errorDetail=null, error=null, aux=null)
21:51:55.937 [docker-java-stream--2064336329] DEBUG com.github.dockerjava.zerodep.shaded.org.apache.hc.client5.http.wire - http-outgoing-3 << "bf[\r][\n]"
21:51:55.937 [docker-java-stream--2064336329] DEBUG com.github.dockerjava.zerodep.shaded.org.apache.hc.client5.http.wire - http-outgoing-3 << "{"status":"Downloading","progressDetail":{"current":21952832,"total":108571409},"progress":"[==========\u003e                                        ]  21.95MB/108.6MB","id":"a35465a6a76a"}[\r][\n]"
21:51:55.937 [docker-java-stream--2064336329] DEBUG com.github.dockerjava.zerodep.shaded.org.apache.hc.client5.http.wire - http-outgoing-3 << "[\r][\n]"
21:51:55.958 [docker-java-stream--2064336329] DEBUG com.github.dockerjava.api.command.PullImageResultCallback - ResponseItem(stream=null, status=Downloading, progressDetail=ResponseItem.ProgressDetail(current=21952832, total=108571409, start=null), progress=[==========>                                        ]  21.95MB/108.6MB, id=a35465a6a76a, from=null, time=null, errorDetail=null, error=null, aux=null)
21:51:57.738 [docker-java-stream--2064336329] DEBUG com.github.dockerjava.zerodep.shaded.org.apache.hc.client5.http.wire - http-outgoing-3 << "bf[\r][\n]"
21:51:57.875 [docker-java-stream--2064336329] DEBUG com.github.dockerjava.zerodep.shaded.org.apache.hc.client5.http.wire - http-outgoing-3 << "{"status":"Downloading","progressDetail":{"current":22489408,"total":108571409},"progress":"[==========\u003e                                        ]  22.49MB/108.6MB","id":"a35465a6a76a"}[\r][\n]"
21:51:57.875 [docker-java-stream--2064336329] DEBUG com.github.dockerjava.zerodep.shaded.org.apache.hc.client5.http.wire - http-outgoing-3 << "[\r][\n]"
21:51:57.892 [docker-java-stream--2064336329] DEBUG com.github.dockerjava.api.command.PullImageResultCallback - ResponseItem(stream=null, status=Downloading, progressDetail=ResponseItem.ProgressDetail(current=22489408, total=108571409, start=null), progress=[==========>                                        ]  22.49MB/108.6MB, id=a35465a6a76a, from=null, time=null, errorDetail=null, error=null, aux=null)
21:51:58.229 [docker-java-stream--2064336329] DEBUG com.github.dockerjava.zerodep.shaded.org.apache.hc.client5.http.wire - http-outgoing-3 << "bd[\r][\n]"
21:51:58.229 [docker-java-stream--2064336329] DEBUG com.github.dockerjava.zerodep.shaded.org.apache.hc.client5.http.wire - http-outgoing-3 << "{"status":"Extracting","progressDetail":{"current":14745600,"total":29125963},"progress":"[=========================\u003e                         ]  14.75MB/29.13MB","id":"af107e978371"}[\r][\n]"
21:51:58.229 [docker-java-stream--2064336329] DEBUG com.github.dockerjava.zerodep.shaded.org.apache.hc.client5.http.wire - http-outgoing-3 << "[\r][\n]"
21:51:58.229 [docker-java-stream--2064336329] DEBUG com.github.dockerjava.api.command.PullImageResultCallback - ResponseItem(stream=null, status=Extracting, progressDetail=ResponseItem.ProgressDetail(current=14745600, total=29125963, start=null), progress=[=========================>                         ]  14.75MB/29.13MB, id=af107e978371, from=null, time=null, errorDetail=null, error=null, aux=null)
21:51:58.306 [docker-java-stream--2064336329] DEBUG com.github.dockerjava.zerodep.shaded.org.apache.hc.client5.http.wire - http-outgoing-3 << "bf[\r][\n]"
21:51:58.306 [docker-java-stream--2064336329] DEBUG com.github.dockerjava.zerodep.shaded.org.apache.hc.client5.http.wire - http-outgoing-3 << "{"status":"Downloading","progressDetail":{"current":23021888,"total":108571409},"progress":"[==========\u003e                                        ]  23.02MB/108.6MB","id":"a35465a6a76a"}[\r][\n]"
21:51:58.306 [docker-java-stream--2064336329] DEBUG com.github.dockerjava.zerodep.shaded.org.apache.hc.client5.http.wire - http-outgoing-3 << "[\r][\n]"
21:51:58.306 [docker-java-stream--2064336329] DEBUG com.github.dockerjava.api.command.PullImageResultCallback - ResponseItem(stream=null, status=Downloading, progressDetail=ResponseItem.ProgressDetail(current=23021888, total=108571409, start=null), progress=[==========>                                        ]  23.02MB/108.6MB, id=a35465a6a76a, from=null, time=null, errorDetail=null, error=null, aux=null)
21:51:59.487 [docker-java-stream--2064336329] DEBUG com.github.dockerjava.zerodep.shaded.org.apache.hc.client5.http.wire - http-outgoing-3 << "bd[\r][\n]"
21:51:59.488 [docker-java-stream--2064336329] DEBUG com.github.dockerjava.zerodep.shaded.org.apache.hc.client5.http.wire - http-outgoing-3 << "{"status":"Extracting","progressDetail":{"current":15040512,"total":29125963},"progress":"[=========================\u003e                         ]  15.04MB/29.13MB","id":"af107e978371"}[\r][\n]"
21:51:59.488 [docker-java-stream--2064336329] DEBUG com.github.dockerjava.zerodep.shaded.org.apache.hc.client5.http.wire - http-outgoing-3 << "[\r][\n]"
21:51:59.488 [docker-java-stream--2064336329] DEBUG com.github.dockerjava.api.command.PullImageResultCallback - ResponseItem(stream=null, status=Extracting, progressDetail=ResponseItem.ProgressDetail(current=15040512, total=29125963, start=null), progress=[=========================>                         ]  15.04MB/29.13MB, id=af107e978371, from=null, time=null, errorDetail=null, error=null, aux=null)
21:52:00.921 [docker-java-stream--2064336329] DEBUG com.github.dockerjava.zerodep.shaded.org.apache.hc.client5.http.wire - http-outgoing-3 << "bd[\r][\n]"
21:52:00.921 [docker-java-stream--2064336329] DEBUG com.github.dockerjava.zerodep.shaded.org.apache.hc.client5.http.wire - http-outgoing-3 << "{"status":"Extracting","progressDetail":{"current":15335424,"total":29125963},"progress":"[==========================\u003e                        ]  15.34MB/29.13MB","id":"af107e978371"}[\r][\n]"
21:52:00.921 [docker-java-stream--2064336329] DEBUG com.github.dockerjava.zerodep.shaded.org.apache.hc.client5.http.wire - http-outgoing-3 << "[\r][\n]"
21:52:00.922 [docker-java-stream--2064336329] DEBUG com.github.dockerjava.api.command.PullImageResultCallback - ResponseItem(stream=null, status=Extracting, progressDetail=ResponseItem.ProgressDetail(current=15335424, total=29125963, start=null), progress=[==========================>                        ]  15.34MB/29.13MB, id=af107e978371, from=null, time=null, errorDetail=null, error=null, aux=null)
21:52:02.483 [docker-java-stream--2064336329] DEBUG com.github.dockerjava.zerodep.shaded.org.apache.hc.client5.http.wire - http-outgoing-3 << "bf[\r][\n]"
21:52:02.483 [docker-java-stream--2064336329] DEBUG com.github.dockerjava.zerodep.shaded.org.apache.hc.client5.http.wire - http-outgoing-3 << "{"status":"Downloading","progressDetail":{"current":23558464,"total":108571409},"progress":"[==========\u003e                                        ]  23.56MB/108.6MB","id":"a35465a6a76a"}[\r][\n]"
21:52:02.483 [docker-java-stream--2064336329] DEBUG com.github.dockerjava.zerodep.shaded.org.apache.hc.client5.http.wire - http-outgoing-3 << "[\r][\n]"
21:52:02.483 [docker-java-stream--2064336329] DEBUG com.github.dockerjava.api.command.PullImageResultCallback - ResponseItem(stream=null, status=Downloading, progressDetail=ResponseItem.ProgressDetail(current=23558464, total=108571409, start=null), progress=[==========>                                        ]  23.56MB/108.6MB, id=a35465a6a76a, from=null, time=null, errorDetail=null, error=null, aux=null)
21:52:06.330 [docker-java-stream--2064336329] DEBUG com.github.dockerjava.zerodep.shaded.org.apache.hc.client5.http.wire - http-outgoing-3 << "bf[\r][\n]"
21:52:06.330 [docker-java-stream--2064336329] DEBUG com.github.dockerjava.zerodep.shaded.org.apache.hc.client5.http.wire - http-outgoing-3 << "{"status":"Downloading","progressDetail":{"current":24090944,"total":108571409},"progress":"[===========\u003e                                       ]  24.09MB/108.6MB","id":"a35465a6a76a"}[\r][\n]"
21:52:06.330 [docker-java-stream--2064336329] DEBUG com.github.dockerjava.zerodep.shaded.org.apache.hc.client5.http.wire - http-outgoing-3 << "[\r][\n]"
21:52:06.330 [docker-java-stream--2064336329] DEBUG com.github.dockerjava.api.command.PullImageResultCallback - ResponseItem(stream=null, status=Downloading, progressDetail=ResponseItem.ProgressDetail(current=24090944, total=108571409, start=null), progress=[===========>                                       ]  24.09MB/108.6MB, id=a35465a6a76a, from=null, time=null, errorDetail=null, error=null, aux=null)
21:52:06.330 [docker-java-stream--2064336329] DEBUG com.github.dockerjava.zerodep.shaded.org.apache.hc.client5.http.wire - http-outgoing-3 << "bd[\r][\n]"
21:52:06.331 [docker-java-stream--2064336329] DEBUG com.github.dockerjava.zerodep.shaded.org.apache.hc.client5.http.wire - http-outgoing-3 << "{"status":"Extracting","progressDetail":{"current":15630336,"total":29125963},"progress":"[==========================\u003e                        ]  15.63MB/29.13MB","id":"af107e978371"}[\r][\n]"
21:52:06.331 [docker-java-stream--2064336329] DEBUG com.github.dockerjava.zerodep.shaded.org.apache.hc.client5.http.wire - http-outgoing-3 << "[\r][\n]"
21:52:06.331 [docker-java-stream--2064336329] DEBUG com.github.dockerjava.api.command.PullImageResultCallback - ResponseItem(stream=null, status=Extracting, progressDetail=ResponseItem.ProgressDetail(current=15630336, total=29125963, start=null), progress=[==========================>                        ]  15.63MB/29.13MB, id=af107e978371, from=null, time=null, errorDetail=null, error=null, aux=null)
21:52:06.830 [docker-java-stream--2064336329] DEBUG com.github.dockerjava.zerodep.shaded.org.apache.hc.client5.http.wire - http-outgoing-3 << "bf[\r][\n]"
21:52:06.830 [docker-java-stream--2064336329] DEBUG com.github.dockerjava.zerodep.shaded.org.apache.hc.client5.http.wire - http-outgoing-3 << "{"status":"Downloading","progressDetail":{"current":25168192,"total":108571409},"progress":"[===========\u003e                                       ]  25.17MB/108.6MB","id":"a35465a6a76a"}[\r][\n]"
21:52:06.830 [docker-java-stream--2064336329] DEBUG com.github.dockerjava.zerodep.shaded.org.apache.hc.client5.http.wire - http-outgoing-3 << "[\r][\n]"
21:52:06.830 [docker-java-stream--2064336329] DEBUG com.github.dockerjava.api.command.PullImageResultCallback - ResponseItem(stream=null, status=Downloading, progressDetail=ResponseItem.ProgressDetail(current=25168192, total=108571409, start=null), progress=[===========>                                       ]  25.17MB/108.6MB, id=a35465a6a76a, from=null, time=null, errorDetail=null, error=null, aux=null)
21:52:10.321 [docker-java-stream--2064336329] DEBUG com.github.dockerjava.zerodep.shaded.org.apache.hc.client5.http.wire - http-outgoing-3 << "bf[\r][\n]"
21:52:10.321 [docker-java-stream--2064336329] DEBUG com.github.dockerjava.zerodep.shaded.org.apache.hc.client5.http.wire - http-outgoing-3 << "{"status":"Downloading","progressDetail":{"current":28371264,"total":108571409},"progress":"[=============\u003e                                     ]  28.37MB/108.6MB","id":"a35465a6a76a"}[\r][\n]"
21:52:10.321 [docker-java-stream--2064336329] DEBUG com.github.dockerjava.zerodep.shaded.org.apache.hc.client5.http.wire - http-outgoing-3 << "[\r][\n]"
21:52:10.321 [docker-java-stream--2064336329] DEBUG com.github.dockerjava.api.command.PullImageResultCallback - ResponseItem(stream=null, status=Downloading, progressDetail=ResponseItem.ProgressDetail(current=28371264, total=108571409, start=null), progress=[=============>                                     ]  28.37MB/108.6MB, id=a35465a6a76a, from=null, time=null, errorDetail=null, error=null, aux=null)
21:52:11.934 [docker-java-stream--2064336329] DEBUG com.github.dockerjava.zerodep.shaded.org.apache.hc.client5.http.wire - http-outgoing-3 << "bd[\r][\n]"
21:52:11.934 [docker-java-stream--2064336329] DEBUG com.github.dockerjava.zerodep.shaded.org.apache.hc.client5.http.wire - http-outgoing-3 << "{"status":"Extracting","progressDetail":{"current":15925248,"total":29125963},"progress":"[===========================\u003e                       ]  15.93MB/29.13MB","id":"af107e978371"}[\r][\n]"
21:52:11.934 [docker-java-stream--2064336329] DEBUG com.github.dockerjava.zerodep.shaded.org.apache.hc.client5.http.wire - http-outgoing-3 << "[\r][\n]"
21:52:11.935 [docker-java-stream--2064336329] DEBUG com.github.dockerjava.api.command.PullImageResultCallback - ResponseItem(stream=null, status=Extracting, progressDetail=ResponseItem.ProgressDetail(current=15925248, total=29125963, start=null), progress=[===========================>                       ]  15.93MB/29.13MB, id=af107e978371, from=null, time=null, errorDetail=null, error=null, aux=null)
21:52:27.312 [docker-java-stream--2064336329] DEBUG com.github.dockerjava.zerodep.shaded.org.apache.hc.client5.http.wire - http-outgoing-3 << "17c[\r][\n]"
21:52:27.313 [docker-java-stream--2064336329] DEBUG com.github.dockerjava.zerodep.shaded.org.apache.hc.client5.http.wire - http-outgoing-3 << "{"status":"Downloading","progressDetail":{"current":28907840,"total":108571409},"progress":"[=============\u003e                                     ]  28.91MB/108.6MB","id":"a35465a6a76a"}[\r][\n]"
21:52:27.313 [docker-java-stream--2064336329] DEBUG com.github.dockerjava.zerodep.shaded.org.apache.hc.client5.http.wire - http-outgoing-3 << "{"status":"Extracting","progressDetail":{"current":16220160,"total":29125963},"progress":"[===========================\u003e                       ]  16.22MB/29.13MB","id":"af107e978371"}[\r][\n]"
21:52:27.313 [docker-java-stream--2064336329] DEBUG com.github.dockerjava.zerodep.shaded.org.apache.hc.client5.http.wire - http-outgoing-3 << "[\r][\n]"
21:52:27.313 [docker-java-stream--2064336329] DEBUG com.github.dockerjava.api.command.PullImageResultCallback - ResponseItem(stream=null, status=Downloading, progressDetail=ResponseItem.ProgressDetail(current=28907840, total=108571409, start=null), progress=[=============>                                     ]  28.91MB/108.6MB, id=a35465a6a76a, from=null, time=null, errorDetail=null, error=null, aux=null)
21:52:27.313 [docker-java-stream--2064336329] DEBUG com.github.dockerjava.api.command.PullImageResultCallback - ResponseItem(stream=null, status=Extracting, progressDetail=ResponseItem.ProgressDetail(current=16220160, total=29125963, start=null), progress=[===========================>                       ]  16.22MB/29.13MB, id=af107e978371, from=null, time=null, errorDetail=null, error=null, aux=null)
21:52:27.853 [docker-java-stream--2064336329] DEBUG com.github.dockerjava.zerodep.shaded.org.apache.hc.client5.http.wire - http-outgoing-3 << "bf[\r][\n]"
21:52:28.358 [docker-java-stream--2064336329] DEBUG com.github.dockerjava.zerodep.shaded.org.apache.hc.client5.http.wire - http-outgoing-3 << "{"status":"Downloading","progressDetail":{"current":31054144,"total":108571409},"progress":"[==============\u003e                                    ]  31.05MB/108.6MB","id":"a35465a6a76a"}[\r][\n]"
21:52:28.358 [docker-java-stream--2064336329] DEBUG com.github.dockerjava.zerodep.shaded.org.apache.hc.client5.http.wire - http-outgoing-3 << "[\r][\n]"
21:52:28.358 [docker-java-stream--2064336329] DEBUG com.github.dockerjava.api.command.PullImageResultCallback - ResponseItem(stream=null, status=Downloading, progressDetail=ResponseItem.ProgressDetail(current=31054144, total=108571409, start=null), progress=[==============>                                    ]  31.05MB/108.6MB, id=a35465a6a76a, from=null, time=null, errorDetail=null, error=null, aux=null)
21:52:28.958 [docker-java-stream--2064336329] DEBUG com.github.dockerjava.zerodep.shaded.org.apache.hc.client5.http.wire - http-outgoing-3 << "bd[\r][\n]"
21:52:28.959 [docker-java-stream--2064336329] DEBUG com.github.dockerjava.zerodep.shaded.org.apache.hc.client5.http.wire - http-outgoing-3 << "{"status":"Extracting","progressDetail":{"current":16515072,"total":29125963},"progress":"[============================\u003e                      ]  16.52MB/29.13MB","id":"af107e978371"}[\r][\n]"
21:52:28.959 [docker-java-stream--2064336329] DEBUG com.github.dockerjava.zerodep.shaded.org.apache.hc.client5.http.wire - http-outgoing-3 << "[\r][\n]"
21:52:28.959 [docker-java-stream--2064336329] DEBUG com.github.dockerjava.api.command.PullImageResultCallback - ResponseItem(stream=null, status=Extracting, progressDetail=ResponseItem.ProgressDetail(current=16515072, total=29125963, start=null), progress=[============================>                      ]  16.52MB/29.13MB, id=af107e978371, from=null, time=null, errorDetail=null, error=null, aux=null)
21:52:30.255 [docker-java-stream--2064336329] DEBUG com.github.dockerjava.zerodep.shaded.org.apache.hc.client5.http.wire - http-outgoing-3 << "bd[\r][\n]"
21:52:30.255 [docker-java-stream--2064336329] DEBUG com.github.dockerjava.zerodep.shaded.org.apache.hc.client5.http.wire - http-outgoing-3 << "{"status":"Extracting","progressDetail":{"current":16809984,"total":29125963},"progress":"[============================\u003e                      ]  16.81MB/29.13MB","id":"af107e978371"}[\r][\n]"
21:52:30.255 [docker-java-stream--2064336329] DEBUG com.github.dockerjava.zerodep.shaded.org.apache.hc.client5.http.wire - http-outgoing-3 << "[\r][\n]"
21:52:30.314 [docker-java-stream--2064336329] DEBUG com.github.dockerjava.api.command.PullImageResultCallback - ResponseItem(stream=null, status=Extracting, progressDetail=ResponseItem.ProgressDetail(current=16809984, total=29125963, start=null), progress=[============================>                      ]  16.81MB/29.13MB, id=af107e978371, from=null, time=null, errorDetail=null, error=null, aux=null)
21:52:30.838 [docker-java-stream--2064336329] DEBUG com.github.dockerjava.zerodep.shaded.org.apache.hc.client5.http.wire - http-outgoing-3 << "bd[\r][\n]"
21:52:30.838 [docker-java-stream--2064336329] DEBUG com.github.dockerjava.zerodep.shaded.org.apache.hc.client5.http.wire - http-outgoing-3 << "{"status":"Extracting","progressDetail":{"current":17694720,"total":29125963},"progress":"[==============================\u003e                    ]  17.69MB/29.13MB","id":"af107e978371"}[\r][\n]"
21:52:30.838 [docker-java-stream--2064336329] DEBUG com.github.dockerjava.zerodep.shaded.org.apache.hc.client5.http.wire - http-outgoing-3 << "[\r][\n]"
21:52:30.856 [docker-java-stream--2064336329] DEBUG com.github.dockerjava.api.command.PullImageResultCallback - ResponseItem(stream=null, status=Extracting, progressDetail=ResponseItem.ProgressDetail(current=17694720, total=29125963, start=null), progress=[==============================>                    ]  17.69MB/29.13MB, id=af107e978371, from=null, time=null, errorDetail=null, error=null, aux=null)
21:52:32.033 [docker-java-stream--2064336329] DEBUG com.github.dockerjava.zerodep.shaded.org.apache.hc.client5.http.wire - http-outgoing-3 << "bf[\r][\n]"
21:52:32.033 [docker-java-stream--2064336329] DEBUG com.github.dockerjava.zerodep.shaded.org.apache.hc.client5.http.wire - http-outgoing-3 << "{"status":"Downloading","progressDetail":{"current":31594816,"total":108571409},"progress":"[==============\u003e                                    ]  31.59MB/108.6MB","id":"a35465a6a76a"}[\r][\n]"
21:52:32.033 [docker-java-stream--2064336329] DEBUG com.github.dockerjava.zerodep.shaded.org.apache.hc.client5.http.wire - http-outgoing-3 << "[\r][\n]"
21:52:32.034 [docker-java-stream--2064336329] DEBUG com.github.dockerjava.api.command.PullImageResultCallback - ResponseItem(stream=null, status=Downloading, progressDetail=ResponseItem.ProgressDetail(current=31594816, total=108571409, start=null), progress=[==============>                                    ]  31.59MB/108.6MB, id=a35465a6a76a, from=null, time=null, errorDetail=null, error=null, aux=null)
21:52:32.904 [docker-java-stream--2064336329] DEBUG com.github.dockerjava.zerodep.shaded.org.apache.hc.client5.http.wire - http-outgoing-3 << "bd[\r][\n]"
21:52:32.904 [docker-java-stream--2064336329] DEBUG com.github.dockerjava.zerodep.shaded.org.apache.hc.client5.http.wire - http-outgoing-3 << "{"status":"Extracting","progressDetail":{"current":17989632,"total":29125963},"progress":"[==============================\u003e                    ]  17.99MB/29.13MB","id":"af107e978371"}[\r][\n]"
21:52:32.904 [docker-java-stream--2064336329] DEBUG com.github.dockerjava.zerodep.shaded.org.apache.hc.client5.http.wire - http-outgoing-3 << "[\r][\n]"
21:52:32.905 [docker-java-stream--2064336329] DEBUG com.github.dockerjava.api.command.PullImageResultCallback - ResponseItem(stream=null, status=Extracting, progressDetail=ResponseItem.ProgressDetail(current=17989632, total=29125963, start=null), progress=[==============================>                    ]  17.99MB/29.13MB, id=af107e978371, from=null, time=null, errorDetail=null, error=null, aux=null)
21:52:33.565 [docker-java-stream--2064336329] DEBUG com.github.dockerjava.zerodep.shaded.org.apache.hc.client5.http.wire - http-outgoing-3 << "bf[\r][\n]"
21:52:33.565 [docker-java-stream--2064336329] DEBUG com.github.dockerjava.zerodep.shaded.org.apache.hc.client5.http.wire - http-outgoing-3 << "{"status":"Downloading","progressDetail":{"current":32135488,"total":108571409},"progress":"[==============\u003e                                    ]  32.14MB/108.6MB","id":"a35465a6a76a"}[\r][\n]"
21:52:33.565 [docker-java-stream--2064336329] DEBUG com.github.dockerjava.zerodep.shaded.org.apache.hc.client5.http.wire - http-outgoing-3 << "[\r][\n]"
21:52:33.565 [docker-java-stream--2064336329] DEBUG com.github.dockerjava.api.command.PullImageResultCallback - ResponseItem(stream=null, status=Downloading, progressDetail=ResponseItem.ProgressDetail(current=32135488, total=108571409, start=null), progress=[==============>                                    ]  32.14MB/108.6MB, id=a35465a6a76a, from=null, time=null, errorDetail=null, error=null, aux=null)
21:52:33.969 [docker-java-stream--2064336329] DEBUG com.github.dockerjava.zerodep.shaded.org.apache.hc.client5.http.wire - http-outgoing-3 << "bd[\r][\n]"
21:52:33.969 [docker-java-stream--2064336329] DEBUG com.github.dockerjava.zerodep.shaded.org.apache.hc.client5.http.wire - http-outgoing-3 << "{"status":"Extracting","progressDetail":{"current":18284544,"total":29125963},"progress":"[===============================\u003e                   ]  18.28MB/29.13MB","id":"af107e978371"}[\r][\n]"
21:52:33.969 [docker-java-stream--2064336329] DEBUG com.github.dockerjava.zerodep.shaded.org.apache.hc.client5.http.wire - http-outgoing-3 << "[\r][\n]"
21:52:33.969 [docker-java-stream--2064336329] DEBUG com.github.dockerjava.api.command.PullImageResultCallback - ResponseItem(stream=null, status=Extracting, progressDetail=ResponseItem.ProgressDetail(current=18284544, total=29125963, start=null), progress=[===============================>                   ]  18.28MB/29.13MB, id=af107e978371, from=null, time=null, errorDetail=null, error=null, aux=null)
21:52:38.434 [docker-java-stream--2064336329] DEBUG com.github.dockerjava.zerodep.shaded.org.apache.hc.client5.http.wire - http-outgoing-3 << "bf[\r][\n]"
21:52:38.434 [docker-java-stream--2064336329] DEBUG com.github.dockerjava.zerodep.shaded.org.apache.hc.client5.http.wire - http-outgoing-3 << "{"status":"Downloading","progressDetail":{"current":32672064,"total":108571409},"progress":"[===============\u003e                                   ]  32.67MB/108.6MB","id":"a35465a6a76a"}[\r][\n]"
21:52:38.434 [docker-java-stream--2064336329] DEBUG com.github.dockerjava.zerodep.shaded.org.apache.hc.client5.http.wire - http-outgoing-3 << "[\r][\n]"
21:52:38.435 [docker-java-stream--2064336329] DEBUG com.github.dockerjava.api.command.PullImageResultCallback - ResponseItem(stream=null, status=Downloading, progressDetail=ResponseItem.ProgressDetail(current=32672064, total=108571409, start=null), progress=[===============>                                   ]  32.67MB/108.6MB, id=a35465a6a76a, from=null, time=null, errorDetail=null, error=null, aux=null)
21:52:39.967 [docker-java-stream--2064336329] DEBUG com.github.dockerjava.zerodep.shaded.org.apache.hc.client5.http.wire - http-outgoing-3 << "bd[\r][\n]"
21:52:39.967 [docker-java-stream--2064336329] DEBUG com.github.dockerjava.zerodep.shaded.org.apache.hc.client5.http.wire - http-outgoing-3 << "{"status":"Extracting","progressDetail":{"current":18579456,"total":29125963},"progress":"[===============================\u003e                   ]  18.58MB/29.13MB","id":"af107e978371"}[\r][\n]"
21:52:39.967 [docker-java-stream--2064336329] DEBUG com.github.dockerjava.zerodep.shaded.org.apache.hc.client5.http.wire - http-outgoing-3 << "[\r][\n]"
21:52:39.967 [docker-java-stream--2064336329] DEBUG com.github.dockerjava.api.command.PullImageResultCallback - ResponseItem(stream=null, status=Extracting, progressDetail=ResponseItem.ProgressDetail(current=18579456, total=29125963, start=null), progress=[===============================>                   ]  18.58MB/29.13MB, id=af107e978371, from=null, time=null, errorDetail=null, error=null, aux=null)
21:52:41.353 [docker-java-stream--2064336329] DEBUG com.github.dockerjava.zerodep.shaded.org.apache.hc.client5.http.wire - http-outgoing-3 << "bd[\r][\n]"
21:52:41.353 [docker-java-stream--2064336329] DEBUG com.github.dockerjava.zerodep.shaded.org.apache.hc.client5.http.wire - http-outgoing-3 << "{"status":"Extracting","progressDetail":{"current":18874368,"total":29125963},"progress":"[================================\u003e                  ]  18.87MB/29.13MB","id":"af107e978371"}[\r][\n]"
21:52:41.353 [docker-java-stream--2064336329] DEBUG com.github.dockerjava.zerodep.shaded.org.apache.hc.client5.http.wire - http-outgoing-3 << "[\r][\n]"
21:52:41.353 [docker-java-stream--2064336329] DEBUG com.github.dockerjava.api.command.PullImageResultCallback - ResponseItem(stream=null, status=Extracting, progressDetail=ResponseItem.ProgressDetail(current=18874368, total=29125963, start=null), progress=[================================>                  ]  18.87MB/29.13MB, id=af107e978371, from=null, time=null, errorDetail=null, error=null, aux=null)
21:52:41.625 [docker-java-stream--2064336329] DEBUG com.github.dockerjava.zerodep.shaded.org.apache.hc.client5.http.wire - http-outgoing-3 << "bd[\r][\n]"
21:52:41.625 [docker-java-stream--2064336329] DEBUG com.github.dockerjava.zerodep.shaded.org.apache.hc.client5.http.wire - http-outgoing-3 << "{"status":"Extracting","progressDetail":{"current":19169280,"total":29125963},"progress":"[================================\u003e                  ]  19.17MB/29.13MB","id":"af107e978371"}[\r][\n]"
21:52:41.625 [docker-java-stream--2064336329] DEBUG com.github.dockerjava.zerodep.shaded.org.apache.hc.client5.http.wire - http-outgoing-3 << "[\r][\n]"
21:52:41.625 [docker-java-stream--2064336329] DEBUG com.github.dockerjava.api.command.PullImageResultCallback - ResponseItem(stream=null, status=Extracting, progressDetail=ResponseItem.ProgressDetail(current=19169280, total=29125963, start=null), progress=[================================>                  ]  19.17MB/29.13MB, id=af107e978371, from=null, time=null, errorDetail=null, error=null, aux=null)
21:52:44.219 [docker-java-stream--2064336329] DEBUG com.github.dockerjava.zerodep.shaded.org.apache.hc.client5.http.wire - http-outgoing-3 << "bf[\r][\n]"
21:52:44.219 [docker-java-stream--2064336329] DEBUG com.github.dockerjava.zerodep.shaded.org.apache.hc.client5.http.wire - http-outgoing-3 << "{"status":"Downloading","progressDetail":{"current":33204544,"total":108571409},"progress":"[===============\u003e                                   ]   33.2MB/108.6MB","id":"a35465a6a76a"}[\r][\n]"
21:52:44.219 [docker-java-stream--2064336329] DEBUG com.github.dockerjava.zerodep.shaded.org.apache.hc.client5.http.wire - http-outgoing-3 << "[\r][\n]"
21:52:44.219 [docker-java-stream--2064336329] DEBUG com.github.dockerjava.api.command.PullImageResultCallback - ResponseItem(stream=null, status=Downloading, progressDetail=ResponseItem.ProgressDetail(current=33204544, total=108571409, start=null), progress=[===============>                                   ]   33.2MB/108.6MB, id=a35465a6a76a, from=null, time=null, errorDetail=null, error=null, aux=null)
21:52:47.535 [docker-java-stream--2064336329] DEBUG com.github.dockerjava.zerodep.shaded.org.apache.hc.client5.http.wire - http-outgoing-3 << "bd[\r][\n]"
21:52:47.535 [docker-java-stream--2064336329] DEBUG com.github.dockerjava.zerodep.shaded.org.apache.hc.client5.http.wire - http-outgoing-3 << "{"status":"Extracting","progressDetail":{"current":20054016,"total":29125963},"progress":"[==================================\u003e                ]  20.05MB/29.13MB","id":"af107e978371"}[\r][\n]"
21:52:47.535 [docker-java-stream--2064336329] DEBUG com.github.dockerjava.zerodep.shaded.org.apache.hc.client5.http.wire - http-outgoing-3 << "[\r][\n]"
21:52:47.643 [docker-java-stream--2064336329] DEBUG com.github.dockerjava.api.command.PullImageResultCallback - ResponseItem(stream=null, status=Extracting, progressDetail=ResponseItem.ProgressDetail(current=20054016, total=29125963, start=null), progress=[==================================>                ]  20.05MB/29.13MB, id=af107e978371, from=null, time=null, errorDetail=null, error=null, aux=null)
21:52:49.817 [docker-java-stream--2064336329] DEBUG com.github.dockerjava.zerodep.shaded.org.apache.hc.client5.http.wire - http-outgoing-3 << "bf[\r][\n]"
21:52:49.817 [docker-java-stream--2064336329] DEBUG com.github.dockerjava.zerodep.shaded.org.apache.hc.client5.http.wire - http-outgoing-3 << "{"status":"Downloading","progressDetail":{"current":33745216,"total":108571409},"progress":"[===============\u003e                                   ]  33.75MB/108.6MB","id":"a35465a6a76a"}[\r][\n]"
21:52:49.817 [docker-java-stream--2064336329] DEBUG com.github.dockerjava.zerodep.shaded.org.apache.hc.client5.http.wire - http-outgoing-3 << "[\r][\n]"
21:52:49.817 [docker-java-stream--2064336329] DEBUG com.github.dockerjava.api.command.PullImageResultCallback - ResponseItem(stream=null, status=Downloading, progressDetail=ResponseItem.ProgressDetail(current=33745216, total=108571409, start=null), progress=[===============>                                   ]  33.75MB/108.6MB, id=a35465a6a76a, from=null, time=null, errorDetail=null, error=null, aux=null)
21:52:50.314 [docker-java-stream--2064336329] DEBUG com.github.dockerjava.zerodep.shaded.org.apache.hc.client5.http.wire - http-outgoing-3 << "bd[\r][\n]"
21:52:50.314 [docker-java-stream--2064336329] DEBUG com.github.dockerjava.zerodep.shaded.org.apache.hc.client5.http.wire - http-outgoing-3 << "{"status":"Extracting","progressDetail":{"current":20348928,"total":29125963},"progress":"[==================================\u003e                ]  20.35MB/29.13MB","id":"af107e978371"}[\r][\n]"
21:52:50.314 [docker-java-stream--2064336329] DEBUG com.github.dockerjava.zerodep.shaded.org.apache.hc.client5.http.wire - http-outgoing-3 << "[\r][\n]"
21:52:50.314 [docker-java-stream--2064336329] DEBUG com.github.dockerjava.api.command.PullImageResultCallback - ResponseItem(stream=null, status=Extracting, progressDetail=ResponseItem.ProgressDetail(current=20348928, total=29125963, start=null), progress=[==================================>                ]  20.35MB/29.13MB, id=af107e978371, from=null, time=null, errorDetail=null, error=null, aux=null)
21:52:50.319 [docker-java-stream--2064336329] DEBUG com.github.dockerjava.zerodep.shaded.org.apache.hc.client5.http.wire - http-outgoing-3 << "bf[\r][\n]"
21:52:50.319 [docker-java-stream--2064336329] DEBUG com.github.dockerjava.zerodep.shaded.org.apache.hc.client5.http.wire - http-outgoing-3 << "{"status":"Downloading","progressDetail":{"current":34818368,"total":108571409},"progress":"[================\u003e                                  ]  34.82MB/108.6MB","id":"a35465a6a76a"}[\r][\n]"
21:52:50.319 [docker-java-stream--2064336329] DEBUG com.github.dockerjava.zerodep.shaded.org.apache.hc.client5.http.wire - http-outgoing-3 << "[\r][\n]"
21:52:50.319 [docker-java-stream--2064336329] DEBUG com.github.dockerjava.api.command.PullImageResultCallback - ResponseItem(stream=null, status=Downloading, progressDetail=ResponseItem.ProgressDetail(current=34818368, total=108571409, start=null), progress=[================>                                  ]  34.82MB/108.6MB, id=a35465a6a76a, from=null, time=null, errorDetail=null, error=null, aux=null)
21:52:53.514 [docker-java-stream--2064336329] DEBUG com.github.dockerjava.zerodep.shaded.org.apache.hc.client5.http.wire - http-outgoing-3 << "17e[\r][\n]"
21:52:53.514 [docker-java-stream--2064336329] DEBUG com.github.dockerjava.zerodep.shaded.org.apache.hc.client5.http.wire - http-outgoing-3 << "{"status":"Downloading","progressDetail":{"current":35354944,"total":108571409},"progress":"[================\u003e                                  ]  35.35MB/108.6MB","id":"a35465a6a76a"}[\r][\n]"
21:52:53.514 [docker-java-stream--2064336329] DEBUG com.github.dockerjava.zerodep.shaded.org.apache.hc.client5.http.wire - http-outgoing-3 << "{"status":"Downloading","progressDetail":{"current":35895616,"total":108571409},"progress":"[================\u003e                                  ]   35.9MB/108.6MB","id":"a35465a6a76a"}[\r][\n]"
21:52:53.514 [docker-java-stream--2064336329] DEBUG com.github.dockerjava.zerodep.shaded.org.apache.hc.client5.http.wire - http-outgoing-3 << "[\r][\n]"
21:52:53.514 [docker-java-stream--2064336329] DEBUG com.github.dockerjava.api.command.PullImageResultCallback - ResponseItem(stream=null, status=Downloading, progressDetail=ResponseItem.ProgressDetail(current=35354944, total=108571409, start=null), progress=[================>                                  ]  35.35MB/108.6MB, id=a35465a6a76a, from=null, time=null, errorDetail=null, error=null, aux=null)
21:52:53.514 [docker-java-stream--2064336329] DEBUG com.github.dockerjava.api.command.PullImageResultCallback - ResponseItem(stream=null, status=Downloading, progressDetail=ResponseItem.ProgressDetail(current=35895616, total=108571409, start=null), progress=[================>                                  ]   35.9MB/108.6MB, id=a35465a6a76a, from=null, time=null, errorDetail=null, error=null, aux=null)
21:52:53.731 [docker-java-stream--2064336329] DEBUG com.github.dockerjava.zerodep.shaded.org.apache.hc.client5.http.wire - http-outgoing-3 << "bf[\r][\n]"
21:52:53.731 [docker-java-stream--2064336329] DEBUG com.github.dockerjava.zerodep.shaded.org.apache.hc.client5.http.wire - http-outgoing-3 << "{"status":"Downloading","progressDetail":{"current":39123264,"total":108571409},"progress":"[==================\u003e                                ]  39.12MB/108.6MB","id":"a35465a6a76a"}[\r][\n]"
21:52:53.731 [docker-java-stream--2064336329] DEBUG com.github.dockerjava.zerodep.shaded.org.apache.hc.client5.http.wire - http-outgoing-3 << "[\r][\n]"
21:52:53.731 [docker-java-stream--2064336329] DEBUG com.github.dockerjava.api.command.PullImageResultCallback - ResponseItem(stream=null, status=Downloading, progressDetail=ResponseItem.ProgressDetail(current=39123264, total=108571409, start=null), progress=[==================>                                ]  39.12MB/108.6MB, id=a35465a6a76a, from=null, time=null, errorDetail=null, error=null, aux=null)
21:52:57.596 [docker-java-stream--2064336329] DEBUG com.github.dockerjava.zerodep.shaded.org.apache.hc.client5.http.wire - http-outgoing-3 << "bd[\r][\n]"
21:52:57.597 [docker-java-stream--2064336329] DEBUG com.github.dockerjava.zerodep.shaded.org.apache.hc.client5.http.wire - http-outgoing-3 << "{"status":"Extracting","progressDetail":{"current":20643840,"total":29125963},"progress":"[===================================\u003e               ]  20.64MB/29.13MB","id":"af107e978371"}[\r][\n]"
21:52:57.597 [docker-java-stream--2064336329] DEBUG com.github.dockerjava.zerodep.shaded.org.apache.hc.client5.http.wire - http-outgoing-3 << "[\r][\n]"
21:52:57.597 [docker-java-stream--2064336329] DEBUG com.github.dockerjava.api.command.PullImageResultCallback - ResponseItem(stream=null, status=Extracting, progressDetail=ResponseItem.ProgressDetail(current=20643840, total=29125963, start=null), progress=[===================================>               ]  20.64MB/29.13MB, id=af107e978371, from=null, time=null, errorDetail=null, error=null, aux=null)
21:52:57.755 [docker-java-stream--2064336329] DEBUG com.github.dockerjava.zerodep.shaded.org.apache.hc.client5.http.wire - http-outgoing-3 << "bf[\r][\n]"
21:52:57.755 [docker-java-stream--2064336329] DEBUG com.github.dockerjava.zerodep.shaded.org.apache.hc.client5.http.wire - http-outgoing-3 << "{"status":"Downloading","progressDetail":{"current":39663936,"total":108571409},"progress":"[==================\u003e                                ]  39.66MB/108.6MB","id":"a35465a6a76a"}[\r][\n]"
21:52:57.755 [docker-java-stream--2064336329] DEBUG com.github.dockerjava.zerodep.shaded.org.apache.hc.client5.http.wire - http-outgoing-3 << "[\r][\n]"
21:52:57.755 [docker-java-stream--2064336329] DEBUG com.github.dockerjava.api.command.PullImageResultCallback - ResponseItem(stream=null, status=Downloading, progressDetail=ResponseItem.ProgressDetail(current=39663936, total=108571409, start=null), progress=[==================>                                ]  39.66MB/108.6MB, id=a35465a6a76a, from=null, time=null, errorDetail=null, error=null, aux=null)
21:52:59.132 [docker-java-stream--2064336329] DEBUG com.github.dockerjava.zerodep.shaded.org.apache.hc.client5.http.wire - http-outgoing-3 << "bd[\r][\n]"
21:52:59.132 [docker-java-stream--2064336329] DEBUG com.github.dockerjava.zerodep.shaded.org.apache.hc.client5.http.wire - http-outgoing-3 << "{"status":"Extracting","progressDetail":{"current":20938752,"total":29125963},"progress":"[===================================\u003e               ]  20.94MB/29.13MB","id":"af107e978371"}[\r][\n]"
21:52:59.132 [docker-java-stream--2064336329] DEBUG com.github.dockerjava.zerodep.shaded.org.apache.hc.client5.http.wire - http-outgoing-3 << "[\r][\n]"
21:52:59.132 [docker-java-stream--2064336329] DEBUG com.github.dockerjava.api.command.PullImageResultCallback - ResponseItem(stream=null, status=Extracting, progressDetail=ResponseItem.ProgressDetail(current=20938752, total=29125963, start=null), progress=[===================================>               ]  20.94MB/29.13MB, id=af107e978371, from=null, time=null, errorDetail=null, error=null, aux=null)
21:53:05.686 [docker-java-stream--2064336329] DEBUG com.github.dockerjava.zerodep.shaded.org.apache.hc.client5.http.wire - http-outgoing-3 << "17c[\r][\n]"
21:53:05.686 [docker-java-stream--2064336329] DEBUG com.github.dockerjava.zerodep.shaded.org.apache.hc.client5.http.wire - http-outgoing-3 << "{"status":"Downloading","progressDetail":{"current":40192320,"total":108571409},"progress":"[==================\u003e                                ]  40.19MB/108.6MB","id":"a35465a6a76a"}[\r][\n]"
21:53:05.686 [docker-java-stream--2064336329] DEBUG com.github.dockerjava.zerodep.shaded.org.apache.hc.client5.http.wire - http-outgoing-3 << "{"status":"Extracting","progressDetail":{"current":21233664,"total":29125963},"progress":"[====================================\u003e              ]  21.23MB/29.13MB","id":"af107e978371"}[\r][\n]"
21:53:05.686 [docker-java-stream--2064336329] DEBUG com.github.dockerjava.zerodep.shaded.org.apache.hc.client5.http.wire - http-outgoing-3 << "[\r][\n]"
21:53:05.686 [docker-java-stream--2064336329] DEBUG com.github.dockerjava.api.command.PullImageResultCallback - ResponseItem(stream=null, status=Downloading, progressDetail=ResponseItem.ProgressDetail(current=40192320, total=108571409, start=null), progress=[==================>                                ]  40.19MB/108.6MB, id=a35465a6a76a, from=null, time=null, errorDetail=null, error=null, aux=null)
21:53:05.686 [docker-java-stream--2064336329] DEBUG com.github.dockerjava.api.command.PullImageResultCallback - ResponseItem(stream=null, status=Extracting, progressDetail=ResponseItem.ProgressDetail(current=21233664, total=29125963, start=null), progress=[====================================>              ]  21.23MB/29.13MB, id=af107e978371, from=null, time=null, errorDetail=null, error=null, aux=null)
21:53:10.723 [docker-java-stream--2064336329] DEBUG com.github.dockerjava.zerodep.shaded.org.apache.hc.client5.http.wire - http-outgoing-3 << "bf[\r][\n]"
21:53:10.723 [docker-java-stream--2064336329] DEBUG com.github.dockerjava.zerodep.shaded.org.apache.hc.client5.http.wire - http-outgoing-3 << "{"status":"Downloading","progressDetail":{"current":42883392,"total":108571409},"progress":"[===================\u003e                               ]  42.88MB/108.6MB","id":"a35465a6a76a"}[\r][\n]"
21:53:10.723 [docker-java-stream--2064336329] DEBUG com.github.dockerjava.zerodep.shaded.org.apache.hc.client5.http.wire - http-outgoing-3 << "[\r][\n]"
21:53:10.724 [docker-java-stream--2064336329] DEBUG com.github.dockerjava.api.command.PullImageResultCallback - ResponseItem(stream=null, status=Downloading, progressDetail=ResponseItem.ProgressDetail(current=42883392, total=108571409, start=null), progress=[===================>                               ]  42.88MB/108.6MB, id=a35465a6a76a, from=null, time=null, errorDetail=null, error=null, aux=null)
21:53:11.248 [docker-java-stream--2064336329] DEBUG com.github.dockerjava.zerodep.shaded.org.apache.hc.client5.http.wire - http-outgoing-3 << "bd[\r][\n]"
21:53:11.248 [docker-java-stream--2064336329] DEBUG com.github.dockerjava.zerodep.shaded.org.apache.hc.client5.http.wire - http-outgoing-3 << "{"status":"Extracting","progressDetail":{"current":21528576,"total":29125963},"progress":"[====================================\u003e              ]  21.53MB/29.13MB","id":"af107e978371"}[\r][\n]"
21:53:11.248 [docker-java-stream--2064336329] DEBUG com.github.dockerjava.zerodep.shaded.org.apache.hc.client5.http.wire - http-outgoing-3 << "[\r][\n]"
21:53:11.248 [docker-java-stream--2064336329] DEBUG com.github.dockerjava.api.command.PullImageResultCallback - ResponseItem(stream=null, status=Extracting, progressDetail=ResponseItem.ProgressDetail(current=21528576, total=29125963, start=null), progress=[====================================>              ]  21.53MB/29.13MB, id=af107e978371, from=null, time=null, errorDetail=null, error=null, aux=null)
21:53:11.425 [docker-java-stream--2064336329] DEBUG com.github.dockerjava.zerodep.shaded.org.apache.hc.client5.http.wire - http-outgoing-3 << "bf[\r][\n]"
21:53:11.425 [docker-java-stream--2064336329] DEBUG com.github.dockerjava.zerodep.shaded.org.apache.hc.client5.http.wire - http-outgoing-3 << "{"status":"Downloading","progressDetail":{"current":43424064,"total":108571409},"progress":"[===================\u003e                               ]  43.42MB/108.6MB","id":"a35465a6a76a"}[\r][\n]"
21:53:11.425 [docker-java-stream--2064336329] DEBUG com.github.dockerjava.zerodep.shaded.org.apache.hc.client5.http.wire - http-outgoing-3 << "[\r][\n]"
21:53:11.425 [docker-java-stream--2064336329] DEBUG com.github.dockerjava.api.command.PullImageResultCallback - ResponseItem(stream=null, status=Downloading, progressDetail=ResponseItem.ProgressDetail(current=43424064, total=108571409, start=null), progress=[===================>                               ]  43.42MB/108.6MB, id=a35465a6a76a, from=null, time=null, errorDetail=null, error=null, aux=null)
21:53:13.563 [docker-java-stream--2064336329] DEBUG com.github.dockerjava.zerodep.shaded.org.apache.hc.client5.http.wire - http-outgoing-3 << "bf[\r][\n]"
21:53:13.563 [docker-java-stream--2064336329] DEBUG com.github.dockerjava.zerodep.shaded.org.apache.hc.client5.http.wire - http-outgoing-3 << "{"status":"Downloading","progressDetail":{"current":43952448,"total":108571409},"progress":"[====================\u003e                              ]  43.95MB/108.6MB","id":"a35465a6a76a"}[\r][\n]"
21:53:13.563 [docker-java-stream--2064336329] DEBUG com.github.dockerjava.zerodep.shaded.org.apache.hc.client5.http.wire - http-outgoing-3 << "[\r][\n]"
21:53:13.564 [docker-java-stream--2064336329] DEBUG com.github.dockerjava.api.command.PullImageResultCallback - ResponseItem(stream=null, status=Downloading, progressDetail=ResponseItem.ProgressDetail(current=43952448, total=108571409, start=null), progress=[====================>                              ]  43.95MB/108.6MB, id=a35465a6a76a, from=null, time=null, errorDetail=null, error=null, aux=null)
21:53:14.271 [docker-java-stream--2064336329] DEBUG com.github.dockerjava.zerodep.shaded.org.apache.hc.client5.http.wire - http-outgoing-3 << "bd[\r][\n]"
21:53:14.271 [docker-java-stream--2064336329] DEBUG com.github.dockerjava.zerodep.shaded.org.apache.hc.client5.http.wire - http-outgoing-3 << "{"status":"Extracting","progressDetail":{"current":23003136,"total":29125963},"progress":"[=======================================\u003e           ]     23MB/29.13MB","id":"af107e978371"}[\r][\n]"
21:53:14.271 [docker-java-stream--2064336329] DEBUG com.github.dockerjava.zerodep.shaded.org.apache.hc.client5.http.wire - http-outgoing-3 << "[\r][\n]"
21:53:14.271 [docker-java-stream--2064336329] DEBUG com.github.dockerjava.api.command.PullImageResultCallback - ResponseItem(stream=null, status=Extracting, progressDetail=ResponseItem.ProgressDetail(current=23003136, total=29125963, start=null), progress=[=======================================>           ]     23MB/29.13MB, id=af107e978371, from=null, time=null, errorDetail=null, error=null, aux=null)
21:53:15.742 [docker-java-stream--2064336329] DEBUG com.github.dockerjava.zerodep.shaded.org.apache.hc.client5.http.wire - http-outgoing-3 << "bf[\r][\n]"
21:53:15.742 [docker-java-stream--2064336329] DEBUG com.github.dockerjava.zerodep.shaded.org.apache.hc.client5.http.wire - http-outgoing-3 << "{"status":"Downloading","progressDetail":{"current":44493120,"total":108571409},"progress":"[====================\u003e                              ]  44.49MB/108.6MB","id":"a35465a6a76a"}[\r][\n]"
21:53:15.742 [docker-java-stream--2064336329] DEBUG com.github.dockerjava.zerodep.shaded.org.apache.hc.client5.http.wire - http-outgoing-3 << "[\r][\n]"
21:53:15.742 [docker-java-stream--2064336329] DEBUG com.github.dockerjava.api.command.PullImageResultCallback - ResponseItem(stream=null, status=Downloading, progressDetail=ResponseItem.ProgressDetail(current=44493120, total=108571409, start=null), progress=[====================>                              ]  44.49MB/108.6MB, id=a35465a6a76a, from=null, time=null, errorDetail=null, error=null, aux=null)
21:53:15.976 [docker-java-stream--2064336329] DEBUG com.github.dockerjava.zerodep.shaded.org.apache.hc.client5.http.wire - http-outgoing-3 << "bf[\r][\n]"
21:53:15.976 [docker-java-stream--2064336329] DEBUG com.github.dockerjava.zerodep.shaded.org.apache.hc.client5.http.wire - http-outgoing-3 << "{"status":"Downloading","progressDetail":{"current":48769344,"total":108571409},"progress":"[======================\u003e                            ]  48.77MB/108.6MB","id":"a35465a6a76a"}[\r][\n]"
21:53:15.976 [docker-java-stream--2064336329] DEBUG com.github.dockerjava.zerodep.shaded.org.apache.hc.client5.http.wire - http-outgoing-3 << "[\r][\n]"
21:53:15.976 [docker-java-stream--2064336329] DEBUG com.github.dockerjava.api.command.PullImageResultCallback - ResponseItem(stream=null, status=Downloading, progressDetail=ResponseItem.ProgressDetail(current=48769344, total=108571409, start=null), progress=[======================>                            ]  48.77MB/108.6MB, id=a35465a6a76a, from=null, time=null, errorDetail=null, error=null, aux=null)
21:53:16.668 [docker-java-stream--2064336329] DEBUG com.github.dockerjava.zerodep.shaded.org.apache.hc.client5.http.wire - http-outgoing-3 << "bf[\r][\n]"
21:53:16.668 [docker-java-stream--2064336329] DEBUG com.github.dockerjava.zerodep.shaded.org.apache.hc.client5.http.wire - http-outgoing-3 << "{"status":"Downloading","progressDetail":{"current":49305920,"total":108571409},"progress":"[======================\u003e                            ]  49.31MB/108.6MB","id":"a35465a6a76a"}[\r][\n]"
21:53:16.668 [docker-java-stream--2064336329] DEBUG com.github.dockerjava.zerodep.shaded.org.apache.hc.client5.http.wire - http-outgoing-3 << "[\r][\n]"
21:53:16.668 [docker-java-stream--2064336329] DEBUG com.github.dockerjava.api.command.PullImageResultCallback - ResponseItem(stream=null, status=Downloading, progressDetail=ResponseItem.ProgressDetail(current=49305920, total=108571409, start=null), progress=[======================>                            ]  49.31MB/108.6MB, id=a35465a6a76a, from=null, time=null, errorDetail=null, error=null, aux=null)
21:53:16.769 [docker-java-stream--2064336329] DEBUG com.github.dockerjava.zerodep.shaded.org.apache.hc.client5.http.wire - http-outgoing-3 << "bd[\r][\n]"
21:53:17.061 [docker-java-stream--2064336329] DEBUG com.github.dockerjava.zerodep.shaded.org.apache.hc.client5.http.wire - http-outgoing-3 << "{"status":"Extracting","progressDetail":{"current":23298048,"total":29125963},"progress":"[=======================================\u003e           ]   23.3MB/29.13MB","id":"af107e978371"}[\r][\n]"
21:53:17.061 [docker-java-stream--2064336329] DEBUG com.github.dockerjava.zerodep.shaded.org.apache.hc.client5.http.wire - http-outgoing-3 << "[\r][\n]"
21:53:17.061 [docker-java-stream--2064336329] DEBUG com.github.dockerjava.api.command.PullImageResultCallback - ResponseItem(stream=null, status=Extracting, progressDetail=ResponseItem.ProgressDetail(current=23298048, total=29125963, start=null), progress=[=======================================>           ]   23.3MB/29.13MB, id=af107e978371, from=null, time=null, errorDetail=null, error=null, aux=null)
21:53:17.304 [docker-java-stream--2064336329] DEBUG com.github.dockerjava.zerodep.shaded.org.apache.hc.client5.http.wire - http-outgoing-3 << "bf[\r][\n]"
21:53:17.304 [docker-java-stream--2064336329] DEBUG com.github.dockerjava.zerodep.shaded.org.apache.hc.client5.http.wire - http-outgoing-3 << "{"status":"Downloading","progressDetail":{"current":49846592,"total":108571409},"progress":"[======================\u003e                            ]  49.85MB/108.6MB","id":"a35465a6a76a"}[\r][\n]"
21:53:17.304 [docker-java-stream--2064336329] DEBUG com.github.dockerjava.zerodep.shaded.org.apache.hc.client5.http.wire - http-outgoing-3 << "[\r][\n]"
21:53:17.304 [docker-java-stream--2064336329] DEBUG com.github.dockerjava.api.command.PullImageResultCallback - ResponseItem(stream=null, status=Downloading, progressDetail=ResponseItem.ProgressDetail(current=49846592, total=108571409, start=null), progress=[======================>                            ]  49.85MB/108.6MB, id=a35465a6a76a, from=null, time=null, errorDetail=null, error=null, aux=null)
21:53:19.785 [docker-java-stream--2064336329] DEBUG com.github.dockerjava.zerodep.shaded.org.apache.hc.client5.http.wire - http-outgoing-3 << "bf[\r][\n]"
21:53:19.785 [docker-java-stream--2064336329] DEBUG com.github.dockerjava.zerodep.shaded.org.apache.hc.client5.http.wire - http-outgoing-3 << "{"status":"Downloading","progressDetail":{"current":50374976,"total":108571409},"progress":"[=======================\u003e                           ]  50.37MB/108.6MB","id":"a35465a6a76a"}[\r][\n]"
21:53:19.785 [docker-java-stream--2064336329] DEBUG com.github.dockerjava.zerodep.shaded.org.apache.hc.client5.http.wire - http-outgoing-3 << "[\r][\n]"
21:53:19.785 [docker-java-stream--2064336329] DEBUG com.github.dockerjava.api.command.PullImageResultCallback - ResponseItem(stream=null, status=Downloading, progressDetail=ResponseItem.ProgressDetail(current=50374976, total=108571409, start=null), progress=[=======================>                           ]  50.37MB/108.6MB, id=a35465a6a76a, from=null, time=null, errorDetail=null, error=null, aux=null)
21:53:21.509 [docker-java-stream--2064336329] DEBUG com.github.dockerjava.zerodep.shaded.org.apache.hc.client5.http.wire - http-outgoing-3 << "bd[\r][\n]"
21:53:21.509 [docker-java-stream--2064336329] DEBUG com.github.dockerjava.zerodep.shaded.org.apache.hc.client5.http.wire - http-outgoing-3 << "{"status":"Extracting","progressDetail":{"current":23887872,"total":29125963},"progress":"[=========================================\u003e         ]  23.89MB/29.13MB","id":"af107e978371"}[\r][\n]"
21:53:21.509 [docker-java-stream--2064336329] DEBUG com.github.dockerjava.zerodep.shaded.org.apache.hc.client5.http.wire - http-outgoing-3 << "[\r][\n]"
21:53:21.510 [docker-java-stream--2064336329] DEBUG com.github.dockerjava.api.command.PullImageResultCallback - ResponseItem(stream=null, status=Extracting, progressDetail=ResponseItem.ProgressDetail(current=23887872, total=29125963, start=null), progress=[=========================================>         ]  23.89MB/29.13MB, id=af107e978371, from=null, time=null, errorDetail=null, error=null, aux=null)
21:53:22.868 [docker-java-stream--2064336329] DEBUG com.github.dockerjava.zerodep.shaded.org.apache.hc.client5.http.wire - http-outgoing-3 << "bd[\r][\n]"
21:53:22.868 [docker-java-stream--2064336329] DEBUG com.github.dockerjava.zerodep.shaded.org.apache.hc.client5.http.wire - http-outgoing-3 << "{"status":"Extracting","progressDetail":{"current":24182784,"total":29125963},"progress":"[=========================================\u003e         ]  24.18MB/29.13MB","id":"af107e978371"}[\r][\n]"
21:53:22.868 [docker-java-stream--2064336329] DEBUG com.github.dockerjava.zerodep.shaded.org.apache.hc.client5.http.wire - http-outgoing-3 << "[\r][\n]"
21:53:22.868 [docker-java-stream--2064336329] DEBUG com.github.dockerjava.api.command.PullImageResultCallback - ResponseItem(stream=null, status=Extracting, progressDetail=ResponseItem.ProgressDetail(current=24182784, total=29125963, start=null), progress=[=========================================>         ]  24.18MB/29.13MB, id=af107e978371, from=null, time=null, errorDetail=null, error=null, aux=null)
21:53:26.108 [docker-java-stream--2064336329] DEBUG com.github.dockerjava.zerodep.shaded.org.apache.hc.client5.http.wire - http-outgoing-3 << "bd[\r][\n]"
21:53:26.109 [docker-java-stream--2064336329] DEBUG com.github.dockerjava.zerodep.shaded.org.apache.hc.client5.http.wire - http-outgoing-3 << "{"status":"Extracting","progressDetail":{"current":24477696,"total":29125963},"progress":"[==========================================\u003e        ]  24.48MB/29.13MB","id":"af107e978371"}[\r][\n]"
21:53:26.109 [docker-java-stream--2064336329] DEBUG com.github.dockerjava.zerodep.shaded.org.apache.hc.client5.http.wire - http-outgoing-3 << "[\r][\n]"
21:53:26.109 [docker-java-stream--2064336329] DEBUG com.github.dockerjava.api.command.PullImageResultCallback - ResponseItem(stream=null, status=Extracting, progressDetail=ResponseItem.ProgressDetail(current=24477696, total=29125963, start=null), progress=[==========================================>        ]  24.48MB/29.13MB, id=af107e978371, from=null, time=null, errorDetail=null, error=null, aux=null)
21:53:26.849 [docker-java-stream--2064336329] DEBUG com.github.dockerjava.zerodep.shaded.org.apache.hc.client5.http.wire - http-outgoing-3 << "bf[\r][\n]"
21:53:26.849 [docker-java-stream--2064336329] DEBUG com.github.dockerjava.zerodep.shaded.org.apache.hc.client5.http.wire - http-outgoing-3 << "{"status":"Downloading","progressDetail":{"current":50915648,"total":108571409},"progress":"[=======================\u003e                           ]  50.92MB/108.6MB","id":"a35465a6a76a"}[\r][\n]"
21:53:26.849 [docker-java-stream--2064336329] DEBUG com.github.dockerjava.zerodep.shaded.org.apache.hc.client5.http.wire - http-outgoing-3 << "[\r][\n]"
21:53:26.850 [docker-java-stream--2064336329] DEBUG com.github.dockerjava.api.command.PullImageResultCallback - ResponseItem(stream=null, status=Downloading, progressDetail=ResponseItem.ProgressDetail(current=50915648, total=108571409, start=null), progress=[=======================>                           ]  50.92MB/108.6MB, id=a35465a6a76a, from=null, time=null, errorDetail=null, error=null, aux=null)
21:53:27.163 [docker-java-stream--2064336329] DEBUG com.github.dockerjava.zerodep.shaded.org.apache.hc.client5.http.wire - http-outgoing-3 << "bf[\r][\n]"
21:53:27.163 [docker-java-stream--2064336329] DEBUG com.github.dockerjava.zerodep.shaded.org.apache.hc.client5.http.wire - http-outgoing-3 << "{"status":"Downloading","progressDetail":{"current":51456320,"total":108571409},"progress":"[=======================\u003e                           ]  51.46MB/108.6MB","id":"a35465a6a76a"}[\r][\n]"
21:53:27.163 [docker-java-stream--2064336329] DEBUG com.github.dockerjava.zerodep.shaded.org.apache.hc.client5.http.wire - http-outgoing-3 << "[\r][\n]"
21:53:27.164 [docker-java-stream--2064336329] DEBUG com.github.dockerjava.api.command.PullImageResultCallback - ResponseItem(stream=null, status=Downloading, progressDetail=ResponseItem.ProgressDetail(current=51456320, total=108571409, start=null), progress=[=======================>                           ]  51.46MB/108.6MB, id=a35465a6a76a, from=null, time=null, errorDetail=null, error=null, aux=null)
21:53:27.958 [docker-java-stream--2064336329] DEBUG com.github.dockerjava.zerodep.shaded.org.apache.hc.client5.http.wire - http-outgoing-3 << "bf[\r][\n]"
21:53:27.958 [docker-java-stream--2064336329] DEBUG com.github.dockerjava.zerodep.shaded.org.apache.hc.client5.http.wire - http-outgoing-3 << "{"status":"Downloading","progressDetail":{"current":51988800,"total":108571409},"progress":"[=======================\u003e                           ]  51.99MB/108.6MB","id":"a35465a6a76a"}[\r][\n]"
21:53:27.958 [docker-java-stream--2064336329] DEBUG com.github.dockerjava.zerodep.shaded.org.apache.hc.client5.http.wire - http-outgoing-3 << "[\r][\n]"
21:53:27.958 [docker-java-stream--2064336329] DEBUG com.github.dockerjava.api.command.PullImageResultCallback - ResponseItem(stream=null, status=Downloading, progressDetail=ResponseItem.ProgressDetail(current=51988800, total=108571409, start=null), progress=[=======================>                           ]  51.99MB/108.6MB, id=a35465a6a76a, from=null, time=null, errorDetail=null, error=null, aux=null)
21:53:28.299 [docker-java-stream--2064336329] DEBUG com.github.dockerjava.zerodep.shaded.org.apache.hc.client5.http.wire - http-outgoing-3 << "bf[\r][\n]"
21:53:28.300 [docker-java-stream--2064336329] DEBUG com.github.dockerjava.zerodep.shaded.org.apache.hc.client5.http.wire - http-outgoing-3 << "{"status":"Downloading","progressDetail":{"current":52525376,"total":108571409},"progress":"[========================\u003e                          ]  52.53MB/108.6MB","id":"a35465a6a76a"}[\r][\n]"
21:53:28.300 [docker-java-stream--2064336329] DEBUG com.github.dockerjava.zerodep.shaded.org.apache.hc.client5.http.wire - http-outgoing-3 << "[\r][\n]"
21:53:28.300 [docker-java-stream--2064336329] DEBUG com.github.dockerjava.api.command.PullImageResultCallback - ResponseItem(stream=null, status=Downloading, progressDetail=ResponseItem.ProgressDetail(current=52525376, total=108571409, start=null), progress=[========================>                          ]  52.53MB/108.6MB, id=a35465a6a76a, from=null, time=null, errorDetail=null, error=null, aux=null)
21:53:29.808 [docker-java-stream--2064336329] DEBUG com.github.dockerjava.zerodep.shaded.org.apache.hc.client5.http.wire - http-outgoing-3 << "bf[\r][\n]"
21:53:29.808 [docker-java-stream--2064336329] DEBUG com.github.dockerjava.zerodep.shaded.org.apache.hc.client5.http.wire - http-outgoing-3 << "{"status":"Downloading","progressDetail":{"current":53057856,"total":108571409},"progress":"[========================\u003e                          ]  53.06MB/108.6MB","id":"a35465a6a76a"}[\r][\n]"
21:53:29.808 [docker-java-stream--2064336329] DEBUG com.github.dockerjava.zerodep.shaded.org.apache.hc.client5.http.wire - http-outgoing-3 << "[\r][\n]"
21:53:29.808 [docker-java-stream--2064336329] DEBUG com.github.dockerjava.api.command.PullImageResultCallback - ResponseItem(stream=null, status=Downloading, progressDetail=ResponseItem.ProgressDetail(current=53057856, total=108571409, start=null), progress=[========================>                          ]  53.06MB/108.6MB, id=a35465a6a76a, from=null, time=null, errorDetail=null, error=null, aux=null)
21:53:32.511 [docker-java-stream--2064336329] DEBUG com.github.dockerjava.zerodep.shaded.org.apache.hc.client5.http.wire - http-outgoing-3 << "bf[\r][\n]"
21:53:32.511 [docker-java-stream--2064336329] DEBUG com.github.dockerjava.zerodep.shaded.org.apache.hc.client5.http.wire - http-outgoing-3 << "{"status":"Downloading","progressDetail":{"current":53586240,"total":108571409},"progress":"[========================\u003e                          ]  53.59MB/108.6MB","id":"a35465a6a76a"}[\r][\n]"
21:53:32.511 [docker-java-stream--2064336329] DEBUG com.github.dockerjava.zerodep.shaded.org.apache.hc.client5.http.wire - http-outgoing-3 << "[\r][\n]"
21:53:32.511 [docker-java-stream--2064336329] DEBUG com.github.dockerjava.api.command.PullImageResultCallback - ResponseItem(stream=null, status=Downloading, progressDetail=ResponseItem.ProgressDetail(current=53586240, total=108571409, start=null), progress=[========================>                          ]  53.59MB/108.6MB, id=a35465a6a76a, from=null, time=null, errorDetail=null, error=null, aux=null)
21:53:37.010 [docker-java-stream--2064336329] DEBUG com.github.dockerjava.zerodep.shaded.org.apache.hc.client5.http.wire - http-outgoing-3 << "bf[\r][\n]"
21:53:37.010 [docker-java-stream--2064336329] DEBUG com.github.dockerjava.zerodep.shaded.org.apache.hc.client5.http.wire - http-outgoing-3 << "{"status":"Downloading","progressDetail":{"current":54114624,"total":108571409},"progress":"[========================\u003e                          ]  54.11MB/108.6MB","id":"a35465a6a76a"}[\r][\n]"
21:53:37.010 [docker-java-stream--2064336329] DEBUG com.github.dockerjava.zerodep.shaded.org.apache.hc.client5.http.wire - http-outgoing-3 << "[\r][\n]"
21:53:37.169 [docker-java-stream--2064336329] DEBUG com.github.dockerjava.api.command.PullImageResultCallback - ResponseItem(stream=null, status=Downloading, progressDetail=ResponseItem.ProgressDetail(current=54114624, total=108571409, start=null), progress=[========================>                          ]  54.11MB/108.6MB, id=a35465a6a76a, from=null, time=null, errorDetail=null, error=null, aux=null)
21:53:40.681 [docker-java-stream--2064336329] DEBUG com.github.dockerjava.zerodep.shaded.org.apache.hc.client5.http.wire - http-outgoing-3 << "bf[\r][\n]"
21:53:40.681 [docker-java-stream--2064336329] DEBUG com.github.dockerjava.zerodep.shaded.org.apache.hc.client5.http.wire - http-outgoing-3 << "{"status":"Downloading","progressDetail":{"current":54647104,"total":108571409},"progress":"[=========================\u003e                         ]  54.65MB/108.6MB","id":"a35465a6a76a"}[\r][\n]"
21:53:40.681 [docker-java-stream--2064336329] DEBUG com.github.dockerjava.zerodep.shaded.org.apache.hc.client5.http.wire - http-outgoing-3 << "[\r][\n]"
21:53:40.681 [docker-java-stream--2064336329] DEBUG com.github.dockerjava.api.command.PullImageResultCallback - ResponseItem(stream=null, status=Downloading, progressDetail=ResponseItem.ProgressDetail(current=54647104, total=108571409, start=null), progress=[=========================>                         ]  54.65MB/108.6MB, id=a35465a6a76a, from=null, time=null, errorDetail=null, error=null, aux=null)
21:53:42.052 [docker-java-stream--2064336329] DEBUG com.github.dockerjava.zerodep.shaded.org.apache.hc.client5.http.wire - http-outgoing-3 << "bf[\r][\n]"
21:53:42.053 [docker-java-stream--2064336329] DEBUG com.github.dockerjava.zerodep.shaded.org.apache.hc.client5.http.wire - http-outgoing-3 << "{"status":"Downloading","progressDetail":{"current":55187776,"total":108571409},"progress":"[=========================\u003e                         ]  55.19MB/108.6MB","id":"a35465a6a76a"}[\r][\n]"
21:53:42.053 [docker-java-stream--2064336329] DEBUG com.github.dockerjava.zerodep.shaded.org.apache.hc.client5.http.wire - http-outgoing-3 << "[\r][\n]"
21:53:42.870 [docker-java-stream--2064336329] DEBUG com.github.dockerjava.api.command.PullImageResultCallback - ResponseItem(stream=null, status=Downloading, progressDetail=ResponseItem.ProgressDetail(current=55187776, total=108571409, start=null), progress=[=========================>                         ]  55.19MB/108.6MB, id=a35465a6a76a, from=null, time=null, errorDetail=null, error=null, aux=null)
21:53:42.870 [docker-java-stream--2064336329] DEBUG com.github.dockerjava.zerodep.shaded.org.apache.hc.client5.http.wire - http-outgoing-3 << "bd[\r][\n]"
21:53:42.870 [docker-java-stream--2064336329] DEBUG com.github.dockerjava.zerodep.shaded.org.apache.hc.client5.http.wire - http-outgoing-3 << "{"status":"Extracting","progressDetail":{"current":24772608,"total":29125963},"progress":"[==========================================\u003e        ]  24.77MB/29.13MB","id":"af107e978371"}[\r][\n]"
21:53:42.870 [docker-java-stream--2064336329] DEBUG com.github.dockerjava.zerodep.shaded.org.apache.hc.client5.http.wire - http-outgoing-3 << "[\r][\n]"
21:53:42.870 [docker-java-stream--2064336329] DEBUG com.github.dockerjava.api.command.PullImageResultCallback - ResponseItem(stream=null, status=Extracting, progressDetail=ResponseItem.ProgressDetail(current=24772608, total=29125963, start=null), progress=[==========================================>        ]  24.77MB/29.13MB, id=af107e978371, from=null, time=null, errorDetail=null, error=null, aux=null)
21:53:46.439 [docker-java-stream--2064336329] DEBUG com.github.dockerjava.zerodep.shaded.org.apache.hc.client5.http.wire - http-outgoing-3 << "bf[\r][\n]"
21:53:46.439 [docker-java-stream--2064336329] DEBUG com.github.dockerjava.zerodep.shaded.org.apache.hc.client5.http.wire - http-outgoing-3 << "{"status":"Downloading","progressDetail":{"current":55728448,"total":108571409},"progress":"[=========================\u003e                         ]  55.73MB/108.6MB","id":"a35465a6a76a"}[\r][\n]"
21:53:46.439 [docker-java-stream--2064336329] DEBUG com.github.dockerjava.zerodep.shaded.org.apache.hc.client5.http.wire - http-outgoing-3 << "[\r][\n]"
21:53:46.544 [docker-java-stream--2064336329] DEBUG com.github.dockerjava.api.command.PullImageResultCallback - ResponseItem(stream=null, status=Downloading, progressDetail=ResponseItem.ProgressDetail(current=55728448, total=108571409, start=null), progress=[=========================>                         ]  55.73MB/108.6MB, id=a35465a6a76a, from=null, time=null, errorDetail=null, error=null, aux=null)
21:53:49.458 [docker-java-stream--2064336329] DEBUG com.github.dockerjava.zerodep.shaded.org.apache.hc.client5.http.wire - http-outgoing-3 << "bf[\r][\n]"
21:53:49.458 [docker-java-stream--2064336329] DEBUG com.github.dockerjava.zerodep.shaded.org.apache.hc.client5.http.wire - http-outgoing-3 << "{"status":"Downloading","progressDetail":{"current":56256832,"total":108571409},"progress":"[=========================\u003e                         ]  56.26MB/108.6MB","id":"a35465a6a76a"}[\r][\n]"
21:53:49.458 [docker-java-stream--2064336329] DEBUG com.github.dockerjava.zerodep.shaded.org.apache.hc.client5.http.wire - http-outgoing-3 << "[\r][\n]"
21:53:49.502 [docker-java-stream--2064336329] DEBUG com.github.dockerjava.api.command.PullImageResultCallback - ResponseItem(stream=null, status=Downloading, progressDetail=ResponseItem.ProgressDetail(current=56256832, total=108571409, start=null), progress=[=========================>                         ]  56.26MB/108.6MB, id=a35465a6a76a, from=null, time=null, errorDetail=null, error=null, aux=null)
21:53:49.722 [docker-java-stream--2064336329] DEBUG com.github.dockerjava.zerodep.shaded.org.apache.hc.client5.http.wire - http-outgoing-3 << "bd[\r][\n]"
21:53:49.722 [docker-java-stream--2064336329] DEBUG com.github.dockerjava.zerodep.shaded.org.apache.hc.client5.http.wire - http-outgoing-3 << "{"status":"Extracting","progressDetail":{"current":25067520,"total":29125963},"progress":"[===========================================\u003e       ]  25.07MB/29.13MB","id":"af107e978371"}[\r][\n]"
21:53:49.722 [docker-java-stream--2064336329] DEBUG com.github.dockerjava.zerodep.shaded.org.apache.hc.client5.http.wire - http-outgoing-3 << "[\r][\n]"
21:53:49.722 [docker-java-stream--2064336329] DEBUG com.github.dockerjava.api.command.PullImageResultCallback - ResponseItem(stream=null, status=Extracting, progressDetail=ResponseItem.ProgressDetail(current=25067520, total=29125963, start=null), progress=[===========================================>       ]  25.07MB/29.13MB, id=af107e978371, from=null, time=null, errorDetail=null, error=null, aux=null)
21:53:50.712 [docker-java-stream--2064336329] DEBUG com.github.dockerjava.zerodep.shaded.org.apache.hc.client5.http.wire - http-outgoing-3 << "bd[\r][\n]"
21:53:50.712 [docker-java-stream--2064336329] DEBUG com.github.dockerjava.zerodep.shaded.org.apache.hc.client5.http.wire - http-outgoing-3 << "{"status":"Extracting","progressDetail":{"current":25362432,"total":29125963},"progress":"[===========================================\u003e       ]  25.36MB/29.13MB","id":"af107e978371"}[\r][\n]"
21:53:50.712 [docker-java-stream--2064336329] DEBUG com.github.dockerjava.zerodep.shaded.org.apache.hc.client5.http.wire - http-outgoing-3 << "[\r][\n]"
21:53:50.713 [docker-java-stream--2064336329] DEBUG com.github.dockerjava.api.command.PullImageResultCallback - ResponseItem(stream=null, status=Extracting, progressDetail=ResponseItem.ProgressDetail(current=25362432, total=29125963, start=null), progress=[===========================================>       ]  25.36MB/29.13MB, id=af107e978371, from=null, time=null, errorDetail=null, error=null, aux=null)
21:53:50.911 [docker-java-stream--2064336329] DEBUG com.github.dockerjava.zerodep.shaded.org.apache.hc.client5.http.wire - http-outgoing-3 << "bd[\r][\n]"
21:53:50.911 [docker-java-stream--2064336329] DEBUG com.github.dockerjava.zerodep.shaded.org.apache.hc.client5.http.wire - http-outgoing-3 << "{"status":"Extracting","progressDetail":{"current":25657344,"total":29125963},"progress":"[============================================\u003e      ]  25.66MB/29.13MB","id":"af107e978371"}[\r][\n]"
21:53:50.911 [docker-java-stream--2064336329] DEBUG com.github.dockerjava.zerodep.shaded.org.apache.hc.client5.http.wire - http-outgoing-3 << "[\r][\n]"
21:53:50.911 [docker-java-stream--2064336329] DEBUG com.github.dockerjava.api.command.PullImageResultCallback - ResponseItem(stream=null, status=Extracting, progressDetail=ResponseItem.ProgressDetail(current=25657344, total=29125963, start=null), progress=[============================================>      ]  25.66MB/29.13MB, id=af107e978371, from=null, time=null, errorDetail=null, error=null, aux=null)
21:53:52.027 [docker-java-stream--2064336329] DEBUG com.github.dockerjava.zerodep.shaded.org.apache.hc.client5.http.wire - http-outgoing-3 << "bf[\r][\n]"
21:53:52.027 [docker-java-stream--2064336329] DEBUG com.github.dockerjava.zerodep.shaded.org.apache.hc.client5.http.wire - http-outgoing-3 << "{"status":"Downloading","progressDetail":{"current":56789312,"total":108571409},"progress":"[==========================\u003e                        ]  56.79MB/108.6MB","id":"a35465a6a76a"}[\r][\n]"
21:53:52.027 [docker-java-stream--2064336329] DEBUG com.github.dockerjava.zerodep.shaded.org.apache.hc.client5.http.wire - http-outgoing-3 << "[\r][\n]"
21:53:52.027 [docker-java-stream--2064336329] DEBUG com.github.dockerjava.api.command.PullImageResultCallback - ResponseItem(stream=null, status=Downloading, progressDetail=ResponseItem.ProgressDetail(current=56789312, total=108571409, start=null), progress=[==========================>                        ]  56.79MB/108.6MB, id=a35465a6a76a, from=null, time=null, errorDetail=null, error=null, aux=null)
21:53:52.632 [docker-java-stream--2064336329] DEBUG com.github.dockerjava.zerodep.shaded.org.apache.hc.client5.http.wire - http-outgoing-3 << "bf[\r][\n]"
21:53:52.632 [docker-java-stream--2064336329] DEBUG com.github.dockerjava.zerodep.shaded.org.apache.hc.client5.http.wire - http-outgoing-3 << "{"status":"Downloading","progressDetail":{"current":58399040,"total":108571409},"progress":"[==========================\u003e                        ]   58.4MB/108.6MB","id":"a35465a6a76a"}[\r][\n]"
21:53:52.632 [docker-java-stream--2064336329] DEBUG com.github.dockerjava.zerodep.shaded.org.apache.hc.client5.http.wire - http-outgoing-3 << "[\r][\n]"
21:53:52.632 [docker-java-stream--2064336329] DEBUG com.github.dockerjava.api.command.PullImageResultCallback - ResponseItem(stream=null, status=Downloading, progressDetail=ResponseItem.ProgressDetail(current=58399040, total=108571409, start=null), progress=[==========================>                        ]   58.4MB/108.6MB, id=a35465a6a76a, from=null, time=null, errorDetail=null, error=null, aux=null)
21:53:54.360 [docker-java-stream--2064336329] DEBUG com.github.dockerjava.zerodep.shaded.org.apache.hc.client5.http.wire - http-outgoing-3 << "bd[\r][\n]"
21:53:54.360 [docker-java-stream--2064336329] DEBUG com.github.dockerjava.zerodep.shaded.org.apache.hc.client5.http.wire - http-outgoing-3 << "{"status":"Extracting","progressDetail":{"current":25952256,"total":29125963},"progress":"[============================================\u003e      ]  25.95MB/29.13MB","id":"af107e978371"}[\r][\n]"
21:53:54.361 [docker-java-stream--2064336329] DEBUG com.github.dockerjava.zerodep.shaded.org.apache.hc.client5.http.wire - http-outgoing-3 << "[\r][\n]"
21:53:54.361 [docker-java-stream--2064336329] DEBUG com.github.dockerjava.api.command.PullImageResultCallback - ResponseItem(stream=null, status=Extracting, progressDetail=ResponseItem.ProgressDetail(current=25952256, total=29125963, start=null), progress=[============================================>      ]  25.95MB/29.13MB, id=af107e978371, from=null, time=null, errorDetail=null, error=null, aux=null)
21:53:54.725 [docker-java-stream--2064336329] DEBUG com.github.dockerjava.zerodep.shaded.org.apache.hc.client5.http.wire - http-outgoing-3 << "bf[\r][\n]"
21:53:54.725 [docker-java-stream--2064336329] DEBUG com.github.dockerjava.zerodep.shaded.org.apache.hc.client5.http.wire - http-outgoing-3 << "{"status":"Downloading","progressDetail":{"current":60021056,"total":108571409},"progress":"[===========================\u003e                       ]  60.02MB/108.6MB","id":"a35465a6a76a"}[\r][\n]"
21:53:54.725 [docker-java-stream--2064336329] DEBUG com.github.dockerjava.zerodep.shaded.org.apache.hc.client5.http.wire - http-outgoing-3 << "[\r][\n]"
21:53:54.726 [docker-java-stream--2064336329] DEBUG com.github.dockerjava.api.command.PullImageResultCallback - ResponseItem(stream=null, status=Downloading, progressDetail=ResponseItem.ProgressDetail(current=60021056, total=108571409, start=null), progress=[===========================>                       ]  60.02MB/108.6MB, id=a35465a6a76a, from=null, time=null, errorDetail=null, error=null, aux=null)
21:53:57.128 [docker-java-stream--2064336329] DEBUG com.github.dockerjava.zerodep.shaded.org.apache.hc.client5.http.wire - http-outgoing-3 << "bf[\r][\n]"
21:53:57.128 [docker-java-stream--2064336329] DEBUG com.github.dockerjava.zerodep.shaded.org.apache.hc.client5.http.wire - http-outgoing-3 << "{"status":"Downloading","progressDetail":{"current":60553536,"total":108571409},"progress":"[===========================\u003e                       ]  60.55MB/108.6MB","id":"a35465a6a76a"}[\r][\n]"
21:53:57.128 [docker-java-stream--2064336329] DEBUG com.github.dockerjava.zerodep.shaded.org.apache.hc.client5.http.wire - http-outgoing-3 << "[\r][\n]"
21:53:57.128 [docker-java-stream--2064336329] DEBUG com.github.dockerjava.api.command.PullImageResultCallback - ResponseItem(stream=null, status=Downloading, progressDetail=ResponseItem.ProgressDetail(current=60553536, total=108571409, start=null), progress=[===========================>                       ]  60.55MB/108.6MB, id=a35465a6a76a, from=null, time=null, errorDetail=null, error=null, aux=null)
21:53:58.897 [docker-java-stream--2064336329] DEBUG com.github.dockerjava.zerodep.shaded.org.apache.hc.client5.http.wire - http-outgoing-3 << "bf[\r][\n]"
21:53:58.897 [docker-java-stream--2064336329] DEBUG com.github.dockerjava.zerodep.shaded.org.apache.hc.client5.http.wire - http-outgoing-3 << "{"status":"Downloading","progressDetail":{"current":61090112,"total":108571409},"progress":"[============================\u003e                      ]  61.09MB/108.6MB","id":"a35465a6a76a"}[\r][\n]"
21:53:58.897 [docker-java-stream--2064336329] DEBUG com.github.dockerjava.zerodep.shaded.org.apache.hc.client5.http.wire - http-outgoing-3 << "[\r][\n]"
21:53:58.897 [docker-java-stream--2064336329] DEBUG com.github.dockerjava.api.command.PullImageResultCallback - ResponseItem(stream=null, status=Downloading, progressDetail=ResponseItem.ProgressDetail(current=61090112, total=108571409, start=null), progress=[============================>                      ]  61.09MB/108.6MB, id=a35465a6a76a, from=null, time=null, errorDetail=null, error=null, aux=null)
21:53:59.868 [docker-java-stream--2064336329] DEBUG com.github.dockerjava.zerodep.shaded.org.apache.hc.client5.http.wire - http-outgoing-3 << "17c[\r][\n]"
21:53:59.868 [docker-java-stream--2064336329] DEBUG com.github.dockerjava.zerodep.shaded.org.apache.hc.client5.http.wire - http-outgoing-3 << "{"status":"Extracting","progressDetail":{"current":26247168,"total":29125963},"progress":"[=============================================\u003e     ]  26.25MB/29.13MB","id":"af107e978371"}[\r][\n]"
21:53:59.868 [docker-java-stream--2064336329] DEBUG com.github.dockerjava.zerodep.shaded.org.apache.hc.client5.http.wire - http-outgoing-3 << "{"status":"Downloading","progressDetail":{"current":61622592,"total":108571409},"progress":"[============================\u003e                      ]  61.62MB/108.6MB","id":"a35465a6a76a"}[\r][\n]"
21:53:59.868 [docker-java-stream--2064336329] DEBUG com.github.dockerjava.zerodep.shaded.org.apache.hc.client5.http.wire - http-outgoing-3 << "[\r][\n]"
21:53:59.868 [docker-java-stream--2064336329] DEBUG com.github.dockerjava.api.command.PullImageResultCallback - ResponseItem(stream=null, status=Extracting, progressDetail=ResponseItem.ProgressDetail(current=26247168, total=29125963, start=null), progress=[=============================================>     ]  26.25MB/29.13MB, id=af107e978371, from=null, time=null, errorDetail=null, error=null, aux=null)
21:53:59.868 [docker-java-stream--2064336329] DEBUG com.github.dockerjava.api.command.PullImageResultCallback - ResponseItem(stream=null, status=Downloading, progressDetail=ResponseItem.ProgressDetail(current=61622592, total=108571409, start=null), progress=[============================>                      ]  61.62MB/108.6MB, id=a35465a6a76a, from=null, time=null, errorDetail=null, error=null, aux=null)
21:54:01.768 [docker-java-stream--2064336329] DEBUG com.github.dockerjava.zerodep.shaded.org.apache.hc.client5.http.wire - http-outgoing-3 << "bf[\r][\n]"
21:54:01.768 [docker-java-stream--2064336329] DEBUG com.github.dockerjava.zerodep.shaded.org.apache.hc.client5.http.wire - http-outgoing-3 << "{"status":"Downloading","progressDetail":{"current":62155072,"total":108571409},"progress":"[============================\u003e                      ]  62.16MB/108.6MB","id":"a35465a6a76a"}[\r][\n]"
21:54:01.768 [docker-java-stream--2064336329] DEBUG com.github.dockerjava.zerodep.shaded.org.apache.hc.client5.http.wire - http-outgoing-3 << "[\r][\n]"
21:54:01.768 [docker-java-stream--2064336329] DEBUG com.github.dockerjava.api.command.PullImageResultCallback - ResponseItem(stream=null, status=Downloading, progressDetail=ResponseItem.ProgressDetail(current=62155072, total=108571409, start=null), progress=[============================>                      ]  62.16MB/108.6MB, id=a35465a6a76a, from=null, time=null, errorDetail=null, error=null, aux=null)
21:54:03.406 [docker-java-stream--2064336329] DEBUG com.github.dockerjava.zerodep.shaded.org.apache.hc.client5.http.wire - http-outgoing-3 << "bd[\r][\n]"
21:54:03.406 [docker-java-stream--2064336329] DEBUG com.github.dockerjava.zerodep.shaded.org.apache.hc.client5.http.wire - http-outgoing-3 << "{"status":"Extracting","progressDetail":{"current":26542080,"total":29125963},"progress":"[=============================================\u003e     ]  26.54MB/29.13MB","id":"af107e978371"}[\r][\n]"
21:54:03.406 [docker-java-stream--2064336329] DEBUG com.github.dockerjava.zerodep.shaded.org.apache.hc.client5.http.wire - http-outgoing-3 << "[\r][\n]"
21:54:03.406 [docker-java-stream--2064336329] DEBUG com.github.dockerjava.api.command.PullImageResultCallback - ResponseItem(stream=null, status=Extracting, progressDetail=ResponseItem.ProgressDetail(current=26542080, total=29125963, start=null), progress=[=============================================>     ]  26.54MB/29.13MB, id=af107e978371, from=null, time=null, errorDetail=null, error=null, aux=null)
21:54:03.951 [docker-java-stream--2064336329] DEBUG com.github.dockerjava.zerodep.shaded.org.apache.hc.client5.http.wire - http-outgoing-3 << "bf[\r][\n]"
21:54:03.951 [docker-java-stream--2064336329] DEBUG com.github.dockerjava.zerodep.shaded.org.apache.hc.client5.http.wire - http-outgoing-3 << "{"status":"Downloading","progressDetail":{"current":62687552,"total":108571409},"progress":"[============================\u003e                      ]  62.69MB/108.6MB","id":"a35465a6a76a"}[\r][\n]"
21:54:03.951 [docker-java-stream--2064336329] DEBUG com.github.dockerjava.zerodep.shaded.org.apache.hc.client5.http.wire - http-outgoing-3 << "[\r][\n]"
21:54:03.951 [docker-java-stream--2064336329] DEBUG com.github.dockerjava.api.command.PullImageResultCallback - ResponseItem(stream=null, status=Downloading, progressDetail=ResponseItem.ProgressDetail(current=62687552, total=108571409, start=null), progress=[============================>                      ]  62.69MB/108.6MB, id=a35465a6a76a, from=null, time=null, errorDetail=null, error=null, aux=null)
21:54:05.858 [docker-java-stream--2064336329] DEBUG com.github.dockerjava.zerodep.shaded.org.apache.hc.client5.http.wire - http-outgoing-3 << "bf[\r][\n]"
21:54:05.858 [docker-java-stream--2064336329] DEBUG com.github.dockerjava.zerodep.shaded.org.apache.hc.client5.http.wire - http-outgoing-3 << "{"status":"Downloading","progressDetail":{"current":63220032,"total":108571409},"progress":"[=============================\u003e                     ]  63.22MB/108.6MB","id":"a35465a6a76a"}[\r][\n]"
21:54:05.858 [docker-java-stream--2064336329] DEBUG com.github.dockerjava.zerodep.shaded.org.apache.hc.client5.http.wire - http-outgoing-3 << "[\r][\n]"
21:54:05.858 [docker-java-stream--2064336329] DEBUG com.github.dockerjava.api.command.PullImageResultCallback - ResponseItem(stream=null, status=Downloading, progressDetail=ResponseItem.ProgressDetail(current=63220032, total=108571409, start=null), progress=[=============================>                     ]  63.22MB/108.6MB, id=a35465a6a76a, from=null, time=null, errorDetail=null, error=null, aux=null)
21:54:06.135 [docker-java-stream--2064336329] DEBUG com.github.dockerjava.zerodep.shaded.org.apache.hc.client5.http.wire - http-outgoing-3 << "bf[\r][\n]"
21:54:06.135 [docker-java-stream--2064336329] DEBUG com.github.dockerjava.zerodep.shaded.org.apache.hc.client5.http.wire - http-outgoing-3 << "{"status":"Downloading","progressDetail":{"current":63748416,"total":108571409},"progress":"[=============================\u003e                     ]  63.75MB/108.6MB","id":"a35465a6a76a"}[\r][\n]"
21:54:06.135 [docker-java-stream--2064336329] DEBUG com.github.dockerjava.zerodep.shaded.org.apache.hc.client5.http.wire - http-outgoing-3 << "[\r][\n]"
21:54:06.135 [docker-java-stream--2064336329] DEBUG com.github.dockerjava.api.command.PullImageResultCallback - ResponseItem(stream=null, status=Downloading, progressDetail=ResponseItem.ProgressDetail(current=63748416, total=108571409, start=null), progress=[=============================>                     ]  63.75MB/108.6MB, id=a35465a6a76a, from=null, time=null, errorDetail=null, error=null, aux=null)
21:54:06.579 [docker-java-stream--2064336329] DEBUG com.github.dockerjava.zerodep.shaded.org.apache.hc.client5.http.wire - http-outgoing-3 << "bf[\r][\n]"
21:54:06.579 [docker-java-stream--2064336329] DEBUG com.github.dockerjava.zerodep.shaded.org.apache.hc.client5.http.wire - http-outgoing-3 << "{"status":"Downloading","progressDetail":{"current":66955584,"total":108571409},"progress":"[==============================\u003e                    ]  66.96MB/108.6MB","id":"a35465a6a76a"}[\r][\n]"
21:54:06.579 [docker-java-stream--2064336329] DEBUG com.github.dockerjava.zerodep.shaded.org.apache.hc.client5.http.wire - http-outgoing-3 << "[\r][\n]"
21:54:06.579 [docker-java-stream--2064336329] DEBUG com.github.dockerjava.api.command.PullImageResultCallback - ResponseItem(stream=null, status=Downloading, progressDetail=ResponseItem.ProgressDetail(current=66955584, total=108571409, start=null), progress=[==============================>                    ]  66.96MB/108.6MB, id=a35465a6a76a, from=null, time=null, errorDetail=null, error=null, aux=null)
21:54:06.623 [docker-java-stream--2064336329] DEBUG com.github.dockerjava.zerodep.shaded.org.apache.hc.client5.http.wire - http-outgoing-3 << "bd[\r][\n]"
21:54:06.623 [docker-java-stream--2064336329] DEBUG com.github.dockerjava.zerodep.shaded.org.apache.hc.client5.http.wire - http-outgoing-3 << "{"status":"Extracting","progressDetail":{"current":26836992,"total":29125963},"progress":"[==============================================\u003e    ]  26.84MB/29.13MB","id":"af107e978371"}[\r][\n]"
21:54:06.623 [docker-java-stream--2064336329] DEBUG com.github.dockerjava.zerodep.shaded.org.apache.hc.client5.http.wire - http-outgoing-3 << "[\r][\n]"
21:54:06.623 [docker-java-stream--2064336329] DEBUG com.github.dockerjava.api.command.PullImageResultCallback - ResponseItem(stream=null, status=Extracting, progressDetail=ResponseItem.ProgressDetail(current=26836992, total=29125963, start=null), progress=[==============================================>    ]  26.84MB/29.13MB, id=af107e978371, from=null, time=null, errorDetail=null, error=null, aux=null)
21:54:08.447 [docker-java-stream--2064336329] DEBUG com.github.dockerjava.zerodep.shaded.org.apache.hc.client5.http.wire - http-outgoing-3 << "bf[\r][\n]"
21:54:08.447 [docker-java-stream--2064336329] DEBUG com.github.dockerjava.zerodep.shaded.org.apache.hc.client5.http.wire - http-outgoing-3 << "{"status":"Downloading","progressDetail":{"current":67496256,"total":108571409},"progress":"[===============================\u003e                   ]   67.5MB/108.6MB","id":"a35465a6a76a"}[\r][\n]"
21:54:08.447 [docker-java-stream--2064336329] DEBUG com.github.dockerjava.zerodep.shaded.org.apache.hc.client5.http.wire - http-outgoing-3 << "[\r][\n]"
21:54:08.447 [docker-java-stream--2064336329] DEBUG com.github.dockerjava.api.command.PullImageResultCallback - ResponseItem(stream=null, status=Downloading, progressDetail=ResponseItem.ProgressDetail(current=67496256, total=108571409, start=null), progress=[===============================>                   ]   67.5MB/108.6MB, id=a35465a6a76a, from=null, time=null, errorDetail=null, error=null, aux=null)
21:54:11.685 [docker-java-stream--2064336329] DEBUG com.github.dockerjava.zerodep.shaded.org.apache.hc.client5.http.wire - http-outgoing-3 << "bf[\r][\n]"
21:54:11.685 [docker-java-stream--2064336329] DEBUG com.github.dockerjava.zerodep.shaded.org.apache.hc.client5.http.wire - http-outgoing-3 << "{"status":"Downloading","progressDetail":{"current":68024640,"total":108571409},"progress":"[===============================\u003e                   ]  68.02MB/108.6MB","id":"a35465a6a76a"}[\r][\n]"
21:54:11.685 [docker-java-stream--2064336329] DEBUG com.github.dockerjava.zerodep.shaded.org.apache.hc.client5.http.wire - http-outgoing-3 << "[\r][\n]"
21:54:11.685 [docker-java-stream--2064336329] DEBUG com.github.dockerjava.api.command.PullImageResultCallback - ResponseItem(stream=null, status=Downloading, progressDetail=ResponseItem.ProgressDetail(current=68024640, total=108571409, start=null), progress=[===============================>                   ]  68.02MB/108.6MB, id=a35465a6a76a, from=null, time=null, errorDetail=null, error=null, aux=null)
21:54:12.652 [docker-java-stream--2064336329] DEBUG com.github.dockerjava.zerodep.shaded.org.apache.hc.client5.http.wire - http-outgoing-3 << "bd[\r][\n]"
21:54:12.652 [docker-java-stream--2064336329] DEBUG com.github.dockerjava.zerodep.shaded.org.apache.hc.client5.http.wire - http-outgoing-3 << "{"status":"Extracting","progressDetail":{"current":27131904,"total":29125963},"progress":"[==============================================\u003e    ]  27.13MB/29.13MB","id":"af107e978371"}[\r][\n]"
21:54:12.652 [docker-java-stream--2064336329] DEBUG com.github.dockerjava.zerodep.shaded.org.apache.hc.client5.http.wire - http-outgoing-3 << "[\r][\n]"
21:54:12.653 [docker-java-stream--2064336329] DEBUG com.github.dockerjava.api.command.PullImageResultCallback - ResponseItem(stream=null, status=Extracting, progressDetail=ResponseItem.ProgressDetail(current=27131904, total=29125963, start=null), progress=[==============================================>    ]  27.13MB/29.13MB, id=af107e978371, from=null, time=null, errorDetail=null, error=null, aux=null)
21:54:14.067 [docker-java-stream--2064336329] DEBUG com.github.dockerjava.zerodep.shaded.org.apache.hc.client5.http.wire - http-outgoing-3 << "bf[\r][\n]"
21:54:14.067 [docker-java-stream--2064336329] DEBUG com.github.dockerjava.zerodep.shaded.org.apache.hc.client5.http.wire - http-outgoing-3 << "{"status":"Downloading","progressDetail":{"current":68565312,"total":108571409},"progress":"[===============================\u003e                   ]  68.57MB/108.6MB","id":"a35465a6a76a"}[\r][\n]"
21:54:14.067 [docker-java-stream--2064336329] DEBUG com.github.dockerjava.zerodep.shaded.org.apache.hc.client5.http.wire - http-outgoing-3 << "[\r][\n]"
21:54:14.067 [docker-java-stream--2064336329] DEBUG com.github.dockerjava.api.command.PullImageResultCallback - ResponseItem(stream=null, status=Downloading, progressDetail=ResponseItem.ProgressDetail(current=68565312, total=108571409, start=null), progress=[===============================>                   ]  68.57MB/108.6MB, id=a35465a6a76a, from=null, time=null, errorDetail=null, error=null, aux=null)
21:54:15.324 [docker-java-stream--2064336329] DEBUG com.github.dockerjava.zerodep.shaded.org.apache.hc.client5.http.wire - http-outgoing-3 << "bf[\r][\n]"
21:54:15.324 [docker-java-stream--2064336329] DEBUG com.github.dockerjava.zerodep.shaded.org.apache.hc.client5.http.wire - http-outgoing-3 << "{"status":"Downloading","progressDetail":{"current":69630272,"total":108571409},"progress":"[================================\u003e                  ]  69.63MB/108.6MB","id":"a35465a6a76a"}[\r][\n]"
21:54:15.324 [docker-java-stream--2064336329] DEBUG com.github.dockerjava.zerodep.shaded.org.apache.hc.client5.http.wire - http-outgoing-3 << "[\r][\n]"
21:54:15.324 [docker-java-stream--2064336329] DEBUG com.github.dockerjava.api.command.PullImageResultCallback - ResponseItem(stream=null, status=Downloading, progressDetail=ResponseItem.ProgressDetail(current=69630272, total=108571409, start=null), progress=[================================>                  ]  69.63MB/108.6MB, id=a35465a6a76a, from=null, time=null, errorDetail=null, error=null, aux=null)
21:54:16.364 [docker-java-stream--2064336329] DEBUG com.github.dockerjava.zerodep.shaded.org.apache.hc.client5.http.wire - http-outgoing-3 << "bd[\r][\n]"
21:54:16.364 [docker-java-stream--2064336329] DEBUG com.github.dockerjava.zerodep.shaded.org.apache.hc.client5.http.wire - http-outgoing-3 << "{"status":"Extracting","progressDetail":{"current":27426816,"total":29125963},"progress":"[===============================================\u003e   ]  27.43MB/29.13MB","id":"af107e978371"}[\r][\n]"
21:54:16.364 [docker-java-stream--2064336329] DEBUG com.github.dockerjava.zerodep.shaded.org.apache.hc.client5.http.wire - http-outgoing-3 << "[\r][\n]"
21:54:16.364 [docker-java-stream--2064336329] DEBUG com.github.dockerjava.api.command.PullImageResultCallback - ResponseItem(stream=null, status=Extracting, progressDetail=ResponseItem.ProgressDetail(current=27426816, total=29125963, start=null), progress=[===============================================>   ]  27.43MB/29.13MB, id=af107e978371, from=null, time=null, errorDetail=null, error=null, aux=null)
21:54:17.404 [docker-java-stream--2064336329] DEBUG com.github.dockerjava.zerodep.shaded.org.apache.hc.client5.http.wire - http-outgoing-3 << "bf[\r][\n]"
21:54:17.404 [docker-java-stream--2064336329] DEBUG com.github.dockerjava.zerodep.shaded.org.apache.hc.client5.http.wire - http-outgoing-3 << "{"status":"Downloading","progressDetail":{"current":70162752,"total":108571409},"progress":"[================================\u003e                  ]  70.16MB/108.6MB","id":"a35465a6a76a"}[\r][\n]"
21:54:17.404 [docker-java-stream--2064336329] DEBUG com.github.dockerjava.zerodep.shaded.org.apache.hc.client5.http.wire - http-outgoing-3 << "[\r][\n]"
21:54:17.404 [docker-java-stream--2064336329] DEBUG com.github.dockerjava.api.command.PullImageResultCallback - ResponseItem(stream=null, status=Downloading, progressDetail=ResponseItem.ProgressDetail(current=70162752, total=108571409, start=null), progress=[================================>                  ]  70.16MB/108.6MB, id=a35465a6a76a, from=null, time=null, errorDetail=null, error=null, aux=null)
21:54:20.671 [docker-java-stream--2064336329] DEBUG com.github.dockerjava.zerodep.shaded.org.apache.hc.client5.http.wire - http-outgoing-3 << "bf[\r][\n]"
21:54:20.671 [docker-java-stream--2064336329] DEBUG com.github.dockerjava.zerodep.shaded.org.apache.hc.client5.http.wire - http-outgoing-3 << "{"status":"Downloading","progressDetail":{"current":70695232,"total":108571409},"progress":"[================================\u003e                  ]   70.7MB/108.6MB","id":"a35465a6a76a"}[\r][\n]"
21:54:20.671 [docker-java-stream--2064336329] DEBUG com.github.dockerjava.zerodep.shaded.org.apache.hc.client5.http.wire - http-outgoing-3 << "[\r][\n]"
21:54:20.672 [docker-java-stream--2064336329] DEBUG com.github.dockerjava.api.command.PullImageResultCallback - ResponseItem(stream=null, status=Downloading, progressDetail=ResponseItem.ProgressDetail(current=70695232, total=108571409, start=null), progress=[================================>                  ]   70.7MB/108.6MB, id=a35465a6a76a, from=null, time=null, errorDetail=null, error=null, aux=null)
21:54:22.503 [docker-java-stream--2064336329] DEBUG com.github.dockerjava.zerodep.shaded.org.apache.hc.client5.http.wire - http-outgoing-3 << "bd[\r][\n]"
21:54:22.503 [docker-java-stream--2064336329] DEBUG com.github.dockerjava.zerodep.shaded.org.apache.hc.client5.http.wire - http-outgoing-3 << "{"status":"Extracting","progressDetail":{"current":27721728,"total":29125963},"progress":"[===============================================\u003e   ]  27.72MB/29.13MB","id":"af107e978371"}[\r][\n]"
21:54:22.503 [docker-java-stream--2064336329] DEBUG com.github.dockerjava.zerodep.shaded.org.apache.hc.client5.http.wire - http-outgoing-3 << "[\r][\n]"
21:54:22.503 [docker-java-stream--2064336329] DEBUG com.github.dockerjava.api.command.PullImageResultCallback - ResponseItem(stream=null, status=Extracting, progressDetail=ResponseItem.ProgressDetail(current=27721728, total=29125963, start=null), progress=[===============================================>   ]  27.72MB/29.13MB, id=af107e978371, from=null, time=null, errorDetail=null, error=null, aux=null)
21:54:23.192 [docker-java-stream--2064336329] DEBUG com.github.dockerjava.zerodep.shaded.org.apache.hc.client5.http.wire - http-outgoing-3 << "bf[\r][\n]"
21:54:23.192 [docker-java-stream--2064336329] DEBUG com.github.dockerjava.zerodep.shaded.org.apache.hc.client5.http.wire - http-outgoing-3 << "{"status":"Downloading","progressDetail":{"current":71223616,"total":108571409},"progress":"[================================\u003e                  ]  71.22MB/108.6MB","id":"a35465a6a76a"}[\r][\n]"
21:54:23.192 [docker-java-stream--2064336329] DEBUG com.github.dockerjava.zerodep.shaded.org.apache.hc.client5.http.wire - http-outgoing-3 << "[\r][\n]"
21:54:23.193 [docker-java-stream--2064336329] DEBUG com.github.dockerjava.api.command.PullImageResultCallback - ResponseItem(stream=null, status=Downloading, progressDetail=ResponseItem.ProgressDetail(current=71223616, total=108571409, start=null), progress=[================================>                  ]  71.22MB/108.6MB, id=a35465a6a76a, from=null, time=null, errorDetail=null, error=null, aux=null)
21:54:24.279 [docker-java-stream--2064336329] DEBUG com.github.dockerjava.zerodep.shaded.org.apache.hc.client5.http.wire - http-outgoing-3 << "bd[\r][\n]"
21:54:24.279 [docker-java-stream--2064336329] DEBUG com.github.dockerjava.zerodep.shaded.org.apache.hc.client5.http.wire - http-outgoing-3 << "{"status":"Extracting","progressDetail":{"current":28016640,"total":29125963},"progress":"[================================================\u003e  ]  28.02MB/29.13MB","id":"af107e978371"}[\r][\n]"
21:54:24.279 [docker-java-stream--2064336329] DEBUG com.github.dockerjava.zerodep.shaded.org.apache.hc.client5.http.wire - http-outgoing-3 << "[\r][\n]"
21:54:24.279 [docker-java-stream--2064336329] DEBUG com.github.dockerjava.api.command.PullImageResultCallback - ResponseItem(stream=null, status=Extracting, progressDetail=ResponseItem.ProgressDetail(current=28016640, total=29125963, start=null), progress=[================================================>  ]  28.02MB/29.13MB, id=af107e978371, from=null, time=null, errorDetail=null, error=null, aux=null)
21:54:25.142 [docker-java-stream--2064336329] DEBUG com.github.dockerjava.zerodep.shaded.org.apache.hc.client5.http.wire - http-outgoing-3 << "bf[\r][\n]"
21:54:25.142 [docker-java-stream--2064336329] DEBUG com.github.dockerjava.zerodep.shaded.org.apache.hc.client5.http.wire - http-outgoing-3 << "{"status":"Downloading","progressDetail":{"current":71760192,"total":108571409},"progress":"[=================================\u003e                 ]  71.76MB/108.6MB","id":"a35465a6a76a"}[\r][\n]"
21:54:25.142 [docker-java-stream--2064336329] DEBUG com.github.dockerjava.zerodep.shaded.org.apache.hc.client5.http.wire - http-outgoing-3 << "[\r][\n]"
21:54:25.142 [docker-java-stream--2064336329] DEBUG com.github.dockerjava.api.command.PullImageResultCallback - ResponseItem(stream=null, status=Downloading, progressDetail=ResponseItem.ProgressDetail(current=71760192, total=108571409, start=null), progress=[=================================>                 ]  71.76MB/108.6MB, id=a35465a6a76a, from=null, time=null, errorDetail=null, error=null, aux=null)
21:54:26.257 [docker-java-stream--2064336329] DEBUG com.github.dockerjava.zerodep.shaded.org.apache.hc.client5.http.wire - http-outgoing-3 << "bf[\r][\n]"
21:54:26.257 [docker-java-stream--2064336329] DEBUG com.github.dockerjava.zerodep.shaded.org.apache.hc.client5.http.wire - http-outgoing-3 << "{"status":"Downloading","progressDetail":{"current":72296768,"total":108571409},"progress":"[=================================\u003e                 ]   72.3MB/108.6MB","id":"a35465a6a76a"}[\r][\n]"
21:54:26.257 [docker-java-stream--2064336329] DEBUG com.github.dockerjava.zerodep.shaded.org.apache.hc.client5.http.wire - http-outgoing-3 << "[\r][\n]"
21:54:26.258 [docker-java-stream--2064336329] DEBUG com.github.dockerjava.api.command.PullImageResultCallback - ResponseItem(stream=null, status=Downloading, progressDetail=ResponseItem.ProgressDetail(current=72296768, total=108571409, start=null), progress=[=================================>                 ]   72.3MB/108.6MB, id=a35465a6a76a, from=null, time=null, errorDetail=null, error=null, aux=null)
21:54:27.032 [docker-java-stream--2064336329] DEBUG com.github.dockerjava.zerodep.shaded.org.apache.hc.client5.http.wire - http-outgoing-3 << "bf[\r][\n]"
21:54:27.032 [docker-java-stream--2064336329] DEBUG com.github.dockerjava.zerodep.shaded.org.apache.hc.client5.http.wire - http-outgoing-3 << "{"status":"Downloading","progressDetail":{"current":72833344,"total":108571409},"progress":"[=================================\u003e                 ]  72.83MB/108.6MB","id":"a35465a6a76a"}[\r][\n]"
21:54:27.032 [docker-java-stream--2064336329] DEBUG com.github.dockerjava.zerodep.shaded.org.apache.hc.client5.http.wire - http-outgoing-3 << "[\r][\n]"
21:54:27.032 [docker-java-stream--2064336329] DEBUG com.github.dockerjava.api.command.PullImageResultCallback - ResponseItem(stream=null, status=Downloading, progressDetail=ResponseItem.ProgressDetail(current=72833344, total=108571409, start=null), progress=[=================================>                 ]  72.83MB/108.6MB, id=a35465a6a76a, from=null, time=null, errorDetail=null, error=null, aux=null)
21:54:29.127 [docker-java-stream--2064336329] DEBUG com.github.dockerjava.zerodep.shaded.org.apache.hc.client5.http.wire - http-outgoing-3 << "bf[\r][\n]"
21:54:29.127 [docker-java-stream--2064336329] DEBUG com.github.dockerjava.zerodep.shaded.org.apache.hc.client5.http.wire - http-outgoing-3 << "{"status":"Downloading","progressDetail":{"current":73374016,"total":108571409},"progress":"[=================================\u003e                 ]  73.37MB/108.6MB","id":"a35465a6a76a"}[\r][\n]"
21:54:29.127 [docker-java-stream--2064336329] DEBUG com.github.dockerjava.zerodep.shaded.org.apache.hc.client5.http.wire - http-outgoing-3 << "[\r][\n]"
21:54:29.127 [docker-java-stream--2064336329] DEBUG com.github.dockerjava.api.command.PullImageResultCallback - ResponseItem(stream=null, status=Downloading, progressDetail=ResponseItem.ProgressDetail(current=73374016, total=108571409, start=null), progress=[=================================>                 ]  73.37MB/108.6MB, id=a35465a6a76a, from=null, time=null, errorDetail=null, error=null, aux=null)
21:54:29.827 [docker-java-stream--2064336329] DEBUG com.github.dockerjava.zerodep.shaded.org.apache.hc.client5.http.wire - http-outgoing-3 << "bf[\r][\n]"
21:54:29.827 [docker-java-stream--2064336329] DEBUG com.github.dockerjava.zerodep.shaded.org.apache.hc.client5.http.wire - http-outgoing-3 << "{"status":"Downloading","progressDetail":{"current":73902400,"total":108571409},"progress":"[==================================\u003e                ]   73.9MB/108.6MB","id":"a35465a6a76a"}[\r][\n]"
21:54:29.827 [docker-java-stream--2064336329] DEBUG com.github.dockerjava.zerodep.shaded.org.apache.hc.client5.http.wire - http-outgoing-3 << "[\r][\n]"
21:54:29.827 [docker-java-stream--2064336329] DEBUG com.github.dockerjava.api.command.PullImageResultCallback - ResponseItem(stream=null, status=Downloading, progressDetail=ResponseItem.ProgressDetail(current=73902400, total=108571409, start=null), progress=[==================================>                ]   73.9MB/108.6MB, id=a35465a6a76a, from=null, time=null, errorDetail=null, error=null, aux=null)
21:54:30.121 [docker-java-stream--2064336329] DEBUG com.github.dockerjava.zerodep.shaded.org.apache.hc.client5.http.wire - http-outgoing-3 << "bf[\r][\n]"
21:54:30.121 [docker-java-stream--2064336329] DEBUG com.github.dockerjava.zerodep.shaded.org.apache.hc.client5.http.wire - http-outgoing-3 << "{"status":"Downloading","progressDetail":{"current":74443072,"total":108571409},"progress":"[==================================\u003e                ]  74.44MB/108.6MB","id":"a35465a6a76a"}[\r][\n]"
21:54:30.121 [docker-java-stream--2064336329] DEBUG com.github.dockerjava.zerodep.shaded.org.apache.hc.client5.http.wire - http-outgoing-3 << "[\r][\n]"
21:54:30.135 [docker-java-stream--2064336329] DEBUG com.github.dockerjava.api.command.PullImageResultCallback - ResponseItem(stream=null, status=Downloading, progressDetail=ResponseItem.ProgressDetail(current=74443072, total=108571409, start=null), progress=[==================================>                ]  74.44MB/108.6MB, id=a35465a6a76a, from=null, time=null, errorDetail=null, error=null, aux=null)
21:54:30.861 [docker-java-stream--2064336329] DEBUG com.github.dockerjava.zerodep.shaded.org.apache.hc.client5.http.wire - http-outgoing-3 << "bf[\r][\n]"
21:54:30.861 [docker-java-stream--2064336329] DEBUG com.github.dockerjava.zerodep.shaded.org.apache.hc.client5.http.wire - http-outgoing-3 << "{"status":"Downloading","progressDetail":{"current":74983744,"total":108571409},"progress":"[==================================\u003e                ]  74.98MB/108.6MB","id":"a35465a6a76a"}[\r][\n]"
21:54:30.861 [docker-java-stream--2064336329] DEBUG com.github.dockerjava.zerodep.shaded.org.apache.hc.client5.http.wire - http-outgoing-3 << "[\r][\n]"
21:54:30.861 [docker-java-stream--2064336329] DEBUG com.github.dockerjava.api.command.PullImageResultCallback - ResponseItem(stream=null, status=Downloading, progressDetail=ResponseItem.ProgressDetail(current=74983744, total=108571409, start=null), progress=[==================================>                ]  74.98MB/108.6MB, id=a35465a6a76a, from=null, time=null, errorDetail=null, error=null, aux=null)
21:54:31.888 [docker-java-stream--2064336329] DEBUG com.github.dockerjava.zerodep.shaded.org.apache.hc.client5.http.wire - http-outgoing-3 << "bf[\r][\n]"
21:54:31.888 [docker-java-stream--2064336329] DEBUG com.github.dockerjava.zerodep.shaded.org.apache.hc.client5.http.wire - http-outgoing-3 << "{"status":"Downloading","progressDetail":{"current":75520320,"total":108571409},"progress":"[==================================\u003e                ]  75.52MB/108.6MB","id":"a35465a6a76a"}[\r][\n]"
21:54:31.888 [docker-java-stream--2064336329] DEBUG com.github.dockerjava.zerodep.shaded.org.apache.hc.client5.http.wire - http-outgoing-3 << "[\r][\n]"
21:54:31.888 [docker-java-stream--2064336329] DEBUG com.github.dockerjava.api.command.PullImageResultCallback - ResponseItem(stream=null, status=Downloading, progressDetail=ResponseItem.ProgressDetail(current=75520320, total=108571409, start=null), progress=[==================================>                ]  75.52MB/108.6MB, id=a35465a6a76a, from=null, time=null, errorDetail=null, error=null, aux=null)
21:54:33.574 [docker-java-stream--2064336329] DEBUG com.github.dockerjava.zerodep.shaded.org.apache.hc.client5.http.wire - http-outgoing-3 << "bd[\r][\n]"
21:54:33.574 [docker-java-stream--2064336329] DEBUG com.github.dockerjava.zerodep.shaded.org.apache.hc.client5.http.wire - http-outgoing-3 << "{"status":"Extracting","progressDetail":{"current":28311552,"total":29125963},"progress":"[================================================\u003e  ]  28.31MB/29.13MB","id":"af107e978371"}[\r][\n]"
21:54:33.623 [docker-java-stream--2064336329] DEBUG com.github.dockerjava.zerodep.shaded.org.apache.hc.client5.http.wire - http-outgoing-3 << "[\r][\n]"
21:54:33.623 [docker-java-stream--2064336329] DEBUG com.github.dockerjava.api.command.PullImageResultCallback - ResponseItem(stream=null, status=Extracting, progressDetail=ResponseItem.ProgressDetail(current=28311552, total=29125963, start=null), progress=[================================================>  ]  28.31MB/29.13MB, id=af107e978371, from=null, time=null, errorDetail=null, error=null, aux=null)
21:54:33.662 [docker-java-stream--2064336329] DEBUG com.github.dockerjava.zerodep.shaded.org.apache.hc.client5.http.wire - http-outgoing-3 << "bf[\r][\n]"
21:54:33.662 [docker-java-stream--2064336329] DEBUG com.github.dockerjava.zerodep.shaded.org.apache.hc.client5.http.wire - http-outgoing-3 << "{"status":"Downloading","progressDetail":{"current":76060992,"total":108571409},"progress":"[===================================\u003e               ]  76.06MB/108.6MB","id":"a35465a6a76a"}[\r][\n]"
21:54:33.662 [docker-java-stream--2064336329] DEBUG com.github.dockerjava.zerodep.shaded.org.apache.hc.client5.http.wire - http-outgoing-3 << "[\r][\n]"
21:54:33.662 [docker-java-stream--2064336329] DEBUG com.github.dockerjava.api.command.PullImageResultCallback - ResponseItem(stream=null, status=Downloading, progressDetail=ResponseItem.ProgressDetail(current=76060992, total=108571409, start=null), progress=[===================================>               ]  76.06MB/108.6MB, id=a35465a6a76a, from=null, time=null, errorDetail=null, error=null, aux=null)
21:54:33.877 [docker-java-stream--2064336329] DEBUG com.github.dockerjava.zerodep.shaded.org.apache.hc.client5.http.wire - http-outgoing-3 << "bf[\r][\n]"
21:54:33.877 [docker-java-stream--2064336329] DEBUG com.github.dockerjava.zerodep.shaded.org.apache.hc.client5.http.wire - http-outgoing-3 << "{"status":"Downloading","progressDetail":{"current":76589376,"total":108571409},"progress":"[===================================\u003e               ]  76.59MB/108.6MB","id":"a35465a6a76a"}[\r][\n]"
21:54:33.877 [docker-java-stream--2064336329] DEBUG com.github.dockerjava.zerodep.shaded.org.apache.hc.client5.http.wire - http-outgoing-3 << "[\r][\n]"
21:54:33.878 [docker-java-stream--2064336329] DEBUG com.github.dockerjava.api.command.PullImageResultCallback - ResponseItem(stream=null, status=Downloading, progressDetail=ResponseItem.ProgressDetail(current=76589376, total=108571409, start=null), progress=[===================================>               ]  76.59MB/108.6MB, id=a35465a6a76a, from=null, time=null, errorDetail=null, error=null, aux=null)
21:54:34.148 [docker-java-stream--2064336329] DEBUG com.github.dockerjava.zerodep.shaded.org.apache.hc.client5.http.wire - http-outgoing-3 << "bf[\r][\n]"
21:54:34.148 [docker-java-stream--2064336329] DEBUG com.github.dockerjava.zerodep.shaded.org.apache.hc.client5.http.wire - http-outgoing-3 << "{"status":"Downloading","progressDetail":{"current":77121856,"total":108571409},"progress":"[===================================\u003e               ]  77.12MB/108.6MB","id":"a35465a6a76a"}[\r][\n]"
21:54:34.148 [docker-java-stream--2064336329] DEBUG com.github.dockerjava.zerodep.shaded.org.apache.hc.client5.http.wire - http-outgoing-3 << "[\r][\n]"
21:54:34.201 [docker-java-stream--2064336329] DEBUG com.github.dockerjava.api.command.PullImageResultCallback - ResponseItem(stream=null, status=Downloading, progressDetail=ResponseItem.ProgressDetail(current=77121856, total=108571409, start=null), progress=[===================================>               ]  77.12MB/108.6MB, id=a35465a6a76a, from=null, time=null, errorDetail=null, error=null, aux=null)
21:54:34.488 [docker-java-stream--2064336329] DEBUG com.github.dockerjava.zerodep.shaded.org.apache.hc.client5.http.wire - http-outgoing-3 << "bd[\r][\n]"
21:54:34.488 [docker-java-stream--2064336329] DEBUG com.github.dockerjava.zerodep.shaded.org.apache.hc.client5.http.wire - http-outgoing-3 << "{"status":"Extracting","progressDetail":{"current":28606464,"total":29125963},"progress":"[=================================================\u003e ]  28.61MB/29.13MB","id":"af107e978371"}[\r][\n]"
21:54:34.488 [docker-java-stream--2064336329] DEBUG com.github.dockerjava.zerodep.shaded.org.apache.hc.client5.http.wire - http-outgoing-3 << "[\r][\n]"
21:54:34.488 [docker-java-stream--2064336329] DEBUG com.github.dockerjava.api.command.PullImageResultCallback - ResponseItem(stream=null, status=Extracting, progressDetail=ResponseItem.ProgressDetail(current=28606464, total=29125963, start=null), progress=[=================================================> ]  28.61MB/29.13MB, id=af107e978371, from=null, time=null, errorDetail=null, error=null, aux=null)
21:54:36.423 [docker-java-stream--2064336329] DEBUG com.github.dockerjava.zerodep.shaded.org.apache.hc.client5.http.wire - http-outgoing-3 << "bf[\r][\n]"
21:54:36.712 [docker-java-stream--2064336329] DEBUG com.github.dockerjava.zerodep.shaded.org.apache.hc.client5.http.wire - http-outgoing-3 << "{"status":"Downloading","progressDetail":{"current":77662528,"total":108571409},"progress":"[===================================\u003e               ]  77.66MB/108.6MB","id":"a35465a6a76a"}[\r][\n]"
21:54:36.712 [docker-java-stream--2064336329] DEBUG com.github.dockerjava.zerodep.shaded.org.apache.hc.client5.http.wire - http-outgoing-3 << "[\r][\n]"
21:54:36.712 [docker-java-stream--2064336329] DEBUG com.github.dockerjava.api.command.PullImageResultCallback - ResponseItem(stream=null, status=Downloading, progressDetail=ResponseItem.ProgressDetail(current=77662528, total=108571409, start=null), progress=[===================================>               ]  77.66MB/108.6MB, id=a35465a6a76a, from=null, time=null, errorDetail=null, error=null, aux=null)
21:54:38.187 [docker-java-stream--2064336329] DEBUG com.github.dockerjava.zerodep.shaded.org.apache.hc.client5.http.wire - http-outgoing-3 << "bf[\r][\n]"
21:54:38.187 [docker-java-stream--2064336329] DEBUG com.github.dockerjava.zerodep.shaded.org.apache.hc.client5.http.wire - http-outgoing-3 << "{"status":"Downloading","progressDetail":{"current":78195008,"total":108571409},"progress":"[====================================\u003e              ]   78.2MB/108.6MB","id":"a35465a6a76a"}[\r][\n]"
21:54:38.314 [docker-java-stream--2064336329] DEBUG com.github.dockerjava.zerodep.shaded.org.apache.hc.client5.http.wire - http-outgoing-3 << "[\r][\n]"
21:54:38.314 [docker-java-stream--2064336329] DEBUG com.github.dockerjava.api.command.PullImageResultCallback - ResponseItem(stream=null, status=Downloading, progressDetail=ResponseItem.ProgressDetail(current=78195008, total=108571409, start=null), progress=[====================================>              ]   78.2MB/108.6MB, id=a35465a6a76a, from=null, time=null, errorDetail=null, error=null, aux=null)
21:54:38.828 [docker-java-stream--2064336329] DEBUG com.github.dockerjava.zerodep.shaded.org.apache.hc.client5.http.wire - http-outgoing-3 << "bd[\r][\n]"
21:54:38.828 [docker-java-stream--2064336329] DEBUG com.github.dockerjava.zerodep.shaded.org.apache.hc.client5.http.wire - http-outgoing-3 << "{"status":"Extracting","progressDetail":{"current":28901376,"total":29125963},"progress":"[=================================================\u003e ]   28.9MB/29.13MB","id":"af107e978371"}[\r][\n]"
21:54:38.828 [docker-java-stream--2064336329] DEBUG com.github.dockerjava.zerodep.shaded.org.apache.hc.client5.http.wire - http-outgoing-3 << "[\r][\n]"
21:54:38.829 [docker-java-stream--2064336329] DEBUG com.github.dockerjava.api.command.PullImageResultCallback - ResponseItem(stream=null, status=Extracting, progressDetail=ResponseItem.ProgressDetail(current=28901376, total=29125963, start=null), progress=[=================================================> ]   28.9MB/29.13MB, id=af107e978371, from=null, time=null, errorDetail=null, error=null, aux=null)
21:54:39.885 [docker-java-stream--2064336329] DEBUG com.github.dockerjava.zerodep.shaded.org.apache.hc.client5.http.wire - http-outgoing-3 << "bf[\r][\n]"
21:54:39.885 [docker-java-stream--2064336329] DEBUG com.github.dockerjava.zerodep.shaded.org.apache.hc.client5.http.wire - http-outgoing-3 << "{"status":"Downloading","progressDetail":{"current":78735680,"total":108571409},"progress":"[====================================\u003e              ]  78.74MB/108.6MB","id":"a35465a6a76a"}[\r][\n]"
21:54:39.885 [docker-java-stream--2064336329] DEBUG com.github.dockerjava.zerodep.shaded.org.apache.hc.client5.http.wire - http-outgoing-3 << "[\r][\n]"
21:54:39.886 [docker-java-stream--2064336329] DEBUG com.github.dockerjava.api.command.PullImageResultCallback - ResponseItem(stream=null, status=Downloading, progressDetail=ResponseItem.ProgressDetail(current=78735680, total=108571409, start=null), progress=[====================================>              ]  78.74MB/108.6MB, id=a35465a6a76a, from=null, time=null, errorDetail=null, error=null, aux=null)
21:54:40.220 [docker-java-stream--2064336329] DEBUG com.github.dockerjava.zerodep.shaded.org.apache.hc.client5.http.wire - http-outgoing-3 << "bf[\r][\n]"
21:54:40.220 [docker-java-stream--2064336329] DEBUG com.github.dockerjava.zerodep.shaded.org.apache.hc.client5.http.wire - http-outgoing-3 << "{"status":"Downloading","progressDetail":{"current":79268160,"total":108571409},"progress":"[====================================\u003e              ]  79.27MB/108.6MB","id":"a35465a6a76a"}[\r][\n]"
21:54:40.220 [docker-java-stream--2064336329] DEBUG com.github.dockerjava.zerodep.shaded.org.apache.hc.client5.http.wire - http-outgoing-3 << "[\r][\n]"
21:54:40.257 [docker-java-stream--2064336329] DEBUG com.github.dockerjava.api.command.PullImageResultCallback - ResponseItem(stream=null, status=Downloading, progressDetail=ResponseItem.ProgressDetail(current=79268160, total=108571409, start=null), progress=[====================================>              ]  79.27MB/108.6MB, id=a35465a6a76a, from=null, time=null, errorDetail=null, error=null, aux=null)
21:54:40.966 [docker-java-stream--2064336329] DEBUG com.github.dockerjava.zerodep.shaded.org.apache.hc.client5.http.wire - http-outgoing-3 << "bf[\r][\n]"
21:54:40.966 [docker-java-stream--2064336329] DEBUG com.github.dockerjava.zerodep.shaded.org.apache.hc.client5.http.wire - http-outgoing-3 << "{"status":"Downloading","progressDetail":{"current":79808832,"total":108571409},"progress":"[====================================\u003e              ]  79.81MB/108.6MB","id":"a35465a6a76a"}[\r][\n]"
21:54:40.980 [docker-java-stream--2064336329] DEBUG com.github.dockerjava.zerodep.shaded.org.apache.hc.client5.http.wire - http-outgoing-3 << "[\r][\n]"
21:54:40.980 [docker-java-stream--2064336329] DEBUG com.github.dockerjava.api.command.PullImageResultCallback - ResponseItem(stream=null, status=Downloading, progressDetail=ResponseItem.ProgressDetail(current=79808832, total=108571409, start=null), progress=[====================================>              ]  79.81MB/108.6MB, id=a35465a6a76a, from=null, time=null, errorDetail=null, error=null, aux=null)
21:54:41.569 [docker-java-stream--2064336329] DEBUG com.github.dockerjava.zerodep.shaded.org.apache.hc.client5.http.wire - http-outgoing-3 << "bf[\r][\n]"
21:54:41.569 [docker-java-stream--2064336329] DEBUG com.github.dockerjava.zerodep.shaded.org.apache.hc.client5.http.wire - http-outgoing-3 << "{"status":"Downloading","progressDetail":{"current":80345408,"total":108571409},"progress":"[=====================================\u003e             ]  80.35MB/108.6MB","id":"a35465a6a76a"}[\r][\n]"
21:54:41.569 [docker-java-stream--2064336329] DEBUG com.github.dockerjava.zerodep.shaded.org.apache.hc.client5.http.wire - http-outgoing-3 << "[\r][\n]"
21:54:41.569 [docker-java-stream--2064336329] DEBUG com.github.dockerjava.api.command.PullImageResultCallback - ResponseItem(stream=null, status=Downloading, progressDetail=ResponseItem.ProgressDetail(current=80345408, total=108571409, start=null), progress=[=====================================>             ]  80.35MB/108.6MB, id=a35465a6a76a, from=null, time=null, errorDetail=null, error=null, aux=null)
21:54:45.136 [docker-java-stream--2064336329] DEBUG com.github.dockerjava.zerodep.shaded.org.apache.hc.client5.http.wire - http-outgoing-3 << "bf[\r][\n]"
21:54:45.136 [docker-java-stream--2064336329] DEBUG com.github.dockerjava.zerodep.shaded.org.apache.hc.client5.http.wire - http-outgoing-3 << "{"status":"Downloading","progressDetail":{"current":80881984,"total":108571409},"progress":"[=====================================\u003e             ]  80.88MB/108.6MB","id":"a35465a6a76a"}[\r][\n]"
21:54:45.136 [docker-java-stream--2064336329] DEBUG com.github.dockerjava.zerodep.shaded.org.apache.hc.client5.http.wire - http-outgoing-3 << "[\r][\n]"
21:54:45.535 [docker-java-stream--2064336329] DEBUG com.github.dockerjava.api.command.PullImageResultCallback - ResponseItem(stream=null, status=Downloading, progressDetail=ResponseItem.ProgressDetail(current=80881984, total=108571409, start=null), progress=[=====================================>             ]  80.88MB/108.6MB, id=a35465a6a76a, from=null, time=null, errorDetail=null, error=null, aux=null)
21:54:52.251 [docker-java-stream--2064336329] DEBUG com.github.dockerjava.zerodep.shaded.org.apache.hc.client5.http.wire - http-outgoing-3 << "bf[\r][\n]"
21:54:52.251 [docker-java-stream--2064336329] DEBUG com.github.dockerjava.zerodep.shaded.org.apache.hc.client5.http.wire - http-outgoing-3 << "{"status":"Downloading","progressDetail":{"current":81410368,"total":108571409},"progress":"[=====================================\u003e             ]  81.41MB/108.6MB","id":"a35465a6a76a"}[\r][\n]"
21:54:52.251 [docker-java-stream--2064336329] DEBUG com.github.dockerjava.zerodep.shaded.org.apache.hc.client5.http.wire - http-outgoing-3 << "[\r][\n]"
21:54:52.252 [docker-java-stream--2064336329] DEBUG com.github.dockerjava.api.command.PullImageResultCallback - ResponseItem(stream=null, status=Downloading, progressDetail=ResponseItem.ProgressDetail(current=81410368, total=108571409, start=null), progress=[=====================================>             ]  81.41MB/108.6MB, id=a35465a6a76a, from=null, time=null, errorDetail=null, error=null, aux=null)
21:54:53.635 [docker-java-stream--2064336329] DEBUG com.github.dockerjava.zerodep.shaded.org.apache.hc.client5.http.wire - http-outgoing-3 << "bf[\r][\n]"
21:54:53.635 [docker-java-stream--2064336329] DEBUG com.github.dockerjava.zerodep.shaded.org.apache.hc.client5.http.wire - http-outgoing-3 << "{"status":"Downloading","progressDetail":{"current":81942848,"total":108571409},"progress":"[=====================================\u003e             ]  81.94MB/108.6MB","id":"a35465a6a76a"}[\r][\n]"
21:54:53.635 [docker-java-stream--2064336329] DEBUG com.github.dockerjava.zerodep.shaded.org.apache.hc.client5.http.wire - http-outgoing-3 << "[\r][\n]"
21:54:53.636 [docker-java-stream--2064336329] DEBUG com.github.dockerjava.api.command.PullImageResultCallback - ResponseItem(stream=null, status=Downloading, progressDetail=ResponseItem.ProgressDetail(current=81942848, total=108571409, start=null), progress=[=====================================>             ]  81.94MB/108.6MB, id=a35465a6a76a, from=null, time=null, errorDetail=null, error=null, aux=null)
21:54:54.676 [docker-java-stream--2064336329] DEBUG com.github.dockerjava.zerodep.shaded.org.apache.hc.client5.http.wire - http-outgoing-3 << "bf[\r][\n]"
21:54:54.676 [docker-java-stream--2064336329] DEBUG com.github.dockerjava.zerodep.shaded.org.apache.hc.client5.http.wire - http-outgoing-3 << "{"status":"Downloading","progressDetail":{"current":82483520,"total":108571409},"progress":"[=====================================\u003e             ]  82.48MB/108.6MB","id":"a35465a6a76a"}[\r][\n]"
21:54:54.676 [docker-java-stream--2064336329] DEBUG com.github.dockerjava.zerodep.shaded.org.apache.hc.client5.http.wire - http-outgoing-3 << "[\r][\n]"
21:54:54.676 [docker-java-stream--2064336329] DEBUG com.github.dockerjava.api.command.PullImageResultCallback - ResponseItem(stream=null, status=Downloading, progressDetail=ResponseItem.ProgressDetail(current=82483520, total=108571409, start=null), progress=[=====================================>             ]  82.48MB/108.6MB, id=a35465a6a76a, from=null, time=null, errorDetail=null, error=null, aux=null)
21:54:55.049 [docker-java-stream--2064336329] DEBUG com.github.dockerjava.zerodep.shaded.org.apache.hc.client5.http.wire - http-outgoing-3 << "bf[\r][\n]"
21:54:55.049 [docker-java-stream--2064336329] DEBUG com.github.dockerjava.zerodep.shaded.org.apache.hc.client5.http.wire - http-outgoing-3 << "{"status":"Downloading","progressDetail":{"current":83020096,"total":108571409},"progress":"[======================================\u003e            ]  83.02MB/108.6MB","id":"a35465a6a76a"}[\r][\n]"
21:54:55.049 [docker-java-stream--2064336329] DEBUG com.github.dockerjava.zerodep.shaded.org.apache.hc.client5.http.wire - http-outgoing-3 << "[\r][\n]"
21:54:55.049 [docker-java-stream--2064336329] DEBUG com.github.dockerjava.api.command.PullImageResultCallback - ResponseItem(stream=null, status=Downloading, progressDetail=ResponseItem.ProgressDetail(current=83020096, total=108571409, start=null), progress=[======================================>            ]  83.02MB/108.6MB, id=a35465a6a76a, from=null, time=null, errorDetail=null, error=null, aux=null)
21:54:55.171 [docker-java-stream--2064336329] DEBUG com.github.dockerjava.zerodep.shaded.org.apache.hc.client5.http.wire - http-outgoing-3 << "bd[\r][\n]"
21:54:55.171 [docker-java-stream--2064336329] DEBUG com.github.dockerjava.zerodep.shaded.org.apache.hc.client5.http.wire - http-outgoing-3 << "{"status":"Extracting","progressDetail":{"current":29125963,"total":29125963},"progress":"[==================================================\u003e]  29.13MB/29.13MB","id":"af107e978371"}[\r][\n]"
21:54:55.171 [docker-java-stream--2064336329] DEBUG com.github.dockerjava.zerodep.shaded.org.apache.hc.client5.http.wire - http-outgoing-3 << "[\r][\n]"
21:54:55.213 [docker-java-stream--2064336329] DEBUG com.github.dockerjava.api.command.PullImageResultCallback - ResponseItem(stream=null, status=Extracting, progressDetail=ResponseItem.ProgressDetail(current=29125963, total=29125963, start=null), progress=[==================================================>]  29.13MB/29.13MB, id=af107e978371, from=null, time=null, errorDetail=null, error=null, aux=null)
21:54:55.292 [docker-java-stream--2064336329] DEBUG com.github.dockerjava.zerodep.shaded.org.apache.hc.client5.http.wire - http-outgoing-3 << "bf[\r][\n]"
21:54:55.292 [docker-java-stream--2064336329] DEBUG com.github.dockerjava.zerodep.shaded.org.apache.hc.client5.http.wire - http-outgoing-3 << "{"status":"Downloading","progressDetail":{"current":83552576,"total":108571409},"progress":"[======================================\u003e            ]  83.55MB/108.6MB","id":"a35465a6a76a"}[\r][\n]"
21:54:55.292 [docker-java-stream--2064336329] DEBUG com.github.dockerjava.zerodep.shaded.org.apache.hc.client5.http.wire - http-outgoing-3 << "[\r][\n]"
21:54:55.293 [docker-java-stream--2064336329] DEBUG com.github.dockerjava.api.command.PullImageResultCallback - ResponseItem(stream=null, status=Downloading, progressDetail=ResponseItem.ProgressDetail(current=83552576, total=108571409, start=null), progress=[======================================>            ]  83.55MB/108.6MB, id=a35465a6a76a, from=null, time=null, errorDetail=null, error=null, aux=null)
21:54:55.749 [docker-java-stream--2064336329] DEBUG com.github.dockerjava.zerodep.shaded.org.apache.hc.client5.http.wire - http-outgoing-3 << "bf[\r][\n]"
21:54:55.749 [docker-java-stream--2064336329] DEBUG com.github.dockerjava.zerodep.shaded.org.apache.hc.client5.http.wire - http-outgoing-3 << "{"status":"Downloading","progressDetail":{"current":86239552,"total":108571409},"progress":"[=======================================\u003e           ]  86.24MB/108.6MB","id":"a35465a6a76a"}[\r][\n]"
21:54:55.749 [docker-java-stream--2064336329] DEBUG com.github.dockerjava.zerodep.shaded.org.apache.hc.client5.http.wire - http-outgoing-3 << "[\r][\n]"
21:54:55.749 [docker-java-stream--2064336329] DEBUG com.github.dockerjava.api.command.PullImageResultCallback - ResponseItem(stream=null, status=Downloading, progressDetail=ResponseItem.ProgressDetail(current=86239552, total=108571409, start=null), progress=[=======================================>           ]  86.24MB/108.6MB, id=a35465a6a76a, from=null, time=null, errorDetail=null, error=null, aux=null)
21:54:55.933 [docker-java-stream--2064336329] DEBUG com.github.dockerjava.zerodep.shaded.org.apache.hc.client5.http.wire - http-outgoing-3 << "bf[\r][\n]"
21:54:55.933 [docker-java-stream--2064336329] DEBUG com.github.dockerjava.zerodep.shaded.org.apache.hc.client5.http.wire - http-outgoing-3 << "{"status":"Downloading","progressDetail":{"current":87845184,"total":108571409},"progress":"[========================================\u003e          ]  87.85MB/108.6MB","id":"a35465a6a76a"}[\r][\n]"
21:54:55.933 [docker-java-stream--2064336329] DEBUG com.github.dockerjava.zerodep.shaded.org.apache.hc.client5.http.wire - http-outgoing-3 << "[\r][\n]"
21:54:55.933 [docker-java-stream--2064336329] DEBUG com.github.dockerjava.api.command.PullImageResultCallback - ResponseItem(stream=null, status=Downloading, progressDetail=ResponseItem.ProgressDetail(current=87845184, total=108571409, start=null), progress=[========================================>          ]  87.85MB/108.6MB, id=a35465a6a76a, from=null, time=null, errorDetail=null, error=null, aux=null)
21:54:56.169 [docker-java-stream--2064336329] DEBUG com.github.dockerjava.zerodep.shaded.org.apache.hc.client5.http.wire - http-outgoing-3 << "bf[\r][\n]"
21:54:56.169 [docker-java-stream--2064336329] DEBUG com.github.dockerjava.zerodep.shaded.org.apache.hc.client5.http.wire - http-outgoing-3 << "{"status":"Downloading","progressDetail":{"current":88385856,"total":108571409},"progress":"[========================================\u003e          ]  88.39MB/108.6MB","id":"a35465a6a76a"}[\r][\n]"
21:54:56.169 [docker-java-stream--2064336329] DEBUG com.github.dockerjava.zerodep.shaded.org.apache.hc.client5.http.wire - http-outgoing-3 << "[\r][\n]"
21:54:56.169 [docker-java-stream--2064336329] DEBUG com.github.dockerjava.api.command.PullImageResultCallback - ResponseItem(stream=null, status=Downloading, progressDetail=ResponseItem.ProgressDetail(current=88385856, total=108571409, start=null), progress=[========================================>          ]  88.39MB/108.6MB, id=a35465a6a76a, from=null, time=null, errorDetail=null, error=null, aux=null)
21:54:56.468 [docker-java-stream--2064336329] DEBUG com.github.dockerjava.zerodep.shaded.org.apache.hc.client5.http.wire - http-outgoing-3 << "bf[\r][\n]"
21:54:56.468 [docker-java-stream--2064336329] DEBUG com.github.dockerjava.zerodep.shaded.org.apache.hc.client5.http.wire - http-outgoing-3 << "{"status":"Downloading","progressDetail":{"current":88914240,"total":108571409},"progress":"[========================================\u003e          ]  88.91MB/108.6MB","id":"a35465a6a76a"}[\r][\n]"
21:54:56.468 [docker-java-stream--2064336329] DEBUG com.github.dockerjava.zerodep.shaded.org.apache.hc.client5.http.wire - http-outgoing-3 << "[\r][\n]"
21:54:56.469 [docker-java-stream--2064336329] DEBUG com.github.dockerjava.api.command.PullImageResultCallback - ResponseItem(stream=null, status=Downloading, progressDetail=ResponseItem.ProgressDetail(current=88914240, total=108571409, start=null), progress=[========================================>          ]  88.91MB/108.6MB, id=a35465a6a76a, from=null, time=null, errorDetail=null, error=null, aux=null)
21:54:56.721 [docker-java-stream--2064336329] DEBUG com.github.dockerjava.zerodep.shaded.org.apache.hc.client5.http.wire - http-outgoing-3 << "44[\r][\n]"
21:54:56.721 [docker-java-stream--2064336329] DEBUG com.github.dockerjava.zerodep.shaded.org.apache.hc.client5.http.wire - http-outgoing-3 << "{"status":"Pull complete","progressDetail":{},"id":"af107e978371"}[\r][\n]"
21:54:56.721 [docker-java-stream--2064336329] DEBUG com.github.dockerjava.zerodep.shaded.org.apache.hc.client5.http.wire - http-outgoing-3 << "[\r][\n]"
21:54:56.721 [docker-java-stream--2064336329] DEBUG com.github.dockerjava.api.command.PullImageResultCallback - ResponseItem(stream=null, status=Pull complete, progressDetail=ResponseItem.ProgressDetail(current=null, total=null, start=null), progress=null, id=af107e978371, from=null, time=null, errorDetail=null, error=null, aux=null)
21:54:56.726 [docker-java-stream--2064336329] INFO tc.postgres:16.1 - Pulling image layers:  1 pending, 13 downloaded,  1 extracted, (126 MB/? MB)
21:54:56.728 [docker-java-stream--2064336329] DEBUG com.github.dockerjava.zerodep.shaded.org.apache.hc.client5.http.wire - http-outgoing-3 << "bf[\r][\n]"
21:54:56.728 [docker-java-stream--2064336329] DEBUG com.github.dockerjava.zerodep.shaded.org.apache.hc.client5.http.wire - http-outgoing-3 << "{"status":"Downloading","progressDetail":{"current":89446720,"total":108571409},"progress":"[=========================================\u003e         ]  89.45MB/108.6MB","id":"a35465a6a76a"}[\r][\n]"
21:54:56.728 [docker-java-stream--2064336329] DEBUG com.github.dockerjava.zerodep.shaded.org.apache.hc.client5.http.wire - http-outgoing-3 << "[\r][\n]"
21:54:56.728 [docker-java-stream--2064336329] DEBUG com.github.dockerjava.api.command.PullImageResultCallback - ResponseItem(stream=null, status=Downloading, progressDetail=ResponseItem.ProgressDetail(current=89446720, total=108571409, start=null), progress=[=========================================>         ]  89.45MB/108.6MB, id=a35465a6a76a, from=null, time=null, errorDetail=null, error=null, aux=null)
21:54:57.279 [docker-java-stream--2064336329] DEBUG com.github.dockerjava.zerodep.shaded.org.apache.hc.client5.http.wire - http-outgoing-3 << "bf[\r][\n]"
21:54:57.279 [docker-java-stream--2064336329] DEBUG com.github.dockerjava.zerodep.shaded.org.apache.hc.client5.http.wire - http-outgoing-3 << "{"status":"Downloading","progressDetail":{"current":89979200,"total":108571409},"progress":"[=========================================\u003e         ]  89.98MB/108.6MB","id":"a35465a6a76a"}[\r][\n]"
21:54:57.279 [docker-java-stream--2064336329] DEBUG com.github.dockerjava.zerodep.shaded.org.apache.hc.client5.http.wire - http-outgoing-3 << "[\r][\n]"
21:54:57.279 [docker-java-stream--2064336329] DEBUG com.github.dockerjava.api.command.PullImageResultCallback - ResponseItem(stream=null, status=Downloading, progressDetail=ResponseItem.ProgressDetail(current=89979200, total=108571409, start=null), progress=[=========================================>         ]  89.98MB/108.6MB, id=a35465a6a76a, from=null, time=null, errorDetail=null, error=null, aux=null)
21:54:57.506 [docker-java-stream--2064336329] DEBUG com.github.dockerjava.zerodep.shaded.org.apache.hc.client5.http.wire - http-outgoing-3 << "b5[\r][\n]"
21:54:57.507 [docker-java-stream--2064336329] DEBUG com.github.dockerjava.zerodep.shaded.org.apache.hc.client5.http.wire - http-outgoing-3 << "{"status":"Extracting","progressDetail":{"current":1165,"total":1165},"progress":"[==================================================\u003e]  1.165kB/1.165kB","id":"85f7bca87921"}[\r][\n]"
21:54:57.507 [docker-java-stream--2064336329] DEBUG com.github.dockerjava.zerodep.shaded.org.apache.hc.client5.http.wire - http-outgoing-3 << "[\r][\n]"
21:54:57.507 [docker-java-stream--2064336329] DEBUG com.github.dockerjava.api.command.PullImageResultCallback - ResponseItem(stream=null, status=Extracting, progressDetail=ResponseItem.ProgressDetail(current=1165, total=1165, start=null), progress=[==================================================>]  1.165kB/1.165kB, id=85f7bca87921, from=null, time=null, errorDetail=null, error=null, aux=null)
21:54:57.531 [docker-java-stream--2064336329] DEBUG com.github.dockerjava.zerodep.shaded.org.apache.hc.client5.http.wire - http-outgoing-3 << "b5[\r][\n]"
21:54:57.531 [docker-java-stream--2064336329] DEBUG com.github.dockerjava.zerodep.shaded.org.apache.hc.client5.http.wire - http-outgoing-3 << "{"status":"Extracting","progressDetail":{"current":1165,"total":1165},"progress":"[==================================================\u003e]  1.165kB/1.165kB","id":"85f7bca87921"}[\r][\n]"
21:54:57.531 [docker-java-stream--2064336329] DEBUG com.github.dockerjava.zerodep.shaded.org.apache.hc.client5.http.wire - http-outgoing-3 << "[\r][\n]"
21:54:57.532 [docker-java-stream--2064336329] DEBUG com.github.dockerjava.api.command.PullImageResultCallback - ResponseItem(stream=null, status=Extracting, progressDetail=ResponseItem.ProgressDetail(current=1165, total=1165, start=null), progress=[==================================================>]  1.165kB/1.165kB, id=85f7bca87921, from=null, time=null, errorDetail=null, error=null, aux=null)
21:54:57.621 [docker-java-stream--2064336329] DEBUG com.github.dockerjava.zerodep.shaded.org.apache.hc.client5.http.wire - http-outgoing-3 << "bf[\r][\n]"
21:54:57.621 [docker-java-stream--2064336329] DEBUG com.github.dockerjava.zerodep.shaded.org.apache.hc.client5.http.wire - http-outgoing-3 << "{"status":"Downloading","progressDetail":{"current":90519872,"total":108571409},"progress":"[=========================================\u003e         ]  90.52MB/108.6MB","id":"a35465a6a76a"}[\r][\n]"
21:54:57.621 [docker-java-stream--2064336329] DEBUG com.github.dockerjava.zerodep.shaded.org.apache.hc.client5.http.wire - http-outgoing-3 << "[\r][\n]"
21:54:57.623 [docker-java-stream--2064336329] DEBUG com.github.dockerjava.api.command.PullImageResultCallback - ResponseItem(stream=null, status=Downloading, progressDetail=ResponseItem.ProgressDetail(current=90519872, total=108571409, start=null), progress=[=========================================>         ]  90.52MB/108.6MB, id=a35465a6a76a, from=null, time=null, errorDetail=null, error=null, aux=null)
21:54:58.134 [docker-java-stream--2064336329] DEBUG com.github.dockerjava.zerodep.shaded.org.apache.hc.client5.http.wire - http-outgoing-3 << "bf[\r][\n]"
21:54:58.134 [docker-java-stream--2064336329] DEBUG com.github.dockerjava.zerodep.shaded.org.apache.hc.client5.http.wire - http-outgoing-3 << "{"status":"Downloading","progressDetail":{"current":91060544,"total":108571409},"progress":"[=========================================\u003e         ]  91.06MB/108.6MB","id":"a35465a6a76a"}[\r][\n]"
21:54:58.134 [docker-java-stream--2064336329] DEBUG com.github.dockerjava.zerodep.shaded.org.apache.hc.client5.http.wire - http-outgoing-3 << "[\r][\n]"
21:54:58.134 [docker-java-stream--2064336329] DEBUG com.github.dockerjava.api.command.PullImageResultCallback - ResponseItem(stream=null, status=Downloading, progressDetail=ResponseItem.ProgressDetail(current=91060544, total=108571409, start=null), progress=[=========================================>         ]  91.06MB/108.6MB, id=a35465a6a76a, from=null, time=null, errorDetail=null, error=null, aux=null)
21:54:58.372 [docker-java-stream--2064336329] DEBUG com.github.dockerjava.zerodep.shaded.org.apache.hc.client5.http.wire - http-outgoing-3 << "bf[\r][\n]"
21:54:58.372 [docker-java-stream--2064336329] DEBUG com.github.dockerjava.zerodep.shaded.org.apache.hc.client5.http.wire - http-outgoing-3 << "{"status":"Downloading","progressDetail":{"current":91597120,"total":108571409},"progress":"[==========================================\u003e        ]   91.6MB/108.6MB","id":"a35465a6a76a"}[\r][\n]"
21:54:58.372 [docker-java-stream--2064336329] DEBUG com.github.dockerjava.zerodep.shaded.org.apache.hc.client5.http.wire - http-outgoing-3 << "[\r][\n]"
21:54:58.484 [docker-java-stream--2064336329] DEBUG com.github.dockerjava.api.command.PullImageResultCallback - ResponseItem(stream=null, status=Downloading, progressDetail=ResponseItem.ProgressDetail(current=91597120, total=108571409, start=null), progress=[==========================================>        ]   91.6MB/108.6MB, id=a35465a6a76a, from=null, time=null, errorDetail=null, error=null, aux=null)
21:54:58.810 [docker-java-stream--2064336329] DEBUG com.github.dockerjava.zerodep.shaded.org.apache.hc.client5.http.wire - http-outgoing-3 << "bf[\r][\n]"
21:54:58.810 [docker-java-stream--2064336329] DEBUG com.github.dockerjava.zerodep.shaded.org.apache.hc.client5.http.wire - http-outgoing-3 << "{"status":"Downloading","progressDetail":{"current":92137792,"total":108571409},"progress":"[==========================================\u003e        ]  92.14MB/108.6MB","id":"a35465a6a76a"}[\r][\n]"
21:54:58.810 [docker-java-stream--2064336329] DEBUG com.github.dockerjava.zerodep.shaded.org.apache.hc.client5.http.wire - http-outgoing-3 << "[\r][\n]"
21:54:58.812 [docker-java-stream--2064336329] DEBUG com.github.dockerjava.api.command.PullImageResultCallback - ResponseItem(stream=null, status=Downloading, progressDetail=ResponseItem.ProgressDetail(current=92137792, total=108571409, start=null), progress=[==========================================>        ]  92.14MB/108.6MB, id=a35465a6a76a, from=null, time=null, errorDetail=null, error=null, aux=null)
21:54:59.068 [docker-java-stream--2064336329] DEBUG com.github.dockerjava.zerodep.shaded.org.apache.hc.client5.http.wire - http-outgoing-3 << "bf[\r][\n]"
21:54:59.068 [docker-java-stream--2064336329] DEBUG com.github.dockerjava.zerodep.shaded.org.apache.hc.client5.http.wire - http-outgoing-3 << "{"status":"Downloading","progressDetail":{"current":92674368,"total":108571409},"progress":"[==========================================\u003e        ]  92.67MB/108.6MB","id":"a35465a6a76a"}[\r][\n]"
21:54:59.068 [docker-java-stream--2064336329] DEBUG com.github.dockerjava.zerodep.shaded.org.apache.hc.client5.http.wire - http-outgoing-3 << "[\r][\n]"
21:54:59.069 [docker-java-stream--2064336329] DEBUG com.github.dockerjava.api.command.PullImageResultCallback - ResponseItem(stream=null, status=Downloading, progressDetail=ResponseItem.ProgressDetail(current=92674368, total=108571409, start=null), progress=[==========================================>        ]  92.67MB/108.6MB, id=a35465a6a76a, from=null, time=null, errorDetail=null, error=null, aux=null)
21:54:59.393 [docker-java-stream--2064336329] DEBUG com.github.dockerjava.zerodep.shaded.org.apache.hc.client5.http.wire - http-outgoing-3 << "bf[\r][\n]"
21:54:59.393 [docker-java-stream--2064336329] DEBUG com.github.dockerjava.zerodep.shaded.org.apache.hc.client5.http.wire - http-outgoing-3 << "{"status":"Downloading","progressDetail":{"current":93215040,"total":108571409},"progress":"[==========================================\u003e        ]  93.22MB/108.6MB","id":"a35465a6a76a"}[\r][\n]"
21:54:59.393 [docker-java-stream--2064336329] DEBUG com.github.dockerjava.zerodep.shaded.org.apache.hc.client5.http.wire - http-outgoing-3 << "[\r][\n]"
21:54:59.393 [docker-java-stream--2064336329] DEBUG com.github.dockerjava.api.command.PullImageResultCallback - ResponseItem(stream=null, status=Downloading, progressDetail=ResponseItem.ProgressDetail(current=93215040, total=108571409, start=null), progress=[==========================================>        ]  93.22MB/108.6MB, id=a35465a6a76a, from=null, time=null, errorDetail=null, error=null, aux=null)
21:54:59.626 [docker-java-stream--2064336329] DEBUG com.github.dockerjava.zerodep.shaded.org.apache.hc.client5.http.wire - http-outgoing-3 << "44[\r][\n]"
21:54:59.626 [docker-java-stream--2064336329] DEBUG com.github.dockerjava.zerodep.shaded.org.apache.hc.client5.http.wire - http-outgoing-3 << "{"status":"Pull complete","progressDetail":{},"id":"85f7bca87921"}[\r][\n]"
21:54:59.626 [docker-java-stream--2064336329] DEBUG com.github.dockerjava.zerodep.shaded.org.apache.hc.client5.http.wire - http-outgoing-3 << "[\r][\n]"
21:54:59.626 [docker-java-stream--2064336329] DEBUG com.github.dockerjava.api.command.PullImageResultCallback - ResponseItem(stream=null, status=Pull complete, progressDetail=ResponseItem.ProgressDetail(current=null, total=null, start=null), progress=null, id=85f7bca87921, from=null, time=null, errorDetail=null, error=null, aux=null)
21:54:59.627 [docker-java-stream--2064336329] INFO tc.postgres:16.1 - Pulling image layers:  1 pending, 13 downloaded,  2 extracted, (130 MB/? MB)
21:54:59.665 [docker-java-stream--2064336329] DEBUG com.github.dockerjava.zerodep.shaded.org.apache.hc.client5.http.wire - http-outgoing-3 << "bf[\r][\n]"
21:54:59.665 [docker-java-stream--2064336329] DEBUG com.github.dockerjava.zerodep.shaded.org.apache.hc.client5.http.wire - http-outgoing-3 << "{"status":"Downloading","progressDetail":{"current":93755712,"total":108571409},"progress":"[===========================================\u003e       ]  93.76MB/108.6MB","id":"a35465a6a76a"}[\r][\n]"
21:54:59.690 [docker-java-stream--2064336329] DEBUG com.github.dockerjava.zerodep.shaded.org.apache.hc.client5.http.wire - http-outgoing-3 << "[\r][\n]"
21:54:59.691 [docker-java-stream--2064336329] DEBUG com.github.dockerjava.api.command.PullImageResultCallback - ResponseItem(stream=null, status=Downloading, progressDetail=ResponseItem.ProgressDetail(current=93755712, total=108571409, start=null), progress=[===========================================>       ]  93.76MB/108.6MB, id=a35465a6a76a, from=null, time=null, errorDetail=null, error=null, aux=null)
21:54:59.921 [docker-java-stream--2064336329] DEBUG com.github.dockerjava.zerodep.shaded.org.apache.hc.client5.http.wire - http-outgoing-3 << "bf[\r][\n]"
21:54:59.921 [docker-java-stream--2064336329] DEBUG com.github.dockerjava.zerodep.shaded.org.apache.hc.client5.http.wire - http-outgoing-3 << "{"status":"Downloading","progressDetail":{"current":94288192,"total":108571409},"progress":"[===========================================\u003e       ]  94.29MB/108.6MB","id":"a35465a6a76a"}[\r][\n]"
21:54:59.921 [docker-java-stream--2064336329] DEBUG com.github.dockerjava.zerodep.shaded.org.apache.hc.client5.http.wire - http-outgoing-3 << "[\r][\n]"
21:54:59.921 [docker-java-stream--2064336329] DEBUG com.github.dockerjava.api.command.PullImageResultCallback - ResponseItem(stream=null, status=Downloading, progressDetail=ResponseItem.ProgressDetail(current=94288192, total=108571409, start=null), progress=[===========================================>       ]  94.29MB/108.6MB, id=a35465a6a76a, from=null, time=null, errorDetail=null, error=null, aux=null)
21:55:00.174 [docker-java-stream--2064336329] DEBUG com.github.dockerjava.zerodep.shaded.org.apache.hc.client5.http.wire - http-outgoing-3 << "b9[\r][\n]"
21:55:00.174 [docker-java-stream--2064336329] DEBUG com.github.dockerjava.zerodep.shaded.org.apache.hc.client5.http.wire - http-outgoing-3 << "{"status":"Extracting","progressDetail":{"current":65536,"total":4422601},"progress":"[\u003e                                                  ]  65.54kB/4.423MB","id":"948f1cf08e62"}[\r][\n]"
21:55:00.175 [docker-java-stream--2064336329] DEBUG com.github.dockerjava.zerodep.shaded.org.apache.hc.client5.http.wire - http-outgoing-3 << "[\r][\n]"
21:55:00.175 [docker-java-stream--2064336329] DEBUG com.github.dockerjava.api.command.PullImageResultCallback - ResponseItem(stream=null, status=Extracting, progressDetail=ResponseItem.ProgressDetail(current=65536, total=4422601, start=null), progress=[>                                                  ]  65.54kB/4.423MB, id=948f1cf08e62, from=null, time=null, errorDetail=null, error=null, aux=null)
21:55:00.338 [docker-java-stream--2064336329] DEBUG com.github.dockerjava.zerodep.shaded.org.apache.hc.client5.http.wire - http-outgoing-3 << "bf[\r][\n]"
21:55:00.372 [docker-java-stream--2064336329] DEBUG com.github.dockerjava.zerodep.shaded.org.apache.hc.client5.http.wire - http-outgoing-3 << "{"status":"Downloading","progressDetail":{"current":94828864,"total":108571409},"progress":"[===========================================\u003e       ]  94.83MB/108.6MB","id":"a35465a6a76a"}[\r][\n]"
21:55:00.372 [docker-java-stream--2064336329] DEBUG com.github.dockerjava.zerodep.shaded.org.apache.hc.client5.http.wire - http-outgoing-3 << "[\r][\n]"
21:55:00.372 [docker-java-stream--2064336329] DEBUG com.github.dockerjava.api.command.PullImageResultCallback - ResponseItem(stream=null, status=Downloading, progressDetail=ResponseItem.ProgressDetail(current=94828864, total=108571409, start=null), progress=[===========================================>       ]  94.83MB/108.6MB, id=a35465a6a76a, from=null, time=null, errorDetail=null, error=null, aux=null)
21:55:00.553 [docker-java-stream--2064336329] DEBUG com.github.dockerjava.zerodep.shaded.org.apache.hc.client5.http.wire - http-outgoing-3 << "ba[\r][\n]"
21:55:00.553 [docker-java-stream--2064336329] DEBUG com.github.dockerjava.zerodep.shaded.org.apache.hc.client5.http.wire - http-outgoing-3 << "{"status":"Extracting","progressDetail":{"current":196608,"total":4422601},"progress":"[==\u003e                                                ]  196.6kB/4.423MB","id":"948f1cf08e62"}[\r][\n]"
21:55:00.591 [docker-java-stream--2064336329] DEBUG com.github.dockerjava.zerodep.shaded.org.apache.hc.client5.http.wire - http-outgoing-3 << "[\r][\n]"
21:55:00.591 [docker-java-stream--2064336329] DEBUG com.github.dockerjava.api.command.PullImageResultCallback - ResponseItem(stream=null, status=Extracting, progressDetail=ResponseItem.ProgressDetail(current=196608, total=4422601, start=null), progress=[==>                                                ]  196.6kB/4.423MB, id=948f1cf08e62, from=null, time=null, errorDetail=null, error=null, aux=null)
21:55:00.815 [docker-java-stream--2064336329] DEBUG com.github.dockerjava.zerodep.shaded.org.apache.hc.client5.http.wire - http-outgoing-3 << "bf[\r][\n]"
21:55:00.815 [docker-java-stream--2064336329] DEBUG com.github.dockerjava.zerodep.shaded.org.apache.hc.client5.http.wire - http-outgoing-3 << "{"status":"Downloading","progressDetail":{"current":95361344,"total":108571409},"progress":"[===========================================\u003e       ]  95.36MB/108.6MB","id":"a35465a6a76a"}[\r][\n]"
21:55:00.815 [docker-java-stream--2064336329] DEBUG com.github.dockerjava.zerodep.shaded.org.apache.hc.client5.http.wire - http-outgoing-3 << "[\r][\n]"
21:55:00.815 [docker-java-stream--2064336329] DEBUG com.github.dockerjava.api.command.PullImageResultCallback - ResponseItem(stream=null, status=Downloading, progressDetail=ResponseItem.ProgressDetail(current=95361344, total=108571409, start=null), progress=[===========================================>       ]  95.36MB/108.6MB, id=a35465a6a76a, from=null, time=null, errorDetail=null, error=null, aux=null)
21:55:01.524 [docker-java-stream--2064336329] DEBUG com.github.dockerjava.zerodep.shaded.org.apache.hc.client5.http.wire - http-outgoing-3 << "ba[\r][\n]"
21:55:01.524 [docker-java-stream--2064336329] DEBUG com.github.dockerjava.zerodep.shaded.org.apache.hc.client5.http.wire - http-outgoing-3 << "{"status":"Extracting","progressDetail":{"current":262144,"total":4422601},"progress":"[==\u003e                                                ]  262.1kB/4.423MB","id":"948f1cf08e62"}[\r][\n]"
21:55:01.524 [docker-java-stream--2064336329] DEBUG com.github.dockerjava.zerodep.shaded.org.apache.hc.client5.http.wire - http-outgoing-3 << "[\r][\n]"
21:55:01.524 [docker-java-stream--2064336329] DEBUG com.github.dockerjava.zerodep.shaded.org.apache.hc.client5.http.wire - http-outgoing-3 << "ba[\r][\n]"
21:55:01.524 [docker-java-stream--2064336329] DEBUG com.github.dockerjava.zerodep.shaded.org.apache.hc.client5.http.wire - http-outgoing-3 << "{"status":"Extracting","progressDetail":{"current":393216,"total":4422601},"progress":"[====\u003e                                              ]  393.2kB/4.423MB","id":"948f1cf08e62"}[\r][\n]"
21:55:01.524 [docker-java-stream--2064336329] DEBUG com.github.dockerjava.zerodep.shaded.org.apache.hc.client5.http.wire - http-outgoing-3 << "[\r][\n]"
21:55:01.524 [docker-java-stream--2064336329] DEBUG com.github.dockerjava.api.command.PullImageResultCallback - ResponseItem(stream=null, status=Extracting, progressDetail=ResponseItem.ProgressDetail(current=262144, total=4422601, start=null), progress=[==>                                                ]  262.1kB/4.423MB, id=948f1cf08e62, from=null, time=null, errorDetail=null, error=null, aux=null)
21:55:01.524 [docker-java-stream--2064336329] DEBUG com.github.dockerjava.api.command.PullImageResultCallback - ResponseItem(stream=null, status=Extracting, progressDetail=ResponseItem.ProgressDetail(current=393216, total=4422601, start=null), progress=[====>                                              ]  393.2kB/4.423MB, id=948f1cf08e62, from=null, time=null, errorDetail=null, error=null, aux=null)
21:55:01.684 [docker-java-stream--2064336329] DEBUG com.github.dockerjava.zerodep.shaded.org.apache.hc.client5.http.wire - http-outgoing-3 << "bf[\r][\n]"
21:55:01.684 [docker-java-stream--2064336329] DEBUG com.github.dockerjava.zerodep.shaded.org.apache.hc.client5.http.wire - http-outgoing-3 << "{"status":"Downloading","progressDetail":{"current":95902016,"total":108571409},"progress":"[============================================\u003e      ]   95.9MB/108.6MB","id":"a35465a6a76a"}[\r][\n]"
21:55:01.684 [docker-java-stream--2064336329] DEBUG com.github.dockerjava.zerodep.shaded.org.apache.hc.client5.http.wire - http-outgoing-3 << "[\r][\n]"
21:55:01.684 [docker-java-stream--2064336329] DEBUG com.github.dockerjava.api.command.PullImageResultCallback - ResponseItem(stream=null, status=Downloading, progressDetail=ResponseItem.ProgressDetail(current=95902016, total=108571409, start=null), progress=[============================================>      ]   95.9MB/108.6MB, id=a35465a6a76a, from=null, time=null, errorDetail=null, error=null, aux=null)
21:55:01.826 [docker-java-stream--2064336329] DEBUG com.github.dockerjava.zerodep.shaded.org.apache.hc.client5.http.wire - http-outgoing-3 << "ba[\r][\n]"
21:55:01.826 [docker-java-stream--2064336329] DEBUG com.github.dockerjava.zerodep.shaded.org.apache.hc.client5.http.wire - http-outgoing-3 << "{"status":"Extracting","progressDetail":{"current":458752,"total":4422601},"progress":"[=====\u003e                                             ]  458.8kB/4.423MB","id":"948f1cf08e62"}[\r][\n]"
21:55:01.826 [docker-java-stream--2064336329] DEBUG com.github.dockerjava.zerodep.shaded.org.apache.hc.client5.http.wire - http-outgoing-3 << "[\r][\n]"
21:55:01.827 [docker-java-stream--2064336329] DEBUG com.github.dockerjava.api.command.PullImageResultCallback - ResponseItem(stream=null, status=Extracting, progressDetail=ResponseItem.ProgressDetail(current=458752, total=4422601, start=null), progress=[=====>                                             ]  458.8kB/4.423MB, id=948f1cf08e62, from=null, time=null, errorDetail=null, error=null, aux=null)
21:55:02.219 [docker-java-stream--2064336329] DEBUG com.github.dockerjava.zerodep.shaded.org.apache.hc.client5.http.wire - http-outgoing-3 << "bf[\r][\n]"
21:55:02.219 [docker-java-stream--2064336329] DEBUG com.github.dockerjava.zerodep.shaded.org.apache.hc.client5.http.wire - http-outgoing-3 << "{"status":"Downloading","progressDetail":{"current":96442688,"total":108571409},"progress":"[============================================\u003e      ]  96.44MB/108.6MB","id":"a35465a6a76a"}[\r][\n]"
21:55:02.219 [docker-java-stream--2064336329] DEBUG com.github.dockerjava.zerodep.shaded.org.apache.hc.client5.http.wire - http-outgoing-3 << "[\r][\n]"
21:55:02.241 [docker-java-stream--2064336329] DEBUG com.github.dockerjava.api.command.PullImageResultCallback - ResponseItem(stream=null, status=Downloading, progressDetail=ResponseItem.ProgressDetail(current=96442688, total=108571409, start=null), progress=[============================================>      ]  96.44MB/108.6MB, id=a35465a6a76a, from=null, time=null, errorDetail=null, error=null, aux=null)
21:55:02.877 [docker-java-stream--2064336329] DEBUG com.github.dockerjava.zerodep.shaded.org.apache.hc.client5.http.wire - http-outgoing-3 << "bf[\r][\n]"
21:55:02.980 [docker-java-stream--2064336329] DEBUG com.github.dockerjava.zerodep.shaded.org.apache.hc.client5.http.wire - http-outgoing-3 << "{"status":"Downloading","progressDetail":{"current":96979264,"total":108571409},"progress":"[============================================\u003e      ]  96.98MB/108.6MB","id":"a35465a6a76a"}[\r][\n]"
21:55:02.980 [docker-java-stream--2064336329] DEBUG com.github.dockerjava.zerodep.shaded.org.apache.hc.client5.http.wire - http-outgoing-3 << "[\r][\n]"
21:55:03.057 [docker-java-stream--2064336329] DEBUG com.github.dockerjava.api.command.PullImageResultCallback - ResponseItem(stream=null, status=Downloading, progressDetail=ResponseItem.ProgressDetail(current=96979264, total=108571409, start=null), progress=[============================================>      ]  96.98MB/108.6MB, id=a35465a6a76a, from=null, time=null, errorDetail=null, error=null, aux=null)
21:55:03.103 [docker-java-stream--2064336329] DEBUG com.github.dockerjava.zerodep.shaded.org.apache.hc.client5.http.wire - http-outgoing-3 << "ba[\r][\n]"
21:55:03.103 [docker-java-stream--2064336329] DEBUG com.github.dockerjava.zerodep.shaded.org.apache.hc.client5.http.wire - http-outgoing-3 << "{"status":"Extracting","progressDetail":{"current":524288,"total":4422601},"progress":"[=====\u003e                                             ]  524.3kB/4.423MB","id":"948f1cf08e62"}[\r][\n]"
21:55:03.103 [docker-java-stream--2064336329] DEBUG com.github.dockerjava.zerodep.shaded.org.apache.hc.client5.http.wire - http-outgoing-3 << "[\r][\n]"
21:55:03.104 [docker-java-stream--2064336329] DEBUG com.github.dockerjava.api.command.PullImageResultCallback - ResponseItem(stream=null, status=Extracting, progressDetail=ResponseItem.ProgressDetail(current=524288, total=4422601, start=null), progress=[=====>                                             ]  524.3kB/4.423MB, id=948f1cf08e62, from=null, time=null, errorDetail=null, error=null, aux=null)
21:55:03.501 [docker-java-stream--2064336329] DEBUG com.github.dockerjava.zerodep.shaded.org.apache.hc.client5.http.wire - http-outgoing-3 << "bf[\r][\n]"
21:55:03.501 [docker-java-stream--2064336329] DEBUG com.github.dockerjava.zerodep.shaded.org.apache.hc.client5.http.wire - http-outgoing-3 << "{"status":"Downloading","progressDetail":{"current":97511744,"total":108571409},"progress":"[============================================\u003e      ]  97.51MB/108.6MB","id":"a35465a6a76a"}[\r][\n]"
21:55:03.501 [docker-java-stream--2064336329] DEBUG com.github.dockerjava.zerodep.shaded.org.apache.hc.client5.http.wire - http-outgoing-3 << "[\r][\n]"
21:55:03.501 [docker-java-stream--2064336329] DEBUG com.github.dockerjava.api.command.PullImageResultCallback - ResponseItem(stream=null, status=Downloading, progressDetail=ResponseItem.ProgressDetail(current=97511744, total=108571409, start=null), progress=[============================================>      ]  97.51MB/108.6MB, id=a35465a6a76a, from=null, time=null, errorDetail=null, error=null, aux=null)
21:55:03.782 [docker-java-stream--2064336329] DEBUG com.github.dockerjava.zerodep.shaded.org.apache.hc.client5.http.wire - http-outgoing-3 << "ba[\r][\n]"
21:55:03.783 [docker-java-stream--2064336329] DEBUG com.github.dockerjava.zerodep.shaded.org.apache.hc.client5.http.wire - http-outgoing-3 << "{"status":"Extracting","progressDetail":{"current":589824,"total":4422601},"progress":"[======\u003e                                            ]  589.8kB/4.423MB","id":"948f1cf08e62"}[\r][\n]"
21:55:03.783 [docker-java-stream--2064336329] DEBUG com.github.dockerjava.zerodep.shaded.org.apache.hc.client5.http.wire - http-outgoing-3 << "[\r][\n]"
21:55:03.783 [docker-java-stream--2064336329] DEBUG com.github.dockerjava.api.command.PullImageResultCallback - ResponseItem(stream=null, status=Extracting, progressDetail=ResponseItem.ProgressDetail(current=589824, total=4422601, start=null), progress=[======>                                            ]  589.8kB/4.423MB, id=948f1cf08e62, from=null, time=null, errorDetail=null, error=null, aux=null)
21:55:03.952 [docker-java-stream--2064336329] DEBUG com.github.dockerjava.zerodep.shaded.org.apache.hc.client5.http.wire - http-outgoing-3 << "ba[\r][\n]"
21:55:03.952 [docker-java-stream--2064336329] DEBUG com.github.dockerjava.zerodep.shaded.org.apache.hc.client5.http.wire - http-outgoing-3 << "{"status":"Extracting","progressDetail":{"current":655360,"total":4422601},"progress":"[=======\u003e                                           ]  655.4kB/4.423MB","id":"948f1cf08e62"}[\r][\n]"
21:55:03.952 [docker-java-stream--2064336329] DEBUG com.github.dockerjava.zerodep.shaded.org.apache.hc.client5.http.wire - http-outgoing-3 << "[\r][\n]"
21:55:03.952 [docker-java-stream--2064336329] DEBUG com.github.dockerjava.api.command.PullImageResultCallback - ResponseItem(stream=null, status=Extracting, progressDetail=ResponseItem.ProgressDetail(current=655360, total=4422601, start=null), progress=[=======>                                           ]  655.4kB/4.423MB, id=948f1cf08e62, from=null, time=null, errorDetail=null, error=null, aux=null)
21:55:04.451 [docker-java-stream--2064336329] DEBUG com.github.dockerjava.zerodep.shaded.org.apache.hc.client5.http.wire - http-outgoing-3 << "ba[\r][\n]"
21:55:04.451 [docker-java-stream--2064336329] DEBUG com.github.dockerjava.zerodep.shaded.org.apache.hc.client5.http.wire - http-outgoing-3 << "{"status":"Extracting","progressDetail":{"current":720896,"total":4422601},"progress":"[========\u003e                                          ]  720.9kB/4.423MB","id":"948f1cf08e62"}[\r][\n]"
21:55:04.451 [docker-java-stream--2064336329] DEBUG com.github.dockerjava.zerodep.shaded.org.apache.hc.client5.http.wire - http-outgoing-3 << "[\r][\n]"
21:55:04.451 [docker-java-stream--2064336329] DEBUG com.github.dockerjava.api.command.PullImageResultCallback - ResponseItem(stream=null, status=Extracting, progressDetail=ResponseItem.ProgressDetail(current=720896, total=4422601, start=null), progress=[========>                                          ]  720.9kB/4.423MB, id=948f1cf08e62, from=null, time=null, errorDetail=null, error=null, aux=null)
21:55:04.822 [docker-java-stream--2064336329] DEBUG com.github.dockerjava.zerodep.shaded.org.apache.hc.client5.http.wire - http-outgoing-3 << "ba[\r][\n]"
21:55:04.822 [docker-java-stream--2064336329] DEBUG com.github.dockerjava.zerodep.shaded.org.apache.hc.client5.http.wire - http-outgoing-3 << "{"status":"Extracting","progressDetail":{"current":786432,"total":4422601},"progress":"[========\u003e                                          ]  786.4kB/4.423MB","id":"948f1cf08e62"}[\r][\n]"
21:55:04.822 [docker-java-stream--2064336329] DEBUG com.github.dockerjava.zerodep.shaded.org.apache.hc.client5.http.wire - http-outgoing-3 << "[\r][\n]"
21:55:04.822 [docker-java-stream--2064336329] DEBUG com.github.dockerjava.api.command.PullImageResultCallback - ResponseItem(stream=null, status=Extracting, progressDetail=ResponseItem.ProgressDetail(current=786432, total=4422601, start=null), progress=[========>                                          ]  786.4kB/4.423MB, id=948f1cf08e62, from=null, time=null, errorDetail=null, error=null, aux=null)
21:55:05.133 [docker-java-stream--2064336329] DEBUG com.github.dockerjava.zerodep.shaded.org.apache.hc.client5.http.wire - http-outgoing-3 << "ba[\r][\n]"
21:55:05.133 [docker-java-stream--2064336329] DEBUG com.github.dockerjava.zerodep.shaded.org.apache.hc.client5.http.wire - http-outgoing-3 << "{"status":"Extracting","progressDetail":{"current":851968,"total":4422601},"progress":"[=========\u003e                                         ]    852kB/4.423MB","id":"948f1cf08e62"}[\r][\n]"
21:55:05.133 [docker-java-stream--2064336329] DEBUG com.github.dockerjava.zerodep.shaded.org.apache.hc.client5.http.wire - http-outgoing-3 << "[\r][\n]"
21:55:05.133 [docker-java-stream--2064336329] DEBUG com.github.dockerjava.api.command.PullImageResultCallback - ResponseItem(stream=null, status=Extracting, progressDetail=ResponseItem.ProgressDetail(current=851968, total=4422601, start=null), progress=[=========>                                         ]    852kB/4.423MB, id=948f1cf08e62, from=null, time=null, errorDetail=null, error=null, aux=null)
21:55:05.491 [docker-java-stream--2064336329] DEBUG com.github.dockerjava.zerodep.shaded.org.apache.hc.client5.http.wire - http-outgoing-3 << "bf[\r][\n]"
21:55:05.491 [docker-java-stream--2064336329] DEBUG com.github.dockerjava.zerodep.shaded.org.apache.hc.client5.http.wire - http-outgoing-3 << "{"status":"Downloading","progressDetail":{"current":98052416,"total":108571409},"progress":"[=============================================\u003e     ]  98.05MB/108.6MB","id":"a35465a6a76a"}[\r][\n]"
21:55:05.492 [docker-java-stream--2064336329] DEBUG com.github.dockerjava.zerodep.shaded.org.apache.hc.client5.http.wire - http-outgoing-3 << "[\r][\n]"
21:55:05.492 [docker-java-stream--2064336329] DEBUG com.github.dockerjava.api.command.PullImageResultCallback - ResponseItem(stream=null, status=Downloading, progressDetail=ResponseItem.ProgressDetail(current=98052416, total=108571409, start=null), progress=[=============================================>     ]  98.05MB/108.6MB, id=a35465a6a76a, from=null, time=null, errorDetail=null, error=null, aux=null)
21:55:05.916 [docker-java-stream--2064336329] DEBUG com.github.dockerjava.zerodep.shaded.org.apache.hc.client5.http.wire - http-outgoing-3 << "ba[\r][\n]"
21:55:05.916 [docker-java-stream--2064336329] DEBUG com.github.dockerjava.zerodep.shaded.org.apache.hc.client5.http.wire - http-outgoing-3 << "{"status":"Extracting","progressDetail":{"current":917504,"total":4422601},"progress":"[==========\u003e                                        ]  917.5kB/4.423MB","id":"948f1cf08e62"}[\r][\n]"
21:55:05.916 [docker-java-stream--2064336329] DEBUG com.github.dockerjava.zerodep.shaded.org.apache.hc.client5.http.wire - http-outgoing-3 << "[\r][\n]"
21:55:06.011 [docker-java-stream--2064336329] DEBUG com.github.dockerjava.api.command.PullImageResultCallback - ResponseItem(stream=null, status=Extracting, progressDetail=ResponseItem.ProgressDetail(current=917504, total=4422601, start=null), progress=[==========>                                        ]  917.5kB/4.423MB, id=948f1cf08e62, from=null, time=null, errorDetail=null, error=null, aux=null)
21:55:06.428 [docker-java-stream--2064336329] DEBUG com.github.dockerjava.zerodep.shaded.org.apache.hc.client5.http.wire - http-outgoing-3 << "c0[\r][\n]"
21:55:06.428 [docker-java-stream--2064336329] DEBUG com.github.dockerjava.zerodep.shaded.org.apache.hc.client5.http.wire - http-outgoing-3 << "{"status":"Downloading","progressDetail":{"current":100755776,"total":108571409},"progress":"[==============================================\u003e    ]  100.8MB/108.6MB","id":"a35465a6a76a"}[\r][\n]"
21:55:06.428 [docker-java-stream--2064336329] DEBUG com.github.dockerjava.zerodep.shaded.org.apache.hc.client5.http.wire - http-outgoing-3 << "[\r][\n]"
21:55:06.428 [docker-java-stream--2064336329] DEBUG com.github.dockerjava.api.command.PullImageResultCallback - ResponseItem(stream=null, status=Downloading, progressDetail=ResponseItem.ProgressDetail(current=100755776, total=108571409, start=null), progress=[==============================================>    ]  100.8MB/108.6MB, id=a35465a6a76a, from=null, time=null, errorDetail=null, error=null, aux=null)
21:55:06.685 [docker-java-stream--2064336329] DEBUG com.github.dockerjava.zerodep.shaded.org.apache.hc.client5.http.wire - http-outgoing-3 << "ba[\r][\n]"
21:55:06.685 [docker-java-stream--2064336329] DEBUG com.github.dockerjava.zerodep.shaded.org.apache.hc.client5.http.wire - http-outgoing-3 << "{"status":"Extracting","progressDetail":{"current":983040,"total":4422601},"progress":"[===========\u003e                                       ]    983kB/4.423MB","id":"948f1cf08e62"}[\r][\n]"
21:55:06.685 [docker-java-stream--2064336329] DEBUG com.github.dockerjava.zerodep.shaded.org.apache.hc.client5.http.wire - http-outgoing-3 << "[\r][\n]"
21:55:06.685 [docker-java-stream--2064336329] DEBUG com.github.dockerjava.api.command.PullImageResultCallback - ResponseItem(stream=null, status=Extracting, progressDetail=ResponseItem.ProgressDetail(current=983040, total=4422601, start=null), progress=[===========>                                       ]    983kB/4.423MB, id=948f1cf08e62, from=null, time=null, errorDetail=null, error=null, aux=null)
21:55:07.330 [docker-java-stream--2064336329] DEBUG com.github.dockerjava.zerodep.shaded.org.apache.hc.client5.http.wire - http-outgoing-3 << "bb[\r][\n]"
21:55:07.330 [docker-java-stream--2064336329] DEBUG com.github.dockerjava.zerodep.shaded.org.apache.hc.client5.http.wire - http-outgoing-3 << "{"status":"Extracting","progressDetail":{"current":1048576,"total":4422601},"progress":"[===========\u003e                                       ]  1.049MB/4.423MB","id":"948f1cf08e62"}[\r][\n]"
21:55:07.330 [docker-java-stream--2064336329] DEBUG com.github.dockerjava.zerodep.shaded.org.apache.hc.client5.http.wire - http-outgoing-3 << "[\r][\n]"
21:55:07.331 [docker-java-stream--2064336329] DEBUG com.github.dockerjava.api.command.PullImageResultCallback - ResponseItem(stream=null, status=Extracting, progressDetail=ResponseItem.ProgressDetail(current=1048576, total=4422601, start=null), progress=[===========>                                       ]  1.049MB/4.423MB, id=948f1cf08e62, from=null, time=null, errorDetail=null, error=null, aux=null)
21:55:07.406 [docker-java-stream--2064336329] DEBUG com.github.dockerjava.zerodep.shaded.org.apache.hc.client5.http.wire - http-outgoing-3 << "c0[\r][\n]"
21:55:07.406 [docker-java-stream--2064336329] DEBUG com.github.dockerjava.zerodep.shaded.org.apache.hc.client5.http.wire - http-outgoing-3 << "{"status":"Downloading","progressDetail":{"current":101284160,"total":108571409},"progress":"[==============================================\u003e    ]  101.3MB/108.6MB","id":"a35465a6a76a"}[\r][\n]"
21:55:07.406 [docker-java-stream--2064336329] DEBUG com.github.dockerjava.zerodep.shaded.org.apache.hc.client5.http.wire - http-outgoing-3 << "[\r][\n]"
21:55:07.407 [docker-java-stream--2064336329] DEBUG com.github.dockerjava.api.command.PullImageResultCallback - ResponseItem(stream=null, status=Downloading, progressDetail=ResponseItem.ProgressDetail(current=101284160, total=108571409, start=null), progress=[==============================================>    ]  101.3MB/108.6MB, id=a35465a6a76a, from=null, time=null, errorDetail=null, error=null, aux=null)
21:55:07.556 [docker-java-stream--2064336329] DEBUG com.github.dockerjava.zerodep.shaded.org.apache.hc.client5.http.wire - http-outgoing-3 << "c0[\r][\n]"
21:55:07.556 [docker-java-stream--2064336329] DEBUG com.github.dockerjava.zerodep.shaded.org.apache.hc.client5.http.wire - http-outgoing-3 << "{"status":"Downloading","progressDetail":{"current":101812544,"total":108571409},"progress":"[==============================================\u003e    ]  101.8MB/108.6MB","id":"a35465a6a76a"}[\r][\n]"
21:55:07.556 [docker-java-stream--2064336329] DEBUG com.github.dockerjava.zerodep.shaded.org.apache.hc.client5.http.wire - http-outgoing-3 << "[\r][\n]"
21:55:07.556 [docker-java-stream--2064336329] DEBUG com.github.dockerjava.api.command.PullImageResultCallback - ResponseItem(stream=null, status=Downloading, progressDetail=ResponseItem.ProgressDetail(current=101812544, total=108571409, start=null), progress=[==============================================>    ]  101.8MB/108.6MB, id=a35465a6a76a, from=null, time=null, errorDetail=null, error=null, aux=null)
21:55:07.710 [docker-java-stream--2064336329] DEBUG com.github.dockerjava.zerodep.shaded.org.apache.hc.client5.http.wire - http-outgoing-3 << "bb[\r][\n]"
21:55:07.710 [docker-java-stream--2064336329] DEBUG com.github.dockerjava.zerodep.shaded.org.apache.hc.client5.http.wire - http-outgoing-3 << "{"status":"Extracting","progressDetail":{"current":1114112,"total":4422601},"progress":"[============\u003e                                      ]  1.114MB/4.423MB","id":"948f1cf08e62"}[\r][\n]"
21:55:07.710 [docker-java-stream--2064336329] DEBUG com.github.dockerjava.zerodep.shaded.org.apache.hc.client5.http.wire - http-outgoing-3 << "[\r][\n]"
21:55:07.710 [docker-java-stream--2064336329] DEBUG com.github.dockerjava.api.command.PullImageResultCallback - ResponseItem(stream=null, status=Extracting, progressDetail=ResponseItem.ProgressDetail(current=1114112, total=4422601, start=null), progress=[============>                                      ]  1.114MB/4.423MB, id=948f1cf08e62, from=null, time=null, errorDetail=null, error=null, aux=null)
21:55:08.621 [docker-java-stream--2064336329] DEBUG com.github.dockerjava.zerodep.shaded.org.apache.hc.client5.http.wire - http-outgoing-3 << "bb[\r][\n]"
21:55:08.621 [docker-java-stream--2064336329] DEBUG com.github.dockerjava.zerodep.shaded.org.apache.hc.client5.http.wire - http-outgoing-3 << "{"status":"Extracting","progressDetail":{"current":1441792,"total":4422601},"progress":"[================\u003e                                  ]  1.442MB/4.423MB","id":"948f1cf08e62"}[\r][\n]"
21:55:08.621 [docker-java-stream--2064336329] DEBUG com.github.dockerjava.zerodep.shaded.org.apache.hc.client5.http.wire - http-outgoing-3 << "[\r][\n]"
21:55:08.622 [docker-java-stream--2064336329] DEBUG com.github.dockerjava.api.command.PullImageResultCallback - ResponseItem(stream=null, status=Extracting, progressDetail=ResponseItem.ProgressDetail(current=1441792, total=4422601, start=null), progress=[================>                                  ]  1.442MB/4.423MB, id=948f1cf08e62, from=null, time=null, errorDetail=null, error=null, aux=null)
21:55:08.843 [docker-java-stream--2064336329] DEBUG com.github.dockerjava.zerodep.shaded.org.apache.hc.client5.http.wire - http-outgoing-3 << "bb[\r][\n]"
21:55:08.843 [docker-java-stream--2064336329] DEBUG com.github.dockerjava.zerodep.shaded.org.apache.hc.client5.http.wire - http-outgoing-3 << "{"status":"Extracting","progressDetail":{"current":1507328,"total":4422601},"progress":"[=================\u003e                                 ]  1.507MB/4.423MB","id":"948f1cf08e62"}[\r][\n]"
21:55:08.843 [docker-java-stream--2064336329] DEBUG com.github.dockerjava.zerodep.shaded.org.apache.hc.client5.http.wire - http-outgoing-3 << "[\r][\n]"
21:55:08.844 [docker-java-stream--2064336329] DEBUG com.github.dockerjava.api.command.PullImageResultCallback - ResponseItem(stream=null, status=Extracting, progressDetail=ResponseItem.ProgressDetail(current=1507328, total=4422601, start=null), progress=[=================>                                 ]  1.507MB/4.423MB, id=948f1cf08e62, from=null, time=null, errorDetail=null, error=null, aux=null)
21:55:09.252 [docker-java-stream--2064336329] DEBUG com.github.dockerjava.zerodep.shaded.org.apache.hc.client5.http.wire - http-outgoing-3 << "bb[\r][\n]"
21:55:09.252 [docker-java-stream--2064336329] DEBUG com.github.dockerjava.zerodep.shaded.org.apache.hc.client5.http.wire - http-outgoing-3 << "{"status":"Extracting","progressDetail":{"current":1572864,"total":4422601},"progress":"[=================\u003e                                 ]  1.573MB/4.423MB","id":"948f1cf08e62"}[\r][\n]"
21:55:09.252 [docker-java-stream--2064336329] DEBUG com.github.dockerjava.zerodep.shaded.org.apache.hc.client5.http.wire - http-outgoing-3 << "[\r][\n]"
21:55:09.253 [docker-java-stream--2064336329] DEBUG com.github.dockerjava.api.command.PullImageResultCallback - ResponseItem(stream=null, status=Extracting, progressDetail=ResponseItem.ProgressDetail(current=1572864, total=4422601, start=null), progress=[=================>                                 ]  1.573MB/4.423MB, id=948f1cf08e62, from=null, time=null, errorDetail=null, error=null, aux=null)
21:55:09.351 [docker-java-stream--2064336329] DEBUG com.github.dockerjava.zerodep.shaded.org.apache.hc.client5.http.wire - http-outgoing-3 << "c0[\r][\n]"
21:55:09.351 [docker-java-stream--2064336329] DEBUG com.github.dockerjava.zerodep.shaded.org.apache.hc.client5.http.wire - http-outgoing-3 << "{"status":"Downloading","progressDetail":{"current":102893888,"total":108571409},"progress":"[===============================================\u003e   ]  102.9MB/108.6MB","id":"a35465a6a76a"}[\r][\n]"
21:55:09.351 [docker-java-stream--2064336329] DEBUG com.github.dockerjava.zerodep.shaded.org.apache.hc.client5.http.wire - http-outgoing-3 << "[\r][\n]"
21:55:09.351 [docker-java-stream--2064336329] DEBUG com.github.dockerjava.api.command.PullImageResultCallback - ResponseItem(stream=null, status=Downloading, progressDetail=ResponseItem.ProgressDetail(current=102893888, total=108571409, start=null), progress=[===============================================>   ]  102.9MB/108.6MB, id=a35465a6a76a, from=null, time=null, errorDetail=null, error=null, aux=null)
21:55:09.689 [docker-java-stream--2064336329] DEBUG com.github.dockerjava.zerodep.shaded.org.apache.hc.client5.http.wire - http-outgoing-3 << "c0[\r][\n]"
21:55:09.689 [docker-java-stream--2064336329] DEBUG com.github.dockerjava.zerodep.shaded.org.apache.hc.client5.http.wire - http-outgoing-3 << "{"status":"Downloading","progressDetail":{"current":103434560,"total":108571409},"progress":"[===============================================\u003e   ]  103.4MB/108.6MB","id":"a35465a6a76a"}[\r][\n]"
21:55:09.689 [docker-java-stream--2064336329] DEBUG com.github.dockerjava.zerodep.shaded.org.apache.hc.client5.http.wire - http-outgoing-3 << "[\r][\n]"
21:55:09.689 [docker-java-stream--2064336329] DEBUG com.github.dockerjava.api.command.PullImageResultCallback - ResponseItem(stream=null, status=Downloading, progressDetail=ResponseItem.ProgressDetail(current=103434560, total=108571409, start=null), progress=[===============================================>   ]  103.4MB/108.6MB, id=a35465a6a76a, from=null, time=null, errorDetail=null, error=null, aux=null)
21:55:09.696 [docker-java-stream--2064336329] DEBUG com.github.dockerjava.zerodep.shaded.org.apache.hc.client5.http.wire - http-outgoing-3 << "bb[\r][\n]"
21:55:09.696 [docker-java-stream--2064336329] DEBUG com.github.dockerjava.zerodep.shaded.org.apache.hc.client5.http.wire - http-outgoing-3 << "{"status":"Extracting","progressDetail":{"current":1638400,"total":4422601},"progress":"[==================\u003e                                ]  1.638MB/4.423MB","id":"948f1cf08e62"}[\r][\n]"
21:55:09.696 [docker-java-stream--2064336329] DEBUG com.github.dockerjava.zerodep.shaded.org.apache.hc.client5.http.wire - http-outgoing-3 << "[\r][\n]"
21:55:09.696 [docker-java-stream--2064336329] DEBUG com.github.dockerjava.api.command.PullImageResultCallback - ResponseItem(stream=null, status=Extracting, progressDetail=ResponseItem.ProgressDetail(current=1638400, total=4422601, start=null), progress=[==================>                                ]  1.638MB/4.423MB, id=948f1cf08e62, from=null, time=null, errorDetail=null, error=null, aux=null)
21:55:10.177 [docker-java-stream--2064336329] DEBUG com.github.dockerjava.zerodep.shaded.org.apache.hc.client5.http.wire - http-outgoing-3 << "bb[\r][\n]"
21:55:10.177 [docker-java-stream--2064336329] DEBUG com.github.dockerjava.zerodep.shaded.org.apache.hc.client5.http.wire - http-outgoing-3 << "{"status":"Extracting","progressDetail":{"current":1703936,"total":4422601},"progress":"[===================\u003e                               ]  1.704MB/4.423MB","id":"948f1cf08e62"}[\r][\n]"
21:55:10.177 [docker-java-stream--2064336329] DEBUG com.github.dockerjava.zerodep.shaded.org.apache.hc.client5.http.wire - http-outgoing-3 << "[\r][\n]"
21:55:10.178 [docker-java-stream--2064336329] DEBUG com.github.dockerjava.api.command.PullImageResultCallback - ResponseItem(stream=null, status=Extracting, progressDetail=ResponseItem.ProgressDetail(current=1703936, total=4422601, start=null), progress=[===================>                               ]  1.704MB/4.423MB, id=948f1cf08e62, from=null, time=null, errorDetail=null, error=null, aux=null)
21:55:10.599 [docker-java-stream--2064336329] DEBUG com.github.dockerjava.zerodep.shaded.org.apache.hc.client5.http.wire - http-outgoing-3 << "17b[\r][\n]"
21:55:10.599 [docker-java-stream--2064336329] DEBUG com.github.dockerjava.zerodep.shaded.org.apache.hc.client5.http.wire - http-outgoing-3 << "{"status":"Downloading","progressDetail":{"current":104503616,"total":108571409},"progress":"[================================================\u003e  ]  104.5MB/108.6MB","id":"a35465a6a76a"}[\r][\n]"
21:55:10.599 [docker-java-stream--2064336329] DEBUG com.github.dockerjava.zerodep.shaded.org.apache.hc.client5.http.wire - http-outgoing-3 << "{"status":"Extracting","progressDetail":{"current":1769472,"total":4422601},"progress":"[====================\u003e                              ]  1.769MB/4.423MB","id":"948f1cf08e62"}[\r][\n]"
21:55:10.599 [docker-java-stream--2064336329] DEBUG com.github.dockerjava.zerodep.shaded.org.apache.hc.client5.http.wire - http-outgoing-3 << "[\r][\n]"
21:55:10.600 [docker-java-stream--2064336329] DEBUG com.github.dockerjava.api.command.PullImageResultCallback - ResponseItem(stream=null, status=Downloading, progressDetail=ResponseItem.ProgressDetail(current=104503616, total=108571409, start=null), progress=[================================================>  ]  104.5MB/108.6MB, id=a35465a6a76a, from=null, time=null, errorDetail=null, error=null, aux=null)
21:55:10.600 [docker-java-stream--2064336329] DEBUG com.github.dockerjava.api.command.PullImageResultCallback - ResponseItem(stream=null, status=Extracting, progressDetail=ResponseItem.ProgressDetail(current=1769472, total=4422601, start=null), progress=[====================>                              ]  1.769MB/4.423MB, id=948f1cf08e62, from=null, time=null, errorDetail=null, error=null, aux=null)
21:55:11.068 [docker-java-stream--2064336329] DEBUG com.github.dockerjava.zerodep.shaded.org.apache.hc.client5.http.wire - http-outgoing-3 << "bb[\r][\n]"
21:55:11.068 [docker-java-stream--2064336329] DEBUG com.github.dockerjava.zerodep.shaded.org.apache.hc.client5.http.wire - http-outgoing-3 << "{"status":"Extracting","progressDetail":{"current":1835008,"total":4422601},"progress":"[====================\u003e                              ]  1.835MB/4.423MB","id":"948f1cf08e62"}[\r][\n]"
21:55:20.772 [docker-java-stream--2064336329] DEBUG com.github.dockerjava.zerodep.shaded.org.apache.hc.client5.http.wire - http-outgoing-3 << "[\r][\n]"
21:55:20.772 [docker-java-stream--2064336329] DEBUG com.github.dockerjava.api.command.PullImageResultCallback - ResponseItem(stream=null, status=Extracting, progressDetail=ResponseItem.ProgressDetail(current=1835008, total=4422601, start=null), progress=[====================>                              ]  1.835MB/4.423MB, id=948f1cf08e62, from=null, time=null, errorDetail=null, error=null, aux=null)
21:55:20.773 [docker-java-stream--2064336329] DEBUG com.github.dockerjava.zerodep.shaded.org.apache.hc.client5.http.wire - http-outgoing-3 << "bb[\r][\n]"
21:55:20.773 [docker-java-stream--2064336329] DEBUG com.github.dockerjava.zerodep.shaded.org.apache.hc.client5.http.wire - http-outgoing-3 << "{"status":"Extracting","progressDetail":{"current":1900544,"total":4422601},"progress":"[=====================\u003e                             ]  1.901MB/4.423MB","id":"948f1cf08e62"}[\r][\n]"
21:55:20.773 [docker-java-stream--2064336329] DEBUG com.github.dockerjava.zerodep.shaded.org.apache.hc.client5.http.wire - http-outgoing-3 << "[\r][\n]"
21:55:20.773 [docker-java-stream--2064336329] DEBUG com.github.dockerjava.zerodep.shaded.org.apache.hc.client5.http.wire - http-outgoing-3 << "c0[\r][\n]"
21:55:20.773 [docker-java-stream--2064336329] DEBUG com.github.dockerjava.zerodep.shaded.org.apache.hc.client5.http.wire - http-outgoing-3 << "{"status":"Downloading","progressDetail":{"current":105044288,"total":108571409},"progress":"[================================================\u003e  ]    105MB/108.6MB","id":"a35465a6a76a"}[\r][\n]"
21:55:20.773 [docker-java-stream--2064336329] DEBUG com.github.dockerjava.zerodep.shaded.org.apache.hc.client5.http.wire - http-outgoing-3 << "[\r][\n]"
21:55:20.773 [docker-java-stream--2064336329] DEBUG com.github.dockerjava.zerodep.shaded.org.apache.hc.client5.http.wire - http-outgoing-3 << "c0[\r][\n]"
21:55:20.773 [docker-java-stream--2064336329] DEBUG com.github.dockerjava.zerodep.shaded.org.apache.hc.client5.http.wire - http-outgoing-3 << "{"status":"Downloading","progressDetail":{"current":107182400,"total":108571409},"progress":"[=================================================\u003e ]  107.2MB/108.6MB","id":"a35465a6a76a"}[\r][\n]"
21:55:20.773 [docker-java-stream--2064336329] DEBUG com.github.dockerjava.zerodep.shaded.org.apache.hc.client5.http.wire - http-outgoing-3 << "[\r][\n]"
21:55:20.773 [docker-java-stream--2064336329] DEBUG com.github.dockerjava.zerodep.shaded.org.apache.hc.client5.http.wire - http-outgoing-3 << "bb[\r][\n]"
21:55:20.773 [docker-java-stream--2064336329] DEBUG com.github.dockerjava.zerodep.shaded.org.apache.hc.client5.http.wire - http-outgoing-3 << "{"status":"Extracting","progressDetail":{"current":1966080,"total":4422601},"progress":"[======================\u003e                            ]  1.966MB/4.423MB","id":"948f1cf08e62"}[\r][\n]"
21:55:20.773 [docker-java-stream--2064336329] DEBUG com.github.dockerjava.zerodep.shaded.org.apache.hc.client5.http.wire - http-outgoing-3 << "[\r][\n]"
21:55:20.773 [docker-java-stream--2064336329] DEBUG com.github.dockerjava.zerodep.shaded.org.apache.hc.client5.http.wire - http-outgoing-3 << "c0[\r][\n]"
21:55:20.773 [docker-java-stream--2064336329] DEBUG com.github.dockerjava.zerodep.shaded.org.apache.hc.client5.http.wire - http-outgoing-3 << "{"status":"Downloading","progressDetail":{"current":107718976,"total":108571409},"progress":"[=================================================\u003e ]  107.7MB/108.6MB","id":"a35465a6a76a"}[\r][\n]"
21:55:20.773 [docker-java-stream--2064336329] DEBUG com.github.dockerjava.zerodep.shaded.org.apache.hc.client5.http.wire - http-outgoing-3 << "[\r][\n]"
21:55:20.773 [docker-java-stream--2064336329] DEBUG com.github.dockerjava.zerodep.shaded.org.apache.hc.client5.http.wire - http-outgoing-3 << "bb[\r][\n]"
21:55:20.773 [docker-java-stream--2064336329] DEBUG com.github.dockerjava.zerodep.shaded.org.apache.hc.client5.http.wire - http-outgoing-3 << "{"status":"Extracting","progressDetail":{"current":2031616,"total":4422601},"progress":"[======================\u003e                            ]  2.032MB/4.423MB","id":"948f1cf08e62"}[\r][\n]"
21:55:20.773 [docker-java-stream--2064336329] DEBUG com.github.dockerjava.zerodep.shaded.org.apache.hc.client5.http.wire - http-outgoing-3 << "[\r][\n]"
21:55:20.773 [docker-java-stream--2064336329] DEBUG com.github.dockerjava.zerodep.shaded.org.apache.hc.client5.http.wire - http-outgoing-3 << "c0[\r][\n]"
21:55:20.773 [docker-java-stream--2064336329] DEBUG com.github.dockerjava.zerodep.shaded.org.apache.hc.client5.http.wire - http-outgoing-3 << "{"status":"Downloading","progressDetail":{"current":108251456,"total":108571409},"progress":"[=================================================\u003e ]  108.3MB/108.6MB","id":"a35465a6a76a"}[\r][\n]"
21:55:20.773 [docker-java-stream--2064336329] DEBUG com.github.dockerjava.zerodep.shaded.org.apache.hc.client5.http.wire - http-outgoing-3 << "[\r][\n]"
21:55:20.773 [docker-java-stream--2064336329] DEBUG com.github.dockerjava.zerodep.shaded.org.apache.hc.client5.http.wire - http-outgoing-3 << "91[\r][\n]"
21:55:20.773 [docker-java-stream--2064336329] DEBUG com.github.dockerjava.zerodep.shaded.org.apache.hc.client5.http.wire - http-outgoing-3 << "{"status":"Verifying Checksum","progressDetail":{},"id":"a35465a6a76a"}[\r][\n]"
21:55:20.773 [docker-java-stream--2064336329] DEBUG com.github.dockerjava.zerodep.shaded.org.apache.hc.client5.http.wire - http-outgoing-3 << "{"status":"Download complete","progressDetail":{},"id":"a35465a6a76a"}[\r][\n]"
21:55:20.773 [docker-java-stream--2064336329] DEBUG com.github.dockerjava.zerodep.shaded.org.apache.hc.client5.http.wire - http-outgoing-3 << "[\r][\n]"
21:55:20.773 [docker-java-stream--2064336329] DEBUG com.github.dockerjava.zerodep.shaded.org.apache.hc.client5.http.wire - http-outgoing-3 << "bb[\r][\n]"
21:55:20.773 [docker-java-stream--2064336329] DEBUG com.github.dockerjava.zerodep.shaded.org.apache.hc.client5.http.wire - http-outgoing-3 << "{"status":"Extracting","progressDetail":{"current":2097152,"total":4422601},"progress":"[=======================\u003e                           ]  2.097MB/4.423MB","id":"948f1cf08e62"}[\r][\n]"
21:55:20.773 [docker-java-stream--2064336329] DEBUG com.github.dockerjava.zerodep.shaded.org.apache.hc.client5.http.wire - http-outgoing-3 << "[\r][\n]"
21:55:20.773 [docker-java-stream--2064336329] DEBUG com.github.dockerjava.zerodep.shaded.org.apache.hc.client5.http.wire - http-outgoing-3 << "bb[\r][\n]"
21:55:20.773 [docker-java-stream--2064336329] DEBUG com.github.dockerjava.zerodep.shaded.org.apache.hc.client5.http.wire - http-outgoing-3 << "{"status":"Extracting","progressDetail":{"current":2162688,"total":4422601},"progress":"[========================\u003e                          ]  2.163MB/4.423MB","id":"948f1cf08e62"}[\r][\n]"
21:55:20.773 [docker-java-stream--2064336329] DEBUG com.github.dockerjava.zerodep.shaded.org.apache.hc.client5.http.wire - http-outgoing-3 << "[\r][\n]"
21:55:20.773 [docker-java-stream--2064336329] DEBUG com.github.dockerjava.zerodep.shaded.org.apache.hc.client5.http.wire - http-outgoing-3 << "bb[\r][\n]"
21:55:20.773 [docker-java-stream--2064336329] DEBUG com.github.dockerjava.zerodep.shaded.org.apache.hc.client5.http.wire - http-outgoing-3 << "{"status":"Extracting","progressDetail":{"current":2228224,"total":4422601},"progress":"[=========================\u003e                         ]  2.228MB/4.423MB","id":"948f1cf08e62"}[\r][\n]"
21:55:20.773 [docker-java-stream--2064336329] DEBUG com.github.dockerjava.zerodep.shaded.org.apache.hc.client5.http.wire - http-outgoing-3 << "[\r][\n]"
21:55:20.773 [docker-java-stream--2064336329] DEBUG com.github.dockerjava.zerodep.shaded.org.apache.hc.client5.http.wire - http-outgoing-3 << "bb[\r][\n]"
21:55:20.773 [docker-java-stream--2064336329] DEBUG com.github.dockerjava.zerodep.shaded.org.apache.hc.client5.http.wire - http-outgoing-3 << "{"status":"Extracting","progressDetail":{"current":2293760,"total":4422601},"progress":"[=========================\u003e                         ]  2.294MB/4.423MB","id":"948f1cf08e62"}[\r][\n]"
21:55:20.773 [docker-java-stream--2064336329] DEBUG com.github.dockerjava.zerodep.shaded.org.apache.hc.client5.http.wire - http-outgoing-3 << "[\r][\n]"
21:55:20.773 [docker-java-stream--2064336329] DEBUG com.github.dockerjava.zerodep.shaded.org.apache.hc.client5.http.wire - http-outgoing-3 << "bb[\r][\n]"
21:55:20.773 [docker-java-stream--2064336329] DEBUG com.github.dockerjava.zerodep.shaded.org.apache.hc.client5.http.wire - http-outgoing-3 << "{"status":"Extracting","progressDetail":{"current":2359296,"total":4422601},"progress":"[==========================\u003e                        ]  2.359MB/4.423MB","id":"948f1cf08e62"}[\r][\n]"
21:55:20.773 [docker-java-stream--2064336329] DEBUG com.github.dockerjava.zerodep.shaded.org.apache.hc.client5.http.wire - http-outgoing-3 << "[\r][\n]"
21:55:20.773 [docker-java-stream--2064336329] DEBUG com.github.dockerjava.zerodep.shaded.org.apache.hc.client5.http.wire - http-outgoing-3 << "bb[\r][\n]"
21:55:20.773 [docker-java-stream--2064336329] DEBUG com.github.dockerjava.zerodep.shaded.org.apache.hc.client5.http.wire - http-outgoing-3 << "{"status":"Extracting","progressDetail":{"current":2424832,"total":4422601},"progress":"[===========================\u003e                       ]  2.425MB/4.423MB","id":"948f1cf08e62"}[\r][\n]"
21:55:20.773 [docker-java-stream--2064336329] DEBUG com.github.dockerjava.zerodep.shaded.org.apache.hc.client5.http.wire - http-outgoing-3 << "[\r][\n]"
21:55:20.773 [docker-java-stream--2064336329] DEBUG com.github.dockerjava.zerodep.shaded.org.apache.hc.client5.http.wire - http-outgoing-3 << "bb[\r][\n]"
21:55:20.773 [docker-java-stream--2064336329] DEBUG com.github.dockerjava.zerodep.shaded.org.apache.hc.client5.http.wire - http-outgoing-3 << "{"status":"Extracting","progressDetail":{"current":2555904,"total":4422601},"progress":"[============================\u003e                      ]  2.556MB/4.423MB","id":"948f1cf08e62"}[\r][\n]"
21:55:20.773 [docker-java-stream--2064336329] DEBUG com.github.dockerjava.zerodep.shaded.org.apache.hc.client5.http.wire - http-outgoing-3 << "[\r][\n]"
21:55:20.773 [docker-java-stream--2064336329] DEBUG com.github.dockerjava.zerodep.shaded.org.apache.hc.client5.http.wire - http-outgoing-3 << "bb[\r][\n]"
21:55:20.773 [docker-java-stream--2064336329] DEBUG com.github.dockerjava.zerodep.shaded.org.apache.hc.client5.http.wire - http-outgoing-3 << "{"status":"Extracting","progressDetail":{"current":2621440,"total":4422601},"progress":"[=============================\u003e                     ]  2.621MB/4.423MB","id":"948f1cf08e62"}[\r][\n]"
21:55:20.773 [docker-java-stream--2064336329] DEBUG com.github.dockerjava.zerodep.shaded.org.apache.hc.client5.http.wire - http-outgoing-3 << "[\r][\n]"
21:55:20.773 [docker-java-stream--2064336329] DEBUG com.github.dockerjava.zerodep.shaded.org.apache.hc.client5.http.wire - http-outgoing-3 << "bb[\r][\n]"
21:55:20.773 [docker-java-stream--2064336329] DEBUG com.github.dockerjava.zerodep.shaded.org.apache.hc.client5.http.wire - http-outgoing-3 << "{"status":"Extracting","progressDetail":{"current":2686976,"total":4422601},"progress":"[==============================\u003e                    ]  2.687MB/4.423MB","id":"948f1cf08e62"}[\r][\n]"
21:55:20.773 [docker-java-stream--2064336329] DEBUG com.github.dockerjava.zerodep.shaded.org.apache.hc.client5.http.wire - http-outgoing-3 << "[\r][\n]"
21:55:20.773 [docker-java-stream--2064336329] DEBUG com.github.dockerjava.zerodep.shaded.org.apache.hc.client5.http.wire - http-outgoing-3 << "bb[\r][\n]"
21:55:20.773 [docker-java-stream--2064336329] DEBUG com.github.dockerjava.zerodep.shaded.org.apache.hc.client5.http.wire - http-outgoing-3 << "{"status":"Extracting","progressDetail":{"current":2818048,"total":4422601},"progress":"[===============================\u003e                   ]  2.818MB/4.423MB","id":"948f1cf08e62"}[\r][\n]"
21:55:20.773 [docker-java-stream--2064336329] DEBUG com.github.dockerjava.zerodep.shaded.org.apache.hc.client5.http.wire - http-outgoing-3 << "[\r][\n]"
21:55:20.773 [docker-java-stream--2064336329] DEBUG com.github.dockerjava.zerodep.shaded.org.apache.hc.client5.http.wire - http-outgoing-3 << "bb[\r][\n]"
21:55:20.773 [docker-java-stream--2064336329] DEBUG com.github.dockerjava.zerodep.shaded.org.apache.hc.client5.http.wire - http-outgoing-3 << "{"status":"Extracting","progressDetail":{"current":2883584,"total":4422601},"progress":"[================================\u003e                  ]  2.884MB/4.423MB","id":"948f1cf08e62"}[\r][\n]"
21:55:20.773 [docker-java-stream--2064336329] DEBUG com.github.dockerjava.zerodep.shaded.org.apache.hc.client5.http.wire - http-outgoing-3 << "[\r][\n]"
21:55:20.773 [docker-java-stream--2064336329] DEBUG com.github.dockerjava.zerodep.shaded.org.apache.hc.client5.http.wire - http-outgoing-3 << "bb[\r][\n]"
21:55:20.773 [docker-java-stream--2064336329] DEBUG com.github.dockerjava.zerodep.shaded.org.apache.hc.client5.http.wire - http-outgoing-3 << "{"status":"Extracting","progressDetail":{"current":2949120,"total":4422601},"progress":"[=================================\u003e                 ]  2.949MB/4.423MB","id":"948f1cf08e62"}[\r][\n]"
21:55:20.773 [docker-java-stream--2064336329] DEBUG com.github.dockerjava.zerodep.shaded.org.apache.hc.client5.http.wire - http-outgoing-3 << "[\r][\n]"
21:55:20.773 [docker-java-stream--2064336329] DEBUG com.github.dockerjava.zerodep.shaded.org.apache.hc.client5.http.wire - http-outgoing-3 << "bb[\r][\n]"
21:55:20.773 [docker-java-stream--2064336329] DEBUG com.github.dockerjava.zerodep.shaded.org.apache.hc.client5.http.wire - http-outgoing-3 << "{"status":"Extracting","progressDetail":{"current":3014656,"total":4422601},"progress":"[==================================\u003e                ]  3.015MB/4.423MB","id":"948f1cf08e62"}[\r][\n]"
21:55:20.773 [docker-java-stream--2064336329] DEBUG com.github.dockerjava.zerodep.shaded.org.apache.hc.client5.http.wire - http-outgoing-3 << "[\r][\n]"
21:55:20.773 [docker-java-stream--2064336329] DEBUG com.github.dockerjava.zerodep.shaded.org.apache.hc.client5.http.wire - http-outgoing-3 << "bb[\r][\n]"
21:55:20.773 [docker-java-stream--2064336329] DEBUG com.github.dockerjava.zerodep.shaded.org.apache.hc.client5.http.wire - http-outgoing-3 << "{"status":"Extracting","progressDetail":{"current":3211264,"total":4422601},"progress":"[====================================\u003e              ]  3.211MB/4.423MB","id":"948f1cf08e62"}[\r][\n]"
21:55:20.773 [docker-java-stream--2064336329] DEBUG com.github.dockerjava.zerodep.shaded.org.apache.hc.client5.http.wire - http-outgoing-3 << "[\r][\n]"
21:55:20.773 [docker-java-stream--2064336329] DEBUG com.github.dockerjava.zerodep.shaded.org.apache.hc.client5.http.wire - http-outgoing-3 << "bb[\r][\n]"
21:55:20.773 [docker-java-stream--2064336329] DEBUG com.github.dockerjava.zerodep.shaded.org.apache.hc.client5.http.wire - http-outgoing-3 << "{"status":"Extracting","progressDetail":{"current":3276800,"total":4422601},"progress":"[=====================================\u003e             ]  3.277MB/4.423MB","id":"948f1cf08e62"}[\r][\n]"
21:55:20.773 [docker-java-stream--2064336329] DEBUG com.github.dockerjava.zerodep.shaded.org.apache.hc.client5.http.wire - http-outgoing-3 << "[\r][\n]"
21:55:20.773 [docker-java-stream--2064336329] DEBUG com.github.dockerjava.zerodep.shaded.org.apache.hc.client5.http.wire - http-outgoing-3 << "bb[\r][\n]"
21:55:20.773 [docker-java-stream--2064336329] DEBUG com.github.dockerjava.zerodep.shaded.org.apache.hc.client5.http.wire - http-outgoing-3 << "{"status":"Extracting","progressDetail":{"current":3407872,"total":4422601},"progress":"[======================================\u003e            ]  3.408MB/4.423MB","id":"948f1cf08e62"}[\r][\n]"
21:55:20.773 [docker-java-stream--2064336329] DEBUG com.github.dockerjava.zerodep.shaded.org.apache.hc.client5.http.wire - http-outgoing-3 << "[\r][\n]"
21:55:20.773 [docker-java-stream--2064336329] DEBUG com.github.dockerjava.zerodep.shaded.org.apache.hc.client5.http.wire - http-outgoing-3 << "bb[\r][\n]"
21:55:20.773 [docker-java-stream--2064336329] DEBUG com.github.dockerjava.zerodep.shaded.org.apache.hc.client5.http.wire - http-outgoing-3 << "{"status":"Extracting","progressDetail":{"current":3473408,"total":4422601},"progress":"[=======================================\u003e           ]  3.473MB/4.423MB","id":"948f1cf08e62"}[\r][\n]"
21:55:20.773 [docker-java-stream--2064336329] DEBUG com.github.dockerjava.zerodep.shaded.org.apache.hc.client5.http.wire - http-outgoing-3 << "[\r][\n]"
21:55:20.773 [docker-java-stream--2064336329] DEBUG com.github.dockerjava.api.command.PullImageResultCallback - ResponseItem(stream=null, status=Extracting, progressDetail=ResponseItem.ProgressDetail(current=1900544, total=4422601, start=null), progress=[=====================>                             ]  1.901MB/4.423MB, id=948f1cf08e62, from=null, time=null, errorDetail=null, error=null, aux=null)
21:55:20.773 [docker-java-stream--2064336329] DEBUG com.github.dockerjava.api.command.PullImageResultCallback - ResponseItem(stream=null, status=Downloading, progressDetail=ResponseItem.ProgressDetail(current=105044288, total=108571409, start=null), progress=[================================================>  ]    105MB/108.6MB, id=a35465a6a76a, from=null, time=null, errorDetail=null, error=null, aux=null)
21:55:20.773 [docker-java-stream--2064336329] DEBUG com.github.dockerjava.api.command.PullImageResultCallback - ResponseItem(stream=null, status=Downloading, progressDetail=ResponseItem.ProgressDetail(current=107182400, total=108571409, start=null), progress=[=================================================> ]  107.2MB/108.6MB, id=a35465a6a76a, from=null, time=null, errorDetail=null, error=null, aux=null)
21:55:20.773 [docker-java-stream--2064336329] DEBUG com.github.dockerjava.api.command.PullImageResultCallback - ResponseItem(stream=null, status=Extracting, progressDetail=ResponseItem.ProgressDetail(current=1966080, total=4422601, start=null), progress=[======================>                            ]  1.966MB/4.423MB, id=948f1cf08e62, from=null, time=null, errorDetail=null, error=null, aux=null)
21:55:20.773 [docker-java-stream--2064336329] DEBUG com.github.dockerjava.api.command.PullImageResultCallback - ResponseItem(stream=null, status=Downloading, progressDetail=ResponseItem.ProgressDetail(current=107718976, total=108571409, start=null), progress=[=================================================> ]  107.7MB/108.6MB, id=a35465a6a76a, from=null, time=null, errorDetail=null, error=null, aux=null)
21:55:20.773 [docker-java-stream--2064336329] DEBUG com.github.dockerjava.api.command.PullImageResultCallback - ResponseItem(stream=null, status=Extracting, progressDetail=ResponseItem.ProgressDetail(current=2031616, total=4422601, start=null), progress=[======================>                            ]  2.032MB/4.423MB, id=948f1cf08e62, from=null, time=null, errorDetail=null, error=null, aux=null)
21:55:20.773 [docker-java-stream--2064336329] DEBUG com.github.dockerjava.api.command.PullImageResultCallback - ResponseItem(stream=null, status=Downloading, progressDetail=ResponseItem.ProgressDetail(current=108251456, total=108571409, start=null), progress=[=================================================> ]  108.3MB/108.6MB, id=a35465a6a76a, from=null, time=null, errorDetail=null, error=null, aux=null)
21:55:20.773 [docker-java-stream--2064336329] DEBUG com.github.dockerjava.api.command.PullImageResultCallback - ResponseItem(stream=null, status=Verifying Checksum, progressDetail=ResponseItem.ProgressDetail(current=null, total=null, start=null), progress=null, id=a35465a6a76a, from=null, time=null, errorDetail=null, error=null, aux=null)
21:55:20.773 [docker-java-stream--2064336329] DEBUG com.github.dockerjava.api.command.PullImageResultCallback - ResponseItem(stream=null, status=Download complete, progressDetail=ResponseItem.ProgressDetail(current=null, total=null, start=null), progress=null, id=a35465a6a76a, from=null, time=null, errorDetail=null, error=null, aux=null)
21:55:20.774 [docker-java-stream--2064336329] INFO tc.postgres:16.1 - Pulling image layers:  0 pending, 14 downloaded,  2 extracted, (145 MB/145 MB)
21:55:20.774 [docker-java-stream--2064336329] DEBUG com.github.dockerjava.api.command.PullImageResultCallback - ResponseItem(stream=null, status=Extracting, progressDetail=ResponseItem.ProgressDetail(current=2097152, total=4422601, start=null), progress=[=======================>                           ]  2.097MB/4.423MB, id=948f1cf08e62, from=null, time=null, errorDetail=null, error=null, aux=null)
21:55:20.774 [docker-java-stream--2064336329] DEBUG com.github.dockerjava.api.command.PullImageResultCallback - ResponseItem(stream=null, status=Extracting, progressDetail=ResponseItem.ProgressDetail(current=2162688, total=4422601, start=null), progress=[========================>                          ]  2.163MB/4.423MB, id=948f1cf08e62, from=null, time=null, errorDetail=null, error=null, aux=null)
21:55:20.774 [docker-java-stream--2064336329] DEBUG com.github.dockerjava.api.command.PullImageResultCallback - ResponseItem(stream=null, status=Extracting, progressDetail=ResponseItem.ProgressDetail(current=2228224, total=4422601, start=null), progress=[=========================>                         ]  2.228MB/4.423MB, id=948f1cf08e62, from=null, time=null, errorDetail=null, error=null, aux=null)
21:55:20.774 [docker-java-stream--2064336329] DEBUG com.github.dockerjava.api.command.PullImageResultCallback - ResponseItem(stream=null, status=Extracting, progressDetail=ResponseItem.ProgressDetail(current=2293760, total=4422601, start=null), progress=[=========================>                         ]  2.294MB/4.423MB, id=948f1cf08e62, from=null, time=null, errorDetail=null, error=null, aux=null)
21:55:20.775 [docker-java-stream--2064336329] DEBUG com.github.dockerjava.api.command.PullImageResultCallback - ResponseItem(stream=null, status=Extracting, progressDetail=ResponseItem.ProgressDetail(current=2359296, total=4422601, start=null), progress=[==========================>                        ]  2.359MB/4.423MB, id=948f1cf08e62, from=null, time=null, errorDetail=null, error=null, aux=null)
21:55:20.775 [docker-java-stream--2064336329] DEBUG com.github.dockerjava.api.command.PullImageResultCallback - ResponseItem(stream=null, status=Extracting, progressDetail=ResponseItem.ProgressDetail(current=2424832, total=4422601, start=null), progress=[===========================>                       ]  2.425MB/4.423MB, id=948f1cf08e62, from=null, time=null, errorDetail=null, error=null, aux=null)
21:55:20.775 [docker-java-stream--2064336329] DEBUG com.github.dockerjava.api.command.PullImageResultCallback - ResponseItem(stream=null, status=Extracting, progressDetail=ResponseItem.ProgressDetail(current=2555904, total=4422601, start=null), progress=[============================>                      ]  2.556MB/4.423MB, id=948f1cf08e62, from=null, time=null, errorDetail=null, error=null, aux=null)
21:55:20.775 [docker-java-stream--2064336329] DEBUG com.github.dockerjava.api.command.PullImageResultCallback - ResponseItem(stream=null, status=Extracting, progressDetail=ResponseItem.ProgressDetail(current=2621440, total=4422601, start=null), progress=[=============================>                     ]  2.621MB/4.423MB, id=948f1cf08e62, from=null, time=null, errorDetail=null, error=null, aux=null)
21:55:20.775 [docker-java-stream--2064336329] DEBUG com.github.dockerjava.api.command.PullImageResultCallback - ResponseItem(stream=null, status=Extracting, progressDetail=ResponseItem.ProgressDetail(current=2686976, total=4422601, start=null), progress=[==============================>                    ]  2.687MB/4.423MB, id=948f1cf08e62, from=null, time=null, errorDetail=null, error=null, aux=null)
21:55:20.775 [docker-java-stream--2064336329] DEBUG com.github.dockerjava.api.command.PullImageResultCallback - ResponseItem(stream=null, status=Extracting, progressDetail=ResponseItem.ProgressDetail(current=2818048, total=4422601, start=null), progress=[===============================>                   ]  2.818MB/4.423MB, id=948f1cf08e62, from=null, time=null, errorDetail=null, error=null, aux=null)
21:55:20.775 [docker-java-stream--2064336329] DEBUG com.github.dockerjava.api.command.PullImageResultCallback - ResponseItem(stream=null, status=Extracting, progressDetail=ResponseItem.ProgressDetail(current=2883584, total=4422601, start=null), progress=[================================>                  ]  2.884MB/4.423MB, id=948f1cf08e62, from=null, time=null, errorDetail=null, error=null, aux=null)
21:55:20.775 [docker-java-stream--2064336329] DEBUG com.github.dockerjava.api.command.PullImageResultCallback - ResponseItem(stream=null, status=Extracting, progressDetail=ResponseItem.ProgressDetail(current=2949120, total=4422601, start=null), progress=[=================================>                 ]  2.949MB/4.423MB, id=948f1cf08e62, from=null, time=null, errorDetail=null, error=null, aux=null)
21:55:20.775 [docker-java-stream--2064336329] DEBUG com.github.dockerjava.api.command.PullImageResultCallback - ResponseItem(stream=null, status=Extracting, progressDetail=ResponseItem.ProgressDetail(current=3014656, total=4422601, start=null), progress=[==================================>                ]  3.015MB/4.423MB, id=948f1cf08e62, from=null, time=null, errorDetail=null, error=null, aux=null)
21:55:20.775 [docker-java-stream--2064336329] DEBUG com.github.dockerjava.api.command.PullImageResultCallback - ResponseItem(stream=null, status=Extracting, progressDetail=ResponseItem.ProgressDetail(current=3211264, total=4422601, start=null), progress=[====================================>              ]  3.211MB/4.423MB, id=948f1cf08e62, from=null, time=null, errorDetail=null, error=null, aux=null)
21:55:20.775 [docker-java-stream--2064336329] DEBUG com.github.dockerjava.api.command.PullImageResultCallback - ResponseItem(stream=null, status=Extracting, progressDetail=ResponseItem.ProgressDetail(current=3276800, total=4422601, start=null), progress=[=====================================>             ]  3.277MB/4.423MB, id=948f1cf08e62, from=null, time=null, errorDetail=null, error=null, aux=null)
21:55:20.775 [docker-java-stream--2064336329] DEBUG com.github.dockerjava.api.command.PullImageResultCallback - ResponseItem(stream=null, status=Extracting, progressDetail=ResponseItem.ProgressDetail(current=3407872, total=4422601, start=null), progress=[======================================>            ]  3.408MB/4.423MB, id=948f1cf08e62, from=null, time=null, errorDetail=null, error=null, aux=null)
21:55:20.775 [docker-java-stream--2064336329] DEBUG com.github.dockerjava.api.command.PullImageResultCallback - ResponseItem(stream=null, status=Extracting, progressDetail=ResponseItem.ProgressDetail(current=3473408, total=4422601, start=null), progress=[=======================================>           ]  3.473MB/4.423MB, id=948f1cf08e62, from=null, time=null, errorDetail=null, error=null, aux=null)
21:55:22.590 [docker-java-stream--2064336329] DEBUG com.github.dockerjava.zerodep.shaded.org.apache.hc.client5.http.wire - http-outgoing-3 << "bb[\r][\n]"
21:55:22.591 [docker-java-stream--2064336329] DEBUG com.github.dockerjava.zerodep.shaded.org.apache.hc.client5.http.wire - http-outgoing-3 << "{"status":"Extracting","progressDetail":{"current":3670016,"total":4422601},"progress":"[=========================================\u003e         ]   3.67MB/4.423MB","id":"948f1cf08e62"}[\r][\n]"
21:55:22.591 [docker-java-stream--2064336329] DEBUG com.github.dockerjava.zerodep.shaded.org.apache.hc.client5.http.wire - http-outgoing-3 << "[\r][\n]"
21:55:22.591 [docker-java-stream--2064336329] DEBUG com.github.dockerjava.api.command.PullImageResultCallback - ResponseItem(stream=null, status=Extracting, progressDetail=ResponseItem.ProgressDetail(current=3670016, total=4422601, start=null), progress=[=========================================>         ]   3.67MB/4.423MB, id=948f1cf08e62, from=null, time=null, errorDetail=null, error=null, aux=null)
21:55:23.867 [docker-java-stream--2064336329] DEBUG com.github.dockerjava.zerodep.shaded.org.apache.hc.client5.http.wire - http-outgoing-3 << "bb[\r][\n]"
21:55:23.867 [docker-java-stream--2064336329] DEBUG com.github.dockerjava.zerodep.shaded.org.apache.hc.client5.http.wire - http-outgoing-3 << "{"status":"Extracting","progressDetail":{"current":3735552,"total":4422601},"progress":"[==========================================\u003e        ]  3.736MB/4.423MB","id":"948f1cf08e62"}[\r][\n]"
21:55:23.867 [docker-java-stream--2064336329] DEBUG com.github.dockerjava.zerodep.shaded.org.apache.hc.client5.http.wire - http-outgoing-3 << "[\r][\n]"
21:55:23.867 [docker-java-stream--2064336329] DEBUG com.github.dockerjava.api.command.PullImageResultCallback - ResponseItem(stream=null, status=Extracting, progressDetail=ResponseItem.ProgressDetail(current=3735552, total=4422601, start=null), progress=[==========================================>        ]  3.736MB/4.423MB, id=948f1cf08e62, from=null, time=null, errorDetail=null, error=null, aux=null)
21:55:24.101 [docker-java-stream--2064336329] DEBUG com.github.dockerjava.zerodep.shaded.org.apache.hc.client5.http.wire - http-outgoing-3 << "bb[\r][\n]"
21:55:24.101 [docker-java-stream--2064336329] DEBUG com.github.dockerjava.zerodep.shaded.org.apache.hc.client5.http.wire - http-outgoing-3 << "{"status":"Extracting","progressDetail":{"current":3801088,"total":4422601},"progress":"[==========================================\u003e        ]  3.801MB/4.423MB","id":"948f1cf08e62"}[\r][\n]"
21:55:24.101 [docker-java-stream--2064336329] DEBUG com.github.dockerjava.zerodep.shaded.org.apache.hc.client5.http.wire - http-outgoing-3 << "[\r][\n]"
21:55:24.102 [docker-java-stream--2064336329] DEBUG com.github.dockerjava.api.command.PullImageResultCallback - ResponseItem(stream=null, status=Extracting, progressDetail=ResponseItem.ProgressDetail(current=3801088, total=4422601, start=null), progress=[==========================================>        ]  3.801MB/4.423MB, id=948f1cf08e62, from=null, time=null, errorDetail=null, error=null, aux=null)
21:55:24.530 [docker-java-stream--2064336329] DEBUG com.github.dockerjava.zerodep.shaded.org.apache.hc.client5.http.wire - http-outgoing-3 << "bb[\r][\n]"
21:55:24.530 [docker-java-stream--2064336329] DEBUG com.github.dockerjava.zerodep.shaded.org.apache.hc.client5.http.wire - http-outgoing-3 << "{"status":"Extracting","progressDetail":{"current":3932160,"total":4422601},"progress":"[============================================\u003e      ]  3.932MB/4.423MB","id":"948f1cf08e62"}[\r][\n]"
21:55:24.530 [docker-java-stream--2064336329] DEBUG com.github.dockerjava.zerodep.shaded.org.apache.hc.client5.http.wire - http-outgoing-3 << "[\r][\n]"
21:55:24.530 [docker-java-stream--2064336329] DEBUG com.github.dockerjava.api.command.PullImageResultCallback - ResponseItem(stream=null, status=Extracting, progressDetail=ResponseItem.ProgressDetail(current=3932160, total=4422601, start=null), progress=[============================================>      ]  3.932MB/4.423MB, id=948f1cf08e62, from=null, time=null, errorDetail=null, error=null, aux=null)
21:55:25.075 [docker-java-stream--2064336329] DEBUG com.github.dockerjava.zerodep.shaded.org.apache.hc.client5.http.wire - http-outgoing-3 << "bb[\r][\n]"
21:55:25.075 [docker-java-stream--2064336329] DEBUG com.github.dockerjava.zerodep.shaded.org.apache.hc.client5.http.wire - http-outgoing-3 << "{"status":"Extracting","progressDetail":{"current":3997696,"total":4422601},"progress":"[=============================================\u003e     ]  3.998MB/4.423MB","id":"948f1cf08e62"}[\r][\n]"
21:55:25.075 [docker-java-stream--2064336329] DEBUG com.github.dockerjava.zerodep.shaded.org.apache.hc.client5.http.wire - http-outgoing-3 << "[\r][\n]"
21:55:25.076 [docker-java-stream--2064336329] DEBUG com.github.dockerjava.api.command.PullImageResultCallback - ResponseItem(stream=null, status=Extracting, progressDetail=ResponseItem.ProgressDetail(current=3997696, total=4422601, start=null), progress=[=============================================>     ]  3.998MB/4.423MB, id=948f1cf08e62, from=null, time=null, errorDetail=null, error=null, aux=null)
21:55:25.429 [docker-java-stream--2064336329] DEBUG com.github.dockerjava.zerodep.shaded.org.apache.hc.client5.http.wire - http-outgoing-3 << "bb[\r][\n]"
21:55:25.429 [docker-java-stream--2064336329] DEBUG com.github.dockerjava.zerodep.shaded.org.apache.hc.client5.http.wire - http-outgoing-3 << "{"status":"Extracting","progressDetail":{"current":4063232,"total":4422601},"progress":"[=============================================\u003e     ]  4.063MB/4.423MB","id":"948f1cf08e62"}[\r][\n]"
21:55:25.429 [docker-java-stream--2064336329] DEBUG com.github.dockerjava.zerodep.shaded.org.apache.hc.client5.http.wire - http-outgoing-3 << "[\r][\n]"
21:55:25.429 [docker-java-stream--2064336329] DEBUG com.github.dockerjava.api.command.PullImageResultCallback - ResponseItem(stream=null, status=Extracting, progressDetail=ResponseItem.ProgressDetail(current=4063232, total=4422601, start=null), progress=[=============================================>     ]  4.063MB/4.423MB, id=948f1cf08e62, from=null, time=null, errorDetail=null, error=null, aux=null)
21:55:27.904 [docker-java-stream--2064336329] DEBUG com.github.dockerjava.zerodep.shaded.org.apache.hc.client5.http.wire - http-outgoing-3 << "bb[\r][\n]"
21:55:27.904 [docker-java-stream--2064336329] DEBUG com.github.dockerjava.zerodep.shaded.org.apache.hc.client5.http.wire - http-outgoing-3 << "{"status":"Extracting","progressDetail":{"current":4325376,"total":4422601},"progress":"[================================================\u003e  ]  4.325MB/4.423MB","id":"948f1cf08e62"}[\r][\n]"
21:55:27.904 [docker-java-stream--2064336329] DEBUG com.github.dockerjava.zerodep.shaded.org.apache.hc.client5.http.wire - http-outgoing-3 << "[\r][\n]"
21:55:28.041 [docker-java-stream--2064336329] DEBUG com.github.dockerjava.api.command.PullImageResultCallback - ResponseItem(stream=null, status=Extracting, progressDetail=ResponseItem.ProgressDetail(current=4325376, total=4422601, start=null), progress=[================================================>  ]  4.325MB/4.423MB, id=948f1cf08e62, from=null, time=null, errorDetail=null, error=null, aux=null)
21:55:29.523 [docker-java-stream--2064336329] DEBUG com.github.dockerjava.zerodep.shaded.org.apache.hc.client5.http.wire - http-outgoing-3 << "bb[\r][\n]"
21:55:29.524 [docker-java-stream--2064336329] DEBUG com.github.dockerjava.zerodep.shaded.org.apache.hc.client5.http.wire - http-outgoing-3 << "{"status":"Extracting","progressDetail":{"current":4390912,"total":4422601},"progress":"[=================================================\u003e ]  4.391MB/4.423MB","id":"948f1cf08e62"}[\r][\n]"
21:55:29.524 [docker-java-stream--2064336329] DEBUG com.github.dockerjava.zerodep.shaded.org.apache.hc.client5.http.wire - http-outgoing-3 << "[\r][\n]"
21:55:29.524 [docker-java-stream--2064336329] DEBUG com.github.dockerjava.api.command.PullImageResultCallback - ResponseItem(stream=null, status=Extracting, progressDetail=ResponseItem.ProgressDetail(current=4390912, total=4422601, start=null), progress=[=================================================> ]  4.391MB/4.423MB, id=948f1cf08e62, from=null, time=null, errorDetail=null, error=null, aux=null)
21:55:32.294 [docker-java-stream--2064336329] DEBUG com.github.dockerjava.zerodep.shaded.org.apache.hc.client5.http.wire - http-outgoing-3 << "bb[\r][\n]"
21:55:32.294 [docker-java-stream--2064336329] DEBUG com.github.dockerjava.zerodep.shaded.org.apache.hc.client5.http.wire - http-outgoing-3 << "{"status":"Extracting","progressDetail":{"current":4422601,"total":4422601},"progress":"[==================================================\u003e]  4.423MB/4.423MB","id":"948f1cf08e62"}[\r][\n]"
21:55:32.294 [docker-java-stream--2064336329] DEBUG com.github.dockerjava.zerodep.shaded.org.apache.hc.client5.http.wire - http-outgoing-3 << "[\r][\n]"
21:55:32.295 [docker-java-stream--2064336329] DEBUG com.github.dockerjava.api.command.PullImageResultCallback - ResponseItem(stream=null, status=Extracting, progressDetail=ResponseItem.ProgressDetail(current=4422601, total=4422601, start=null), progress=[==================================================>]  4.423MB/4.423MB, id=948f1cf08e62, from=null, time=null, errorDetail=null, error=null, aux=null)
21:55:39.213 [docker-java-stream--2064336329] DEBUG com.github.dockerjava.zerodep.shaded.org.apache.hc.client5.http.wire - http-outgoing-3 << "44[\r][\n]"
21:55:39.214 [docker-java-stream--2064336329] DEBUG com.github.dockerjava.zerodep.shaded.org.apache.hc.client5.http.wire - http-outgoing-3 << "{"status":"Pull complete","progressDetail":{},"id":"948f1cf08e62"}[\r][\n]"
21:55:39.214 [docker-java-stream--2064336329] DEBUG com.github.dockerjava.zerodep.shaded.org.apache.hc.client5.http.wire - http-outgoing-3 << "[\r][\n]"
21:55:39.214 [docker-java-stream--2064336329] DEBUG com.github.dockerjava.api.command.PullImageResultCallback - ResponseItem(stream=null, status=Pull complete, progressDetail=ResponseItem.ProgressDetail(current=null, total=null, start=null), progress=null, id=948f1cf08e62, from=null, time=null, errorDetail=null, error=null, aux=null)
21:55:39.218 [docker-java-stream--2064336329] INFO tc.postgres:16.1 - Pulling image layers:  0 pending, 14 downloaded,  3 extracted, (145 MB/145 MB)
21:55:39.834 [docker-java-stream--2064336329] DEBUG com.github.dockerjava.zerodep.shaded.org.apache.hc.client5.http.wire - http-outgoing-3 << "b9[\r][\n]"
21:55:39.835 [docker-java-stream--2064336329] DEBUG com.github.dockerjava.zerodep.shaded.org.apache.hc.client5.http.wire - http-outgoing-3 << "{"status":"Extracting","progressDetail":{"current":32768,"total":1445272},"progress":"[=\u003e                                                 ]  32.77kB/1.445MB","id":"1a83ab26a0f0"}[\r][\n]"
21:55:39.835 [docker-java-stream--2064336329] DEBUG com.github.dockerjava.zerodep.shaded.org.apache.hc.client5.http.wire - http-outgoing-3 << "[\r][\n]"
21:55:39.835 [docker-java-stream--2064336329] DEBUG com.github.dockerjava.api.command.PullImageResultCallback - ResponseItem(stream=null, status=Extracting, progressDetail=ResponseItem.ProgressDetail(current=32768, total=1445272, start=null), progress=[=>                                                 ]  32.77kB/1.445MB, id=1a83ab26a0f0, from=null, time=null, errorDetail=null, error=null, aux=null)
21:55:40.010 [docker-java-stream--2064336329] DEBUG com.github.dockerjava.zerodep.shaded.org.apache.hc.client5.http.wire - http-outgoing-3 << "ba[\r][\n]"
21:55:40.010 [docker-java-stream--2064336329] DEBUG com.github.dockerjava.zerodep.shaded.org.apache.hc.client5.http.wire - http-outgoing-3 << "{"status":"Extracting","progressDetail":{"current":131072,"total":1445272},"progress":"[====\u003e                                              ]  131.1kB/1.445MB","id":"1a83ab26a0f0"}[\r][\n]"
21:55:40.010 [docker-java-stream--2064336329] DEBUG com.github.dockerjava.zerodep.shaded.org.apache.hc.client5.http.wire - http-outgoing-3 << "[\r][\n]"
21:55:40.011 [docker-java-stream--2064336329] DEBUG com.github.dockerjava.api.command.PullImageResultCallback - ResponseItem(stream=null, status=Extracting, progressDetail=ResponseItem.ProgressDetail(current=131072, total=1445272, start=null), progress=[====>                                              ]  131.1kB/1.445MB, id=1a83ab26a0f0, from=null, time=null, errorDetail=null, error=null, aux=null)
21:55:40.229 [docker-java-stream--2064336329] DEBUG com.github.dockerjava.zerodep.shaded.org.apache.hc.client5.http.wire - http-outgoing-3 << "ba[\r][\n]"
21:55:40.229 [docker-java-stream--2064336329] DEBUG com.github.dockerjava.zerodep.shaded.org.apache.hc.client5.http.wire - http-outgoing-3 << "{"status":"Extracting","progressDetail":{"current":262144,"total":1445272},"progress":"[=========\u003e                                         ]  262.1kB/1.445MB","id":"1a83ab26a0f0"}[\r][\n]"
21:55:40.229 [docker-java-stream--2064336329] DEBUG com.github.dockerjava.zerodep.shaded.org.apache.hc.client5.http.wire - http-outgoing-3 << "[\r][\n]"
21:55:40.230 [docker-java-stream--2064336329] DEBUG com.github.dockerjava.api.command.PullImageResultCallback - ResponseItem(stream=null, status=Extracting, progressDetail=ResponseItem.ProgressDetail(current=262144, total=1445272, start=null), progress=[=========>                                         ]  262.1kB/1.445MB, id=1a83ab26a0f0, from=null, time=null, errorDetail=null, error=null, aux=null)
21:55:40.486 [docker-java-stream--2064336329] DEBUG com.github.dockerjava.zerodep.shaded.org.apache.hc.client5.http.wire - http-outgoing-3 << "ba[\r][\n]"
21:55:40.486 [docker-java-stream--2064336329] DEBUG com.github.dockerjava.zerodep.shaded.org.apache.hc.client5.http.wire - http-outgoing-3 << "{"status":"Extracting","progressDetail":{"current":917504,"total":1445272},"progress":"[===============================\u003e                   ]  917.5kB/1.445MB","id":"1a83ab26a0f0"}[\r][\n]"
21:55:40.486 [docker-java-stream--2064336329] DEBUG com.github.dockerjava.zerodep.shaded.org.apache.hc.client5.http.wire - http-outgoing-3 << "[\r][\n]"
21:55:40.486 [docker-java-stream--2064336329] DEBUG com.github.dockerjava.api.command.PullImageResultCallback - ResponseItem(stream=null, status=Extracting, progressDetail=ResponseItem.ProgressDetail(current=917504, total=1445272, start=null), progress=[===============================>                   ]  917.5kB/1.445MB, id=1a83ab26a0f0, from=null, time=null, errorDetail=null, error=null, aux=null)
21:55:40.740 [docker-java-stream--2064336329] DEBUG com.github.dockerjava.zerodep.shaded.org.apache.hc.client5.http.wire - http-outgoing-3 << "bb[\r][\n]"
21:55:40.772 [docker-java-stream--2064336329] DEBUG com.github.dockerjava.zerodep.shaded.org.apache.hc.client5.http.wire - http-outgoing-3 << "{"status":"Extracting","progressDetail":{"current":1146880,"total":1445272},"progress":"[=======================================\u003e           ]  1.147MB/1.445MB","id":"1a83ab26a0f0"}[\r][\n]"
21:55:40.772 [docker-java-stream--2064336329] DEBUG com.github.dockerjava.zerodep.shaded.org.apache.hc.client5.http.wire - http-outgoing-3 << "[\r][\n]"
21:55:40.772 [docker-java-stream--2064336329] DEBUG com.github.dockerjava.api.command.PullImageResultCallback - ResponseItem(stream=null, status=Extracting, progressDetail=ResponseItem.ProgressDetail(current=1146880, total=1445272, start=null), progress=[=======================================>           ]  1.147MB/1.445MB, id=1a83ab26a0f0, from=null, time=null, errorDetail=null, error=null, aux=null)
21:55:40.952 [docker-java-stream--2064336329] DEBUG com.github.dockerjava.zerodep.shaded.org.apache.hc.client5.http.wire - http-outgoing-3 << "bb[\r][\n]"
21:55:40.952 [docker-java-stream--2064336329] DEBUG com.github.dockerjava.zerodep.shaded.org.apache.hc.client5.http.wire - http-outgoing-3 << "{"status":"Extracting","progressDetail":{"current":1179648,"total":1445272},"progress":"[========================================\u003e          ]   1.18MB/1.445MB","id":"1a83ab26a0f0"}[\r][\n]"
21:55:40.952 [docker-java-stream--2064336329] DEBUG com.github.dockerjava.zerodep.shaded.org.apache.hc.client5.http.wire - http-outgoing-3 << "[\r][\n]"
21:55:40.953 [docker-java-stream--2064336329] DEBUG com.github.dockerjava.api.command.PullImageResultCallback - ResponseItem(stream=null, status=Extracting, progressDetail=ResponseItem.ProgressDetail(current=1179648, total=1445272, start=null), progress=[========================================>          ]   1.18MB/1.445MB, id=1a83ab26a0f0, from=null, time=null, errorDetail=null, error=null, aux=null)
21:55:41.063 [docker-java-stream--2064336329] DEBUG com.github.dockerjava.zerodep.shaded.org.apache.hc.client5.http.wire - http-outgoing-3 << "bb[\r][\n]"
21:55:41.063 [docker-java-stream--2064336329] DEBUG com.github.dockerjava.zerodep.shaded.org.apache.hc.client5.http.wire - http-outgoing-3 << "{"status":"Extracting","progressDetail":{"current":1212416,"total":1445272},"progress":"[=========================================\u003e         ]  1.212MB/1.445MB","id":"1a83ab26a0f0"}[\r][\n]"
21:55:41.063 [docker-java-stream--2064336329] DEBUG com.github.dockerjava.zerodep.shaded.org.apache.hc.client5.http.wire - http-outgoing-3 << "[\r][\n]"
21:55:41.064 [docker-java-stream--2064336329] DEBUG com.github.dockerjava.api.command.PullImageResultCallback - ResponseItem(stream=null, status=Extracting, progressDetail=ResponseItem.ProgressDetail(current=1212416, total=1445272, start=null), progress=[=========================================>         ]  1.212MB/1.445MB, id=1a83ab26a0f0, from=null, time=null, errorDetail=null, error=null, aux=null)
21:55:41.445 [docker-java-stream--2064336329] DEBUG com.github.dockerjava.zerodep.shaded.org.apache.hc.client5.http.wire - http-outgoing-3 << "bb[\r][\n]"
21:55:41.445 [docker-java-stream--2064336329] DEBUG com.github.dockerjava.zerodep.shaded.org.apache.hc.client5.http.wire - http-outgoing-3 << "{"status":"Extracting","progressDetail":{"current":1245184,"total":1445272},"progress":"[===========================================\u003e       ]  1.245MB/1.445MB","id":"1a83ab26a0f0"}[\r][\n]"
21:55:41.445 [docker-java-stream--2064336329] DEBUG com.github.dockerjava.zerodep.shaded.org.apache.hc.client5.http.wire - http-outgoing-3 << "[\r][\n]"
21:55:41.446 [docker-java-stream--2064336329] DEBUG com.github.dockerjava.api.command.PullImageResultCallback - ResponseItem(stream=null, status=Extracting, progressDetail=ResponseItem.ProgressDetail(current=1245184, total=1445272, start=null), progress=[===========================================>       ]  1.245MB/1.445MB, id=1a83ab26a0f0, from=null, time=null, errorDetail=null, error=null, aux=null)
21:55:41.632 [docker-java-stream--2064336329] DEBUG com.github.dockerjava.zerodep.shaded.org.apache.hc.client5.http.wire - http-outgoing-3 << "bb[\r][\n]"
21:55:41.633 [docker-java-stream--2064336329] DEBUG com.github.dockerjava.zerodep.shaded.org.apache.hc.client5.http.wire - http-outgoing-3 << "{"status":"Extracting","progressDetail":{"current":1376256,"total":1445272},"progress":"[===============================================\u003e   ]  1.376MB/1.445MB","id":"1a83ab26a0f0"}[\r][\n]"
21:55:41.644 [docker-java-stream--2064336329] DEBUG com.github.dockerjava.zerodep.shaded.org.apache.hc.client5.http.wire - http-outgoing-3 << "[\r][\n]"
21:55:41.661 [docker-java-stream--2064336329] DEBUG com.github.dockerjava.api.command.PullImageResultCallback - ResponseItem(stream=null, status=Extracting, progressDetail=ResponseItem.ProgressDetail(current=1376256, total=1445272, start=null), progress=[===============================================>   ]  1.376MB/1.445MB, id=1a83ab26a0f0, from=null, time=null, errorDetail=null, error=null, aux=null)
21:55:43.261 [docker-java-stream--2064336329] DEBUG com.github.dockerjava.zerodep.shaded.org.apache.hc.client5.http.wire - http-outgoing-3 << "bb[\r][\n]"
21:55:43.261 [docker-java-stream--2064336329] DEBUG com.github.dockerjava.zerodep.shaded.org.apache.hc.client5.http.wire - http-outgoing-3 << "{"status":"Extracting","progressDetail":{"current":1445272,"total":1445272},"progress":"[==================================================\u003e]  1.445MB/1.445MB","id":"1a83ab26a0f0"}[\r][\n]"
21:55:43.261 [docker-java-stream--2064336329] DEBUG com.github.dockerjava.zerodep.shaded.org.apache.hc.client5.http.wire - http-outgoing-3 << "[\r][\n]"
21:55:43.262 [docker-java-stream--2064336329] DEBUG com.github.dockerjava.api.command.PullImageResultCallback - ResponseItem(stream=null, status=Extracting, progressDetail=ResponseItem.ProgressDetail(current=1445272, total=1445272, start=null), progress=[==================================================>]  1.445MB/1.445MB, id=1a83ab26a0f0, from=null, time=null, errorDetail=null, error=null, aux=null)
21:55:45.751 [docker-java-stream--2064336329] DEBUG com.github.dockerjava.zerodep.shaded.org.apache.hc.client5.http.wire - http-outgoing-3 << "44[\r][\n]"
21:55:45.751 [docker-java-stream--2064336329] DEBUG com.github.dockerjava.zerodep.shaded.org.apache.hc.client5.http.wire - http-outgoing-3 << "{"status":"Pull complete","progressDetail":{},"id":"1a83ab26a0f0"}[\r][\n]"
21:55:45.751 [docker-java-stream--2064336329] DEBUG com.github.dockerjava.zerodep.shaded.org.apache.hc.client5.http.wire - http-outgoing-3 << "[\r][\n]"
21:55:45.752 [docker-java-stream--2064336329] DEBUG com.github.dockerjava.api.command.PullImageResultCallback - ResponseItem(stream=null, status=Pull complete, progressDetail=ResponseItem.ProgressDetail(current=null, total=null, start=null), progress=null, id=1a83ab26a0f0, from=null, time=null, errorDetail=null, error=null, aux=null)
21:55:45.754 [docker-java-stream--2064336329] INFO tc.postgres:16.1 - Pulling image layers:  0 pending, 14 downloaded,  4 extracted, (145 MB/145 MB)
21:55:46.493 [docker-java-stream--2064336329] DEBUG com.github.dockerjava.zerodep.shaded.org.apache.hc.client5.http.wire - http-outgoing-3 << "b9[\r][\n]"
21:55:46.493 [docker-java-stream--2064336329] DEBUG com.github.dockerjava.zerodep.shaded.org.apache.hc.client5.http.wire - http-outgoing-3 << "{"status":"Extracting","progressDetail":{"current":98304,"total":8065496},"progress":"[\u003e                                                  ]   98.3kB/8.065MB","id":"12bab27fafd3"}[\r][\n]"
21:55:46.493 [docker-java-stream--2064336329] DEBUG com.github.dockerjava.zerodep.shaded.org.apache.hc.client5.http.wire - http-outgoing-3 << "[\r][\n]"
21:55:46.493 [docker-java-stream--2064336329] DEBUG com.github.dockerjava.api.command.PullImageResultCallback - ResponseItem(stream=null, status=Extracting, progressDetail=ResponseItem.ProgressDetail(current=98304, total=8065496, start=null), progress=[>                                                  ]   98.3kB/8.065MB, id=12bab27fafd3, from=null, time=null, errorDetail=null, error=null, aux=null)
21:55:48.013 [docker-java-stream--2064336329] DEBUG com.github.dockerjava.zerodep.shaded.org.apache.hc.client5.http.wire - http-outgoing-3 << "ba[\r][\n]"
21:55:48.014 [docker-java-stream--2064336329] DEBUG com.github.dockerjava.zerodep.shaded.org.apache.hc.client5.http.wire - http-outgoing-3 << "{"status":"Extracting","progressDetail":{"current":196608,"total":8065496},"progress":"[=\u003e                                                 ]  196.6kB/8.065MB","id":"12bab27fafd3"}[\r][\n]"
21:55:48.014 [docker-java-stream--2064336329] DEBUG com.github.dockerjava.zerodep.shaded.org.apache.hc.client5.http.wire - http-outgoing-3 << "[\r][\n]"
21:55:48.014 [docker-java-stream--2064336329] DEBUG com.github.dockerjava.api.command.PullImageResultCallback - ResponseItem(stream=null, status=Extracting, progressDetail=ResponseItem.ProgressDetail(current=196608, total=8065496, start=null), progress=[=>                                                 ]  196.6kB/8.065MB, id=12bab27fafd3, from=null, time=null, errorDetail=null, error=null, aux=null)
21:55:48.202 [docker-java-stream--2064336329] DEBUG com.github.dockerjava.zerodep.shaded.org.apache.hc.client5.http.wire - http-outgoing-3 << "ba[\r][\n]"
21:55:48.202 [docker-java-stream--2064336329] DEBUG com.github.dockerjava.zerodep.shaded.org.apache.hc.client5.http.wire - http-outgoing-3 << "{"status":"Extracting","progressDetail":{"current":294912,"total":8065496},"progress":"[=\u003e                                                 ]  294.9kB/8.065MB","id":"12bab27fafd3"}[\r][\n]"
21:55:48.202 [docker-java-stream--2064336329] DEBUG com.github.dockerjava.zerodep.shaded.org.apache.hc.client5.http.wire - http-outgoing-3 << "[\r][\n]"
21:55:48.203 [docker-java-stream--2064336329] DEBUG com.github.dockerjava.api.command.PullImageResultCallback - ResponseItem(stream=null, status=Extracting, progressDetail=ResponseItem.ProgressDetail(current=294912, total=8065496, start=null), progress=[=>                                                 ]  294.9kB/8.065MB, id=12bab27fafd3, from=null, time=null, errorDetail=null, error=null, aux=null)
21:55:48.577 [docker-java-stream--2064336329] DEBUG com.github.dockerjava.zerodep.shaded.org.apache.hc.client5.http.wire - http-outgoing-3 << "ba[\r][\n]"
21:55:48.577 [docker-java-stream--2064336329] DEBUG com.github.dockerjava.zerodep.shaded.org.apache.hc.client5.http.wire - http-outgoing-3 << "{"status":"Extracting","progressDetail":{"current":393216,"total":8065496},"progress":"[==\u003e                                                ]  393.2kB/8.065MB","id":"12bab27fafd3"}[\r][\n]"
21:55:48.577 [docker-java-stream--2064336329] DEBUG com.github.dockerjava.zerodep.shaded.org.apache.hc.client5.http.wire - http-outgoing-3 << "[\r][\n]"
21:55:48.578 [docker-java-stream--2064336329] DEBUG com.github.dockerjava.api.command.PullImageResultCallback - ResponseItem(stream=null, status=Extracting, progressDetail=ResponseItem.ProgressDetail(current=393216, total=8065496, start=null), progress=[==>                                                ]  393.2kB/8.065MB, id=12bab27fafd3, from=null, time=null, errorDetail=null, error=null, aux=null)
21:55:50.459 [docker-java-stream--2064336329] DEBUG com.github.dockerjava.zerodep.shaded.org.apache.hc.client5.http.wire - http-outgoing-3 << "ba[\r][\n]"
21:55:50.459 [docker-java-stream--2064336329] DEBUG com.github.dockerjava.zerodep.shaded.org.apache.hc.client5.http.wire - http-outgoing-3 << "{"status":"Extracting","progressDetail":{"current":786432,"total":8065496},"progress":"[====\u003e                                              ]  786.4kB/8.065MB","id":"12bab27fafd3"}[\r][\n]"
21:55:50.459 [docker-java-stream--2064336329] DEBUG com.github.dockerjava.zerodep.shaded.org.apache.hc.client5.http.wire - http-outgoing-3 << "[\r][\n]"
21:55:50.459 [docker-java-stream--2064336329] DEBUG com.github.dockerjava.api.command.PullImageResultCallback - ResponseItem(stream=null, status=Extracting, progressDetail=ResponseItem.ProgressDetail(current=786432, total=8065496, start=null), progress=[====>                                              ]  786.4kB/8.065MB, id=12bab27fafd3, from=null, time=null, errorDetail=null, error=null, aux=null)
21:55:50.718 [docker-java-stream--2064336329] DEBUG com.github.dockerjava.zerodep.shaded.org.apache.hc.client5.http.wire - http-outgoing-3 << "ba[\r][\n]"
21:55:50.718 [docker-java-stream--2064336329] DEBUG com.github.dockerjava.zerodep.shaded.org.apache.hc.client5.http.wire - http-outgoing-3 << "{"status":"Extracting","progressDetail":{"current":884736,"total":8065496},"progress":"[=====\u003e                                             ]  884.7kB/8.065MB","id":"12bab27fafd3"}[\r][\n]"
21:55:50.719 [docker-java-stream--2064336329] DEBUG com.github.dockerjava.zerodep.shaded.org.apache.hc.client5.http.wire - http-outgoing-3 << "[\r][\n]"
21:55:50.719 [docker-java-stream--2064336329] DEBUG com.github.dockerjava.api.command.PullImageResultCallback - ResponseItem(stream=null, status=Extracting, progressDetail=ResponseItem.ProgressDetail(current=884736, total=8065496, start=null), progress=[=====>                                             ]  884.7kB/8.065MB, id=12bab27fafd3, from=null, time=null, errorDetail=null, error=null, aux=null)
21:55:51.126 [docker-java-stream--2064336329] DEBUG com.github.dockerjava.zerodep.shaded.org.apache.hc.client5.http.wire - http-outgoing-3 << "ba[\r][\n]"
21:55:51.126 [docker-java-stream--2064336329] DEBUG com.github.dockerjava.zerodep.shaded.org.apache.hc.client5.http.wire - http-outgoing-3 << "{"status":"Extracting","progressDetail":{"current":983040,"total":8065496},"progress":"[======\u003e                                            ]    983kB/8.065MB","id":"12bab27fafd3"}[\r][\n]"
21:55:51.126 [docker-java-stream--2064336329] DEBUG com.github.dockerjava.zerodep.shaded.org.apache.hc.client5.http.wire - http-outgoing-3 << "[\r][\n]"
21:55:51.126 [docker-java-stream--2064336329] DEBUG com.github.dockerjava.api.command.PullImageResultCallback - ResponseItem(stream=null, status=Extracting, progressDetail=ResponseItem.ProgressDetail(current=983040, total=8065496, start=null), progress=[======>                                            ]    983kB/8.065MB, id=12bab27fafd3, from=null, time=null, errorDetail=null, error=null, aux=null)
21:55:52.084 [docker-java-stream--2064336329] DEBUG com.github.dockerjava.zerodep.shaded.org.apache.hc.client5.http.wire - http-outgoing-3 << "bb[\r][\n]"
21:55:52.084 [docker-java-stream--2064336329] DEBUG com.github.dockerjava.zerodep.shaded.org.apache.hc.client5.http.wire - http-outgoing-3 << "{"status":"Extracting","progressDetail":{"current":1081344,"total":8065496},"progress":"[======\u003e                                            ]  1.081MB/8.065MB","id":"12bab27fafd3"}[\r][\n]"
21:55:52.084 [docker-java-stream--2064336329] DEBUG com.github.dockerjava.zerodep.shaded.org.apache.hc.client5.http.wire - http-outgoing-3 << "[\r][\n]"
21:55:52.084 [docker-java-stream--2064336329] DEBUG com.github.dockerjava.api.command.PullImageResultCallback - ResponseItem(stream=null, status=Extracting, progressDetail=ResponseItem.ProgressDetail(current=1081344, total=8065496, start=null), progress=[======>                                            ]  1.081MB/8.065MB, id=12bab27fafd3, from=null, time=null, errorDetail=null, error=null, aux=null)
21:55:52.267 [docker-java-stream--2064336329] DEBUG com.github.dockerjava.zerodep.shaded.org.apache.hc.client5.http.wire - http-outgoing-3 << "bb[\r][\n]"
21:55:52.267 [docker-java-stream--2064336329] DEBUG com.github.dockerjava.zerodep.shaded.org.apache.hc.client5.http.wire - http-outgoing-3 << "{"status":"Extracting","progressDetail":{"current":1179648,"total":8065496},"progress":"[=======\u003e                                           ]   1.18MB/8.065MB","id":"12bab27fafd3"}[\r][\n]"
21:55:52.267 [docker-java-stream--2064336329] DEBUG com.github.dockerjava.zerodep.shaded.org.apache.hc.client5.http.wire - http-outgoing-3 << "[\r][\n]"
21:55:52.267 [docker-java-stream--2064336329] DEBUG com.github.dockerjava.api.command.PullImageResultCallback - ResponseItem(stream=null, status=Extracting, progressDetail=ResponseItem.ProgressDetail(current=1179648, total=8065496, start=null), progress=[=======>                                           ]   1.18MB/8.065MB, id=12bab27fafd3, from=null, time=null, errorDetail=null, error=null, aux=null)
21:55:52.733 [docker-java-stream--2064336329] DEBUG com.github.dockerjava.zerodep.shaded.org.apache.hc.client5.http.wire - http-outgoing-3 << "bb[\r][\n]"
21:55:52.733 [docker-java-stream--2064336329] DEBUG com.github.dockerjava.zerodep.shaded.org.apache.hc.client5.http.wire - http-outgoing-3 << "{"status":"Extracting","progressDetail":{"current":1376256,"total":8065496},"progress":"[========\u003e                                          ]  1.376MB/8.065MB","id":"12bab27fafd3"}[\r][\n]"
21:55:52.733 [docker-java-stream--2064336329] DEBUG com.github.dockerjava.zerodep.shaded.org.apache.hc.client5.http.wire - http-outgoing-3 << "[\r][\n]"
21:55:52.733 [docker-java-stream--2064336329] DEBUG com.github.dockerjava.api.command.PullImageResultCallback - ResponseItem(stream=null, status=Extracting, progressDetail=ResponseItem.ProgressDetail(current=1376256, total=8065496, start=null), progress=[========>                                          ]  1.376MB/8.065MB, id=12bab27fafd3, from=null, time=null, errorDetail=null, error=null, aux=null)
21:55:53.544 [docker-java-stream--2064336329] DEBUG com.github.dockerjava.zerodep.shaded.org.apache.hc.client5.http.wire - http-outgoing-3 << "bb[\r][\n]"
21:55:53.545 [docker-java-stream--2064336329] DEBUG com.github.dockerjava.zerodep.shaded.org.apache.hc.client5.http.wire - http-outgoing-3 << "{"status":"Extracting","progressDetail":{"current":1474560,"total":8065496},"progress":"[=========\u003e                                         ]  1.475MB/8.065MB","id":"12bab27fafd3"}[\r][\n]"
21:55:53.545 [docker-java-stream--2064336329] DEBUG com.github.dockerjava.zerodep.shaded.org.apache.hc.client5.http.wire - http-outgoing-3 << "[\r][\n]"
21:55:53.561 [docker-java-stream--2064336329] DEBUG com.github.dockerjava.api.command.PullImageResultCallback - ResponseItem(stream=null, status=Extracting, progressDetail=ResponseItem.ProgressDetail(current=1474560, total=8065496, start=null), progress=[=========>                                         ]  1.475MB/8.065MB, id=12bab27fafd3, from=null, time=null, errorDetail=null, error=null, aux=null)
21:55:53.747 [docker-java-stream--2064336329] DEBUG com.github.dockerjava.zerodep.shaded.org.apache.hc.client5.http.wire - http-outgoing-3 << "bb[\r][\n]"
21:55:53.747 [docker-java-stream--2064336329] DEBUG com.github.dockerjava.zerodep.shaded.org.apache.hc.client5.http.wire - http-outgoing-3 << "{"status":"Extracting","progressDetail":{"current":1671168,"total":8065496},"progress":"[==========\u003e                                        ]  1.671MB/8.065MB","id":"12bab27fafd3"}[\r][\n]"
21:55:53.747 [docker-java-stream--2064336329] DEBUG com.github.dockerjava.zerodep.shaded.org.apache.hc.client5.http.wire - http-outgoing-3 << "[\r][\n]"
21:55:53.747 [docker-java-stream--2064336329] DEBUG com.github.dockerjava.api.command.PullImageResultCallback - ResponseItem(stream=null, status=Extracting, progressDetail=ResponseItem.ProgressDetail(current=1671168, total=8065496, start=null), progress=[==========>                                        ]  1.671MB/8.065MB, id=12bab27fafd3, from=null, time=null, errorDetail=null, error=null, aux=null)
21:55:53.957 [docker-java-stream--2064336329] DEBUG com.github.dockerjava.zerodep.shaded.org.apache.hc.client5.http.wire - http-outgoing-3 << "bb[\r][\n]"
21:55:53.957 [docker-java-stream--2064336329] DEBUG com.github.dockerjava.zerodep.shaded.org.apache.hc.client5.http.wire - http-outgoing-3 << "{"status":"Extracting","progressDetail":{"current":2457600,"total":8065496},"progress":"[===============\u003e                                   ]  2.458MB/8.065MB","id":"12bab27fafd3"}[\r][\n]"
21:55:53.957 [docker-java-stream--2064336329] DEBUG com.github.dockerjava.zerodep.shaded.org.apache.hc.client5.http.wire - http-outgoing-3 << "[\r][\n]"
21:55:53.957 [docker-java-stream--2064336329] DEBUG com.github.dockerjava.api.command.PullImageResultCallback - ResponseItem(stream=null, status=Extracting, progressDetail=ResponseItem.ProgressDetail(current=2457600, total=8065496, start=null), progress=[===============>                                   ]  2.458MB/8.065MB, id=12bab27fafd3, from=null, time=null, errorDetail=null, error=null, aux=null)
21:55:54.098 [docker-java-stream--2064336329] DEBUG com.github.dockerjava.zerodep.shaded.org.apache.hc.client5.http.wire - http-outgoing-3 << "bb[\r][\n]"
21:55:54.098 [docker-java-stream--2064336329] DEBUG com.github.dockerjava.zerodep.shaded.org.apache.hc.client5.http.wire - http-outgoing-3 << "{"status":"Extracting","progressDetail":{"current":2850816,"total":8065496},"progress":"[=================\u003e                                 ]  2.851MB/8.065MB","id":"12bab27fafd3"}[\r][\n]"
21:55:54.098 [docker-java-stream--2064336329] DEBUG com.github.dockerjava.zerodep.shaded.org.apache.hc.client5.http.wire - http-outgoing-3 << "[\r][\n]"
21:55:54.098 [docker-java-stream--2064336329] DEBUG com.github.dockerjava.api.command.PullImageResultCallback - ResponseItem(stream=null, status=Extracting, progressDetail=ResponseItem.ProgressDetail(current=2850816, total=8065496, start=null), progress=[=================>                                 ]  2.851MB/8.065MB, id=12bab27fafd3, from=null, time=null, errorDetail=null, error=null, aux=null)
21:55:54.638 [docker-java-stream--2064336329] DEBUG com.github.dockerjava.zerodep.shaded.org.apache.hc.client5.http.wire - http-outgoing-3 << "bb[\r][\n]"
21:55:54.639 [docker-java-stream--2064336329] DEBUG com.github.dockerjava.zerodep.shaded.org.apache.hc.client5.http.wire - http-outgoing-3 << "{"status":"Extracting","progressDetail":{"current":2949120,"total":8065496},"progress":"[==================\u003e                                ]  2.949MB/8.065MB","id":"12bab27fafd3"}[\r][\n]"
21:55:54.639 [docker-java-stream--2064336329] DEBUG com.github.dockerjava.zerodep.shaded.org.apache.hc.client5.http.wire - http-outgoing-3 << "[\r][\n]"
21:55:54.639 [docker-java-stream--2064336329] DEBUG com.github.dockerjava.api.command.PullImageResultCallback - ResponseItem(stream=null, status=Extracting, progressDetail=ResponseItem.ProgressDetail(current=2949120, total=8065496, start=null), progress=[==================>                                ]  2.949MB/8.065MB, id=12bab27fafd3, from=null, time=null, errorDetail=null, error=null, aux=null)
21:55:55.316 [docker-java-stream--2064336329] DEBUG com.github.dockerjava.zerodep.shaded.org.apache.hc.client5.http.wire - http-outgoing-3 << "bb[\r][\n]"
21:55:55.316 [docker-java-stream--2064336329] DEBUG com.github.dockerjava.zerodep.shaded.org.apache.hc.client5.http.wire - http-outgoing-3 << "{"status":"Extracting","progressDetail":{"current":3047424,"total":8065496},"progress":"[==================\u003e                                ]  3.047MB/8.065MB","id":"12bab27fafd3"}[\r][\n]"
21:55:55.316 [docker-java-stream--2064336329] DEBUG com.github.dockerjava.zerodep.shaded.org.apache.hc.client5.http.wire - http-outgoing-3 << "[\r][\n]"
21:55:55.317 [docker-java-stream--2064336329] DEBUG com.github.dockerjava.api.command.PullImageResultCallback - ResponseItem(stream=null, status=Extracting, progressDetail=ResponseItem.ProgressDetail(current=3047424, total=8065496, start=null), progress=[==================>                                ]  3.047MB/8.065MB, id=12bab27fafd3, from=null, time=null, errorDetail=null, error=null, aux=null)
21:55:55.756 [docker-java-stream--2064336329] DEBUG com.github.dockerjava.zerodep.shaded.org.apache.hc.client5.http.wire - http-outgoing-3 << "bb[\r][\n]"
21:55:55.756 [docker-java-stream--2064336329] DEBUG com.github.dockerjava.zerodep.shaded.org.apache.hc.client5.http.wire - http-outgoing-3 << "{"status":"Extracting","progressDetail":{"current":3145728,"total":8065496},"progress":"[===================\u003e                               ]  3.146MB/8.065MB","id":"12bab27fafd3"}[\r][\n]"
21:55:55.756 [docker-java-stream--2064336329] DEBUG com.github.dockerjava.zerodep.shaded.org.apache.hc.client5.http.wire - http-outgoing-3 << "[\r][\n]"
21:55:55.757 [docker-java-stream--2064336329] DEBUG com.github.dockerjava.api.command.PullImageResultCallback - ResponseItem(stream=null, status=Extracting, progressDetail=ResponseItem.ProgressDetail(current=3145728, total=8065496, start=null), progress=[===================>                               ]  3.146MB/8.065MB, id=12bab27fafd3, from=null, time=null, errorDetail=null, error=null, aux=null)
21:55:55.869 [docker-java-stream--2064336329] DEBUG com.github.dockerjava.zerodep.shaded.org.apache.hc.client5.http.wire - http-outgoing-3 << "bb[\r][\n]"
21:55:55.869 [docker-java-stream--2064336329] DEBUG com.github.dockerjava.zerodep.shaded.org.apache.hc.client5.http.wire - http-outgoing-3 << "{"status":"Extracting","progressDetail":{"current":3244032,"total":8065496},"progress":"[====================\u003e                              ]  3.244MB/8.065MB","id":"12bab27fafd3"}[\r][\n]"
21:55:55.869 [docker-java-stream--2064336329] DEBUG com.github.dockerjava.zerodep.shaded.org.apache.hc.client5.http.wire - http-outgoing-3 << "[\r][\n]"
21:55:55.869 [docker-java-stream--2064336329] DEBUG com.github.dockerjava.api.command.PullImageResultCallback - ResponseItem(stream=null, status=Extracting, progressDetail=ResponseItem.ProgressDetail(current=3244032, total=8065496, start=null), progress=[====================>                              ]  3.244MB/8.065MB, id=12bab27fafd3, from=null, time=null, errorDetail=null, error=null, aux=null)
21:55:56.045 [docker-java-stream--2064336329] DEBUG com.github.dockerjava.zerodep.shaded.org.apache.hc.client5.http.wire - http-outgoing-3 << "bb[\r][\n]"
21:55:56.045 [docker-java-stream--2064336329] DEBUG com.github.dockerjava.zerodep.shaded.org.apache.hc.client5.http.wire - http-outgoing-3 << "{"status":"Extracting","progressDetail":{"current":3342336,"total":8065496},"progress":"[====================\u003e                              ]  3.342MB/8.065MB","id":"12bab27fafd3"}[\r][\n]"
21:55:56.045 [docker-java-stream--2064336329] DEBUG com.github.dockerjava.zerodep.shaded.org.apache.hc.client5.http.wire - http-outgoing-3 << "[\r][\n]"
21:55:56.045 [docker-java-stream--2064336329] DEBUG com.github.dockerjava.api.command.PullImageResultCallback - ResponseItem(stream=null, status=Extracting, progressDetail=ResponseItem.ProgressDetail(current=3342336, total=8065496, start=null), progress=[====================>                              ]  3.342MB/8.065MB, id=12bab27fafd3, from=null, time=null, errorDetail=null, error=null, aux=null)
21:55:57.462 [docker-java-stream--2064336329] DEBUG com.github.dockerjava.zerodep.shaded.org.apache.hc.client5.http.wire - http-outgoing-3 << "bb[\r][\n]"
21:55:57.462 [docker-java-stream--2064336329] DEBUG com.github.dockerjava.zerodep.shaded.org.apache.hc.client5.http.wire - http-outgoing-3 << "{"status":"Extracting","progressDetail":{"current":3833856,"total":8065496},"progress":"[=======================\u003e                           ]  3.834MB/8.065MB","id":"12bab27fafd3"}[\r][\n]"
21:55:57.463 [docker-java-stream--2064336329] DEBUG com.github.dockerjava.zerodep.shaded.org.apache.hc.client5.http.wire - http-outgoing-3 << "[\r][\n]"
21:55:57.463 [docker-java-stream--2064336329] DEBUG com.github.dockerjava.api.command.PullImageResultCallback - ResponseItem(stream=null, status=Extracting, progressDetail=ResponseItem.ProgressDetail(current=3833856, total=8065496, start=null), progress=[=======================>                           ]  3.834MB/8.065MB, id=12bab27fafd3, from=null, time=null, errorDetail=null, error=null, aux=null)
21:55:58.771 [docker-java-stream--2064336329] DEBUG com.github.dockerjava.zerodep.shaded.org.apache.hc.client5.http.wire - http-outgoing-3 << "bb[\r][\n]"
21:55:58.772 [docker-java-stream--2064336329] DEBUG com.github.dockerjava.zerodep.shaded.org.apache.hc.client5.http.wire - http-outgoing-3 << "{"status":"Extracting","progressDetail":{"current":3932160,"total":8065496},"progress":"[========================\u003e                          ]  3.932MB/8.065MB","id":"12bab27fafd3"}[\r][\n]"
21:55:58.772 [docker-java-stream--2064336329] DEBUG com.github.dockerjava.zerodep.shaded.org.apache.hc.client5.http.wire - http-outgoing-3 << "[\r][\n]"
21:55:58.772 [docker-java-stream--2064336329] DEBUG com.github.dockerjava.api.command.PullImageResultCallback - ResponseItem(stream=null, status=Extracting, progressDetail=ResponseItem.ProgressDetail(current=3932160, total=8065496, start=null), progress=[========================>                          ]  3.932MB/8.065MB, id=12bab27fafd3, from=null, time=null, errorDetail=null, error=null, aux=null)
21:55:59.121 [docker-java-stream--2064336329] DEBUG com.github.dockerjava.zerodep.shaded.org.apache.hc.client5.http.wire - http-outgoing-3 << "bb[\r][\n]"
21:55:59.121 [docker-java-stream--2064336329] DEBUG com.github.dockerjava.zerodep.shaded.org.apache.hc.client5.http.wire - http-outgoing-3 << "{"status":"Extracting","progressDetail":{"current":4128768,"total":8065496},"progress":"[=========================\u003e                         ]  4.129MB/8.065MB","id":"12bab27fafd3"}[\r][\n]"
21:55:59.121 [docker-java-stream--2064336329] DEBUG com.github.dockerjava.zerodep.shaded.org.apache.hc.client5.http.wire - http-outgoing-3 << "[\r][\n]"
21:55:59.468 [docker-java-stream--2064336329] DEBUG com.github.dockerjava.api.command.PullImageResultCallback - ResponseItem(stream=null, status=Extracting, progressDetail=ResponseItem.ProgressDetail(current=4128768, total=8065496, start=null), progress=[=========================>                         ]  4.129MB/8.065MB, id=12bab27fafd3, from=null, time=null, errorDetail=null, error=null, aux=null)
21:56:01.263 [docker-java-stream--2064336329] DEBUG com.github.dockerjava.zerodep.shaded.org.apache.hc.client5.http.wire - http-outgoing-3 << "bb[\r][\n]"
21:56:01.264 [docker-java-stream--2064336329] DEBUG com.github.dockerjava.zerodep.shaded.org.apache.hc.client5.http.wire - http-outgoing-3 << "{"status":"Extracting","progressDetail":{"current":4227072,"total":8065496},"progress":"[==========================\u003e                        ]  4.227MB/8.065MB","id":"12bab27fafd3"}[\r][\n]"
21:56:01.264 [docker-java-stream--2064336329] DEBUG com.github.dockerjava.zerodep.shaded.org.apache.hc.client5.http.wire - http-outgoing-3 << "[\r][\n]"
21:56:01.265 [docker-java-stream--2064336329] DEBUG com.github.dockerjava.api.command.PullImageResultCallback - ResponseItem(stream=null, status=Extracting, progressDetail=ResponseItem.ProgressDetail(current=4227072, total=8065496, start=null), progress=[==========================>                        ]  4.227MB/8.065MB, id=12bab27fafd3, from=null, time=null, errorDetail=null, error=null, aux=null)
21:56:02.148 [docker-java-stream--2064336329] DEBUG com.github.dockerjava.zerodep.shaded.org.apache.hc.client5.http.wire - http-outgoing-3 << "bb[\r][\n]"
21:56:02.149 [docker-java-stream--2064336329] DEBUG com.github.dockerjava.zerodep.shaded.org.apache.hc.client5.http.wire - http-outgoing-3 << "{"status":"Extracting","progressDetail":{"current":4325376,"total":8065496},"progress":"[==========================\u003e                        ]  4.325MB/8.065MB","id":"12bab27fafd3"}[\r][\n]"
21:56:02.149 [docker-java-stream--2064336329] DEBUG com.github.dockerjava.zerodep.shaded.org.apache.hc.client5.http.wire - http-outgoing-3 << "[\r][\n]"
21:56:02.149 [docker-java-stream--2064336329] DEBUG com.github.dockerjava.api.command.PullImageResultCallback - ResponseItem(stream=null, status=Extracting, progressDetail=ResponseItem.ProgressDetail(current=4325376, total=8065496, start=null), progress=[==========================>                        ]  4.325MB/8.065MB, id=12bab27fafd3, from=null, time=null, errorDetail=null, error=null, aux=null)
21:56:04.309 [docker-java-stream--2064336329] DEBUG com.github.dockerjava.zerodep.shaded.org.apache.hc.client5.http.wire - http-outgoing-3 << "bb[\r][\n]"
21:56:04.309 [docker-java-stream--2064336329] DEBUG com.github.dockerjava.zerodep.shaded.org.apache.hc.client5.http.wire - http-outgoing-3 << "{"status":"Extracting","progressDetail":{"current":4423680,"total":8065496},"progress":"[===========================\u003e                       ]  4.424MB/8.065MB","id":"12bab27fafd3"}[\r][\n]"
21:56:04.309 [docker-java-stream--2064336329] DEBUG com.github.dockerjava.zerodep.shaded.org.apache.hc.client5.http.wire - http-outgoing-3 << "[\r][\n]"
21:56:04.310 [docker-java-stream--2064336329] DEBUG com.github.dockerjava.api.command.PullImageResultCallback - ResponseItem(stream=null, status=Extracting, progressDetail=ResponseItem.ProgressDetail(current=4423680, total=8065496, start=null), progress=[===========================>                       ]  4.424MB/8.065MB, id=12bab27fafd3, from=null, time=null, errorDetail=null, error=null, aux=null)
21:56:05.630 [docker-java-stream--2064336329] DEBUG com.github.dockerjava.zerodep.shaded.org.apache.hc.client5.http.wire - http-outgoing-3 << "bb[\r][\n]"
21:56:05.631 [docker-java-stream--2064336329] DEBUG com.github.dockerjava.zerodep.shaded.org.apache.hc.client5.http.wire - http-outgoing-3 << "{"status":"Extracting","progressDetail":{"current":4521984,"total":8065496},"progress":"[============================\u003e                      ]  4.522MB/8.065MB","id":"12bab27fafd3"}[\r][\n]"
21:56:05.631 [docker-java-stream--2064336329] DEBUG com.github.dockerjava.zerodep.shaded.org.apache.hc.client5.http.wire - http-outgoing-3 << "[\r][\n]"
21:56:05.633 [docker-java-stream--2064336329] DEBUG com.github.dockerjava.api.command.PullImageResultCallback - ResponseItem(stream=null, status=Extracting, progressDetail=ResponseItem.ProgressDetail(current=4521984, total=8065496, start=null), progress=[============================>                      ]  4.522MB/8.065MB, id=12bab27fafd3, from=null, time=null, errorDetail=null, error=null, aux=null)
21:56:09.244 [docker-java-stream--2064336329] DEBUG com.github.dockerjava.zerodep.shaded.org.apache.hc.client5.http.wire - http-outgoing-3 << "bb[\r][\n]"
21:56:09.244 [docker-java-stream--2064336329] DEBUG com.github.dockerjava.zerodep.shaded.org.apache.hc.client5.http.wire - http-outgoing-3 << "{"status":"Extracting","progressDetail":{"current":4620288,"total":8065496},"progress":"[============================\u003e                      ]   4.62MB/8.065MB","id":"12bab27fafd3"}[\r][\n]"
21:56:09.244 [docker-java-stream--2064336329] DEBUG com.github.dockerjava.zerodep.shaded.org.apache.hc.client5.http.wire - http-outgoing-3 << "[\r][\n]"
21:56:09.244 [docker-java-stream--2064336329] DEBUG com.github.dockerjava.api.command.PullImageResultCallback - ResponseItem(stream=null, status=Extracting, progressDetail=ResponseItem.ProgressDetail(current=4620288, total=8065496, start=null), progress=[============================>                      ]   4.62MB/8.065MB, id=12bab27fafd3, from=null, time=null, errorDetail=null, error=null, aux=null)
21:56:10.804 [docker-java-stream--2064336329] DEBUG com.github.dockerjava.zerodep.shaded.org.apache.hc.client5.http.wire - http-outgoing-3 << "bb[\r][\n]"
21:56:10.804 [docker-java-stream--2064336329] DEBUG com.github.dockerjava.zerodep.shaded.org.apache.hc.client5.http.wire - http-outgoing-3 << "{"status":"Extracting","progressDetail":{"current":4718592,"total":8065496},"progress":"[=============================\u003e                     ]  4.719MB/8.065MB","id":"12bab27fafd3"}[\r][\n]"
21:56:10.804 [docker-java-stream--2064336329] DEBUG com.github.dockerjava.zerodep.shaded.org.apache.hc.client5.http.wire - http-outgoing-3 << "[\r][\n]"
21:56:10.804 [docker-java-stream--2064336329] DEBUG com.github.dockerjava.api.command.PullImageResultCallback - ResponseItem(stream=null, status=Extracting, progressDetail=ResponseItem.ProgressDetail(current=4718592, total=8065496, start=null), progress=[=============================>                     ]  4.719MB/8.065MB, id=12bab27fafd3, from=null, time=null, errorDetail=null, error=null, aux=null)
21:56:11.558 [docker-java-stream--2064336329] DEBUG com.github.dockerjava.zerodep.shaded.org.apache.hc.client5.http.wire - http-outgoing-3 << "bb[\r][\n]"
21:56:11.558 [docker-java-stream--2064336329] DEBUG com.github.dockerjava.zerodep.shaded.org.apache.hc.client5.http.wire - http-outgoing-3 << "{"status":"Extracting","progressDetail":{"current":4816896,"total":8065496},"progress":"[=============================\u003e                     ]  4.817MB/8.065MB","id":"12bab27fafd3"}[\r][\n]"
21:56:11.558 [docker-java-stream--2064336329] DEBUG com.github.dockerjava.zerodep.shaded.org.apache.hc.client5.http.wire - http-outgoing-3 << "[\r][\n]"
21:56:11.558 [docker-java-stream--2064336329] DEBUG com.github.dockerjava.api.command.PullImageResultCallback - ResponseItem(stream=null, status=Extracting, progressDetail=ResponseItem.ProgressDetail(current=4816896, total=8065496, start=null), progress=[=============================>                     ]  4.817MB/8.065MB, id=12bab27fafd3, from=null, time=null, errorDetail=null, error=null, aux=null)
21:56:11.689 [docker-java-stream--2064336329] DEBUG com.github.dockerjava.zerodep.shaded.org.apache.hc.client5.http.wire - http-outgoing-3 << "bb[\r][\n]"
21:56:11.689 [docker-java-stream--2064336329] DEBUG com.github.dockerjava.zerodep.shaded.org.apache.hc.client5.http.wire - http-outgoing-3 << "{"status":"Extracting","progressDetail":{"current":4915200,"total":8065496},"progress":"[==============================\u003e                    ]  4.915MB/8.065MB","id":"12bab27fafd3"}[\r][\n]"
21:56:11.689 [docker-java-stream--2064336329] DEBUG com.github.dockerjava.zerodep.shaded.org.apache.hc.client5.http.wire - http-outgoing-3 << "[\r][\n]"
21:56:11.690 [docker-java-stream--2064336329] DEBUG com.github.dockerjava.api.command.PullImageResultCallback - ResponseItem(stream=null, status=Extracting, progressDetail=ResponseItem.ProgressDetail(current=4915200, total=8065496, start=null), progress=[==============================>                    ]  4.915MB/8.065MB, id=12bab27fafd3, from=null, time=null, errorDetail=null, error=null, aux=null)
21:56:12.612 [docker-java-stream--2064336329] DEBUG com.github.dockerjava.zerodep.shaded.org.apache.hc.client5.http.wire - http-outgoing-3 << "bb[\r][\n]"
21:56:12.612 [docker-java-stream--2064336329] DEBUG com.github.dockerjava.zerodep.shaded.org.apache.hc.client5.http.wire - http-outgoing-3 << "{"status":"Extracting","progressDetail":{"current":5111808,"total":8065496},"progress":"[===============================\u003e                   ]  5.112MB/8.065MB","id":"12bab27fafd3"}[\r][\n]"
21:56:12.612 [docker-java-stream--2064336329] DEBUG com.github.dockerjava.zerodep.shaded.org.apache.hc.client5.http.wire - http-outgoing-3 << "[\r][\n]"
21:56:12.612 [docker-java-stream--2064336329] DEBUG com.github.dockerjava.api.command.PullImageResultCallback - ResponseItem(stream=null, status=Extracting, progressDetail=ResponseItem.ProgressDetail(current=5111808, total=8065496, start=null), progress=[===============================>                   ]  5.112MB/8.065MB, id=12bab27fafd3, from=null, time=null, errorDetail=null, error=null, aux=null)
21:56:13.348 [docker-java-stream--2064336329] DEBUG com.github.dockerjava.zerodep.shaded.org.apache.hc.client5.http.wire - http-outgoing-3 << "bb[\r][\n]"
21:56:13.348 [docker-java-stream--2064336329] DEBUG com.github.dockerjava.zerodep.shaded.org.apache.hc.client5.http.wire - http-outgoing-3 << "{"status":"Extracting","progressDetail":{"current":5210112,"total":8065496},"progress":"[================================\u003e                  ]   5.21MB/8.065MB","id":"12bab27fafd3"}[\r][\n]"
21:56:13.348 [docker-java-stream--2064336329] DEBUG com.github.dockerjava.zerodep.shaded.org.apache.hc.client5.http.wire - http-outgoing-3 << "[\r][\n]"
21:56:13.349 [docker-java-stream--2064336329] DEBUG com.github.dockerjava.api.command.PullImageResultCallback - ResponseItem(stream=null, status=Extracting, progressDetail=ResponseItem.ProgressDetail(current=5210112, total=8065496, start=null), progress=[================================>                  ]   5.21MB/8.065MB, id=12bab27fafd3, from=null, time=null, errorDetail=null, error=null, aux=null)
21:56:14.369 [docker-java-stream--2064336329] DEBUG com.github.dockerjava.zerodep.shaded.org.apache.hc.client5.http.wire - http-outgoing-3 << "bb[\r][\n]"
21:56:14.369 [docker-java-stream--2064336329] DEBUG com.github.dockerjava.zerodep.shaded.org.apache.hc.client5.http.wire - http-outgoing-3 << "{"status":"Extracting","progressDetail":{"current":5308416,"total":8065496},"progress":"[================================\u003e                  ]  5.308MB/8.065MB","id":"12bab27fafd3"}[\r][\n]"
21:56:14.369 [docker-java-stream--2064336329] DEBUG com.github.dockerjava.zerodep.shaded.org.apache.hc.client5.http.wire - http-outgoing-3 << "[\r][\n]"
21:56:14.370 [docker-java-stream--2064336329] DEBUG com.github.dockerjava.api.command.PullImageResultCallback - ResponseItem(stream=null, status=Extracting, progressDetail=ResponseItem.ProgressDetail(current=5308416, total=8065496, start=null), progress=[================================>                  ]  5.308MB/8.065MB, id=12bab27fafd3, from=null, time=null, errorDetail=null, error=null, aux=null)
21:56:14.633 [docker-java-stream--2064336329] DEBUG com.github.dockerjava.zerodep.shaded.org.apache.hc.client5.http.wire - http-outgoing-3 << "bb[\r][\n]"
21:56:14.634 [docker-java-stream--2064336329] DEBUG com.github.dockerjava.zerodep.shaded.org.apache.hc.client5.http.wire - http-outgoing-3 << "{"status":"Extracting","progressDetail":{"current":5406720,"total":8065496},"progress":"[=================================\u003e                 ]  5.407MB/8.065MB","id":"12bab27fafd3"}[\r][\n]"
21:56:14.634 [docker-java-stream--2064336329] DEBUG com.github.dockerjava.zerodep.shaded.org.apache.hc.client5.http.wire - http-outgoing-3 << "[\r][\n]"
21:56:14.634 [docker-java-stream--2064336329] DEBUG com.github.dockerjava.api.command.PullImageResultCallback - ResponseItem(stream=null, status=Extracting, progressDetail=ResponseItem.ProgressDetail(current=5406720, total=8065496, start=null), progress=[=================================>                 ]  5.407MB/8.065MB, id=12bab27fafd3, from=null, time=null, errorDetail=null, error=null, aux=null)
21:56:15.057 [docker-java-stream--2064336329] DEBUG com.github.dockerjava.zerodep.shaded.org.apache.hc.client5.http.wire - http-outgoing-3 << "bb[\r][\n]"
21:56:15.057 [docker-java-stream--2064336329] DEBUG com.github.dockerjava.zerodep.shaded.org.apache.hc.client5.http.wire - http-outgoing-3 << "{"status":"Extracting","progressDetail":{"current":5701632,"total":8065496},"progress":"[===================================\u003e               ]  5.702MB/8.065MB","id":"12bab27fafd3"}[\r][\n]"
21:56:15.057 [docker-java-stream--2064336329] DEBUG com.github.dockerjava.zerodep.shaded.org.apache.hc.client5.http.wire - http-outgoing-3 << "[\r][\n]"
21:56:15.057 [docker-java-stream--2064336329] DEBUG com.github.dockerjava.api.command.PullImageResultCallback - ResponseItem(stream=null, status=Extracting, progressDetail=ResponseItem.ProgressDetail(current=5701632, total=8065496, start=null), progress=[===================================>               ]  5.702MB/8.065MB, id=12bab27fafd3, from=null, time=null, errorDetail=null, error=null, aux=null)
21:56:15.158 [docker-java-stream--2064336329] DEBUG com.github.dockerjava.zerodep.shaded.org.apache.hc.client5.http.wire - http-outgoing-3 << "bb[\r][\n]"
21:56:15.158 [docker-java-stream--2064336329] DEBUG com.github.dockerjava.zerodep.shaded.org.apache.hc.client5.http.wire - http-outgoing-3 << "{"status":"Extracting","progressDetail":{"current":5799936,"total":8065496},"progress":"[===================================\u003e               ]    5.8MB/8.065MB","id":"12bab27fafd3"}[\r][\n]"
21:56:15.158 [docker-java-stream--2064336329] DEBUG com.github.dockerjava.zerodep.shaded.org.apache.hc.client5.http.wire - http-outgoing-3 << "[\r][\n]"
21:56:15.159 [docker-java-stream--2064336329] DEBUG com.github.dockerjava.api.command.PullImageResultCallback - ResponseItem(stream=null, status=Extracting, progressDetail=ResponseItem.ProgressDetail(current=5799936, total=8065496, start=null), progress=[===================================>               ]    5.8MB/8.065MB, id=12bab27fafd3, from=null, time=null, errorDetail=null, error=null, aux=null)
21:56:16.641 [docker-java-stream--2064336329] DEBUG com.github.dockerjava.zerodep.shaded.org.apache.hc.client5.http.wire - http-outgoing-3 << "bb[\r][\n]"
21:56:16.641 [docker-java-stream--2064336329] DEBUG com.github.dockerjava.zerodep.shaded.org.apache.hc.client5.http.wire - http-outgoing-3 << "{"status":"Extracting","progressDetail":{"current":5898240,"total":8065496},"progress":"[====================================\u003e              ]  5.898MB/8.065MB","id":"12bab27fafd3"}[\r][\n]"
21:56:16.641 [docker-java-stream--2064336329] DEBUG com.github.dockerjava.zerodep.shaded.org.apache.hc.client5.http.wire - http-outgoing-3 << "[\r][\n]"
21:56:16.642 [docker-java-stream--2064336329] DEBUG com.github.dockerjava.api.command.PullImageResultCallback - ResponseItem(stream=null, status=Extracting, progressDetail=ResponseItem.ProgressDetail(current=5898240, total=8065496, start=null), progress=[====================================>              ]  5.898MB/8.065MB, id=12bab27fafd3, from=null, time=null, errorDetail=null, error=null, aux=null)
21:56:17.223 [docker-java-stream--2064336329] DEBUG com.github.dockerjava.zerodep.shaded.org.apache.hc.client5.http.wire - http-outgoing-3 << "bb[\r][\n]"
21:56:17.223 [docker-java-stream--2064336329] DEBUG com.github.dockerjava.zerodep.shaded.org.apache.hc.client5.http.wire - http-outgoing-3 << "{"status":"Extracting","progressDetail":{"current":5996544,"total":8065496},"progress":"[=====================================\u003e             ]  5.997MB/8.065MB","id":"12bab27fafd3"}[\r][\n]"
21:56:17.223 [docker-java-stream--2064336329] DEBUG com.github.dockerjava.zerodep.shaded.org.apache.hc.client5.http.wire - http-outgoing-3 << "[\r][\n]"
21:56:17.223 [docker-java-stream--2064336329] DEBUG com.github.dockerjava.api.command.PullImageResultCallback - ResponseItem(stream=null, status=Extracting, progressDetail=ResponseItem.ProgressDetail(current=5996544, total=8065496, start=null), progress=[=====================================>             ]  5.997MB/8.065MB, id=12bab27fafd3, from=null, time=null, errorDetail=null, error=null, aux=null)
21:56:17.665 [docker-java-stream--2064336329] DEBUG com.github.dockerjava.zerodep.shaded.org.apache.hc.client5.http.wire - http-outgoing-3 << "bb[\r][\n]"
21:56:17.665 [docker-java-stream--2064336329] DEBUG com.github.dockerjava.zerodep.shaded.org.apache.hc.client5.http.wire - http-outgoing-3 << "{"status":"Extracting","progressDetail":{"current":6094848,"total":8065496},"progress":"[=====================================\u003e             ]  6.095MB/8.065MB","id":"12bab27fafd3"}[\r][\n]"
21:56:17.665 [docker-java-stream--2064336329] DEBUG com.github.dockerjava.zerodep.shaded.org.apache.hc.client5.http.wire - http-outgoing-3 << "[\r][\n]"
21:56:17.666 [docker-java-stream--2064336329] DEBUG com.github.dockerjava.api.command.PullImageResultCallback - ResponseItem(stream=null, status=Extracting, progressDetail=ResponseItem.ProgressDetail(current=6094848, total=8065496, start=null), progress=[=====================================>             ]  6.095MB/8.065MB, id=12bab27fafd3, from=null, time=null, errorDetail=null, error=null, aux=null)
21:56:17.883 [docker-java-stream--2064336329] DEBUG com.github.dockerjava.zerodep.shaded.org.apache.hc.client5.http.wire - http-outgoing-3 << "bb[\r][\n]"
21:56:17.883 [docker-java-stream--2064336329] DEBUG com.github.dockerjava.zerodep.shaded.org.apache.hc.client5.http.wire - http-outgoing-3 << "{"status":"Extracting","progressDetail":{"current":6193152,"total":8065496},"progress":"[======================================\u003e            ]  6.193MB/8.065MB","id":"12bab27fafd3"}[\r][\n]"
21:56:17.883 [docker-java-stream--2064336329] DEBUG com.github.dockerjava.zerodep.shaded.org.apache.hc.client5.http.wire - http-outgoing-3 << "[\r][\n]"
21:56:17.883 [docker-java-stream--2064336329] DEBUG com.github.dockerjava.api.command.PullImageResultCallback - ResponseItem(stream=null, status=Extracting, progressDetail=ResponseItem.ProgressDetail(current=6193152, total=8065496, start=null), progress=[======================================>            ]  6.193MB/8.065MB, id=12bab27fafd3, from=null, time=null, errorDetail=null, error=null, aux=null)
21:56:18.007 [docker-java-stream--2064336329] DEBUG com.github.dockerjava.zerodep.shaded.org.apache.hc.client5.http.wire - http-outgoing-3 << "bb[\r][\n]"
21:56:18.007 [docker-java-stream--2064336329] DEBUG com.github.dockerjava.zerodep.shaded.org.apache.hc.client5.http.wire - http-outgoing-3 << "{"status":"Extracting","progressDetail":{"current":6291456,"total":8065496},"progress":"[=======================================\u003e           ]  6.291MB/8.065MB","id":"12bab27fafd3"}[\r][\n]"
21:56:18.007 [docker-java-stream--2064336329] DEBUG com.github.dockerjava.zerodep.shaded.org.apache.hc.client5.http.wire - http-outgoing-3 << "[\r][\n]"
21:56:18.008 [docker-java-stream--2064336329] DEBUG com.github.dockerjava.api.command.PullImageResultCallback - ResponseItem(stream=null, status=Extracting, progressDetail=ResponseItem.ProgressDetail(current=6291456, total=8065496, start=null), progress=[=======================================>           ]  6.291MB/8.065MB, id=12bab27fafd3, from=null, time=null, errorDetail=null, error=null, aux=null)
21:56:18.140 [docker-java-stream--2064336329] DEBUG com.github.dockerjava.zerodep.shaded.org.apache.hc.client5.http.wire - http-outgoing-3 << "bb[\r][\n]"
21:56:18.140 [docker-java-stream--2064336329] DEBUG com.github.dockerjava.zerodep.shaded.org.apache.hc.client5.http.wire - http-outgoing-3 << "{"status":"Extracting","progressDetail":{"current":6586368,"total":8065496},"progress":"[========================================\u003e          ]  6.586MB/8.065MB","id":"12bab27fafd3"}[\r][\n]"
21:56:18.140 [docker-java-stream--2064336329] DEBUG com.github.dockerjava.zerodep.shaded.org.apache.hc.client5.http.wire - http-outgoing-3 << "[\r][\n]"
21:56:18.140 [docker-java-stream--2064336329] DEBUG com.github.dockerjava.api.command.PullImageResultCallback - ResponseItem(stream=null, status=Extracting, progressDetail=ResponseItem.ProgressDetail(current=6586368, total=8065496, start=null), progress=[========================================>          ]  6.586MB/8.065MB, id=12bab27fafd3, from=null, time=null, errorDetail=null, error=null, aux=null)
21:56:18.240 [docker-java-stream--2064336329] DEBUG com.github.dockerjava.zerodep.shaded.org.apache.hc.client5.http.wire - http-outgoing-3 << "bb[\r][\n]"
21:56:18.240 [docker-java-stream--2064336329] DEBUG com.github.dockerjava.zerodep.shaded.org.apache.hc.client5.http.wire - http-outgoing-3 << "{"status":"Extracting","progressDetail":{"current":6881280,"total":8065496},"progress":"[==========================================\u003e        ]  6.881MB/8.065MB","id":"12bab27fafd3"}[\r][\n]"
21:56:18.240 [docker-java-stream--2064336329] DEBUG com.github.dockerjava.zerodep.shaded.org.apache.hc.client5.http.wire - http-outgoing-3 << "[\r][\n]"
21:56:18.240 [docker-java-stream--2064336329] DEBUG com.github.dockerjava.api.command.PullImageResultCallback - ResponseItem(stream=null, status=Extracting, progressDetail=ResponseItem.ProgressDetail(current=6881280, total=8065496, start=null), progress=[==========================================>        ]  6.881MB/8.065MB, id=12bab27fafd3, from=null, time=null, errorDetail=null, error=null, aux=null)
21:56:18.584 [docker-java-stream--2064336329] DEBUG com.github.dockerjava.zerodep.shaded.org.apache.hc.client5.http.wire - http-outgoing-3 << "bb[\r][\n]"
21:56:18.584 [docker-java-stream--2064336329] DEBUG com.github.dockerjava.zerodep.shaded.org.apache.hc.client5.http.wire - http-outgoing-3 << "{"status":"Extracting","progressDetail":{"current":7077888,"total":8065496},"progress":"[===========================================\u003e       ]  7.078MB/8.065MB","id":"12bab27fafd3"}[\r][\n]"
21:56:18.584 [docker-java-stream--2064336329] DEBUG com.github.dockerjava.zerodep.shaded.org.apache.hc.client5.http.wire - http-outgoing-3 << "[\r][\n]"
21:56:18.584 [docker-java-stream--2064336329] DEBUG com.github.dockerjava.api.command.PullImageResultCallback - ResponseItem(stream=null, status=Extracting, progressDetail=ResponseItem.ProgressDetail(current=7077888, total=8065496, start=null), progress=[===========================================>       ]  7.078MB/8.065MB, id=12bab27fafd3, from=null, time=null, errorDetail=null, error=null, aux=null)
21:56:18.829 [docker-java-stream--2064336329] DEBUG com.github.dockerjava.zerodep.shaded.org.apache.hc.client5.http.wire - http-outgoing-3 << "bb[\r][\n]"
21:56:18.829 [docker-java-stream--2064336329] DEBUG com.github.dockerjava.zerodep.shaded.org.apache.hc.client5.http.wire - http-outgoing-3 << "{"status":"Extracting","progressDetail":{"current":7471104,"total":8065496},"progress":"[==============================================\u003e    ]  7.471MB/8.065MB","id":"12bab27fafd3"}[\r][\n]"
21:56:18.829 [docker-java-stream--2064336329] DEBUG com.github.dockerjava.zerodep.shaded.org.apache.hc.client5.http.wire - http-outgoing-3 << "[\r][\n]"
21:56:18.829 [docker-java-stream--2064336329] DEBUG com.github.dockerjava.api.command.PullImageResultCallback - ResponseItem(stream=null, status=Extracting, progressDetail=ResponseItem.ProgressDetail(current=7471104, total=8065496, start=null), progress=[==============================================>    ]  7.471MB/8.065MB, id=12bab27fafd3, from=null, time=null, errorDetail=null, error=null, aux=null)
21:56:19.000 [docker-java-stream--2064336329] DEBUG com.github.dockerjava.zerodep.shaded.org.apache.hc.client5.http.wire - http-outgoing-3 << "bb[\r][\n]"
21:56:19.001 [docker-java-stream--2064336329] DEBUG com.github.dockerjava.zerodep.shaded.org.apache.hc.client5.http.wire - http-outgoing-3 << "{"status":"Extracting","progressDetail":{"current":7569408,"total":8065496},"progress":"[==============================================\u003e    ]  7.569MB/8.065MB","id":"12bab27fafd3"}[\r][\n]"
21:56:19.001 [docker-java-stream--2064336329] DEBUG com.github.dockerjava.zerodep.shaded.org.apache.hc.client5.http.wire - http-outgoing-3 << "[\r][\n]"
21:56:19.001 [docker-java-stream--2064336329] DEBUG com.github.dockerjava.api.command.PullImageResultCallback - ResponseItem(stream=null, status=Extracting, progressDetail=ResponseItem.ProgressDetail(current=7569408, total=8065496, start=null), progress=[==============================================>    ]  7.569MB/8.065MB, id=12bab27fafd3, from=null, time=null, errorDetail=null, error=null, aux=null)
21:56:19.132 [docker-java-stream--2064336329] DEBUG com.github.dockerjava.zerodep.shaded.org.apache.hc.client5.http.wire - http-outgoing-3 << "bb[\r][\n]"
21:56:19.132 [docker-java-stream--2064336329] DEBUG com.github.dockerjava.zerodep.shaded.org.apache.hc.client5.http.wire - http-outgoing-3 << "{"status":"Extracting","progressDetail":{"current":7766016,"total":8065496},"progress":"[================================================\u003e  ]  7.766MB/8.065MB","id":"12bab27fafd3"}[\r][\n]"
21:56:19.132 [docker-java-stream--2064336329] DEBUG com.github.dockerjava.zerodep.shaded.org.apache.hc.client5.http.wire - http-outgoing-3 << "[\r][\n]"
21:56:19.132 [docker-java-stream--2064336329] DEBUG com.github.dockerjava.api.command.PullImageResultCallback - ResponseItem(stream=null, status=Extracting, progressDetail=ResponseItem.ProgressDetail(current=7766016, total=8065496, start=null), progress=[================================================>  ]  7.766MB/8.065MB, id=12bab27fafd3, from=null, time=null, errorDetail=null, error=null, aux=null)
21:56:19.684 [docker-java-stream--2064336329] DEBUG com.github.dockerjava.zerodep.shaded.org.apache.hc.client5.http.wire - http-outgoing-3 << "bb[\r][\n]"
21:56:19.684 [docker-java-stream--2064336329] DEBUG com.github.dockerjava.zerodep.shaded.org.apache.hc.client5.http.wire - http-outgoing-3 << "{"status":"Extracting","progressDetail":{"current":7962624,"total":8065496},"progress":"[=================================================\u003e ]  7.963MB/8.065MB","id":"12bab27fafd3"}[\r][\n]"
21:56:19.684 [docker-java-stream--2064336329] DEBUG com.github.dockerjava.zerodep.shaded.org.apache.hc.client5.http.wire - http-outgoing-3 << "[\r][\n]"
21:56:19.684 [docker-java-stream--2064336329] DEBUG com.github.dockerjava.api.command.PullImageResultCallback - ResponseItem(stream=null, status=Extracting, progressDetail=ResponseItem.ProgressDetail(current=7962624, total=8065496, start=null), progress=[=================================================> ]  7.963MB/8.065MB, id=12bab27fafd3, from=null, time=null, errorDetail=null, error=null, aux=null)
21:56:19.822 [docker-java-stream--2064336329] DEBUG com.github.dockerjava.zerodep.shaded.org.apache.hc.client5.http.wire - http-outgoing-3 << "bb[\r][\n]"
21:56:19.822 [docker-java-stream--2064336329] DEBUG com.github.dockerjava.zerodep.shaded.org.apache.hc.client5.http.wire - http-outgoing-3 << "{"status":"Extracting","progressDetail":{"current":8065496,"total":8065496},"progress":"[==================================================\u003e]  8.065MB/8.065MB","id":"12bab27fafd3"}[\r][\n]"
21:56:19.822 [docker-java-stream--2064336329] DEBUG com.github.dockerjava.zerodep.shaded.org.apache.hc.client5.http.wire - http-outgoing-3 << "[\r][\n]"
21:56:19.822 [docker-java-stream--2064336329] DEBUG com.github.dockerjava.api.command.PullImageResultCallback - ResponseItem(stream=null, status=Extracting, progressDetail=ResponseItem.ProgressDetail(current=8065496, total=8065496, start=null), progress=[==================================================>]  8.065MB/8.065MB, id=12bab27fafd3, from=null, time=null, errorDetail=null, error=null, aux=null)
21:56:21.918 [docker-java-stream--2064336329] DEBUG com.github.dockerjava.zerodep.shaded.org.apache.hc.client5.http.wire - http-outgoing-3 << "44[\r][\n]"
21:56:21.918 [docker-java-stream--2064336329] DEBUG com.github.dockerjava.zerodep.shaded.org.apache.hc.client5.http.wire - http-outgoing-3 << "{"status":"Pull complete","progressDetail":{},"id":"12bab27fafd3"}[\r][\n]"
21:56:21.918 [docker-java-stream--2064336329] DEBUG com.github.dockerjava.zerodep.shaded.org.apache.hc.client5.http.wire - http-outgoing-3 << "[\r][\n]"
21:56:21.918 [docker-java-stream--2064336329] DEBUG com.github.dockerjava.api.command.PullImageResultCallback - ResponseItem(stream=null, status=Pull complete, progressDetail=ResponseItem.ProgressDetail(current=null, total=null, start=null), progress=null, id=12bab27fafd3, from=null, time=null, errorDetail=null, error=null, aux=null)
21:56:21.920 [docker-java-stream--2064336329] INFO tc.postgres:16.1 - Pulling image layers:  0 pending, 14 downloaded,  5 extracted, (145 MB/145 MB)
21:56:22.450 [docker-java-stream--2064336329] DEBUG com.github.dockerjava.zerodep.shaded.org.apache.hc.client5.http.wire - http-outgoing-3 << "b9[\r][\n]"
21:56:22.450 [docker-java-stream--2064336329] DEBUG com.github.dockerjava.zerodep.shaded.org.apache.hc.client5.http.wire - http-outgoing-3 << "{"status":"Extracting","progressDetail":{"current":32768,"total":1195120},"progress":"[=\u003e                                                 ]  32.77kB/1.195MB","id":"644cfda281a1"}[\r][\n]"
21:56:22.450 [docker-java-stream--2064336329] DEBUG com.github.dockerjava.zerodep.shaded.org.apache.hc.client5.http.wire - http-outgoing-3 << "[\r][\n]"
21:56:22.451 [docker-java-stream--2064336329] DEBUG com.github.dockerjava.api.command.PullImageResultCallback - ResponseItem(stream=null, status=Extracting, progressDetail=ResponseItem.ProgressDetail(current=32768, total=1195120, start=null), progress=[=>                                                 ]  32.77kB/1.195MB, id=644cfda281a1, from=null, time=null, errorDetail=null, error=null, aux=null)
21:56:22.788 [docker-java-stream--2064336329] DEBUG com.github.dockerjava.zerodep.shaded.org.apache.hc.client5.http.wire - http-outgoing-3 << "b9[\r][\n]"
21:56:22.788 [docker-java-stream--2064336329] DEBUG com.github.dockerjava.zerodep.shaded.org.apache.hc.client5.http.wire - http-outgoing-3 << "{"status":"Extracting","progressDetail":{"current":65536,"total":1195120},"progress":"[==\u003e                                                ]  65.54kB/1.195MB","id":"644cfda281a1"}[\r][\n]"
21:56:22.788 [docker-java-stream--2064336329] DEBUG com.github.dockerjava.zerodep.shaded.org.apache.hc.client5.http.wire - http-outgoing-3 << "[\r][\n]"
21:56:22.789 [docker-java-stream--2064336329] DEBUG com.github.dockerjava.api.command.PullImageResultCallback - ResponseItem(stream=null, status=Extracting, progressDetail=ResponseItem.ProgressDetail(current=65536, total=1195120, start=null), progress=[==>                                                ]  65.54kB/1.195MB, id=644cfda281a1, from=null, time=null, errorDetail=null, error=null, aux=null)
21:56:23.146 [docker-java-stream--2064336329] DEBUG com.github.dockerjava.zerodep.shaded.org.apache.hc.client5.http.wire - http-outgoing-3 << "ba[\r][\n]"
21:56:23.146 [docker-java-stream--2064336329] DEBUG com.github.dockerjava.zerodep.shaded.org.apache.hc.client5.http.wire - http-outgoing-3 << "{"status":"Extracting","progressDetail":{"current":196608,"total":1195120},"progress":"[========\u003e                                          ]  196.6kB/1.195MB","id":"644cfda281a1"}[\r][\n]"
21:56:23.146 [docker-java-stream--2064336329] DEBUG com.github.dockerjava.zerodep.shaded.org.apache.hc.client5.http.wire - http-outgoing-3 << "[\r][\n]"
21:56:23.147 [docker-java-stream--2064336329] DEBUG com.github.dockerjava.api.command.PullImageResultCallback - ResponseItem(stream=null, status=Extracting, progressDetail=ResponseItem.ProgressDetail(current=196608, total=1195120, start=null), progress=[========>                                          ]  196.6kB/1.195MB, id=644cfda281a1, from=null, time=null, errorDetail=null, error=null, aux=null)
21:56:23.390 [docker-java-stream--2064336329] DEBUG com.github.dockerjava.zerodep.shaded.org.apache.hc.client5.http.wire - http-outgoing-3 << "ba[\r][\n]"
21:56:23.390 [docker-java-stream--2064336329] DEBUG com.github.dockerjava.zerodep.shaded.org.apache.hc.client5.http.wire - http-outgoing-3 << "{"status":"Extracting","progressDetail":{"current":262144,"total":1195120},"progress":"[==========\u003e                                        ]  262.1kB/1.195MB","id":"644cfda281a1"}[\r][\n]"
21:56:23.390 [docker-java-stream--2064336329] DEBUG com.github.dockerjava.zerodep.shaded.org.apache.hc.client5.http.wire - http-outgoing-3 << "[\r][\n]"
21:56:23.391 [docker-java-stream--2064336329] DEBUG com.github.dockerjava.api.command.PullImageResultCallback - ResponseItem(stream=null, status=Extracting, progressDetail=ResponseItem.ProgressDetail(current=262144, total=1195120, start=null), progress=[==========>                                        ]  262.1kB/1.195MB, id=644cfda281a1, from=null, time=null, errorDetail=null, error=null, aux=null)
21:56:23.702 [docker-java-stream--2064336329] DEBUG com.github.dockerjava.zerodep.shaded.org.apache.hc.client5.http.wire - http-outgoing-3 << "ba[\r][\n]"
21:56:23.702 [docker-java-stream--2064336329] DEBUG com.github.dockerjava.zerodep.shaded.org.apache.hc.client5.http.wire - http-outgoing-3 << "{"status":"Extracting","progressDetail":{"current":327680,"total":1195120},"progress":"[=============\u003e                                     ]  327.7kB/1.195MB","id":"644cfda281a1"}[\r][\n]"
21:56:23.703 [docker-java-stream--2064336329] DEBUG com.github.dockerjava.zerodep.shaded.org.apache.hc.client5.http.wire - http-outgoing-3 << "[\r][\n]"
21:56:23.703 [docker-java-stream--2064336329] DEBUG com.github.dockerjava.api.command.PullImageResultCallback - ResponseItem(stream=null, status=Extracting, progressDetail=ResponseItem.ProgressDetail(current=327680, total=1195120, start=null), progress=[=============>                                     ]  327.7kB/1.195MB, id=644cfda281a1, from=null, time=null, errorDetail=null, error=null, aux=null)
21:56:24.578 [docker-java-stream--2064336329] DEBUG com.github.dockerjava.zerodep.shaded.org.apache.hc.client5.http.wire - http-outgoing-3 << "ba[\r][\n]"
21:56:24.578 [docker-java-stream--2064336329] DEBUG com.github.dockerjava.zerodep.shaded.org.apache.hc.client5.http.wire - http-outgoing-3 << "{"status":"Extracting","progressDetail":{"current":393216,"total":1195120},"progress":"[================\u003e                                  ]  393.2kB/1.195MB","id":"644cfda281a1"}[\r][\n]"
21:56:24.578 [docker-java-stream--2064336329] DEBUG com.github.dockerjava.zerodep.shaded.org.apache.hc.client5.http.wire - http-outgoing-3 << "[\r][\n]"
21:56:24.579 [docker-java-stream--2064336329] DEBUG com.github.dockerjava.api.command.PullImageResultCallback - ResponseItem(stream=null, status=Extracting, progressDetail=ResponseItem.ProgressDetail(current=393216, total=1195120, start=null), progress=[================>                                  ]  393.2kB/1.195MB, id=644cfda281a1, from=null, time=null, errorDetail=null, error=null, aux=null)
21:56:24.683 [docker-java-stream--2064336329] DEBUG com.github.dockerjava.zerodep.shaded.org.apache.hc.client5.http.wire - http-outgoing-3 << "ba[\r][\n]"
21:56:24.683 [docker-java-stream--2064336329] DEBUG com.github.dockerjava.zerodep.shaded.org.apache.hc.client5.http.wire - http-outgoing-3 << "{"status":"Extracting","progressDetail":{"current":491520,"total":1195120},"progress":"[====================\u003e                              ]  491.5kB/1.195MB","id":"644cfda281a1"}[\r][\n]"
21:56:24.683 [docker-java-stream--2064336329] DEBUG com.github.dockerjava.zerodep.shaded.org.apache.hc.client5.http.wire - http-outgoing-3 << "[\r][\n]"
21:56:24.683 [docker-java-stream--2064336329] DEBUG com.github.dockerjava.api.command.PullImageResultCallback - ResponseItem(stream=null, status=Extracting, progressDetail=ResponseItem.ProgressDetail(current=491520, total=1195120, start=null), progress=[====================>                              ]  491.5kB/1.195MB, id=644cfda281a1, from=null, time=null, errorDetail=null, error=null, aux=null)
21:56:24.961 [docker-java-stream--2064336329] DEBUG com.github.dockerjava.zerodep.shaded.org.apache.hc.client5.http.wire - http-outgoing-3 << "ba[\r][\n]"
21:56:24.961 [docker-java-stream--2064336329] DEBUG com.github.dockerjava.zerodep.shaded.org.apache.hc.client5.http.wire - http-outgoing-3 << "{"status":"Extracting","progressDetail":{"current":524288,"total":1195120},"progress":"[=====================\u003e                             ]  524.3kB/1.195MB","id":"644cfda281a1"}[\r][\n]"
21:56:24.961 [docker-java-stream--2064336329] DEBUG com.github.dockerjava.zerodep.shaded.org.apache.hc.client5.http.wire - http-outgoing-3 << "[\r][\n]"
21:56:24.961 [docker-java-stream--2064336329] DEBUG com.github.dockerjava.api.command.PullImageResultCallback - ResponseItem(stream=null, status=Extracting, progressDetail=ResponseItem.ProgressDetail(current=524288, total=1195120, start=null), progress=[=====================>                             ]  524.3kB/1.195MB, id=644cfda281a1, from=null, time=null, errorDetail=null, error=null, aux=null)
21:56:25.092 [docker-java-stream--2064336329] DEBUG com.github.dockerjava.zerodep.shaded.org.apache.hc.client5.http.wire - http-outgoing-3 << "ba[\r][\n]"
21:56:25.092 [docker-java-stream--2064336329] DEBUG com.github.dockerjava.zerodep.shaded.org.apache.hc.client5.http.wire - http-outgoing-3 << "{"status":"Extracting","progressDetail":{"current":557056,"total":1195120},"progress":"[=======================\u003e                           ]  557.1kB/1.195MB","id":"644cfda281a1"}[\r][\n]"
21:56:25.092 [docker-java-stream--2064336329] DEBUG com.github.dockerjava.zerodep.shaded.org.apache.hc.client5.http.wire - http-outgoing-3 << "[\r][\n]"
21:56:25.093 [docker-java-stream--2064336329] DEBUG com.github.dockerjava.api.command.PullImageResultCallback - ResponseItem(stream=null, status=Extracting, progressDetail=ResponseItem.ProgressDetail(current=557056, total=1195120, start=null), progress=[=======================>                           ]  557.1kB/1.195MB, id=644cfda281a1, from=null, time=null, errorDetail=null, error=null, aux=null)
21:56:25.455 [docker-java-stream--2064336329] DEBUG com.github.dockerjava.zerodep.shaded.org.apache.hc.client5.http.wire - http-outgoing-3 << "ba[\r][\n]"
21:56:25.455 [docker-java-stream--2064336329] DEBUG com.github.dockerjava.zerodep.shaded.org.apache.hc.client5.http.wire - http-outgoing-3 << "{"status":"Extracting","progressDetail":{"current":819200,"total":1195120},"progress":"[==================================\u003e                ]  819.2kB/1.195MB","id":"644cfda281a1"}[\r][\n]"
21:56:25.455 [docker-java-stream--2064336329] DEBUG com.github.dockerjava.zerodep.shaded.org.apache.hc.client5.http.wire - http-outgoing-3 << "[\r][\n]"
21:56:25.456 [docker-java-stream--2064336329] DEBUG com.github.dockerjava.api.command.PullImageResultCallback - ResponseItem(stream=null, status=Extracting, progressDetail=ResponseItem.ProgressDetail(current=819200, total=1195120, start=null), progress=[==================================>                ]  819.2kB/1.195MB, id=644cfda281a1, from=null, time=null, errorDetail=null, error=null, aux=null)
21:56:25.667 [docker-java-stream--2064336329] DEBUG com.github.dockerjava.zerodep.shaded.org.apache.hc.client5.http.wire - http-outgoing-3 << "ba[\r][\n]"
21:56:25.667 [docker-java-stream--2064336329] DEBUG com.github.dockerjava.zerodep.shaded.org.apache.hc.client5.http.wire - http-outgoing-3 << "{"status":"Extracting","progressDetail":{"current":851968,"total":1195120},"progress":"[===================================\u003e               ]    852kB/1.195MB","id":"644cfda281a1"}[\r][\n]"
21:56:25.667 [docker-java-stream--2064336329] DEBUG com.github.dockerjava.zerodep.shaded.org.apache.hc.client5.http.wire - http-outgoing-3 << "[\r][\n]"
21:56:25.668 [docker-java-stream--2064336329] DEBUG com.github.dockerjava.api.command.PullImageResultCallback - ResponseItem(stream=null, status=Extracting, progressDetail=ResponseItem.ProgressDetail(current=851968, total=1195120, start=null), progress=[===================================>               ]    852kB/1.195MB, id=644cfda281a1, from=null, time=null, errorDetail=null, error=null, aux=null)
21:56:26.056 [docker-java-stream--2064336329] DEBUG com.github.dockerjava.zerodep.shaded.org.apache.hc.client5.http.wire - http-outgoing-3 << "ba[\r][\n]"
21:56:26.056 [docker-java-stream--2064336329] DEBUG com.github.dockerjava.zerodep.shaded.org.apache.hc.client5.http.wire - http-outgoing-3 << "{"status":"Extracting","progressDetail":{"current":950272,"total":1195120},"progress":"[=======================================\u003e           ]  950.3kB/1.195MB","id":"644cfda281a1"}[\r][\n]"
21:56:26.056 [docker-java-stream--2064336329] DEBUG com.github.dockerjava.zerodep.shaded.org.apache.hc.client5.http.wire - http-outgoing-3 << "[\r][\n]"
21:56:26.057 [docker-java-stream--2064336329] DEBUG com.github.dockerjava.api.command.PullImageResultCallback - ResponseItem(stream=null, status=Extracting, progressDetail=ResponseItem.ProgressDetail(current=950272, total=1195120, start=null), progress=[=======================================>           ]  950.3kB/1.195MB, id=644cfda281a1, from=null, time=null, errorDetail=null, error=null, aux=null)
21:56:26.057 [docker-java-stream--2064336329] DEBUG com.github.dockerjava.zerodep.shaded.org.apache.hc.client5.http.wire - http-outgoing-3 << "ba[\r][\n]"
21:56:26.057 [docker-java-stream--2064336329] DEBUG com.github.dockerjava.zerodep.shaded.org.apache.hc.client5.http.wire - http-outgoing-3 << "{"status":"Extracting","progressDetail":{"current":983040,"total":1195120},"progress":"[=========================================\u003e         ]    983kB/1.195MB","id":"644cfda281a1"}[\r][\n]"
21:56:26.057 [docker-java-stream--2064336329] DEBUG com.github.dockerjava.zerodep.shaded.org.apache.hc.client5.http.wire - http-outgoing-3 << "[\r][\n]"
21:56:26.058 [docker-java-stream--2064336329] DEBUG com.github.dockerjava.api.command.PullImageResultCallback - ResponseItem(stream=null, status=Extracting, progressDetail=ResponseItem.ProgressDetail(current=983040, total=1195120, start=null), progress=[=========================================>         ]    983kB/1.195MB, id=644cfda281a1, from=null, time=null, errorDetail=null, error=null, aux=null)
21:56:26.152 [docker-java-stream--2064336329] DEBUG com.github.dockerjava.zerodep.shaded.org.apache.hc.client5.http.wire - http-outgoing-3 << "bb[\r][\n]"
21:56:26.152 [docker-java-stream--2064336329] DEBUG com.github.dockerjava.zerodep.shaded.org.apache.hc.client5.http.wire - http-outgoing-3 << "{"status":"Extracting","progressDetail":{"current":1048576,"total":1195120},"progress":"[===========================================\u003e       ]  1.049MB/1.195MB","id":"644cfda281a1"}[\r][\n]"
21:56:26.152 [docker-java-stream--2064336329] DEBUG com.github.dockerjava.zerodep.shaded.org.apache.hc.client5.http.wire - http-outgoing-3 << "[\r][\n]"
21:56:26.152 [docker-java-stream--2064336329] DEBUG com.github.dockerjava.api.command.PullImageResultCallback - ResponseItem(stream=null, status=Extracting, progressDetail=ResponseItem.ProgressDetail(current=1048576, total=1195120, start=null), progress=[===========================================>       ]  1.049MB/1.195MB, id=644cfda281a1, from=null, time=null, errorDetail=null, error=null, aux=null)
21:56:26.273 [docker-java-stream--2064336329] DEBUG com.github.dockerjava.zerodep.shaded.org.apache.hc.client5.http.wire - http-outgoing-3 << "bb[\r][\n]"
21:56:26.273 [docker-java-stream--2064336329] DEBUG com.github.dockerjava.zerodep.shaded.org.apache.hc.client5.http.wire - http-outgoing-3 << "{"status":"Extracting","progressDetail":{"current":1081344,"total":1195120},"progress":"[=============================================\u003e     ]  1.081MB/1.195MB","id":"644cfda281a1"}[\r][\n]"
21:56:26.273 [docker-java-stream--2064336329] DEBUG com.github.dockerjava.zerodep.shaded.org.apache.hc.client5.http.wire - http-outgoing-3 << "[\r][\n]"
21:56:26.273 [docker-java-stream--2064336329] DEBUG com.github.dockerjava.api.command.PullImageResultCallback - ResponseItem(stream=null, status=Extracting, progressDetail=ResponseItem.ProgressDetail(current=1081344, total=1195120, start=null), progress=[=============================================>     ]  1.081MB/1.195MB, id=644cfda281a1, from=null, time=null, errorDetail=null, error=null, aux=null)
21:56:27.155 [docker-java-stream--2064336329] DEBUG com.github.dockerjava.zerodep.shaded.org.apache.hc.client5.http.wire - http-outgoing-3 << "bb[\r][\n]"
21:56:27.156 [docker-java-stream--2064336329] DEBUG com.github.dockerjava.zerodep.shaded.org.apache.hc.client5.http.wire - http-outgoing-3 << "{"status":"Extracting","progressDetail":{"current":1146880,"total":1195120},"progress":"[===============================================\u003e   ]  1.147MB/1.195MB","id":"644cfda281a1"}[\r][\n]"
21:56:27.156 [docker-java-stream--2064336329] DEBUG com.github.dockerjava.zerodep.shaded.org.apache.hc.client5.http.wire - http-outgoing-3 << "[\r][\n]"
21:56:27.157 [docker-java-stream--2064336329] DEBUG com.github.dockerjava.api.command.PullImageResultCallback - ResponseItem(stream=null, status=Extracting, progressDetail=ResponseItem.ProgressDetail(current=1146880, total=1195120, start=null), progress=[===============================================>   ]  1.147MB/1.195MB, id=644cfda281a1, from=null, time=null, errorDetail=null, error=null, aux=null)
21:56:27.521 [docker-java-stream--2064336329] DEBUG com.github.dockerjava.zerodep.shaded.org.apache.hc.client5.http.wire - http-outgoing-3 << "bb[\r][\n]"
21:56:27.522 [docker-java-stream--2064336329] DEBUG com.github.dockerjava.zerodep.shaded.org.apache.hc.client5.http.wire - http-outgoing-3 << "{"status":"Extracting","progressDetail":{"current":1179648,"total":1195120},"progress":"[=================================================\u003e ]   1.18MB/1.195MB","id":"644cfda281a1"}[\r][\n]"
21:56:27.522 [docker-java-stream--2064336329] DEBUG com.github.dockerjava.zerodep.shaded.org.apache.hc.client5.http.wire - http-outgoing-3 << "[\r][\n]"
21:56:27.522 [docker-java-stream--2064336329] DEBUG com.github.dockerjava.api.command.PullImageResultCallback - ResponseItem(stream=null, status=Extracting, progressDetail=ResponseItem.ProgressDetail(current=1179648, total=1195120, start=null), progress=[=================================================> ]   1.18MB/1.195MB, id=644cfda281a1, from=null, time=null, errorDetail=null, error=null, aux=null)
21:56:29.017 [docker-java-stream--2064336329] DEBUG com.github.dockerjava.zerodep.shaded.org.apache.hc.client5.http.wire - http-outgoing-3 << "bb[\r][\n]"
21:56:29.017 [docker-java-stream--2064336329] DEBUG com.github.dockerjava.zerodep.shaded.org.apache.hc.client5.http.wire - http-outgoing-3 << "{"status":"Extracting","progressDetail":{"current":1195120,"total":1195120},"progress":"[==================================================\u003e]  1.195MB/1.195MB","id":"644cfda281a1"}[\r][\n]"
21:56:29.017 [docker-java-stream--2064336329] DEBUG com.github.dockerjava.zerodep.shaded.org.apache.hc.client5.http.wire - http-outgoing-3 << "[\r][\n]"
21:56:29.017 [docker-java-stream--2064336329] DEBUG com.github.dockerjava.api.command.PullImageResultCallback - ResponseItem(stream=null, status=Extracting, progressDetail=ResponseItem.ProgressDetail(current=1195120, total=1195120, start=null), progress=[==================================================>]  1.195MB/1.195MB, id=644cfda281a1, from=null, time=null, errorDetail=null, error=null, aux=null)
21:56:29.323 [docker-java-stream--2064336329] DEBUG com.github.dockerjava.zerodep.shaded.org.apache.hc.client5.http.wire - http-outgoing-3 << "bb[\r][\n]"
21:56:29.323 [docker-java-stream--2064336329] DEBUG com.github.dockerjava.zerodep.shaded.org.apache.hc.client5.http.wire - http-outgoing-3 << "{"status":"Extracting","progressDetail":{"current":1195120,"total":1195120},"progress":"[==================================================\u003e]  1.195MB/1.195MB","id":"644cfda281a1"}[\r][\n]"
21:56:29.323 [docker-java-stream--2064336329] DEBUG com.github.dockerjava.zerodep.shaded.org.apache.hc.client5.http.wire - http-outgoing-3 << "[\r][\n]"
21:56:29.323 [docker-java-stream--2064336329] DEBUG com.github.dockerjava.api.command.PullImageResultCallback - ResponseItem(stream=null, status=Extracting, progressDetail=ResponseItem.ProgressDetail(current=1195120, total=1195120, start=null), progress=[==================================================>]  1.195MB/1.195MB, id=644cfda281a1, from=null, time=null, errorDetail=null, error=null, aux=null)
21:56:34.971 [docker-java-stream--2064336329] DEBUG com.github.dockerjava.zerodep.shaded.org.apache.hc.client5.http.wire - http-outgoing-3 << "44[\r][\n]"
21:56:34.971 [docker-java-stream--2064336329] DEBUG com.github.dockerjava.zerodep.shaded.org.apache.hc.client5.http.wire - http-outgoing-3 << "{"status":"Pull complete","progressDetail":{},"id":"644cfda281a1"}[\r][\n]"
21:56:34.971 [docker-java-stream--2064336329] DEBUG com.github.dockerjava.zerodep.shaded.org.apache.hc.client5.http.wire - http-outgoing-3 << "[\r][\n]"
21:56:34.971 [docker-java-stream--2064336329] DEBUG com.github.dockerjava.api.command.PullImageResultCallback - ResponseItem(stream=null, status=Pull complete, progressDetail=ResponseItem.ProgressDetail(current=null, total=null, start=null), progress=null, id=644cfda281a1, from=null, time=null, errorDetail=null, error=null, aux=null)
21:56:34.972 [docker-java-stream--2064336329] INFO tc.postgres:16.1 - Pulling image layers:  0 pending, 14 downloaded,  6 extracted, (145 MB/145 MB)
21:56:35.553 [docker-java-stream--2064336329] DEBUG com.github.dockerjava.zerodep.shaded.org.apache.hc.client5.http.wire - http-outgoing-3 << "b0[\r][\n]"
21:56:35.553 [docker-java-stream--2064336329] DEBUG com.github.dockerjava.zerodep.shaded.org.apache.hc.client5.http.wire - http-outgoing-3 << "{"status":"Extracting","progressDetail":{"current":116,"total":116},"progress":"[==================================================\u003e]     116B/116B","id":"03299695f2b9"}[\r][\n]"
21:56:35.553 [docker-java-stream--2064336329] DEBUG com.github.dockerjava.zerodep.shaded.org.apache.hc.client5.http.wire - http-outgoing-3 << "[\r][\n]"
21:56:35.553 [docker-java-stream--2064336329] DEBUG com.github.dockerjava.api.command.PullImageResultCallback - ResponseItem(stream=null, status=Extracting, progressDetail=ResponseItem.ProgressDetail(current=116, total=116, start=null), progress=[==================================================>]     116B/116B, id=03299695f2b9, from=null, time=null, errorDetail=null, error=null, aux=null)
21:56:35.557 [docker-java-stream--2064336329] DEBUG com.github.dockerjava.zerodep.shaded.org.apache.hc.client5.http.wire - http-outgoing-3 << "b0[\r][\n]"
21:56:35.558 [docker-java-stream--2064336329] DEBUG com.github.dockerjava.zerodep.shaded.org.apache.hc.client5.http.wire - http-outgoing-3 << "{"status":"Extracting","progressDetail":{"current":116,"total":116},"progress":"[==================================================\u003e]     116B/116B","id":"03299695f2b9"}[\r][\n]"
21:56:35.558 [docker-java-stream--2064336329] DEBUG com.github.dockerjava.zerodep.shaded.org.apache.hc.client5.http.wire - http-outgoing-3 << "[\r][\n]"
21:56:35.558 [docker-java-stream--2064336329] DEBUG com.github.dockerjava.api.command.PullImageResultCallback - ResponseItem(stream=null, status=Extracting, progressDetail=ResponseItem.ProgressDetail(current=116, total=116, start=null), progress=[==================================================>]     116B/116B, id=03299695f2b9, from=null, time=null, errorDetail=null, error=null, aux=null)
21:56:36.872 [docker-java-stream--2064336329] DEBUG com.github.dockerjava.zerodep.shaded.org.apache.hc.client5.http.wire - http-outgoing-3 << "44[\r][\n]"
21:56:36.872 [docker-java-stream--2064336329] DEBUG com.github.dockerjava.zerodep.shaded.org.apache.hc.client5.http.wire - http-outgoing-3 << "{"status":"Pull complete","progressDetail":{},"id":"03299695f2b9"}[\r][\n]"
21:56:36.872 [docker-java-stream--2064336329] DEBUG com.github.dockerjava.zerodep.shaded.org.apache.hc.client5.http.wire - http-outgoing-3 << "[\r][\n]"
21:56:36.873 [docker-java-stream--2064336329] DEBUG com.github.dockerjava.api.command.PullImageResultCallback - ResponseItem(stream=null, status=Pull complete, progressDetail=ResponseItem.ProgressDetail(current=null, total=null, start=null), progress=null, id=03299695f2b9, from=null, time=null, errorDetail=null, error=null, aux=null)
21:56:36.878 [docker-java-stream--2064336329] INFO tc.postgres:16.1 - Pulling image layers:  0 pending, 14 downloaded,  7 extracted, (145 MB/145 MB)
21:56:37.726 [docker-java-stream--2064336329] DEBUG com.github.dockerjava.zerodep.shaded.org.apache.hc.client5.http.wire - http-outgoing-3 << "b5[\r][\n]"
21:56:37.726 [docker-java-stream--2064336329] DEBUG com.github.dockerjava.zerodep.shaded.org.apache.hc.client5.http.wire - http-outgoing-3 << "{"status":"Extracting","progressDetail":{"current":3142,"total":3142},"progress":"[==================================================\u003e]  3.142kB/3.142kB","id":"6e36bf1505f3"}[\r][\n]"
21:56:37.726 [docker-java-stream--2064336329] DEBUG com.github.dockerjava.zerodep.shaded.org.apache.hc.client5.http.wire - http-outgoing-3 << "[\r][\n]"
21:56:37.726 [docker-java-stream--2064336329] DEBUG com.github.dockerjava.api.command.PullImageResultCallback - ResponseItem(stream=null, status=Extracting, progressDetail=ResponseItem.ProgressDetail(current=3142, total=3142, start=null), progress=[==================================================>]  3.142kB/3.142kB, id=6e36bf1505f3, from=null, time=null, errorDetail=null, error=null, aux=null)
21:56:37.734 [docker-java-stream--2064336329] DEBUG com.github.dockerjava.zerodep.shaded.org.apache.hc.client5.http.wire - http-outgoing-3 << "b5[\r][\n]"
21:56:37.734 [docker-java-stream--2064336329] DEBUG com.github.dockerjava.zerodep.shaded.org.apache.hc.client5.http.wire - http-outgoing-3 << "{"status":"Extracting","progressDetail":{"current":3142,"total":3142},"progress":"[==================================================\u003e]  3.142kB/3.142kB","id":"6e36bf1505f3"}[\r][\n]"
21:56:37.734 [docker-java-stream--2064336329] DEBUG com.github.dockerjava.zerodep.shaded.org.apache.hc.client5.http.wire - http-outgoing-3 << "[\r][\n]"
21:56:37.735 [docker-java-stream--2064336329] DEBUG com.github.dockerjava.api.command.PullImageResultCallback - ResponseItem(stream=null, status=Extracting, progressDetail=ResponseItem.ProgressDetail(current=3142, total=3142, start=null), progress=[==================================================>]  3.142kB/3.142kB, id=6e36bf1505f3, from=null, time=null, errorDetail=null, error=null, aux=null)
21:56:40.371 [docker-java-stream--2064336329] DEBUG com.github.dockerjava.zerodep.shaded.org.apache.hc.client5.http.wire - http-outgoing-3 << "44[\r][\n]"
21:56:40.371 [docker-java-stream--2064336329] DEBUG com.github.dockerjava.zerodep.shaded.org.apache.hc.client5.http.wire - http-outgoing-3 << "{"status":"Pull complete","progressDetail":{},"id":"6e36bf1505f3"}[\r][\n]"
21:56:40.371 [docker-java-stream--2064336329] DEBUG com.github.dockerjava.zerodep.shaded.org.apache.hc.client5.http.wire - http-outgoing-3 << "[\r][\n]"
21:56:40.371 [docker-java-stream--2064336329] DEBUG com.github.dockerjava.api.command.PullImageResultCallback - ResponseItem(stream=null, status=Pull complete, progressDetail=ResponseItem.ProgressDetail(current=null, total=null, start=null), progress=null, id=6e36bf1505f3, from=null, time=null, errorDetail=null, error=null, aux=null)
21:56:40.378 [docker-java-stream--2064336329] INFO tc.postgres:16.1 - Pulling image layers:  0 pending, 14 downloaded,  8 extracted, (145 MB/145 MB)
21:56:53.726 [docker-java-stream--2064336329] DEBUG com.github.dockerjava.zerodep.shaded.org.apache.hc.client5.http.wire - http-outgoing-3 << "bc[\r][\n]"
21:56:53.726 [docker-java-stream--2064336329] DEBUG com.github.dockerjava.zerodep.shaded.org.apache.hc.client5.http.wire - http-outgoing-3 << "{"status":"Extracting","progressDetail":{"current":557056,"total":108571409},"progress":"[\u003e                                                  ]  557.1kB/108.6MB","id":"a35465a6a76a"}[\r][\n]"
21:56:53.726 [docker-java-stream--2064336329] DEBUG com.github.dockerjava.zerodep.shaded.org.apache.hc.client5.http.wire - http-outgoing-3 << "[\r][\n]"
21:56:53.726 [docker-java-stream--2064336329] DEBUG com.github.dockerjava.api.command.PullImageResultCallback - ResponseItem(stream=null, status=Extracting, progressDetail=ResponseItem.ProgressDetail(current=557056, total=108571409, start=null), progress=[>                                                  ]  557.1kB/108.6MB, id=a35465a6a76a, from=null, time=null, errorDetail=null, error=null, aux=null)
21:57:06.185 [docker-java-stream--2064336329] DEBUG com.github.dockerjava.zerodep.shaded.org.apache.hc.client5.http.wire - http-outgoing-3 << "bd[\r][\n]"
21:57:06.185 [docker-java-stream--2064336329] DEBUG com.github.dockerjava.zerodep.shaded.org.apache.hc.client5.http.wire - http-outgoing-3 << "{"status":"Extracting","progressDetail":{"current":1114112,"total":108571409},"progress":"[\u003e                                                  ]  1.114MB/108.6MB","id":"a35465a6a76a"}[\r][\n]"
21:57:06.185 [docker-java-stream--2064336329] DEBUG com.github.dockerjava.zerodep.shaded.org.apache.hc.client5.http.wire - http-outgoing-3 << "[\r][\n]"
21:57:06.185 [docker-java-stream--2064336329] DEBUG com.github.dockerjava.api.command.PullImageResultCallback - ResponseItem(stream=null, status=Extracting, progressDetail=ResponseItem.ProgressDetail(current=1114112, total=108571409, start=null), progress=[>                                                  ]  1.114MB/108.6MB, id=a35465a6a76a, from=null, time=null, errorDetail=null, error=null, aux=null)
21:57:07.510 [docker-java-stream--2064336329] DEBUG com.github.dockerjava.zerodep.shaded.org.apache.hc.client5.http.wire - http-outgoing-3 << "bd[\r][\n]"
21:57:07.510 [docker-java-stream--2064336329] DEBUG com.github.dockerjava.zerodep.shaded.org.apache.hc.client5.http.wire - http-outgoing-3 << "{"status":"Extracting","progressDetail":{"current":1671168,"total":108571409},"progress":"[\u003e                                                  ]  1.671MB/108.6MB","id":"a35465a6a76a"}[\r][\n]"
21:57:07.510 [docker-java-stream--2064336329] DEBUG com.github.dockerjava.zerodep.shaded.org.apache.hc.client5.http.wire - http-outgoing-3 << "[\r][\n]"
21:57:07.511 [docker-java-stream--2064336329] DEBUG com.github.dockerjava.api.command.PullImageResultCallback - ResponseItem(stream=null, status=Extracting, progressDetail=ResponseItem.ProgressDetail(current=1671168, total=108571409, start=null), progress=[>                                                  ]  1.671MB/108.6MB, id=a35465a6a76a, from=null, time=null, errorDetail=null, error=null, aux=null)
21:57:08.761 [docker-java-stream--2064336329] DEBUG com.github.dockerjava.zerodep.shaded.org.apache.hc.client5.http.wire - http-outgoing-3 << "bd[\r][\n]"
21:57:08.762 [docker-java-stream--2064336329] DEBUG com.github.dockerjava.zerodep.shaded.org.apache.hc.client5.http.wire - http-outgoing-3 << "{"status":"Extracting","progressDetail":{"current":2228224,"total":108571409},"progress":"[=\u003e                                                 ]  2.228MB/108.6MB","id":"a35465a6a76a"}[\r][\n]"
21:57:08.762 [docker-java-stream--2064336329] DEBUG com.github.dockerjava.zerodep.shaded.org.apache.hc.client5.http.wire - http-outgoing-3 << "[\r][\n]"
21:57:08.762 [docker-java-stream--2064336329] DEBUG com.github.dockerjava.api.command.PullImageResultCallback - ResponseItem(stream=null, status=Extracting, progressDetail=ResponseItem.ProgressDetail(current=2228224, total=108571409, start=null), progress=[=>                                                 ]  2.228MB/108.6MB, id=a35465a6a76a, from=null, time=null, errorDetail=null, error=null, aux=null)
21:57:11.271 [docker-java-stream--2064336329] DEBUG com.github.dockerjava.zerodep.shaded.org.apache.hc.client5.http.wire - http-outgoing-3 << "bd[\r][\n]"
21:57:11.298 [docker-java-stream--2064336329] DEBUG com.github.dockerjava.zerodep.shaded.org.apache.hc.client5.http.wire - http-outgoing-3 << "{"status":"Extracting","progressDetail":{"current":2785280,"total":108571409},"progress":"[=\u003e                                                 ]  2.785MB/108.6MB","id":"a35465a6a76a"}[\r][\n]"
21:57:11.298 [docker-java-stream--2064336329] DEBUG com.github.dockerjava.zerodep.shaded.org.apache.hc.client5.http.wire - http-outgoing-3 << "[\r][\n]"
21:57:11.298 [docker-java-stream--2064336329] DEBUG com.github.dockerjava.api.command.PullImageResultCallback - ResponseItem(stream=null, status=Extracting, progressDetail=ResponseItem.ProgressDetail(current=2785280, total=108571409, start=null), progress=[=>                                                 ]  2.785MB/108.6MB, id=a35465a6a76a, from=null, time=null, errorDetail=null, error=null, aux=null)
21:57:13.066 [docker-java-stream--2064336329] DEBUG com.github.dockerjava.zerodep.shaded.org.apache.hc.client5.http.wire - http-outgoing-3 << "bd[\r][\n]"
21:57:13.066 [docker-java-stream--2064336329] DEBUG com.github.dockerjava.zerodep.shaded.org.apache.hc.client5.http.wire - http-outgoing-3 << "{"status":"Extracting","progressDetail":{"current":3342336,"total":108571409},"progress":"[=\u003e                                                 ]  3.342MB/108.6MB","id":"a35465a6a76a"}[\r][\n]"
21:57:13.067 [docker-java-stream--2064336329] DEBUG com.github.dockerjava.zerodep.shaded.org.apache.hc.client5.http.wire - http-outgoing-3 << "[\r][\n]"
21:57:13.067 [docker-java-stream--2064336329] DEBUG com.github.dockerjava.api.command.PullImageResultCallback - ResponseItem(stream=null, status=Extracting, progressDetail=ResponseItem.ProgressDetail(current=3342336, total=108571409, start=null), progress=[=>                                                 ]  3.342MB/108.6MB, id=a35465a6a76a, from=null, time=null, errorDetail=null, error=null, aux=null)
21:57:15.125 [docker-java-stream--2064336329] DEBUG com.github.dockerjava.zerodep.shaded.org.apache.hc.client5.http.wire - http-outgoing-3 << "bd[\r][\n]"
21:57:15.125 [docker-java-stream--2064336329] DEBUG com.github.dockerjava.zerodep.shaded.org.apache.hc.client5.http.wire - http-outgoing-3 << "{"status":"Extracting","progressDetail":{"current":3899392,"total":108571409},"progress":"[=\u003e                                                 ]  3.899MB/108.6MB","id":"a35465a6a76a"}[\r][\n]"
21:57:15.125 [docker-java-stream--2064336329] DEBUG com.github.dockerjava.zerodep.shaded.org.apache.hc.client5.http.wire - http-outgoing-3 << "[\r][\n]"
21:57:15.125 [docker-java-stream--2064336329] DEBUG com.github.dockerjava.api.command.PullImageResultCallback - ResponseItem(stream=null, status=Extracting, progressDetail=ResponseItem.ProgressDetail(current=3899392, total=108571409, start=null), progress=[=>                                                 ]  3.899MB/108.6MB, id=a35465a6a76a, from=null, time=null, errorDetail=null, error=null, aux=null)
21:57:16.559 [docker-java-stream--2064336329] DEBUG com.github.dockerjava.zerodep.shaded.org.apache.hc.client5.http.wire - http-outgoing-3 << "bd[\r][\n]"
21:57:16.559 [docker-java-stream--2064336329] DEBUG com.github.dockerjava.zerodep.shaded.org.apache.hc.client5.http.wire - http-outgoing-3 << "{"status":"Extracting","progressDetail":{"current":4456448,"total":108571409},"progress":"[==\u003e                                                ]  4.456MB/108.6MB","id":"a35465a6a76a"}[\r][\n]"
21:57:16.559 [docker-java-stream--2064336329] DEBUG com.github.dockerjava.zerodep.shaded.org.apache.hc.client5.http.wire - http-outgoing-3 << "[\r][\n]"
21:57:16.559 [docker-java-stream--2064336329] DEBUG com.github.dockerjava.api.command.PullImageResultCallback - ResponseItem(stream=null, status=Extracting, progressDetail=ResponseItem.ProgressDetail(current=4456448, total=108571409, start=null), progress=[==>                                                ]  4.456MB/108.6MB, id=a35465a6a76a, from=null, time=null, errorDetail=null, error=null, aux=null)
21:57:17.902 [docker-java-stream--2064336329] DEBUG com.github.dockerjava.zerodep.shaded.org.apache.hc.client5.http.wire - http-outgoing-3 << "bd[\r][\n]"
21:57:17.902 [docker-java-stream--2064336329] DEBUG com.github.dockerjava.zerodep.shaded.org.apache.hc.client5.http.wire - http-outgoing-3 << "{"status":"Extracting","progressDetail":{"current":5013504,"total":108571409},"progress":"[==\u003e                                                ]  5.014MB/108.6MB","id":"a35465a6a76a"}[\r][\n]"
21:57:17.902 [docker-java-stream--2064336329] DEBUG com.github.dockerjava.zerodep.shaded.org.apache.hc.client5.http.wire - http-outgoing-3 << "[\r][\n]"
21:57:17.903 [docker-java-stream--2064336329] DEBUG com.github.dockerjava.api.command.PullImageResultCallback - ResponseItem(stream=null, status=Extracting, progressDetail=ResponseItem.ProgressDetail(current=5013504, total=108571409, start=null), progress=[==>                                                ]  5.014MB/108.6MB, id=a35465a6a76a, from=null, time=null, errorDetail=null, error=null, aux=null)
21:57:18.128 [docker-java-stream--2064336329] DEBUG com.github.dockerjava.zerodep.shaded.org.apache.hc.client5.http.wire - http-outgoing-3 << "bd[\r][\n]"
21:57:18.128 [docker-java-stream--2064336329] DEBUG com.github.dockerjava.zerodep.shaded.org.apache.hc.client5.http.wire - http-outgoing-3 << "{"status":"Extracting","progressDetail":{"current":6127616,"total":108571409},"progress":"[==\u003e                                                ]  6.128MB/108.6MB","id":"a35465a6a76a"}[\r][\n]"
21:57:18.128 [docker-java-stream--2064336329] DEBUG com.github.dockerjava.zerodep.shaded.org.apache.hc.client5.http.wire - http-outgoing-3 << "[\r][\n]"
21:57:18.128 [docker-java-stream--2064336329] DEBUG com.github.dockerjava.api.command.PullImageResultCallback - ResponseItem(stream=null, status=Extracting, progressDetail=ResponseItem.ProgressDetail(current=6127616, total=108571409, start=null), progress=[==>                                                ]  6.128MB/108.6MB, id=a35465a6a76a, from=null, time=null, errorDetail=null, error=null, aux=null)
21:57:18.886 [docker-java-stream--2064336329] DEBUG com.github.dockerjava.zerodep.shaded.org.apache.hc.client5.http.wire - http-outgoing-3 << "bd[\r][\n]"
21:57:18.886 [docker-java-stream--2064336329] DEBUG com.github.dockerjava.zerodep.shaded.org.apache.hc.client5.http.wire - http-outgoing-3 << "{"status":"Extracting","progressDetail":{"current":6684672,"total":108571409},"progress":"[===\u003e                                               ]  6.685MB/108.6MB","id":"a35465a6a76a"}[\r][\n]"
21:57:18.886 [docker-java-stream--2064336329] DEBUG com.github.dockerjava.zerodep.shaded.org.apache.hc.client5.http.wire - http-outgoing-3 << "[\r][\n]"
21:57:18.886 [docker-java-stream--2064336329] DEBUG com.github.dockerjava.api.command.PullImageResultCallback - ResponseItem(stream=null, status=Extracting, progressDetail=ResponseItem.ProgressDetail(current=6684672, total=108571409, start=null), progress=[===>                                               ]  6.685MB/108.6MB, id=a35465a6a76a, from=null, time=null, errorDetail=null, error=null, aux=null)
21:57:21.331 [docker-java-stream--2064336329] DEBUG com.github.dockerjava.zerodep.shaded.org.apache.hc.client5.http.wire - http-outgoing-3 << "bd[\r][\n]"
21:57:21.331 [docker-java-stream--2064336329] DEBUG com.github.dockerjava.zerodep.shaded.org.apache.hc.client5.http.wire - http-outgoing-3 << "{"status":"Extracting","progressDetail":{"current":7241728,"total":108571409},"progress":"[===\u003e                                               ]  7.242MB/108.6MB","id":"a35465a6a76a"}[\r][\n]"
21:57:21.331 [docker-java-stream--2064336329] DEBUG com.github.dockerjava.zerodep.shaded.org.apache.hc.client5.http.wire - http-outgoing-3 << "[\r][\n]"
21:57:21.331 [docker-java-stream--2064336329] DEBUG com.github.dockerjava.api.command.PullImageResultCallback - ResponseItem(stream=null, status=Extracting, progressDetail=ResponseItem.ProgressDetail(current=7241728, total=108571409, start=null), progress=[===>                                               ]  7.242MB/108.6MB, id=a35465a6a76a, from=null, time=null, errorDetail=null, error=null, aux=null)
21:57:24.003 [docker-java-stream--2064336329] DEBUG com.github.dockerjava.zerodep.shaded.org.apache.hc.client5.http.wire - http-outgoing-3 << "bd[\r][\n]"
21:57:24.003 [docker-java-stream--2064336329] DEBUG com.github.dockerjava.zerodep.shaded.org.apache.hc.client5.http.wire - http-outgoing-3 << "{"status":"Extracting","progressDetail":{"current":7798784,"total":108571409},"progress":"[===\u003e                                               ]  7.799MB/108.6MB","id":"a35465a6a76a"}[\r][\n]"
21:57:24.003 [docker-java-stream--2064336329] DEBUG com.github.dockerjava.zerodep.shaded.org.apache.hc.client5.http.wire - http-outgoing-3 << "[\r][\n]"
21:57:24.003 [docker-java-stream--2064336329] DEBUG com.github.dockerjava.api.command.PullImageResultCallback - ResponseItem(stream=null, status=Extracting, progressDetail=ResponseItem.ProgressDetail(current=7798784, total=108571409, start=null), progress=[===>                                               ]  7.799MB/108.6MB, id=a35465a6a76a, from=null, time=null, errorDetail=null, error=null, aux=null)
21:57:25.022 [docker-java-stream--2064336329] DEBUG com.github.dockerjava.zerodep.shaded.org.apache.hc.client5.http.wire - http-outgoing-3 << "bd[\r][\n]"
21:57:25.022 [docker-java-stream--2064336329] DEBUG com.github.dockerjava.zerodep.shaded.org.apache.hc.client5.http.wire - http-outgoing-3 << "{"status":"Extracting","progressDetail":{"current":8355840,"total":108571409},"progress":"[===\u003e                                               ]  8.356MB/108.6MB","id":"a35465a6a76a"}[\r][\n]"
21:57:25.022 [docker-java-stream--2064336329] DEBUG com.github.dockerjava.zerodep.shaded.org.apache.hc.client5.http.wire - http-outgoing-3 << "[\r][\n]"
21:57:25.022 [docker-java-stream--2064336329] DEBUG com.github.dockerjava.api.command.PullImageResultCallback - ResponseItem(stream=null, status=Extracting, progressDetail=ResponseItem.ProgressDetail(current=8355840, total=108571409, start=null), progress=[===>                                               ]  8.356MB/108.6MB, id=a35465a6a76a, from=null, time=null, errorDetail=null, error=null, aux=null)
21:57:25.735 [docker-java-stream--2064336329] DEBUG com.github.dockerjava.zerodep.shaded.org.apache.hc.client5.http.wire - http-outgoing-3 << "bd[\r][\n]"
21:57:25.735 [docker-java-stream--2064336329] DEBUG com.github.dockerjava.zerodep.shaded.org.apache.hc.client5.http.wire - http-outgoing-3 << "{"status":"Extracting","progressDetail":{"current":8912896,"total":108571409},"progress":"[====\u003e                                              ]  8.913MB/108.6MB","id":"a35465a6a76a"}[\r][\n]"
21:57:25.735 [docker-java-stream--2064336329] DEBUG com.github.dockerjava.zerodep.shaded.org.apache.hc.client5.http.wire - http-outgoing-3 << "[\r][\n]"
21:57:25.736 [docker-java-stream--2064336329] DEBUG com.github.dockerjava.api.command.PullImageResultCallback - ResponseItem(stream=null, status=Extracting, progressDetail=ResponseItem.ProgressDetail(current=8912896, total=108571409, start=null), progress=[====>                                              ]  8.913MB/108.6MB, id=a35465a6a76a, from=null, time=null, errorDetail=null, error=null, aux=null)
21:57:26.653 [docker-java-stream--2064336329] DEBUG com.github.dockerjava.zerodep.shaded.org.apache.hc.client5.http.wire - http-outgoing-3 << "bd[\r][\n]"
21:57:26.654 [docker-java-stream--2064336329] DEBUG com.github.dockerjava.zerodep.shaded.org.apache.hc.client5.http.wire - http-outgoing-3 << "{"status":"Extracting","progressDetail":{"current":9469952,"total":108571409},"progress":"[====\u003e                                              ]   9.47MB/108.6MB","id":"a35465a6a76a"}[\r][\n]"
21:57:26.654 [docker-java-stream--2064336329] DEBUG com.github.dockerjava.zerodep.shaded.org.apache.hc.client5.http.wire - http-outgoing-3 << "[\r][\n]"
21:57:26.654 [docker-java-stream--2064336329] DEBUG com.github.dockerjava.api.command.PullImageResultCallback - ResponseItem(stream=null, status=Extracting, progressDetail=ResponseItem.ProgressDetail(current=9469952, total=108571409, start=null), progress=[====>                                              ]   9.47MB/108.6MB, id=a35465a6a76a, from=null, time=null, errorDetail=null, error=null, aux=null)
21:57:27.547 [docker-java-stream--2064336329] DEBUG com.github.dockerjava.zerodep.shaded.org.apache.hc.client5.http.wire - http-outgoing-3 << "be[\r][\n]"
21:57:27.547 [docker-java-stream--2064336329] DEBUG com.github.dockerjava.zerodep.shaded.org.apache.hc.client5.http.wire - http-outgoing-3 << "{"status":"Extracting","progressDetail":{"current":10027008,"total":108571409},"progress":"[====\u003e                                              ]  10.03MB/108.6MB","id":"a35465a6a76a"}[\r][\n]"
21:57:27.547 [docker-java-stream--2064336329] DEBUG com.github.dockerjava.zerodep.shaded.org.apache.hc.client5.http.wire - http-outgoing-3 << "[\r][\n]"
21:57:27.548 [docker-java-stream--2064336329] DEBUG com.github.dockerjava.api.command.PullImageResultCallback - ResponseItem(stream=null, status=Extracting, progressDetail=ResponseItem.ProgressDetail(current=10027008, total=108571409, start=null), progress=[====>                                              ]  10.03MB/108.6MB, id=a35465a6a76a, from=null, time=null, errorDetail=null, error=null, aux=null)
21:57:28.380 [docker-java-stream--2064336329] DEBUG com.github.dockerjava.zerodep.shaded.org.apache.hc.client5.http.wire - http-outgoing-3 << "be[\r][\n]"
21:57:28.380 [docker-java-stream--2064336329] DEBUG com.github.dockerjava.zerodep.shaded.org.apache.hc.client5.http.wire - http-outgoing-3 << "{"status":"Extracting","progressDetail":{"current":10584064,"total":108571409},"progress":"[====\u003e                                              ]  10.58MB/108.6MB","id":"a35465a6a76a"}[\r][\n]"
21:57:28.380 [docker-java-stream--2064336329] DEBUG com.github.dockerjava.zerodep.shaded.org.apache.hc.client5.http.wire - http-outgoing-3 << "[\r][\n]"
21:57:28.380 [docker-java-stream--2064336329] DEBUG com.github.dockerjava.api.command.PullImageResultCallback - ResponseItem(stream=null, status=Extracting, progressDetail=ResponseItem.ProgressDetail(current=10584064, total=108571409, start=null), progress=[====>                                              ]  10.58MB/108.6MB, id=a35465a6a76a, from=null, time=null, errorDetail=null, error=null, aux=null)
21:57:28.987 [docker-java-stream--2064336329] DEBUG com.github.dockerjava.zerodep.shaded.org.apache.hc.client5.http.wire - http-outgoing-3 << "be[\r][\n]"
21:57:28.987 [docker-java-stream--2064336329] DEBUG com.github.dockerjava.zerodep.shaded.org.apache.hc.client5.http.wire - http-outgoing-3 << "{"status":"Extracting","progressDetail":{"current":11141120,"total":108571409},"progress":"[=====\u003e                                             ]  11.14MB/108.6MB","id":"a35465a6a76a"}[\r][\n]"
21:57:28.987 [docker-java-stream--2064336329] DEBUG com.github.dockerjava.zerodep.shaded.org.apache.hc.client5.http.wire - http-outgoing-3 << "[\r][\n]"
21:57:28.988 [docker-java-stream--2064336329] DEBUG com.github.dockerjava.api.command.PullImageResultCallback - ResponseItem(stream=null, status=Extracting, progressDetail=ResponseItem.ProgressDetail(current=11141120, total=108571409, start=null), progress=[=====>                                             ]  11.14MB/108.6MB, id=a35465a6a76a, from=null, time=null, errorDetail=null, error=null, aux=null)
21:57:29.944 [docker-java-stream--2064336329] DEBUG com.github.dockerjava.zerodep.shaded.org.apache.hc.client5.http.wire - http-outgoing-3 << "be[\r][\n]"
21:57:29.946 [docker-java-stream--2064336329] DEBUG com.github.dockerjava.zerodep.shaded.org.apache.hc.client5.http.wire - http-outgoing-3 << "{"status":"Extracting","progressDetail":{"current":11698176,"total":108571409},"progress":"[=====\u003e                                             ]   11.7MB/108.6MB","id":"a35465a6a76a"}[\r][\n]"
21:57:29.946 [docker-java-stream--2064336329] DEBUG com.github.dockerjava.zerodep.shaded.org.apache.hc.client5.http.wire - http-outgoing-3 << "[\r][\n]"
21:57:29.946 [docker-java-stream--2064336329] DEBUG com.github.dockerjava.api.command.PullImageResultCallback - ResponseItem(stream=null, status=Extracting, progressDetail=ResponseItem.ProgressDetail(current=11698176, total=108571409, start=null), progress=[=====>                                             ]   11.7MB/108.6MB, id=a35465a6a76a, from=null, time=null, errorDetail=null, error=null, aux=null)
21:57:31.022 [docker-java-stream--2064336329] DEBUG com.github.dockerjava.zerodep.shaded.org.apache.hc.client5.http.wire - http-outgoing-3 << "be[\r][\n]"
21:57:31.022 [docker-java-stream--2064336329] DEBUG com.github.dockerjava.zerodep.shaded.org.apache.hc.client5.http.wire - http-outgoing-3 << "{"status":"Extracting","progressDetail":{"current":12255232,"total":108571409},"progress":"[=====\u003e                                             ]  12.26MB/108.6MB","id":"a35465a6a76a"}[\r][\n]"
21:57:31.022 [docker-java-stream--2064336329] DEBUG com.github.dockerjava.zerodep.shaded.org.apache.hc.client5.http.wire - http-outgoing-3 << "[\r][\n]"
21:57:31.023 [docker-java-stream--2064336329] DEBUG com.github.dockerjava.api.command.PullImageResultCallback - ResponseItem(stream=null, status=Extracting, progressDetail=ResponseItem.ProgressDetail(current=12255232, total=108571409, start=null), progress=[=====>                                             ]  12.26MB/108.6MB, id=a35465a6a76a, from=null, time=null, errorDetail=null, error=null, aux=null)
21:57:31.516 [docker-java-stream--2064336329] DEBUG com.github.dockerjava.zerodep.shaded.org.apache.hc.client5.http.wire - http-outgoing-3 << "be[\r][\n]"
21:57:31.516 [docker-java-stream--2064336329] DEBUG com.github.dockerjava.zerodep.shaded.org.apache.hc.client5.http.wire - http-outgoing-3 << "{"status":"Extracting","progressDetail":{"current":12812288,"total":108571409},"progress":"[=====\u003e                                             ]  12.81MB/108.6MB","id":"a35465a6a76a"}[\r][\n]"
21:57:31.517 [docker-java-stream--2064336329] DEBUG com.github.dockerjava.zerodep.shaded.org.apache.hc.client5.http.wire - http-outgoing-3 << "[\r][\n]"
21:57:31.517 [docker-java-stream--2064336329] DEBUG com.github.dockerjava.api.command.PullImageResultCallback - ResponseItem(stream=null, status=Extracting, progressDetail=ResponseItem.ProgressDetail(current=12812288, total=108571409, start=null), progress=[=====>                                             ]  12.81MB/108.6MB, id=a35465a6a76a, from=null, time=null, errorDetail=null, error=null, aux=null)
21:57:32.072 [docker-java-stream--2064336329] DEBUG com.github.dockerjava.zerodep.shaded.org.apache.hc.client5.http.wire - http-outgoing-3 << "be[\r][\n]"
21:57:32.072 [docker-java-stream--2064336329] DEBUG com.github.dockerjava.zerodep.shaded.org.apache.hc.client5.http.wire - http-outgoing-3 << "{"status":"Extracting","progressDetail":{"current":13369344,"total":108571409},"progress":"[======\u003e                                            ]  13.37MB/108.6MB","id":"a35465a6a76a"}[\r][\n]"
21:57:32.072 [docker-java-stream--2064336329] DEBUG com.github.dockerjava.zerodep.shaded.org.apache.hc.client5.http.wire - http-outgoing-3 << "[\r][\n]"
21:57:32.073 [docker-java-stream--2064336329] DEBUG com.github.dockerjava.api.command.PullImageResultCallback - ResponseItem(stream=null, status=Extracting, progressDetail=ResponseItem.ProgressDetail(current=13369344, total=108571409, start=null), progress=[======>                                            ]  13.37MB/108.6MB, id=a35465a6a76a, from=null, time=null, errorDetail=null, error=null, aux=null)
21:57:32.619 [docker-java-stream--2064336329] DEBUG com.github.dockerjava.zerodep.shaded.org.apache.hc.client5.http.wire - http-outgoing-3 << "be[\r][\n]"
21:57:32.619 [docker-java-stream--2064336329] DEBUG com.github.dockerjava.zerodep.shaded.org.apache.hc.client5.http.wire - http-outgoing-3 << "{"status":"Extracting","progressDetail":{"current":13926400,"total":108571409},"progress":"[======\u003e                                            ]  13.93MB/108.6MB","id":"a35465a6a76a"}[\r][\n]"
21:57:32.620 [docker-java-stream--2064336329] DEBUG com.github.dockerjava.zerodep.shaded.org.apache.hc.client5.http.wire - http-outgoing-3 << "[\r][\n]"
21:57:32.620 [docker-java-stream--2064336329] DEBUG com.github.dockerjava.api.command.PullImageResultCallback - ResponseItem(stream=null, status=Extracting, progressDetail=ResponseItem.ProgressDetail(current=13926400, total=108571409, start=null), progress=[======>                                            ]  13.93MB/108.6MB, id=a35465a6a76a, from=null, time=null, errorDetail=null, error=null, aux=null)
21:57:33.163 [docker-java-stream--2064336329] DEBUG com.github.dockerjava.zerodep.shaded.org.apache.hc.client5.http.wire - http-outgoing-3 << "be[\r][\n]"
21:57:33.163 [docker-java-stream--2064336329] DEBUG com.github.dockerjava.zerodep.shaded.org.apache.hc.client5.http.wire - http-outgoing-3 << "{"status":"Extracting","progressDetail":{"current":14483456,"total":108571409},"progress":"[======\u003e                                            ]  14.48MB/108.6MB","id":"a35465a6a76a"}[\r][\n]"
21:57:33.163 [docker-java-stream--2064336329] DEBUG com.github.dockerjava.zerodep.shaded.org.apache.hc.client5.http.wire - http-outgoing-3 << "[\r][\n]"
21:57:33.163 [docker-java-stream--2064336329] DEBUG com.github.dockerjava.api.command.PullImageResultCallback - ResponseItem(stream=null, status=Extracting, progressDetail=ResponseItem.ProgressDetail(current=14483456, total=108571409, start=null), progress=[======>                                            ]  14.48MB/108.6MB, id=a35465a6a76a, from=null, time=null, errorDetail=null, error=null, aux=null)
21:57:33.275 [docker-java-stream--2064336329] DEBUG com.github.dockerjava.zerodep.shaded.org.apache.hc.client5.http.wire - http-outgoing-3 << "be[\r][\n]"
21:57:33.275 [docker-java-stream--2064336329] DEBUG com.github.dockerjava.zerodep.shaded.org.apache.hc.client5.http.wire - http-outgoing-3 << "{"status":"Extracting","progressDetail":{"current":15040512,"total":108571409},"progress":"[======\u003e                                            ]  15.04MB/108.6MB","id":"a35465a6a76a"}[\r][\n]"
21:57:33.276 [docker-java-stream--2064336329] DEBUG com.github.dockerjava.zerodep.shaded.org.apache.hc.client5.http.wire - http-outgoing-3 << "[\r][\n]"
21:57:33.276 [docker-java-stream--2064336329] DEBUG com.github.dockerjava.api.command.PullImageResultCallback - ResponseItem(stream=null, status=Extracting, progressDetail=ResponseItem.ProgressDetail(current=15040512, total=108571409, start=null), progress=[======>                                            ]  15.04MB/108.6MB, id=a35465a6a76a, from=null, time=null, errorDetail=null, error=null, aux=null)
21:57:34.351 [docker-java-stream--2064336329] DEBUG com.github.dockerjava.zerodep.shaded.org.apache.hc.client5.http.wire - http-outgoing-3 << "be[\r][\n]"
21:57:34.351 [docker-java-stream--2064336329] DEBUG com.github.dockerjava.zerodep.shaded.org.apache.hc.client5.http.wire - http-outgoing-3 << "{"status":"Extracting","progressDetail":{"current":15597568,"total":108571409},"progress":"[=======\u003e                                           ]   15.6MB/108.6MB","id":"a35465a6a76a"}[\r][\n]"
21:57:34.624 [docker-java-stream--2064336329] DEBUG com.github.dockerjava.zerodep.shaded.org.apache.hc.client5.http.wire - http-outgoing-3 << "[\r][\n]"
21:57:34.625 [docker-java-stream--2064336329] DEBUG com.github.dockerjava.api.command.PullImageResultCallback - ResponseItem(stream=null, status=Extracting, progressDetail=ResponseItem.ProgressDetail(current=15597568, total=108571409, start=null), progress=[=======>                                           ]   15.6MB/108.6MB, id=a35465a6a76a, from=null, time=null, errorDetail=null, error=null, aux=null)
21:57:35.406 [docker-java-stream--2064336329] DEBUG com.github.dockerjava.zerodep.shaded.org.apache.hc.client5.http.wire - http-outgoing-3 << "be[\r][\n]"
21:57:35.406 [docker-java-stream--2064336329] DEBUG com.github.dockerjava.zerodep.shaded.org.apache.hc.client5.http.wire - http-outgoing-3 << "{"status":"Extracting","progressDetail":{"current":16154624,"total":108571409},"progress":"[=======\u003e                                           ]  16.15MB/108.6MB","id":"a35465a6a76a"}[\r][\n]"
21:57:35.406 [docker-java-stream--2064336329] DEBUG com.github.dockerjava.zerodep.shaded.org.apache.hc.client5.http.wire - http-outgoing-3 << "[\r][\n]"
21:57:35.406 [docker-java-stream--2064336329] DEBUG com.github.dockerjava.api.command.PullImageResultCallback - ResponseItem(stream=null, status=Extracting, progressDetail=ResponseItem.ProgressDetail(current=16154624, total=108571409, start=null), progress=[=======>                                           ]  16.15MB/108.6MB, id=a35465a6a76a, from=null, time=null, errorDetail=null, error=null, aux=null)
21:57:36.426 [docker-java-stream--2064336329] DEBUG com.github.dockerjava.zerodep.shaded.org.apache.hc.client5.http.wire - http-outgoing-3 << "be[\r][\n]"
21:57:36.427 [docker-java-stream--2064336329] DEBUG com.github.dockerjava.zerodep.shaded.org.apache.hc.client5.http.wire - http-outgoing-3 << "{"status":"Extracting","progressDetail":{"current":16711680,"total":108571409},"progress":"[=======\u003e                                           ]  16.71MB/108.6MB","id":"a35465a6a76a"}[\r][\n]"
21:57:36.427 [docker-java-stream--2064336329] DEBUG com.github.dockerjava.zerodep.shaded.org.apache.hc.client5.http.wire - http-outgoing-3 << "[\r][\n]"
21:57:36.428 [docker-java-stream--2064336329] DEBUG com.github.dockerjava.api.command.PullImageResultCallback - ResponseItem(stream=null, status=Extracting, progressDetail=ResponseItem.ProgressDetail(current=16711680, total=108571409, start=null), progress=[=======>                                           ]  16.71MB/108.6MB, id=a35465a6a76a, from=null, time=null, errorDetail=null, error=null, aux=null)
21:57:37.226 [docker-java-stream--2064336329] DEBUG com.github.dockerjava.zerodep.shaded.org.apache.hc.client5.http.wire - http-outgoing-3 << "be[\r][\n]"
21:57:37.226 [docker-java-stream--2064336329] DEBUG com.github.dockerjava.zerodep.shaded.org.apache.hc.client5.http.wire - http-outgoing-3 << "{"status":"Extracting","progressDetail":{"current":17268736,"total":108571409},"progress":"[=======\u003e                                           ]  17.27MB/108.6MB","id":"a35465a6a76a"}[\r][\n]"
21:57:37.226 [docker-java-stream--2064336329] DEBUG com.github.dockerjava.zerodep.shaded.org.apache.hc.client5.http.wire - http-outgoing-3 << "[\r][\n]"
21:57:37.227 [docker-java-stream--2064336329] DEBUG com.github.dockerjava.api.command.PullImageResultCallback - ResponseItem(stream=null, status=Extracting, progressDetail=ResponseItem.ProgressDetail(current=17268736, total=108571409, start=null), progress=[=======>                                           ]  17.27MB/108.6MB, id=a35465a6a76a, from=null, time=null, errorDetail=null, error=null, aux=null)
21:57:38.410 [docker-java-stream--2064336329] DEBUG com.github.dockerjava.zerodep.shaded.org.apache.hc.client5.http.wire - http-outgoing-3 << "be[\r][\n]"
21:57:38.410 [docker-java-stream--2064336329] DEBUG com.github.dockerjava.zerodep.shaded.org.apache.hc.client5.http.wire - http-outgoing-3 << "{"status":"Extracting","progressDetail":{"current":17825792,"total":108571409},"progress":"[========\u003e                                          ]  17.83MB/108.6MB","id":"a35465a6a76a"}[\r][\n]"
21:57:38.411 [docker-java-stream--2064336329] DEBUG com.github.dockerjava.zerodep.shaded.org.apache.hc.client5.http.wire - http-outgoing-3 << "[\r][\n]"
21:57:38.411 [docker-java-stream--2064336329] DEBUG com.github.dockerjava.api.command.PullImageResultCallback - ResponseItem(stream=null, status=Extracting, progressDetail=ResponseItem.ProgressDetail(current=17825792, total=108571409, start=null), progress=[========>                                          ]  17.83MB/108.6MB, id=a35465a6a76a, from=null, time=null, errorDetail=null, error=null, aux=null)
21:57:39.076 [docker-java-stream--2064336329] DEBUG com.github.dockerjava.zerodep.shaded.org.apache.hc.client5.http.wire - http-outgoing-3 << "be[\r][\n]"
21:57:39.077 [docker-java-stream--2064336329] DEBUG com.github.dockerjava.zerodep.shaded.org.apache.hc.client5.http.wire - http-outgoing-3 << "{"status":"Extracting","progressDetail":{"current":18382848,"total":108571409},"progress":"[========\u003e                                          ]  18.38MB/108.6MB","id":"a35465a6a76a"}[\r][\n]"
21:57:39.077 [docker-java-stream--2064336329] DEBUG com.github.dockerjava.zerodep.shaded.org.apache.hc.client5.http.wire - http-outgoing-3 << "[\r][\n]"
21:57:39.078 [docker-java-stream--2064336329] DEBUG com.github.dockerjava.api.command.PullImageResultCallback - ResponseItem(stream=null, status=Extracting, progressDetail=ResponseItem.ProgressDetail(current=18382848, total=108571409, start=null), progress=[========>                                          ]  18.38MB/108.6MB, id=a35465a6a76a, from=null, time=null, errorDetail=null, error=null, aux=null)
21:57:42.006 [docker-java-stream--2064336329] DEBUG com.github.dockerjava.zerodep.shaded.org.apache.hc.client5.http.wire - http-outgoing-3 << "be[\r][\n]"
21:57:42.006 [docker-java-stream--2064336329] DEBUG com.github.dockerjava.zerodep.shaded.org.apache.hc.client5.http.wire - http-outgoing-3 << "{"status":"Extracting","progressDetail":{"current":18939904,"total":108571409},"progress":"[========\u003e                                          ]  18.94MB/108.6MB","id":"a35465a6a76a"}[\r][\n]"
21:57:42.006 [docker-java-stream--2064336329] DEBUG com.github.dockerjava.zerodep.shaded.org.apache.hc.client5.http.wire - http-outgoing-3 << "[\r][\n]"
21:57:42.029 [docker-java-stream--2064336329] DEBUG com.github.dockerjava.api.command.PullImageResultCallback - ResponseItem(stream=null, status=Extracting, progressDetail=ResponseItem.ProgressDetail(current=18939904, total=108571409, start=null), progress=[========>                                          ]  18.94MB/108.6MB, id=a35465a6a76a, from=null, time=null, errorDetail=null, error=null, aux=null)
21:57:43.379 [docker-java-stream--2064336329] DEBUG com.github.dockerjava.zerodep.shaded.org.apache.hc.client5.http.wire - http-outgoing-3 << "be[\r][\n]"
21:57:43.379 [docker-java-stream--2064336329] DEBUG com.github.dockerjava.zerodep.shaded.org.apache.hc.client5.http.wire - http-outgoing-3 << "{"status":"Extracting","progressDetail":{"current":19496960,"total":108571409},"progress":"[========\u003e                                          ]   19.5MB/108.6MB","id":"a35465a6a76a"}[\r][\n]"
21:57:43.379 [docker-java-stream--2064336329] DEBUG com.github.dockerjava.zerodep.shaded.org.apache.hc.client5.http.wire - http-outgoing-3 << "[\r][\n]"
21:57:43.379 [docker-java-stream--2064336329] DEBUG com.github.dockerjava.api.command.PullImageResultCallback - ResponseItem(stream=null, status=Extracting, progressDetail=ResponseItem.ProgressDetail(current=19496960, total=108571409, start=null), progress=[========>                                          ]   19.5MB/108.6MB, id=a35465a6a76a, from=null, time=null, errorDetail=null, error=null, aux=null)
21:57:44.097 [docker-java-stream--2064336329] DEBUG com.github.dockerjava.zerodep.shaded.org.apache.hc.client5.http.wire - http-outgoing-3 << "be[\r][\n]"
21:57:44.097 [docker-java-stream--2064336329] DEBUG com.github.dockerjava.zerodep.shaded.org.apache.hc.client5.http.wire - http-outgoing-3 << "{"status":"Extracting","progressDetail":{"current":20054016,"total":108571409},"progress":"[=========\u003e                                         ]  20.05MB/108.6MB","id":"a35465a6a76a"}[\r][\n]"
21:57:44.097 [docker-java-stream--2064336329] DEBUG com.github.dockerjava.zerodep.shaded.org.apache.hc.client5.http.wire - http-outgoing-3 << "[\r][\n]"
21:57:44.098 [docker-java-stream--2064336329] DEBUG com.github.dockerjava.api.command.PullImageResultCallback - ResponseItem(stream=null, status=Extracting, progressDetail=ResponseItem.ProgressDetail(current=20054016, total=108571409, start=null), progress=[=========>                                         ]  20.05MB/108.6MB, id=a35465a6a76a, from=null, time=null, errorDetail=null, error=null, aux=null)
21:57:44.469 [docker-java-stream--2064336329] DEBUG com.github.dockerjava.zerodep.shaded.org.apache.hc.client5.http.wire - http-outgoing-3 << "be[\r][\n]"
21:57:45.386 [docker-java-stream--2064336329] DEBUG com.github.dockerjava.zerodep.shaded.org.apache.hc.client5.http.wire - http-outgoing-3 << "{"status":"Extracting","progressDetail":{"current":20611072,"total":108571409},"progress":"[=========\u003e                                         ]  20.61MB/108.6MB","id":"a35465a6a76a"}[\r][\n]"
21:57:45.386 [docker-java-stream--2064336329] DEBUG com.github.dockerjava.zerodep.shaded.org.apache.hc.client5.http.wire - http-outgoing-3 << "[\r][\n]"
21:57:45.386 [docker-java-stream--2064336329] DEBUG com.github.dockerjava.api.command.PullImageResultCallback - ResponseItem(stream=null, status=Extracting, progressDetail=ResponseItem.ProgressDetail(current=20611072, total=108571409, start=null), progress=[=========>                                         ]  20.61MB/108.6MB, id=a35465a6a76a, from=null, time=null, errorDetail=null, error=null, aux=null)
21:57:45.387 [docker-java-stream--2064336329] DEBUG com.github.dockerjava.zerodep.shaded.org.apache.hc.client5.http.wire - http-outgoing-3 << "be[\r][\n]"
21:57:45.387 [docker-java-stream--2064336329] DEBUG com.github.dockerjava.zerodep.shaded.org.apache.hc.client5.http.wire - http-outgoing-3 << "{"status":"Extracting","progressDetail":{"current":21168128,"total":108571409},"progress":"[=========\u003e                                         ]  21.17MB/108.6MB","id":"a35465a6a76a"}[\r][\n]"
21:57:45.387 [docker-java-stream--2064336329] DEBUG com.github.dockerjava.zerodep.shaded.org.apache.hc.client5.http.wire - http-outgoing-3 << "[\r][\n]"
21:57:45.387 [docker-java-stream--2064336329] DEBUG com.github.dockerjava.api.command.PullImageResultCallback - ResponseItem(stream=null, status=Extracting, progressDetail=ResponseItem.ProgressDetail(current=21168128, total=108571409, start=null), progress=[=========>                                         ]  21.17MB/108.6MB, id=a35465a6a76a, from=null, time=null, errorDetail=null, error=null, aux=null)
21:57:45.667 [docker-java-stream--2064336329] DEBUG com.github.dockerjava.zerodep.shaded.org.apache.hc.client5.http.wire - http-outgoing-3 << "be[\r][\n]"
21:57:45.669 [docker-java-stream--2064336329] DEBUG com.github.dockerjava.zerodep.shaded.org.apache.hc.client5.http.wire - http-outgoing-3 << "{"status":"Extracting","progressDetail":{"current":21725184,"total":108571409},"progress":"[==========\u003e                                        ]  21.73MB/108.6MB","id":"a35465a6a76a"}[\r][\n]"
21:57:45.670 [docker-java-stream--2064336329] DEBUG com.github.dockerjava.zerodep.shaded.org.apache.hc.client5.http.wire - http-outgoing-3 << "[\r][\n]"
21:57:45.670 [docker-java-stream--2064336329] DEBUG com.github.dockerjava.api.command.PullImageResultCallback - ResponseItem(stream=null, status=Extracting, progressDetail=ResponseItem.ProgressDetail(current=21725184, total=108571409, start=null), progress=[==========>                                        ]  21.73MB/108.6MB, id=a35465a6a76a, from=null, time=null, errorDetail=null, error=null, aux=null)
21:57:46.534 [docker-java-stream--2064336329] DEBUG com.github.dockerjava.zerodep.shaded.org.apache.hc.client5.http.wire - http-outgoing-3 << "be[\r][\n]"
21:57:46.535 [docker-java-stream--2064336329] DEBUG com.github.dockerjava.zerodep.shaded.org.apache.hc.client5.http.wire - http-outgoing-3 << "{"status":"Extracting","progressDetail":{"current":22282240,"total":108571409},"progress":"[==========\u003e                                        ]  22.28MB/108.6MB","id":"a35465a6a76a"}[\r][\n]"
21:57:46.535 [docker-java-stream--2064336329] DEBUG com.github.dockerjava.zerodep.shaded.org.apache.hc.client5.http.wire - http-outgoing-3 << "[\r][\n]"
21:57:46.536 [docker-java-stream--2064336329] DEBUG com.github.dockerjava.api.command.PullImageResultCallback - ResponseItem(stream=null, status=Extracting, progressDetail=ResponseItem.ProgressDetail(current=22282240, total=108571409, start=null), progress=[==========>                                        ]  22.28MB/108.6MB, id=a35465a6a76a, from=null, time=null, errorDetail=null, error=null, aux=null)
21:57:48.179 [docker-java-stream--2064336329] DEBUG com.github.dockerjava.zerodep.shaded.org.apache.hc.client5.http.wire - http-outgoing-3 << "be[\r][\n]"
21:57:48.179 [docker-java-stream--2064336329] DEBUG com.github.dockerjava.zerodep.shaded.org.apache.hc.client5.http.wire - http-outgoing-3 << "{"status":"Extracting","progressDetail":{"current":22839296,"total":108571409},"progress":"[==========\u003e                                        ]  22.84MB/108.6MB","id":"a35465a6a76a"}[\r][\n]"
21:57:48.179 [docker-java-stream--2064336329] DEBUG com.github.dockerjava.zerodep.shaded.org.apache.hc.client5.http.wire - http-outgoing-3 << "[\r][\n]"
21:57:48.180 [docker-java-stream--2064336329] DEBUG com.github.dockerjava.api.command.PullImageResultCallback - ResponseItem(stream=null, status=Extracting, progressDetail=ResponseItem.ProgressDetail(current=22839296, total=108571409, start=null), progress=[==========>                                        ]  22.84MB/108.6MB, id=a35465a6a76a, from=null, time=null, errorDetail=null, error=null, aux=null)
21:57:49.105 [docker-java-stream--2064336329] DEBUG com.github.dockerjava.zerodep.shaded.org.apache.hc.client5.http.wire - http-outgoing-3 << "be[\r][\n]"
21:57:49.105 [docker-java-stream--2064336329] DEBUG com.github.dockerjava.zerodep.shaded.org.apache.hc.client5.http.wire - http-outgoing-3 << "{"status":"Extracting","progressDetail":{"current":23396352,"total":108571409},"progress":"[==========\u003e                                        ]   23.4MB/108.6MB","id":"a35465a6a76a"}[\r][\n]"
21:57:49.106 [docker-java-stream--2064336329] DEBUG com.github.dockerjava.zerodep.shaded.org.apache.hc.client5.http.wire - http-outgoing-3 << "[\r][\n]"
21:57:49.107 [docker-java-stream--2064336329] DEBUG com.github.dockerjava.api.command.PullImageResultCallback - ResponseItem(stream=null, status=Extracting, progressDetail=ResponseItem.ProgressDetail(current=23396352, total=108571409, start=null), progress=[==========>                                        ]   23.4MB/108.6MB, id=a35465a6a76a, from=null, time=null, errorDetail=null, error=null, aux=null)
21:57:50.079 [docker-java-stream--2064336329] DEBUG com.github.dockerjava.zerodep.shaded.org.apache.hc.client5.http.wire - http-outgoing-3 << "be[\r][\n]"
21:57:50.079 [docker-java-stream--2064336329] DEBUG com.github.dockerjava.zerodep.shaded.org.apache.hc.client5.http.wire - http-outgoing-3 << "{"status":"Extracting","progressDetail":{"current":23953408,"total":108571409},"progress":"[===========\u003e                                       ]  23.95MB/108.6MB","id":"a35465a6a76a"}[\r][\n]"
21:57:50.079 [docker-java-stream--2064336329] DEBUG com.github.dockerjava.zerodep.shaded.org.apache.hc.client5.http.wire - http-outgoing-3 << "[\r][\n]"
21:57:50.080 [docker-java-stream--2064336329] DEBUG com.github.dockerjava.api.command.PullImageResultCallback - ResponseItem(stream=null, status=Extracting, progressDetail=ResponseItem.ProgressDetail(current=23953408, total=108571409, start=null), progress=[===========>                                       ]  23.95MB/108.6MB, id=a35465a6a76a, from=null, time=null, errorDetail=null, error=null, aux=null)
21:57:50.925 [docker-java-stream--2064336329] DEBUG com.github.dockerjava.zerodep.shaded.org.apache.hc.client5.http.wire - http-outgoing-3 << "be[\r][\n]"
21:57:50.925 [docker-java-stream--2064336329] DEBUG com.github.dockerjava.zerodep.shaded.org.apache.hc.client5.http.wire - http-outgoing-3 << "{"status":"Extracting","progressDetail":{"current":24510464,"total":108571409},"progress":"[===========\u003e                                       ]  24.51MB/108.6MB","id":"a35465a6a76a"}[\r][\n]"
21:57:50.925 [docker-java-stream--2064336329] DEBUG com.github.dockerjava.zerodep.shaded.org.apache.hc.client5.http.wire - http-outgoing-3 << "[\r][\n]"
21:57:50.954 [docker-java-stream--2064336329] DEBUG com.github.dockerjava.api.command.PullImageResultCallback - ResponseItem(stream=null, status=Extracting, progressDetail=ResponseItem.ProgressDetail(current=24510464, total=108571409, start=null), progress=[===========>                                       ]  24.51MB/108.6MB, id=a35465a6a76a, from=null, time=null, errorDetail=null, error=null, aux=null)
21:57:52.414 [docker-java-stream--2064336329] DEBUG com.github.dockerjava.zerodep.shaded.org.apache.hc.client5.http.wire - http-outgoing-3 << "be[\r][\n]"
21:57:52.415 [docker-java-stream--2064336329] DEBUG com.github.dockerjava.zerodep.shaded.org.apache.hc.client5.http.wire - http-outgoing-3 << "{"status":"Extracting","progressDetail":{"current":25067520,"total":108571409},"progress":"[===========\u003e                                       ]  25.07MB/108.6MB","id":"a35465a6a76a"}[\r][\n]"
21:57:52.415 [docker-java-stream--2064336329] DEBUG com.github.dockerjava.zerodep.shaded.org.apache.hc.client5.http.wire - http-outgoing-3 << "[\r][\n]"
21:57:52.415 [docker-java-stream--2064336329] DEBUG com.github.dockerjava.api.command.PullImageResultCallback - ResponseItem(stream=null, status=Extracting, progressDetail=ResponseItem.ProgressDetail(current=25067520, total=108571409, start=null), progress=[===========>                                       ]  25.07MB/108.6MB, id=a35465a6a76a, from=null, time=null, errorDetail=null, error=null, aux=null)
21:57:53.570 [docker-java-stream--2064336329] DEBUG com.github.dockerjava.zerodep.shaded.org.apache.hc.client5.http.wire - http-outgoing-3 << "be[\r][\n]"
21:57:53.570 [docker-java-stream--2064336329] DEBUG com.github.dockerjava.zerodep.shaded.org.apache.hc.client5.http.wire - http-outgoing-3 << "{"status":"Extracting","progressDetail":{"current":25624576,"total":108571409},"progress":"[===========\u003e                                       ]  25.62MB/108.6MB","id":"a35465a6a76a"}[\r][\n]"
21:57:53.570 [docker-java-stream--2064336329] DEBUG com.github.dockerjava.zerodep.shaded.org.apache.hc.client5.http.wire - http-outgoing-3 << "[\r][\n]"
21:57:53.571 [docker-java-stream--2064336329] DEBUG com.github.dockerjava.api.command.PullImageResultCallback - ResponseItem(stream=null, status=Extracting, progressDetail=ResponseItem.ProgressDetail(current=25624576, total=108571409, start=null), progress=[===========>                                       ]  25.62MB/108.6MB, id=a35465a6a76a, from=null, time=null, errorDetail=null, error=null, aux=null)
21:57:54.708 [docker-java-stream--2064336329] DEBUG com.github.dockerjava.zerodep.shaded.org.apache.hc.client5.http.wire - http-outgoing-3 << "be[\r][\n]"
21:57:54.708 [docker-java-stream--2064336329] DEBUG com.github.dockerjava.zerodep.shaded.org.apache.hc.client5.http.wire - http-outgoing-3 << "{"status":"Extracting","progressDetail":{"current":26181632,"total":108571409},"progress":"[============\u003e                                      ]  26.18MB/108.6MB","id":"a35465a6a76a"}[\r][\n]"
21:57:54.708 [docker-java-stream--2064336329] DEBUG com.github.dockerjava.zerodep.shaded.org.apache.hc.client5.http.wire - http-outgoing-3 << "[\r][\n]"
21:57:54.708 [docker-java-stream--2064336329] DEBUG com.github.dockerjava.api.command.PullImageResultCallback - ResponseItem(stream=null, status=Extracting, progressDetail=ResponseItem.ProgressDetail(current=26181632, total=108571409, start=null), progress=[============>                                      ]  26.18MB/108.6MB, id=a35465a6a76a, from=null, time=null, errorDetail=null, error=null, aux=null)
21:57:55.509 [docker-java-stream--2064336329] DEBUG com.github.dockerjava.zerodep.shaded.org.apache.hc.client5.http.wire - http-outgoing-3 << "be[\r][\n]"
21:57:55.509 [docker-java-stream--2064336329] DEBUG com.github.dockerjava.zerodep.shaded.org.apache.hc.client5.http.wire - http-outgoing-3 << "{"status":"Extracting","progressDetail":{"current":26738688,"total":108571409},"progress":"[============\u003e                                      ]  26.74MB/108.6MB","id":"a35465a6a76a"}[\r][\n]"
21:57:55.510 [docker-java-stream--2064336329] DEBUG com.github.dockerjava.zerodep.shaded.org.apache.hc.client5.http.wire - http-outgoing-3 << "[\r][\n]"
21:57:55.510 [docker-java-stream--2064336329] DEBUG com.github.dockerjava.api.command.PullImageResultCallback - ResponseItem(stream=null, status=Extracting, progressDetail=ResponseItem.ProgressDetail(current=26738688, total=108571409, start=null), progress=[============>                                      ]  26.74MB/108.6MB, id=a35465a6a76a, from=null, time=null, errorDetail=null, error=null, aux=null)
21:57:57.275 [docker-java-stream--2064336329] DEBUG com.github.dockerjava.zerodep.shaded.org.apache.hc.client5.http.wire - http-outgoing-3 << "be[\r][\n]"
21:57:57.276 [docker-java-stream--2064336329] DEBUG com.github.dockerjava.zerodep.shaded.org.apache.hc.client5.http.wire - http-outgoing-3 << "{"status":"Extracting","progressDetail":{"current":27295744,"total":108571409},"progress":"[============\u003e                                      ]   27.3MB/108.6MB","id":"a35465a6a76a"}[\r][\n]"
21:57:57.276 [docker-java-stream--2064336329] DEBUG com.github.dockerjava.zerodep.shaded.org.apache.hc.client5.http.wire - http-outgoing-3 << "[\r][\n]"
21:57:57.276 [docker-java-stream--2064336329] DEBUG com.github.dockerjava.api.command.PullImageResultCallback - ResponseItem(stream=null, status=Extracting, progressDetail=ResponseItem.ProgressDetail(current=27295744, total=108571409, start=null), progress=[============>                                      ]   27.3MB/108.6MB, id=a35465a6a76a, from=null, time=null, errorDetail=null, error=null, aux=null)
21:57:59.401 [docker-java-stream--2064336329] DEBUG com.github.dockerjava.zerodep.shaded.org.apache.hc.client5.http.wire - http-outgoing-3 << "be[\r][\n]"
21:57:59.401 [docker-java-stream--2064336329] DEBUG com.github.dockerjava.zerodep.shaded.org.apache.hc.client5.http.wire - http-outgoing-3 << "{"status":"Extracting","progressDetail":{"current":27852800,"total":108571409},"progress":"[============\u003e                                      ]  27.85MB/108.6MB","id":"a35465a6a76a"}[\r][\n]"
21:57:59.401 [docker-java-stream--2064336329] DEBUG com.github.dockerjava.zerodep.shaded.org.apache.hc.client5.http.wire - http-outgoing-3 << "[\r][\n]"
21:57:59.402 [docker-java-stream--2064336329] DEBUG com.github.dockerjava.api.command.PullImageResultCallback - ResponseItem(stream=null, status=Extracting, progressDetail=ResponseItem.ProgressDetail(current=27852800, total=108571409, start=null), progress=[============>                                      ]  27.85MB/108.6MB, id=a35465a6a76a, from=null, time=null, errorDetail=null, error=null, aux=null)
21:58:00.172 [docker-java-stream--2064336329] DEBUG com.github.dockerjava.zerodep.shaded.org.apache.hc.client5.http.wire - http-outgoing-3 << "be[\r][\n]"
21:58:00.173 [docker-java-stream--2064336329] DEBUG com.github.dockerjava.zerodep.shaded.org.apache.hc.client5.http.wire - http-outgoing-3 << "{"status":"Extracting","progressDetail":{"current":28409856,"total":108571409},"progress":"[=============\u003e                                     ]  28.41MB/108.6MB","id":"a35465a6a76a"}[\r][\n]"
21:58:00.173 [docker-java-stream--2064336329] DEBUG com.github.dockerjava.zerodep.shaded.org.apache.hc.client5.http.wire - http-outgoing-3 << "[\r][\n]"
21:58:00.173 [docker-java-stream--2064336329] DEBUG com.github.dockerjava.api.command.PullImageResultCallback - ResponseItem(stream=null, status=Extracting, progressDetail=ResponseItem.ProgressDetail(current=28409856, total=108571409, start=null), progress=[=============>                                     ]  28.41MB/108.6MB, id=a35465a6a76a, from=null, time=null, errorDetail=null, error=null, aux=null)
21:58:01.034 [docker-java-stream--2064336329] DEBUG com.github.dockerjava.zerodep.shaded.org.apache.hc.client5.http.wire - http-outgoing-3 << "be[\r][\n]"
21:58:01.041 [docker-java-stream--2064336329] DEBUG com.github.dockerjava.zerodep.shaded.org.apache.hc.client5.http.wire - http-outgoing-3 << "{"status":"Extracting","progressDetail":{"current":28966912,"total":108571409},"progress":"[=============\u003e                                     ]  28.97MB/108.6MB","id":"a35465a6a76a"}[\r][\n]"
21:58:01.041 [docker-java-stream--2064336329] DEBUG com.github.dockerjava.zerodep.shaded.org.apache.hc.client5.http.wire - http-outgoing-3 << "[\r][\n]"
21:58:01.041 [docker-java-stream--2064336329] DEBUG com.github.dockerjava.api.command.PullImageResultCallback - ResponseItem(stream=null, status=Extracting, progressDetail=ResponseItem.ProgressDetail(current=28966912, total=108571409, start=null), progress=[=============>                                     ]  28.97MB/108.6MB, id=a35465a6a76a, from=null, time=null, errorDetail=null, error=null, aux=null)
21:58:01.952 [docker-java-stream--2064336329] DEBUG com.github.dockerjava.zerodep.shaded.org.apache.hc.client5.http.wire - http-outgoing-3 << "be[\r][\n]"
21:58:02.056 [docker-java-stream--2064336329] DEBUG com.github.dockerjava.zerodep.shaded.org.apache.hc.client5.http.wire - http-outgoing-3 << "{"status":"Extracting","progressDetail":{"current":29523968,"total":108571409},"progress":"[=============\u003e                                     ]  29.52MB/108.6MB","id":"a35465a6a76a"}[\r][\n]"
21:58:02.056 [docker-java-stream--2064336329] DEBUG com.github.dockerjava.zerodep.shaded.org.apache.hc.client5.http.wire - http-outgoing-3 << "[\r][\n]"
21:58:02.057 [docker-java-stream--2064336329] DEBUG com.github.dockerjava.api.command.PullImageResultCallback - ResponseItem(stream=null, status=Extracting, progressDetail=ResponseItem.ProgressDetail(current=29523968, total=108571409, start=null), progress=[=============>                                     ]  29.52MB/108.6MB, id=a35465a6a76a, from=null, time=null, errorDetail=null, error=null, aux=null)
21:58:02.138 [docker-java-stream--2064336329] DEBUG com.github.dockerjava.zerodep.shaded.org.apache.hc.client5.http.wire - http-outgoing-3 << "be[\r][\n]"
21:58:02.138 [docker-java-stream--2064336329] DEBUG com.github.dockerjava.zerodep.shaded.org.apache.hc.client5.http.wire - http-outgoing-3 << "{"status":"Extracting","progressDetail":{"current":30081024,"total":108571409},"progress":"[=============\u003e                                     ]  30.08MB/108.6MB","id":"a35465a6a76a"}[\r][\n]"
21:58:02.167 [docker-java-stream--2064336329] DEBUG com.github.dockerjava.zerodep.shaded.org.apache.hc.client5.http.wire - http-outgoing-3 << "[\r][\n]"
21:58:02.167 [docker-java-stream--2064336329] DEBUG com.github.dockerjava.api.command.PullImageResultCallback - ResponseItem(stream=null, status=Extracting, progressDetail=ResponseItem.ProgressDetail(current=30081024, total=108571409, start=null), progress=[=============>                                     ]  30.08MB/108.6MB, id=a35465a6a76a, from=null, time=null, errorDetail=null, error=null, aux=null)
21:58:02.557 [docker-java-stream--2064336329] DEBUG com.github.dockerjava.zerodep.shaded.org.apache.hc.client5.http.wire - http-outgoing-3 << "be[\r][\n]"
21:58:02.557 [docker-java-stream--2064336329] DEBUG com.github.dockerjava.zerodep.shaded.org.apache.hc.client5.http.wire - http-outgoing-3 << "{"status":"Extracting","progressDetail":{"current":31195136,"total":108571409},"progress":"[==============\u003e                                    ]   31.2MB/108.6MB","id":"a35465a6a76a"}[\r][\n]"
21:58:02.557 [docker-java-stream--2064336329] DEBUG com.github.dockerjava.zerodep.shaded.org.apache.hc.client5.http.wire - http-outgoing-3 << "[\r][\n]"
21:58:02.559 [docker-java-stream--2064336329] DEBUG com.github.dockerjava.api.command.PullImageResultCallback - ResponseItem(stream=null, status=Extracting, progressDetail=ResponseItem.ProgressDetail(current=31195136, total=108571409, start=null), progress=[==============>                                    ]   31.2MB/108.6MB, id=a35465a6a76a, from=null, time=null, errorDetail=null, error=null, aux=null)
21:58:02.673 [docker-java-stream--2064336329] DEBUG com.github.dockerjava.zerodep.shaded.org.apache.hc.client5.http.wire - http-outgoing-3 << "be[\r][\n]"
21:58:02.673 [docker-java-stream--2064336329] DEBUG com.github.dockerjava.zerodep.shaded.org.apache.hc.client5.http.wire - http-outgoing-3 << "{"status":"Extracting","progressDetail":{"current":32309248,"total":108571409},"progress":"[==============\u003e                                    ]  32.31MB/108.6MB","id":"a35465a6a76a"}[\r][\n]"
21:58:02.673 [docker-java-stream--2064336329] DEBUG com.github.dockerjava.zerodep.shaded.org.apache.hc.client5.http.wire - http-outgoing-3 << "[\r][\n]"
21:58:02.674 [docker-java-stream--2064336329] DEBUG com.github.dockerjava.api.command.PullImageResultCallback - ResponseItem(stream=null, status=Extracting, progressDetail=ResponseItem.ProgressDetail(current=32309248, total=108571409, start=null), progress=[==============>                                    ]  32.31MB/108.6MB, id=a35465a6a76a, from=null, time=null, errorDetail=null, error=null, aux=null)
21:58:03.196 [docker-java-stream--2064336329] DEBUG com.github.dockerjava.zerodep.shaded.org.apache.hc.client5.http.wire - http-outgoing-3 << "be[\r][\n]"
21:58:03.196 [docker-java-stream--2064336329] DEBUG com.github.dockerjava.zerodep.shaded.org.apache.hc.client5.http.wire - http-outgoing-3 << "{"status":"Extracting","progressDetail":{"current":33423360,"total":108571409},"progress":"[===============\u003e                                   ]  33.42MB/108.6MB","id":"a35465a6a76a"}[\r][\n]"
21:58:03.196 [docker-java-stream--2064336329] DEBUG com.github.dockerjava.zerodep.shaded.org.apache.hc.client5.http.wire - http-outgoing-3 << "[\r][\n]"
21:58:03.196 [docker-java-stream--2064336329] DEBUG com.github.dockerjava.api.command.PullImageResultCallback - ResponseItem(stream=null, status=Extracting, progressDetail=ResponseItem.ProgressDetail(current=33423360, total=108571409, start=null), progress=[===============>                                   ]  33.42MB/108.6MB, id=a35465a6a76a, from=null, time=null, errorDetail=null, error=null, aux=null)
21:58:05.301 [docker-java-stream--2064336329] DEBUG com.github.dockerjava.zerodep.shaded.org.apache.hc.client5.http.wire - http-outgoing-3 << "be[\r][\n]"
21:58:05.359 [docker-java-stream--2064336329] DEBUG com.github.dockerjava.zerodep.shaded.org.apache.hc.client5.http.wire - http-outgoing-3 << "{"status":"Extracting","progressDetail":{"current":33980416,"total":108571409},"progress":"[===============\u003e                                   ]  33.98MB/108.6MB","id":"a35465a6a76a"}[\r][\n]"
21:58:05.359 [docker-java-stream--2064336329] DEBUG com.github.dockerjava.zerodep.shaded.org.apache.hc.client5.http.wire - http-outgoing-3 << "[\r][\n]"
21:58:05.449 [docker-java-stream--2064336329] DEBUG com.github.dockerjava.api.command.PullImageResultCallback - ResponseItem(stream=null, status=Extracting, progressDetail=ResponseItem.ProgressDetail(current=33980416, total=108571409, start=null), progress=[===============>                                   ]  33.98MB/108.6MB, id=a35465a6a76a, from=null, time=null, errorDetail=null, error=null, aux=null)
21:58:06.928 [docker-java-stream--2064336329] DEBUG com.github.dockerjava.zerodep.shaded.org.apache.hc.client5.http.wire - http-outgoing-3 << "be[\r][\n]"
21:58:06.929 [docker-java-stream--2064336329] DEBUG com.github.dockerjava.zerodep.shaded.org.apache.hc.client5.http.wire - http-outgoing-3 << "{"status":"Extracting","progressDetail":{"current":34537472,"total":108571409},"progress":"[===============\u003e                                   ]  34.54MB/108.6MB","id":"a35465a6a76a"}[\r][\n]"
21:58:06.929 [docker-java-stream--2064336329] DEBUG com.github.dockerjava.zerodep.shaded.org.apache.hc.client5.http.wire - http-outgoing-3 << "[\r][\n]"
21:58:07.148 [docker-java-stream--2064336329] DEBUG com.github.dockerjava.api.command.PullImageResultCallback - ResponseItem(stream=null, status=Extracting, progressDetail=ResponseItem.ProgressDetail(current=34537472, total=108571409, start=null), progress=[===============>                                   ]  34.54MB/108.6MB, id=a35465a6a76a, from=null, time=null, errorDetail=null, error=null, aux=null)
21:58:09.136 [docker-java-stream--2064336329] DEBUG com.github.dockerjava.zerodep.shaded.org.apache.hc.client5.http.wire - http-outgoing-3 << "be[\r][\n]"
21:58:09.136 [docker-java-stream--2064336329] DEBUG com.github.dockerjava.zerodep.shaded.org.apache.hc.client5.http.wire - http-outgoing-3 << "{"status":"Extracting","progressDetail":{"current":35094528,"total":108571409},"progress":"[================\u003e                                  ]  35.09MB/108.6MB","id":"a35465a6a76a"}[\r][\n]"
21:58:09.136 [docker-java-stream--2064336329] DEBUG com.github.dockerjava.zerodep.shaded.org.apache.hc.client5.http.wire - http-outgoing-3 << "[\r][\n]"
21:58:09.136 [docker-java-stream--2064336329] DEBUG com.github.dockerjava.api.command.PullImageResultCallback - ResponseItem(stream=null, status=Extracting, progressDetail=ResponseItem.ProgressDetail(current=35094528, total=108571409, start=null), progress=[================>                                  ]  35.09MB/108.6MB, id=a35465a6a76a, from=null, time=null, errorDetail=null, error=null, aux=null)
21:58:10.740 [docker-java-stream--2064336329] DEBUG com.github.dockerjava.zerodep.shaded.org.apache.hc.client5.http.wire - http-outgoing-3 << "be[\r][\n]"
21:58:10.747 [docker-java-stream--2064336329] DEBUG com.github.dockerjava.zerodep.shaded.org.apache.hc.client5.http.wire - http-outgoing-3 << "{"status":"Extracting","progressDetail":{"current":35651584,"total":108571409},"progress":"[================\u003e                                  ]  35.65MB/108.6MB","id":"a35465a6a76a"}[\r][\n]"
21:58:10.747 [docker-java-stream--2064336329] DEBUG com.github.dockerjava.zerodep.shaded.org.apache.hc.client5.http.wire - http-outgoing-3 << "[\r][\n]"
21:58:10.890 [docker-java-stream--2064336329] DEBUG com.github.dockerjava.api.command.PullImageResultCallback - ResponseItem(stream=null, status=Extracting, progressDetail=ResponseItem.ProgressDetail(current=35651584, total=108571409, start=null), progress=[================>                                  ]  35.65MB/108.6MB, id=a35465a6a76a, from=null, time=null, errorDetail=null, error=null, aux=null)
21:58:13.321 [docker-java-stream--2064336329] DEBUG com.github.dockerjava.zerodep.shaded.org.apache.hc.client5.http.wire - http-outgoing-3 << "be[\r][\n]"
21:58:13.321 [docker-java-stream--2064336329] DEBUG com.github.dockerjava.zerodep.shaded.org.apache.hc.client5.http.wire - http-outgoing-3 << "{"status":"Extracting","progressDetail":{"current":36208640,"total":108571409},"progress":"[================\u003e                                  ]  36.21MB/108.6MB","id":"a35465a6a76a"}[\r][\n]"
21:58:13.494 [docker-java-stream--2064336329] DEBUG com.github.dockerjava.zerodep.shaded.org.apache.hc.client5.http.wire - http-outgoing-3 << "[\r][\n]"
21:58:13.494 [docker-java-stream--2064336329] DEBUG com.github.dockerjava.api.command.PullImageResultCallback - ResponseItem(stream=null, status=Extracting, progressDetail=ResponseItem.ProgressDetail(current=36208640, total=108571409, start=null), progress=[================>                                  ]  36.21MB/108.6MB, id=a35465a6a76a, from=null, time=null, errorDetail=null, error=null, aux=null)
21:58:18.598 [docker-java-stream--2064336329] DEBUG com.github.dockerjava.zerodep.shaded.org.apache.hc.client5.http.wire - http-outgoing-3 << "be[\r][\n]"
21:58:18.598 [docker-java-stream--2064336329] DEBUG com.github.dockerjava.zerodep.shaded.org.apache.hc.client5.http.wire - http-outgoing-3 << "{"status":"Extracting","progressDetail":{"current":36765696,"total":108571409},"progress":"[================\u003e                                  ]  36.77MB/108.6MB","id":"a35465a6a76a"}[\r][\n]"
21:58:18.598 [docker-java-stream--2064336329] DEBUG com.github.dockerjava.zerodep.shaded.org.apache.hc.client5.http.wire - http-outgoing-3 << "[\r][\n]"
21:58:18.599 [docker-java-stream--2064336329] DEBUG com.github.dockerjava.api.command.PullImageResultCallback - ResponseItem(stream=null, status=Extracting, progressDetail=ResponseItem.ProgressDetail(current=36765696, total=108571409, start=null), progress=[================>                                  ]  36.77MB/108.6MB, id=a35465a6a76a, from=null, time=null, errorDetail=null, error=null, aux=null)
21:58:20.697 [docker-java-stream--2064336329] DEBUG com.github.dockerjava.zerodep.shaded.org.apache.hc.client5.http.wire - http-outgoing-3 << "be[\r][\n]"
21:58:20.697 [docker-java-stream--2064336329] DEBUG com.github.dockerjava.zerodep.shaded.org.apache.hc.client5.http.wire - http-outgoing-3 << "{"status":"Extracting","progressDetail":{"current":37322752,"total":108571409},"progress":"[=================\u003e                                 ]  37.32MB/108.6MB","id":"a35465a6a76a"}[\r][\n]"
21:58:20.697 [docker-java-stream--2064336329] DEBUG com.github.dockerjava.zerodep.shaded.org.apache.hc.client5.http.wire - http-outgoing-3 << "[\r][\n]"
21:58:20.767 [docker-java-stream--2064336329] DEBUG com.github.dockerjava.api.command.PullImageResultCallback - ResponseItem(stream=null, status=Extracting, progressDetail=ResponseItem.ProgressDetail(current=37322752, total=108571409, start=null), progress=[=================>                                 ]  37.32MB/108.6MB, id=a35465a6a76a, from=null, time=null, errorDetail=null, error=null, aux=null)
21:58:20.979 [docker-java-stream--2064336329] DEBUG com.github.dockerjava.zerodep.shaded.org.apache.hc.client5.http.wire - http-outgoing-3 << "be[\r][\n]"
21:58:20.979 [docker-java-stream--2064336329] DEBUG com.github.dockerjava.zerodep.shaded.org.apache.hc.client5.http.wire - http-outgoing-3 << "{"status":"Extracting","progressDetail":{"current":37879808,"total":108571409},"progress":"[=================\u003e                                 ]  37.88MB/108.6MB","id":"a35465a6a76a"}[\r][\n]"
21:58:20.980 [docker-java-stream--2064336329] DEBUG com.github.dockerjava.zerodep.shaded.org.apache.hc.client5.http.wire - http-outgoing-3 << "[\r][\n]"
21:58:20.980 [docker-java-stream--2064336329] DEBUG com.github.dockerjava.api.command.PullImageResultCallback - ResponseItem(stream=null, status=Extracting, progressDetail=ResponseItem.ProgressDetail(current=37879808, total=108571409, start=null), progress=[=================>                                 ]  37.88MB/108.6MB, id=a35465a6a76a, from=null, time=null, errorDetail=null, error=null, aux=null)
21:58:21.106 [docker-java-stream--2064336329] DEBUG com.github.dockerjava.zerodep.shaded.org.apache.hc.client5.http.wire - http-outgoing-3 << "be[\r][\n]"
21:58:21.106 [docker-java-stream--2064336329] DEBUG com.github.dockerjava.zerodep.shaded.org.apache.hc.client5.http.wire - http-outgoing-3 << "{"status":"Extracting","progressDetail":{"current":38993920,"total":108571409},"progress":"[=================\u003e                                 ]  38.99MB/108.6MB","id":"a35465a6a76a"}[\r][\n]"
21:58:21.106 [docker-java-stream--2064336329] DEBUG com.github.dockerjava.zerodep.shaded.org.apache.hc.client5.http.wire - http-outgoing-3 << "[\r][\n]"
21:58:21.106 [docker-java-stream--2064336329] DEBUG com.github.dockerjava.api.command.PullImageResultCallback - ResponseItem(stream=null, status=Extracting, progressDetail=ResponseItem.ProgressDetail(current=38993920, total=108571409, start=null), progress=[=================>                                 ]  38.99MB/108.6MB, id=a35465a6a76a, from=null, time=null, errorDetail=null, error=null, aux=null)
21:58:21.344 [docker-java-stream--2064336329] DEBUG com.github.dockerjava.zerodep.shaded.org.apache.hc.client5.http.wire - http-outgoing-3 << "be[\r][\n]"
21:58:21.344 [docker-java-stream--2064336329] DEBUG com.github.dockerjava.zerodep.shaded.org.apache.hc.client5.http.wire - http-outgoing-3 << "{"status":"Extracting","progressDetail":{"current":39550976,"total":108571409},"progress":"[==================\u003e                                ]  39.55MB/108.6MB","id":"a35465a6a76a"}[\r][\n]"
21:58:21.347 [docker-java-stream--2064336329] DEBUG com.github.dockerjava.zerodep.shaded.org.apache.hc.client5.http.wire - http-outgoing-3 << "[\r][\n]"
21:58:21.348 [docker-java-stream--2064336329] DEBUG com.github.dockerjava.api.command.PullImageResultCallback - ResponseItem(stream=null, status=Extracting, progressDetail=ResponseItem.ProgressDetail(current=39550976, total=108571409, start=null), progress=[==================>                                ]  39.55MB/108.6MB, id=a35465a6a76a, from=null, time=null, errorDetail=null, error=null, aux=null)
21:58:22.165 [docker-java-stream--2064336329] DEBUG com.github.dockerjava.zerodep.shaded.org.apache.hc.client5.http.wire - http-outgoing-3 << "be[\r][\n]"
21:58:22.165 [docker-java-stream--2064336329] DEBUG com.github.dockerjava.zerodep.shaded.org.apache.hc.client5.http.wire - http-outgoing-3 << "{"status":"Extracting","progressDetail":{"current":40108032,"total":108571409},"progress":"[==================\u003e                                ]  40.11MB/108.6MB","id":"a35465a6a76a"}[\r][\n]"
21:58:22.183 [docker-java-stream--2064336329] DEBUG com.github.dockerjava.zerodep.shaded.org.apache.hc.client5.http.wire - http-outgoing-3 << "[\r][\n]"
21:58:22.185 [docker-java-stream--2064336329] DEBUG com.github.dockerjava.api.command.PullImageResultCallback - ResponseItem(stream=null, status=Extracting, progressDetail=ResponseItem.ProgressDetail(current=40108032, total=108571409, start=null), progress=[==================>                                ]  40.11MB/108.6MB, id=a35465a6a76a, from=null, time=null, errorDetail=null, error=null, aux=null)
21:58:23.438 [docker-java-stream--2064336329] DEBUG com.github.dockerjava.zerodep.shaded.org.apache.hc.client5.http.wire - http-outgoing-3 << "be[\r][\n]"
21:58:23.439 [docker-java-stream--2064336329] DEBUG com.github.dockerjava.zerodep.shaded.org.apache.hc.client5.http.wire - http-outgoing-3 << "{"status":"Extracting","progressDetail":{"current":40665088,"total":108571409},"progress":"[==================\u003e                                ]  40.67MB/108.6MB","id":"a35465a6a76a"}[\r][\n]"
21:58:23.439 [docker-java-stream--2064336329] DEBUG com.github.dockerjava.zerodep.shaded.org.apache.hc.client5.http.wire - http-outgoing-3 << "[\r][\n]"
21:58:23.440 [docker-java-stream--2064336329] DEBUG com.github.dockerjava.api.command.PullImageResultCallback - ResponseItem(stream=null, status=Extracting, progressDetail=ResponseItem.ProgressDetail(current=40665088, total=108571409, start=null), progress=[==================>                                ]  40.67MB/108.6MB, id=a35465a6a76a, from=null, time=null, errorDetail=null, error=null, aux=null)
21:58:27.285 [docker-java-stream--2064336329] DEBUG com.github.dockerjava.zerodep.shaded.org.apache.hc.client5.http.wire - http-outgoing-3 << "be[\r][\n]"
21:58:27.285 [docker-java-stream--2064336329] DEBUG com.github.dockerjava.zerodep.shaded.org.apache.hc.client5.http.wire - http-outgoing-3 << "{"status":"Extracting","progressDetail":{"current":41222144,"total":108571409},"progress":"[==================\u003e                                ]  41.22MB/108.6MB","id":"a35465a6a76a"}[\r][\n]"
21:58:27.285 [docker-java-stream--2064336329] DEBUG com.github.dockerjava.zerodep.shaded.org.apache.hc.client5.http.wire - http-outgoing-3 << "[\r][\n]"
21:58:27.285 [docker-java-stream--2064336329] DEBUG com.github.dockerjava.api.command.PullImageResultCallback - ResponseItem(stream=null, status=Extracting, progressDetail=ResponseItem.ProgressDetail(current=41222144, total=108571409, start=null), progress=[==================>                                ]  41.22MB/108.6MB, id=a35465a6a76a, from=null, time=null, errorDetail=null, error=null, aux=null)
21:58:28.968 [docker-java-stream--2064336329] DEBUG com.github.dockerjava.zerodep.shaded.org.apache.hc.client5.http.wire - http-outgoing-3 << "be[\r][\n]"
21:58:28.968 [docker-java-stream--2064336329] DEBUG com.github.dockerjava.zerodep.shaded.org.apache.hc.client5.http.wire - http-outgoing-3 << "{"status":"Extracting","progressDetail":{"current":41779200,"total":108571409},"progress":"[===================\u003e                               ]  41.78MB/108.6MB","id":"a35465a6a76a"}[\r][\n]"
21:58:28.968 [docker-java-stream--2064336329] DEBUG com.github.dockerjava.zerodep.shaded.org.apache.hc.client5.http.wire - http-outgoing-3 << "[\r][\n]"
21:58:28.968 [docker-java-stream--2064336329] DEBUG com.github.dockerjava.api.command.PullImageResultCallback - ResponseItem(stream=null, status=Extracting, progressDetail=ResponseItem.ProgressDetail(current=41779200, total=108571409, start=null), progress=[===================>                               ]  41.78MB/108.6MB, id=a35465a6a76a, from=null, time=null, errorDetail=null, error=null, aux=null)
21:58:29.881 [docker-java-stream--2064336329] DEBUG com.github.dockerjava.zerodep.shaded.org.apache.hc.client5.http.wire - http-outgoing-3 << "be[\r][\n]"
21:58:29.881 [docker-java-stream--2064336329] DEBUG com.github.dockerjava.zerodep.shaded.org.apache.hc.client5.http.wire - http-outgoing-3 << "{"status":"Extracting","progressDetail":{"current":42336256,"total":108571409},"progress":"[===================\u003e                               ]  42.34MB/108.6MB","id":"a35465a6a76a"}[\r][\n]"
21:58:29.881 [docker-java-stream--2064336329] DEBUG com.github.dockerjava.zerodep.shaded.org.apache.hc.client5.http.wire - http-outgoing-3 << "[\r][\n]"
21:58:29.913 [docker-java-stream--2064336329] DEBUG com.github.dockerjava.api.command.PullImageResultCallback - ResponseItem(stream=null, status=Extracting, progressDetail=ResponseItem.ProgressDetail(current=42336256, total=108571409, start=null), progress=[===================>                               ]  42.34MB/108.6MB, id=a35465a6a76a, from=null, time=null, errorDetail=null, error=null, aux=null)
21:58:31.996 [docker-java-stream--2064336329] DEBUG com.github.dockerjava.zerodep.shaded.org.apache.hc.client5.http.wire - http-outgoing-3 << "be[\r][\n]"
21:58:31.996 [docker-java-stream--2064336329] DEBUG com.github.dockerjava.zerodep.shaded.org.apache.hc.client5.http.wire - http-outgoing-3 << "{"status":"Extracting","progressDetail":{"current":42893312,"total":108571409},"progress":"[===================\u003e                               ]  42.89MB/108.6MB","id":"a35465a6a76a"}[\r][\n]"
21:58:31.996 [docker-java-stream--2064336329] DEBUG com.github.dockerjava.zerodep.shaded.org.apache.hc.client5.http.wire - http-outgoing-3 << "[\r][\n]"
21:58:32.081 [docker-java-stream--2064336329] DEBUG com.github.dockerjava.api.command.PullImageResultCallback - ResponseItem(stream=null, status=Extracting, progressDetail=ResponseItem.ProgressDetail(current=42893312, total=108571409, start=null), progress=[===================>                               ]  42.89MB/108.6MB, id=a35465a6a76a, from=null, time=null, errorDetail=null, error=null, aux=null)
21:58:32.684 [docker-java-stream--2064336329] DEBUG com.github.dockerjava.zerodep.shaded.org.apache.hc.client5.http.wire - http-outgoing-3 << "be[\r][\n]"
21:58:32.684 [docker-java-stream--2064336329] DEBUG com.github.dockerjava.zerodep.shaded.org.apache.hc.client5.http.wire - http-outgoing-3 << "{"status":"Extracting","progressDetail":{"current":43450368,"total":108571409},"progress":"[====================\u003e                              ]  43.45MB/108.6MB","id":"a35465a6a76a"}[\r][\n]"
21:58:32.684 [docker-java-stream--2064336329] DEBUG com.github.dockerjava.zerodep.shaded.org.apache.hc.client5.http.wire - http-outgoing-3 << "[\r][\n]"
21:58:32.703 [docker-java-stream--2064336329] DEBUG com.github.dockerjava.api.command.PullImageResultCallback - ResponseItem(stream=null, status=Extracting, progressDetail=ResponseItem.ProgressDetail(current=43450368, total=108571409, start=null), progress=[====================>                              ]  43.45MB/108.6MB, id=a35465a6a76a, from=null, time=null, errorDetail=null, error=null, aux=null)
21:58:32.907 [docker-java-stream--2064336329] DEBUG com.github.dockerjava.zerodep.shaded.org.apache.hc.client5.http.wire - http-outgoing-3 << "be[\r][\n]"
21:58:32.907 [docker-java-stream--2064336329] DEBUG com.github.dockerjava.zerodep.shaded.org.apache.hc.client5.http.wire - http-outgoing-3 << "{"status":"Extracting","progressDetail":{"current":45678592,"total":108571409},"progress":"[=====================\u003e                             ]  45.68MB/108.6MB","id":"a35465a6a76a"}[\r][\n]"
21:58:32.907 [docker-java-stream--2064336329] DEBUG com.github.dockerjava.zerodep.shaded.org.apache.hc.client5.http.wire - http-outgoing-3 << "[\r][\n]"
21:58:32.908 [docker-java-stream--2064336329] DEBUG com.github.dockerjava.api.command.PullImageResultCallback - ResponseItem(stream=null, status=Extracting, progressDetail=ResponseItem.ProgressDetail(current=45678592, total=108571409, start=null), progress=[=====================>                             ]  45.68MB/108.6MB, id=a35465a6a76a, from=null, time=null, errorDetail=null, error=null, aux=null)
21:58:33.180 [docker-java-stream--2064336329] DEBUG com.github.dockerjava.zerodep.shaded.org.apache.hc.client5.http.wire - http-outgoing-3 << "be[\r][\n]"
21:58:33.180 [docker-java-stream--2064336329] DEBUG com.github.dockerjava.zerodep.shaded.org.apache.hc.client5.http.wire - http-outgoing-3 << "{"status":"Extracting","progressDetail":{"current":47349760,"total":108571409},"progress":"[=====================\u003e                             ]  47.35MB/108.6MB","id":"a35465a6a76a"}[\r][\n]"
21:58:33.226 [docker-java-stream--2064336329] DEBUG com.github.dockerjava.zerodep.shaded.org.apache.hc.client5.http.wire - http-outgoing-3 << "[\r][\n]"
21:58:33.226 [docker-java-stream--2064336329] DEBUG com.github.dockerjava.api.command.PullImageResultCallback - ResponseItem(stream=null, status=Extracting, progressDetail=ResponseItem.ProgressDetail(current=47349760, total=108571409, start=null), progress=[=====================>                             ]  47.35MB/108.6MB, id=a35465a6a76a, from=null, time=null, errorDetail=null, error=null, aux=null)
21:58:34.000 [docker-java-stream--2064336329] DEBUG com.github.dockerjava.zerodep.shaded.org.apache.hc.client5.http.wire - http-outgoing-3 << "be[\r][\n]"
21:58:34.001 [docker-java-stream--2064336329] DEBUG com.github.dockerjava.zerodep.shaded.org.apache.hc.client5.http.wire - http-outgoing-3 << "{"status":"Extracting","progressDetail":{"current":47906816,"total":108571409},"progress":"[======================\u003e                            ]  47.91MB/108.6MB","id":"a35465a6a76a"}[\r][\n]"
21:58:34.001 [docker-java-stream--2064336329] DEBUG com.github.dockerjava.zerodep.shaded.org.apache.hc.client5.http.wire - http-outgoing-3 << "[\r][\n]"
21:58:34.002 [docker-java-stream--2064336329] DEBUG com.github.dockerjava.api.command.PullImageResultCallback - ResponseItem(stream=null, status=Extracting, progressDetail=ResponseItem.ProgressDetail(current=47906816, total=108571409, start=null), progress=[======================>                            ]  47.91MB/108.6MB, id=a35465a6a76a, from=null, time=null, errorDetail=null, error=null, aux=null)
21:58:34.633 [docker-java-stream--2064336329] DEBUG com.github.dockerjava.zerodep.shaded.org.apache.hc.client5.http.wire - http-outgoing-3 << "be[\r][\n]"
21:58:34.633 [docker-java-stream--2064336329] DEBUG com.github.dockerjava.zerodep.shaded.org.apache.hc.client5.http.wire - http-outgoing-3 << "{"status":"Extracting","progressDetail":{"current":48463872,"total":108571409},"progress":"[======================\u003e                            ]  48.46MB/108.6MB","id":"a35465a6a76a"}[\r][\n]"
21:58:34.633 [docker-java-stream--2064336329] DEBUG com.github.dockerjava.zerodep.shaded.org.apache.hc.client5.http.wire - http-outgoing-3 << "[\r][\n]"
21:58:34.633 [docker-java-stream--2064336329] DEBUG com.github.dockerjava.api.command.PullImageResultCallback - ResponseItem(stream=null, status=Extracting, progressDetail=ResponseItem.ProgressDetail(current=48463872, total=108571409, start=null), progress=[======================>                            ]  48.46MB/108.6MB, id=a35465a6a76a, from=null, time=null, errorDetail=null, error=null, aux=null)
21:58:35.079 [docker-java-stream--2064336329] DEBUG com.github.dockerjava.zerodep.shaded.org.apache.hc.client5.http.wire - http-outgoing-3 << "be[\r][\n]"
21:58:35.079 [docker-java-stream--2064336329] DEBUG com.github.dockerjava.zerodep.shaded.org.apache.hc.client5.http.wire - http-outgoing-3 << "{"status":"Extracting","progressDetail":{"current":49020928,"total":108571409},"progress":"[======================\u003e                            ]  49.02MB/108.6MB","id":"a35465a6a76a"}[\r][\n]"
21:58:35.079 [docker-java-stream--2064336329] DEBUG com.github.dockerjava.zerodep.shaded.org.apache.hc.client5.http.wire - http-outgoing-3 << "[\r][\n]"
21:58:35.080 [docker-java-stream--2064336329] DEBUG com.github.dockerjava.api.command.PullImageResultCallback - ResponseItem(stream=null, status=Extracting, progressDetail=ResponseItem.ProgressDetail(current=49020928, total=108571409, start=null), progress=[======================>                            ]  49.02MB/108.6MB, id=a35465a6a76a, from=null, time=null, errorDetail=null, error=null, aux=null)
21:58:35.247 [docker-java-stream--2064336329] DEBUG com.github.dockerjava.zerodep.shaded.org.apache.hc.client5.http.wire - http-outgoing-3 << "be[\r][\n]"
21:58:35.359 [docker-java-stream--2064336329] DEBUG com.github.dockerjava.zerodep.shaded.org.apache.hc.client5.http.wire - http-outgoing-3 << "{"status":"Extracting","progressDetail":{"current":49577984,"total":108571409},"progress":"[======================\u003e                            ]  49.58MB/108.6MB","id":"a35465a6a76a"}[\r][\n]"
21:58:35.359 [docker-java-stream--2064336329] DEBUG com.github.dockerjava.zerodep.shaded.org.apache.hc.client5.http.wire - http-outgoing-3 << "[\r][\n]"
21:58:35.360 [docker-java-stream--2064336329] DEBUG com.github.dockerjava.api.command.PullImageResultCallback - ResponseItem(stream=null, status=Extracting, progressDetail=ResponseItem.ProgressDetail(current=49577984, total=108571409, start=null), progress=[======================>                            ]  49.58MB/108.6MB, id=a35465a6a76a, from=null, time=null, errorDetail=null, error=null, aux=null)
21:58:35.588 [docker-java-stream--2064336329] DEBUG com.github.dockerjava.zerodep.shaded.org.apache.hc.client5.http.wire - http-outgoing-3 << "be[\r][\n]"
21:58:35.588 [docker-java-stream--2064336329] DEBUG com.github.dockerjava.zerodep.shaded.org.apache.hc.client5.http.wire - http-outgoing-3 << "{"status":"Extracting","progressDetail":{"current":50135040,"total":108571409},"progress":"[=======================\u003e                           ]  50.14MB/108.6MB","id":"a35465a6a76a"}[\r][\n]"
21:58:35.588 [docker-java-stream--2064336329] DEBUG com.github.dockerjava.zerodep.shaded.org.apache.hc.client5.http.wire - http-outgoing-3 << "[\r][\n]"
21:58:35.589 [docker-java-stream--2064336329] DEBUG com.github.dockerjava.api.command.PullImageResultCallback - ResponseItem(stream=null, status=Extracting, progressDetail=ResponseItem.ProgressDetail(current=50135040, total=108571409, start=null), progress=[=======================>                           ]  50.14MB/108.6MB, id=a35465a6a76a, from=null, time=null, errorDetail=null, error=null, aux=null)
21:58:35.694 [docker-java-stream--2064336329] DEBUG com.github.dockerjava.zerodep.shaded.org.apache.hc.client5.http.wire - http-outgoing-3 << "be[\r][\n]"
21:58:35.694 [docker-java-stream--2064336329] DEBUG com.github.dockerjava.zerodep.shaded.org.apache.hc.client5.http.wire - http-outgoing-3 << "{"status":"Extracting","progressDetail":{"current":51249152,"total":108571409},"progress":"[=======================\u003e                           ]  51.25MB/108.6MB","id":"a35465a6a76a"}[\r][\n]"
21:58:35.781 [docker-java-stream--2064336329] DEBUG com.github.dockerjava.zerodep.shaded.org.apache.hc.client5.http.wire - http-outgoing-3 << "[\r][\n]"
21:58:35.781 [docker-java-stream--2064336329] DEBUG com.github.dockerjava.api.command.PullImageResultCallback - ResponseItem(stream=null, status=Extracting, progressDetail=ResponseItem.ProgressDetail(current=51249152, total=108571409, start=null), progress=[=======================>                           ]  51.25MB/108.6MB, id=a35465a6a76a, from=null, time=null, errorDetail=null, error=null, aux=null)
21:58:36.437 [docker-java-stream--2064336329] DEBUG com.github.dockerjava.zerodep.shaded.org.apache.hc.client5.http.wire - http-outgoing-3 << "be[\r][\n]"
21:58:36.437 [docker-java-stream--2064336329] DEBUG com.github.dockerjava.zerodep.shaded.org.apache.hc.client5.http.wire - http-outgoing-3 << "{"status":"Extracting","progressDetail":{"current":52363264,"total":108571409},"progress":"[========================\u003e                          ]  52.36MB/108.6MB","id":"a35465a6a76a"}[\r][\n]"
21:58:36.437 [docker-java-stream--2064336329] DEBUG com.github.dockerjava.zerodep.shaded.org.apache.hc.client5.http.wire - http-outgoing-3 << "[\r][\n]"
21:58:36.476 [docker-java-stream--2064336329] DEBUG com.github.dockerjava.api.command.PullImageResultCallback - ResponseItem(stream=null, status=Extracting, progressDetail=ResponseItem.ProgressDetail(current=52363264, total=108571409, start=null), progress=[========================>                          ]  52.36MB/108.6MB, id=a35465a6a76a, from=null, time=null, errorDetail=null, error=null, aux=null)
21:58:36.572 [docker-java-stream--2064336329] DEBUG com.github.dockerjava.zerodep.shaded.org.apache.hc.client5.http.wire - http-outgoing-3 << "be[\r][\n]"
21:58:36.572 [docker-java-stream--2064336329] DEBUG com.github.dockerjava.zerodep.shaded.org.apache.hc.client5.http.wire - http-outgoing-3 << "{"status":"Extracting","progressDetail":{"current":52920320,"total":108571409},"progress":"[========================\u003e                          ]  52.92MB/108.6MB","id":"a35465a6a76a"}[\r][\n]"
21:58:36.572 [docker-java-stream--2064336329] DEBUG com.github.dockerjava.zerodep.shaded.org.apache.hc.client5.http.wire - http-outgoing-3 << "[\r][\n]"
21:58:36.754 [docker-java-stream--2064336329] DEBUG com.github.dockerjava.api.command.PullImageResultCallback - ResponseItem(stream=null, status=Extracting, progressDetail=ResponseItem.ProgressDetail(current=52920320, total=108571409, start=null), progress=[========================>                          ]  52.92MB/108.6MB, id=a35465a6a76a, from=null, time=null, errorDetail=null, error=null, aux=null)
21:58:36.754 [docker-java-stream--2064336329] DEBUG com.github.dockerjava.zerodep.shaded.org.apache.hc.client5.http.wire - http-outgoing-3 << "be[\r][\n]"
21:58:36.754 [docker-java-stream--2064336329] DEBUG com.github.dockerjava.zerodep.shaded.org.apache.hc.client5.http.wire - http-outgoing-3 << "{"status":"Extracting","progressDetail":{"current":53477376,"total":108571409},"progress":"[========================\u003e                          ]  53.48MB/108.6MB","id":"a35465a6a76a"}[\r][\n]"
21:58:36.754 [docker-java-stream--2064336329] DEBUG com.github.dockerjava.zerodep.shaded.org.apache.hc.client5.http.wire - http-outgoing-3 << "[\r][\n]"
21:58:36.754 [docker-java-stream--2064336329] DEBUG com.github.dockerjava.api.command.PullImageResultCallback - ResponseItem(stream=null, status=Extracting, progressDetail=ResponseItem.ProgressDetail(current=53477376, total=108571409, start=null), progress=[========================>                          ]  53.48MB/108.6MB, id=a35465a6a76a, from=null, time=null, errorDetail=null, error=null, aux=null)
21:58:36.896 [docker-java-stream--2064336329] DEBUG com.github.dockerjava.zerodep.shaded.org.apache.hc.client5.http.wire - http-outgoing-3 << "be[\r][\n]"
21:58:36.896 [docker-java-stream--2064336329] DEBUG com.github.dockerjava.zerodep.shaded.org.apache.hc.client5.http.wire - http-outgoing-3 << "{"status":"Extracting","progressDetail":{"current":54591488,"total":108571409},"progress":"[=========================\u003e                         ]  54.59MB/108.6MB","id":"a35465a6a76a"}[\r][\n]"
21:58:36.896 [docker-java-stream--2064336329] DEBUG com.github.dockerjava.zerodep.shaded.org.apache.hc.client5.http.wire - http-outgoing-3 << "[\r][\n]"
21:58:36.897 [docker-java-stream--2064336329] DEBUG com.github.dockerjava.api.command.PullImageResultCallback - ResponseItem(stream=null, status=Extracting, progressDetail=ResponseItem.ProgressDetail(current=54591488, total=108571409, start=null), progress=[=========================>                         ]  54.59MB/108.6MB, id=a35465a6a76a, from=null, time=null, errorDetail=null, error=null, aux=null)
21:58:37.136 [docker-java-stream--2064336329] DEBUG com.github.dockerjava.zerodep.shaded.org.apache.hc.client5.http.wire - http-outgoing-3 << "be[\r][\n]"
21:58:37.136 [docker-java-stream--2064336329] DEBUG com.github.dockerjava.zerodep.shaded.org.apache.hc.client5.http.wire - http-outgoing-3 << "{"status":"Extracting","progressDetail":{"current":55148544,"total":108571409},"progress":"[=========================\u003e                         ]  55.15MB/108.6MB","id":"a35465a6a76a"}[\r][\n]"
21:58:37.224 [docker-java-stream--2064336329] DEBUG com.github.dockerjava.zerodep.shaded.org.apache.hc.client5.http.wire - http-outgoing-3 << "[\r][\n]"
21:58:37.251 [docker-java-stream--2064336329] DEBUG com.github.dockerjava.api.command.PullImageResultCallback - ResponseItem(stream=null, status=Extracting, progressDetail=ResponseItem.ProgressDetail(current=55148544, total=108571409, start=null), progress=[=========================>                         ]  55.15MB/108.6MB, id=a35465a6a76a, from=null, time=null, errorDetail=null, error=null, aux=null)
21:58:40.778 [docker-java-stream--2064336329] DEBUG com.github.dockerjava.zerodep.shaded.org.apache.hc.client5.http.wire - http-outgoing-3 << "be[\r][\n]"
21:58:40.778 [docker-java-stream--2064336329] DEBUG com.github.dockerjava.zerodep.shaded.org.apache.hc.client5.http.wire - http-outgoing-3 << "{"status":"Extracting","progressDetail":{"current":55705600,"total":108571409},"progress":"[=========================\u003e                         ]  55.71MB/108.6MB","id":"a35465a6a76a"}[\r][\n]"
21:58:40.778 [docker-java-stream--2064336329] DEBUG com.github.dockerjava.zerodep.shaded.org.apache.hc.client5.http.wire - http-outgoing-3 << "[\r][\n]"
21:58:40.780 [docker-java-stream--2064336329] DEBUG com.github.dockerjava.api.command.PullImageResultCallback - ResponseItem(stream=null, status=Extracting, progressDetail=ResponseItem.ProgressDetail(current=55705600, total=108571409, start=null), progress=[=========================>                         ]  55.71MB/108.6MB, id=a35465a6a76a, from=null, time=null, errorDetail=null, error=null, aux=null)
21:59:05.470 [docker-java-stream--2064336329] DEBUG com.github.dockerjava.zerodep.shaded.org.apache.hc.client5.http.wire - http-outgoing-3 << "be[\r][\n]"
21:59:05.470 [docker-java-stream--2064336329] DEBUG com.github.dockerjava.zerodep.shaded.org.apache.hc.client5.http.wire - http-outgoing-3 << "{"status":"Extracting","progressDetail":{"current":56262656,"total":108571409},"progress":"[=========================\u003e                         ]  56.26MB/108.6MB","id":"a35465a6a76a"}[\r][\n]"
21:59:05.470 [docker-java-stream--2064336329] DEBUG com.github.dockerjava.zerodep.shaded.org.apache.hc.client5.http.wire - http-outgoing-3 << "[\r][\n]"
21:59:05.471 [docker-java-stream--2064336329] DEBUG com.github.dockerjava.api.command.PullImageResultCallback - ResponseItem(stream=null, status=Extracting, progressDetail=ResponseItem.ProgressDetail(current=56262656, total=108571409, start=null), progress=[=========================>                         ]  56.26MB/108.6MB, id=a35465a6a76a, from=null, time=null, errorDetail=null, error=null, aux=null)
21:59:12.594 [docker-java-stream--2064336329] DEBUG com.github.dockerjava.zerodep.shaded.org.apache.hc.client5.http.wire - http-outgoing-3 << "be[\r][\n]"
21:59:12.594 [docker-java-stream--2064336329] DEBUG com.github.dockerjava.zerodep.shaded.org.apache.hc.client5.http.wire - http-outgoing-3 << "{"status":"Extracting","progressDetail":{"current":56819712,"total":108571409},"progress":"[==========================\u003e                        ]  56.82MB/108.6MB","id":"a35465a6a76a"}[\r][\n]"
21:59:12.595 [docker-java-stream--2064336329] DEBUG com.github.dockerjava.zerodep.shaded.org.apache.hc.client5.http.wire - http-outgoing-3 << "[\r][\n]"
21:59:12.596 [docker-java-stream--2064336329] DEBUG com.github.dockerjava.api.command.PullImageResultCallback - ResponseItem(stream=null, status=Extracting, progressDetail=ResponseItem.ProgressDetail(current=56819712, total=108571409, start=null), progress=[==========================>                        ]  56.82MB/108.6MB, id=a35465a6a76a, from=null, time=null, errorDetail=null, error=null, aux=null)
21:59:14.317 [docker-java-stream--2064336329] DEBUG com.github.dockerjava.zerodep.shaded.org.apache.hc.client5.http.wire - http-outgoing-3 << "be[\r][\n]"
21:59:14.317 [docker-java-stream--2064336329] DEBUG com.github.dockerjava.zerodep.shaded.org.apache.hc.client5.http.wire - http-outgoing-3 << "{"status":"Extracting","progressDetail":{"current":57376768,"total":108571409},"progress":"[==========================\u003e                        ]  57.38MB/108.6MB","id":"a35465a6a76a"}[\r][\n]"
21:59:14.317 [docker-java-stream--2064336329] DEBUG com.github.dockerjava.zerodep.shaded.org.apache.hc.client5.http.wire - http-outgoing-3 << "[\r][\n]"
21:59:14.319 [docker-java-stream--2064336329] DEBUG com.github.dockerjava.api.command.PullImageResultCallback - ResponseItem(stream=null, status=Extracting, progressDetail=ResponseItem.ProgressDetail(current=57376768, total=108571409, start=null), progress=[==========================>                        ]  57.38MB/108.6MB, id=a35465a6a76a, from=null, time=null, errorDetail=null, error=null, aux=null)
21:59:18.357 [docker-java-stream--2064336329] DEBUG com.github.dockerjava.zerodep.shaded.org.apache.hc.client5.http.wire - http-outgoing-3 << "be[\r][\n]"
21:59:18.357 [docker-java-stream--2064336329] DEBUG com.github.dockerjava.zerodep.shaded.org.apache.hc.client5.http.wire - http-outgoing-3 << "{"status":"Extracting","progressDetail":{"current":57933824,"total":108571409},"progress":"[==========================\u003e                        ]  57.93MB/108.6MB","id":"a35465a6a76a"}[\r][\n]"
21:59:18.357 [docker-java-stream--2064336329] DEBUG com.github.dockerjava.zerodep.shaded.org.apache.hc.client5.http.wire - http-outgoing-3 << "[\r][\n]"
21:59:18.387 [docker-java-stream--2064336329] DEBUG com.github.dockerjava.api.command.PullImageResultCallback - ResponseItem(stream=null, status=Extracting, progressDetail=ResponseItem.ProgressDetail(current=57933824, total=108571409, start=null), progress=[==========================>                        ]  57.93MB/108.6MB, id=a35465a6a76a, from=null, time=null, errorDetail=null, error=null, aux=null)
21:59:24.960 [docker-java-stream--2064336329] DEBUG com.github.dockerjava.zerodep.shaded.org.apache.hc.client5.http.wire - http-outgoing-3 << "be[\r][\n]"
21:59:24.960 [docker-java-stream--2064336329] DEBUG com.github.dockerjava.zerodep.shaded.org.apache.hc.client5.http.wire - http-outgoing-3 << "{"status":"Extracting","progressDetail":{"current":58490880,"total":108571409},"progress":"[==========================\u003e                        ]  58.49MB/108.6MB","id":"a35465a6a76a"}[\r][\n]"
21:59:24.960 [docker-java-stream--2064336329] DEBUG com.github.dockerjava.zerodep.shaded.org.apache.hc.client5.http.wire - http-outgoing-3 << "[\r][\n]"
21:59:24.961 [docker-java-stream--2064336329] DEBUG com.github.dockerjava.api.command.PullImageResultCallback - ResponseItem(stream=null, status=Extracting, progressDetail=ResponseItem.ProgressDetail(current=58490880, total=108571409, start=null), progress=[==========================>                        ]  58.49MB/108.6MB, id=a35465a6a76a, from=null, time=null, errorDetail=null, error=null, aux=null)
21:59:38.052 [docker-java-stream--2064336329] DEBUG com.github.dockerjava.zerodep.shaded.org.apache.hc.client5.http.wire - http-outgoing-3 << "be[\r][\n]"
21:59:38.052 [docker-java-stream--2064336329] DEBUG com.github.dockerjava.zerodep.shaded.org.apache.hc.client5.http.wire - http-outgoing-3 << "{"status":"Extracting","progressDetail":{"current":59047936,"total":108571409},"progress":"[===========================\u003e                       ]  59.05MB/108.6MB","id":"a35465a6a76a"}[\r][\n]"
21:59:38.110 [docker-java-stream--2064336329] DEBUG com.github.dockerjava.zerodep.shaded.org.apache.hc.client5.http.wire - http-outgoing-3 << "[\r][\n]"
21:59:38.110 [docker-java-stream--2064336329] DEBUG com.github.dockerjava.api.command.PullImageResultCallback - ResponseItem(stream=null, status=Extracting, progressDetail=ResponseItem.ProgressDetail(current=59047936, total=108571409, start=null), progress=[===========================>                       ]  59.05MB/108.6MB, id=a35465a6a76a, from=null, time=null, errorDetail=null, error=null, aux=null)
21:59:40.352 [docker-java-stream--2064336329] DEBUG com.github.dockerjava.zerodep.shaded.org.apache.hc.client5.http.wire - http-outgoing-3 << "be[\r][\n]"
21:59:40.352 [docker-java-stream--2064336329] DEBUG com.github.dockerjava.zerodep.shaded.org.apache.hc.client5.http.wire - http-outgoing-3 << "{"status":"Extracting","progressDetail":{"current":59604992,"total":108571409},"progress":"[===========================\u003e                       ]   59.6MB/108.6MB","id":"a35465a6a76a"}[\r][\n]"
21:59:40.352 [docker-java-stream--2064336329] DEBUG com.github.dockerjava.zerodep.shaded.org.apache.hc.client5.http.wire - http-outgoing-3 << "[\r][\n]"
21:59:40.352 [docker-java-stream--2064336329] DEBUG com.github.dockerjava.api.command.PullImageResultCallback - ResponseItem(stream=null, status=Extracting, progressDetail=ResponseItem.ProgressDetail(current=59604992, total=108571409, start=null), progress=[===========================>                       ]   59.6MB/108.6MB, id=a35465a6a76a, from=null, time=null, errorDetail=null, error=null, aux=null)
21:59:43.542 [docker-java-stream--2064336329] DEBUG com.github.dockerjava.zerodep.shaded.org.apache.hc.client5.http.wire - http-outgoing-3 << "be[\r][\n]"
21:59:43.542 [docker-java-stream--2064336329] DEBUG com.github.dockerjava.zerodep.shaded.org.apache.hc.client5.http.wire - http-outgoing-3 << "{"status":"Extracting","progressDetail":{"current":60162048,"total":108571409},"progress":"[===========================\u003e                       ]  60.16MB/108.6MB","id":"a35465a6a76a"}[\r][\n]"
21:59:43.542 [docker-java-stream--2064336329] DEBUG com.github.dockerjava.zerodep.shaded.org.apache.hc.client5.http.wire - http-outgoing-3 << "[\r][\n]"
21:59:43.542 [docker-java-stream--2064336329] DEBUG com.github.dockerjava.api.command.PullImageResultCallback - ResponseItem(stream=null, status=Extracting, progressDetail=ResponseItem.ProgressDetail(current=60162048, total=108571409, start=null), progress=[===========================>                       ]  60.16MB/108.6MB, id=a35465a6a76a, from=null, time=null, errorDetail=null, error=null, aux=null)
21:59:45.321 [docker-java-stream--2064336329] DEBUG com.github.dockerjava.zerodep.shaded.org.apache.hc.client5.http.wire - http-outgoing-3 << "be[\r][\n]"
21:59:45.321 [docker-java-stream--2064336329] DEBUG com.github.dockerjava.zerodep.shaded.org.apache.hc.client5.http.wire - http-outgoing-3 << "{"status":"Extracting","progressDetail":{"current":60719104,"total":108571409},"progress":"[===========================\u003e                       ]  60.72MB/108.6MB","id":"a35465a6a76a"}[\r][\n]"
21:59:45.321 [docker-java-stream--2064336329] DEBUG com.github.dockerjava.zerodep.shaded.org.apache.hc.client5.http.wire - http-outgoing-3 << "[\r][\n]"
21:59:45.321 [docker-java-stream--2064336329] DEBUG com.github.dockerjava.api.command.PullImageResultCallback - ResponseItem(stream=null, status=Extracting, progressDetail=ResponseItem.ProgressDetail(current=60719104, total=108571409, start=null), progress=[===========================>                       ]  60.72MB/108.6MB, id=a35465a6a76a, from=null, time=null, errorDetail=null, error=null, aux=null)
21:59:46.001 [docker-java-stream--2064336329] DEBUG com.github.dockerjava.zerodep.shaded.org.apache.hc.client5.http.wire - http-outgoing-3 << "be[\r][\n]"
21:59:46.001 [docker-java-stream--2064336329] DEBUG com.github.dockerjava.zerodep.shaded.org.apache.hc.client5.http.wire - http-outgoing-3 << "{"status":"Extracting","progressDetail":{"current":61276160,"total":108571409},"progress":"[============================\u003e                      ]  61.28MB/108.6MB","id":"a35465a6a76a"}[\r][\n]"
21:59:46.002 [docker-java-stream--2064336329] DEBUG com.github.dockerjava.zerodep.shaded.org.apache.hc.client5.http.wire - http-outgoing-3 << "[\r][\n]"
21:59:46.002 [docker-java-stream--2064336329] DEBUG com.github.dockerjava.api.command.PullImageResultCallback - ResponseItem(stream=null, status=Extracting, progressDetail=ResponseItem.ProgressDetail(current=61276160, total=108571409, start=null), progress=[============================>                      ]  61.28MB/108.6MB, id=a35465a6a76a, from=null, time=null, errorDetail=null, error=null, aux=null)
21:59:47.146 [docker-java-stream--2064336329] DEBUG com.github.dockerjava.zerodep.shaded.org.apache.hc.client5.http.wire - http-outgoing-3 << "be[\r][\n]"
21:59:47.146 [docker-java-stream--2064336329] DEBUG com.github.dockerjava.zerodep.shaded.org.apache.hc.client5.http.wire - http-outgoing-3 << "{"status":"Extracting","progressDetail":{"current":61833216,"total":108571409},"progress":"[============================\u003e                      ]  61.83MB/108.6MB","id":"a35465a6a76a"}[\r][\n]"
21:59:47.147 [docker-java-stream--2064336329] DEBUG com.github.dockerjava.zerodep.shaded.org.apache.hc.client5.http.wire - http-outgoing-3 << "[\r][\n]"
21:59:47.147 [docker-java-stream--2064336329] DEBUG com.github.dockerjava.api.command.PullImageResultCallback - ResponseItem(stream=null, status=Extracting, progressDetail=ResponseItem.ProgressDetail(current=61833216, total=108571409, start=null), progress=[============================>                      ]  61.83MB/108.6MB, id=a35465a6a76a, from=null, time=null, errorDetail=null, error=null, aux=null)
21:59:47.420 [docker-java-stream--2064336329] DEBUG com.github.dockerjava.zerodep.shaded.org.apache.hc.client5.http.wire - http-outgoing-3 << "be[\r][\n]"
21:59:47.420 [docker-java-stream--2064336329] DEBUG com.github.dockerjava.zerodep.shaded.org.apache.hc.client5.http.wire - http-outgoing-3 << "{"status":"Extracting","progressDetail":{"current":62390272,"total":108571409},"progress":"[============================\u003e                      ]  62.39MB/108.6MB","id":"a35465a6a76a"}[\r][\n]"
21:59:47.420 [docker-java-stream--2064336329] DEBUG com.github.dockerjava.zerodep.shaded.org.apache.hc.client5.http.wire - http-outgoing-3 << "[\r][\n]"
21:59:47.571 [docker-java-stream--2064336329] DEBUG com.github.dockerjava.api.command.PullImageResultCallback - ResponseItem(stream=null, status=Extracting, progressDetail=ResponseItem.ProgressDetail(current=62390272, total=108571409, start=null), progress=[============================>                      ]  62.39MB/108.6MB, id=a35465a6a76a, from=null, time=null, errorDetail=null, error=null, aux=null)
21:59:47.796 [docker-java-stream--2064336329] DEBUG com.github.dockerjava.zerodep.shaded.org.apache.hc.client5.http.wire - http-outgoing-3 << "be[\r][\n]"
21:59:47.796 [docker-java-stream--2064336329] DEBUG com.github.dockerjava.zerodep.shaded.org.apache.hc.client5.http.wire - http-outgoing-3 << "{"status":"Extracting","progressDetail":{"current":64618496,"total":108571409},"progress":"[=============================\u003e                     ]  64.62MB/108.6MB","id":"a35465a6a76a"}[\r][\n]"
21:59:47.796 [docker-java-stream--2064336329] DEBUG com.github.dockerjava.zerodep.shaded.org.apache.hc.client5.http.wire - http-outgoing-3 << "[\r][\n]"
21:59:47.796 [docker-java-stream--2064336329] DEBUG com.github.dockerjava.api.command.PullImageResultCallback - ResponseItem(stream=null, status=Extracting, progressDetail=ResponseItem.ProgressDetail(current=64618496, total=108571409, start=null), progress=[=============================>                     ]  64.62MB/108.6MB, id=a35465a6a76a, from=null, time=null, errorDetail=null, error=null, aux=null)
21:59:47.903 [docker-java-stream--2064336329] DEBUG com.github.dockerjava.zerodep.shaded.org.apache.hc.client5.http.wire - http-outgoing-3 << "be[\r][\n]"
21:59:47.903 [docker-java-stream--2064336329] DEBUG com.github.dockerjava.zerodep.shaded.org.apache.hc.client5.http.wire - http-outgoing-3 << "{"status":"Extracting","progressDetail":{"current":65732608,"total":108571409},"progress":"[==============================\u003e                    ]  65.73MB/108.6MB","id":"a35465a6a76a"}[\r][\n]"
21:59:47.903 [docker-java-stream--2064336329] DEBUG com.github.dockerjava.zerodep.shaded.org.apache.hc.client5.http.wire - http-outgoing-3 << "[\r][\n]"
21:59:47.903 [docker-java-stream--2064336329] DEBUG com.github.dockerjava.api.command.PullImageResultCallback - ResponseItem(stream=null, status=Extracting, progressDetail=ResponseItem.ProgressDetail(current=65732608, total=108571409, start=null), progress=[==============================>                    ]  65.73MB/108.6MB, id=a35465a6a76a, from=null, time=null, errorDetail=null, error=null, aux=null)
21:59:49.186 [docker-java-stream--2064336329] DEBUG com.github.dockerjava.zerodep.shaded.org.apache.hc.client5.http.wire - http-outgoing-3 << "be[\r][\n]"
21:59:49.186 [docker-java-stream--2064336329] DEBUG com.github.dockerjava.zerodep.shaded.org.apache.hc.client5.http.wire - http-outgoing-3 << "{"status":"Extracting","progressDetail":{"current":66289664,"total":108571409},"progress":"[==============================\u003e                    ]  66.29MB/108.6MB","id":"a35465a6a76a"}[\r][\n]"
21:59:49.187 [docker-java-stream--2064336329] DEBUG com.github.dockerjava.zerodep.shaded.org.apache.hc.client5.http.wire - http-outgoing-3 << "[\r][\n]"
21:59:49.187 [docker-java-stream--2064336329] DEBUG com.github.dockerjava.api.command.PullImageResultCallback - ResponseItem(stream=null, status=Extracting, progressDetail=ResponseItem.ProgressDetail(current=66289664, total=108571409, start=null), progress=[==============================>                    ]  66.29MB/108.6MB, id=a35465a6a76a, from=null, time=null, errorDetail=null, error=null, aux=null)
21:59:56.382 [docker-java-stream--2064336329] DEBUG com.github.dockerjava.zerodep.shaded.org.apache.hc.client5.http.wire - http-outgoing-3 << "be[\r][\n]"
21:59:56.383 [docker-java-stream--2064336329] DEBUG com.github.dockerjava.zerodep.shaded.org.apache.hc.client5.http.wire - http-outgoing-3 << "{"status":"Extracting","progressDetail":{"current":66846720,"total":108571409},"progress":"[==============================\u003e                    ]  66.85MB/108.6MB","id":"a35465a6a76a"}[\r][\n]"
21:59:56.383 [docker-java-stream--2064336329] DEBUG com.github.dockerjava.zerodep.shaded.org.apache.hc.client5.http.wire - http-outgoing-3 << "[\r][\n]"
21:59:56.383 [docker-java-stream--2064336329] DEBUG com.github.dockerjava.api.command.PullImageResultCallback - ResponseItem(stream=null, status=Extracting, progressDetail=ResponseItem.ProgressDetail(current=66846720, total=108571409, start=null), progress=[==============================>                    ]  66.85MB/108.6MB, id=a35465a6a76a, from=null, time=null, errorDetail=null, error=null, aux=null)
22:00:00.501 [docker-java-stream--2064336329] DEBUG com.github.dockerjava.zerodep.shaded.org.apache.hc.client5.http.wire - http-outgoing-3 << "be[\r][\n]"
22:00:00.501 [docker-java-stream--2064336329] DEBUG com.github.dockerjava.zerodep.shaded.org.apache.hc.client5.http.wire - http-outgoing-3 << "{"status":"Extracting","progressDetail":{"current":67403776,"total":108571409},"progress":"[===============================\u003e                   ]   67.4MB/108.6MB","id":"a35465a6a76a"}[\r][\n]"
22:00:00.501 [docker-java-stream--2064336329] DEBUG com.github.dockerjava.zerodep.shaded.org.apache.hc.client5.http.wire - http-outgoing-3 << "[\r][\n]"
22:00:00.501 [docker-java-stream--2064336329] DEBUG com.github.dockerjava.api.command.PullImageResultCallback - ResponseItem(stream=null, status=Extracting, progressDetail=ResponseItem.ProgressDetail(current=67403776, total=108571409, start=null), progress=[===============================>                   ]   67.4MB/108.6MB, id=a35465a6a76a, from=null, time=null, errorDetail=null, error=null, aux=null)
22:00:02.260 [docker-java-stream--2064336329] DEBUG com.github.dockerjava.zerodep.shaded.org.apache.hc.client5.http.wire - http-outgoing-3 << "be[\r][\n]"
22:00:02.260 [docker-java-stream--2064336329] DEBUG com.github.dockerjava.zerodep.shaded.org.apache.hc.client5.http.wire - http-outgoing-3 << "{"status":"Extracting","progressDetail":{"current":67960832,"total":108571409},"progress":"[===============================\u003e                   ]  67.96MB/108.6MB","id":"a35465a6a76a"}[\r][\n]"
22:00:02.260 [docker-java-stream--2064336329] DEBUG com.github.dockerjava.zerodep.shaded.org.apache.hc.client5.http.wire - http-outgoing-3 << "[\r][\n]"
22:00:02.260 [docker-java-stream--2064336329] DEBUG com.github.dockerjava.api.command.PullImageResultCallback - ResponseItem(stream=null, status=Extracting, progressDetail=ResponseItem.ProgressDetail(current=67960832, total=108571409, start=null), progress=[===============================>                   ]  67.96MB/108.6MB, id=a35465a6a76a, from=null, time=null, errorDetail=null, error=null, aux=null)
22:00:04.524 [docker-java-stream--2064336329] DEBUG com.github.dockerjava.zerodep.shaded.org.apache.hc.client5.http.wire - http-outgoing-3 << "be[\r][\n]"
22:00:04.524 [docker-java-stream--2064336329] DEBUG com.github.dockerjava.zerodep.shaded.org.apache.hc.client5.http.wire - http-outgoing-3 << "{"status":"Extracting","progressDetail":{"current":68517888,"total":108571409},"progress":"[===============================\u003e                   ]  68.52MB/108.6MB","id":"a35465a6a76a"}[\r][\n]"
22:00:04.524 [docker-java-stream--2064336329] DEBUG com.github.dockerjava.zerodep.shaded.org.apache.hc.client5.http.wire - http-outgoing-3 << "[\r][\n]"
22:00:04.524 [docker-java-stream--2064336329] DEBUG com.github.dockerjava.api.command.PullImageResultCallback - ResponseItem(stream=null, status=Extracting, progressDetail=ResponseItem.ProgressDetail(current=68517888, total=108571409, start=null), progress=[===============================>                   ]  68.52MB/108.6MB, id=a35465a6a76a, from=null, time=null, errorDetail=null, error=null, aux=null)
22:00:06.755 [docker-java-stream--2064336329] DEBUG com.github.dockerjava.zerodep.shaded.org.apache.hc.client5.http.wire - http-outgoing-3 << "be[\r][\n]"
22:00:06.755 [docker-java-stream--2064336329] DEBUG com.github.dockerjava.zerodep.shaded.org.apache.hc.client5.http.wire - http-outgoing-3 << "{"status":"Extracting","progressDetail":{"current":69074944,"total":108571409},"progress":"[===============================\u003e                   ]  69.07MB/108.6MB","id":"a35465a6a76a"}[\r][\n]"
22:00:06.755 [docker-java-stream--2064336329] DEBUG com.github.dockerjava.zerodep.shaded.org.apache.hc.client5.http.wire - http-outgoing-3 << "[\r][\n]"
22:00:06.756 [docker-java-stream--2064336329] DEBUG com.github.dockerjava.api.command.PullImageResultCallback - ResponseItem(stream=null, status=Extracting, progressDetail=ResponseItem.ProgressDetail(current=69074944, total=108571409, start=null), progress=[===============================>                   ]  69.07MB/108.6MB, id=a35465a6a76a, from=null, time=null, errorDetail=null, error=null, aux=null)
22:00:11.195 [docker-java-stream--2064336329] DEBUG com.github.dockerjava.zerodep.shaded.org.apache.hc.client5.http.wire - http-outgoing-3 << "be[\r][\n]"
22:00:11.195 [docker-java-stream--2064336329] DEBUG com.github.dockerjava.zerodep.shaded.org.apache.hc.client5.http.wire - http-outgoing-3 << "{"status":"Extracting","progressDetail":{"current":69632000,"total":108571409},"progress":"[================================\u003e                  ]  69.63MB/108.6MB","id":"a35465a6a76a"}[\r][\n]"
22:00:11.195 [docker-java-stream--2064336329] DEBUG com.github.dockerjava.zerodep.shaded.org.apache.hc.client5.http.wire - http-outgoing-3 << "[\r][\n]"
22:00:11.195 [docker-java-stream--2064336329] DEBUG com.github.dockerjava.api.command.PullImageResultCallback - ResponseItem(stream=null, status=Extracting, progressDetail=ResponseItem.ProgressDetail(current=69632000, total=108571409, start=null), progress=[================================>                  ]  69.63MB/108.6MB, id=a35465a6a76a, from=null, time=null, errorDetail=null, error=null, aux=null)
22:00:13.483 [docker-java-stream--2064336329] DEBUG com.github.dockerjava.zerodep.shaded.org.apache.hc.client5.http.wire - http-outgoing-3 << "be[\r][\n]"
22:00:13.483 [docker-java-stream--2064336329] DEBUG com.github.dockerjava.zerodep.shaded.org.apache.hc.client5.http.wire - http-outgoing-3 << "{"status":"Extracting","progressDetail":{"current":70189056,"total":108571409},"progress":"[================================\u003e                  ]  70.19MB/108.6MB","id":"a35465a6a76a"}[\r][\n]"
22:00:13.483 [docker-java-stream--2064336329] DEBUG com.github.dockerjava.zerodep.shaded.org.apache.hc.client5.http.wire - http-outgoing-3 << "[\r][\n]"
22:00:13.483 [docker-java-stream--2064336329] DEBUG com.github.dockerjava.api.command.PullImageResultCallback - ResponseItem(stream=null, status=Extracting, progressDetail=ResponseItem.ProgressDetail(current=70189056, total=108571409, start=null), progress=[================================>                  ]  70.19MB/108.6MB, id=a35465a6a76a, from=null, time=null, errorDetail=null, error=null, aux=null)
22:00:14.428 [docker-java-stream--2064336329] DEBUG com.github.dockerjava.zerodep.shaded.org.apache.hc.client5.http.wire - http-outgoing-3 << "be[\r][\n]"
22:00:14.428 [docker-java-stream--2064336329] DEBUG com.github.dockerjava.zerodep.shaded.org.apache.hc.client5.http.wire - http-outgoing-3 << "{"status":"Extracting","progressDetail":{"current":70746112,"total":108571409},"progress":"[================================\u003e                  ]  70.75MB/108.6MB","id":"a35465a6a76a"}[\r][\n]"
22:00:14.428 [docker-java-stream--2064336329] DEBUG com.github.dockerjava.zerodep.shaded.org.apache.hc.client5.http.wire - http-outgoing-3 << "[\r][\n]"
22:00:14.428 [docker-java-stream--2064336329] DEBUG com.github.dockerjava.api.command.PullImageResultCallback - ResponseItem(stream=null, status=Extracting, progressDetail=ResponseItem.ProgressDetail(current=70746112, total=108571409, start=null), progress=[================================>                  ]  70.75MB/108.6MB, id=a35465a6a76a, from=null, time=null, errorDetail=null, error=null, aux=null)
22:00:15.567 [docker-java-stream--2064336329] DEBUG com.github.dockerjava.zerodep.shaded.org.apache.hc.client5.http.wire - http-outgoing-3 << "be[\r][\n]"
22:00:15.567 [docker-java-stream--2064336329] DEBUG com.github.dockerjava.zerodep.shaded.org.apache.hc.client5.http.wire - http-outgoing-3 << "{"status":"Extracting","progressDetail":{"current":71303168,"total":108571409},"progress":"[================================\u003e                  ]   71.3MB/108.6MB","id":"a35465a6a76a"}[\r][\n]"
22:00:15.567 [docker-java-stream--2064336329] DEBUG com.github.dockerjava.zerodep.shaded.org.apache.hc.client5.http.wire - http-outgoing-3 << "[\r][\n]"
22:00:15.569 [docker-java-stream--2064336329] DEBUG com.github.dockerjava.api.command.PullImageResultCallback - ResponseItem(stream=null, status=Extracting, progressDetail=ResponseItem.ProgressDetail(current=71303168, total=108571409, start=null), progress=[================================>                  ]   71.3MB/108.6MB, id=a35465a6a76a, from=null, time=null, errorDetail=null, error=null, aux=null)
22:00:23.716 [docker-java-stream--2064336329] DEBUG com.github.dockerjava.zerodep.shaded.org.apache.hc.client5.http.wire - http-outgoing-3 << "be[\r][\n]"
22:00:23.716 [docker-java-stream--2064336329] DEBUG com.github.dockerjava.zerodep.shaded.org.apache.hc.client5.http.wire - http-outgoing-3 << "{"status":"Extracting","progressDetail":{"current":71860224,"total":108571409},"progress":"[=================================\u003e                 ]  71.86MB/108.6MB","id":"a35465a6a76a"}[\r][\n]"
22:00:23.716 [docker-java-stream--2064336329] DEBUG com.github.dockerjava.zerodep.shaded.org.apache.hc.client5.http.wire - http-outgoing-3 << "[\r][\n]"
22:00:23.717 [docker-java-stream--2064336329] DEBUG com.github.dockerjava.api.command.PullImageResultCallback - ResponseItem(stream=null, status=Extracting, progressDetail=ResponseItem.ProgressDetail(current=71860224, total=108571409, start=null), progress=[=================================>                 ]  71.86MB/108.6MB, id=a35465a6a76a, from=null, time=null, errorDetail=null, error=null, aux=null)
22:00:27.952 [docker-java-stream--2064336329] DEBUG com.github.dockerjava.zerodep.shaded.org.apache.hc.client5.http.wire - http-outgoing-3 << "be[\r][\n]"
22:00:27.952 [docker-java-stream--2064336329] DEBUG com.github.dockerjava.zerodep.shaded.org.apache.hc.client5.http.wire - http-outgoing-3 << "{"status":"Extracting","progressDetail":{"current":72417280,"total":108571409},"progress":"[=================================\u003e                 ]  72.42MB/108.6MB","id":"a35465a6a76a"}[\r][\n]"
22:00:27.952 [docker-java-stream--2064336329] DEBUG com.github.dockerjava.zerodep.shaded.org.apache.hc.client5.http.wire - http-outgoing-3 << "[\r][\n]"
22:00:27.952 [docker-java-stream--2064336329] DEBUG com.github.dockerjava.api.command.PullImageResultCallback - ResponseItem(stream=null, status=Extracting, progressDetail=ResponseItem.ProgressDetail(current=72417280, total=108571409, start=null), progress=[=================================>                 ]  72.42MB/108.6MB, id=a35465a6a76a, from=null, time=null, errorDetail=null, error=null, aux=null)
22:00:29.217 [docker-java-stream--2064336329] DEBUG com.github.dockerjava.zerodep.shaded.org.apache.hc.client5.http.wire - http-outgoing-3 << "be[\r][\n]"
22:00:29.217 [docker-java-stream--2064336329] DEBUG com.github.dockerjava.zerodep.shaded.org.apache.hc.client5.http.wire - http-outgoing-3 << "{"status":"Extracting","progressDetail":{"current":72974336,"total":108571409},"progress":"[=================================\u003e                 ]  72.97MB/108.6MB","id":"a35465a6a76a"}[\r][\n]"
22:00:29.217 [docker-java-stream--2064336329] DEBUG com.github.dockerjava.zerodep.shaded.org.apache.hc.client5.http.wire - http-outgoing-3 << "[\r][\n]"
22:00:29.218 [docker-java-stream--2064336329] DEBUG com.github.dockerjava.api.command.PullImageResultCallback - ResponseItem(stream=null, status=Extracting, progressDetail=ResponseItem.ProgressDetail(current=72974336, total=108571409, start=null), progress=[=================================>                 ]  72.97MB/108.6MB, id=a35465a6a76a, from=null, time=null, errorDetail=null, error=null, aux=null)
22:00:31.748 [docker-java-stream--2064336329] DEBUG com.github.dockerjava.zerodep.shaded.org.apache.hc.client5.http.wire - http-outgoing-3 << "be[\r][\n]"
22:00:31.748 [docker-java-stream--2064336329] DEBUG com.github.dockerjava.zerodep.shaded.org.apache.hc.client5.http.wire - http-outgoing-3 << "{"status":"Extracting","progressDetail":{"current":73531392,"total":108571409},"progress":"[=================================\u003e                 ]  73.53MB/108.6MB","id":"a35465a6a76a"}[\r][\n]"
22:00:31.748 [docker-java-stream--2064336329] DEBUG com.github.dockerjava.zerodep.shaded.org.apache.hc.client5.http.wire - http-outgoing-3 << "[\r][\n]"
22:00:31.748 [docker-java-stream--2064336329] DEBUG com.github.dockerjava.api.command.PullImageResultCallback - ResponseItem(stream=null, status=Extracting, progressDetail=ResponseItem.ProgressDetail(current=73531392, total=108571409, start=null), progress=[=================================>                 ]  73.53MB/108.6MB, id=a35465a6a76a, from=null, time=null, errorDetail=null, error=null, aux=null)
22:00:34.456 [docker-java-stream--2064336329] DEBUG com.github.dockerjava.zerodep.shaded.org.apache.hc.client5.http.wire - http-outgoing-3 << "be[\r][\n]"
22:00:34.456 [docker-java-stream--2064336329] DEBUG com.github.dockerjava.zerodep.shaded.org.apache.hc.client5.http.wire - http-outgoing-3 << "{"status":"Extracting","progressDetail":{"current":74088448,"total":108571409},"progress":"[==================================\u003e                ]  74.09MB/108.6MB","id":"a35465a6a76a"}[\r][\n]"
22:00:34.456 [docker-java-stream--2064336329] DEBUG com.github.dockerjava.zerodep.shaded.org.apache.hc.client5.http.wire - http-outgoing-3 << "[\r][\n]"
22:00:34.457 [docker-java-stream--2064336329] DEBUG com.github.dockerjava.api.command.PullImageResultCallback - ResponseItem(stream=null, status=Extracting, progressDetail=ResponseItem.ProgressDetail(current=74088448, total=108571409, start=null), progress=[==================================>                ]  74.09MB/108.6MB, id=a35465a6a76a, from=null, time=null, errorDetail=null, error=null, aux=null)
22:00:35.428 [docker-java-stream--2064336329] DEBUG com.github.dockerjava.zerodep.shaded.org.apache.hc.client5.http.wire - http-outgoing-3 << "be[\r][\n]"
22:00:35.428 [docker-java-stream--2064336329] DEBUG com.github.dockerjava.zerodep.shaded.org.apache.hc.client5.http.wire - http-outgoing-3 << "{"status":"Extracting","progressDetail":{"current":74645504,"total":108571409},"progress":"[==================================\u003e                ]  74.65MB/108.6MB","id":"a35465a6a76a"}[\r][\n]"
22:00:35.428 [docker-java-stream--2064336329] DEBUG com.github.dockerjava.zerodep.shaded.org.apache.hc.client5.http.wire - http-outgoing-3 << "[\r][\n]"
22:00:35.428 [docker-java-stream--2064336329] DEBUG com.github.dockerjava.api.command.PullImageResultCallback - ResponseItem(stream=null, status=Extracting, progressDetail=ResponseItem.ProgressDetail(current=74645504, total=108571409, start=null), progress=[==================================>                ]  74.65MB/108.6MB, id=a35465a6a76a, from=null, time=null, errorDetail=null, error=null, aux=null)
22:00:36.502 [docker-java-stream--2064336329] DEBUG com.github.dockerjava.zerodep.shaded.org.apache.hc.client5.http.wire - http-outgoing-3 << "be[\r][\n]"
22:00:36.502 [docker-java-stream--2064336329] DEBUG com.github.dockerjava.zerodep.shaded.org.apache.hc.client5.http.wire - http-outgoing-3 << "{"status":"Extracting","progressDetail":{"current":75202560,"total":108571409},"progress":"[==================================\u003e                ]   75.2MB/108.6MB","id":"a35465a6a76a"}[\r][\n]"
22:00:36.502 [docker-java-stream--2064336329] DEBUG com.github.dockerjava.zerodep.shaded.org.apache.hc.client5.http.wire - http-outgoing-3 << "[\r][\n]"
22:00:36.502 [docker-java-stream--2064336329] DEBUG com.github.dockerjava.api.command.PullImageResultCallback - ResponseItem(stream=null, status=Extracting, progressDetail=ResponseItem.ProgressDetail(current=75202560, total=108571409, start=null), progress=[==================================>                ]   75.2MB/108.6MB, id=a35465a6a76a, from=null, time=null, errorDetail=null, error=null, aux=null)
22:00:36.776 [docker-java-stream--2064336329] DEBUG com.github.dockerjava.zerodep.shaded.org.apache.hc.client5.http.wire - http-outgoing-3 << "be[\r][\n]"
22:00:36.777 [docker-java-stream--2064336329] DEBUG com.github.dockerjava.zerodep.shaded.org.apache.hc.client5.http.wire - http-outgoing-3 << "{"status":"Extracting","progressDetail":{"current":75759616,"total":108571409},"progress":"[==================================\u003e                ]  75.76MB/108.6MB","id":"a35465a6a76a"}[\r][\n]"
22:00:36.777 [docker-java-stream--2064336329] DEBUG com.github.dockerjava.zerodep.shaded.org.apache.hc.client5.http.wire - http-outgoing-3 << "[\r][\n]"
22:00:36.777 [docker-java-stream--2064336329] DEBUG com.github.dockerjava.api.command.PullImageResultCallback - ResponseItem(stream=null, status=Extracting, progressDetail=ResponseItem.ProgressDetail(current=75759616, total=108571409, start=null), progress=[==================================>                ]  75.76MB/108.6MB, id=a35465a6a76a, from=null, time=null, errorDetail=null, error=null, aux=null)
22:00:38.013 [docker-java-stream--2064336329] DEBUG com.github.dockerjava.zerodep.shaded.org.apache.hc.client5.http.wire - http-outgoing-3 << "be[\r][\n]"
22:00:38.013 [docker-java-stream--2064336329] DEBUG com.github.dockerjava.zerodep.shaded.org.apache.hc.client5.http.wire - http-outgoing-3 << "{"status":"Extracting","progressDetail":{"current":76316672,"total":108571409},"progress":"[===================================\u003e               ]  76.32MB/108.6MB","id":"a35465a6a76a"}[\r][\n]"
22:00:38.013 [docker-java-stream--2064336329] DEBUG com.github.dockerjava.zerodep.shaded.org.apache.hc.client5.http.wire - http-outgoing-3 << "[\r][\n]"
22:00:38.014 [docker-java-stream--2064336329] DEBUG com.github.dockerjava.api.command.PullImageResultCallback - ResponseItem(stream=null, status=Extracting, progressDetail=ResponseItem.ProgressDetail(current=76316672, total=108571409, start=null), progress=[===================================>               ]  76.32MB/108.6MB, id=a35465a6a76a, from=null, time=null, errorDetail=null, error=null, aux=null)
22:00:38.651 [docker-java-stream--2064336329] DEBUG com.github.dockerjava.zerodep.shaded.org.apache.hc.client5.http.wire - http-outgoing-3 << "be[\r][\n]"
22:00:38.651 [docker-java-stream--2064336329] DEBUG com.github.dockerjava.zerodep.shaded.org.apache.hc.client5.http.wire - http-outgoing-3 << "{"status":"Extracting","progressDetail":{"current":76873728,"total":108571409},"progress":"[===================================\u003e               ]  76.87MB/108.6MB","id":"a35465a6a76a"}[\r][\n]"
22:00:38.651 [docker-java-stream--2064336329] DEBUG com.github.dockerjava.zerodep.shaded.org.apache.hc.client5.http.wire - http-outgoing-3 << "[\r][\n]"
22:00:38.651 [docker-java-stream--2064336329] DEBUG com.github.dockerjava.api.command.PullImageResultCallback - ResponseItem(stream=null, status=Extracting, progressDetail=ResponseItem.ProgressDetail(current=76873728, total=108571409, start=null), progress=[===================================>               ]  76.87MB/108.6MB, id=a35465a6a76a, from=null, time=null, errorDetail=null, error=null, aux=null)
22:00:39.991 [docker-java-stream--2064336329] DEBUG com.github.dockerjava.zerodep.shaded.org.apache.hc.client5.http.wire - http-outgoing-3 << "be[\r][\n]"
22:00:39.991 [docker-java-stream--2064336329] DEBUG com.github.dockerjava.zerodep.shaded.org.apache.hc.client5.http.wire - http-outgoing-3 << "{"status":"Extracting","progressDetail":{"current":77430784,"total":108571409},"progress":"[===================================\u003e               ]  77.43MB/108.6MB","id":"a35465a6a76a"}[\r][\n]"
22:00:39.991 [docker-java-stream--2064336329] DEBUG com.github.dockerjava.zerodep.shaded.org.apache.hc.client5.http.wire - http-outgoing-3 << "[\r][\n]"
22:00:39.991 [docker-java-stream--2064336329] DEBUG com.github.dockerjava.api.command.PullImageResultCallback - ResponseItem(stream=null, status=Extracting, progressDetail=ResponseItem.ProgressDetail(current=77430784, total=108571409, start=null), progress=[===================================>               ]  77.43MB/108.6MB, id=a35465a6a76a, from=null, time=null, errorDetail=null, error=null, aux=null)
22:00:40.682 [docker-java-stream--2064336329] DEBUG com.github.dockerjava.zerodep.shaded.org.apache.hc.client5.http.wire - http-outgoing-3 << "be[\r][\n]"
22:00:40.682 [docker-java-stream--2064336329] DEBUG com.github.dockerjava.zerodep.shaded.org.apache.hc.client5.http.wire - http-outgoing-3 << "{"status":"Extracting","progressDetail":{"current":77987840,"total":108571409},"progress":"[===================================\u003e               ]  77.99MB/108.6MB","id":"a35465a6a76a"}[\r][\n]"
22:00:40.682 [docker-java-stream--2064336329] DEBUG com.github.dockerjava.zerodep.shaded.org.apache.hc.client5.http.wire - http-outgoing-3 << "[\r][\n]"
22:00:40.682 [docker-java-stream--2064336329] DEBUG com.github.dockerjava.api.command.PullImageResultCallback - ResponseItem(stream=null, status=Extracting, progressDetail=ResponseItem.ProgressDetail(current=77987840, total=108571409, start=null), progress=[===================================>               ]  77.99MB/108.6MB, id=a35465a6a76a, from=null, time=null, errorDetail=null, error=null, aux=null)
22:00:41.097 [docker-java-stream--2064336329] DEBUG com.github.dockerjava.zerodep.shaded.org.apache.hc.client5.http.wire - http-outgoing-3 << "be[\r][\n]"
22:00:41.098 [docker-java-stream--2064336329] DEBUG com.github.dockerjava.zerodep.shaded.org.apache.hc.client5.http.wire - http-outgoing-3 << "{"status":"Extracting","progressDetail":{"current":78544896,"total":108571409},"progress":"[====================================\u003e              ]  78.54MB/108.6MB","id":"a35465a6a76a"}[\r][\n]"
22:00:41.098 [docker-java-stream--2064336329] DEBUG com.github.dockerjava.zerodep.shaded.org.apache.hc.client5.http.wire - http-outgoing-3 << "[\r][\n]"
22:00:41.099 [docker-java-stream--2064336329] DEBUG com.github.dockerjava.api.command.PullImageResultCallback - ResponseItem(stream=null, status=Extracting, progressDetail=ResponseItem.ProgressDetail(current=78544896, total=108571409, start=null), progress=[====================================>              ]  78.54MB/108.6MB, id=a35465a6a76a, from=null, time=null, errorDetail=null, error=null, aux=null)
22:00:41.795 [docker-java-stream--2064336329] DEBUG com.github.dockerjava.zerodep.shaded.org.apache.hc.client5.http.wire - http-outgoing-3 << "be[\r][\n]"
22:00:41.795 [docker-java-stream--2064336329] DEBUG com.github.dockerjava.zerodep.shaded.org.apache.hc.client5.http.wire - http-outgoing-3 << "{"status":"Extracting","progressDetail":{"current":79101952,"total":108571409},"progress":"[====================================\u003e              ]   79.1MB/108.6MB","id":"a35465a6a76a"}[\r][\n]"
22:00:41.795 [docker-java-stream--2064336329] DEBUG com.github.dockerjava.zerodep.shaded.org.apache.hc.client5.http.wire - http-outgoing-3 << "[\r][\n]"
22:00:41.796 [docker-java-stream--2064336329] DEBUG com.github.dockerjava.api.command.PullImageResultCallback - ResponseItem(stream=null, status=Extracting, progressDetail=ResponseItem.ProgressDetail(current=79101952, total=108571409, start=null), progress=[====================================>              ]   79.1MB/108.6MB, id=a35465a6a76a, from=null, time=null, errorDetail=null, error=null, aux=null)
22:00:41.966 [docker-java-stream--2064336329] DEBUG com.github.dockerjava.zerodep.shaded.org.apache.hc.client5.http.wire - http-outgoing-3 << "be[\r][\n]"
22:00:41.966 [docker-java-stream--2064336329] DEBUG com.github.dockerjava.zerodep.shaded.org.apache.hc.client5.http.wire - http-outgoing-3 << "{"status":"Extracting","progressDetail":{"current":81887232,"total":108571409},"progress":"[=====================================\u003e             ]  81.89MB/108.6MB","id":"a35465a6a76a"}[\r][\n]"
22:00:41.967 [docker-java-stream--2064336329] DEBUG com.github.dockerjava.zerodep.shaded.org.apache.hc.client5.http.wire - http-outgoing-3 << "[\r][\n]"
22:00:41.967 [docker-java-stream--2064336329] DEBUG com.github.dockerjava.api.command.PullImageResultCallback - ResponseItem(stream=null, status=Extracting, progressDetail=ResponseItem.ProgressDetail(current=81887232, total=108571409, start=null), progress=[=====================================>             ]  81.89MB/108.6MB, id=a35465a6a76a, from=null, time=null, errorDetail=null, error=null, aux=null)
22:00:42.094 [docker-java-stream--2064336329] DEBUG com.github.dockerjava.zerodep.shaded.org.apache.hc.client5.http.wire - http-outgoing-3 << "be[\r][\n]"
22:00:42.094 [docker-java-stream--2064336329] DEBUG com.github.dockerjava.zerodep.shaded.org.apache.hc.client5.http.wire - http-outgoing-3 << "{"status":"Extracting","progressDetail":{"current":83001344,"total":108571409},"progress":"[======================================\u003e            ]     83MB/108.6MB","id":"a35465a6a76a"}[\r][\n]"
22:00:42.094 [docker-java-stream--2064336329] DEBUG com.github.dockerjava.zerodep.shaded.org.apache.hc.client5.http.wire - http-outgoing-3 << "[\r][\n]"
22:00:42.094 [docker-java-stream--2064336329] DEBUG com.github.dockerjava.api.command.PullImageResultCallback - ResponseItem(stream=null, status=Extracting, progressDetail=ResponseItem.ProgressDetail(current=83001344, total=108571409, start=null), progress=[======================================>            ]     83MB/108.6MB, id=a35465a6a76a, from=null, time=null, errorDetail=null, error=null, aux=null)
22:00:45.068 [docker-java-stream--2064336329] DEBUG com.github.dockerjava.zerodep.shaded.org.apache.hc.client5.http.wire - http-outgoing-3 << "be[\r][\n]"
22:00:45.068 [docker-java-stream--2064336329] DEBUG com.github.dockerjava.zerodep.shaded.org.apache.hc.client5.http.wire - http-outgoing-3 << "{"status":"Extracting","progressDetail":{"current":83558400,"total":108571409},"progress":"[======================================\u003e            ]  83.56MB/108.6MB","id":"a35465a6a76a"}[\r][\n]"
22:00:45.068 [docker-java-stream--2064336329] DEBUG com.github.dockerjava.zerodep.shaded.org.apache.hc.client5.http.wire - http-outgoing-3 << "[\r][\n]"
22:00:45.068 [docker-java-stream--2064336329] DEBUG com.github.dockerjava.api.command.PullImageResultCallback - ResponseItem(stream=null, status=Extracting, progressDetail=ResponseItem.ProgressDetail(current=83558400, total=108571409, start=null), progress=[======================================>            ]  83.56MB/108.6MB, id=a35465a6a76a, from=null, time=null, errorDetail=null, error=null, aux=null)
22:00:55.533 [docker-java-stream--2064336329] DEBUG com.github.dockerjava.zerodep.shaded.org.apache.hc.client5.http.wire - http-outgoing-3 << "be[\r][\n]"
22:00:55.533 [docker-java-stream--2064336329] DEBUG com.github.dockerjava.zerodep.shaded.org.apache.hc.client5.http.wire - http-outgoing-3 << "{"status":"Extracting","progressDetail":{"current":84115456,"total":108571409},"progress":"[======================================\u003e            ]  84.12MB/108.6MB","id":"a35465a6a76a"}[\r][\n]"
22:00:55.533 [docker-java-stream--2064336329] DEBUG com.github.dockerjava.zerodep.shaded.org.apache.hc.client5.http.wire - http-outgoing-3 << "[\r][\n]"
22:00:55.534 [docker-java-stream--2064336329] DEBUG com.github.dockerjava.api.command.PullImageResultCallback - ResponseItem(stream=null, status=Extracting, progressDetail=ResponseItem.ProgressDetail(current=84115456, total=108571409, start=null), progress=[======================================>            ]  84.12MB/108.6MB, id=a35465a6a76a, from=null, time=null, errorDetail=null, error=null, aux=null)
22:01:03.089 [docker-java-stream--2064336329] DEBUG com.github.dockerjava.zerodep.shaded.org.apache.hc.client5.http.wire - http-outgoing-3 << "be[\r][\n]"
22:01:03.089 [docker-java-stream--2064336329] DEBUG com.github.dockerjava.zerodep.shaded.org.apache.hc.client5.http.wire - http-outgoing-3 << "{"status":"Extracting","progressDetail":{"current":84672512,"total":108571409},"progress":"[======================================\u003e            ]  84.67MB/108.6MB","id":"a35465a6a76a"}[\r][\n]"
22:01:03.089 [docker-java-stream--2064336329] DEBUG com.github.dockerjava.zerodep.shaded.org.apache.hc.client5.http.wire - http-outgoing-3 << "[\r][\n]"
22:01:03.090 [docker-java-stream--2064336329] DEBUG com.github.dockerjava.api.command.PullImageResultCallback - ResponseItem(stream=null, status=Extracting, progressDetail=ResponseItem.ProgressDetail(current=84672512, total=108571409, start=null), progress=[======================================>            ]  84.67MB/108.6MB, id=a35465a6a76a, from=null, time=null, errorDetail=null, error=null, aux=null)
22:01:05.348 [docker-java-stream--2064336329] DEBUG com.github.dockerjava.zerodep.shaded.org.apache.hc.client5.http.wire - http-outgoing-3 << "be[\r][\n]"
22:01:05.348 [docker-java-stream--2064336329] DEBUG com.github.dockerjava.zerodep.shaded.org.apache.hc.client5.http.wire - http-outgoing-3 << "{"status":"Extracting","progressDetail":{"current":85229568,"total":108571409},"progress":"[=======================================\u003e           ]  85.23MB/108.6MB","id":"a35465a6a76a"}[\r][\n]"
22:01:05.348 [docker-java-stream--2064336329] DEBUG com.github.dockerjava.zerodep.shaded.org.apache.hc.client5.http.wire - http-outgoing-3 << "[\r][\n]"
22:01:05.348 [docker-java-stream--2064336329] DEBUG com.github.dockerjava.api.command.PullImageResultCallback - ResponseItem(stream=null, status=Extracting, progressDetail=ResponseItem.ProgressDetail(current=85229568, total=108571409, start=null), progress=[=======================================>           ]  85.23MB/108.6MB, id=a35465a6a76a, from=null, time=null, errorDetail=null, error=null, aux=null)
22:01:06.171 [docker-java-stream--2064336329] DEBUG com.github.dockerjava.zerodep.shaded.org.apache.hc.client5.http.wire - http-outgoing-3 << "be[\r][\n]"
22:01:06.171 [docker-java-stream--2064336329] DEBUG com.github.dockerjava.zerodep.shaded.org.apache.hc.client5.http.wire - http-outgoing-3 << "{"status":"Extracting","progressDetail":{"current":85786624,"total":108571409},"progress":"[=======================================\u003e           ]  85.79MB/108.6MB","id":"a35465a6a76a"}[\r][\n]"
22:01:06.171 [docker-java-stream--2064336329] DEBUG com.github.dockerjava.zerodep.shaded.org.apache.hc.client5.http.wire - http-outgoing-3 << "[\r][\n]"
22:01:06.171 [docker-java-stream--2064336329] DEBUG com.github.dockerjava.api.command.PullImageResultCallback - ResponseItem(stream=null, status=Extracting, progressDetail=ResponseItem.ProgressDetail(current=85786624, total=108571409, start=null), progress=[=======================================>           ]  85.79MB/108.6MB, id=a35465a6a76a, from=null, time=null, errorDetail=null, error=null, aux=null)
22:01:08.252 [docker-java-stream--2064336329] DEBUG com.github.dockerjava.zerodep.shaded.org.apache.hc.client5.http.wire - http-outgoing-3 << "be[\r][\n]"
22:01:08.252 [docker-java-stream--2064336329] DEBUG com.github.dockerjava.zerodep.shaded.org.apache.hc.client5.http.wire - http-outgoing-3 << "{"status":"Extracting","progressDetail":{"current":86343680,"total":108571409},"progress":"[=======================================\u003e           ]  86.34MB/108.6MB","id":"a35465a6a76a"}[\r][\n]"
22:01:08.252 [docker-java-stream--2064336329] DEBUG com.github.dockerjava.zerodep.shaded.org.apache.hc.client5.http.wire - http-outgoing-3 << "[\r][\n]"
22:01:08.253 [docker-java-stream--2064336329] DEBUG com.github.dockerjava.api.command.PullImageResultCallback - ResponseItem(stream=null, status=Extracting, progressDetail=ResponseItem.ProgressDetail(current=86343680, total=108571409, start=null), progress=[=======================================>           ]  86.34MB/108.6MB, id=a35465a6a76a, from=null, time=null, errorDetail=null, error=null, aux=null)
22:01:08.797 [docker-java-stream--2064336329] DEBUG com.github.dockerjava.zerodep.shaded.org.apache.hc.client5.http.wire - http-outgoing-3 << "be[\r][\n]"
22:01:08.797 [docker-java-stream--2064336329] DEBUG com.github.dockerjava.zerodep.shaded.org.apache.hc.client5.http.wire - http-outgoing-3 << "{"status":"Extracting","progressDetail":{"current":86900736,"total":108571409},"progress":"[========================================\u003e          ]   86.9MB/108.6MB","id":"a35465a6a76a"}[\r][\n]"
22:01:08.797 [docker-java-stream--2064336329] DEBUG com.github.dockerjava.zerodep.shaded.org.apache.hc.client5.http.wire - http-outgoing-3 << "[\r][\n]"
22:01:08.797 [docker-java-stream--2064336329] DEBUG com.github.dockerjava.api.command.PullImageResultCallback - ResponseItem(stream=null, status=Extracting, progressDetail=ResponseItem.ProgressDetail(current=86900736, total=108571409, start=null), progress=[========================================>          ]   86.9MB/108.6MB, id=a35465a6a76a, from=null, time=null, errorDetail=null, error=null, aux=null)
22:01:11.058 [docker-java-stream--2064336329] DEBUG com.github.dockerjava.zerodep.shaded.org.apache.hc.client5.http.wire - http-outgoing-3 << "be[\r][\n]"
22:01:11.058 [docker-java-stream--2064336329] DEBUG com.github.dockerjava.zerodep.shaded.org.apache.hc.client5.http.wire - http-outgoing-3 << "{"status":"Extracting","progressDetail":{"current":87457792,"total":108571409},"progress":"[========================================\u003e          ]  87.46MB/108.6MB","id":"a35465a6a76a"}[\r][\n]"
22:01:11.058 [docker-java-stream--2064336329] DEBUG com.github.dockerjava.zerodep.shaded.org.apache.hc.client5.http.wire - http-outgoing-3 << "[\r][\n]"
22:01:11.058 [docker-java-stream--2064336329] DEBUG com.github.dockerjava.api.command.PullImageResultCallback - ResponseItem(stream=null, status=Extracting, progressDetail=ResponseItem.ProgressDetail(current=87457792, total=108571409, start=null), progress=[========================================>          ]  87.46MB/108.6MB, id=a35465a6a76a, from=null, time=null, errorDetail=null, error=null, aux=null)
22:01:11.840 [docker-java-stream--2064336329] DEBUG com.github.dockerjava.zerodep.shaded.org.apache.hc.client5.http.wire - http-outgoing-3 << "be[\r][\n]"
22:01:11.840 [docker-java-stream--2064336329] DEBUG com.github.dockerjava.zerodep.shaded.org.apache.hc.client5.http.wire - http-outgoing-3 << "{"status":"Extracting","progressDetail":{"current":88014848,"total":108571409},"progress":"[========================================\u003e          ]  88.01MB/108.6MB","id":"a35465a6a76a"}[\r][\n]"
22:01:11.840 [docker-java-stream--2064336329] DEBUG com.github.dockerjava.zerodep.shaded.org.apache.hc.client5.http.wire - http-outgoing-3 << "[\r][\n]"
22:01:11.840 [docker-java-stream--2064336329] DEBUG com.github.dockerjava.api.command.PullImageResultCallback - ResponseItem(stream=null, status=Extracting, progressDetail=ResponseItem.ProgressDetail(current=88014848, total=108571409, start=null), progress=[========================================>          ]  88.01MB/108.6MB, id=a35465a6a76a, from=null, time=null, errorDetail=null, error=null, aux=null)
22:01:13.025 [docker-java-stream--2064336329] DEBUG com.github.dockerjava.zerodep.shaded.org.apache.hc.client5.http.wire - http-outgoing-3 << "be[\r][\n]"
22:01:13.025 [docker-java-stream--2064336329] DEBUG com.github.dockerjava.zerodep.shaded.org.apache.hc.client5.http.wire - http-outgoing-3 << "{"status":"Extracting","progressDetail":{"current":88571904,"total":108571409},"progress":"[========================================\u003e          ]  88.57MB/108.6MB","id":"a35465a6a76a"}[\r][\n]"
22:01:13.025 [docker-java-stream--2064336329] DEBUG com.github.dockerjava.zerodep.shaded.org.apache.hc.client5.http.wire - http-outgoing-3 << "[\r][\n]"
22:01:13.025 [docker-java-stream--2064336329] DEBUG com.github.dockerjava.api.command.PullImageResultCallback - ResponseItem(stream=null, status=Extracting, progressDetail=ResponseItem.ProgressDetail(current=88571904, total=108571409, start=null), progress=[========================================>          ]  88.57MB/108.6MB, id=a35465a6a76a, from=null, time=null, errorDetail=null, error=null, aux=null)
22:01:14.379 [docker-java-stream--2064336329] DEBUG com.github.dockerjava.zerodep.shaded.org.apache.hc.client5.http.wire - http-outgoing-3 << "be[\r][\n]"
22:01:14.379 [docker-java-stream--2064336329] DEBUG com.github.dockerjava.zerodep.shaded.org.apache.hc.client5.http.wire - http-outgoing-3 << "{"status":"Extracting","progressDetail":{"current":89128960,"total":108571409},"progress":"[=========================================\u003e         ]  89.13MB/108.6MB","id":"a35465a6a76a"}[\r][\n]"
22:01:14.379 [docker-java-stream--2064336329] DEBUG com.github.dockerjava.zerodep.shaded.org.apache.hc.client5.http.wire - http-outgoing-3 << "[\r][\n]"
22:01:14.379 [docker-java-stream--2064336329] DEBUG com.github.dockerjava.api.command.PullImageResultCallback - ResponseItem(stream=null, status=Extracting, progressDetail=ResponseItem.ProgressDetail(current=89128960, total=108571409, start=null), progress=[=========================================>         ]  89.13MB/108.6MB, id=a35465a6a76a, from=null, time=null, errorDetail=null, error=null, aux=null)
22:01:15.714 [docker-java-stream--2064336329] DEBUG com.github.dockerjava.zerodep.shaded.org.apache.hc.client5.http.wire - http-outgoing-3 << "be[\r][\n]"
22:01:15.715 [docker-java-stream--2064336329] DEBUG com.github.dockerjava.zerodep.shaded.org.apache.hc.client5.http.wire - http-outgoing-3 << "{"status":"Extracting","progressDetail":{"current":89686016,"total":108571409},"progress":"[=========================================\u003e         ]  89.69MB/108.6MB","id":"a35465a6a76a"}[\r][\n]"
22:01:15.715 [docker-java-stream--2064336329] DEBUG com.github.dockerjava.zerodep.shaded.org.apache.hc.client5.http.wire - http-outgoing-3 << "[\r][\n]"
22:01:15.716 [docker-java-stream--2064336329] DEBUG com.github.dockerjava.api.command.PullImageResultCallback - ResponseItem(stream=null, status=Extracting, progressDetail=ResponseItem.ProgressDetail(current=89686016, total=108571409, start=null), progress=[=========================================>         ]  89.69MB/108.6MB, id=a35465a6a76a, from=null, time=null, errorDetail=null, error=null, aux=null)
22:01:17.094 [docker-java-stream--2064336329] DEBUG com.github.dockerjava.zerodep.shaded.org.apache.hc.client5.http.wire - http-outgoing-3 << "be[\r][\n]"
22:01:17.094 [docker-java-stream--2064336329] DEBUG com.github.dockerjava.zerodep.shaded.org.apache.hc.client5.http.wire - http-outgoing-3 << "{"status":"Extracting","progressDetail":{"current":90243072,"total":108571409},"progress":"[=========================================\u003e         ]  90.24MB/108.6MB","id":"a35465a6a76a"}[\r][\n]"
22:01:17.094 [docker-java-stream--2064336329] DEBUG com.github.dockerjava.zerodep.shaded.org.apache.hc.client5.http.wire - http-outgoing-3 << "[\r][\n]"
22:01:17.095 [docker-java-stream--2064336329] DEBUG com.github.dockerjava.api.command.PullImageResultCallback - ResponseItem(stream=null, status=Extracting, progressDetail=ResponseItem.ProgressDetail(current=90243072, total=108571409, start=null), progress=[=========================================>         ]  90.24MB/108.6MB, id=a35465a6a76a, from=null, time=null, errorDetail=null, error=null, aux=null)
22:01:18.342 [docker-java-stream--2064336329] DEBUG com.github.dockerjava.zerodep.shaded.org.apache.hc.client5.http.wire - http-outgoing-3 << "be[\r][\n]"
22:01:18.342 [docker-java-stream--2064336329] DEBUG com.github.dockerjava.zerodep.shaded.org.apache.hc.client5.http.wire - http-outgoing-3 << "{"status":"Extracting","progressDetail":{"current":90800128,"total":108571409},"progress":"[=========================================\u003e         ]   90.8MB/108.6MB","id":"a35465a6a76a"}[\r][\n]"
22:01:18.342 [docker-java-stream--2064336329] DEBUG com.github.dockerjava.zerodep.shaded.org.apache.hc.client5.http.wire - http-outgoing-3 << "[\r][\n]"
22:01:18.343 [docker-java-stream--2064336329] DEBUG com.github.dockerjava.api.command.PullImageResultCallback - ResponseItem(stream=null, status=Extracting, progressDetail=ResponseItem.ProgressDetail(current=90800128, total=108571409, start=null), progress=[=========================================>         ]   90.8MB/108.6MB, id=a35465a6a76a, from=null, time=null, errorDetail=null, error=null, aux=null)
22:01:34.885 [docker-java-stream--2064336329] DEBUG com.github.dockerjava.zerodep.shaded.org.apache.hc.client5.http.wire - http-outgoing-3 << "be[\r][\n]"
22:01:34.885 [docker-java-stream--2064336329] DEBUG com.github.dockerjava.zerodep.shaded.org.apache.hc.client5.http.wire - http-outgoing-3 << "{"status":"Extracting","progressDetail":{"current":91357184,"total":108571409},"progress":"[==========================================\u003e        ]  91.36MB/108.6MB","id":"a35465a6a76a"}[\r][\n]"
22:01:34.885 [docker-java-stream--2064336329] DEBUG com.github.dockerjava.zerodep.shaded.org.apache.hc.client5.http.wire - http-outgoing-3 << "[\r][\n]"
22:01:34.885 [docker-java-stream--2064336329] DEBUG com.github.dockerjava.api.command.PullImageResultCallback - ResponseItem(stream=null, status=Extracting, progressDetail=ResponseItem.ProgressDetail(current=91357184, total=108571409, start=null), progress=[==========================================>        ]  91.36MB/108.6MB, id=a35465a6a76a, from=null, time=null, errorDetail=null, error=null, aux=null)
22:01:35.659 [docker-java-stream--2064336329] DEBUG com.github.dockerjava.zerodep.shaded.org.apache.hc.client5.http.wire - http-outgoing-3 << "be[\r][\n]"
22:01:35.659 [docker-java-stream--2064336329] DEBUG com.github.dockerjava.zerodep.shaded.org.apache.hc.client5.http.wire - http-outgoing-3 << "{"status":"Extracting","progressDetail":{"current":91914240,"total":108571409},"progress":"[==========================================\u003e        ]  91.91MB/108.6MB","id":"a35465a6a76a"}[\r][\n]"
22:01:35.659 [docker-java-stream--2064336329] DEBUG com.github.dockerjava.zerodep.shaded.org.apache.hc.client5.http.wire - http-outgoing-3 << "[\r][\n]"
22:01:35.659 [docker-java-stream--2064336329] DEBUG com.github.dockerjava.api.command.PullImageResultCallback - ResponseItem(stream=null, status=Extracting, progressDetail=ResponseItem.ProgressDetail(current=91914240, total=108571409, start=null), progress=[==========================================>        ]  91.91MB/108.6MB, id=a35465a6a76a, from=null, time=null, errorDetail=null, error=null, aux=null)
22:01:37.119 [docker-java-stream--2064336329] DEBUG com.github.dockerjava.zerodep.shaded.org.apache.hc.client5.http.wire - http-outgoing-3 << "be[\r][\n]"
22:01:37.119 [docker-java-stream--2064336329] DEBUG com.github.dockerjava.zerodep.shaded.org.apache.hc.client5.http.wire - http-outgoing-3 << "{"status":"Extracting","progressDetail":{"current":92471296,"total":108571409},"progress":"[==========================================\u003e        ]  92.47MB/108.6MB","id":"a35465a6a76a"}[\r][\n]"
22:01:37.119 [docker-java-stream--2064336329] DEBUG com.github.dockerjava.zerodep.shaded.org.apache.hc.client5.http.wire - http-outgoing-3 << "[\r][\n]"
22:01:37.119 [docker-java-stream--2064336329] DEBUG com.github.dockerjava.api.command.PullImageResultCallback - ResponseItem(stream=null, status=Extracting, progressDetail=ResponseItem.ProgressDetail(current=92471296, total=108571409, start=null), progress=[==========================================>        ]  92.47MB/108.6MB, id=a35465a6a76a, from=null, time=null, errorDetail=null, error=null, aux=null)
22:01:38.493 [docker-java-stream--2064336329] DEBUG com.github.dockerjava.zerodep.shaded.org.apache.hc.client5.http.wire - http-outgoing-3 << "be[\r][\n]"
22:01:38.493 [docker-java-stream--2064336329] DEBUG com.github.dockerjava.zerodep.shaded.org.apache.hc.client5.http.wire - http-outgoing-3 << "{"status":"Extracting","progressDetail":{"current":93028352,"total":108571409},"progress":"[==========================================\u003e        ]  93.03MB/108.6MB","id":"a35465a6a76a"}[\r][\n]"
22:01:38.493 [docker-java-stream--2064336329] DEBUG com.github.dockerjava.zerodep.shaded.org.apache.hc.client5.http.wire - http-outgoing-3 << "[\r][\n]"
22:01:38.493 [docker-java-stream--2064336329] DEBUG com.github.dockerjava.api.command.PullImageResultCallback - ResponseItem(stream=null, status=Extracting, progressDetail=ResponseItem.ProgressDetail(current=93028352, total=108571409, start=null), progress=[==========================================>        ]  93.03MB/108.6MB, id=a35465a6a76a, from=null, time=null, errorDetail=null, error=null, aux=null)
22:01:39.829 [docker-java-stream--2064336329] DEBUG com.github.dockerjava.zerodep.shaded.org.apache.hc.client5.http.wire - http-outgoing-3 << "be[\r][\n]"
22:01:39.829 [docker-java-stream--2064336329] DEBUG com.github.dockerjava.zerodep.shaded.org.apache.hc.client5.http.wire - http-outgoing-3 << "{"status":"Extracting","progressDetail":{"current":93585408,"total":108571409},"progress":"[===========================================\u003e       ]  93.59MB/108.6MB","id":"a35465a6a76a"}[\r][\n]"
22:01:39.829 [docker-java-stream--2064336329] DEBUG com.github.dockerjava.zerodep.shaded.org.apache.hc.client5.http.wire - http-outgoing-3 << "[\r][\n]"
22:01:39.830 [docker-java-stream--2064336329] DEBUG com.github.dockerjava.api.command.PullImageResultCallback - ResponseItem(stream=null, status=Extracting, progressDetail=ResponseItem.ProgressDetail(current=93585408, total=108571409, start=null), progress=[===========================================>       ]  93.59MB/108.6MB, id=a35465a6a76a, from=null, time=null, errorDetail=null, error=null, aux=null)
22:01:41.399 [docker-java-stream--2064336329] DEBUG com.github.dockerjava.zerodep.shaded.org.apache.hc.client5.http.wire - http-outgoing-3 << "be[\r][\n]"
22:01:41.399 [docker-java-stream--2064336329] DEBUG com.github.dockerjava.zerodep.shaded.org.apache.hc.client5.http.wire - http-outgoing-3 << "{"status":"Extracting","progressDetail":{"current":94142464,"total":108571409},"progress":"[===========================================\u003e       ]  94.14MB/108.6MB","id":"a35465a6a76a"}[\r][\n]"
22:01:41.399 [docker-java-stream--2064336329] DEBUG com.github.dockerjava.zerodep.shaded.org.apache.hc.client5.http.wire - http-outgoing-3 << "[\r][\n]"
22:01:41.399 [docker-java-stream--2064336329] DEBUG com.github.dockerjava.api.command.PullImageResultCallback - ResponseItem(stream=null, status=Extracting, progressDetail=ResponseItem.ProgressDetail(current=94142464, total=108571409, start=null), progress=[===========================================>       ]  94.14MB/108.6MB, id=a35465a6a76a, from=null, time=null, errorDetail=null, error=null, aux=null)
22:01:42.633 [docker-java-stream--2064336329] DEBUG com.github.dockerjava.zerodep.shaded.org.apache.hc.client5.http.wire - http-outgoing-3 << "be[\r][\n]"
22:01:42.633 [docker-java-stream--2064336329] DEBUG com.github.dockerjava.zerodep.shaded.org.apache.hc.client5.http.wire - http-outgoing-3 << "{"status":"Extracting","progressDetail":{"current":94699520,"total":108571409},"progress":"[===========================================\u003e       ]   94.7MB/108.6MB","id":"a35465a6a76a"}[\r][\n]"
22:01:42.633 [docker-java-stream--2064336329] DEBUG com.github.dockerjava.zerodep.shaded.org.apache.hc.client5.http.wire - http-outgoing-3 << "[\r][\n]"
22:01:42.633 [docker-java-stream--2064336329] DEBUG com.github.dockerjava.api.command.PullImageResultCallback - ResponseItem(stream=null, status=Extracting, progressDetail=ResponseItem.ProgressDetail(current=94699520, total=108571409, start=null), progress=[===========================================>       ]   94.7MB/108.6MB, id=a35465a6a76a, from=null, time=null, errorDetail=null, error=null, aux=null)
22:01:42.921 [docker-java-stream--2064336329] DEBUG com.github.dockerjava.zerodep.shaded.org.apache.hc.client5.http.wire - http-outgoing-3 << "be[\r][\n]"
22:01:42.921 [docker-java-stream--2064336329] DEBUG com.github.dockerjava.zerodep.shaded.org.apache.hc.client5.http.wire - http-outgoing-3 << "{"status":"Extracting","progressDetail":{"current":95256576,"total":108571409},"progress":"[===========================================\u003e       ]  95.26MB/108.6MB","id":"a35465a6a76a"}[\r][\n]"
22:01:42.921 [docker-java-stream--2064336329] DEBUG com.github.dockerjava.zerodep.shaded.org.apache.hc.client5.http.wire - http-outgoing-3 << "[\r][\n]"
22:01:42.921 [docker-java-stream--2064336329] DEBUG com.github.dockerjava.api.command.PullImageResultCallback - ResponseItem(stream=null, status=Extracting, progressDetail=ResponseItem.ProgressDetail(current=95256576, total=108571409, start=null), progress=[===========================================>       ]  95.26MB/108.6MB, id=a35465a6a76a, from=null, time=null, errorDetail=null, error=null, aux=null)
22:01:43.912 [docker-java-stream--2064336329] DEBUG com.github.dockerjava.zerodep.shaded.org.apache.hc.client5.http.wire - http-outgoing-3 << "be[\r][\n]"
22:01:43.912 [docker-java-stream--2064336329] DEBUG com.github.dockerjava.zerodep.shaded.org.apache.hc.client5.http.wire - http-outgoing-3 << "{"status":"Extracting","progressDetail":{"current":95813632,"total":108571409},"progress":"[============================================\u003e      ]  95.81MB/108.6MB","id":"a35465a6a76a"}[\r][\n]"
22:01:43.912 [docker-java-stream--2064336329] DEBUG com.github.dockerjava.zerodep.shaded.org.apache.hc.client5.http.wire - http-outgoing-3 << "[\r][\n]"
22:01:43.912 [docker-java-stream--2064336329] DEBUG com.github.dockerjava.api.command.PullImageResultCallback - ResponseItem(stream=null, status=Extracting, progressDetail=ResponseItem.ProgressDetail(current=95813632, total=108571409, start=null), progress=[============================================>      ]  95.81MB/108.6MB, id=a35465a6a76a, from=null, time=null, errorDetail=null, error=null, aux=null)
22:01:44.725 [docker-java-stream--2064336329] DEBUG com.github.dockerjava.zerodep.shaded.org.apache.hc.client5.http.wire - http-outgoing-3 << "be[\r][\n]"
22:01:44.725 [docker-java-stream--2064336329] DEBUG com.github.dockerjava.zerodep.shaded.org.apache.hc.client5.http.wire - http-outgoing-3 << "{"status":"Extracting","progressDetail":{"current":96370688,"total":108571409},"progress":"[============================================\u003e      ]  96.37MB/108.6MB","id":"a35465a6a76a"}[\r][\n]"
22:01:44.725 [docker-java-stream--2064336329] DEBUG com.github.dockerjava.zerodep.shaded.org.apache.hc.client5.http.wire - http-outgoing-3 << "[\r][\n]"
22:01:44.726 [docker-java-stream--2064336329] DEBUG com.github.dockerjava.api.command.PullImageResultCallback - ResponseItem(stream=null, status=Extracting, progressDetail=ResponseItem.ProgressDetail(current=96370688, total=108571409, start=null), progress=[============================================>      ]  96.37MB/108.6MB, id=a35465a6a76a, from=null, time=null, errorDetail=null, error=null, aux=null)
22:01:46.091 [docker-java-stream--2064336329] DEBUG com.github.dockerjava.zerodep.shaded.org.apache.hc.client5.http.wire - http-outgoing-3 << "be[\r][\n]"
22:01:46.091 [docker-java-stream--2064336329] DEBUG com.github.dockerjava.zerodep.shaded.org.apache.hc.client5.http.wire - http-outgoing-3 << "{"status":"Extracting","progressDetail":{"current":96927744,"total":108571409},"progress":"[============================================\u003e      ]  96.93MB/108.6MB","id":"a35465a6a76a"}[\r][\n]"
22:01:46.091 [docker-java-stream--2064336329] DEBUG com.github.dockerjava.zerodep.shaded.org.apache.hc.client5.http.wire - http-outgoing-3 << "[\r][\n]"
22:01:46.092 [docker-java-stream--2064336329] DEBUG com.github.dockerjava.api.command.PullImageResultCallback - ResponseItem(stream=null, status=Extracting, progressDetail=ResponseItem.ProgressDetail(current=96927744, total=108571409, start=null), progress=[============================================>      ]  96.93MB/108.6MB, id=a35465a6a76a, from=null, time=null, errorDetail=null, error=null, aux=null)
22:01:47.621 [docker-java-stream--2064336329] DEBUG com.github.dockerjava.zerodep.shaded.org.apache.hc.client5.http.wire - http-outgoing-3 << "be[\r][\n]"
22:01:47.621 [docker-java-stream--2064336329] DEBUG com.github.dockerjava.zerodep.shaded.org.apache.hc.client5.http.wire - http-outgoing-3 << "{"status":"Extracting","progressDetail":{"current":97484800,"total":108571409},"progress":"[============================================\u003e      ]  97.48MB/108.6MB","id":"a35465a6a76a"}[\r][\n]"
22:01:47.621 [docker-java-stream--2064336329] DEBUG com.github.dockerjava.zerodep.shaded.org.apache.hc.client5.http.wire - http-outgoing-3 << "[\r][\n]"
22:01:47.621 [docker-java-stream--2064336329] DEBUG com.github.dockerjava.api.command.PullImageResultCallback - ResponseItem(stream=null, status=Extracting, progressDetail=ResponseItem.ProgressDetail(current=97484800, total=108571409, start=null), progress=[============================================>      ]  97.48MB/108.6MB, id=a35465a6a76a, from=null, time=null, errorDetail=null, error=null, aux=null)
22:01:48.292 [docker-java-stream--2064336329] DEBUG com.github.dockerjava.zerodep.shaded.org.apache.hc.client5.http.wire - http-outgoing-3 << "be[\r][\n]"
22:01:48.292 [docker-java-stream--2064336329] DEBUG com.github.dockerjava.zerodep.shaded.org.apache.hc.client5.http.wire - http-outgoing-3 << "{"status":"Extracting","progressDetail":{"current":98041856,"total":108571409},"progress":"[=============================================\u003e     ]  98.04MB/108.6MB","id":"a35465a6a76a"}[\r][\n]"
22:01:48.292 [docker-java-stream--2064336329] DEBUG com.github.dockerjava.zerodep.shaded.org.apache.hc.client5.http.wire - http-outgoing-3 << "[\r][\n]"
22:01:48.292 [docker-java-stream--2064336329] DEBUG com.github.dockerjava.api.command.PullImageResultCallback - ResponseItem(stream=null, status=Extracting, progressDetail=ResponseItem.ProgressDetail(current=98041856, total=108571409, start=null), progress=[=============================================>     ]  98.04MB/108.6MB, id=a35465a6a76a, from=null, time=null, errorDetail=null, error=null, aux=null)
22:01:48.844 [docker-java-stream--2064336329] DEBUG com.github.dockerjava.zerodep.shaded.org.apache.hc.client5.http.wire - http-outgoing-3 << "be[\r][\n]"
22:01:48.844 [docker-java-stream--2064336329] DEBUG com.github.dockerjava.zerodep.shaded.org.apache.hc.client5.http.wire - http-outgoing-3 << "{"status":"Extracting","progressDetail":{"current":98598912,"total":108571409},"progress":"[=============================================\u003e     ]   98.6MB/108.6MB","id":"a35465a6a76a"}[\r][\n]"
22:01:48.844 [docker-java-stream--2064336329] DEBUG com.github.dockerjava.zerodep.shaded.org.apache.hc.client5.http.wire - http-outgoing-3 << "[\r][\n]"
22:01:48.845 [docker-java-stream--2064336329] DEBUG com.github.dockerjava.api.command.PullImageResultCallback - ResponseItem(stream=null, status=Extracting, progressDetail=ResponseItem.ProgressDetail(current=98598912, total=108571409, start=null), progress=[=============================================>     ]   98.6MB/108.6MB, id=a35465a6a76a, from=null, time=null, errorDetail=null, error=null, aux=null)
22:01:58.228 [docker-java-stream--2064336329] DEBUG com.github.dockerjava.zerodep.shaded.org.apache.hc.client5.http.wire - http-outgoing-3 << "be[\r][\n]"
22:01:58.228 [docker-java-stream--2064336329] DEBUG com.github.dockerjava.zerodep.shaded.org.apache.hc.client5.http.wire - http-outgoing-3 << "{"status":"Extracting","progressDetail":{"current":99155968,"total":108571409},"progress":"[=============================================\u003e     ]  99.16MB/108.6MB","id":"a35465a6a76a"}[\r][\n]"
22:01:58.228 [docker-java-stream--2064336329] DEBUG com.github.dockerjava.zerodep.shaded.org.apache.hc.client5.http.wire - http-outgoing-3 << "[\r][\n]"
22:01:58.229 [docker-java-stream--2064336329] DEBUG com.github.dockerjava.api.command.PullImageResultCallback - ResponseItem(stream=null, status=Extracting, progressDetail=ResponseItem.ProgressDetail(current=99155968, total=108571409, start=null), progress=[=============================================>     ]  99.16MB/108.6MB, id=a35465a6a76a, from=null, time=null, errorDetail=null, error=null, aux=null)
22:02:01.771 [docker-java-stream--2064336329] DEBUG com.github.dockerjava.zerodep.shaded.org.apache.hc.client5.http.wire - http-outgoing-3 << "be[\r][\n]"
22:02:01.771 [docker-java-stream--2064336329] DEBUG com.github.dockerjava.zerodep.shaded.org.apache.hc.client5.http.wire - http-outgoing-3 << "{"status":"Extracting","progressDetail":{"current":99713024,"total":108571409},"progress":"[=============================================\u003e     ]  99.71MB/108.6MB","id":"a35465a6a76a"}[\r][\n]"
22:02:01.771 [docker-java-stream--2064336329] DEBUG com.github.dockerjava.zerodep.shaded.org.apache.hc.client5.http.wire - http-outgoing-3 << "[\r][\n]"
22:02:01.771 [docker-java-stream--2064336329] DEBUG com.github.dockerjava.api.command.PullImageResultCallback - ResponseItem(stream=null, status=Extracting, progressDetail=ResponseItem.ProgressDetail(current=99713024, total=108571409, start=null), progress=[=============================================>     ]  99.71MB/108.6MB, id=a35465a6a76a, from=null, time=null, errorDetail=null, error=null, aux=null)
22:02:02.559 [docker-java-stream--2064336329] DEBUG com.github.dockerjava.zerodep.shaded.org.apache.hc.client5.http.wire - http-outgoing-3 << "bf[\r][\n]"
22:02:02.559 [docker-java-stream--2064336329] DEBUG com.github.dockerjava.zerodep.shaded.org.apache.hc.client5.http.wire - http-outgoing-3 << "{"status":"Extracting","progressDetail":{"current":100270080,"total":108571409},"progress":"[==============================================\u003e    ]  100.3MB/108.6MB","id":"a35465a6a76a"}[\r][\n]"
22:02:02.559 [docker-java-stream--2064336329] DEBUG com.github.dockerjava.zerodep.shaded.org.apache.hc.client5.http.wire - http-outgoing-3 << "[\r][\n]"
22:02:02.559 [docker-java-stream--2064336329] DEBUG com.github.dockerjava.api.command.PullImageResultCallback - ResponseItem(stream=null, status=Extracting, progressDetail=ResponseItem.ProgressDetail(current=100270080, total=108571409, start=null), progress=[==============================================>    ]  100.3MB/108.6MB, id=a35465a6a76a, from=null, time=null, errorDetail=null, error=null, aux=null)
22:02:03.984 [docker-java-stream--2064336329] DEBUG com.github.dockerjava.zerodep.shaded.org.apache.hc.client5.http.wire - http-outgoing-3 << "bf[\r][\n]"
22:02:03.984 [docker-java-stream--2064336329] DEBUG com.github.dockerjava.zerodep.shaded.org.apache.hc.client5.http.wire - http-outgoing-3 << "{"status":"Extracting","progressDetail":{"current":100827136,"total":108571409},"progress":"[==============================================\u003e    ]  100.8MB/108.6MB","id":"a35465a6a76a"}[\r][\n]"
22:02:03.984 [docker-java-stream--2064336329] DEBUG com.github.dockerjava.zerodep.shaded.org.apache.hc.client5.http.wire - http-outgoing-3 << "[\r][\n]"
22:02:03.985 [docker-java-stream--2064336329] DEBUG com.github.dockerjava.api.command.PullImageResultCallback - ResponseItem(stream=null, status=Extracting, progressDetail=ResponseItem.ProgressDetail(current=100827136, total=108571409, start=null), progress=[==============================================>    ]  100.8MB/108.6MB, id=a35465a6a76a, from=null, time=null, errorDetail=null, error=null, aux=null)
22:02:05.241 [docker-java-stream--2064336329] DEBUG com.github.dockerjava.zerodep.shaded.org.apache.hc.client5.http.wire - http-outgoing-3 << "bf[\r][\n]"
22:02:05.241 [docker-java-stream--2064336329] DEBUG com.github.dockerjava.zerodep.shaded.org.apache.hc.client5.http.wire - http-outgoing-3 << "{"status":"Extracting","progressDetail":{"current":101384192,"total":108571409},"progress":"[==============================================\u003e    ]  101.4MB/108.6MB","id":"a35465a6a76a"}[\r][\n]"
22:02:05.241 [docker-java-stream--2064336329] DEBUG com.github.dockerjava.zerodep.shaded.org.apache.hc.client5.http.wire - http-outgoing-3 << "[\r][\n]"
22:02:05.242 [docker-java-stream--2064336329] DEBUG com.github.dockerjava.api.command.PullImageResultCallback - ResponseItem(stream=null, status=Extracting, progressDetail=ResponseItem.ProgressDetail(current=101384192, total=108571409, start=null), progress=[==============================================>    ]  101.4MB/108.6MB, id=a35465a6a76a, from=null, time=null, errorDetail=null, error=null, aux=null)
22:02:06.264 [docker-java-stream--2064336329] DEBUG com.github.dockerjava.zerodep.shaded.org.apache.hc.client5.http.wire - http-outgoing-3 << "bf[\r][\n]"
22:02:06.264 [docker-java-stream--2064336329] DEBUG com.github.dockerjava.zerodep.shaded.org.apache.hc.client5.http.wire - http-outgoing-3 << "{"status":"Extracting","progressDetail":{"current":101941248,"total":108571409},"progress":"[==============================================\u003e    ]  101.9MB/108.6MB","id":"a35465a6a76a"}[\r][\n]"
22:02:06.264 [docker-java-stream--2064336329] DEBUG com.github.dockerjava.zerodep.shaded.org.apache.hc.client5.http.wire - http-outgoing-3 << "[\r][\n]"
22:02:06.264 [docker-java-stream--2064336329] DEBUG com.github.dockerjava.api.command.PullImageResultCallback - ResponseItem(stream=null, status=Extracting, progressDetail=ResponseItem.ProgressDetail(current=101941248, total=108571409, start=null), progress=[==============================================>    ]  101.9MB/108.6MB, id=a35465a6a76a, from=null, time=null, errorDetail=null, error=null, aux=null)
22:02:08.630 [docker-java-stream--2064336329] DEBUG com.github.dockerjava.zerodep.shaded.org.apache.hc.client5.http.wire - http-outgoing-3 << "bf[\r][\n]"
22:02:08.630 [docker-java-stream--2064336329] DEBUG com.github.dockerjava.zerodep.shaded.org.apache.hc.client5.http.wire - http-outgoing-3 << "{"status":"Extracting","progressDetail":{"current":102498304,"total":108571409},"progress":"[===============================================\u003e   ]  102.5MB/108.6MB","id":"a35465a6a76a"}[\r][\n]"
22:02:08.630 [docker-java-stream--2064336329] DEBUG com.github.dockerjava.zerodep.shaded.org.apache.hc.client5.http.wire - http-outgoing-3 << "[\r][\n]"
22:02:08.631 [docker-java-stream--2064336329] DEBUG com.github.dockerjava.api.command.PullImageResultCallback - ResponseItem(stream=null, status=Extracting, progressDetail=ResponseItem.ProgressDetail(current=102498304, total=108571409, start=null), progress=[===============================================>   ]  102.5MB/108.6MB, id=a35465a6a76a, from=null, time=null, errorDetail=null, error=null, aux=null)
22:02:11.659 [docker-java-stream--2064336329] DEBUG com.github.dockerjava.zerodep.shaded.org.apache.hc.client5.http.wire - http-outgoing-3 << "bf[\r][\n]"
22:02:11.659 [docker-java-stream--2064336329] DEBUG com.github.dockerjava.zerodep.shaded.org.apache.hc.client5.http.wire - http-outgoing-3 << "{"status":"Extracting","progressDetail":{"current":103055360,"total":108571409},"progress":"[===============================================\u003e   ]  103.1MB/108.6MB","id":"a35465a6a76a"}[\r][\n]"
22:02:11.659 [docker-java-stream--2064336329] DEBUG com.github.dockerjava.zerodep.shaded.org.apache.hc.client5.http.wire - http-outgoing-3 << "[\r][\n]"
22:02:11.660 [docker-java-stream--2064336329] DEBUG com.github.dockerjava.api.command.PullImageResultCallback - ResponseItem(stream=null, status=Extracting, progressDetail=ResponseItem.ProgressDetail(current=103055360, total=108571409, start=null), progress=[===============================================>   ]  103.1MB/108.6MB, id=a35465a6a76a, from=null, time=null, errorDetail=null, error=null, aux=null)
22:02:15.320 [docker-java-stream--2064336329] DEBUG com.github.dockerjava.zerodep.shaded.org.apache.hc.client5.http.wire - http-outgoing-3 << "bf[\r][\n]"
22:02:15.320 [docker-java-stream--2064336329] DEBUG com.github.dockerjava.zerodep.shaded.org.apache.hc.client5.http.wire - http-outgoing-3 << "{"status":"Extracting","progressDetail":{"current":103612416,"total":108571409},"progress":"[===============================================\u003e   ]  103.6MB/108.6MB","id":"a35465a6a76a"}[\r][\n]"
22:02:15.320 [docker-java-stream--2064336329] DEBUG com.github.dockerjava.zerodep.shaded.org.apache.hc.client5.http.wire - http-outgoing-3 << "[\r][\n]"
22:02:15.320 [docker-java-stream--2064336329] DEBUG com.github.dockerjava.api.command.PullImageResultCallback - ResponseItem(stream=null, status=Extracting, progressDetail=ResponseItem.ProgressDetail(current=103612416, total=108571409, start=null), progress=[===============================================>   ]  103.6MB/108.6MB, id=a35465a6a76a, from=null, time=null, errorDetail=null, error=null, aux=null)
22:02:17.221 [docker-java-stream--2064336329] DEBUG com.github.dockerjava.zerodep.shaded.org.apache.hc.client5.http.wire - http-outgoing-3 << "bf[\r][\n]"
22:02:17.221 [docker-java-stream--2064336329] DEBUG com.github.dockerjava.zerodep.shaded.org.apache.hc.client5.http.wire - http-outgoing-3 << "{"status":"Extracting","progressDetail":{"current":104169472,"total":108571409},"progress":"[===============================================\u003e   ]  104.2MB/108.6MB","id":"a35465a6a76a"}[\r][\n]"
22:02:17.221 [docker-java-stream--2064336329] DEBUG com.github.dockerjava.zerodep.shaded.org.apache.hc.client5.http.wire - http-outgoing-3 << "[\r][\n]"
22:02:17.221 [docker-java-stream--2064336329] DEBUG com.github.dockerjava.api.command.PullImageResultCallback - ResponseItem(stream=null, status=Extracting, progressDetail=ResponseItem.ProgressDetail(current=104169472, total=108571409, start=null), progress=[===============================================>   ]  104.2MB/108.6MB, id=a35465a6a76a, from=null, time=null, errorDetail=null, error=null, aux=null)
22:02:18.079 [docker-java-stream--2064336329] DEBUG com.github.dockerjava.zerodep.shaded.org.apache.hc.client5.http.wire - http-outgoing-3 << "bf[\r][\n]"
22:02:18.080 [docker-java-stream--2064336329] DEBUG com.github.dockerjava.zerodep.shaded.org.apache.hc.client5.http.wire - http-outgoing-3 << "{"status":"Extracting","progressDetail":{"current":104726528,"total":108571409},"progress":"[================================================\u003e  ]  104.7MB/108.6MB","id":"a35465a6a76a"}[\r][\n]"
22:02:18.080 [docker-java-stream--2064336329] DEBUG com.github.dockerjava.zerodep.shaded.org.apache.hc.client5.http.wire - http-outgoing-3 << "[\r][\n]"
22:02:18.080 [docker-java-stream--2064336329] DEBUG com.github.dockerjava.api.command.PullImageResultCallback - ResponseItem(stream=null, status=Extracting, progressDetail=ResponseItem.ProgressDetail(current=104726528, total=108571409, start=null), progress=[================================================>  ]  104.7MB/108.6MB, id=a35465a6a76a, from=null, time=null, errorDetail=null, error=null, aux=null)
22:02:20.700 [docker-java-stream--2064336329] DEBUG com.github.dockerjava.zerodep.shaded.org.apache.hc.client5.http.wire - http-outgoing-3 << "bf[\r][\n]"
22:02:20.700 [docker-java-stream--2064336329] DEBUG com.github.dockerjava.zerodep.shaded.org.apache.hc.client5.http.wire - http-outgoing-3 << "{"status":"Extracting","progressDetail":{"current":105283584,"total":108571409},"progress":"[================================================\u003e  ]  105.3MB/108.6MB","id":"a35465a6a76a"}[\r][\n]"
22:02:20.700 [docker-java-stream--2064336329] DEBUG com.github.dockerjava.zerodep.shaded.org.apache.hc.client5.http.wire - http-outgoing-3 << "[\r][\n]"
22:02:20.700 [docker-java-stream--2064336329] DEBUG com.github.dockerjava.api.command.PullImageResultCallback - ResponseItem(stream=null, status=Extracting, progressDetail=ResponseItem.ProgressDetail(current=105283584, total=108571409, start=null), progress=[================================================>  ]  105.3MB/108.6MB, id=a35465a6a76a, from=null, time=null, errorDetail=null, error=null, aux=null)
22:02:22.766 [docker-java-stream--2064336329] DEBUG com.github.dockerjava.zerodep.shaded.org.apache.hc.client5.http.wire - http-outgoing-3 << "bf[\r][\n]"
22:02:22.766 [docker-java-stream--2064336329] DEBUG com.github.dockerjava.zerodep.shaded.org.apache.hc.client5.http.wire - http-outgoing-3 << "{"status":"Extracting","progressDetail":{"current":105840640,"total":108571409},"progress":"[================================================\u003e  ]  105.8MB/108.6MB","id":"a35465a6a76a"}[\r][\n]"
22:02:22.766 [docker-java-stream--2064336329] DEBUG com.github.dockerjava.zerodep.shaded.org.apache.hc.client5.http.wire - http-outgoing-3 << "[\r][\n]"
22:02:22.767 [docker-java-stream--2064336329] DEBUG com.github.dockerjava.api.command.PullImageResultCallback - ResponseItem(stream=null, status=Extracting, progressDetail=ResponseItem.ProgressDetail(current=105840640, total=108571409, start=null), progress=[================================================>  ]  105.8MB/108.6MB, id=a35465a6a76a, from=null, time=null, errorDetail=null, error=null, aux=null)
22:02:23.343 [docker-java-stream--2064336329] DEBUG com.github.dockerjava.zerodep.shaded.org.apache.hc.client5.http.wire - http-outgoing-3 << "bf[\r][\n]"
22:02:23.343 [docker-java-stream--2064336329] DEBUG com.github.dockerjava.zerodep.shaded.org.apache.hc.client5.http.wire - http-outgoing-3 << "{"status":"Extracting","progressDetail":{"current":106397696,"total":108571409},"progress":"[================================================\u003e  ]  106.4MB/108.6MB","id":"a35465a6a76a"}[\r][\n]"
22:02:23.343 [docker-java-stream--2064336329] DEBUG com.github.dockerjava.zerodep.shaded.org.apache.hc.client5.http.wire - http-outgoing-3 << "[\r][\n]"
22:02:23.343 [docker-java-stream--2064336329] DEBUG com.github.dockerjava.api.command.PullImageResultCallback - ResponseItem(stream=null, status=Extracting, progressDetail=ResponseItem.ProgressDetail(current=106397696, total=108571409, start=null), progress=[================================================>  ]  106.4MB/108.6MB, id=a35465a6a76a, from=null, time=null, errorDetail=null, error=null, aux=null)
22:02:28.221 [docker-java-stream--2064336329] DEBUG com.github.dockerjava.zerodep.shaded.org.apache.hc.client5.http.wire - http-outgoing-3 << "bf[\r][\n]"
22:02:28.221 [docker-java-stream--2064336329] DEBUG com.github.dockerjava.zerodep.shaded.org.apache.hc.client5.http.wire - http-outgoing-3 << "{"status":"Extracting","progressDetail":{"current":106954752,"total":108571409},"progress":"[=================================================\u003e ]    107MB/108.6MB","id":"a35465a6a76a"}[\r][\n]"
22:02:28.221 [docker-java-stream--2064336329] DEBUG com.github.dockerjava.zerodep.shaded.org.apache.hc.client5.http.wire - http-outgoing-3 << "[\r][\n]"
22:02:28.221 [docker-java-stream--2064336329] DEBUG com.github.dockerjava.api.command.PullImageResultCallback - ResponseItem(stream=null, status=Extracting, progressDetail=ResponseItem.ProgressDetail(current=106954752, total=108571409, start=null), progress=[=================================================> ]    107MB/108.6MB, id=a35465a6a76a, from=null, time=null, errorDetail=null, error=null, aux=null)
22:02:30.512 [docker-java-stream--2064336329] DEBUG com.github.dockerjava.zerodep.shaded.org.apache.hc.client5.http.wire - http-outgoing-3 << "bf[\r][\n]"
22:02:30.512 [docker-java-stream--2064336329] DEBUG com.github.dockerjava.zerodep.shaded.org.apache.hc.client5.http.wire - http-outgoing-3 << "{"status":"Extracting","progressDetail":{"current":107511808,"total":108571409},"progress":"[=================================================\u003e ]  107.5MB/108.6MB","id":"a35465a6a76a"}[\r][\n]"
22:02:30.512 [docker-java-stream--2064336329] DEBUG com.github.dockerjava.zerodep.shaded.org.apache.hc.client5.http.wire - http-outgoing-3 << "[\r][\n]"
22:02:30.513 [docker-java-stream--2064336329] DEBUG com.github.dockerjava.api.command.PullImageResultCallback - ResponseItem(stream=null, status=Extracting, progressDetail=ResponseItem.ProgressDetail(current=107511808, total=108571409, start=null), progress=[=================================================> ]  107.5MB/108.6MB, id=a35465a6a76a, from=null, time=null, errorDetail=null, error=null, aux=null)
22:02:34.613 [docker-java-stream--2064336329] DEBUG com.github.dockerjava.zerodep.shaded.org.apache.hc.client5.http.wire - http-outgoing-3 << "bf[\r][\n]"
22:02:34.613 [docker-java-stream--2064336329] DEBUG com.github.dockerjava.zerodep.shaded.org.apache.hc.client5.http.wire - http-outgoing-3 << "{"status":"Extracting","progressDetail":{"current":108068864,"total":108571409},"progress":"[=================================================\u003e ]  108.1MB/108.6MB","id":"a35465a6a76a"}[\r][\n]"
22:02:34.613 [docker-java-stream--2064336329] DEBUG com.github.dockerjava.zerodep.shaded.org.apache.hc.client5.http.wire - http-outgoing-3 << "[\r][\n]"
22:02:34.613 [docker-java-stream--2064336329] DEBUG com.github.dockerjava.api.command.PullImageResultCallback - ResponseItem(stream=null, status=Extracting, progressDetail=ResponseItem.ProgressDetail(current=108068864, total=108571409, start=null), progress=[=================================================> ]  108.1MB/108.6MB, id=a35465a6a76a, from=null, time=null, errorDetail=null, error=null, aux=null)
22:02:38.773 [docker-java-stream--2064336329] DEBUG com.github.dockerjava.zerodep.shaded.org.apache.hc.client5.http.wire - http-outgoing-3 << "bf[\r][\n]"
22:02:38.773 [docker-java-stream--2064336329] DEBUG com.github.dockerjava.zerodep.shaded.org.apache.hc.client5.http.wire - http-outgoing-3 << "{"status":"Extracting","progressDetail":{"current":108571409,"total":108571409},"progress":"[==================================================\u003e]  108.6MB/108.6MB","id":"a35465a6a76a"}[\r][\n]"
22:02:38.773 [docker-java-stream--2064336329] DEBUG com.github.dockerjava.zerodep.shaded.org.apache.hc.client5.http.wire - http-outgoing-3 << "[\r][\n]"
22:02:38.773 [docker-java-stream--2064336329] DEBUG com.github.dockerjava.api.command.PullImageResultCallback - ResponseItem(stream=null, status=Extracting, progressDetail=ResponseItem.ProgressDetail(current=108571409, total=108571409, start=null), progress=[==================================================>]  108.6MB/108.6MB, id=a35465a6a76a, from=null, time=null, errorDetail=null, error=null, aux=null)
22:02:40.764 [docker-java-stream--2064336329] DEBUG com.github.dockerjava.zerodep.shaded.org.apache.hc.client5.http.wire - http-outgoing-3 << "44[\r][\n]"
22:02:40.764 [docker-java-stream--2064336329] DEBUG com.github.dockerjava.zerodep.shaded.org.apache.hc.client5.http.wire - http-outgoing-3 << "{"status":"Pull complete","progressDetail":{},"id":"a35465a6a76a"}[\r][\n]"
22:02:40.764 [docker-java-stream--2064336329] DEBUG com.github.dockerjava.zerodep.shaded.org.apache.hc.client5.http.wire - http-outgoing-3 << "[\r][\n]"
22:02:40.765 [docker-java-stream--2064336329] DEBUG com.github.dockerjava.api.command.PullImageResultCallback - ResponseItem(stream=null, status=Pull complete, progressDetail=ResponseItem.ProgressDetail(current=null, total=null, start=null), progress=null, id=a35465a6a76a, from=null, time=null, errorDetail=null, error=null, aux=null)
22:02:40.814 [docker-java-stream--2064336329] INFO tc.postgres:16.1 - Pulling image layers:  0 pending, 14 downloaded,  9 extracted, (145 MB/145 MB)
22:02:41.400 [docker-java-stream--2064336329] DEBUG com.github.dockerjava.zerodep.shaded.org.apache.hc.client5.http.wire - http-outgoing-3 << "b5[\r][\n]"
22:02:41.400 [docker-java-stream--2064336329] DEBUG com.github.dockerjava.zerodep.shaded.org.apache.hc.client5.http.wire - http-outgoing-3 << "{"status":"Extracting","progressDetail":{"current":9925,"total":9925},"progress":"[==================================================\u003e]  9.925kB/9.925kB","id":"83b026289c5c"}[\r][\n]"
22:02:41.400 [docker-java-stream--2064336329] DEBUG com.github.dockerjava.zerodep.shaded.org.apache.hc.client5.http.wire - http-outgoing-3 << "[\r][\n]"
22:02:41.400 [docker-java-stream--2064336329] DEBUG com.github.dockerjava.api.command.PullImageResultCallback - ResponseItem(stream=null, status=Extracting, progressDetail=ResponseItem.ProgressDetail(current=9925, total=9925, start=null), progress=[==================================================>]  9.925kB/9.925kB, id=83b026289c5c, from=null, time=null, errorDetail=null, error=null, aux=null)
22:02:41.452 [docker-java-stream--2064336329] DEBUG com.github.dockerjava.zerodep.shaded.org.apache.hc.client5.http.wire - http-outgoing-3 << "b5[\r][\n]"
22:02:41.452 [docker-java-stream--2064336329] DEBUG com.github.dockerjava.zerodep.shaded.org.apache.hc.client5.http.wire - http-outgoing-3 << "{"status":"Extracting","progressDetail":{"current":9925,"total":9925},"progress":"[==================================================\u003e]  9.925kB/9.925kB","id":"83b026289c5c"}[\r][\n]"
22:02:41.452 [docker-java-stream--2064336329] DEBUG com.github.dockerjava.zerodep.shaded.org.apache.hc.client5.http.wire - http-outgoing-3 << "[\r][\n]"
22:02:41.452 [docker-java-stream--2064336329] DEBUG com.github.dockerjava.api.command.PullImageResultCallback - ResponseItem(stream=null, status=Extracting, progressDetail=ResponseItem.ProgressDetail(current=9925, total=9925, start=null), progress=[==================================================>]  9.925kB/9.925kB, id=83b026289c5c, from=null, time=null, errorDetail=null, error=null, aux=null)
22:02:42.596 [docker-java-stream--2064336329] DEBUG com.github.dockerjava.zerodep.shaded.org.apache.hc.client5.http.wire - http-outgoing-3 << "44[\r][\n]"
22:02:42.596 [docker-java-stream--2064336329] DEBUG com.github.dockerjava.zerodep.shaded.org.apache.hc.client5.http.wire - http-outgoing-3 << "{"status":"Pull complete","progressDetail":{},"id":"83b026289c5c"}[\r][\n]"
22:02:42.596 [docker-java-stream--2064336329] DEBUG com.github.dockerjava.zerodep.shaded.org.apache.hc.client5.http.wire - http-outgoing-3 << "[\r][\n]"
22:02:42.596 [docker-java-stream--2064336329] DEBUG com.github.dockerjava.api.command.PullImageResultCallback - ResponseItem(stream=null, status=Pull complete, progressDetail=ResponseItem.ProgressDetail(current=null, total=null, start=null), progress=null, id=83b026289c5c, from=null, time=null, errorDetail=null, error=null, aux=null)
22:02:42.597 [docker-java-stream--2064336329] INFO tc.postgres:16.1 - Pulling image layers:  0 pending, 14 downloaded, 10 extracted, (145 MB/145 MB)
22:02:43.040 [docker-java-stream--2064336329] DEBUG com.github.dockerjava.zerodep.shaded.org.apache.hc.client5.http.wire - http-outgoing-3 << "b0[\r][\n]"
22:02:43.040 [docker-java-stream--2064336329] DEBUG com.github.dockerjava.zerodep.shaded.org.apache.hc.client5.http.wire - http-outgoing-3 << "{"status":"Extracting","progressDetail":{"current":128,"total":128},"progress":"[==================================================\u003e]     128B/128B","id":"c158e73dda41"}[\r][\n]"
22:02:43.040 [docker-java-stream--2064336329] DEBUG com.github.dockerjava.zerodep.shaded.org.apache.hc.client5.http.wire - http-outgoing-3 << "[\r][\n]"
22:02:43.041 [docker-java-stream--2064336329] DEBUG com.github.dockerjava.api.command.PullImageResultCallback - ResponseItem(stream=null, status=Extracting, progressDetail=ResponseItem.ProgressDetail(current=128, total=128, start=null), progress=[==================================================>]     128B/128B, id=c158e73dda41, from=null, time=null, errorDetail=null, error=null, aux=null)
22:02:43.238 [docker-java-stream--2064336329] DEBUG com.github.dockerjava.zerodep.shaded.org.apache.hc.client5.http.wire - http-outgoing-3 << "b0[\r][\n]"
22:02:43.238 [docker-java-stream--2064336329] DEBUG com.github.dockerjava.zerodep.shaded.org.apache.hc.client5.http.wire - http-outgoing-3 << "{"status":"Extracting","progressDetail":{"current":128,"total":128},"progress":"[==================================================\u003e]     128B/128B","id":"c158e73dda41"}[\r][\n]"
22:02:43.238 [docker-java-stream--2064336329] DEBUG com.github.dockerjava.zerodep.shaded.org.apache.hc.client5.http.wire - http-outgoing-3 << "[\r][\n]"
22:02:43.238 [docker-java-stream--2064336329] DEBUG com.github.dockerjava.api.command.PullImageResultCallback - ResponseItem(stream=null, status=Extracting, progressDetail=ResponseItem.ProgressDetail(current=128, total=128, start=null), progress=[==================================================>]     128B/128B, id=c158e73dda41, from=null, time=null, errorDetail=null, error=null, aux=null)
22:02:52.510 [docker-java-stream--2064336329] DEBUG com.github.dockerjava.zerodep.shaded.org.apache.hc.client5.http.wire - http-outgoing-3 << "44[\r][\n]"
22:02:52.510 [docker-java-stream--2064336329] DEBUG com.github.dockerjava.zerodep.shaded.org.apache.hc.client5.http.wire - http-outgoing-3 << "{"status":"Pull complete","progressDetail":{},"id":"c158e73dda41"}[\r][\n]"
22:02:52.510 [docker-java-stream--2064336329] DEBUG com.github.dockerjava.zerodep.shaded.org.apache.hc.client5.http.wire - http-outgoing-3 << "[\r][\n]"
22:02:52.510 [docker-java-stream--2064336329] DEBUG com.github.dockerjava.api.command.PullImageResultCallback - ResponseItem(stream=null, status=Pull complete, progressDetail=ResponseItem.ProgressDetail(current=null, total=null, start=null), progress=null, id=c158e73dda41, from=null, time=null, errorDetail=null, error=null, aux=null)
22:02:52.511 [docker-java-stream--2064336329] INFO tc.postgres:16.1 - Pulling image layers:  0 pending, 14 downloaded, 11 extracted, (145 MB/145 MB)
22:02:53.463 [docker-java-stream--2064336329] DEBUG com.github.dockerjava.zerodep.shaded.org.apache.hc.client5.http.wire - http-outgoing-3 << "b0[\r][\n]"
22:02:53.463 [docker-java-stream--2064336329] DEBUG com.github.dockerjava.zerodep.shaded.org.apache.hc.client5.http.wire - http-outgoing-3 << "{"status":"Extracting","progressDetail":{"current":169,"total":169},"progress":"[==================================================\u003e]     169B/169B","id":"264ae53c0064"}[\r][\n]"
22:02:53.463 [docker-java-stream--2064336329] DEBUG com.github.dockerjava.zerodep.shaded.org.apache.hc.client5.http.wire - http-outgoing-3 << "[\r][\n]"
22:02:53.463 [docker-java-stream--2064336329] DEBUG com.github.dockerjava.api.command.PullImageResultCallback - ResponseItem(stream=null, status=Extracting, progressDetail=ResponseItem.ProgressDetail(current=169, total=169, start=null), progress=[==================================================>]     169B/169B, id=264ae53c0064, from=null, time=null, errorDetail=null, error=null, aux=null)
22:02:53.532 [docker-java-stream--2064336329] DEBUG com.github.dockerjava.zerodep.shaded.org.apache.hc.client5.http.wire - http-outgoing-3 << "b0[\r][\n]"
22:02:53.532 [docker-java-stream--2064336329] DEBUG com.github.dockerjava.zerodep.shaded.org.apache.hc.client5.http.wire - http-outgoing-3 << "{"status":"Extracting","progressDetail":{"current":169,"total":169},"progress":"[==================================================\u003e]     169B/169B","id":"264ae53c0064"}[\r][\n]"
22:02:53.532 [docker-java-stream--2064336329] DEBUG com.github.dockerjava.zerodep.shaded.org.apache.hc.client5.http.wire - http-outgoing-3 << "[\r][\n]"
22:02:53.533 [docker-java-stream--2064336329] DEBUG com.github.dockerjava.api.command.PullImageResultCallback - ResponseItem(stream=null, status=Extracting, progressDetail=ResponseItem.ProgressDetail(current=169, total=169, start=null), progress=[==================================================>]     169B/169B, id=264ae53c0064, from=null, time=null, errorDetail=null, error=null, aux=null)
22:02:54.436 [docker-java-stream--2064336329] DEBUG com.github.dockerjava.zerodep.shaded.org.apache.hc.client5.http.wire - http-outgoing-3 << "44[\r][\n]"
22:02:54.436 [docker-java-stream--2064336329] DEBUG com.github.dockerjava.zerodep.shaded.org.apache.hc.client5.http.wire - http-outgoing-3 << "{"status":"Pull complete","progressDetail":{},"id":"264ae53c0064"}[\r][\n]"
22:02:54.436 [docker-java-stream--2064336329] DEBUG com.github.dockerjava.zerodep.shaded.org.apache.hc.client5.http.wire - http-outgoing-3 << "[\r][\n]"
22:02:54.437 [docker-java-stream--2064336329] DEBUG com.github.dockerjava.api.command.PullImageResultCallback - ResponseItem(stream=null, status=Pull complete, progressDetail=ResponseItem.ProgressDetail(current=null, total=null, start=null), progress=null, id=264ae53c0064, from=null, time=null, errorDetail=null, error=null, aux=null)
22:02:54.438 [docker-java-stream--2064336329] INFO tc.postgres:16.1 - Pulling image layers:  0 pending, 14 downloaded, 12 extracted, (145 MB/145 MB)
22:02:54.934 [docker-java-stream--2064336329] DEBUG com.github.dockerjava.zerodep.shaded.org.apache.hc.client5.http.wire - http-outgoing-3 << "b5[\r][\n]"
22:02:54.934 [docker-java-stream--2064336329] DEBUG com.github.dockerjava.zerodep.shaded.org.apache.hc.client5.http.wire - http-outgoing-3 << "{"status":"Extracting","progressDetail":{"current":5341,"total":5341},"progress":"[==================================================\u003e]  5.341kB/5.341kB","id":"2e3c2c5fbb6d"}[\r][\n]"
22:02:54.934 [docker-java-stream--2064336329] DEBUG com.github.dockerjava.zerodep.shaded.org.apache.hc.client5.http.wire - http-outgoing-3 << "[\r][\n]"
22:02:54.935 [docker-java-stream--2064336329] DEBUG com.github.dockerjava.api.command.PullImageResultCallback - ResponseItem(stream=null, status=Extracting, progressDetail=ResponseItem.ProgressDetail(current=5341, total=5341, start=null), progress=[==================================================>]  5.341kB/5.341kB, id=2e3c2c5fbb6d, from=null, time=null, errorDetail=null, error=null, aux=null)
22:02:54.967 [docker-java-stream--2064336329] DEBUG com.github.dockerjava.zerodep.shaded.org.apache.hc.client5.http.wire - http-outgoing-3 << "b5[\r][\n]"
22:02:54.967 [docker-java-stream--2064336329] DEBUG com.github.dockerjava.zerodep.shaded.org.apache.hc.client5.http.wire - http-outgoing-3 << "{"status":"Extracting","progressDetail":{"current":5341,"total":5341},"progress":"[==================================================\u003e]  5.341kB/5.341kB","id":"2e3c2c5fbb6d"}[\r][\n]"
22:02:54.968 [docker-java-stream--2064336329] DEBUG com.github.dockerjava.zerodep.shaded.org.apache.hc.client5.http.wire - http-outgoing-3 << "[\r][\n]"
22:02:54.968 [docker-java-stream--2064336329] DEBUG com.github.dockerjava.api.command.PullImageResultCallback - ResponseItem(stream=null, status=Extracting, progressDetail=ResponseItem.ProgressDetail(current=5341, total=5341, start=null), progress=[==================================================>]  5.341kB/5.341kB, id=2e3c2c5fbb6d, from=null, time=null, errorDetail=null, error=null, aux=null)
22:02:57.654 [docker-java-stream--2064336329] DEBUG com.github.dockerjava.zerodep.shaded.org.apache.hc.client5.http.wire - http-outgoing-3 << "44[\r][\n]"
22:02:57.654 [docker-java-stream--2064336329] DEBUG com.github.dockerjava.zerodep.shaded.org.apache.hc.client5.http.wire - http-outgoing-3 << "{"status":"Pull complete","progressDetail":{},"id":"2e3c2c5fbb6d"}[\r][\n]"
22:02:57.654 [docker-java-stream--2064336329] DEBUG com.github.dockerjava.zerodep.shaded.org.apache.hc.client5.http.wire - http-outgoing-3 << "[\r][\n]"
22:02:57.654 [docker-java-stream--2064336329] DEBUG com.github.dockerjava.api.command.PullImageResultCallback - ResponseItem(stream=null, status=Pull complete, progressDetail=ResponseItem.ProgressDetail(current=null, total=null, start=null), progress=null, id=2e3c2c5fbb6d, from=null, time=null, errorDetail=null, error=null, aux=null)
22:02:57.655 [docker-java-stream--2064336329] INFO tc.postgres:16.1 - Pulling image layers:  0 pending, 14 downloaded, 13 extracted, (145 MB/145 MB)
22:02:58.513 [docker-java-stream--2064336329] DEBUG com.github.dockerjava.zerodep.shaded.org.apache.hc.client5.http.wire - http-outgoing-3 << "b0[\r][\n]"
22:02:58.513 [docker-java-stream--2064336329] DEBUG com.github.dockerjava.zerodep.shaded.org.apache.hc.client5.http.wire - http-outgoing-3 << "{"status":"Extracting","progressDetail":{"current":187,"total":187},"progress":"[==================================================\u003e]     187B/187B","id":"08c5357f23b5"}[\r][\n]"
22:02:58.513 [docker-java-stream--2064336329] DEBUG com.github.dockerjava.zerodep.shaded.org.apache.hc.client5.http.wire - http-outgoing-3 << "[\r][\n]"
22:02:58.513 [docker-java-stream--2064336329] DEBUG com.github.dockerjava.api.command.PullImageResultCallback - ResponseItem(stream=null, status=Extracting, progressDetail=ResponseItem.ProgressDetail(current=187, total=187, start=null), progress=[==================================================>]     187B/187B, id=08c5357f23b5, from=null, time=null, errorDetail=null, error=null, aux=null)
22:02:58.514 [docker-java-stream--2064336329] DEBUG com.github.dockerjava.zerodep.shaded.org.apache.hc.client5.http.wire - http-outgoing-3 << "b0[\r][\n]"
22:02:58.514 [docker-java-stream--2064336329] DEBUG com.github.dockerjava.zerodep.shaded.org.apache.hc.client5.http.wire - http-outgoing-3 << "{"status":"Extracting","progressDetail":{"current":187,"total":187},"progress":"[==================================================\u003e]     187B/187B","id":"08c5357f23b5"}[\r][\n]"
22:02:58.514 [docker-java-stream--2064336329] DEBUG com.github.dockerjava.zerodep.shaded.org.apache.hc.client5.http.wire - http-outgoing-3 << "[\r][\n]"
22:02:58.514 [docker-java-stream--2064336329] DEBUG com.github.dockerjava.api.command.PullImageResultCallback - ResponseItem(stream=null, status=Extracting, progressDetail=ResponseItem.ProgressDetail(current=187, total=187, start=null), progress=[==================================================>]     187B/187B, id=08c5357f23b5, from=null, time=null, errorDetail=null, error=null, aux=null)
22:02:59.322 [docker-java-stream--2064336329] DEBUG com.github.dockerjava.zerodep.shaded.org.apache.hc.client5.http.wire - http-outgoing-3 << "44[\r][\n]"
22:02:59.322 [docker-java-stream--2064336329] DEBUG com.github.dockerjava.zerodep.shaded.org.apache.hc.client5.http.wire - http-outgoing-3 << "{"status":"Pull complete","progressDetail":{},"id":"08c5357f23b5"}[\r][\n]"
22:02:59.322 [docker-java-stream--2064336329] DEBUG com.github.dockerjava.zerodep.shaded.org.apache.hc.client5.http.wire - http-outgoing-3 << "[\r][\n]"
22:02:59.322 [docker-java-stream--2064336329] DEBUG com.github.dockerjava.api.command.PullImageResultCallback - ResponseItem(stream=null, status=Pull complete, progressDetail=ResponseItem.ProgressDetail(current=null, total=null, start=null), progress=null, id=08c5357f23b5, from=null, time=null, errorDetail=null, error=null, aux=null)
22:02:59.323 [docker-java-stream--2064336329] INFO tc.postgres:16.1 - Pulling image layers:  0 pending, 14 downloaded, 14 extracted, (145 MB/145 MB)
22:03:05.888 [docker-java-stream--2064336329] DEBUG com.github.dockerjava.zerodep.shaded.org.apache.hc.client5.http.wire - http-outgoing-3 << "5e[\r][\n]"
22:03:05.888 [docker-java-stream--2064336329] DEBUG com.github.dockerjava.zerodep.shaded.org.apache.hc.client5.http.wire - http-outgoing-3 << "{"status":"Digest: sha256:e2135391c55eb2ecabaaaeef4a9538bb8915c1980953fb6ce41a2d6d3e4b5695"}[\r][\n]"
22:03:05.888 [docker-java-stream--2064336329] DEBUG com.github.dockerjava.zerodep.shaded.org.apache.hc.client5.http.wire - http-outgoing-3 << "[\r][\n]"
22:03:05.888 [docker-java-stream--2064336329] DEBUG com.github.dockerjava.api.command.PullImageResultCallback - ResponseItem(stream=null, status=Digest: sha256:e2135391c55eb2ecabaaaeef4a9538bb8915c1980953fb6ce41a2d6d3e4b5695, progressDetail=null, progress=null, id=null, from=null, time=null, errorDetail=null, error=null, aux=null)
22:03:06.678 [docker-java-stream--2064336329] DEBUG com.github.dockerjava.zerodep.shaded.org.apache.hc.client5.http.wire - http-outgoing-3 << "3f[\r][\n]"
22:03:06.678 [docker-java-stream--2064336329] DEBUG com.github.dockerjava.zerodep.shaded.org.apache.hc.client5.http.wire - http-outgoing-3 << "{"status":"Status: Downloaded newer image for postgres:16.1"}[\r][\n]"
22:03:06.678 [docker-java-stream--2064336329] DEBUG com.github.dockerjava.zerodep.shaded.org.apache.hc.client5.http.wire - http-outgoing-3 << "[\r][\n]"
22:03:06.678 [docker-java-stream--2064336329] DEBUG com.github.dockerjava.api.command.PullImageResultCallback - ResponseItem(stream=null, status=Status: Downloaded newer image for postgres:16.1, progressDetail=null, progress=null, id=null, from=null, time=null, errorDetail=null, error=null, aux=null)
22:03:08.594 [docker-java-stream--2064336329] DEBUG com.github.dockerjava.zerodep.shaded.org.apache.hc.client5.http.wire - http-outgoing-3 << "0[\r][\n]"
22:03:08.594 [docker-java-stream--2064336329] DEBUG com.github.dockerjava.zerodep.shaded.org.apache.hc.client5.http.wire - http-outgoing-3 << "[\r][\n]"
22:03:08.672 [docker-java-stream--2064336329] DEBUG com.github.dockerjava.zerodep.shaded.org.apache.hc.client5.http.impl.classic.InternalHttpClient - ep-00000011: releasing valid endpoint
22:03:08.673 [docker-java-stream--2064336329] DEBUG com.github.dockerjava.zerodep.shaded.org.apache.hc.client5.http.impl.io.PoolingHttpClientConnectionManager - ep-00000011: releasing endpoint
22:03:08.971 [docker-java-stream--2064336329] DEBUG com.github.dockerjava.zerodep.shaded.org.apache.hc.client5.http.impl.io.PoolingHttpClientConnectionManager - ep-00000011: connection http-outgoing-3 can be kept alive for 3 MINUTES
22:03:09.279 [docker-java-stream--2064336329] DEBUG com.github.dockerjava.zerodep.shaded.org.apache.hc.client5.http.impl.io.PoolingHttpClientConnectionManager - ep-00000011: connection released [route: {}->npipe://localhost:2375][total available: 1; route allocated: 1 of 2147483647; total allocated: 1 of 2147483647]
22:03:09.693 [docker-java-stream--2064336329] INFO tc.postgres:16.1 - Pull complete. 14 layers, pulled in 801s (downloaded 145 MB at 186 KB/s)
22:03:09.751 [Test worker] DEBUG org.testcontainers.shaded.com.github.dockerjava.core.command.AbstrDockerCmd - Cmd: postgres:16.1
22:03:09.849 [Test worker] DEBUG com.github.dockerjava.zerodep.shaded.org.apache.hc.client5.http.impl.classic.InternalHttpClient - ex-00000013: preparing request execution
22:03:09.849 [Test worker] DEBUG com.github.dockerjava.zerodep.shaded.org.apache.hc.client5.http.protocol.RequestAddCookies - Cookie spec selected: strict
22:03:09.849 [Test worker] DEBUG com.github.dockerjava.zerodep.shaded.org.apache.hc.client5.http.protocol.RequestAuthCache - Auth cache not set in the context
22:03:09.849 [Test worker] DEBUG com.github.dockerjava.zerodep.shaded.org.apache.hc.client5.http.impl.classic.ProtocolExec - ex-00000013: target auth state: UNCHALLENGED
22:03:09.849 [Test worker] DEBUG com.github.dockerjava.zerodep.shaded.org.apache.hc.client5.http.impl.classic.ProtocolExec - ex-00000013: proxy auth state: UNCHALLENGED
22:03:09.849 [Test worker] DEBUG com.github.dockerjava.zerodep.shaded.org.apache.hc.client5.http.impl.classic.ConnectExec - ex-00000013: acquiring connection with route {}->npipe://localhost:2375
22:03:09.849 [Test worker] DEBUG com.github.dockerjava.zerodep.shaded.org.apache.hc.client5.http.impl.classic.InternalHttpClient - ex-00000013: acquiring endpoint (3 MINUTES)
22:03:09.849 [Test worker] DEBUG com.github.dockerjava.zerodep.shaded.org.apache.hc.client5.http.impl.io.PoolingHttpClientConnectionManager - ex-00000013: endpoint lease request (3 MINUTES) [route: {}->npipe://localhost:2375][total available: 1; route allocated: 1 of 2147483647; total allocated: 1 of 2147483647]
22:03:09.900 [Test worker] DEBUG com.github.dockerjava.zerodep.shaded.org.apache.hc.client5.http.impl.io.PoolingHttpClientConnectionManager - ex-00000013: endpoint leased [route: {}->npipe://localhost:2375][total available: 0; route allocated: 1 of 2147483647; total allocated: 1 of 2147483647]
22:03:09.901 [Test worker] DEBUG com.github.dockerjava.zerodep.shaded.org.apache.hc.client5.http.impl.io.PoolingHttpClientConnectionManager - ex-00000013: acquired ep-00000012
22:03:09.901 [Test worker] DEBUG com.github.dockerjava.zerodep.shaded.org.apache.hc.client5.http.impl.classic.InternalHttpClient - ex-00000013: acquired endpoint ep-00000012
22:03:09.901 [Test worker] DEBUG com.github.dockerjava.zerodep.shaded.org.apache.hc.client5.http.impl.classic.MainClientExec - ex-00000013: executing GET /v1.32/images/postgres:16.1/json HTTP/1.1
22:03:09.901 [Test worker] DEBUG com.github.dockerjava.zerodep.shaded.org.apache.hc.client5.http.impl.classic.InternalHttpClient - ep-00000012: start execution ex-00000013
22:03:09.901 [Test worker] DEBUG com.github.dockerjava.zerodep.shaded.org.apache.hc.client5.http.impl.io.PoolingHttpClientConnectionManager - ep-00000012: executing exchange ex-00000013 over http-outgoing-3
22:03:09.901 [Test worker] DEBUG com.github.dockerjava.zerodep.shaded.org.apache.hc.client5.http.headers - http-outgoing-3 >> GET /v1.32/images/postgres:16.1/json HTTP/1.1
22:03:09.901 [Test worker] DEBUG com.github.dockerjava.zerodep.shaded.org.apache.hc.client5.http.headers - http-outgoing-3 >> accept: application/json
22:03:09.901 [Test worker] DEBUG com.github.dockerjava.zerodep.shaded.org.apache.hc.client5.http.headers - http-outgoing-3 >> x-tc-sid: 029223a2-cbcc-4152-a4af-44e10b2f5a25
22:03:09.901 [Test worker] DEBUG com.github.dockerjava.zerodep.shaded.org.apache.hc.client5.http.headers - http-outgoing-3 >> Accept-Encoding: gzip, x-gzip, deflate
22:03:09.901 [Test worker] DEBUG com.github.dockerjava.zerodep.shaded.org.apache.hc.client5.http.headers - http-outgoing-3 >> Host: localhost:2375
22:03:09.901 [Test worker] DEBUG com.github.dockerjava.zerodep.shaded.org.apache.hc.client5.http.headers - http-outgoing-3 >> Connection: keep-alive
22:03:09.901 [Test worker] DEBUG com.github.dockerjava.zerodep.shaded.org.apache.hc.client5.http.headers - http-outgoing-3 >> User-Agent: Apache-HttpClient/5.0.3 (Java/17)
22:03:09.901 [Test worker] DEBUG com.github.dockerjava.zerodep.shaded.org.apache.hc.client5.http.wire - http-outgoing-3 >> "GET /v1.32/images/postgres:16.1/json HTTP/1.1[\r][\n]"
22:03:09.901 [Test worker] DEBUG com.github.dockerjava.zerodep.shaded.org.apache.hc.client5.http.wire - http-outgoing-3 >> "accept: application/json[\r][\n]"
22:03:09.901 [Test worker] DEBUG com.github.dockerjava.zerodep.shaded.org.apache.hc.client5.http.wire - http-outgoing-3 >> "x-tc-sid: 029223a2-cbcc-4152-a4af-44e10b2f5a25[\r][\n]"
22:03:09.901 [Test worker] DEBUG com.github.dockerjava.zerodep.shaded.org.apache.hc.client5.http.wire - http-outgoing-3 >> "Accept-Encoding: gzip, x-gzip, deflate[\r][\n]"
22:03:09.901 [Test worker] DEBUG com.github.dockerjava.zerodep.shaded.org.apache.hc.client5.http.wire - http-outgoing-3 >> "Host: localhost:2375[\r][\n]"
22:03:09.901 [Test worker] DEBUG com.github.dockerjava.zerodep.shaded.org.apache.hc.client5.http.wire - http-outgoing-3 >> "Connection: keep-alive[\r][\n]"
22:03:09.901 [Test worker] DEBUG com.github.dockerjava.zerodep.shaded.org.apache.hc.client5.http.wire - http-outgoing-3 >> "User-Agent: Apache-HttpClient/5.0.3 (Java/17)[\r][\n]"
22:03:09.901 [Test worker] DEBUG com.github.dockerjava.zerodep.shaded.org.apache.hc.client5.http.wire - http-outgoing-3 >> "[\r][\n]"
22:03:12.172 [Test worker] DEBUG com.github.dockerjava.zerodep.shaded.org.apache.hc.client5.http.wire - http-outgoing-3 << "HTTP/1.1 200 OK[\r][\n]"
22:03:12.172 [Test worker] DEBUG com.github.dockerjava.zerodep.shaded.org.apache.hc.client5.http.wire - http-outgoing-3 << "Api-Version: 1.43[\r][\n]"
22:03:12.172 [Test worker] DEBUG com.github.dockerjava.zerodep.shaded.org.apache.hc.client5.http.wire - http-outgoing-3 << "Content-Type: application/json[\r][\n]"
22:03:12.172 [Test worker] DEBUG com.github.dockerjava.zerodep.shaded.org.apache.hc.client5.http.wire - http-outgoing-3 << "Date: Tue, 26 Dec 2023 19:03:12 GMT[\r][\n]"
22:03:12.172 [Test worker] DEBUG com.github.dockerjava.zerodep.shaded.org.apache.hc.client5.http.wire - http-outgoing-3 << "Docker-Experimental: false[\r][\n]"
22:03:12.172 [Test worker] DEBUG com.github.dockerjava.zerodep.shaded.org.apache.hc.client5.http.wire - http-outgoing-3 << "Ostype: linux[\r][\n]"
22:03:12.172 [Test worker] DEBUG com.github.dockerjava.zerodep.shaded.org.apache.hc.client5.http.wire - http-outgoing-3 << "Server: Docker/24.0.6 (linux)[\r][\n]"
22:03:12.172 [Test worker] DEBUG com.github.dockerjava.zerodep.shaded.org.apache.hc.client5.http.wire - http-outgoing-3 << "Transfer-Encoding: chunked[\r][\n]"
22:03:12.172 [Test worker] DEBUG com.github.dockerjava.zerodep.shaded.org.apache.hc.client5.http.wire - http-outgoing-3 << "[\r][\n]"
22:03:12.172 [Test worker] DEBUG com.github.dockerjava.zerodep.shaded.org.apache.hc.client5.http.headers - http-outgoing-3 << HTTP/1.1 200 OK
22:03:12.172 [Test worker] DEBUG com.github.dockerjava.zerodep.shaded.org.apache.hc.client5.http.headers - http-outgoing-3 << Api-Version: 1.43
22:03:12.172 [Test worker] DEBUG com.github.dockerjava.zerodep.shaded.org.apache.hc.client5.http.headers - http-outgoing-3 << Content-Type: application/json
22:03:12.172 [Test worker] DEBUG com.github.dockerjava.zerodep.shaded.org.apache.hc.client5.http.headers - http-outgoing-3 << Date: Tue, 26 Dec 2023 19:03:12 GMT
22:03:12.172 [Test worker] DEBUG com.github.dockerjava.zerodep.shaded.org.apache.hc.client5.http.headers - http-outgoing-3 << Docker-Experimental: false
22:03:12.172 [Test worker] DEBUG com.github.dockerjava.zerodep.shaded.org.apache.hc.client5.http.headers - http-outgoing-3 << Ostype: linux
22:03:12.172 [Test worker] DEBUG com.github.dockerjava.zerodep.shaded.org.apache.hc.client5.http.headers - http-outgoing-3 << Server: Docker/24.0.6 (linux)
22:03:12.172 [Test worker] DEBUG com.github.dockerjava.zerodep.shaded.org.apache.hc.client5.http.headers - http-outgoing-3 << Transfer-Encoding: chunked
22:03:12.173 [Test worker] DEBUG com.github.dockerjava.zerodep.shaded.org.apache.hc.client5.http.impl.classic.MainClientExec - ex-00000013: connection can be kept alive for 3 MINUTES
22:03:12.561 [Test worker] DEBUG com.github.dockerjava.zerodep.shaded.org.apache.hc.client5.http.wire - http-outgoing-3 << "fc9[\r][\n]"
22:03:12.561 [Test worker] DEBUG com.github.dockerjava.zerodep.shaded.org.apache.hc.client5.http.wire - http-outgoing-3 << "{"Id":"sha256:398d34d3cc5e29c86077dbf95ad9da223c3a2d0227d12012087da9d468da9d5b","RepoTags":["postgres:16.1"],"RepoDigests":["postgres@sha256:e2135391c55eb2ecabaaaeef4a9538bb8915c1980953fb6ce41a2d6d3e4b5695"],"Parent":"","Comment":"buildkit.dockerfile.v0","Created":"2023-12-11T18:58:54Z","Container":"","ContainerConfig":{"Hostname":"","Domainname":"","User":"","AttachStdin":false,"AttachStdout":false,"AttachStderr":false,"Tty":false,"OpenStdin":false,"StdinOnce":false,"Env":null,"Cmd":null,"Image":"","Volumes":null,"WorkingDir":"","Entrypoint":null,"OnBuild":null,"Labels":null},"DockerVersion":"","Author":"","Config":{"Hostname":"","Domainname":"","User":"","AttachStdin":false,"AttachStdout":false,"AttachStderr":false,"ExposedPorts":{"5432/tcp":{}},"Tty":false,"OpenStdin":false,"StdinOnce":false,"Env":["PATH=/usr/local/sbin:/usr/local/bin:/usr/sbin:/usr/bin:/sbin:/bin:/usr/lib/postgresql/16/bin","GOSU_VERSION=1.16","LANG=en_US.utf8","PG_MAJOR=16","PG_VERSION=16.1-1.pgdg120+1","PGDATA=/var/lib/postgresql/data"],"Cmd":["postgres"],"ArgsEscaped":true,"Image":"","Volumes":{"/var/lib/postgresql/data":{}},"WorkingDir":"","Entrypoint":["docker-entrypoint.sh"],"OnBuild":null,"Labels":null,"StopSignal":"SIGINT"},"Architecture":"amd64","Os":"linux","Size":424818566,"VirtualSize":424818566,"GraphDriver":{"Data":{"LowerDir":"/var/lib/docker/overlay2/eb48274eb52b1793780b178211ac918a0b93ce4c7b9f93bd4880a720787d37c0/diff:/var/lib/docker/overlay2/fe5e294876a41ee62e0ff4f8d1925cf64df4023cbd3c4ab15ad6e269cb3ed90b/diff:/var/lib/docker/overlay2/215e7d2e54b150671cdf972320be0d00b3bafd2229a95d901d40849b9669b1c2/diff:/var/lib/docker/overlay2/f43519916f25436062c17eb40df41d470cd4faacfb435e3d6fd40b4f47063ceb/diff:/var/lib/docker/overlay2/9673f2dcb39060d2ae7256ea35cde00d52c11ffe10c27822440308d5b26aafc8/diff:/var/lib/docker/overlay2/cb419c791ad7b379d78fe6ddfcac7b6248e32a0d2ef673d048c07f26d08b6e53/diff:/var/lib/docker/overlay2/1ecd390245657aa875dec12f504a654f9a25b3ad20cc9317f7a90ec097484a3b/diff:/var/lib/docker/overlay2/9701ec2b870ca41c05d1e72ca6571cb97f18ba8cdf8f4f8b3cb667142024d7fd/diff:/var/lib/docker/overlay2/4116332d7ffedca394e060d051106830645985d91eb0a26d2190c90ea261913b/diff:/var/lib/docker/overlay2/3eb47758442d558610eb36f0376b7e123e5067f5c56084a5cc09ba3fa081a194/diff:/var/lib/docker/overlay2/fcc0da2d005ea3d1fa73329b8096bbd83b03e51c699ef7215630b422cb369239/diff:/var/lib/docker/overlay2/afe6e78c07984aa4c9fd496ad34117b93f7a6ef83000053430dba97a4ef92ee3/diff:/var/lib/docker/overlay2/cf1cfeffceb53a7f575cd51e3db57c9ccf735b04a70b93376c9dc7aef774ae43/diff","MergedDir":"/var/lib/docker/overlay2/09eae99df3281fdcbd6ab18c45ca458ddc458186ae07ca32f0dfc710de7205f6/merged","UpperDir":"/var/lib/docker/overlay2/09eae99df3281fdcbd6ab18c45ca458ddc458186ae07ca32f0dfc710de7205f6/diff","WorkDir":"/var/lib/docker/overlay2/09eae99df3281fdcbd6ab18c45ca458ddc458186ae07ca32f0dfc710de7205f6/work"},"Name":"overlay2"},"RootFS":{"Type":"layers","Layers":["sha256:7292cf786aa89399bca4e3edd105d3b2ee0683a46ef1f5ff436c0f9d1d49e765","sha256:d6943465a5bbbf726c512a33d233c436ca5c902d76664d1461abe6c0d418a79c","sha256:87e76904e32f5ab65ac86434c8f6ab39d1e80dc51b97a5b33ea6c8c258145279","sha256:167497dbb0e6a6c2b70b87ef6b882285989d48a4d24e9ea31d6ea52a6f986e92","sha256:18c1be6a9b1e3744789edfe3a89732c31e46ec3b7e53491fb486e13a4bd8c89c","sha256:5fd5147dd1814e0ac94468ed67a8f4d30aeb7dfa55dba3c31455e600d7c36166","sha256:31875ba284ec7ca0105aa918ef61b4cbd5b16c61748b98616799fff90ac9c7eb","sha256:c71db60c1bd0612c6fc9ceb785342667f54225379c2d65541bef092c27daa052","sha256:9fb828a654055b4491456d97064cd28cbf02088bcad63a16b12c4aaba831dfa4","sha256:fc3f887ab385df48422312dde8c6efc7d911876ee91577f52139acf078320fc5","sha256:57ae9058d30b2f93947c1da94b73f25302b12ce97aa4bbc14fe7275c0e4ee7fe","sha256:77b88378eb76562ef235600af0d616c83a84f9def0ff205c35c2fd084b15dff6","sha256:157ec5ba867be19e6031c3f3fbcdc1ae12a4923639b272227827bd0f9e5a6085","sha256:902cdae7f91e23dabfe16715c4aeb57f2b30cc32ff2af352e2aff4171ee9acdd"]},"Metadata":{"LastTagTime":"0001-01-01T00:00:00Z"}}[\n]"
22:03:12.580 [Test worker] DEBUG com.github.dockerjava.zerodep.shaded.org.apache.hc.client5.http.wire - http-outgoing-3 << "[\r][\n]"
22:03:12.580 [Test worker] DEBUG com.github.dockerjava.zerodep.shaded.org.apache.hc.client5.http.wire - http-outgoing-3 << "0[\r][\n]"
22:03:12.580 [Test worker] DEBUG com.github.dockerjava.zerodep.shaded.org.apache.hc.client5.http.wire - http-outgoing-3 << "[\r][\n]"
22:03:17.195 [Test worker] DEBUG com.github.dockerjava.zerodep.shaded.org.apache.hc.client5.http.impl.classic.InternalHttpClient - ep-00000012: releasing valid endpoint
22:03:17.195 [Test worker] DEBUG com.github.dockerjava.zerodep.shaded.org.apache.hc.client5.http.impl.io.PoolingHttpClientConnectionManager - ep-00000012: releasing endpoint
22:03:17.196 [Test worker] DEBUG com.github.dockerjava.zerodep.shaded.org.apache.hc.client5.http.impl.io.PoolingHttpClientConnectionManager - ep-00000012: connection http-outgoing-3 can be kept alive for 3 MINUTES
22:03:17.196 [Test worker] DEBUG com.github.dockerjava.zerodep.shaded.org.apache.hc.client5.http.impl.io.PoolingHttpClientConnectionManager - ep-00000012: connection released [route: {}->npipe://localhost:2375][total available: 1; route allocated: 1 of 2147483647; total allocated: 1 of 2147483647]
22:04:00.770 [Test worker] DEBUG org.springframework.test.context.support.AbstractDirtiesContextTestExecutionListener - After test class: context [DefaultTestContext@7a138fc5 testClass = CompanyRepositoryTest, testInstance = [null], testMethod = [null], testException = [null], mergedContextConfiguration = [MergedContextConfiguration@379ab47b testClass = CompanyRepositoryTest, locations = '{}', classes = '{class com.dmdev.spring.ApplicationRunner, class com.dmdev.spring.integration.TestApplicationRunner}', contextInitializerClasses = '[]', activeProfiles = '{test}', propertySourceLocations = '{}', propertySourceProperties = '{org.springframework.boot.test.context.SpringBootTestContextBootstrapper=true}', contextCustomizers = set[org.springframework.boot.test.autoconfigure.actuate.metrics.MetricsExportContextCustomizerFactory$DisableMetricExportContextCustomizer@687ef2e0, org.springframework.boot.test.autoconfigure.properties.PropertyMappingContextCustomizer@0, org.springframework.boot.test.autoconfigure.web.servlet.WebDriverContextCustomizerFactory$Customizer@6179e425, org.springframework.boot.test.context.filter.ExcludeFilterContextCustomizer@6fe1b4fb, org.springframework.boot.test.json.DuplicateJsonObjectContextCustomizerFactory$DuplicateJsonObjectContextCustomizer@6399551e, org.springframework.boot.test.mock.mockito.MockitoContextCustomizer@0, org.springframework.boot.test.web.client.TestRestTemplateContextCustomizer@66fdec9, org.springframework.test.context.support.DynamicPropertiesContextCustomizer@156a8867, org.springframework.boot.test.context.SpringBootTestArgs@1, org.springframework.boot.test.context.SpringBootTestWebEnvironment@f5acb9d], contextLoader = 'org.springframework.boot.test.context.SpringBootContextLoader', parent = [null]], attributes = map[[empty]]], class annotated with @DirtiesContext [false] with mode [null].
]]></system-out>
  <system-err><![CDATA[]]></system-err>
</testsuite>
